[INFO ] 2022-12-29 05:50:53.611 [exclusiveJobOrder.TG_3847_ExclusiveNewOrder] [Tag_VerifyNewOrderbuttonOnHomepage] - Started==Verifying New Order button On Homepage
[INFO ] 2022-12-29 05:50:55.495 [exclusiveJobOrder.TG_3847_ExclusiveNewOrder] [enterUsername] - Entering new user's first name
[INFO ] 2022-12-29 05:50:56.423 [exclusiveJobOrder.TG_3847_ExclusiveNewOrder] [enterUsername] - User's first name entered successfully
[INFO ] 2022-12-29 05:50:56.423 [exclusiveJobOrder.TG_3847_ExclusiveNewOrder] [enterPassword] - Entering new user's last name
[INFO ] 2022-12-29 05:50:56.958 [exclusiveJobOrder.TG_3847_ExclusiveNewOrder] [enterPassword] - User's last name entered successfully
[INFO ] 2022-12-29 05:50:56.958 [exclusiveJobOrder.TG_3847_ExclusiveNewOrder] [clickLoginButton] - Clicking on Login Button
[INFO ] 2022-12-29 05:50:57.691 [exclusiveJobOrder.TG_3847_ExclusiveNewOrder] [clickLoginButton] - Close Pop Up clicked successfully
[INFO ] 2022-12-29 05:50:59.702 [exclusiveJobOrder.TG_3847_ExclusiveNewOrder] [newOrder] - Clicking on New Order Button
[INFO ] 2022-12-29 05:51:04.790 [exclusiveJobOrder.TG_3847_ExclusiveNewOrder] [newOrder] - New Order Button clicked successfully
[INFO ] 2022-12-29 05:51:06.797 [exclusiveJobOrder.TG_3847_ExclusiveNewOrder] [verifyNewOrderbutton] - Verify New Order button On Homepage
[INFO ] 2022-12-29 05:51:06.994 [exclusiveJobOrder.TG_3847_ExclusiveNewOrder] [verifyNewOrderbutton] - Verify New Order button On Homepage successfully
[INFO ] 2022-12-29 05:51:07.040 [exclusiveJobOrder.TG_3847_ExclusiveNewOrder] [Tag_VerifyPopupIfClickOnSaveWithoutEnteringMandatoryFields] - Started==Verifying Pop-up If click On Save Without Entering Mandatory Fields
[INFO ] 2022-12-29 05:51:07.040 [exclusiveJobOrder.TG_3847_ExclusiveNewOrder] [newOrder] - Clicking on New Order Button
[INFO ] 2022-12-29 05:51:07.759 [exclusiveJobOrder.TG_3847_ExclusiveNewOrder] [newOrder] - New Order Button clicked successfully
[INFO ] 2022-12-29 05:51:15.772 [exclusiveJobOrder.TG_3847_ExclusiveNewOrder] [clickSaveButton] - Clicking on Save Button
[INFO ] 2022-12-29 05:51:16.074 [exclusiveJobOrder.TG_3847_ExclusiveNewOrder] [clickSaveButton] - Save Button clicked successfully
[INFO ] 2022-12-29 05:51:18.080 [exclusiveJobOrder.TG_3847_ExclusiveNewOrder] [verifyPopupMandatoryFieldsBlank] - Verifying Pop-up If click On Save Without Entering Mandatory Fields
[INFO ] 2022-12-29 05:51:18.154 [exclusiveJobOrder.TG_3847_ExclusiveNewOrder] [verifyPopupMandatoryFieldsBlank] - Verify Pop-up If click On Save Without Entering Mandatory Fields successfully 
[INFO ] 2022-12-29 05:51:18.154 [exclusiveJobOrder.TG_3847_ExclusiveNewOrder] [verifyPopupMandatoryFieldsBlank] - Verifying Pop-up If click On Save Without Entering Mandatory Fields
[INFO ] 2022-12-29 05:51:18.183 [exclusiveJobOrder.TG_3847_ExclusiveNewOrder] [verifyPopupMandatoryFieldsBlank] - Verify Pop-up If click On Save Without Entering Mandatory Fields successfully 
[INFO ] 2022-12-29 05:51:18.184 [exclusiveJobOrder.TG_3847_ExclusiveNewOrder] [verifyPopupMandatoryFieldsBlank] - Verifying Pop-up If click On Save Without Entering Mandatory Fields
[INFO ] 2022-12-29 05:51:18.204 [exclusiveJobOrder.TG_3847_ExclusiveNewOrder] [verifyPopupMandatoryFieldsBlank] - Verify Pop-up If click On Save Without Entering Mandatory Fields successfully 
[INFO ] 2022-12-29 05:51:18.205 [exclusiveJobOrder.TG_3847_ExclusiveNewOrder] [verifyPopupMandatoryFieldsBlank] - Verifying Pop-up If click On Save Without Entering Mandatory Fields
[INFO ] 2022-12-29 05:51:18.225 [exclusiveJobOrder.TG_3847_ExclusiveNewOrder] [verifyPopupMandatoryFieldsBlank] - Verify Pop-up If click On Save Without Entering Mandatory Fields successfully 
[INFO ] 2022-12-29 05:51:18.225 [exclusiveJobOrder.TG_3847_ExclusiveNewOrder] [verifyPopupMandatoryFieldsBlank] - Verifying Pop-up If click On Save Without Entering Mandatory Fields
[INFO ] 2022-12-29 05:51:18.246 [exclusiveJobOrder.TG_3847_ExclusiveNewOrder] [verifyPopupMandatoryFieldsBlank] - Verify Pop-up If click On Save Without Entering Mandatory Fields successfully 
[INFO ] 2022-12-29 05:51:18.246 [exclusiveJobOrder.TG_3847_ExclusiveNewOrder] [verifyPopupMandatoryFieldsBlank] - Verifying Pop-up If click On Save Without Entering Mandatory Fields
[INFO ] 2022-12-29 05:51:18.277 [exclusiveJobOrder.TG_3847_ExclusiveNewOrder] [verifyPopupMandatoryFieldsBlank] - Verify Pop-up If click On Save Without Entering Mandatory Fields successfully 
[INFO ] 2022-12-29 05:51:18.277 [exclusiveJobOrder.TG_3847_ExclusiveNewOrder] [verifyPopupMandatoryFieldsBlank] - Verifying Pop-up If click On Save Without Entering Mandatory Fields
[INFO ] 2022-12-29 05:51:18.313 [exclusiveJobOrder.TG_3847_ExclusiveNewOrder] [verifyPopupMandatoryFieldsBlank] - Verify Pop-up If click On Save Without Entering Mandatory Fields successfully 
[INFO ] 2022-12-29 05:51:18.314 [exclusiveJobOrder.TG_3847_ExclusiveNewOrder] [verifyPopupMandatoryFieldsBlank] - Verifying Pop-up If click On Save Without Entering Mandatory Fields
[INFO ] 2022-12-29 05:51:18.347 [exclusiveJobOrder.TG_3847_ExclusiveNewOrder] [verifyPopupMandatoryFieldsBlank] - Verify Pop-up If click On Save Without Entering Mandatory Fields successfully 
[INFO ] 2022-12-29 05:51:18.347 [exclusiveJobOrder.TG_3847_ExclusiveNewOrder] [verifyPopupMandatoryFieldsBlank] - Verifying Pop-up If click On Save Without Entering Mandatory Fields
[INFO ] 2022-12-29 05:51:18.367 [exclusiveJobOrder.TG_3847_ExclusiveNewOrder] [verifyPopupMandatoryFieldsBlank] - Verify Pop-up If click On Save Without Entering Mandatory Fields successfully 
[INFO ] 2022-12-29 05:51:18.367 [exclusiveJobOrder.TG_3847_ExclusiveNewOrder] [verifyPopupMandatoryFieldsBlank] - Verifying Pop-up If click On Save Without Entering Mandatory Fields
[INFO ] 2022-12-29 05:51:18.391 [exclusiveJobOrder.TG_3847_ExclusiveNewOrder] [verifyPopupMandatoryFieldsBlank] - Verify Pop-up If click On Save Without Entering Mandatory Fields successfully 
[INFO ] 2022-12-29 05:51:18.391 [exclusiveJobOrder.TG_3847_ExclusiveNewOrder] [verifyPopupMandatoryFieldsBlank] - Verifying Pop-up If click On Save Without Entering Mandatory Fields
[INFO ] 2022-12-29 05:51:18.409 [exclusiveJobOrder.TG_3847_ExclusiveNewOrder] [verifyPopupMandatoryFieldsBlank] - Verify Pop-up If click On Save Without Entering Mandatory Fields successfully 
[INFO ] 2022-12-29 05:51:21.859 [exclusiveJobOrder.TG_3847_ExclusiveNewOrder] [Tag_VerifyCompanyFieldShouldVisible] - Started==Verifying Company Field Should Visible on Job order creation form
[INFO ] 2022-12-29 05:51:21.862 [exclusiveJobOrder.TG_3847_ExclusiveNewOrder] [verifyCompanyFieldShouldVisible] - Verifying Company Field Should Visible on Job order creation form
[INFO ] 2022-12-29 05:51:22.099 [exclusiveJobOrder.TG_3847_ExclusiveNewOrder] [verifyCompanyFieldShouldVisible] - Company Field is Visible on Job order creation form
[INFO ] 2022-12-29 05:51:22.119 [exclusiveJobOrder.TG_3847_ExclusiveNewOrder] [Tag_VerifyCategoryFieldShouldVisible] - Started==Verifying Category Field Should Visible on Job order creation form
[INFO ] 2022-12-29 05:51:25.126 [exclusiveJobOrder.TG_3847_ExclusiveNewOrder] [verifyCategoryFieldShouldVisible] - Verifying Category Field
[INFO ] 2022-12-29 05:51:25.130 [exclusiveJobOrder.TG_3847_ExclusiveNewOrder] [verifyCategoryFieldShouldVisible] - Verifying company Field
[INFO ] 2022-12-29 05:51:55.294 [exclusiveJobOrder.TG_3847_ExclusiveNewOrder] [verifyCategoryFieldShouldVisible] - Verifying Job Site Field
[INFO ] 2022-12-29 05:51:56.785 [exclusiveJobOrder.TG_3847_ExclusiveNewOrder] [verifyCategoryFieldShouldVisible] - Verifying Job Title Field
[INFO ] 2022-12-29 05:51:58.232 [exclusiveJobOrder.TG_3847_ExclusiveNewOrder] [verifyCategoryFieldShouldVisible] - Verify Category Field
[INFO ] 2022-12-29 05:51:58.838 [exclusiveJobOrder.TG_3847_ExclusiveNewOrder] [verifyCategoryFieldShouldVisible] - Verifyied Category Field and Job Title
[INFO ] 2022-12-29 05:51:58.855 [exclusiveJobOrder.TG_3847_ExclusiveNewOrder] [Tag_VerifyAvailabilityFieldShouldDropdownField] - Started==Verifying Availability Field Should be Dropdown Field
[INFO ] 2022-12-29 05:52:00.859 [exclusiveJobOrder.TG_3847_ExclusiveNewOrder] [verifyAvailabilityFieldShouldDropdownField] - Verify Availability Field Should have Dropdown
[INFO ] 2022-12-29 05:52:01.071 [exclusiveJobOrder.TG_3847_ExclusiveNewOrder] [verifyAvailabilityFieldShouldDropdownField] - Verifyied Availability Field Should have Dropdown
[INFO ] 2022-12-29 05:52:01.098 [exclusiveJobOrder.TG_3847_ExclusiveNewOrder] [Tag_VerifyStartDateFieldShouldVisible] - Started==Verifying Start Date Field Should Visible 
[INFO ] 2022-12-29 05:52:03.099 [exclusiveJobOrder.TG_3847_ExclusiveNewOrder] [verifyStartDateField] - Verify Start Date 
[INFO ] 2022-12-29 05:52:03.152 [exclusiveJobOrder.TG_3847_ExclusiveNewOrder] [verifyStartDateField] - Verify Start Date Field successfully
[INFO ] 2022-12-29 05:52:03.164 [exclusiveJobOrder.TG_3847_ExclusiveNewOrder] [Tag_VerifyEndDateFieldShouldVisible] - Started==Verifying End Date Field Should Visible 
[INFO ] 2022-12-29 05:52:05.169 [exclusiveJobOrder.TG_3847_ExclusiveNewOrder] [verifyEndDateField] - Verify End Date 
[INFO ] 2022-12-29 05:52:05.247 [exclusiveJobOrder.TG_3847_ExclusiveNewOrder] [verifyEndDateField] - Verify End Date Field successfully
[INFO ] 2022-12-29 05:52:05.258 [exclusiveJobOrder.TG_3847_ExclusiveNewOrder] [Tag_VerifyStartTimeFieldShouldVisible] - Started==Verifying Start Time Field Should Visible 
[INFO ] 2022-12-29 05:52:07.264 [exclusiveJobOrder.TG_3847_ExclusiveNewOrder] [verifyStartTimeField] - Verify Start Time 
[INFO ] 2022-12-29 05:52:07.355 [exclusiveJobOrder.TG_3847_ExclusiveNewOrder] [verifyStartTimeField] - Verify Start Time Field successfully
[INFO ] 2022-12-29 05:52:07.375 [exclusiveJobOrder.TG_3847_ExclusiveNewOrder] [Tag_VerifyJobSiteFieldShouldVisible] - Started==Verifying Job Site Field Should Visible 
[INFO ] 2022-12-29 05:52:09.380 [exclusiveJobOrder.TG_3847_ExclusiveNewOrder] [verifyJobSiteField] - Verify Job Site Time 
[INFO ] 2022-12-29 05:52:09.496 [exclusiveJobOrder.TG_3847_ExclusiveNewOrder] [verifyJobSiteField] - Verify Job Site Field successfully
[INFO ] 2022-12-29 05:52:09.524 [exclusiveJobOrder.TG_3847_ExclusiveNewOrder] [Tag_VerifyEstimatedDailyHoursFieldShouldVisible] - Started==Verifying Estimated Daily Hours Field Should Visible 
[INFO ] 2022-12-29 05:52:11.533 [exclusiveJobOrder.TG_3847_ExclusiveNewOrder] [verifyEstimatedDailyHoursField] - Verify Estimated Daily HoursTime 
[INFO ] 2022-12-29 05:52:11.651 [exclusiveJobOrder.TG_3847_ExclusiveNewOrder] [verifyEstimatedDailyHoursField] - Verify Estimated Daily Hours Field successfully
[INFO ] 2022-12-29 05:52:11.675 [exclusiveJobOrder.TG_3847_ExclusiveNewOrder] [Tag_VerifyEstimateDailyHoursFieldShouldNotAcceptHoursMoreThan24] - Started==Verifying Estimated Daily Hours Field Should  Not Accept Hours More Than 24 
[INFO ] 2022-12-29 05:52:11.675 [exclusiveJobOrder.TG_3847_ExclusiveNewOrder] [enterEstHours] - Entering the Estimated Daily Hours
[INFO ] 2022-12-29 05:52:19.014 [exclusiveJobOrder.TG_3847_ExclusiveNewOrder] [enterEstHours] - Estimated Daily Hours entered successfully
[INFO ] 2022-12-29 05:52:21.019 [exclusiveJobOrder.TG_3847_ExclusiveNewOrder] [verifyEstimatedDailyHoursFieldNotAcceptHoursMoreThan24] - Entering the Estimated Daily Hours More Than 24 
[INFO ] 2022-12-29 05:52:21.751 [exclusiveJobOrder.TG_3847_ExclusiveNewOrder] [verifyEstimatedDailyHoursFieldNotAcceptHoursMoreThan24] - verifyed Estimated Daily Hours Field Not Accept Hours More Than 24
[INFO ] 2022-12-29 05:52:21.833 [exclusiveJobOrder.TG_3847_ExclusiveNewOrder] [Tag_VerifyNoOfWorkersFieldShouldVisible] - Started==Verifying No Of Workers Field Should  visible 
[INFO ] 2022-12-29 05:52:21.833 [exclusiveJobOrder.TG_3847_ExclusiveNewOrder] [verifyNoOfWorkersFieldShouldVisible] - Verifying Rate Field Should be Automatically Fetched And Editable
[INFO ] 2022-12-29 05:52:22.315 [exclusiveJobOrder.TG_3847_ExclusiveNewOrder] [verifyNoOfWorkersFieldShouldVisible] - Verifying Job Title Field
[INFO ] 2022-12-29 05:52:22.379 [exclusiveJobOrder.TG_3847_ExclusiveNewOrder] [verifyNoOfWorkersFieldShouldVisible] - Verifying Category Field
[INFO ] 2022-12-29 05:52:22.413 [exclusiveJobOrder.TG_3847_ExclusiveNewOrder] [verifyNoOfWorkersFieldShouldVisible] - Verifyied Category Field and Job Title
[INFO ] 2022-12-29 05:52:22.413 [exclusiveJobOrder.TG_3847_ExclusiveNewOrder] [verifyNoOfWorkersFieldShouldVisible] - Verifying No of Worker Field
[INFO ] 2022-12-29 05:52:22.471 [exclusiveJobOrder.TG_3847_ExclusiveNewOrder] [verifyNoOfWorkersFieldShouldVisible] - Verifyied No of Worker Should be No of Worker Visible
[INFO ] 2022-12-29 05:52:22.478 [exclusiveJobOrder.TG_3847_ExclusiveNewOrder] [Tag_VerifyAgreeToContractFieldCheckboxShouldVisible] - Started==Verify Agree To Contract Field Should Be Checkbox 
[INFO ] 2022-12-29 05:52:22.478 [exclusiveJobOrder.TG_3847_ExclusiveNewOrder] [verifyAgreeToContractFieldShouldBeCheckbox] - Verify Agree Contract Field should be checkbox And Mandatory
[INFO ] 2022-12-29 05:52:22.694 [exclusiveJobOrder.TG_3847_ExclusiveNewOrder] [verifyAgreeToContractFieldShouldBeCheckbox] - Verify Agree Contract Field should be checkbox And Mandatory
[INFO ] 2022-12-29 05:52:22.700 [exclusiveJobOrder.TG_3847_ExclusiveNewOrder] [Tag_VerifyPopupForConfirmJobOrderDetails] - Started==Verify Popup For Confirm Job Order Details
[INFO ] 2022-12-29 05:52:22.701 [exclusiveJobOrder.TG_3847_ExclusiveNewOrder] [enterHours] - Entering the Estimated Daily Hours
[INFO ] 2022-12-29 05:52:29.885 [exclusiveJobOrder.TG_3847_ExclusiveNewOrder] [enterHours] - Estimated Daily Hours entered successfully
[INFO ] 2022-12-29 05:52:32.893 [exclusiveJobOrder.TG_3847_ExclusiveNewOrder] [enterStartDate] - enter Start date 
[INFO ] 2022-12-29 05:52:38.210 [exclusiveJobOrder.TG_3847_ExclusiveNewOrder] [enterStartDate] - Verify enter Start date
[INFO ] 2022-12-29 05:52:41.225 [exclusiveJobOrder.TG_3847_ExclusiveNewOrder] [enterEndDate] - Verify End Date 
[INFO ] 2022-12-29 05:52:46.485 [exclusiveJobOrder.TG_3847_ExclusiveNewOrder] [enterEndDate] - Verify enter End date
[INFO ] 2022-12-29 05:52:49.493 [exclusiveJobOrder.TG_3847_ExclusiveNewOrder] [enterTime] - Verify Start Time 
[INFO ] 2022-12-29 05:52:54.736 [exclusiveJobOrder.TG_3847_ExclusiveNewOrder] [enterTime] - Verify Start Time Field successfully
[INFO ] 2022-12-29 05:52:54.741 [exclusiveJobOrder.TG_3847_ExclusiveNewOrder] [enterESignature] - Entering ESignature
[INFO ] 2022-12-29 05:52:54.999 [exclusiveJobOrder.TG_3847_ExclusiveNewOrder] [enterESignature] - Entered ESignature
[INFO ] 2022-12-29 05:52:58.005 [exclusiveJobOrder.TG_3847_ExclusiveNewOrder] [verifyPopupForConfirmJobOrderDetails] - Verify Availability Field Should have Dropdown
[INFO ] 2022-12-29 05:52:58.152 [exclusiveJobOrder.TG_3847_ExclusiveNewOrder] [verifyPopupForConfirmJobOrderDetails] - Verifyied Availability Field Should have Dropdown
[INFO ] 2022-12-29 05:52:58.152 [exclusiveJobOrder.TG_3847_ExclusiveNewOrder] [verifyPopupForConfirmJobOrderDetails] - Verifying Agree Contract Field should be checkbox And Mandatory
[INFO ] 2022-12-29 05:53:00.372 [exclusiveJobOrder.TG_3847_ExclusiveNewOrder] [verifyPopupForConfirmJobOrderDetails] - Verify Agree Contract Field should be checkbox successfully 
[INFO ] 2022-12-29 05:53:00.376 [exclusiveJobOrder.TG_3847_ExclusiveNewOrder] [verifyPopupForConfirmJobOrderDetails] - Clicking on Save Button
[INFO ] 2022-12-29 05:53:02.546 [exclusiveJobOrder.TG_3847_ExclusiveNewOrder] [verifyPopupForConfirmJobOrderDetails] - Verifying Pop-up If click On Save for Confirm job order
[INFO ] 2022-12-29 05:53:04.605 [exclusiveJobOrder.TG_3847_ExclusiveNewOrder] [Tag_VerifyConfirmationPopupShouldHaveSaveAndCancelButtons] - Started==Verify Confirmation Popup Should Have Save And Cancel Buttons 
[INFO ] 2022-12-29 05:53:04.605 [exclusiveJobOrder.TG_3847_ExclusiveNewOrder] [verifyConfirmationPopupShouldHaveConfirmAndButton] - Verify Confirmation Popup Should Have Confirm  Buttons
[INFO ] 2022-12-29 05:53:05.682 [exclusiveJobOrder.TG_3847_ExclusiveNewOrder] [verifyConfirmationPopupShouldHaveConfirmAndButton] - Verify Confirmation Popup Should Have Confirm  Buttons successfully
[INFO ] 2022-12-29 05:53:05.683 [exclusiveJobOrder.TG_3847_ExclusiveNewOrder] [verifyConfirmationPopupShouldHaveCancelButton] - Verify Confirmation Popup Should Have Cancel Buttons
[INFO ] 2022-12-29 05:53:06.731 [exclusiveJobOrder.TG_3847_ExclusiveNewOrder] [verifyConfirmationPopupShouldHaveCancelButton] - Verify Confirmation Popup Should Have Cancel Buttons
[INFO ] 2022-12-29 05:53:06.739 [exclusiveJobOrder.TG_3847_ExclusiveNewOrder] [Tag_VerifyClickingCancelNothingShouldSave] - Started==Verify Clicking On Cancel Nothing Should Save
[INFO ] 2022-12-29 05:53:06.740 [exclusiveJobOrder.TG_3847_ExclusiveNewOrder] [verifyClickingCancelNothingShouldSave] - Verify Clicking Cancel Nothing Should Save
[INFO ] 2022-12-29 05:53:06.849 [exclusiveJobOrder.TG_3847_ExclusiveNewOrder] [verifyClickingCancelNothingShouldSave] - Cancel button clicked successfully
[INFO ] 2022-12-29 05:53:06.914 [exclusiveJobOrder.TG_3847_ExclusiveNewOrder] [verifyClickingCancelNothingShouldSave] - Verify successfully Clicking Cancel Nothing Should Save
[INFO ] 2022-12-29 05:53:08.595 [exclusiveJobOrder.TG_3847_ExclusiveNewOrder] [Tag_VerifyClickingOnSaveButtonPopupShouldCreateJobOrderSuccessfullyAndJobOrderIdShouldCreated] - Started==Verify Clicking On Save Button Pop-up Should Create Job Order Successfully And Job Order id Should Created
[INFO ] 2022-12-29 05:53:08.596 [exclusiveJobOrder.TG_3847_ExclusiveNewOrder] [enterESignature] - Entering ESignature
[INFO ] 2022-12-29 05:53:09.246 [exclusiveJobOrder.TG_3847_ExclusiveNewOrder] [enterESignature] - Entered ESignature
[INFO ] 2022-12-29 05:53:12.259 [exclusiveJobOrder.TG_3847_ExclusiveNewOrder] [enterHours] - Entering the Estimated Daily Hours
[INFO ] 2022-12-29 05:53:19.515 [exclusiveJobOrder.TG_3847_ExclusiveNewOrder] [enterHours] - Estimated Daily Hours entered successfully
[INFO ] 2022-12-29 05:53:21.523 [exclusiveJobOrder.TG_3847_ExclusiveNewOrder] [enterStartDate] - enter Start date 
[INFO ] 2022-12-29 05:53:26.758 [exclusiveJobOrder.TG_3847_ExclusiveNewOrder] [enterStartDate] - Verify enter Start date
[INFO ] 2022-12-29 05:53:29.764 [exclusiveJobOrder.TG_3847_ExclusiveNewOrder] [enterEndDate] - Verify End Date 
[INFO ] 2022-12-29 05:53:34.936 [exclusiveJobOrder.TG_3847_ExclusiveNewOrder] [enterEndDate] - Verify enter End date
[INFO ] 2022-12-29 05:53:37.941 [exclusiveJobOrder.TG_3847_ExclusiveNewOrder] [enterTime] - Verify Start Time 
[INFO ] 2022-12-29 05:53:43.141 [exclusiveJobOrder.TG_3847_ExclusiveNewOrder] [enterTime] - Verify Start Time Field successfully
[INFO ] 2022-12-29 05:53:45.151 [exclusiveJobOrder.TG_3847_ExclusiveNewOrder] [enterHours] - Entering the Estimated Daily Hours
[INFO ] 2022-12-29 05:53:52.434 [exclusiveJobOrder.TG_3847_ExclusiveNewOrder] [enterHours] - Estimated Daily Hours entered successfully
[INFO ] 2022-12-29 05:53:54.438 [exclusiveJobOrder.TG_3847_ExclusiveNewOrder] [verifyJobOrderCreateSuccessfullyAndJobOrderIdShouldCreated] - Verifying Job Order Create Successfully
[INFO ] 2022-12-29 05:53:54.440 [exclusiveJobOrder.TG_3847_ExclusiveNewOrder] [verifyJobOrderCreateSuccessfullyAndJobOrderIdShouldCreated] - Verifying Job Site Field
[INFO ] 2022-12-29 05:53:58.745 [exclusiveJobOrder.TG_3847_ExclusiveNewOrder] [verifyJobOrderCreateSuccessfullyAndJobOrderIdShouldCreated] - Verifying Job Title Field
[INFO ] 2022-12-29 05:54:03.048 [exclusiveJobOrder.TG_3847_ExclusiveNewOrder] [verifyJobOrderCreateSuccessfullyAndJobOrderIdShouldCreated] - Verify Availability Field Should have Dropdown
[INFO ] 2022-12-29 05:54:03.156 [exclusiveJobOrder.TG_3847_ExclusiveNewOrder] [verifyJobOrderCreateSuccessfullyAndJobOrderIdShouldCreated] - Verifyied Availability Field Should have Dropdown
[INFO ] 2022-12-29 05:54:03.156 [exclusiveJobOrder.TG_3847_ExclusiveNewOrder] [verifyJobOrderCreateSuccessfullyAndJobOrderIdShouldCreated] - Verify Agree Contract Field should be checkbox And Mandatory
[INFO ] 2022-12-29 05:54:08.348 [exclusiveJobOrder.TG_3847_ExclusiveNewOrder] [verifyJobOrderCreateSuccessfullyAndJobOrderIdShouldCreated] - Clicking on Save Button
[INFO ] 2022-12-29 05:54:08.448 [exclusiveJobOrder.TG_3847_ExclusiveNewOrder] [verifyJobOrderCreateSuccessfullyAndJobOrderIdShouldCreated] - Verify Agree Contract Field should be checkbox And Mandatory
