[INFO ] 2022-12-23 16:43:35.397 [timesheets.TG_4423_TimesheetDeny] [Tag_EndToEndFlowNewOrderHiring] - Started==Starting End To End Flow NewOrderHiring
[INFO ] 2022-12-23 16:43:37.685 [timesheets.TG_4423_TimesheetDeny] [enterUsername] - Entering new user's first name
[INFO ] 2022-12-23 16:43:38.246 [timesheets.TG_4423_TimesheetDeny] [enterUsername] - User's first name entered successfully
[INFO ] 2022-12-23 16:43:38.246 [timesheets.TG_4423_TimesheetDeny] [enterPassword] - Entering new user's last name
[INFO ] 2022-12-23 16:43:39.645 [timesheets.TG_4423_TimesheetDeny] [enterPassword] - User's last name entered successfully
[INFO ] 2022-12-23 16:43:39.646 [timesheets.TG_4423_TimesheetDeny] [clickLoginButton] - Clicking on Login Button
[INFO ] 2022-12-23 16:43:40.088 [timesheets.TG_4423_TimesheetDeny] [clickLoginButton] - Close Pop Up clicked successfully
[INFO ] 2022-12-23 16:43:40.089 [timesheets.TG_4423_TimesheetDeny] [newOrderHiring] - Clicking on New Order Button
[INFO ] 2022-12-23 16:43:52.083 [timesheets.TG_4423_TimesheetDeny] [newOrderHiring] - New Order Button clicked successfully
[INFO ] 2022-12-23 16:43:52.084 [timesheets.TG_4423_TimesheetDeny] [newOrderHiring] - Entering EstDailyHours
[INFO ] 2022-12-23 16:44:01.071 [timesheets.TG_4423_TimesheetDeny] [newOrderHiring] - EstDailyHours entered successfully
[INFO ] 2022-12-23 16:44:01.072 [timesheets.TG_4423_TimesheetDeny] [newOrderHiring] - Entering StartDate
[INFO ] 2022-12-23 16:44:07.015 [timesheets.TG_4423_TimesheetDeny] [newOrderHiring] - StartDate entered successfully
[INFO ] 2022-12-23 16:44:07.019 [timesheets.TG_4423_TimesheetDeny] [newOrderHiring] - Entering EndDate
[INFO ] 2022-12-23 16:44:18.336 [timesheets.TG_4423_TimesheetDeny] [newOrderHiring] - EndDate entered successfully
[INFO ] 2022-12-23 16:44:18.339 [timesheets.TG_4423_TimesheetDeny] [newOrderHiring] - Entering StartTime
[INFO ] 2022-12-23 16:44:19.032 [timesheets.TG_4423_TimesheetDeny] [newOrderHiring] - StartTime entered successfully
[INFO ] 2022-12-23 16:44:19.033 [timesheets.TG_4423_TimesheetDeny] [newOrderHiring] - Entering Availability
[INFO ] 2022-12-23 16:44:19.248 [timesheets.TG_4423_TimesheetDeny] [newOrderHiring] - Availabilit entered successfully
[INFO ] 2022-12-23 16:44:19.248 [timesheets.TG_4423_TimesheetDeny] [newOrderHiring] - Entering JobSite
[INFO ] 2022-12-23 16:44:25.491 [timesheets.TG_4423_TimesheetDeny] [newOrderHiring] - JobSite entered successfully
[INFO ] 2022-12-23 16:44:25.492 [timesheets.TG_4423_TimesheetDeny] [newOrderHiring] - Entering JobTitle
[INFO ] 2022-12-23 16:44:34.656 [timesheets.TG_4423_TimesheetDeny] [newOrderHiring] - JobTitle entered successfully
[INFO ] 2022-12-23 16:44:34.663 [timesheets.TG_4423_TimesheetDeny] [newOrderHiring] - Entering No Of Workers
[INFO ] 2022-12-23 16:44:39.857 [timesheets.TG_4423_TimesheetDeny] [newOrderHiring] - NoOfWorkers entered successfully
[INFO ] 2022-12-23 16:44:39.858 [timesheets.TG_4423_TimesheetDeny] [newOrderHiring] - Entering ESignature
[INFO ] 2022-12-23 16:44:43.049 [timesheets.TG_4423_TimesheetDeny] [newOrderHiring] - ESignature entered successfully
[INFO ] 2022-12-23 16:44:43.052 [timesheets.TG_4423_TimesheetDeny] [newOrderHiring] - clickAgreeContract
[INFO ] 2022-12-23 16:44:43.206 [timesheets.TG_4423_TimesheetDeny] [newOrderHiring] - clickAgreeContract successfully
[INFO ] 2022-12-23 16:44:43.206 [timesheets.TG_4423_TimesheetDeny] [newOrderHiring] - clickSaveButton
[INFO ] 2022-12-23 16:44:43.434 [timesheets.TG_4423_TimesheetDeny] [newOrderHiring] - SaveButton Clicked successfully
[INFO ] 2022-12-23 16:44:51.850 [timesheets.TG_4423_TimesheetDeny] [newOrderHiring] - Job order link present on the home page clicked
[INFO ] 2022-12-23 16:45:04.039 [timesheets.TG_4423_TimesheetDeny] [newOrderHiring] - Verify Job Order Id and Email Successfully
[INFO ] 2022-12-23 16:45:15.418 [timesheets.TG_4423_TimesheetDeny] [Tag_EndToEndFlowNewOrderHiring] - Started==Starting End To End Flow CreateEmployeeFromStaffing
[INFO ] 2022-12-23 16:45:28.329 [timesheets.TG_4423_TimesheetDeny] [enterUsername] - Entering new user's first name
[INFO ] 2022-12-23 16:45:28.440 [timesheets.TG_4423_TimesheetDeny] [enterUsername] - User's first name entered successfully
[INFO ] 2022-12-23 16:45:28.440 [timesheets.TG_4423_TimesheetDeny] [enterPassword] - Entering new user's last name
[INFO ] 2022-12-23 16:45:28.528 [timesheets.TG_4423_TimesheetDeny] [enterPassword] - User's last name entered successfully
[INFO ] 2022-12-23 16:45:28.528 [timesheets.TG_4423_TimesheetDeny] [clickLoginButton] - Clicking on Login Button
[INFO ] 2022-12-23 16:45:28.605 [timesheets.TG_4423_TimesheetDeny] [clickLoginButton] - Close Pop Up clicked successfully
[INFO ] 2022-12-23 16:45:58.983 [timesheets.TG_4423_TimesheetDeny] [clickAddNewEployeeButton] - Clicking on Add New Employee Button
[INFO ] 2022-12-23 16:45:59.942 [timesheets.TG_4423_TimesheetDeny] [clickAddNewEployeeButton] - Employee button clicked successfully
[INFO ] 2022-12-23 16:46:04.952 [timesheets.TG_4423_TimesheetDeny] [enterCompanyName] - Entering Company Name
[INFO ] 2022-12-23 16:46:05.299 [timesheets.TG_4423_TimesheetDeny] [enterCompanyName] - Company Name entered successfully
[INFO ] 2022-12-23 16:46:07.311 [timesheets.TG_4423_TimesheetDeny] [enterFirstName] - Entering First Name
[INFO ] 2022-12-23 16:46:07.481 [timesheets.TG_4423_TimesheetDeny] [enterFirstName] - First Name entered successfully
[INFO ] 2022-12-23 16:46:09.487 [timesheets.TG_4423_TimesheetDeny] [enterLastName] - Entering Last Name
[INFO ] 2022-12-23 16:46:09.619 [timesheets.TG_4423_TimesheetDeny] [enterLastName] - Last Name entered successfully
[INFO ] 2022-12-23 16:46:11.626 [timesheets.TG_4423_TimesheetDeny] [enterDateOfBirthField] - Entering date of birth
[INFO ] 2022-12-23 16:46:13.007 [timesheets.TG_4423_TimesheetDeny] [enterDateOfBirthField] - Date of birth entered successfully
[INFO ] 2022-12-23 16:46:15.016 [timesheets.TG_4423_TimesheetDeny] [enterEmail] - Entering email
[INFO ] 2022-12-23 16:46:15.208 [timesheets.TG_4423_TimesheetDeny] [enterEmail] - Email entered successfully
[INFO ] 2022-12-23 16:46:17.214 [timesheets.TG_4423_TimesheetDeny] [selectSearchOnMapsCheckbox] - Selecting search on Maps checkbox
[INFO ] 2022-12-23 16:46:19.476 [timesheets.TG_4423_TimesheetDeny] [selectSearchOnMapsCheckbox] - Search on maps checkbox selected
[INFO ] 2022-12-23 16:46:21.481 [timesheets.TG_4423_TimesheetDeny] [enterEmployeeAddressOnMaps] - Etering employee address on maps
[INFO ] 2022-12-23 16:46:22.850 [timesheets.TG_4423_TimesheetDeny] [enterEmployeeAddressOnMaps] - Employee entered successfully
[INFO ] 2022-12-23 16:46:24.858 [timesheets.TG_4423_TimesheetDeny] [clickSaveButton] - Clicking Save button
[INFO ] 2022-12-23 16:46:25.118 [timesheets.TG_4423_TimesheetDeny] [clickSaveButton] - Save button clicked successfully
[INFO ] 2022-12-23 16:47:05.127 [timesheets.TG_4423_TimesheetDeny] [getEmployeeIdFromEmaployeeDetailsPage] - Fetching employee id
[INFO ] 2022-12-23 16:47:05.227 [timesheets.TG_4423_TimesheetDeny] [getEmployeeIdFromEmaployeeDetailsPage] - Employee id fetched successfully
[INFO ] 2022-12-23 16:47:05.346 [timesheets.TG_4423_TimesheetDeny] [Tag_EndToEndFlowNewOrderHiring] - Started==Starting End To End Flow ClaimFromStaffing
[INFO ] 2022-12-23 16:47:05.347 [timesheets.TG_4423_TimesheetDeny] [ClaimOrderForStaffing] - Clicking Job orders menu present on the staffing homepage navigates to joborder listing form 
[INFO ] 2022-12-23 16:47:34.478 [timesheets.TG_4423_TimesheetDeny] [ClaimOrderForStaffing] - Clicking on Claim order Button
[INFO ] 2022-12-23 16:47:46.760 [timesheets.TG_4423_TimesheetDeny] [ClaimOrderForStaffing] - Claim order button clicked successfully
[INFO ] 2022-12-23 16:47:46.764 [timesheets.TG_4423_TimesheetDeny] [ClaimOrderForStaffing] - Entering the No. of Employees Claim
[INFO ] 2022-12-23 16:47:51.934 [timesheets.TG_4423_TimesheetDeny] [ClaimOrderForStaffing] - No. of Employees Claim entered successfully
[INFO ] 2022-12-23 16:47:56.940 [timesheets.TG_4423_TimesheetDeny] [ClaimOrderForStaffing] - Entering the E-Signature
[INFO ] 2022-12-23 16:47:59.097 [timesheets.TG_4423_TimesheetDeny] [ClaimOrderForStaffing] - E-Signature entered successfully
[INFO ] 2022-12-23 16:47:59.097 [timesheets.TG_4423_TimesheetDeny] [ClaimOrderForStaffing] - Clicking on Agree to Contract Button
[INFO ] 2022-12-23 16:48:01.258 [timesheets.TG_4423_TimesheetDeny] [ClaimOrderForStaffing] - Agree to Contract Button clicked successfully
[INFO ] 2022-12-23 16:48:01.259 [timesheets.TG_4423_TimesheetDeny] [ClaimOrderForStaffing] - Clicking on Submit Claim Button
[INFO ] 2022-12-23 16:48:08.453 [timesheets.TG_4423_TimesheetDeny] [ClaimOrderForStaffing] - Submit Claim Button clicked successfully
[INFO ] 2022-12-23 16:48:46.002 [timesheets.TG_4423_TimesheetDeny] [Tag_EndToEndFlowNewOrderHiring] - Started==Starting End To End Flow ApproveHiring
[INFO ] 2022-12-23 16:48:56.922 [timesheets.TG_4423_TimesheetDeny] [enterUsername] - Entering new user's first name
[INFO ] 2022-12-23 16:48:57.050 [timesheets.TG_4423_TimesheetDeny] [enterUsername] - User's first name entered successfully
[INFO ] 2022-12-23 16:48:57.051 [timesheets.TG_4423_TimesheetDeny] [enterPassword] - Entering new user's last name
[INFO ] 2022-12-23 16:48:57.142 [timesheets.TG_4423_TimesheetDeny] [enterPassword] - User's last name entered successfully
[INFO ] 2022-12-23 16:48:57.142 [timesheets.TG_4423_TimesheetDeny] [clickLoginButton] - Clicking on Login Button
[INFO ] 2022-12-23 16:48:57.235 [timesheets.TG_4423_TimesheetDeny] [clickLoginButton] - Close Pop Up clicked successfully
[INFO ] 2022-12-23 16:48:57.235 [timesheets.TG_4423_TimesheetDeny] [ApproveClaimFromHiring] - Clicking Order menu present on the staffing homepage
[INFO ] 2022-12-23 16:49:07.316 [timesheets.TG_4423_TimesheetDeny] [ApproveClaimFromHiring] - Order menu present on the staffing hompage clicked successfully.
[INFO ] 2022-12-23 16:49:07.320 [timesheets.TG_4423_TimesheetDeny] [ApproveClaimFromHiring] - Clicking All orders menu present on the staffing homepage
[INFO ] 2022-12-23 16:49:21.604 [timesheets.TG_4423_TimesheetDeny] [ApproveClaimFromHiring] - Clicking on the claim button navigates to claim order form 
[INFO ] 2022-12-23 16:49:24.801 [timesheets.TG_4423_TimesheetDeny] [ApproveClaimFromHiring] - Clicking on the claim button navigates to claim order form successfully
[INFO ] 2022-12-23 16:49:24.802 [timesheets.TG_4423_TimesheetDeny] [ApproveClaimFromHiring] - Clicking the select head count button on the claim order form
[INFO ] 2022-12-23 16:49:26.278 [timesheets.TG_4423_TimesheetDeny] [ApproveClaimFromHiring] - Clicked the select head count button on the claim order form successfully
[INFO ] 2022-12-23 16:49:26.278 [timesheets.TG_4423_TimesheetDeny] [ApproveClaimFromHiring] - Entering Approve count should not be greater than Workerscount
[INFO ] 2022-12-23 16:49:32.861 [timesheets.TG_4423_TimesheetDeny] [ApproveClaimFromHiring] - Approve count is not more than the workers count
[INFO ] 2022-12-23 16:49:32.867 [timesheets.TG_4423_TimesheetDeny] [ApproveClaimFromHiring] - Clicking on modal submit Button
[INFO ] 2022-12-23 16:49:33.001 [timesheets.TG_4423_TimesheetDeny] [ApproveClaimFromHiring] - Modal submit button clicked successfully
[INFO ] 2022-12-23 16:49:44.226 [timesheets.TG_4423_TimesheetDeny] [Tag_EndToEndFlowNewOrderHiring] - Started==Starting End To End Flow AssignEmployee
[INFO ] 2022-12-23 16:49:55.092 [timesheets.TG_4423_TimesheetDeny] [enterUsername] - Entering new user's first name
[INFO ] 2022-12-23 16:49:55.279 [timesheets.TG_4423_TimesheetDeny] [enterUsername] - User's first name entered successfully
[INFO ] 2022-12-23 16:49:55.279 [timesheets.TG_4423_TimesheetDeny] [enterPassword] - Entering new user's last name
[INFO ] 2022-12-23 16:49:55.377 [timesheets.TG_4423_TimesheetDeny] [enterPassword] - User's last name entered successfully
[INFO ] 2022-12-23 16:49:55.377 [timesheets.TG_4423_TimesheetDeny] [clickLoginButton] - Clicking on Login Button
[INFO ] 2022-12-23 16:49:55.458 [timesheets.TG_4423_TimesheetDeny] [clickLoginButton] - Close Pop Up clicked successfully
[INFO ] 2022-12-23 16:49:55.458 [timesheets.TG_4423_TimesheetDeny] [AssignEmployee] - Clicking Order menu present on the staffing homepage
[INFO ] 2022-12-23 16:50:08.503 [timesheets.TG_4423_TimesheetDeny] [AssignEmployee] - Order menu present on the staffing hompage clicked successfully.
[INFO ] 2022-12-23 16:50:08.510 [timesheets.TG_4423_TimesheetDeny] [AssignEmployee] - Clicking All orders menu present on the staffing homepage
[INFO ] 2022-12-23 16:50:12.675 [timesheets.TG_4423_TimesheetDeny] [AssignEmployee] - All orders menu present on the staffing hompage clicked successfully.
[INFO ] 2022-12-23 16:50:31.954 [timesheets.TG_4423_TimesheetDeny] [AssignEmployee] - Clicking Assign employees under the related section
[INFO ] 2022-12-23 16:50:41.746 [timesheets.TG_4423_TimesheetDeny] [AssignEmployee] - Clicked assign employees on job order form successfully
[INFO ] 2022-12-23 16:50:41.750 [timesheets.TG_4423_TimesheetDeny] [AssignEmployee] - Entering Distance radius in new Assign Employee form 
[INFO ] 2022-12-23 16:50:41.985 [timesheets.TG_4423_TimesheetDeny] [AssignEmployee] - Distance radius in new Assign Employee form entered successfully
[INFO ] 2022-12-23 16:50:41.985 [timesheets.TG_4423_TimesheetDeny] [AssignEmployee] - Clicking CheckBox ShowAllEmployees
[INFO ] 2022-12-23 16:50:44.063 [timesheets.TG_4423_TimesheetDeny] [AssignEmployee] -  ShowAllEmployees CheckBox clicked successfully
[INFO ] 2022-12-23 16:50:44.063 [timesheets.TG_4423_TimesheetDeny] [AssignEmployee] - Clicking AddRow in new Assign Employee form 
[INFO ] 2022-12-23 16:50:51.258 [timesheets.TG_4423_TimesheetDeny] [AssignEmployee] - AddRow button in new Assign Employee form clicked successfully
[INFO ] 2022-12-23 16:50:51.258 [timesheets.TG_4423_TimesheetDeny] [AssignEmployee] - Clicking edit button on the form under the EmployeeDetails
[INFO ] 2022-12-23 16:50:51.393 [timesheets.TG_4423_TimesheetDeny] [AssignEmployee] - Clicked edit button on the form under the EmployeeDetails successfully
[INFO ] 2022-12-23 16:50:51.742 [timesheets.TG_4423_TimesheetDeny] [AssignEmployee] - employeeId in new Assign Employee form entered successfully
[INFO ] 2022-12-23 16:50:51.742 [timesheets.TG_4423_TimesheetDeny] [AssignEmployee] - Clicking Dropdown arrow in the modal
[INFO ] 2022-12-23 16:50:51.869 [timesheets.TG_4423_TimesheetDeny] [AssignEmployee] - Clicked Dropdown arrow in the modal successfully
[INFO ] 2022-12-23 16:50:53.872 [timesheets.TG_4423_TimesheetDeny] [AssignEmployee] - Clicking save new Assign Employee form
[INFO ] 2022-12-23 16:50:57.981 [timesheets.TG_4423_TimesheetDeny] [AssignEmployee] - save button in new Assign Employee form clicked successfully
[INFO ] 2022-12-23 16:52:44.287 [timesheets.TG_4423_TimesheetDeny] [Tag_EndToEndFlowNewOrderHiring] - Started==Starting End To End Flow TimesheetCreation
[INFO ] 2022-12-23 16:52:52.237 [timesheets.TG_4423_TimesheetDeny] [enterUsername] - Entering new user's first name
[INFO ] 2022-12-23 16:52:52.386 [timesheets.TG_4423_TimesheetDeny] [enterUsername] - User's first name entered successfully
[INFO ] 2022-12-23 16:52:52.386 [timesheets.TG_4423_TimesheetDeny] [enterPassword] - Entering new user's last name
[INFO ] 2022-12-23 16:52:52.473 [timesheets.TG_4423_TimesheetDeny] [enterPassword] - User's last name entered successfully
[INFO ] 2022-12-23 16:52:52.473 [timesheets.TG_4423_TimesheetDeny] [clickLoginButton] - Clicking on Login Button
[INFO ] 2022-12-23 16:52:52.586 [timesheets.TG_4423_TimesheetDeny] [clickLoginButton] - Close Pop Up clicked successfully
[INFO ] 2022-12-23 16:52:57.599 [timesheets.TG_4423_TimesheetDeny] [createTimesheetHiring] - Clicking on order Button
[INFO ] 2022-12-23 16:53:00.836 [timesheets.TG_4423_TimesheetDeny] [createTimesheetHiring] -  Order Button clicked successfully
[INFO ] 2022-12-23 16:53:17.070 [timesheets.TG_4423_TimesheetDeny] [createTimesheetHiring] -  Clicking On Timesheet Button
[INFO ] 2022-12-23 16:53:20.201 [timesheets.TG_4423_TimesheetDeny] [createTimesheetHiring] - Clicked On Timesheet Button successfully
[INFO ] 2022-12-23 16:53:20.203 [timesheets.TG_4423_TimesheetDeny] [createTimesheetHiring] - Clicking on addEditButton 
[INFO ] 2022-12-23 16:53:22.357 [timesheets.TG_4423_TimesheetDeny] [createTimesheetHiring] - AddEditButton Clicked Successfully 
[INFO ] 2022-12-23 16:53:22.359 [timesheets.TG_4423_TimesheetDeny] [createTimesheetHiring] - Entering current date in Timesheet
[INFO ] 2022-12-23 16:53:29.647 [timesheets.TG_4423_TimesheetDeny] [createTimesheetHiring] - Entered current date in Timesheet successfully
[INFO ] 2022-12-23 16:53:29.652 [timesheets.TG_4423_TimesheetDeny] [createTimesheetHiring] - Verify Start Time 
[INFO ] 2022-12-23 16:53:37.069 [timesheets.TG_4423_TimesheetDeny] [createTimesheetHiring] - Verify Start Time Field successfully
[INFO ] 2022-12-23 16:53:37.070 [timesheets.TG_4423_TimesheetDeny] [createTimesheetHiring] - Verify End Time 
[INFO ] 2022-12-23 16:53:44.672 [timesheets.TG_4423_TimesheetDeny] [createTimesheetHiring] - Verify End Time Field successfully
[INFO ] 2022-12-23 16:53:44.673 [timesheets.TG_4423_TimesheetDeny] [createTimesheetHiring] - Submitting Timesheet 
[INFO ] 2022-12-23 16:53:49.109 [timesheets.TG_4423_TimesheetDeny] [createTimesheetHiring] -  Timesheet Submit successfully
[INFO ] 2022-12-23 16:53:57.104 [timesheets.TG_4423_TimesheetDeny] [Tag_VerifyTimesheetAvailableForApprovalPopup] - Started==Verifying Timesheet Available For Approval Popup
[INFO ] 2022-12-23 16:54:05.142 [timesheets.TG_4423_TimesheetDeny] [enterUsername] - Entering new user's first name
[INFO ] 2022-12-23 16:54:05.246 [timesheets.TG_4423_TimesheetDeny] [enterUsername] - User's first name entered successfully
[INFO ] 2022-12-23 16:54:05.246 [timesheets.TG_4423_TimesheetDeny] [enterPassword] - Entering new user's last name
[INFO ] 2022-12-23 16:54:05.323 [timesheets.TG_4423_TimesheetDeny] [enterPassword] - User's last name entered successfully
[INFO ] 2022-12-23 16:54:05.324 [timesheets.TG_4423_TimesheetDeny] [clickLoginButton] - Clicking on Login Button
[INFO ] 2022-12-23 16:54:05.406 [timesheets.TG_4423_TimesheetDeny] [clickLoginButton] - Close Pop Up clicked successfully
[INFO ] 2022-12-23 16:54:08.413 [timesheets.TG_4423_TimesheetDeny] [clickOrder] - Clicking Order menu present on the staffing homepage
[INFO ] 2022-12-23 16:54:18.658 [timesheets.TG_4423_TimesheetDeny] [clickOrder] - Order menu present on the staffing hompage clicked successfully.
[INFO ] 2022-12-23 16:54:21.668 [timesheets.TG_4423_TimesheetDeny] [selectAllOption] - Clicking All orders menu present on the staffing homepage
[INFO ] 2022-12-23 16:54:28.961 [timesheets.TG_4423_TimesheetDeny] [selectAllOption] - All orders menu present on the staffing hompage clicked successfully.
[INFO ] 2022-12-23 16:54:47.125 [timesheets.TG_4423_TimesheetDeny] [ClickingOnTimesheet] -  Clicking On Timesheet
[INFO ] 2022-12-23 16:54:54.890 [timesheets.TG_4423_TimesheetDeny] [clickApprovalRequestGrid] - Clicking on Approval Grid
[INFO ] 2022-12-23 16:54:55.074 [timesheets.TG_4423_TimesheetDeny] [clickApprovalRequestGrid] - Timesheet Approval Grid Clicked Successfully
[INFO ] 2022-12-23 16:54:55.075 [timesheets.TG_4423_TimesheetDeny] [clickCheckBox] - Clicking on checkbox
[INFO ] 2022-12-23 16:54:58.737 [timesheets.TG_4423_TimesheetDeny] [clickCheckBox] - checkbox Clicked Successfully
[INFO ] 2022-12-23 16:54:58.739 [timesheets.TG_4423_TimesheetDeny] [clickActionsButton] - Clicking on Action Button
[INFO ] 2022-12-23 16:54:58.873 [timesheets.TG_4423_TimesheetDeny] [clickActionsButton] - Action Button Clicked Successfully
[INFO ] 2022-12-23 16:54:58.874 [timesheets.TG_4423_TimesheetDeny] [clickDenyButton] - Clicking on Deny Button
[INFO ] 2022-12-23 16:54:58.966 [timesheets.TG_4423_TimesheetDeny] [clickDenyButton] - Deny Button Clicked Successfully
[INFO ] 2022-12-23 16:54:58.966 [timesheets.TG_4423_TimesheetDeny] [clickmodalDenyButton] - Clicking on Modal Deny Button
[INFO ] 2022-12-23 16:54:59.172 [timesheets.TG_4423_TimesheetDeny] [clickmodalDenyButton] - Modal Deny Button Clicked Successfully
[INFO ] 2022-12-23 16:54:59.172 [timesheets.TG_4423_TimesheetDeny] [closeMessagePopup] - Clicking on close message Popup approve Button
[INFO ] 2022-12-23 16:54:59.221 [timesheets.TG_4423_TimesheetDeny] [closeMessagePopup] - Clicked on close message Popup Successfully
[INFO ] 2022-12-23 16:54:59.221 [timesheets.TG_4423_TimesheetDeny] [verifyDeniedStatus] - Check for denied status
[INFO ] 2022-12-23 16:55:00.893 [timesheets.TG_4423_TimesheetDeny] [verifyDeniedStatus] - denied status displayed successfully
