[INFO ] 2022-12-06 16:25:56.150 [company.TG_4325_ApproveClaimFromHiring] [Tag_EndToEndFlowNewOrderHiring] - Started==Starting End To End Flow NewOrderHiring
[INFO ] 2022-12-06 16:26:00.982 [company.TG_4325_ApproveClaimFromHiring] [enterUsername] - Entering new user's first name
[INFO ] 2022-12-06 16:26:01.514 [company.TG_4325_ApproveClaimFromHiring] [enterUsername] - User's first name entered successfully
[INFO ] 2022-12-06 16:26:01.514 [company.TG_4325_ApproveClaimFromHiring] [enterPassword] - Entering new user's last name
[INFO ] 2022-12-06 16:26:01.947 [company.TG_4325_ApproveClaimFromHiring] [enterPassword] - User's last name entered successfully
[INFO ] 2022-12-06 16:26:01.948 [company.TG_4325_ApproveClaimFromHiring] [clickLoginButton] - Clicking on Login Button
[INFO ] 2022-12-06 16:26:03.401 [company.TG_4325_ApproveClaimFromHiring] [clickLoginButton] - Close Pop Up clicked successfully
[INFO ] 2022-12-06 16:26:03.401 [company.TG_4325_ApproveClaimFromHiring] [newOrderHiring] - Clicking on New Order Button
[INFO ] 2022-12-06 16:26:27.764 [company.TG_4325_ApproveClaimFromHiring] [newOrderHiring] - New Order Button clicked successfully
[INFO ] 2022-12-06 16:26:27.765 [company.TG_4325_ApproveClaimFromHiring] [newOrderHiring] - Entering EstDailyHours
[INFO ] 2022-12-06 16:26:37.514 [company.TG_4325_ApproveClaimFromHiring] [newOrderHiring] - EstDailyHours entered successfully
[INFO ] 2022-12-06 16:26:37.514 [company.TG_4325_ApproveClaimFromHiring] [newOrderHiring] - Entering StartDate
[INFO ] 2022-12-06 16:26:43.349 [company.TG_4325_ApproveClaimFromHiring] [newOrderHiring] - StartDate entered successfully
[INFO ] 2022-12-06 16:26:43.350 [company.TG_4325_ApproveClaimFromHiring] [newOrderHiring] - Entering EndDate
[INFO ] 2022-12-06 16:26:54.656 [company.TG_4325_ApproveClaimFromHiring] [newOrderHiring] - EndDate entered successfully
[INFO ] 2022-12-06 16:26:54.660 [company.TG_4325_ApproveClaimFromHiring] [newOrderHiring] - Entering StartTime
[INFO ] 2022-12-06 16:26:55.593 [company.TG_4325_ApproveClaimFromHiring] [newOrderHiring] - StartTime entered successfully
[INFO ] 2022-12-06 16:26:55.594 [company.TG_4325_ApproveClaimFromHiring] [newOrderHiring] - Entering Availability
[INFO ] 2022-12-06 16:26:55.828 [company.TG_4325_ApproveClaimFromHiring] [newOrderHiring] - Availabilit entered successfully
[INFO ] 2022-12-06 16:26:55.828 [company.TG_4325_ApproveClaimFromHiring] [newOrderHiring] - Entering JobSite
[INFO ] 2022-12-06 16:27:02.567 [company.TG_4325_ApproveClaimFromHiring] [newOrderHiring] - JobSite entered successfully
[INFO ] 2022-12-06 16:27:02.568 [company.TG_4325_ApproveClaimFromHiring] [newOrderHiring] - Entering JobTitle
[INFO ] 2022-12-06 16:27:12.122 [company.TG_4325_ApproveClaimFromHiring] [newOrderHiring] - JobTitle entered successfully
[INFO ] 2022-12-06 16:27:12.123 [company.TG_4325_ApproveClaimFromHiring] [newOrderHiring] - Entering No Of Workers
[INFO ] 2022-12-06 16:27:17.272 [company.TG_4325_ApproveClaimFromHiring] [newOrderHiring] - NoOfWorkers entered successfully
[INFO ] 2022-12-06 16:27:17.272 [company.TG_4325_ApproveClaimFromHiring] [newOrderHiring] - Entering ESignature
[INFO ] 2022-12-06 16:27:17.464 [company.TG_4325_ApproveClaimFromHiring] [newOrderHiring] - ESignature entered successfully
[INFO ] 2022-12-06 16:27:17.465 [company.TG_4325_ApproveClaimFromHiring] [newOrderHiring] - clickAgreeContract
[INFO ] 2022-12-06 16:27:17.618 [company.TG_4325_ApproveClaimFromHiring] [newOrderHiring] - clickAgreeContract successfully
[INFO ] 2022-12-06 16:27:17.619 [company.TG_4325_ApproveClaimFromHiring] [newOrderHiring] - clickSaveButton
[INFO ] 2022-12-06 16:27:17.961 [company.TG_4325_ApproveClaimFromHiring] [newOrderHiring] - SaveButton Clicked successfully
[INFO ] 2022-12-06 16:27:26.541 [company.TG_4325_ApproveClaimFromHiring] [newOrderHiring] - Job order link present on the home page clicked
[INFO ] 2022-12-06 16:27:39.335 [company.TG_4325_ApproveClaimFromHiring] [newOrderHiring] - Verify Job Order Id and Email Successfully
[INFO ] 2022-12-06 16:27:48.739 [company.TG_4325_ApproveClaimFromHiring] [Tag_EndToEndFlowClaimFromStaffing] - Started==Starting End To End Flow ClaimFromStaffing
[INFO ] 2022-12-06 16:27:57.270 [company.TG_4325_ApproveClaimFromHiring] [enterUsername] - Entering new user's first name
[INFO ] 2022-12-06 16:27:57.465 [company.TG_4325_ApproveClaimFromHiring] [enterUsername] - User's first name entered successfully
[INFO ] 2022-12-06 16:27:57.466 [company.TG_4325_ApproveClaimFromHiring] [enterPassword] - Entering new user's last name
[INFO ] 2022-12-06 16:27:57.652 [company.TG_4325_ApproveClaimFromHiring] [enterPassword] - User's last name entered successfully
[INFO ] 2022-12-06 16:27:57.652 [company.TG_4325_ApproveClaimFromHiring] [clickLoginButton] - Clicking on Login Button
[INFO ] 2022-12-06 16:27:57.728 [company.TG_4325_ApproveClaimFromHiring] [clickLoginButton] - Close Pop Up clicked successfully
[INFO ] 2022-12-06 16:27:57.728 [company.TG_4325_ApproveClaimFromHiring] [ClaimOrderForStaffing] - Clicking Job orders menu present on the staffing homepage navigates to joborder listing form 
[INFO ] 2022-12-06 16:28:33.476 [company.TG_4325_ApproveClaimFromHiring] [ClaimOrderForStaffing] - Clicking on Claim order Button
[INFO ] 2022-12-06 16:28:45.687 [company.TG_4325_ApproveClaimFromHiring] [ClaimOrderForStaffing] - Claim order button clicked successfully
[INFO ] 2022-12-06 16:28:45.688 [company.TG_4325_ApproveClaimFromHiring] [ClaimOrderForStaffing] - Entering the No. of Employees Claim
[INFO ] 2022-12-06 16:28:50.859 [company.TG_4325_ApproveClaimFromHiring] [ClaimOrderForStaffing] - No. of Employees Claim entered successfully
[INFO ] 2022-12-06 16:28:55.864 [company.TG_4325_ApproveClaimFromHiring] [ClaimOrderForStaffing] - Entering the E-Signature
[INFO ] 2022-12-06 16:28:58.011 [company.TG_4325_ApproveClaimFromHiring] [ClaimOrderForStaffing] - E-Signature entered successfully
[INFO ] 2022-12-06 16:28:58.011 [company.TG_4325_ApproveClaimFromHiring] [ClaimOrderForStaffing] - Clicking on Agree to Contract Button
[INFO ] 2022-12-06 16:29:00.124 [company.TG_4325_ApproveClaimFromHiring] [ClaimOrderForStaffing] - Agree to Contract Button clicked successfully
[INFO ] 2022-12-06 16:29:00.125 [company.TG_4325_ApproveClaimFromHiring] [ClaimOrderForStaffing] - Clicking on Submit Claim Button
[INFO ] 2022-12-06 16:29:07.223 [company.TG_4325_ApproveClaimFromHiring] [ClaimOrderForStaffing] - Submit Claim Button clicked successfully
[INFO ] 2022-12-06 16:29:41.738 [company.TG_4325_ApproveClaimFromHiring] [enterUsername] - Entering new user's first name
[INFO ] 2022-12-06 16:29:41.863 [company.TG_4325_ApproveClaimFromHiring] [enterUsername] - User's first name entered successfully
[INFO ] 2022-12-06 16:29:41.864 [company.TG_4325_ApproveClaimFromHiring] [enterPassword] - Entering new user's last name
[INFO ] 2022-12-06 16:29:41.932 [company.TG_4325_ApproveClaimFromHiring] [enterPassword] - User's last name entered successfully
[INFO ] 2022-12-06 16:29:41.932 [company.TG_4325_ApproveClaimFromHiring] [clickLoginButton] - Clicking on Login Button
[INFO ] 2022-12-06 16:29:41.987 [company.TG_4325_ApproveClaimFromHiring] [clickLoginButton] - Close Pop Up clicked successfully
[INFO ] 2022-12-06 16:29:44.992 [company.TG_4325_ApproveClaimFromHiring] [clickOrdersMenuOnHiringHomePage] - Clicking Order menu present on the Hiring homepage
[INFO ] 2022-12-06 16:29:49.265 [company.TG_4325_ApproveClaimFromHiring] [clickOrdersMenuOnHiringHomePage] - Order menu present on the Hiring hompage clicked successfully.
[INFO ] 2022-12-06 16:29:52.272 [company.TG_4325_ApproveClaimFromHiring] [selectParticularJobOrderFromListing] - Selecting Particular Joborder on the listing
[INFO ] 2022-12-06 16:30:02.420 [company.TG_4325_ApproveClaimFromHiring] [selectParticularJobOrderFromListing] - Particular Joborder on the listing selected successfully
[INFO ] 2022-12-06 16:30:04.425 [company.TG_4325_ApproveClaimFromHiring] [verifyPleaseReviewSubmittedClaimsMessage] - Check for 'Please review submitted claims' message Displayed
[INFO ] 2022-12-06 16:30:04.560 [company.TG_4325_ApproveClaimFromHiring] [verifyPleaseReviewSubmittedClaimsMessage] - Message displayed successfully
[INFO ] 2022-12-06 16:30:04.603 [company.TG_4325_ApproveClaimFromHiring] [clickClaimsButton] - Clicking on the claim button navigates to claim order form 
[INFO ] 2022-12-06 16:30:04.704 [company.TG_4325_ApproveClaimFromHiring] [clickClaimsButton] - Clicking on the claim button navigates to claim order form successfully
[INFO ] 2022-12-06 16:30:07.710 [company.TG_4325_ApproveClaimFromHiring] [clickSelectHeadCountButton] - Clicking the select head count button on the claim order form
[INFO ] 2022-12-06 16:30:07.833 [company.TG_4325_ApproveClaimFromHiring] [clickSelectHeadCountButton] - Clicked the select head count button on the claim order form successfully
[INFO ] 2022-12-06 16:30:07.855 [company.TG_4325_ApproveClaimFromHiring] [titleSelectHeadCountModal] - Clicking Select Head Count button, a modal should open having a title as 'Select Head Count'
[INFO ] 2022-12-06 16:30:12.584 [company.TG_4325_ApproveClaimFromHiring] [titleSelectHeadCountModal] - clicked Select Head Count button, a modal title as 'Select Head Count'opened successfully
[INFO ] 2022-12-06 16:30:12.608 [company.TG_4325_ApproveClaimFromHiring] [verifyApproveFieldIsVisible] - Check for Approvefield is visible
[INFO ] 2022-12-06 16:30:12.949 [company.TG_4325_ApproveClaimFromHiring] [verifyApproveFieldIsVisible] - Approvefield is visible successfully
[INFO ] 2022-12-06 16:30:12.949 [company.TG_4325_ApproveClaimFromHiring] [getWorkersCount] - Entering Approve count should not be greater than Workerscount
[INFO ] 2022-12-06 16:30:12.995 [company.TG_4325_ApproveClaimFromHiring] [getWorkersCount] - Approve count is not more than the workers count
[INFO ] 2022-12-06 16:30:12.995 [company.TG_4325_ApproveClaimFromHiring] [enterApproveCount] - Entering Approve count should not be greater than Workerscount
[INFO ] 2022-12-06 16:30:13.222 [company.TG_4325_ApproveClaimFromHiring] [enterApproveCount] - Approve count is not more than the workers count
[INFO ] 2022-12-06 16:30:15.227 [company.TG_4325_ApproveClaimFromHiring] [clickModalSubmitButton] - Clicking on modal submit Button
[INFO ] 2022-12-06 16:30:15.471 [company.TG_4325_ApproveClaimFromHiring] [clickModalSubmitButton] - Modal submit button clicked successfully
[INFO ] 2022-12-06 16:30:15.471 [company.TG_4325_ApproveClaimFromHiring] [verifyErrorMessage] - Popup shows as Claims approved cannot be greater than the no. of workers
[INFO ] 2022-12-06 16:30:16.281 [company.TG_4325_ApproveClaimFromHiring] [verifyErrorMessage] - Error Message displayed successfully
[INFO ] 2022-12-06 16:30:26.300 [company.TG_4325_ApproveClaimFromHiring] [clickSelectHeadCountButton] - Clicking the select head count button on the claim order form
[INFO ] 2022-12-06 16:30:26.402 [company.TG_4325_ApproveClaimFromHiring] [clickSelectHeadCountButton] - Clicked the select head count button on the claim order form successfully
[INFO ] 2022-12-06 16:30:26.403 [company.TG_4325_ApproveClaimFromHiring] [enterApproveCount] - Entering Approve count should not be greater than Workerscount
[INFO ] 2022-12-06 16:30:29.058 [company.TG_4325_ApproveClaimFromHiring] [enterApproveCount] - Approve count is not more than the workers count
[INFO ] 2022-12-06 16:30:31.065 [company.TG_4325_ApproveClaimFromHiring] [clickModalSubmitButton] - Clicking on modal submit Button
[INFO ] 2022-12-06 16:30:31.198 [company.TG_4325_ApproveClaimFromHiring] [clickModalSubmitButton] - Modal submit button clicked successfully
[INFO ] 2022-12-06 16:30:31.198 [company.TG_4325_ApproveClaimFromHiring] [verifyEmailSuccessMessage] - Check for submission of Claim Order
[INFO ] 2022-12-06 16:30:32.660 [company.TG_4325_ApproveClaimFromHiring] [verifyEmailSuccessMessage] - Claim Order Submitted Successfully
