[INFO ] 2022-12-07 12:58:59.497 [company.TG_4463_InvCreationStaffing] [Tag_EndToEndFlowNewOrderHiring] - Started==Starting End To End Flow NewOrderHiring
[INFO ] 2022-12-07 12:59:03.504 [company.TG_4463_InvCreationStaffing] [enterUsername] - Entering new user's first name
[INFO ] 2022-12-07 12:59:04.325 [company.TG_4463_InvCreationStaffing] [enterUsername] - User's first name entered successfully
[INFO ] 2022-12-07 12:59:04.326 [company.TG_4463_InvCreationStaffing] [enterPassword] - Entering new user's last name
[INFO ] 2022-12-07 12:59:06.084 [company.TG_4463_InvCreationStaffing] [enterPassword] - User's last name entered successfully
[INFO ] 2022-12-07 12:59:06.084 [company.TG_4463_InvCreationStaffing] [clickLoginButton] - Clicking on Login Button
[INFO ] 2022-12-07 12:59:06.665 [company.TG_4463_InvCreationStaffing] [clickLoginButton] - Close Pop Up clicked successfully
[INFO ] 2022-12-07 12:59:06.665 [company.TG_4463_InvCreationStaffing] [newOrderHiring] - Clicking on New Order Button
[INFO ] 2022-12-07 12:59:25.795 [company.TG_4463_InvCreationStaffing] [newOrderHiring] - New Order Button clicked successfully
[INFO ] 2022-12-07 12:59:25.795 [company.TG_4463_InvCreationStaffing] [newOrderHiring] - Entering EstDailyHours
[INFO ] 2022-12-07 12:59:35.187 [company.TG_4463_InvCreationStaffing] [newOrderHiring] - EstDailyHours entered successfully
[INFO ] 2022-12-07 12:59:35.187 [company.TG_4463_InvCreationStaffing] [newOrderHiring] - Entering StartDate
[INFO ] 2022-12-07 12:59:41.128 [company.TG_4463_InvCreationStaffing] [newOrderHiring] - StartDate entered successfully
[INFO ] 2022-12-07 12:59:41.131 [company.TG_4463_InvCreationStaffing] [newOrderHiring] - Entering EndDate
[INFO ] 2022-12-07 12:59:52.470 [company.TG_4463_InvCreationStaffing] [newOrderHiring] - EndDate entered successfully
[INFO ] 2022-12-07 12:59:52.472 [company.TG_4463_InvCreationStaffing] [newOrderHiring] - Entering StartTime
[INFO ] 2022-12-07 12:59:53.326 [company.TG_4463_InvCreationStaffing] [newOrderHiring] - StartTime entered successfully
[INFO ] 2022-12-07 12:59:53.327 [company.TG_4463_InvCreationStaffing] [newOrderHiring] - Entering Availability
[INFO ] 2022-12-07 12:59:53.544 [company.TG_4463_InvCreationStaffing] [newOrderHiring] - Availabilit entered successfully
[INFO ] 2022-12-07 12:59:53.544 [company.TG_4463_InvCreationStaffing] [newOrderHiring] - Entering JobSite
[INFO ] 2022-12-07 13:00:00.239 [company.TG_4463_InvCreationStaffing] [newOrderHiring] - JobSite entered successfully
[INFO ] 2022-12-07 13:00:00.239 [company.TG_4463_InvCreationStaffing] [newOrderHiring] - Entering JobTitle
[INFO ] 2022-12-07 13:00:09.932 [company.TG_4463_InvCreationStaffing] [newOrderHiring] - JobTitle entered successfully
[INFO ] 2022-12-07 13:00:09.934 [company.TG_4463_InvCreationStaffing] [newOrderHiring] - Entering No Of Workers
[INFO ] 2022-12-07 13:00:15.055 [company.TG_4463_InvCreationStaffing] [newOrderHiring] - NoOfWorkers entered successfully
[INFO ] 2022-12-07 13:00:15.056 [company.TG_4463_InvCreationStaffing] [newOrderHiring] - Entering ESignature
[INFO ] 2022-12-07 13:00:15.312 [company.TG_4463_InvCreationStaffing] [newOrderHiring] - ESignature entered successfully
[INFO ] 2022-12-07 13:00:15.313 [company.TG_4463_InvCreationStaffing] [newOrderHiring] - clickAgreeContract
[INFO ] 2022-12-07 13:00:15.450 [company.TG_4463_InvCreationStaffing] [newOrderHiring] - clickAgreeContract successfully
[INFO ] 2022-12-07 13:00:15.450 [company.TG_4463_InvCreationStaffing] [newOrderHiring] - clickSaveButton
[INFO ] 2022-12-07 13:00:15.736 [company.TG_4463_InvCreationStaffing] [newOrderHiring] - SaveButton Clicked successfully
[INFO ] 2022-12-07 13:00:24.426 [company.TG_4463_InvCreationStaffing] [newOrderHiring] - Job order link present on the home page clicked
[INFO ] 2022-12-07 13:00:41.780 [company.TG_4463_InvCreationStaffing] [newOrderHiring] - Verify Job Order Id and Email Successfully
[INFO ] 2022-12-07 13:00:54.065 [company.TG_4463_InvCreationStaffing] [Tag_CreateEmployeeFromStaffing] - Started==Starting End To End Flow CreateEmployeeFromStaffing
[INFO ] 2022-12-07 13:01:07.886 [company.TG_4463_InvCreationStaffing] [enterUsername] - Entering new user's first name
[INFO ] 2022-12-07 13:01:08.016 [company.TG_4463_InvCreationStaffing] [enterUsername] - User's first name entered successfully
[INFO ] 2022-12-07 13:01:08.017 [company.TG_4463_InvCreationStaffing] [enterPassword] - Entering new user's last name
[INFO ] 2022-12-07 13:01:08.090 [company.TG_4463_InvCreationStaffing] [enterPassword] - User's last name entered successfully
[INFO ] 2022-12-07 13:01:08.091 [company.TG_4463_InvCreationStaffing] [clickLoginButton] - Clicking on Login Button
[INFO ] 2022-12-07 13:01:08.343 [company.TG_4463_InvCreationStaffing] [clickLoginButton] - Close Pop Up clicked successfully
[INFO ] 2022-12-07 13:01:39.824 [company.TG_4463_InvCreationStaffing] [clickAddNewEployeeButton] - Clicking on Add New Employee Button
[INFO ] 2022-12-07 13:01:40.832 [company.TG_4463_InvCreationStaffing] [clickAddNewEployeeButton] - Employee button clicked successfully
[INFO ] 2022-12-07 13:01:40.832 [company.TG_4463_InvCreationStaffing] [enterCompanyName] - Entering Company Name
[INFO ] 2022-12-07 13:01:41.112 [company.TG_4463_InvCreationStaffing] [enterCompanyName] - Company Name entered successfully
[INFO ] 2022-12-07 13:01:41.112 [company.TG_4463_InvCreationStaffing] [enterFirstName] - Entering First Name
[INFO ] 2022-12-07 13:01:41.234 [company.TG_4463_InvCreationStaffing] [enterFirstName] - First Name entered successfully
[INFO ] 2022-12-07 13:01:41.235 [company.TG_4463_InvCreationStaffing] [enterLastName] - Entering Last Name
[INFO ] 2022-12-07 13:01:41.325 [company.TG_4463_InvCreationStaffing] [enterLastName] - Last Name entered successfully
[INFO ] 2022-12-07 13:01:41.325 [company.TG_4463_InvCreationStaffing] [enterDateOfBirthField] - Entering date of birth
[INFO ] 2022-12-07 13:01:42.566 [company.TG_4463_InvCreationStaffing] [enterDateOfBirthField] - Date of birth entered successfully
[INFO ] 2022-12-07 13:01:42.566 [company.TG_4463_InvCreationStaffing] [enterEmail] - Entering email
[INFO ] 2022-12-07 13:01:42.761 [company.TG_4463_InvCreationStaffing] [enterEmail] - Email entered successfully
[INFO ] 2022-12-07 13:01:42.762 [company.TG_4463_InvCreationStaffing] [selectSearchOnMapsCheckbox] - Selecting search on Maps checkbox
[INFO ] 2022-12-07 13:01:44.951 [company.TG_4463_InvCreationStaffing] [selectSearchOnMapsCheckbox] - Search on maps checkbox selected
[INFO ] 2022-12-07 13:01:44.951 [company.TG_4463_InvCreationStaffing] [enterEmployeeAddressOnMaps] - Etering employee address on maps
[INFO ] 2022-12-07 13:01:46.229 [company.TG_4463_InvCreationStaffing] [enterEmployeeAddressOnMaps] - Employee entered successfully
[INFO ] 2022-12-07 13:01:46.230 [company.TG_4463_InvCreationStaffing] [clickSaveButton] - Clicking Save button
[INFO ] 2022-12-07 13:01:46.387 [company.TG_4463_InvCreationStaffing] [clickSaveButton] - Save button clicked successfully
[INFO ] 2022-12-07 13:02:26.392 [company.TG_4463_InvCreationStaffing] [getEmployeeIdFromEmaployeeDetailsPage] - Fetching employee id
[INFO ] 2022-12-07 13:02:26.460 [company.TG_4463_InvCreationStaffing] [getEmployeeIdFromEmaployeeDetailsPage] - Employee id fetched successfully
[INFO ] 2022-12-07 13:02:26.584 [company.TG_4463_InvCreationStaffing] [Tag_EndToEndFlowClaimFromStaffing] - Started==Starting End To End Flow ClaimFromStaffing
[INFO ] 2022-12-07 13:02:26.585 [company.TG_4463_InvCreationStaffing] [ClaimOrderForStaffing] - Clicking Job orders menu present on the staffing homepage navigates to joborder listing form 
[INFO ] 2022-12-07 13:02:58.584 [company.TG_4463_InvCreationStaffing] [ClaimOrderForStaffing] - Clicking on Claim order Button
[INFO ] 2022-12-07 13:03:12.936 [company.TG_4463_InvCreationStaffing] [ClaimOrderForStaffing] - Claim order button clicked successfully
[INFO ] 2022-12-07 13:03:12.937 [company.TG_4463_InvCreationStaffing] [ClaimOrderForStaffing] - Entering the No. of Employees Claim
[INFO ] 2022-12-07 13:03:18.091 [company.TG_4463_InvCreationStaffing] [ClaimOrderForStaffing] - No. of Employees Claim entered successfully
[INFO ] 2022-12-07 13:03:23.097 [company.TG_4463_InvCreationStaffing] [ClaimOrderForStaffing] - Entering the E-Signature
[INFO ] 2022-12-07 13:03:25.264 [company.TG_4463_InvCreationStaffing] [ClaimOrderForStaffing] - E-Signature entered successfully
[INFO ] 2022-12-07 13:03:25.264 [company.TG_4463_InvCreationStaffing] [ClaimOrderForStaffing] - Clicking on Agree to Contract Button
[INFO ] 2022-12-07 13:03:27.384 [company.TG_4463_InvCreationStaffing] [ClaimOrderForStaffing] - Agree to Contract Button clicked successfully
[INFO ] 2022-12-07 13:03:27.384 [company.TG_4463_InvCreationStaffing] [ClaimOrderForStaffing] - Clicking on Submit Claim Button
[INFO ] 2022-12-07 13:03:34.501 [company.TG_4463_InvCreationStaffing] [ClaimOrderForStaffing] - Submit Claim Button clicked successfully
[INFO ] 2022-12-07 13:03:55.389 [company.TG_4463_InvCreationStaffing] [Tag_EndToEndFlowClaimApproveHiring] - Started==Starting End To End Flow ApproveHiring
[INFO ] 2022-12-07 13:04:03.983 [company.TG_4463_InvCreationStaffing] [enterUsername] - Entering new user's first name
[INFO ] 2022-12-07 13:04:04.104 [company.TG_4463_InvCreationStaffing] [enterUsername] - User's first name entered successfully
[INFO ] 2022-12-07 13:04:04.104 [company.TG_4463_InvCreationStaffing] [enterPassword] - Entering new user's last name
[INFO ] 2022-12-07 13:04:04.172 [company.TG_4463_InvCreationStaffing] [enterPassword] - User's last name entered successfully
[INFO ] 2022-12-07 13:04:04.172 [company.TG_4463_InvCreationStaffing] [clickLoginButton] - Clicking on Login Button
[INFO ] 2022-12-07 13:04:04.240 [company.TG_4463_InvCreationStaffing] [clickLoginButton] - Close Pop Up clicked successfully
[INFO ] 2022-12-07 13:04:04.240 [company.TG_4463_InvCreationStaffing] [ApproveClaimFromHiring] - Clicking Order menu present on the staffing homepage
[INFO ] 2022-12-07 13:04:16.326 [company.TG_4463_InvCreationStaffing] [ApproveClaimFromHiring] - Order menu present on the staffing hompage clicked successfully.
[INFO ] 2022-12-07 13:04:16.327 [company.TG_4463_InvCreationStaffing] [ApproveClaimFromHiring] - Clicking All orders menu present on the staffing homepage
[INFO ] 2022-12-07 13:04:30.514 [company.TG_4463_InvCreationStaffing] [ApproveClaimFromHiring] - Clicking on the claim button navigates to claim order form 
[INFO ] 2022-12-07 13:04:33.661 [company.TG_4463_InvCreationStaffing] [ApproveClaimFromHiring] - Clicking on the claim button navigates to claim order form successfully
[INFO ] 2022-12-07 13:04:33.662 [company.TG_4463_InvCreationStaffing] [ApproveClaimFromHiring] - Clicking the select head count button on the claim order form
[INFO ] 2022-12-07 13:04:35.377 [company.TG_4463_InvCreationStaffing] [ApproveClaimFromHiring] - Clicked the select head count button on the claim order form successfully
[INFO ] 2022-12-07 13:04:35.377 [company.TG_4463_InvCreationStaffing] [ApproveClaimFromHiring] - Entering Approve count should not be greater than Workerscount
[INFO ] 2022-12-07 13:04:41.980 [company.TG_4463_InvCreationStaffing] [ApproveClaimFromHiring] - Approve count is not more than the workers count
[INFO ] 2022-12-07 13:04:41.982 [company.TG_4463_InvCreationStaffing] [ApproveClaimFromHiring] - Clicking on modal submit Button
[INFO ] 2022-12-07 13:04:42.230 [company.TG_4463_InvCreationStaffing] [ApproveClaimFromHiring] - Modal submit button clicked successfully
[INFO ] 2022-12-07 13:04:55.825 [company.TG_4463_InvCreationStaffing] [Tag_EndToEndFlowAssignEmployeeFromStaffing] - Started==Starting End To End Flow AssignEmployee
[INFO ] 2022-12-07 13:05:07.245 [company.TG_4463_InvCreationStaffing] [enterUsername] - Entering new user's first name
[INFO ] 2022-12-07 13:05:07.352 [company.TG_4463_InvCreationStaffing] [enterUsername] - User's first name entered successfully
[INFO ] 2022-12-07 13:05:07.353 [company.TG_4463_InvCreationStaffing] [enterPassword] - Entering new user's last name
[INFO ] 2022-12-07 13:05:07.477 [company.TG_4463_InvCreationStaffing] [enterPassword] - User's last name entered successfully
[INFO ] 2022-12-07 13:05:07.477 [company.TG_4463_InvCreationStaffing] [clickLoginButton] - Clicking on Login Button
[INFO ] 2022-12-07 13:05:07.547 [company.TG_4463_InvCreationStaffing] [clickLoginButton] - Close Pop Up clicked successfully
[INFO ] 2022-12-07 13:05:07.547 [company.TG_4463_InvCreationStaffing] [AssignEmployee] - Clicking Order menu present on the staffing homepage
[INFO ] 2022-12-07 13:05:20.821 [company.TG_4463_InvCreationStaffing] [AssignEmployee] - Order menu present on the staffing hompage clicked successfully.
[INFO ] 2022-12-07 13:05:20.824 [company.TG_4463_InvCreationStaffing] [AssignEmployee] - Clicking All orders menu present on the staffing homepage
[INFO ] 2022-12-07 13:05:25.734 [company.TG_4463_InvCreationStaffing] [AssignEmployee] - All orders menu present on the staffing hompage clicked successfully.
[INFO ] 2022-12-07 13:05:44.897 [company.TG_4463_InvCreationStaffing] [AssignEmployee] - Clicking Assign employees under the related section
[INFO ] 2022-12-07 13:05:55.068 [company.TG_4463_InvCreationStaffing] [AssignEmployee] - Clicked assign employees on job order form successfully
[INFO ] 2022-12-07 13:05:55.069 [company.TG_4463_InvCreationStaffing] [AssignEmployee] - Entering Distance radius in new Assign Employee form 
[INFO ] 2022-12-07 13:05:55.322 [company.TG_4463_InvCreationStaffing] [AssignEmployee] - Distance radius in new Assign Employee form entered successfully
[INFO ] 2022-12-07 13:05:55.322 [company.TG_4463_InvCreationStaffing] [AssignEmployee] - Clicking CheckBox ShowAllEmployees
[INFO ] 2022-12-07 13:05:57.453 [company.TG_4463_InvCreationStaffing] [AssignEmployee] -  ShowAllEmployees CheckBox clicked successfully
[INFO ] 2022-12-07 13:05:57.453 [company.TG_4463_InvCreationStaffing] [AssignEmployee] - Clicking AddRow in new Assign Employee form 
[INFO ] 2022-12-07 13:06:04.659 [company.TG_4463_InvCreationStaffing] [AssignEmployee] - AddRow button in new Assign Employee form clicked successfully
[INFO ] 2022-12-07 13:06:04.660 [company.TG_4463_InvCreationStaffing] [AssignEmployee] - Clicking edit button on the form under the EmployeeDetails
[INFO ] 2022-12-07 13:06:04.809 [company.TG_4463_InvCreationStaffing] [AssignEmployee] - Clicked edit button on the form under the EmployeeDetails successfully
[INFO ] 2022-12-07 13:06:05.204 [company.TG_4463_InvCreationStaffing] [AssignEmployee] - employeeId in new Assign Employee form entered successfully
[INFO ] 2022-12-07 13:06:05.205 [company.TG_4463_InvCreationStaffing] [AssignEmployee] - Clicking Dropdown arrow in the modal
[INFO ] 2022-12-07 13:06:05.587 [company.TG_4463_InvCreationStaffing] [AssignEmployee] - Clicked Dropdown arrow in the modal successfully
[INFO ] 2022-12-07 13:06:07.592 [company.TG_4463_InvCreationStaffing] [AssignEmployee] - Clicking save new Assign Employee form
[INFO ] 2022-12-07 13:06:11.715 [company.TG_4463_InvCreationStaffing] [AssignEmployee] - save button in new Assign Employee form clicked successfully
[INFO ] 2022-12-07 13:07:08.891 [company.TG_4463_InvCreationStaffing] [Tag_EndToEndFlowTimesheetCreationFromHiring] - Started==Starting End To End Flow TimesheetCreation
[INFO ] 2022-12-07 13:07:18.508 [company.TG_4463_InvCreationStaffing] [enterUsername] - Entering new user's first name
[INFO ] 2022-12-07 13:07:18.626 [company.TG_4463_InvCreationStaffing] [enterUsername] - User's first name entered successfully
[INFO ] 2022-12-07 13:07:18.626 [company.TG_4463_InvCreationStaffing] [enterPassword] - Entering new user's last name
[INFO ] 2022-12-07 13:07:18.692 [company.TG_4463_InvCreationStaffing] [enterPassword] - User's last name entered successfully
[INFO ] 2022-12-07 13:07:18.693 [company.TG_4463_InvCreationStaffing] [clickLoginButton] - Clicking on Login Button
[INFO ] 2022-12-07 13:07:18.750 [company.TG_4463_InvCreationStaffing] [clickLoginButton] - Close Pop Up clicked successfully
[INFO ] 2022-12-07 13:07:23.752 [company.TG_4463_InvCreationStaffing] [createTimesheetHiring] - Clicking on order Button
[INFO ] 2022-12-07 13:07:27.673 [company.TG_4463_InvCreationStaffing] [createTimesheetHiring] -  Order Button clicked successfully
[INFO ] 2022-12-07 13:07:43.857 [company.TG_4463_InvCreationStaffing] [createTimesheetHiring] -  Clicking On Timesheet Button
[INFO ] 2022-12-07 13:07:47.016 [company.TG_4463_InvCreationStaffing] [createTimesheetHiring] - Clicked On Timesheet Button successfully
[INFO ] 2022-12-07 13:07:47.017 [company.TG_4463_InvCreationStaffing] [createTimesheetHiring] - Clicking on addEditButton 
[INFO ] 2022-12-07 13:07:49.622 [company.TG_4463_InvCreationStaffing] [createTimesheetHiring] - AddEditButton Clicked Successfully 
[INFO ] 2022-12-07 13:07:49.622 [company.TG_4463_InvCreationStaffing] [createTimesheetHiring] - Entering current date in Timesheet
[INFO ] 2022-12-07 13:07:56.894 [company.TG_4463_InvCreationStaffing] [createTimesheetHiring] - Entered current date in Timesheet successfully
[INFO ] 2022-12-07 13:07:56.895 [company.TG_4463_InvCreationStaffing] [createTimesheetHiring] - Verify Start Time 
[INFO ] 2022-12-07 13:08:04.270 [company.TG_4463_InvCreationStaffing] [createTimesheetHiring] - Verify Start Time Field successfully
[INFO ] 2022-12-07 13:08:04.270 [company.TG_4463_InvCreationStaffing] [createTimesheetHiring] - Verify End Time 
[INFO ] 2022-12-07 13:08:11.878 [company.TG_4463_InvCreationStaffing] [createTimesheetHiring] - Verify End Time Field successfully
[INFO ] 2022-12-07 13:08:11.879 [company.TG_4463_InvCreationStaffing] [createTimesheetHiring] - Submitting Timesheet 
[INFO ] 2022-12-07 13:08:18.843 [company.TG_4463_InvCreationStaffing] [createTimesheetHiring] -  Timesheet Submit successfully
[INFO ] 2022-12-07 13:08:30.112 [company.TG_4463_InvCreationStaffing] [Tag_approveTimesheetFromStaffing] - Started==Starting End To End Flow approveTimesheet
[INFO ] 2022-12-07 13:08:38.832 [company.TG_4463_InvCreationStaffing] [enterUsername] - Entering new user's first name
[INFO ] 2022-12-07 13:08:38.933 [company.TG_4463_InvCreationStaffing] [enterUsername] - User's first name entered successfully
[INFO ] 2022-12-07 13:08:38.933 [company.TG_4463_InvCreationStaffing] [enterPassword] - Entering new user's last name
[INFO ] 2022-12-07 13:08:39.002 [company.TG_4463_InvCreationStaffing] [enterPassword] - User's last name entered successfully
[INFO ] 2022-12-07 13:08:39.003 [company.TG_4463_InvCreationStaffing] [clickLoginButton] - Clicking on Login Button
[INFO ] 2022-12-07 13:08:39.063 [company.TG_4463_InvCreationStaffing] [clickLoginButton] - Close Pop Up clicked successfully
[INFO ] 2022-12-07 13:08:42.066 [company.TG_4463_InvCreationStaffing] [approveTimesheetFromStaffing] - Clicking Order menu present on the staffing homepage
[INFO ] 2022-12-07 13:08:51.962 [company.TG_4463_InvCreationStaffing] [approveTimesheetFromStaffing] - Order menu present on the staffing hompage clicked successfully.
[INFO ] 2022-12-07 13:08:51.964 [company.TG_4463_InvCreationStaffing] [approveTimesheetFromStaffing] - Clicking All orders menu present on the staffing homepage
[INFO ] 2022-12-07 13:08:59.880 [company.TG_4463_InvCreationStaffing] [approveTimesheetFromStaffing] - All orders menu present on the staffing hompage clicked successfully.
[INFO ] 2022-12-07 13:09:14.407 [company.TG_4463_InvCreationStaffing] [approveTimesheetFromStaffing] - Clicking On Timesheet
[INFO ] 2022-12-07 13:09:25.821 [company.TG_4463_InvCreationStaffing] [approveTimesheetFromStaffing] - Click On Timesheet successfully
[INFO ] 2022-12-07 13:09:25.823 [company.TG_4463_InvCreationStaffing] [approveTimesheetFromStaffing] - Clicking on Approval Grid
[INFO ] 2022-12-07 13:09:29.373 [company.TG_4463_InvCreationStaffing] [approveTimesheetFromStaffing] - Timesheet Approval Grid Clicked Successfully
[INFO ] 2022-12-07 13:09:29.375 [company.TG_4463_InvCreationStaffing] [approveTimesheetFromStaffing] - Clicking on checkbox
[INFO ] 2022-12-07 13:09:32.530 [company.TG_4463_InvCreationStaffing] [approveTimesheetFromStaffing] - checkbox Clicked Successfully
[INFO ] 2022-12-07 13:09:32.534 [company.TG_4463_InvCreationStaffing] [approveTimesheetFromStaffing] - Clicking On Actions
