[INFO ] 2022-12-28 06:38:04.142 [CRM.TG_5352_Lead_Creation] [VerifyLeadForm] - Logging in
[INFO ] 2022-12-28 06:38:07.455 [CRM.TG_5352_Lead_Creation] [enterUsername] - Entering new user's first name
[INFO ] 2022-12-28 06:38:08.083 [CRM.TG_5352_Lead_Creation] [enterUsername] - User's first name entered successfully
[INFO ] 2022-12-28 06:38:08.084 [CRM.TG_5352_Lead_Creation] [enterPassword] - Entering new user's last name
[INFO ] 2022-12-28 06:38:09.538 [CRM.TG_5352_Lead_Creation] [enterPassword] - User's last name entered successfully
[INFO ] 2022-12-28 06:38:09.542 [CRM.TG_5352_Lead_Creation] [clickLoginButton] - Clicking on Login Button
[INFO ] 2022-12-28 06:38:10.059 [CRM.TG_5352_Lead_Creation] [clickLoginButton] - Close Pop Up clicked successfully
[INFO ] 2022-12-28 06:38:10.079 [CRM.TG_5352_Lead_Creation] [VerifyLeadForm] - Verifying CRM Icon
[INFO ] 2022-12-28 06:38:10.079 [CRM.TG_5352_Lead_Creation] [verifyCRMTextOnHomepage] - Check for CRM Icon on Homepage
[INFO ] 2022-12-28 06:38:28.727 [CRM.TG_5352_Lead_Creation] [verifyCRMTextOnHomepage] - CRM Icon displayed successfully
[INFO ] 2022-12-28 06:38:28.741 [CRM.TG_5352_Lead_Creation] [clickCRMIcon] - Clicking on CRM Button
[INFO ] 2022-12-28 06:38:29.569 [CRM.TG_5352_Lead_Creation] [clickCRMIcon] - CRM Button clicked successfully
[INFO ] 2022-12-28 06:38:31.575 [CRM.TG_5352_Lead_Creation] [clickLeadIcon] - Clicking on Lead Button
[INFO ] 2022-12-28 06:38:33.620 [CRM.TG_5352_Lead_Creation] [clickLeadIcon] - Lead Button clicked successfully
[INFO ] 2022-12-28 06:38:35.627 [CRM.TG_5352_Lead_Creation] [verifyLeadListingForm] - Check for Lead Title
[INFO ] 2022-12-28 06:38:35.709 [CRM.TG_5352_Lead_Creation] [verifyLeadListingForm] - Lead Title displayed successfully
[INFO ] 2022-12-28 06:38:37.716 [CRM.TG_5352_Lead_Creation] [clickAddLeadButton] - Clicking on Lead Button
[INFO ] 2022-12-28 06:38:38.790 [CRM.TG_5352_Lead_Creation] [clickAddLeadButton] - Add Lead Button clicked successfully
[INFO ] 2022-12-28 06:38:40.793 [CRM.TG_5352_Lead_Creation] [verifyLeadForm] - Check for New Lead Form
[INFO ] 2022-12-28 06:38:40.903 [CRM.TG_5352_Lead_Creation] [verifyLeadForm] - New Lead Form displayed successfully
[INFO ] 2022-12-28 06:38:41.012 [CRM.TG_5352_Lead_Creation] [CreateLead] - Verifying Mandatory Fields
[INFO ] 2022-12-28 06:38:41.012 [CRM.TG_5352_Lead_Creation] [clickSaveButton] - Clicking on Save Button
[INFO ] 2022-12-28 06:38:41.369 [CRM.TG_5352_Lead_Creation] [clickSaveButton] - Save Button clicked successfully
[INFO ] 2022-12-28 06:38:47.680 [CRM.TG_5352_Lead_Creation] [enterFirstName] - Entering First Name
[INFO ] 2022-12-28 06:38:48.674 [CRM.TG_5352_Lead_Creation] [enterFirstName] - First Name Entered Successfully
[INFO ] 2022-12-28 06:38:49.329 [CRM.TG_5352_Lead_Creation] [enterLastName] - Entering Last Name
[INFO ] 2022-12-28 06:38:51.666 [CRM.TG_5352_Lead_Creation] [enterLastName] - Last Name Entered Successfully
[INFO ] 2022-12-28 06:38:51.976 [CRM.TG_5352_Lead_Creation] [enterCompanyName] - Entering Company Name
[INFO ] 2022-12-28 06:38:52.737 [CRM.TG_5352_Lead_Creation] [enterCompanyName] - Company Name Entered Successfully
[INFO ] 2022-12-28 06:38:52.738 [CRM.TG_5352_Lead_Creation] [enterEmail] - Entering Email
[INFO ] 2022-12-28 06:38:53.048 [CRM.TG_5352_Lead_Creation] [enterEmail] - Email Entered Successfully
[INFO ] 2022-12-28 06:38:55.068 [CRM.TG_5352_Lead_Creation] [enterPhoneNumber] - Entering Phone Number
[INFO ] 2022-12-28 06:38:55.227 [CRM.TG_5352_Lead_Creation] [enterPhoneNumber] - Phone Number Entered Successfully
[INFO ] 2022-12-28 06:38:55.227 [CRM.TG_5352_Lead_Creation] [selectSearchOnMapsCheckbox] - Selecting search on Maps checkbox
[INFO ] 2022-12-28 06:38:57.649 [CRM.TG_5352_Lead_Creation] [selectSearchOnMapsCheckbox] - Search on maps checkbox selected
[INFO ] 2022-12-28 06:38:59.656 [CRM.TG_5352_Lead_Creation] [enterEmployeeAddressOnMaps] - Etering employee address on maps
[INFO ] 2022-12-28 06:39:01.125 [CRM.TG_5352_Lead_Creation] [enterEmployeeAddressOnMaps] - Employee entered successfully
[INFO ] 2022-12-28 06:39:03.130 [CRM.TG_5352_Lead_Creation] [clickSaveButton] - Clicking on Save Button
[INFO ] 2022-12-28 06:39:03.313 [CRM.TG_5352_Lead_Creation] [clickSaveButton] - Save Button clicked successfully
[INFO ] 2022-12-28 06:39:06.317 [CRM.TG_5352_Lead_Creation] [verifyLeadStatus] - Check for Status as Lead
[INFO ] 2022-12-28 06:39:06.550 [CRM.TG_5352_Lead_Creation] [verifyLeadStatus] - Status verified as Lead successfully
[INFO ] 2022-12-28 06:39:08.557 [CRM.TG_5352_Lead_Creation] [clickLeadLinkforListingForm] - Click on Lead for Listing form
[INFO ] 2022-12-28 06:39:08.971 [CRM.TG_5352_Lead_Creation] [clickLeadLinkforListingForm] - Lead for Listing form clicked Successfully
[INFO ] 2022-12-28 06:39:08.971 [CRM.TG_5352_Lead_Creation] [verifyCreatedLead] - Check for Created Lead
[INFO ] 2022-12-28 06:39:09.061 [CRM.TG_5352_Lead_Creation] [verifyCreatedLead] - Created Lead displayed successfully
[INFO ] 2022-12-28 06:39:11.069 [CRM.TG_5352_Lead_Creation] [clickCreatedLead] - Clicking on Created Lead
[INFO ] 2022-12-28 06:39:11.393 [CRM.TG_5352_Lead_Creation] [clickCreatedLead] - Created Lead clicked successfully
[INFO ] 2022-12-28 06:39:13.400 [CRM.TG_5352_Lead_Creation] [clickLeadStatusOpen] - Clicking on Status dropdown
[INFO ] 2022-12-28 06:39:13.827 [CRM.TG_5352_Lead_Creation] [clickLeadStatusOpen] - Status entered successfully
[INFO ] 2022-12-28 06:39:15.832 [CRM.TG_5352_Lead_Creation] [clickNotesropdown] - Clicking on Notes Dropdown
[INFO ] 2022-12-28 06:39:16.242 [CRM.TG_5352_Lead_Creation] [clickNotesropdown] - Notes Dropdown clicked successfully
[INFO ] 2022-12-28 06:39:18.256 [CRM.TG_5352_Lead_Creation] [enterNotes] - Entering Note
[INFO ] 2022-12-28 06:39:19.664 [CRM.TG_5352_Lead_Creation] [enterNotes] - Note Entered Successfully
[INFO ] 2022-12-28 06:39:21.675 [CRM.TG_5352_Lead_Creation] [clickLeadStatusContractNegotiation] - Clicking on Status dropdown
[INFO ] 2022-12-28 06:39:22.103 [CRM.TG_5352_Lead_Creation] [clickLeadStatusContractNegotiation] - Status entered successfully
[INFO ] 2022-12-28 06:39:24.114 [CRM.TG_5352_Lead_Creation] [clickSaveButton] - Clicking on Save Button
[INFO ] 2022-12-28 06:39:24.389 [CRM.TG_5352_Lead_Creation] [clickSaveButton] - Save Button clicked successfully
[INFO ] 2022-12-28 06:39:26.393 [CRM.TG_5352_Lead_Creation] [verifyPrepareContractButton] - Verify Prepare Contract Button
[INFO ] 2022-12-28 06:39:26.495 [CRM.TG_5352_Lead_Creation] [verifyPrepareContractButton] - Prepare Contract Button displayed successfully
[INFO ] 2022-12-28 06:39:26.496 [CRM.TG_5352_Lead_Creation] [clickPrepareContractButton] - Clicking on Prepare Contract Button
[INFO ] 2022-12-28 06:39:26.580 [CRM.TG_5352_Lead_Creation] [clickPrepareContractButton] - Prepare Contract Button clicked successfully
[INFO ] 2022-12-28 06:39:28.589 [CRM.TG_5352_Lead_Creation] [verifyContractForm] - Check for New Contract Form
[INFO ] 2022-12-28 06:39:28.698 [CRM.TG_5352_Lead_Creation] [verifyContractForm] - New Contract Form displayed successfully
[INFO ] 2022-12-28 06:39:28.699 [CRM.TG_5352_Lead_Creation] [enterStartDate] - enter Start date 
[INFO ] 2022-12-28 06:39:34.228 [CRM.TG_5352_Lead_Creation] [enterStartDate] - Verify enter Start date
[INFO ] 2022-12-28 06:39:36.242 [CRM.TG_5352_Lead_Creation] [enterEndDate] - Verify End Date 
[INFO ] 2022-12-28 06:39:41.654 [CRM.TG_5352_Lead_Creation] [enterEndDate] - Verify enter End date
[INFO ] 2022-12-28 06:39:43.662 [CRM.TG_5352_Lead_Creation] [clickAddRowButton] - Clicking on Add Row Button
[INFO ] 2022-12-28 06:39:43.997 [CRM.TG_5352_Lead_Creation] [clickAddRowButton] - Add Row Button clicked successfully
[INFO ] 2022-12-28 06:39:46.005 [CRM.TG_5352_Lead_Creation] [enterJobTitleInTable] - Entering Job Title List in the Table
[INFO ] 2022-12-28 06:39:46.220 [CRM.TG_5352_Lead_Creation] [enterJobTitleInTable] - Clicked Job Title in the Table successfully
[INFO ] 2022-12-28 06:39:48.226 [CRM.TG_5352_Lead_Creation] [enterTitle] - Enter Title
[INFO ] 2022-12-28 06:39:51.663 [CRM.TG_5352_Lead_Creation] [enterTitle] - Entered Job Title in the Table successfully
[INFO ] 2022-12-28 06:39:53.670 [CRM.TG_5352_Lead_Creation] [enterSign] - Entering Sign
[INFO ] 2022-12-28 06:39:53.895 [CRM.TG_5352_Lead_Creation] [enterSign] - Sign Entered Successfully
[INFO ] 2022-12-28 06:39:55.904 [CRM.TG_5352_Lead_Creation] [clickSaveButtonInContract] - Clicking on Save Button
[INFO ] 2022-12-28 06:39:56.069 [CRM.TG_5352_Lead_Creation] [clickSaveButtonInContract] - Save Button clicked successfully
[INFO ] 2022-12-28 06:39:58.080 [CRM.TG_5352_Lead_Creation] [verifyFinalizeButton] - Verify Finalize Button
[INFO ] 2022-12-28 06:39:58.287 [CRM.TG_5352_Lead_Creation] [verifyFinalizeButton] - Finalize Button displayed successfully
[INFO ] 2022-12-28 06:40:00.294 [CRM.TG_5352_Lead_Creation] [clickFinalizeButton] - Clicking Finalize button
[INFO ] 2022-12-28 06:40:00.458 [CRM.TG_5352_Lead_Creation] [clickFinalizeButton] - Finalize button clicked successfully
[INFO ] 2022-12-28 06:40:30.469 [CRM.TG_5352_Lead_Creation] [verifyPopUpSuccessMsg] - Verifying pop up msg
[INFO ] 2022-12-28 06:40:39.292 [CRM.TG_5352_Lead_Creation] [verifyPopUpSuccessMsg] - pop up msg displayed successfully
[INFO ] 2022-12-28 06:40:39.304 [CRM.TG_5352_Lead_Creation] [clickContractLinkforListingForm] - Click on Contract for Listing form
