[INFO ] 2022-12-06 16:43:45.639 [company.TG_4419_AssignEmployeeFromStaffing] [Tag_EndToEndFlowNewOrderHiring] - Started==Starting End To End Flow NewOrderHiring
[INFO ] 2022-12-06 16:44:01.265 [company.TG_4419_AssignEmployeeFromStaffing] [enterUsername] - Entering new user's first name
[INFO ] 2022-12-06 16:44:02.060 [company.TG_4419_AssignEmployeeFromStaffing] [enterUsername] - User's first name entered successfully
[INFO ] 2022-12-06 16:44:02.061 [company.TG_4419_AssignEmployeeFromStaffing] [enterPassword] - Entering new user's last name
[INFO ] 2022-12-06 16:44:02.680 [company.TG_4419_AssignEmployeeFromStaffing] [enterPassword] - User's last name entered successfully
[INFO ] 2022-12-06 16:44:02.680 [company.TG_4419_AssignEmployeeFromStaffing] [clickLoginButton] - Clicking on Login Button
[INFO ] 2022-12-06 16:44:04.775 [company.TG_4419_AssignEmployeeFromStaffing] [clickLoginButton] - Close Pop Up clicked successfully
[INFO ] 2022-12-06 16:44:04.776 [company.TG_4419_AssignEmployeeFromStaffing] [newOrderHiring] - Clicking on New Order Button
[INFO ] 2022-12-06 16:44:23.186 [company.TG_4419_AssignEmployeeFromStaffing] [newOrderHiring] - New Order Button clicked successfully
[INFO ] 2022-12-06 16:44:23.187 [company.TG_4419_AssignEmployeeFromStaffing] [newOrderHiring] - Entering EstDailyHours
[INFO ] 2022-12-06 16:44:33.336 [company.TG_4419_AssignEmployeeFromStaffing] [newOrderHiring] - EstDailyHours entered successfully
[INFO ] 2022-12-06 16:44:33.336 [company.TG_4419_AssignEmployeeFromStaffing] [newOrderHiring] - Entering StartDate
[INFO ] 2022-12-06 16:44:39.255 [company.TG_4419_AssignEmployeeFromStaffing] [newOrderHiring] - StartDate entered successfully
[INFO ] 2022-12-06 16:44:39.257 [company.TG_4419_AssignEmployeeFromStaffing] [newOrderHiring] - Entering EndDate
[INFO ] 2022-12-06 16:44:50.600 [company.TG_4419_AssignEmployeeFromStaffing] [newOrderHiring] - EndDate entered successfully
[INFO ] 2022-12-06 16:44:50.602 [company.TG_4419_AssignEmployeeFromStaffing] [newOrderHiring] - Entering StartTime
[INFO ] 2022-12-06 16:44:51.563 [company.TG_4419_AssignEmployeeFromStaffing] [newOrderHiring] - StartTime entered successfully
[INFO ] 2022-12-06 16:44:51.564 [company.TG_4419_AssignEmployeeFromStaffing] [newOrderHiring] - Entering Availability
[INFO ] 2022-12-06 16:44:51.794 [company.TG_4419_AssignEmployeeFromStaffing] [newOrderHiring] - Availabilit entered successfully
[INFO ] 2022-12-06 16:44:51.795 [company.TG_4419_AssignEmployeeFromStaffing] [newOrderHiring] - Entering JobSite
[INFO ] 2022-12-06 16:44:58.917 [company.TG_4419_AssignEmployeeFromStaffing] [newOrderHiring] - JobSite entered successfully
[INFO ] 2022-12-06 16:44:58.917 [company.TG_4419_AssignEmployeeFromStaffing] [newOrderHiring] - Entering JobTitle
[INFO ] 2022-12-06 16:45:08.574 [company.TG_4419_AssignEmployeeFromStaffing] [newOrderHiring] - JobTitle entered successfully
[INFO ] 2022-12-06 16:45:08.575 [company.TG_4419_AssignEmployeeFromStaffing] [newOrderHiring] - Entering No Of Workers
[INFO ] 2022-12-06 16:45:13.707 [company.TG_4419_AssignEmployeeFromStaffing] [newOrderHiring] - NoOfWorkers entered successfully
[INFO ] 2022-12-06 16:45:13.708 [company.TG_4419_AssignEmployeeFromStaffing] [newOrderHiring] - Entering ESignature
[INFO ] 2022-12-06 16:45:13.929 [company.TG_4419_AssignEmployeeFromStaffing] [newOrderHiring] - ESignature entered successfully
[INFO ] 2022-12-06 16:45:13.930 [company.TG_4419_AssignEmployeeFromStaffing] [newOrderHiring] - clickAgreeContract
[INFO ] 2022-12-06 16:45:14.070 [company.TG_4419_AssignEmployeeFromStaffing] [newOrderHiring] - clickAgreeContract successfully
[INFO ] 2022-12-06 16:45:14.070 [company.TG_4419_AssignEmployeeFromStaffing] [newOrderHiring] - clickSaveButton
[INFO ] 2022-12-06 16:45:14.422 [company.TG_4419_AssignEmployeeFromStaffing] [newOrderHiring] - SaveButton Clicked successfully
[INFO ] 2022-12-06 16:45:23.010 [company.TG_4419_AssignEmployeeFromStaffing] [newOrderHiring] - Job order link present on the home page clicked
[INFO ] 2022-12-06 16:45:37.813 [company.TG_4419_AssignEmployeeFromStaffing] [newOrderHiring] - Verify Job Order Id and Email Successfully
[INFO ] 2022-12-06 16:45:50.682 [company.TG_4419_AssignEmployeeFromStaffing] [Tag_CreateEmployeeFromStaffing] - Started==Starting End To End Flow CreateEmployeeFromStaffing
[INFO ] 2022-12-06 16:46:00.343 [company.TG_4419_AssignEmployeeFromStaffing] [enterUsername] - Entering new user's first name
[INFO ] 2022-12-06 16:46:00.430 [company.TG_4419_AssignEmployeeFromStaffing] [enterUsername] - User's first name entered successfully
[INFO ] 2022-12-06 16:46:00.430 [company.TG_4419_AssignEmployeeFromStaffing] [enterPassword] - Entering new user's last name
[INFO ] 2022-12-06 16:46:00.502 [company.TG_4419_AssignEmployeeFromStaffing] [enterPassword] - User's last name entered successfully
[INFO ] 2022-12-06 16:46:00.503 [company.TG_4419_AssignEmployeeFromStaffing] [clickLoginButton] - Clicking on Login Button
[INFO ] 2022-12-06 16:46:00.574 [company.TG_4419_AssignEmployeeFromStaffing] [clickLoginButton] - Close Pop Up clicked successfully
[INFO ] 2022-12-06 16:46:32.038 [company.TG_4419_AssignEmployeeFromStaffing] [clickAddNewEployeeButton] - Clicking on Add New Employee Button
[INFO ] 2022-12-06 16:46:33.050 [company.TG_4419_AssignEmployeeFromStaffing] [clickAddNewEployeeButton] - Employee button clicked successfully
[INFO ] 2022-12-06 16:46:33.051 [company.TG_4419_AssignEmployeeFromStaffing] [enterCompanyName] - Entering Company Name
[INFO ] 2022-12-06 16:46:33.399 [company.TG_4419_AssignEmployeeFromStaffing] [enterCompanyName] - Company Name entered successfully
[INFO ] 2022-12-06 16:46:33.400 [company.TG_4419_AssignEmployeeFromStaffing] [enterFirstName] - Entering First Name
[INFO ] 2022-12-06 16:46:33.521 [company.TG_4419_AssignEmployeeFromStaffing] [enterFirstName] - First Name entered successfully
[INFO ] 2022-12-06 16:46:33.521 [company.TG_4419_AssignEmployeeFromStaffing] [enterLastName] - Entering Last Name
[INFO ] 2022-12-06 16:46:33.612 [company.TG_4419_AssignEmployeeFromStaffing] [enterLastName] - Last Name entered successfully
[INFO ] 2022-12-06 16:46:33.612 [company.TG_4419_AssignEmployeeFromStaffing] [enterDateOfBirthField] - Entering date of birth
[INFO ] 2022-12-06 16:46:34.801 [company.TG_4419_AssignEmployeeFromStaffing] [enterDateOfBirthField] - Date of birth entered successfully
[INFO ] 2022-12-06 16:46:34.802 [company.TG_4419_AssignEmployeeFromStaffing] [enterEmail] - Entering email
[INFO ] 2022-12-06 16:46:34.971 [company.TG_4419_AssignEmployeeFromStaffing] [enterEmail] - Email entered successfully
[INFO ] 2022-12-06 16:46:34.971 [company.TG_4419_AssignEmployeeFromStaffing] [selectSearchOnMapsCheckbox] - Selecting search on Maps checkbox
[INFO ] 2022-12-06 16:46:37.158 [company.TG_4419_AssignEmployeeFromStaffing] [selectSearchOnMapsCheckbox] - Search on maps checkbox selected
[INFO ] 2022-12-06 16:46:37.158 [company.TG_4419_AssignEmployeeFromStaffing] [enterEmployeeAddressOnMaps] - Etering employee address on maps
[INFO ] 2022-12-06 16:46:38.420 [company.TG_4419_AssignEmployeeFromStaffing] [enterEmployeeAddressOnMaps] - Employee entered successfully
[INFO ] 2022-12-06 16:46:38.421 [company.TG_4419_AssignEmployeeFromStaffing] [clickSaveButton] - Clicking Save button
[INFO ] 2022-12-06 16:46:38.574 [company.TG_4419_AssignEmployeeFromStaffing] [clickSaveButton] - Save button clicked successfully
[INFO ] 2022-12-06 16:47:18.575 [company.TG_4419_AssignEmployeeFromStaffing] [getEmployeeIdFromEmaployeeDetailsPage] - Fetching employee id
[INFO ] 2022-12-06 16:47:18.639 [company.TG_4419_AssignEmployeeFromStaffing] [getEmployeeIdFromEmaployeeDetailsPage] - Employee id fetched successfully
[INFO ] 2022-12-06 16:47:18.749 [company.TG_4419_AssignEmployeeFromStaffing] [Tag_EndToEndFlowClaimFromStaffing] - Started==Starting End To End Flow ClaimFromStaffing
[INFO ] 2022-12-06 16:47:18.749 [company.TG_4419_AssignEmployeeFromStaffing] [ClaimOrderForStaffing] - Clicking Job orders menu present on the staffing homepage navigates to joborder listing form 
[INFO ] 2022-12-06 16:47:47.912 [company.TG_4419_AssignEmployeeFromStaffing] [ClaimOrderForStaffing] - Clicking on Claim order Button
[INFO ] 2022-12-06 16:48:00.604 [company.TG_4419_AssignEmployeeFromStaffing] [ClaimOrderForStaffing] - Claim order button clicked successfully
[INFO ] 2022-12-06 16:48:00.605 [company.TG_4419_AssignEmployeeFromStaffing] [ClaimOrderForStaffing] - Entering the No. of Employees Claim
[INFO ] 2022-12-06 16:48:05.739 [company.TG_4419_AssignEmployeeFromStaffing] [ClaimOrderForStaffing] - No. of Employees Claim entered successfully
[INFO ] 2022-12-06 16:48:10.740 [company.TG_4419_AssignEmployeeFromStaffing] [ClaimOrderForStaffing] - Entering the E-Signature
[INFO ] 2022-12-06 16:48:12.910 [company.TG_4419_AssignEmployeeFromStaffing] [ClaimOrderForStaffing] - E-Signature entered successfully
[INFO ] 2022-12-06 16:48:12.911 [company.TG_4419_AssignEmployeeFromStaffing] [ClaimOrderForStaffing] - Clicking on Agree to Contract Button
[INFO ] 2022-12-06 16:48:15.016 [company.TG_4419_AssignEmployeeFromStaffing] [ClaimOrderForStaffing] - Agree to Contract Button clicked successfully
[INFO ] 2022-12-06 16:48:15.016 [company.TG_4419_AssignEmployeeFromStaffing] [ClaimOrderForStaffing] - Clicking on Submit Claim Button
[INFO ] 2022-12-06 16:48:22.125 [company.TG_4419_AssignEmployeeFromStaffing] [ClaimOrderForStaffing] - Submit Claim Button clicked successfully
[INFO ] 2022-12-06 16:48:44.936 [company.TG_4419_AssignEmployeeFromStaffing] [Tag_EndToEndFlowClaimApproveHiring] - Started==Starting End To End Flow ApproveHiring
[INFO ] 2022-12-06 16:48:53.433 [company.TG_4419_AssignEmployeeFromStaffing] [enterUsername] - Entering new user's first name
[INFO ] 2022-12-06 16:48:53.552 [company.TG_4419_AssignEmployeeFromStaffing] [enterUsername] - User's first name entered successfully
[INFO ] 2022-12-06 16:48:53.552 [company.TG_4419_AssignEmployeeFromStaffing] [enterPassword] - Entering new user's last name
[INFO ] 2022-12-06 16:48:53.625 [company.TG_4419_AssignEmployeeFromStaffing] [enterPassword] - User's last name entered successfully
[INFO ] 2022-12-06 16:48:53.625 [company.TG_4419_AssignEmployeeFromStaffing] [clickLoginButton] - Clicking on Login Button
[INFO ] 2022-12-06 16:48:53.698 [company.TG_4419_AssignEmployeeFromStaffing] [clickLoginButton] - Close Pop Up clicked successfully
[INFO ] 2022-12-06 16:48:53.699 [company.TG_4419_AssignEmployeeFromStaffing] [ApproveClaimFromHiring] - Clicking Order menu present on the staffing homepage
[INFO ] 2022-12-06 16:49:04.666 [company.TG_4419_AssignEmployeeFromStaffing] [ApproveClaimFromHiring] - Order menu present on the staffing hompage clicked successfully.
[INFO ] 2022-12-06 16:49:04.667 [company.TG_4419_AssignEmployeeFromStaffing] [ApproveClaimFromHiring] - Clicking All orders menu present on the staffing homepage
[INFO ] 2022-12-06 16:49:18.863 [company.TG_4419_AssignEmployeeFromStaffing] [ApproveClaimFromHiring] - Clicking on the claim button navigates to claim order form 
[INFO ] 2022-12-06 16:49:22.005 [company.TG_4419_AssignEmployeeFromStaffing] [ApproveClaimFromHiring] - Clicking on the claim button navigates to claim order form successfully
[INFO ] 2022-12-06 16:49:22.005 [company.TG_4419_AssignEmployeeFromStaffing] [ApproveClaimFromHiring] - Clicking the select head count button on the claim order form
[INFO ] 2022-12-06 16:49:23.380 [company.TG_4419_AssignEmployeeFromStaffing] [ApproveClaimFromHiring] - Clicked the select head count button on the claim order form successfully
[INFO ] 2022-12-06 16:49:23.380 [company.TG_4419_AssignEmployeeFromStaffing] [ApproveClaimFromHiring] - Entering Approve count should not be greater than Workerscount
[INFO ] 2022-12-06 16:49:29.868 [company.TG_4419_AssignEmployeeFromStaffing] [ApproveClaimFromHiring] - Approve count is not more than the workers count
[INFO ] 2022-12-06 16:49:29.872 [company.TG_4419_AssignEmployeeFromStaffing] [ApproveClaimFromHiring] - Clicking on modal submit Button
[INFO ] 2022-12-06 16:49:30.117 [company.TG_4419_AssignEmployeeFromStaffing] [ApproveClaimFromHiring] - Modal submit button clicked successfully
[INFO ] 2022-12-06 16:49:47.926 [company.TG_4419_AssignEmployeeFromStaffing] [enterUsername] - Entering new user's first name
[INFO ] 2022-12-06 16:49:48.019 [company.TG_4419_AssignEmployeeFromStaffing] [enterUsername] - User's first name entered successfully
[INFO ] 2022-12-06 16:49:48.019 [company.TG_4419_AssignEmployeeFromStaffing] [enterPassword] - Entering new user's last name
[INFO ] 2022-12-06 16:49:48.131 [company.TG_4419_AssignEmployeeFromStaffing] [enterPassword] - User's last name entered successfully
[INFO ] 2022-12-06 16:49:48.131 [company.TG_4419_AssignEmployeeFromStaffing] [clickLoginButton] - Clicking on Login Button
[INFO ] 2022-12-06 16:49:48.195 [company.TG_4419_AssignEmployeeFromStaffing] [clickLoginButton] - Close Pop Up clicked successfully
[INFO ] 2022-12-06 16:49:51.201 [company.TG_4419_AssignEmployeeFromStaffing] [clickOrdersMenuOnStaffingHomePage] - Clicking Order menu present on the staffing homepage
[INFO ] 2022-12-06 16:49:57.124 [company.TG_4419_AssignEmployeeFromStaffing] [clickOrdersMenuOnStaffingHomePage] - Order menu present on the staffing hompage clicked successfully.
[INFO ] 2022-12-06 16:50:00.127 [company.TG_4419_AssignEmployeeFromStaffing] [clickAllOrdersOnStaffingHomePage] - Clicking All orders menu present on the staffing homepage
[INFO ] 2022-12-06 16:50:03.970 [company.TG_4419_AssignEmployeeFromStaffing] [clickAllOrdersOnStaffingHomePage] - All orders menu present on the staffing hompage clicked successfully.
[INFO ] 2022-12-06 16:50:08.975 [company.TG_4419_AssignEmployeeFromStaffing] [selectParticularJobOrderFromListing] - Selecting Particular Joborder on the listing
[INFO ] 2022-12-06 16:50:20.128 [company.TG_4419_AssignEmployeeFromStaffing] [selectParticularJobOrderFromListing] - Particular Joborder on the listing selected successfully
[INFO ] 2022-12-06 16:50:22.132 [company.TG_4419_AssignEmployeeFromStaffing] [verifyPleaseAssignEmployeeMessage] - Check for 'Please Assign Employee' message Displayed
[INFO ] 2022-12-06 16:50:26.054 [company.TG_4419_AssignEmployeeFromStaffing] [verifyPleaseAssignEmployeeMessage] - Message displayed successfully
[INFO ] 2022-12-06 16:50:26.078 [company.TG_4419_AssignEmployeeFromStaffing] [clickAssignEmployeesButton] - Clicking Assign employees under the related section
[INFO ] 2022-12-06 16:50:29.067 [company.TG_4419_AssignEmployeeFromStaffing] [clickAssignEmployeesButton] - Clicked assign employees on job order form successfully
[INFO ] 2022-12-06 16:50:31.073 [company.TG_4419_AssignEmployeeFromStaffing] [verifyNewAssignEmployeeFormVisible] - Check new assign employee form is visible
[INFO ] 2022-12-06 16:50:32.528 [company.TG_4419_AssignEmployeeFromStaffing] [verifyNewAssignEmployeeFormVisible] - New assign employee form displayed successfully
[INFO ] 2022-12-06 16:50:32.538 [company.TG_4419_AssignEmployeeFromStaffing] [clickSaveButton] - Clicking save new Assign Employee form
[INFO ] 2022-12-06 16:50:36.640 [company.TG_4419_AssignEmployeeFromStaffing] [clickSaveButton] - save button in new Assign Employee form clicked successfully
[INFO ] 2022-12-06 16:50:36.640 [company.TG_4419_AssignEmployeeFromStaffing] [verifyMandatoryFieldErrorMessage] - Check for all mandatory fiels entered
[INFO ] 2022-12-06 16:50:36.874 [company.TG_4419_AssignEmployeeFromStaffing] [verifyMandatoryFieldErrorMessage] - Error message displayed successfully
[INFO ] 2022-12-06 16:50:36.875 [company.TG_4419_AssignEmployeeFromStaffing] [clickErrorClose] - Clicking on Close Icon
[INFO ] 2022-12-06 16:50:39.017 [company.TG_4419_AssignEmployeeFromStaffing] [clickErrorClose] - Close Icon clicked successfully
[INFO ] 2022-12-06 16:50:39.018 [company.TG_4419_AssignEmployeeFromStaffing] [verifyCompanyFeildAutoPopulated] - Verify Company Feild auto populated in new Assign Employee form
[INFO ] 2022-12-06 16:50:39.063 [company.TG_4419_AssignEmployeeFromStaffing] [verifyCompanyFeildAutoPopulated] - Company Feild auto populated in new Assign Employee form successfully.
[INFO ] 2022-12-06 16:50:39.075 [company.TG_4419_AssignEmployeeFromStaffing] [verifyEmployeePayRate] - Verfied employee pay rate field in new Assign Employee form 
[INFO ] 2022-12-06 16:50:39.118 [company.TG_4419_AssignEmployeeFromStaffing] [verifyEmployeePayRate] - Verfied and removed the employee pay rate
[INFO ] 2022-12-06 16:50:39.118 [company.TG_4419_AssignEmployeeFromStaffing] [verifyEmpPayRatePopulated] - Verify employee pay rate value auto populated in new Assign Employee form
[INFO ] 2022-12-06 16:50:39.249 [company.TG_4419_AssignEmployeeFromStaffing] [verifyEmpPayRatePopulated] - Employee pay rate value auto populated in new Assign Employee form successfully.
[INFO ] 2022-12-06 16:50:39.258 [company.TG_4419_AssignEmployeeFromStaffing] [verifyDistanceRadiusFeild] - Verify Distance Radius Feild is visible in new Assign Employee form
[INFO ] 2022-12-06 16:50:39.527 [company.TG_4419_AssignEmployeeFromStaffing] [verifyDistanceRadiusFeild] -  Distance Radius Feild is displayed in new Assign Employee form successfully.
[INFO ] 2022-12-06 16:50:39.527 [company.TG_4419_AssignEmployeeFromStaffing] [enterMiles] - Entering Distance radius in new Assign Employee form 
[INFO ] 2022-12-06 16:50:39.643 [company.TG_4419_AssignEmployeeFromStaffing] [enterMiles] - Distance radius in new Assign Employee form entered successfully
[INFO ] 2022-12-06 16:50:39.662 [company.TG_4419_AssignEmployeeFromStaffing] [verifyShowAllEmployeesVisible] - Verify ShowAllEmployees Feild is visible in new Assign Employee form
[INFO ] 2022-12-06 16:50:39.700 [company.TG_4419_AssignEmployeeFromStaffing] [verifyShowAllEmployeesVisible] -  ShowAllEmployees Feild is displayed in new Assign Employee form successfully.
[INFO ] 2022-12-06 16:50:39.701 [company.TG_4419_AssignEmployeeFromStaffing] [clickCheckBoxShowAllEmployess] - Clicking CheckBox ShowAllEmployees
[INFO ] 2022-12-06 16:50:41.805 [company.TG_4419_AssignEmployeeFromStaffing] [clickCheckBoxShowAllEmployess] -  ShowAllEmployees CheckBox clicked successfully
[INFO ] 2022-12-06 16:50:43.831 [company.TG_4419_AssignEmployeeFromStaffing] [clickAddRowButton] - Clicking AddRow in new Assign Employee form 
[INFO ] 2022-12-06 16:50:51.076 [company.TG_4419_AssignEmployeeFromStaffing] [clickAddRowButton] - AddRow button in new Assign Employee form clicked successfully
[INFO ] 2022-12-06 16:50:51.078 [company.TG_4419_AssignEmployeeFromStaffing] [verifyEmployeeIDVisible] - Verify employeeID is visible in new Assign Employee form
[INFO ] 2022-12-06 16:50:51.163 [company.TG_4419_AssignEmployeeFromStaffing] [verifyEmployeeIDVisible] - EmployeeID is displayed in new Assign Employee form successfully.
[INFO ] 2022-12-06 16:50:57.197 [company.TG_4419_AssignEmployeeFromStaffing] [clickEditButton] - Clicking edit button on the form under the EmployeeDetails
[INFO ] 2022-12-06 16:50:57.404 [company.TG_4419_AssignEmployeeFromStaffing] [clickEditButton] - Clicked edit button on the form under the EmployeeDetails successfully
[INFO ] 2022-12-06 16:50:57.404 [company.TG_4419_AssignEmployeeFromStaffing] [enterEmployeeId] - Entering employeeId in new Assign Employee form 
