[INFO ] 2022-12-21 18:35:11.573 [jobTitle_jobSite.TG_4863_JobSiteCreation] [enterUsername] - Entering new user's first name
[INFO ] 2022-12-21 18:35:12.503 [jobTitle_jobSite.TG_4863_JobSiteCreation] [enterUsername] - User's first name entered successfully
[INFO ] 2022-12-21 18:35:12.503 [jobTitle_jobSite.TG_4863_JobSiteCreation] [enterPassword] - Entering new user's last name
[INFO ] 2022-12-21 18:35:13.014 [jobTitle_jobSite.TG_4863_JobSiteCreation] [enterPassword] - User's last name entered successfully
[INFO ] 2022-12-21 18:35:13.015 [jobTitle_jobSite.TG_4863_JobSiteCreation] [clickLoginButton] - Clicking on Login Button
[INFO ] 2022-12-21 18:35:14.118 [jobTitle_jobSite.TG_4863_JobSiteCreation] [clickLoginButton] - Close Pop Up clicked successfully
[INFO ] 2022-12-21 18:35:17.126 [jobTitle_jobSite.TG_4863_JobSiteCreation] [clickJobSiteOnHomepage] - Clicking on Job Site on Homepage
[INFO ] 2022-12-21 18:35:34.776 [jobTitle_jobSite.TG_4863_JobSiteCreation] [clickJobSiteOnHomepage] - Job Site Listing opened successfully
[INFO ] 2022-12-21 18:35:39.786 [jobTitle_jobSite.TG_4863_JobSiteCreation] [clickAddJobSiteButton] - Clicking Add Job Site Button
[INFO ] 2022-12-21 18:35:41.350 [jobTitle_jobSite.TG_4863_JobSiteCreation] [clickAddJobSiteButton] - Add Job Site clicked successfully
[INFO ] 2022-12-21 18:35:44.358 [jobTitle_jobSite.TG_4863_JobSiteCreation] [clickCreateNewUserOption] - Clicking New User Option in Job site Contact
[INFO ] 2022-12-21 18:35:45.042 [jobTitle_jobSite.TG_4863_JobSiteCreation] [clickCreateNewUserOption] - New User Option in Job site Contactclicked successfully
[INFO ] 2022-12-21 18:35:47.050 [jobTitle_jobSite.TG_4863_JobSiteCreation] [enterCompanyType] - Entering Company Type
[INFO ] 2022-12-21 18:35:47.251 [jobTitle_jobSite.TG_4863_JobSiteCreation] [enterCompanyType] - Company Type Entered Successfully
[INFO ] 2022-12-21 18:35:47.252 [jobTitle_jobSite.TG_4863_JobSiteCreation] [clickLastNameField] - Clicking Last Name field
[INFO ] 2022-12-21 18:35:47.823 [jobTitle_jobSite.TG_4863_JobSiteCreation] [clickLastNameField] - Last Name  field clicked successfully
[INFO ] 2022-12-21 18:35:50.834 [jobTitle_jobSite.TG_4863_JobSiteCreation] [enterUserEmail] - Entering user email address
[INFO ] 2022-12-21 18:35:51.203 [jobTitle_jobSite.TG_4863_JobSiteCreation] [enterUserEmail] - Email entered successfully
[INFO ] 2022-12-21 18:35:51.203 [jobTitle_jobSite.TG_4863_JobSiteCreation] [enterFirstNameField] - Entering First Name field
[INFO ] 2022-12-21 18:35:51.481 [jobTitle_jobSite.TG_4863_JobSiteCreation] [enterFirstNameField] - First Name  entered successfully
[INFO ] 2022-12-21 18:35:51.481 [jobTitle_jobSite.TG_4863_JobSiteCreation] [enterLastNameField] - Entering Last Name field
[INFO ] 2022-12-21 18:35:51.654 [jobTitle_jobSite.TG_4863_JobSiteCreation] [enterLastNameField] - Last Name entered successfully
[INFO ] 2022-12-21 18:35:52.928 [jobTitle_jobSite.TG_4863_JobSiteCreation] [clickSavebutton1] - Clicking save button
[INFO ] 2022-12-21 18:35:53.096 [jobTitle_jobSite.TG_4863_JobSiteCreation] [clickSavebutton1] - Save button clicked successfully
[INFO ] 2022-12-21 18:36:20.253 [jobTitle_jobSite.TG_4863_JobSiteCreation] [clickClosePopUp] - Clicking on close icon in pop up
[INFO ] 2022-12-21 18:36:20.578 [jobTitle_jobSite.TG_4863_JobSiteCreation] [clickClosePopUp] - pop up closed successfully
[INFO ] 2022-12-21 18:36:20.584 [jobTitle_jobSite.TG_4863_JobSiteCreation] [selectSearchOnMapsCheckbox] - Selecting search on Maps checkbox
[INFO ] 2022-12-21 18:36:22.942 [jobTitle_jobSite.TG_4863_JobSiteCreation] [selectSearchOnMapsCheckbox] - Search on maps checkbox selected
[INFO ] 2022-12-21 18:36:22.944 [jobTitle_jobSite.TG_4863_JobSiteCreation] [enterEmployeeAddressOnMaps] - Entering employee address on maps
[INFO ] 2022-12-21 18:36:23.640 [jobTitle_jobSite.TG_4863_JobSiteCreation] [enterEmployeeAddressOnMaps] - Employee entered successfully
[INFO ] 2022-12-21 18:36:23.730 [jobTitle_jobSite.TG_4863_JobSiteCreation] [selectSearchOnMapsCheckbox] - Selecting search on Maps checkbox
[INFO ] 2022-12-21 18:36:26.335 [jobTitle_jobSite.TG_4863_JobSiteCreation] [selectSearchOnMapsCheckbox] - Search on maps checkbox selected
[INFO ] 2022-12-21 18:36:26.335 [jobTitle_jobSite.TG_4863_JobSiteCreation] [enterEmployeeAddressOnMaps] - Entering employee address on maps
[INFO ] 2022-12-21 18:36:56.393 [jobTitle_jobSite.TG_4863_JobSiteCreation] [enterEmployeeAddressOnMaps] - Employee entered successfully
