[INFO ] 2022-12-07 12:22:26.801 [company.TG_4325_ApproveClaimFromHiring] [Tag_EndToEndFlowNewOrderHiring] - Started==Starting End To End Flow NewOrderHiring
[INFO ] 2022-12-07 12:22:31.707 [company.TG_4325_ApproveClaimFromHiring] [enterUsername] - Entering new user's first name
[INFO ] 2022-12-07 12:22:33.599 [company.TG_4325_ApproveClaimFromHiring] [enterUsername] - User's first name entered successfully
[INFO ] 2022-12-07 12:22:33.599 [company.TG_4325_ApproveClaimFromHiring] [enterPassword] - Entering new user's last name
[INFO ] 2022-12-07 12:22:34.850 [company.TG_4325_ApproveClaimFromHiring] [enterPassword] - User's last name entered successfully
[INFO ] 2022-12-07 12:22:34.851 [company.TG_4325_ApproveClaimFromHiring] [clickLoginButton] - Clicking on Login Button
[INFO ] 2022-12-07 12:22:35.314 [company.TG_4325_ApproveClaimFromHiring] [clickLoginButton] - Close Pop Up clicked successfully
[INFO ] 2022-12-07 12:22:35.314 [company.TG_4325_ApproveClaimFromHiring] [newOrderHiring] - Clicking on New Order Button
[INFO ] 2022-12-07 12:23:19.399 [company.TG_4325_ApproveClaimFromHiring] [newOrderHiring] - New Order Button clicked successfully
[INFO ] 2022-12-07 12:23:19.400 [company.TG_4325_ApproveClaimFromHiring] [newOrderHiring] - Entering EstDailyHours
[INFO ] 2022-12-07 12:23:35.461 [company.TG_4325_ApproveClaimFromHiring] [newOrderHiring] - EstDailyHours entered successfully
[INFO ] 2022-12-07 12:23:35.462 [company.TG_4325_ApproveClaimFromHiring] [newOrderHiring] - Entering StartDate
[INFO ] 2022-12-07 12:23:41.658 [company.TG_4325_ApproveClaimFromHiring] [newOrderHiring] - StartDate entered successfully
[INFO ] 2022-12-07 12:23:41.660 [company.TG_4325_ApproveClaimFromHiring] [newOrderHiring] - Entering EndDate
[INFO ] 2022-12-07 12:23:52.979 [company.TG_4325_ApproveClaimFromHiring] [newOrderHiring] - EndDate entered successfully
[INFO ] 2022-12-07 12:23:52.980 [company.TG_4325_ApproveClaimFromHiring] [newOrderHiring] - Entering StartTime
[INFO ] 2022-12-07 12:23:53.728 [company.TG_4325_ApproveClaimFromHiring] [newOrderHiring] - StartTime entered successfully
[INFO ] 2022-12-07 12:23:53.729 [company.TG_4325_ApproveClaimFromHiring] [newOrderHiring] - Entering Availability
[INFO ] 2022-12-07 12:23:54.001 [company.TG_4325_ApproveClaimFromHiring] [newOrderHiring] - Availabilit entered successfully
[INFO ] 2022-12-07 12:23:54.001 [company.TG_4325_ApproveClaimFromHiring] [newOrderHiring] - Entering JobSite
[INFO ] 2022-12-07 12:24:29.437 [company.TG_4325_ApproveClaimFromHiring] [newOrderHiring] - JobSite entered successfully
[INFO ] 2022-12-07 12:24:29.438 [company.TG_4325_ApproveClaimFromHiring] [newOrderHiring] - Entering JobTitle
[INFO ] 2022-12-07 12:24:41.880 [company.TG_4325_ApproveClaimFromHiring] [newOrderHiring] - JobTitle entered successfully
[INFO ] 2022-12-07 12:24:41.883 [company.TG_4325_ApproveClaimFromHiring] [newOrderHiring] - Entering No Of Workers
[INFO ] 2022-12-07 12:24:47.047 [company.TG_4325_ApproveClaimFromHiring] [newOrderHiring] - NoOfWorkers entered successfully
[INFO ] 2022-12-07 12:24:47.047 [company.TG_4325_ApproveClaimFromHiring] [newOrderHiring] - Entering ESignature
[INFO ] 2022-12-07 12:24:47.243 [company.TG_4325_ApproveClaimFromHiring] [newOrderHiring] - ESignature entered successfully
[INFO ] 2022-12-07 12:24:47.244 [company.TG_4325_ApproveClaimFromHiring] [newOrderHiring] - clickAgreeContract
[INFO ] 2022-12-07 12:24:47.405 [company.TG_4325_ApproveClaimFromHiring] [newOrderHiring] - clickAgreeContract successfully
[INFO ] 2022-12-07 12:24:47.405 [company.TG_4325_ApproveClaimFromHiring] [newOrderHiring] - clickSaveButton
[INFO ] 2022-12-07 12:24:47.657 [company.TG_4325_ApproveClaimFromHiring] [newOrderHiring] - SaveButton Clicked successfully
[INFO ] 2022-12-07 12:24:56.255 [company.TG_4325_ApproveClaimFromHiring] [newOrderHiring] - Job order link present on the home page clicked
[INFO ] 2022-12-07 12:25:20.538 [company.TG_4325_ApproveClaimFromHiring] [newOrderHiring] - Verify Job Order Id and Email Successfully
[INFO ] 2022-12-07 12:25:37.110 [company.TG_4325_ApproveClaimFromHiring] [Tag_EndToEndFlowClaimFromStaffing] - Started==Starting End To End Flow ClaimFromStaffing
[INFO ] 2022-12-07 12:25:59.660 [company.TG_4325_ApproveClaimFromHiring] [enterUsername] - Entering new user's first name
[INFO ] 2022-12-07 12:25:59.776 [company.TG_4325_ApproveClaimFromHiring] [enterUsername] - User's first name entered successfully
[INFO ] 2022-12-07 12:25:59.777 [company.TG_4325_ApproveClaimFromHiring] [enterPassword] - Entering new user's last name
[INFO ] 2022-12-07 12:25:59.846 [company.TG_4325_ApproveClaimFromHiring] [enterPassword] - User's last name entered successfully
[INFO ] 2022-12-07 12:25:59.848 [company.TG_4325_ApproveClaimFromHiring] [clickLoginButton] - Clicking on Login Button
[INFO ] 2022-12-07 12:25:59.930 [company.TG_4325_ApproveClaimFromHiring] [clickLoginButton] - Close Pop Up clicked successfully
[INFO ] 2022-12-07 12:25:59.930 [company.TG_4325_ApproveClaimFromHiring] [ClaimOrderForStaffing] - Clicking Job orders menu present on the staffing homepage navigates to joborder listing form 
[INFO ] 2022-12-07 12:27:31.631 [company.TG_4325_ApproveClaimFromHiring] [ClaimOrderForStaffing] - Clicking on Claim order Button
[INFO ] 2022-12-07 12:28:02.303 [company.TG_4325_ApproveClaimFromHiring] [ClaimOrderForStaffing] - Claim order button clicked successfully
[INFO ] 2022-12-07 12:28:02.304 [company.TG_4325_ApproveClaimFromHiring] [ClaimOrderForStaffing] - Entering the No. of Employees Claim
[INFO ] 2022-12-07 12:28:20.142 [company.TG_4325_ApproveClaimFromHiring] [ClaimOrderForStaffing] - No. of Employees Claim entered successfully
[INFO ] 2022-12-07 12:28:25.147 [company.TG_4325_ApproveClaimFromHiring] [ClaimOrderForStaffing] - Entering the E-Signature
[INFO ] 2022-12-07 12:28:27.308 [company.TG_4325_ApproveClaimFromHiring] [ClaimOrderForStaffing] - E-Signature entered successfully
[INFO ] 2022-12-07 12:28:27.308 [company.TG_4325_ApproveClaimFromHiring] [ClaimOrderForStaffing] - Clicking on Agree to Contract Button
[INFO ] 2022-12-07 12:28:29.454 [company.TG_4325_ApproveClaimFromHiring] [ClaimOrderForStaffing] - Agree to Contract Button clicked successfully
[INFO ] 2022-12-07 12:28:29.455 [company.TG_4325_ApproveClaimFromHiring] [ClaimOrderForStaffing] - Clicking on Submit Claim Button
[INFO ] 2022-12-07 12:28:36.553 [company.TG_4325_ApproveClaimFromHiring] [ClaimOrderForStaffing] - Submit Claim Button clicked successfully
[INFO ] 2022-12-07 12:29:07.896 [company.TG_4325_ApproveClaimFromHiring] [enterUsername] - Entering new user's first name
[INFO ] 2022-12-07 12:29:08.009 [company.TG_4325_ApproveClaimFromHiring] [enterUsername] - User's first name entered successfully
[INFO ] 2022-12-07 12:29:08.010 [company.TG_4325_ApproveClaimFromHiring] [enterPassword] - Entering new user's last name
[INFO ] 2022-12-07 12:29:08.084 [company.TG_4325_ApproveClaimFromHiring] [enterPassword] - User's last name entered successfully
[INFO ] 2022-12-07 12:29:08.084 [company.TG_4325_ApproveClaimFromHiring] [clickLoginButton] - Clicking on Login Button
[INFO ] 2022-12-07 12:29:08.151 [company.TG_4325_ApproveClaimFromHiring] [clickLoginButton] - Close Pop Up clicked successfully
[INFO ] 2022-12-07 12:29:11.157 [company.TG_4325_ApproveClaimFromHiring] [clickOrdersMenuOnHiringHomePage] - Clicking Order menu present on the Hiring homepage
[INFO ] 2022-12-07 12:29:17.811 [company.TG_4325_ApproveClaimFromHiring] [clickOrdersMenuOnHiringHomePage] - Order menu present on the Hiring hompage clicked successfully.
[INFO ] 2022-12-07 12:29:20.817 [company.TG_4325_ApproveClaimFromHiring] [selectParticularJobOrderFromListing] - Selecting Particular Joborder on the listing
