[INFO ] 2022-12-21 12:12:57.961 [jobTitle_jobSite.TG_4862_JobTitleCreation] [enterUsername] - Entering new user's first name
[INFO ] 2022-12-21 12:12:58.505 [jobTitle_jobSite.TG_4862_JobTitleCreation] [enterUsername] - User's first name entered successfully
[INFO ] 2022-12-21 12:12:58.505 [jobTitle_jobSite.TG_4862_JobTitleCreation] [enterPassword] - Entering new user's last name
[INFO ] 2022-12-21 12:12:59.882 [jobTitle_jobSite.TG_4862_JobTitleCreation] [enterPassword] - User's last name entered successfully
[INFO ] 2022-12-21 12:12:59.882 [jobTitle_jobSite.TG_4862_JobTitleCreation] [clickLoginButton] - Clicking on Login Button
[INFO ] 2022-12-21 12:13:00.292 [jobTitle_jobSite.TG_4862_JobTitleCreation] [clickLoginButton] - Close Pop Up clicked successfully
[INFO ] 2022-12-21 12:13:03.328 [jobTitle_jobSite.TG_4862_JobTitleCreation] [enterJobTitleInSearchBar] - Entering Job Title List in the search box
[INFO ] 2022-12-21 12:13:13.321 [jobTitle_jobSite.TG_4862_JobTitleCreation] [enterJobTitleInSearchBar] - Entered Job Title List in the search box successfully
[INFO ] 2022-12-21 12:13:13.323 [jobTitle_jobSite.TG_4862_JobTitleCreation] [clickSearchBox] - Searching Job Title Listing for should open
[INFO ] 2022-12-21 12:13:15.371 [jobTitle_jobSite.TG_4862_JobTitleCreation] [clickSearchBox] - Job Title Listing opened successfully
[INFO ] 2022-12-21 12:13:15.372 [jobTitle_jobSite.TG_4862_JobTitleCreation] [verifyJobTitleListingPage] - Verify Job Title Listing Page is displayed
[INFO ] 2022-12-21 12:13:19.730 [jobTitle_jobSite.TG_4862_JobTitleCreation] [verifyJobTitleListingPage] - Job Title Listing Page displayed successfully
[INFO ] 2022-12-21 12:13:19.803 [jobTitle_jobSite.TG_4862_JobTitleCreation] [clickAddJobTitleButton] - Clicking Add Job Title Button
[INFO ] 2022-12-21 12:13:21.646 [jobTitle_jobSite.TG_4862_JobTitleCreation] [clickAddJobTitleButton] - Add Job Title Button clicked successfully
[INFO ] 2022-12-21 12:13:24.652 [jobTitle_jobSite.TG_4862_JobTitleCreation] [clickSaveButton] - Clicking on Save Button
[INFO ] 2022-12-21 12:13:24.989 [jobTitle_jobSite.TG_4862_JobTitleCreation] [clickSaveButton] - Save button clicked successfully
[INFO ] 2022-12-21 12:13:27.996 [jobTitle_jobSite.TG_4862_JobTitleCreation] [verifyMissingFieldPopUp] - Verify Missing field dialog while clicking save Button
[INFO ] 2022-12-21 12:13:28.105 [jobTitle_jobSite.TG_4862_JobTitleCreation] [verifyMissingFieldPopUp] - Missing field dialog displayed while clicking save Button successfully.
[INFO ] 2022-12-21 12:13:28.105 [jobTitle_jobSite.TG_4862_JobTitleCreation] [clickCloseButtonMissingFieldPopUp] - Clicking close button on Job Title Form
[INFO ] 2022-12-21 12:13:31.308 [jobTitle_jobSite.TG_4862_JobTitleCreation] [clickCloseButtonMissingFieldPopUp] - Close button clicked successfully
[INFO ] 2022-12-21 12:13:31.310 [jobTitle_jobSite.TG_4862_JobTitleCreation] [enterIndustry] - Entering Job Industry
[INFO ] 2022-12-21 12:13:31.435 [jobTitle_jobSite.TG_4862_JobTitleCreation] [enterIndustry] - Job Industry entered successfully
[INFO ] 2022-12-21 12:13:31.435 [jobTitle_jobSite.TG_4862_JobTitleCreation] [enterRate] - Entering rate
[INFO ] 2022-12-21 12:13:31.559 [jobTitle_jobSite.TG_4862_JobTitleCreation] [enterRate] - Rate entered successfully
[INFO ] 2022-12-21 12:13:31.559 [jobTitle_jobSite.TG_4862_JobTitleCreation] [enterJobTitle] - Entering Job Title
[INFO ] 2022-12-21 12:13:31.749 [jobTitle_jobSite.TG_4862_JobTitleCreation] [enterJobTitle] - Job Title entered successfully
[INFO ] 2022-12-21 12:13:36.759 [jobTitle_jobSite.TG_4862_JobTitleCreation] [enterDescription] - Entering Description
[INFO ] 2022-12-21 12:13:37.096 [jobTitle_jobSite.TG_4862_JobTitleCreation] [enterDescription] - Description entered successfully
[INFO ] 2022-12-21 12:13:37.096 [jobTitle_jobSite.TG_4862_JobTitleCreation] [clickSaveButton] - Clicking on Save Button
[INFO ] 2022-12-21 12:13:37.202 [jobTitle_jobSite.TG_4862_JobTitleCreation] [clickSaveButton] - Save button clicked successfully
[INFO ] 2022-12-21 12:13:37.202 [jobTitle_jobSite.TG_4862_JobTitleCreation] [verifyEnabledTitle] - Verify Job Title created Successfully
