[INFO ] 2022-12-06 20:49:44.561 [jobOrderStaffing.TG_3848_NewOrderStaffing] [Tag_VerifyJobOrdersFieldShouldVisibleOnHomepageOfStaffingUnderShortcuts] - Started==Verify Job Orders Field Should Visible On Home page Of Staffing Under Shortcuts
[INFO ] 2022-12-06 20:49:51.533 [jobOrderStaffing.TG_3848_NewOrderStaffing] [enterUsername] - Entering new user's first name
[INFO ] 2022-12-06 20:49:52.262 [jobOrderStaffing.TG_3848_NewOrderStaffing] [enterUsername] - User's first name entered successfully
[INFO ] 2022-12-06 20:49:52.263 [jobOrderStaffing.TG_3848_NewOrderStaffing] [enterPassword] - Entering new user's last name
[INFO ] 2022-12-06 20:49:52.733 [jobOrderStaffing.TG_3848_NewOrderStaffing] [enterPassword] - User's last name entered successfully
[INFO ] 2022-12-06 20:49:52.734 [jobOrderStaffing.TG_3848_NewOrderStaffing] [clickLoginButton] - Clicking on Login Button
[INFO ] 2022-12-06 20:49:54.314 [jobOrderStaffing.TG_3848_NewOrderStaffing] [clickLoginButton] - Close Pop Up clicked successfully
[INFO ] 2022-12-06 20:49:57.329 [jobOrderStaffing.TG_3848_NewOrderStaffing] [verifyJobOrdersFieldShouldVisibleUnderShortcuts] - Verifying Job Order Visible Under Shortcuts
[INFO ] 2022-12-06 20:50:26.122 [jobOrderStaffing.TG_3848_NewOrderStaffing] [verifyJobOrdersFieldShouldVisibleUnderShortcuts] - Verify Job Order Visible Under Shortcuts
[INFO ] 2022-12-06 20:50:26.189 [jobOrderStaffing.TG_3848_NewOrderStaffing] [Tag_VerifyAddOrderButtonShouldVisibleOnHomepage] - Started==Verify Add Order Button Should Visible On Home page 
[INFO ] 2022-12-06 20:50:26.189 [jobOrderStaffing.TG_3848_NewOrderStaffing] [verifyAddOrderButtonShouldVisibleOnHomepage] - Verifying Job Order Visible Under Shortcuts
[INFO ] 2022-12-06 20:50:26.256 [jobOrderStaffing.TG_3848_NewOrderStaffing] [verifyAddOrderButtonShouldVisibleOnHomepage] - Verify Job Order Visible Under Shortcuts
[INFO ] 2022-12-06 20:50:26.274 [jobOrderStaffing.TG_3848_NewOrderStaffing] [Tag_VerifyPopupIfClickOnSaveWithoutEnteringMandatoryFields] - Started==Verifying Pop-up If click On Save Without Entering Mandatory Fields
[INFO ] 2022-12-06 20:50:30.279 [jobOrderStaffing.TG_3848_NewOrderStaffing] [clickAddJobOrder] - Clicking on Add Job Order Button
[INFO ] 2022-12-06 20:50:41.143 [jobOrderStaffing.TG_3848_NewOrderStaffing] [clickAddJobOrder] -  Add Job Order clicked successfully
[INFO ] 2022-12-06 20:50:44.149 [jobOrderStaffing.TG_3848_NewOrderStaffing] [clickSaveButton] - Clicking on Save Button
[INFO ] 2022-12-06 20:50:44.482 [jobOrderStaffing.TG_3848_NewOrderStaffing] [clickSaveButton] - Save Button clicked successfully
[INFO ] 2022-12-06 20:50:46.489 [jobOrderStaffing.TG_3848_NewOrderStaffing] [verifyPopupMandatoryFieldsBlank] - Verifying Pop-up If click On Save Without Entering Mandatory Fields
[INFO ] 2022-12-06 20:50:46.570 [jobOrderStaffing.TG_3848_NewOrderStaffing] [verifyPopupMandatoryFieldsBlank] - Verify Pop-up If click On Save Without Entering Mandatory Fields successfully 
[INFO ] 2022-12-06 20:50:46.571 [jobOrderStaffing.TG_3848_NewOrderStaffing] [verifyPopupMandatoryFieldsBlank] - Verifying Pop-up If click On Save Without Entering Mandatory Fields
[INFO ] 2022-12-06 20:50:46.623 [jobOrderStaffing.TG_3848_NewOrderStaffing] [verifyPopupMandatoryFieldsBlank] - Verify Pop-up If click On Save Without Entering Mandatory Fields successfully 
[INFO ] 2022-12-06 20:50:46.623 [jobOrderStaffing.TG_3848_NewOrderStaffing] [verifyPopupMandatoryFieldsBlank] - Verifying Pop-up If click On Save Without Entering Mandatory Fields
[INFO ] 2022-12-06 20:50:46.652 [jobOrderStaffing.TG_3848_NewOrderStaffing] [verifyPopupMandatoryFieldsBlank] - Verify Pop-up If click On Save Without Entering Mandatory Fields successfully 
[INFO ] 2022-12-06 20:50:46.652 [jobOrderStaffing.TG_3848_NewOrderStaffing] [verifyPopupMandatoryFieldsBlank] - Verifying Pop-up If click On Save Without Entering Mandatory Fields
[INFO ] 2022-12-06 20:50:46.678 [jobOrderStaffing.TG_3848_NewOrderStaffing] [verifyPopupMandatoryFieldsBlank] - Verify Pop-up If click On Save Without Entering Mandatory Fields successfully 
[INFO ] 2022-12-06 20:50:46.679 [jobOrderStaffing.TG_3848_NewOrderStaffing] [verifyPopupMandatoryFieldsBlank] - Verifying Pop-up If click On Save Without Entering Mandatory Fields
[INFO ] 2022-12-06 20:50:46.708 [jobOrderStaffing.TG_3848_NewOrderStaffing] [verifyPopupMandatoryFieldsBlank] - Verify Pop-up If click On Save Without Entering Mandatory Fields successfully 
[INFO ] 2022-12-06 20:50:46.708 [jobOrderStaffing.TG_3848_NewOrderStaffing] [verifyPopupMandatoryFieldsBlank] - Verifying Pop-up If click On Save Without Entering Mandatory Fields
[INFO ] 2022-12-06 20:50:46.754 [jobOrderStaffing.TG_3848_NewOrderStaffing] [verifyPopupMandatoryFieldsBlank] - Verify Pop-up If click On Save Without Entering Mandatory Fields successfully 
[INFO ] 2022-12-06 20:50:46.754 [jobOrderStaffing.TG_3848_NewOrderStaffing] [verifyPopupMandatoryFieldsBlank] - Verifying Pop-up If click On Save Without Entering Mandatory Fields
[INFO ] 2022-12-06 20:50:46.783 [jobOrderStaffing.TG_3848_NewOrderStaffing] [verifyPopupMandatoryFieldsBlank] - Verify Pop-up If click On Save Without Entering Mandatory Fields successfully 
[INFO ] 2022-12-06 20:50:46.784 [jobOrderStaffing.TG_3848_NewOrderStaffing] [verifyPopupMandatoryFieldsBlank] - Verifying Pop-up If click On Save Without Entering Mandatory Fields
[INFO ] 2022-12-06 20:50:46.819 [jobOrderStaffing.TG_3848_NewOrderStaffing] [verifyPopupMandatoryFieldsBlank] - Verify Pop-up If click On Save Without Entering Mandatory Fields successfully 
[INFO ] 2022-12-06 20:50:46.820 [jobOrderStaffing.TG_3848_NewOrderStaffing] [verifyPopupMandatoryFieldsBlank] - Verifying Pop-up If click On Save Without Entering Mandatory Fields
[INFO ] 2022-12-06 20:50:46.852 [jobOrderStaffing.TG_3848_NewOrderStaffing] [verifyPopupMandatoryFieldsBlank] - Verify Pop-up If click On Save Without Entering Mandatory Fields successfully 
[INFO ] 2022-12-06 20:50:46.853 [jobOrderStaffing.TG_3848_NewOrderStaffing] [verifyPopupMandatoryFieldsBlank] - Verifying Pop-up If click On Save Without Entering Mandatory Fields
[INFO ] 2022-12-06 20:50:46.888 [jobOrderStaffing.TG_3848_NewOrderStaffing] [verifyPopupMandatoryFieldsBlank] - Verify Pop-up If click On Save Without Entering Mandatory Fields successfully 
[INFO ] 2022-12-06 20:50:49.230 [jobOrderStaffing.TG_3848_NewOrderStaffing] [Tag_VerifyCompanyFieldShouldVisible] - Started==Verifying Company Field Should Visible on Job order creation form
[INFO ] 2022-12-06 20:50:51.233 [jobOrderStaffing.TG_3848_NewOrderStaffing] [verifyCompanyFieldShouldVisible] - Verifying Company Field Should Visible on Job order creation form
[INFO ] 2022-12-06 20:50:51.371 [jobOrderStaffing.TG_3848_NewOrderStaffing] [verifyCompanyFieldShouldVisible] - Company Field is Visible on Job order creation form
[INFO ] 2022-12-06 20:50:51.394 [jobOrderStaffing.TG_3848_NewOrderStaffing] [Tag_VerifyCategoryFieldShouldVisible] - Started==Verifying Category Field Should Visible on Job order creation form
[INFO ] 2022-12-06 20:50:56.395 [jobOrderStaffing.TG_3848_NewOrderStaffing] [verifycategoryFieldStaffingShouldVisible] - Verifying Category Field
[INFO ] 2022-12-06 20:50:56.396 [jobOrderStaffing.TG_3848_NewOrderStaffing] [verifycategoryFieldStaffingShouldVisible] - Verifying company Field
[INFO ] 2022-12-06 20:50:56.624 [jobOrderStaffing.TG_3848_NewOrderStaffing] [verifycategoryFieldStaffingShouldVisible] - Verifying Job Site Field
[INFO ] 2022-12-06 20:50:58.282 [jobOrderStaffing.TG_3848_NewOrderStaffing] [verifycategoryFieldStaffingShouldVisible] - Verifying Job Title Field
[INFO ] 2022-12-06 20:51:00.126 [jobOrderStaffing.TG_3848_NewOrderStaffing] [verifycategoryFieldStaffingShouldVisible] - Verify Category Field
[INFO ] 2022-12-06 20:51:04.277 [jobOrderStaffing.TG_3848_NewOrderStaffing] [verifycategoryFieldStaffingShouldVisible] - Verifyied Category Field and Job Title
[INFO ] 2022-12-06 20:51:04.305 [jobOrderStaffing.TG_3848_NewOrderStaffing] [Tag_VerifyAvailabilityFieldShouldDropdownField] - Started==Verifying Availability Field Should be Dropdown Field
[INFO ] 2022-12-06 20:51:06.310 [jobOrderStaffing.TG_3848_NewOrderStaffing] [verifyAvailabilityFieldShouldDropdownField] - Verify Availability Field Should have Dropdown
[INFO ] 2022-12-06 20:51:06.680 [jobOrderStaffing.TG_3848_NewOrderStaffing] [verifyAvailabilityFieldShouldDropdownField] - Verifyied Availability Field Should have Dropdown
[INFO ] 2022-12-06 20:51:06.715 [jobOrderStaffing.TG_3848_NewOrderStaffing] [Tag_VerifyStartDateFieldShouldVisible] - Started==Verifying Start Date Field Should Visible 
[INFO ] 2022-12-06 20:51:08.721 [jobOrderStaffing.TG_3848_NewOrderStaffing] [verifyStartDateField] - Verify Start Date 
[INFO ] 2022-12-06 20:51:08.822 [jobOrderStaffing.TG_3848_NewOrderStaffing] [verifyStartDateField] - Verify Start Date Field successfully
[INFO ] 2022-12-06 20:51:08.846 [jobOrderStaffing.TG_3848_NewOrderStaffing] [Tag_VerifyEndDateFieldShouldVisible] - Started==Verifying End Date Field Should Visible 
[INFO ] 2022-12-06 20:51:10.850 [jobOrderStaffing.TG_3848_NewOrderStaffing] [verifyEndDateField] - Verify End Date 
[INFO ] 2022-12-06 20:51:10.958 [jobOrderStaffing.TG_3848_NewOrderStaffing] [verifyEndDateField] - Verify End Date Field successfully
[INFO ] 2022-12-06 20:51:10.976 [jobOrderStaffing.TG_3848_NewOrderStaffing] [Tag_VerifyStartTimeFieldShouldVisible] - Started==Verifying Start Time Field Should Visible 
[INFO ] 2022-12-06 20:51:12.982 [jobOrderStaffing.TG_3848_NewOrderStaffing] [verifyStartTimeField] - Verify Start Time 
[INFO ] 2022-12-06 20:51:13.097 [jobOrderStaffing.TG_3848_NewOrderStaffing] [verifyStartTimeField] - Verify Start Time Field successfully
[INFO ] 2022-12-06 20:51:13.105 [jobOrderStaffing.TG_3848_NewOrderStaffing] [Tag_VerifyJobSiteFieldShouldVisible] - Started==Verifying Job Site Field Should Visible 
[INFO ] 2022-12-06 20:51:15.111 [jobOrderStaffing.TG_3848_NewOrderStaffing] [verifyJobSiteField] - Verify Job Site Time 
[INFO ] 2022-12-06 20:51:15.184 [jobOrderStaffing.TG_3848_NewOrderStaffing] [verifyJobSiteField] - Verify Job Site Field successfully
[INFO ] 2022-12-06 20:51:15.192 [jobOrderStaffing.TG_3848_NewOrderStaffing] [Tag_VerifyEstimatedDailyHoursFieldShouldVisible] - Started==Verifying Estimated Daily Hours Field Should Visible 
[INFO ] 2022-12-06 20:51:17.195 [jobOrderStaffing.TG_3848_NewOrderStaffing] [verifyEstimatedDailyHoursField] - Verify Estimated Daily HoursTime 
[INFO ] 2022-12-06 20:51:17.285 [jobOrderStaffing.TG_3848_NewOrderStaffing] [verifyEstimatedDailyHoursField] - Verify Estimated Daily Hours Field successfully
[INFO ] 2022-12-06 20:51:17.296 [jobOrderStaffing.TG_3848_NewOrderStaffing] [Tag_VerifyEstimateDailyHoursFieldShouldNotAcceptHoursMoreThan24] - Started==Verifying Estimated Daily Hours Field Should  Not Accept Hours More Than 24 
[INFO ] 2022-12-06 20:51:17.296 [jobOrderStaffing.TG_3848_NewOrderStaffing] [enterEstHours] - Entering the Estimated Daily Hours
[INFO ] 2022-12-06 20:51:24.578 [jobOrderStaffing.TG_3848_NewOrderStaffing] [enterEstHours] - Estimated Daily Hours entered successfully
[INFO ] 2022-12-06 20:51:24.579 [jobOrderStaffing.TG_3848_NewOrderStaffing] [verifyEstimatedDailyHoursFieldNotAcceptHoursMoreThan24] - Entering the Estimated Daily Hours More Than 24 
[INFO ] 2022-12-06 20:51:25.417 [jobOrderStaffing.TG_3848_NewOrderStaffing] [verifyEstimatedDailyHoursFieldNotAcceptHoursMoreThan24] - verifyed Estimated Daily Hours Field Not Accept Hours More Than 24
[INFO ] 2022-12-06 20:51:27.559 [jobOrderStaffing.TG_3848_NewOrderStaffing] [Tag_VerifyNoOfWorkersFieldShouldVisible] - Started==Verifying No Of Workers Field Should  visible 
[INFO ] 2022-12-06 20:51:27.559 [jobOrderStaffing.TG_3848_NewOrderStaffing] [verifyNoOfWorkersFieldShouldVisible] - Verifying Rate Field Should be Automatically Fetched And Editable
[INFO ] 2022-12-06 20:51:27.938 [jobOrderStaffing.TG_3848_NewOrderStaffing] [verifyNoOfWorkersFieldShouldVisible] - Verifying Job Title Field
[INFO ] 2022-12-06 20:51:28.096 [jobOrderStaffing.TG_3848_NewOrderStaffing] [verifyNoOfWorkersFieldShouldVisible] - Verifying Category Field
[INFO ] 2022-12-06 20:51:28.134 [jobOrderStaffing.TG_3848_NewOrderStaffing] [verifyNoOfWorkersFieldShouldVisible] - Verifyied Category Field and Job Title
[INFO ] 2022-12-06 20:51:28.134 [jobOrderStaffing.TG_3848_NewOrderStaffing] [verifyNoOfWorkersFieldShouldVisible] - Verifying No of Worker Field
[INFO ] 2022-12-06 20:51:28.193 [jobOrderStaffing.TG_3848_NewOrderStaffing] [verifyNoOfWorkersFieldShouldVisible] - Verifyied No of Worker Should be No of Worker Visible
[INFO ] 2022-12-06 20:51:28.201 [jobOrderStaffing.TG_3848_NewOrderStaffing] [Tag_VerifyAgreeToContractFieldCheckboxShouldVisible] - Started==Verify Agree To Contract Field Should Be Checkbox 
[INFO ] 2022-12-06 20:51:28.201 [jobOrderStaffing.TG_3848_NewOrderStaffing] [verifyAgreeToContractFieldShouldBeCheckbox] - Verify Agree Contract Field should be checkbox And Mandatory
[INFO ] 2022-12-06 20:51:28.474 [jobOrderStaffing.TG_3848_NewOrderStaffing] [verifyAgreeToContractFieldShouldBeCheckbox] - Verify Agree Contract Field should be checkbox And Mandatory
[INFO ] 2022-12-06 20:51:28.482 [jobOrderStaffing.TG_3848_NewOrderStaffing] [Tag_VerifyPopupForConfirmJobOrderDetails] - Started==Verify Popup For Confirm Job Order Details
[INFO ] 2022-12-06 20:51:30.488 [jobOrderStaffing.TG_3848_NewOrderStaffing] [enterHours] - Entering the Estimated Daily Hours
[INFO ] 2022-12-06 20:51:37.687 [jobOrderStaffing.TG_3848_NewOrderStaffing] [enterHours] - Estimated Daily Hours entered successfully
[INFO ] 2022-12-06 20:51:40.694 [jobOrderStaffing.TG_3848_NewOrderStaffing] [enterStartDate] - enter Start date 
[INFO ] 2022-12-06 20:51:46.038 [jobOrderStaffing.TG_3848_NewOrderStaffing] [enterStartDate] - Verify enter Start date
[INFO ] 2022-12-06 20:51:49.045 [jobOrderStaffing.TG_3848_NewOrderStaffing] [enterEndDate] - Verify End Date 
[INFO ] 2022-12-06 20:51:54.312 [jobOrderStaffing.TG_3848_NewOrderStaffing] [enterEndDate] - Verify enter End date
[INFO ] 2022-12-06 20:51:57.318 [jobOrderStaffing.TG_3848_NewOrderStaffing] [enterTime] - Verify Start Time 
[INFO ] 2022-12-06 20:52:02.564 [jobOrderStaffing.TG_3848_NewOrderStaffing] [enterTime] - Verify Start Time Field successfully
[INFO ] 2022-12-06 20:52:02.568 [jobOrderStaffing.TG_3848_NewOrderStaffing] [clickSaveButton] - Clicking on Save Button
[INFO ] 2022-12-06 20:52:02.809 [jobOrderStaffing.TG_3848_NewOrderStaffing] [clickSaveButton] - Save Button clicked successfully
[INFO ] 2022-12-06 20:52:02.811 [jobOrderStaffing.TG_3848_NewOrderStaffing] [verifyPopupForConfirmJobOrderDetails] - Verify Availability Field Should have Dropdown
[INFO ] 2022-12-06 20:52:02.940 [jobOrderStaffing.TG_3848_NewOrderStaffing] [verifyPopupForConfirmJobOrderDetails] - Verifyied Availability Field Should have Dropdown
[INFO ] 2022-12-06 20:52:02.941 [jobOrderStaffing.TG_3848_NewOrderStaffing] [verifyPopupForConfirmJobOrderDetails] - Verify Agree Contract Field should be checkbox And Mandatory
[INFO ] 2022-12-06 20:52:03.182 [jobOrderStaffing.TG_3848_NewOrderStaffing] [verifyPopupForConfirmJobOrderDetails] - Verify Agree Contract Field should be checkbox And Mandatory
[INFO ] 2022-12-06 20:52:03.182 [jobOrderStaffing.TG_3848_NewOrderStaffing] [verifyPopupForConfirmJobOrderDetails] - Clicking on Save Button
[INFO ] 2022-12-06 20:52:03.302 [jobOrderStaffing.TG_3848_NewOrderStaffing] [verifyPopupForConfirmJobOrderDetails] - Verifying Pop-up If click On Save for Confirm job order
[INFO ] 2022-12-06 20:52:03.341 [jobOrderStaffing.TG_3848_NewOrderStaffing] [Tag_VerifyConfirmationPopupShouldHaveConfirmAndCancelButtons] - Started==Verify Confirmation Popup Should Have Confirm And Cancel Buttons 
[INFO ] 2022-12-06 20:52:03.342 [jobOrderStaffing.TG_3848_NewOrderStaffing] [verifyConfirmationPopupShouldHaveConfirmAndButton] - Verify Confirmation Popup Should Have Confirm  Buttons
[INFO ] 2022-12-06 20:52:04.388 [jobOrderStaffing.TG_3848_NewOrderStaffing] [verifyConfirmationPopupShouldHaveConfirmAndButton] - Verify Confirmation Popup Should Have Confirm  Buttons successfully
[INFO ] 2022-12-06 20:52:04.388 [jobOrderStaffing.TG_3848_NewOrderStaffing] [verifyConfirmationPopupShouldHaveCancelButton] - Verify Confirmation Popup Should Have Cancel Buttons
[INFO ] 2022-12-06 20:52:05.424 [jobOrderStaffing.TG_3848_NewOrderStaffing] [verifyConfirmationPopupShouldHaveCancelButton] - Verify Confirmation Popup Should Have Cancel Buttons
[INFO ] 2022-12-06 20:52:05.435 [jobOrderStaffing.TG_3848_NewOrderStaffing] [Tag_VerifyClickingCancelNothingShouldSave] - Started==Verify Clicking On Cancel Nothing Should Save
[INFO ] 2022-12-06 20:52:05.435 [jobOrderStaffing.TG_3848_NewOrderStaffing] [verifyClickingCancelNothingShouldSave] - Verify Clicking Cancel Nothing Should Save
[INFO ] 2022-12-06 20:52:05.651 [jobOrderStaffing.TG_3848_NewOrderStaffing] [verifyClickingCancelNothingShouldSave] - Verify successfully Clicking Cancel Nothing Should Save
[INFO ] 2022-12-06 20:52:05.767 [jobOrderStaffing.TG_3848_NewOrderStaffing] [Tag_VerifyClickingOnSaveButtonPopupShouldCreateJobOrderSuccessfullyAndJobOrderIdShouldCreated] - Started==Verify Clicking On Save Button Pop-up Should Create Job Order Successfully And Job Order id Should Created
[INFO ] 2022-12-06 20:52:06.768 [jobOrderStaffing.TG_3848_NewOrderStaffing] [enterHours] - Entering the Estimated Daily Hours
[INFO ] 2022-12-06 20:52:16.529 [jobOrderStaffing.TG_3848_NewOrderStaffing] [enterHours] - Estimated Daily Hours entered successfully
[INFO ] 2022-12-06 20:52:18.534 [jobOrderStaffing.TG_3848_NewOrderStaffing] [enterStartDate] - enter Start date 
[INFO ] 2022-12-06 20:52:23.804 [jobOrderStaffing.TG_3848_NewOrderStaffing] [enterStartDate] - Verify enter Start date
[INFO ] 2022-12-06 20:52:26.809 [jobOrderStaffing.TG_3848_NewOrderStaffing] [enterEndDate] - Verify End Date 
[INFO ] 2022-12-06 20:52:32.070 [jobOrderStaffing.TG_3848_NewOrderStaffing] [enterEndDate] - Verify enter End date
[INFO ] 2022-12-06 20:52:35.076 [jobOrderStaffing.TG_3848_NewOrderStaffing] [enterTime] - Verify Start Time 
[INFO ] 2022-12-06 20:52:40.288 [jobOrderStaffing.TG_3848_NewOrderStaffing] [enterTime] - Verify Start Time Field successfully
[INFO ] 2022-12-06 20:52:42.289 [jobOrderStaffing.TG_3848_NewOrderStaffing] [enterHours] - Entering the Estimated Daily Hours
[INFO ] 2022-12-06 20:52:49.519 [jobOrderStaffing.TG_3848_NewOrderStaffing] [enterHours] - Estimated Daily Hours entered successfully
[INFO ] 2022-12-06 20:52:49.520 [jobOrderStaffing.TG_3848_NewOrderStaffing] [verifyJobOrderCreateSuccessfullyAndJobOrderIdShouldCreated] - Verifying Job Order Create Successfully
[INFO ] 2022-12-06 20:52:49.520 [jobOrderStaffing.TG_3848_NewOrderStaffing] [verifyJobOrderCreateSuccessfullyAndJobOrderIdShouldCreated] - Verifying Category Field
[INFO ] 2022-12-06 20:52:49.520 [jobOrderStaffing.TG_3848_NewOrderStaffing] [verifyJobOrderCreateSuccessfullyAndJobOrderIdShouldCreated] - Verifying company Field
[INFO ] 2022-12-06 20:53:19.689 [jobOrderStaffing.TG_3848_NewOrderStaffing] [verifyJobOrderCreateSuccessfullyAndJobOrderIdShouldCreated] - Verifying Job Site Field
[INFO ] 2022-12-06 20:53:21.921 [jobOrderStaffing.TG_3848_NewOrderStaffing] [verifyJobOrderCreateSuccessfullyAndJobOrderIdShouldCreated] - Verifying Job Title Field
[INFO ] 2022-12-06 20:53:23.806 [jobOrderStaffing.TG_3848_NewOrderStaffing] [verifyJobOrderCreateSuccessfullyAndJobOrderIdShouldCreated] - Verify Availability Field Should have Dropdown
[INFO ] 2022-12-06 20:53:23.909 [jobOrderStaffing.TG_3848_NewOrderStaffing] [verifyJobOrderCreateSuccessfullyAndJobOrderIdShouldCreated] - Verifyied Availability Field Should have Dropdown
[INFO ] 2022-12-06 20:53:23.909 [jobOrderStaffing.TG_3848_NewOrderStaffing] [verifyJobOrderCreateSuccessfullyAndJobOrderIdShouldCreated] - Verify Agree Contract Field should be checkbox And Mandatory
[INFO ] 2022-12-06 20:53:29.178 [jobOrderStaffing.TG_3848_NewOrderStaffing] [verifyJobOrderCreateSuccessfullyAndJobOrderIdShouldCreated] - Clicking on Save Button
[INFO ] 2022-12-06 20:53:29.313 [jobOrderStaffing.TG_3848_NewOrderStaffing] [verifyJobOrderCreateSuccessfullyAndJobOrderIdShouldCreated] - Verify Agree Contract Field should be checkbox And Mandatory
[INFO ] 2022-12-06 20:53:31.756 [jobOrderStaffing.TG_3848_NewOrderStaffing] [verifyJobOrderCreateSuccessfullyAndJobOrderIdShouldCreated] - Job order link present on the home page clicked
[INFO ] 2022-12-06 20:53:32.839 [jobOrderStaffing.TG_3848_NewOrderStaffing] [verifyJobOrderCreateSuccessfullyAndJobOrderIdShouldCreated] - Verify Job Order Create Successfully
[INFO ] 2022-12-06 20:53:32.876 [jobOrderStaffing.TG_3848_NewOrderStaffing] [Tag_VerifyPopupEmailSentSucessfully] - Started==Verify Popup Email Sent Sucessfully
[INFO ] 2022-12-06 20:53:32.879 [jobOrderStaffing.TG_3848_NewOrderStaffing] [verifyPopupEmailSentSucessfully] - Verifying Popup Email Sent Sucessfully
[INFO ] 2022-12-06 20:53:34.911 [jobOrderStaffing.TG_3848_NewOrderStaffing] [verifyPopupEmailSentSucessfully] - Verify Popup Email Sent Sucessfully
[INFO ] 2022-12-06 20:53:34.936 [jobOrderStaffing.TG_3848_NewOrderStaffing] [Tag_VerifyClaimHasBeenApprovedPleaseAssignEmployees] - Started==Verify Claim Has Been Approved Please Assign Employees
[INFO ] 2022-12-06 20:53:34.937 [jobOrderStaffing.TG_3848_NewOrderStaffing] [verifyClaimHasBeenApprovedPleaseAssignEmployees] - Verify Claim Has Been Approved Please Assign Employees
[INFO ] 2022-12-06 20:53:35.038 [jobOrderStaffing.TG_3848_NewOrderStaffing] [verifyClaimHasBeenApprovedPleaseAssignEmployees] - Verify Claim Has Been Approved Please Assign Employees
