[INFO ] 2022-12-12 20:23:57.352 [jobTitle_jobSite.TG_4862_JobTitleCreation] [enterUsername] - Entering new user's first name
[INFO ] 2022-12-12 20:23:57.823 [jobTitle_jobSite.TG_4862_JobTitleCreation] [enterUsername] - User's first name entered successfully
[INFO ] 2022-12-12 20:23:57.823 [jobTitle_jobSite.TG_4862_JobTitleCreation] [enterPassword] - Entering new user's last name
[INFO ] 2022-12-12 20:23:58.046 [jobTitle_jobSite.TG_4862_JobTitleCreation] [enterPassword] - User's last name entered successfully
[INFO ] 2022-12-12 20:23:58.047 [jobTitle_jobSite.TG_4862_JobTitleCreation] [clickLoginButton] - Clicking on Login Button
[INFO ] 2022-12-12 20:23:58.668 [jobTitle_jobSite.TG_4862_JobTitleCreation] [clickLoginButton] - Close Pop Up clicked successfully
[INFO ] 2022-12-12 20:24:01.693 [jobTitle_jobSite.TG_4862_JobTitleCreation] [enterJobTitleInSearchBar] - Entering Job Title List in the search box
[INFO ] 2022-12-12 20:24:17.285 [jobTitle_jobSite.TG_4862_JobTitleCreation] [enterJobTitleInSearchBar] - Entered Job Title List in the search box successfully
[INFO ] 2022-12-12 20:24:17.290 [jobTitle_jobSite.TG_4862_JobTitleCreation] [clickSearchBox] - Searching Job Title Listing for should open
[INFO ] 2022-12-12 20:24:17.744 [jobTitle_jobSite.TG_4862_JobTitleCreation] [clickSearchBox] - Job Title Listing opened successfully
[INFO ] 2022-12-12 20:24:17.745 [jobTitle_jobSite.TG_4862_JobTitleCreation] [verifyJobTitleListingPage] - Verify Job Title Listing Page is displayed
[INFO ] 2022-12-12 20:24:22.408 [jobTitle_jobSite.TG_4862_JobTitleCreation] [verifyJobTitleListingPage] - Job Title Listing Page displayed successfully
[INFO ] 2022-12-12 20:24:22.491 [jobTitle_jobSite.TG_4862_JobTitleCreation] [clickAddJobTitleButton] - Clicking Add Job Title Button
[INFO ] 2022-12-12 20:24:25.008 [jobTitle_jobSite.TG_4862_JobTitleCreation] [clickAddJobTitleButton] - Add Job Title Button clicked successfully
[INFO ] 2022-12-12 20:24:28.010 [jobTitle_jobSite.TG_4862_JobTitleCreation] [clickSaveButton] - Clicking on Save Button
[INFO ] 2022-12-12 20:24:28.278 [jobTitle_jobSite.TG_4862_JobTitleCreation] [clickSaveButton] - Save button clicked successfully
[INFO ] 2022-12-12 20:24:31.284 [jobTitle_jobSite.TG_4862_JobTitleCreation] [verifyMissingFieldPopUp] - Verify Missing field dialog while clicking save Button
[INFO ] 2022-12-12 20:24:31.373 [jobTitle_jobSite.TG_4862_JobTitleCreation] [verifyMissingFieldPopUp] - Missing field dialog displayed while clicking save Button successfully.
[INFO ] 2022-12-12 20:24:31.373 [jobTitle_jobSite.TG_4862_JobTitleCreation] [clickCloseButtonMissingFieldPopUp] - Clicking close button on Job Title Form
[INFO ] 2022-12-12 20:24:34.537 [jobTitle_jobSite.TG_4862_JobTitleCreation] [clickCloseButtonMissingFieldPopUp] - Close button clicked successfully
[INFO ] 2022-12-12 20:24:34.545 [jobTitle_jobSite.TG_4862_JobTitleCreation] [enterIndustry] - Entering Job Industry
[INFO ] 2022-12-12 20:24:34.673 [jobTitle_jobSite.TG_4862_JobTitleCreation] [enterIndustry] - Job Industry entered successfully
[INFO ] 2022-12-12 20:24:34.674 [jobTitle_jobSite.TG_4862_JobTitleCreation] [enterRate] - Entering rate
[INFO ] 2022-12-12 20:24:34.806 [jobTitle_jobSite.TG_4862_JobTitleCreation] [enterRate] - Rate entered successfully
[INFO ] 2022-12-12 20:24:34.806 [jobTitle_jobSite.TG_4862_JobTitleCreation] [enterJobTitle] - Entering Job Title
[INFO ] 2022-12-12 20:24:34.963 [jobTitle_jobSite.TG_4862_JobTitleCreation] [enterJobTitle] - Job Title entered successfully
[INFO ] 2022-12-12 20:24:34.963 [jobTitle_jobSite.TG_4862_JobTitleCreation] [enterDescription] - Entering Description
[INFO ] 2022-12-12 20:24:35.180 [jobTitle_jobSite.TG_4862_JobTitleCreation] [enterDescription] - Description entered successfully
[INFO ] 2022-12-12 20:24:35.181 [jobTitle_jobSite.TG_4862_JobTitleCreation] [clickSaveButton] - Clicking on Save Button
[INFO ] 2022-12-12 20:24:35.317 [jobTitle_jobSite.TG_4862_JobTitleCreation] [clickSaveButton] - Save button clicked successfully
[INFO ] 2022-12-12 20:24:35.317 [jobTitle_jobSite.TG_4862_JobTitleCreation] [verifyEnabledTitle] - Verify Job Title created Successfully
[INFO ] 2022-12-12 20:24:40.923 [jobTitle_jobSite.TG_4862_JobTitleCreation] [verifyEnabledTitle] - Job Title Created successfully.
