[INFO ] 2022-12-29 04:22:10.178 [jobOrderStaffing.TG_3848_NewOrderStaffing] [Tag_VerifyJobOrdersFieldShouldVisibleOnHomepageOfStaffingUnderShortcuts] - Started==Verify Job Orders Field Should Visible On Home page Of Staffing Under Shortcuts
[INFO ] 2022-12-29 04:22:12.135 [jobOrderStaffing.TG_3848_NewOrderStaffing] [enterUsername] - Entering new user's first name
[INFO ] 2022-12-29 04:22:12.776 [jobOrderStaffing.TG_3848_NewOrderStaffing] [enterUsername] - User's first name entered successfully
[INFO ] 2022-12-29 04:22:12.776 [jobOrderStaffing.TG_3848_NewOrderStaffing] [enterPassword] - Entering new user's last name
[INFO ] 2022-12-29 04:22:14.087 [jobOrderStaffing.TG_3848_NewOrderStaffing] [enterPassword] - User's last name entered successfully
[INFO ] 2022-12-29 04:22:14.088 [jobOrderStaffing.TG_3848_NewOrderStaffing] [clickLoginButton] - Clicking on Login Button
[INFO ] 2022-12-29 04:22:14.477 [jobOrderStaffing.TG_3848_NewOrderStaffing] [clickLoginButton] - Close Pop Up clicked successfully
[INFO ] 2022-12-29 04:22:17.489 [jobOrderStaffing.TG_3848_NewOrderStaffing] [verifyJobOrdersFieldShouldVisibleUnderShortcuts] - Verifying Job Order Visible Under Shortcuts
[INFO ] 2022-12-29 04:22:26.760 [jobOrderStaffing.TG_3848_NewOrderStaffing] [verifyJobOrdersFieldShouldVisibleUnderShortcuts] - Verify Job Order Visible Under Shortcuts
[INFO ] 2022-12-29 04:22:26.820 [jobOrderStaffing.TG_3848_NewOrderStaffing] [Tag_VerifyAddOrderButtonShouldVisibleOnHomepage] - Started==Verify Add Order Button Should Visible On Home page 
[INFO ] 2022-12-29 04:22:26.820 [jobOrderStaffing.TG_3848_NewOrderStaffing] [verifyAddOrderButtonShouldVisibleOnHomepage] - Verifying Job Order Visible Under Shortcuts
[INFO ] 2022-12-29 04:22:27.276 [jobOrderStaffing.TG_3848_NewOrderStaffing] [verifyAddOrderButtonShouldVisibleOnHomepage] - Verify Job Order Visible Under Shortcuts
[INFO ] 2022-12-29 04:22:27.303 [jobOrderStaffing.TG_3848_NewOrderStaffing] [Tag_VerifyPopupIfClickOnSaveWithoutEnteringMandatoryFields] - Started==Verifying Pop-up If click On Save Without Entering Mandatory Fields
[INFO ] 2022-12-29 04:22:37.305 [jobOrderStaffing.TG_3848_NewOrderStaffing] [clickAddJobOrder] - Clicking on Add Job Order Button
[INFO ] 2022-12-29 04:22:38.434 [jobOrderStaffing.TG_3848_NewOrderStaffing] [clickAddJobOrder] -  Add Job Order clicked successfully
[INFO ] 2022-12-29 04:22:41.436 [jobOrderStaffing.TG_3848_NewOrderStaffing] [clickSaveButton] - Clicking on Save Button
[INFO ] 2022-12-29 04:22:41.642 [jobOrderStaffing.TG_3848_NewOrderStaffing] [clickSaveButton] - Save Button clicked successfully
[INFO ] 2022-12-29 04:22:43.644 [jobOrderStaffing.TG_3848_NewOrderStaffing] [verifyPopupMandatoryFieldsBlank] - Verifying Pop-up If click On Save Without Entering Mandatory Fields
[INFO ] 2022-12-29 04:22:43.718 [jobOrderStaffing.TG_3848_NewOrderStaffing] [verifyPopupMandatoryFieldsBlank] - Verify Pop-up If click On Save Without Entering Mandatory Fields successfully 
[INFO ] 2022-12-29 04:22:43.719 [jobOrderStaffing.TG_3848_NewOrderStaffing] [verifyPopupMandatoryFieldsBlank] - Verifying Pop-up If click On Save Without Entering Mandatory Fields
[INFO ] 2022-12-29 04:22:43.775 [jobOrderStaffing.TG_3848_NewOrderStaffing] [verifyPopupMandatoryFieldsBlank] - Verify Pop-up If click On Save Without Entering Mandatory Fields successfully 
[INFO ] 2022-12-29 04:22:43.775 [jobOrderStaffing.TG_3848_NewOrderStaffing] [verifyPopupMandatoryFieldsBlank] - Verifying Pop-up If click On Save Without Entering Mandatory Fields
[INFO ] 2022-12-29 04:22:43.799 [jobOrderStaffing.TG_3848_NewOrderStaffing] [verifyPopupMandatoryFieldsBlank] - Verify Pop-up If click On Save Without Entering Mandatory Fields successfully 
[INFO ] 2022-12-29 04:22:43.799 [jobOrderStaffing.TG_3848_NewOrderStaffing] [verifyPopupMandatoryFieldsBlank] - Verifying Pop-up If click On Save Without Entering Mandatory Fields
[INFO ] 2022-12-29 04:22:43.820 [jobOrderStaffing.TG_3848_NewOrderStaffing] [verifyPopupMandatoryFieldsBlank] - Verify Pop-up If click On Save Without Entering Mandatory Fields successfully 
[INFO ] 2022-12-29 04:22:43.820 [jobOrderStaffing.TG_3848_NewOrderStaffing] [verifyPopupMandatoryFieldsBlank] - Verifying Pop-up If click On Save Without Entering Mandatory Fields
[INFO ] 2022-12-29 04:22:43.848 [jobOrderStaffing.TG_3848_NewOrderStaffing] [verifyPopupMandatoryFieldsBlank] - Verify Pop-up If click On Save Without Entering Mandatory Fields successfully 
[INFO ] 2022-12-29 04:22:43.849 [jobOrderStaffing.TG_3848_NewOrderStaffing] [verifyPopupMandatoryFieldsBlank] - Verifying Pop-up If click On Save Without Entering Mandatory Fields
[INFO ] 2022-12-29 04:22:43.876 [jobOrderStaffing.TG_3848_NewOrderStaffing] [verifyPopupMandatoryFieldsBlank] - Verify Pop-up If click On Save Without Entering Mandatory Fields successfully 
[INFO ] 2022-12-29 04:22:43.877 [jobOrderStaffing.TG_3848_NewOrderStaffing] [verifyPopupMandatoryFieldsBlank] - Verifying Pop-up If click On Save Without Entering Mandatory Fields
[INFO ] 2022-12-29 04:22:43.897 [jobOrderStaffing.TG_3848_NewOrderStaffing] [verifyPopupMandatoryFieldsBlank] - Verify Pop-up If click On Save Without Entering Mandatory Fields successfully 
[INFO ] 2022-12-29 04:22:43.897 [jobOrderStaffing.TG_3848_NewOrderStaffing] [verifyPopupMandatoryFieldsBlank] - Verifying Pop-up If click On Save Without Entering Mandatory Fields
[INFO ] 2022-12-29 04:22:43.920 [jobOrderStaffing.TG_3848_NewOrderStaffing] [verifyPopupMandatoryFieldsBlank] - Verify Pop-up If click On Save Without Entering Mandatory Fields successfully 
[INFO ] 2022-12-29 04:22:43.921 [jobOrderStaffing.TG_3848_NewOrderStaffing] [verifyPopupMandatoryFieldsBlank] - Verifying Pop-up If click On Save Without Entering Mandatory Fields
[INFO ] 2022-12-29 04:22:43.942 [jobOrderStaffing.TG_3848_NewOrderStaffing] [verifyPopupMandatoryFieldsBlank] - Verify Pop-up If click On Save Without Entering Mandatory Fields successfully 
[INFO ] 2022-12-29 04:22:43.943 [jobOrderStaffing.TG_3848_NewOrderStaffing] [verifyPopupMandatoryFieldsBlank] - Verifying Pop-up If click On Save Without Entering Mandatory Fields
[INFO ] 2022-12-29 04:22:43.971 [jobOrderStaffing.TG_3848_NewOrderStaffing] [verifyPopupMandatoryFieldsBlank] - Verify Pop-up If click On Save Without Entering Mandatory Fields successfully 
[INFO ] 2022-12-29 04:22:46.384 [jobOrderStaffing.TG_3848_NewOrderStaffing] [Tag_VerifyCompanyFieldShouldVisible] - Started==Verifying Company Field Should Visible on Job order creation form
[INFO ] 2022-12-29 04:22:48.386 [jobOrderStaffing.TG_3848_NewOrderStaffing] [verifyCompanyFieldShouldVisible] - Verifying Company Field Should Visible on Job order creation form
[INFO ] 2022-12-29 04:22:48.576 [jobOrderStaffing.TG_3848_NewOrderStaffing] [verifyCompanyFieldShouldVisible] - Company Field is Visible on Job order creation form
[INFO ] 2022-12-29 04:22:48.590 [jobOrderStaffing.TG_3848_NewOrderStaffing] [Tag_VerifyCategoryFieldShouldVisible] - Started==Verifying Category Field Should Visible on Job order creation form
[INFO ] 2022-12-29 04:22:53.596 [jobOrderStaffing.TG_3848_NewOrderStaffing] [verifycategoryFieldStaffingShouldVisible] - Verifying Category Field
[INFO ] 2022-12-29 04:22:53.604 [jobOrderStaffing.TG_3848_NewOrderStaffing] [verifycategoryFieldStaffingShouldVisible] - Verifying company Field
[INFO ] 2022-12-29 04:23:23.775 [jobOrderStaffing.TG_3848_NewOrderStaffing] [verifycategoryFieldStaffingShouldVisible] - Verifying Job Site Field
[INFO ] 2022-12-29 04:23:53.940 [jobOrderStaffing.TG_3848_NewOrderStaffing] [verifycategoryFieldStaffingShouldVisible] - Verifying Job Title Field
