[INFO ] 2022-12-08 14:08:24.547 [timesheets.TG_4290_TimesheetCreation] [Tag_EndToEndFlowNewOrderHiring] - Started==Starting End To End Flow NewOrderHiring
[INFO ] 2022-12-08 14:08:28.702 [timesheets.TG_4290_TimesheetCreation] [enterUsername] - Entering new user's first name
[INFO ] 2022-12-08 14:08:29.344 [timesheets.TG_4290_TimesheetCreation] [enterUsername] - User's first name entered successfully
[INFO ] 2022-12-08 14:08:29.344 [timesheets.TG_4290_TimesheetCreation] [enterPassword] - Entering new user's last name
[INFO ] 2022-12-08 14:08:29.709 [timesheets.TG_4290_TimesheetCreation] [enterPassword] - User's last name entered successfully
[INFO ] 2022-12-08 14:08:29.710 [timesheets.TG_4290_TimesheetCreation] [clickLoginButton] - Clicking on Login Button
[INFO ] 2022-12-08 14:08:30.682 [timesheets.TG_4290_TimesheetCreation] [clickLoginButton] - Close Pop Up clicked successfully
[INFO ] 2022-12-08 14:08:30.682 [timesheets.TG_4290_TimesheetCreation] [newOrderHiring] - Clicking on New Order Button
[INFO ] 2022-12-08 14:08:50.273 [timesheets.TG_4290_TimesheetCreation] [newOrderHiring] - New Order Button clicked successfully
[INFO ] 2022-12-08 14:08:50.274 [timesheets.TG_4290_TimesheetCreation] [newOrderHiring] - Entering EstDailyHours
[INFO ] 2022-12-08 14:08:59.877 [timesheets.TG_4290_TimesheetCreation] [newOrderHiring] - EstDailyHours entered successfully
[INFO ] 2022-12-08 14:08:59.878 [timesheets.TG_4290_TimesheetCreation] [newOrderHiring] - Entering StartDate
[INFO ] 2022-12-08 14:09:05.989 [timesheets.TG_4290_TimesheetCreation] [newOrderHiring] - StartDate entered successfully
[INFO ] 2022-12-08 14:09:05.991 [timesheets.TG_4290_TimesheetCreation] [newOrderHiring] - Entering EndDate
[INFO ] 2022-12-08 14:09:17.318 [timesheets.TG_4290_TimesheetCreation] [newOrderHiring] - EndDate entered successfully
[INFO ] 2022-12-08 14:09:17.319 [timesheets.TG_4290_TimesheetCreation] [newOrderHiring] - Entering StartTime
[INFO ] 2022-12-08 14:09:18.257 [timesheets.TG_4290_TimesheetCreation] [newOrderHiring] - StartTime entered successfully
[INFO ] 2022-12-08 14:09:18.258 [timesheets.TG_4290_TimesheetCreation] [newOrderHiring] - Entering Availability
[INFO ] 2022-12-08 14:09:18.506 [timesheets.TG_4290_TimesheetCreation] [newOrderHiring] - Availabilit entered successfully
[INFO ] 2022-12-08 14:09:18.506 [timesheets.TG_4290_TimesheetCreation] [newOrderHiring] - Entering JobSite
[INFO ] 2022-12-08 14:09:25.433 [timesheets.TG_4290_TimesheetCreation] [newOrderHiring] - JobSite entered successfully
[INFO ] 2022-12-08 14:09:25.433 [timesheets.TG_4290_TimesheetCreation] [newOrderHiring] - Entering JobTitle
[INFO ] 2022-12-08 14:09:35.176 [timesheets.TG_4290_TimesheetCreation] [newOrderHiring] - JobTitle entered successfully
[INFO ] 2022-12-08 14:09:35.177 [timesheets.TG_4290_TimesheetCreation] [newOrderHiring] - Entering No Of Workers
[INFO ] 2022-12-08 14:09:40.331 [timesheets.TG_4290_TimesheetCreation] [newOrderHiring] - NoOfWorkers entered successfully
[INFO ] 2022-12-08 14:09:40.331 [timesheets.TG_4290_TimesheetCreation] [newOrderHiring] - Entering ESignature
[INFO ] 2022-12-08 14:09:40.646 [timesheets.TG_4290_TimesheetCreation] [newOrderHiring] - ESignature entered successfully
[INFO ] 2022-12-08 14:09:40.646 [timesheets.TG_4290_TimesheetCreation] [newOrderHiring] - clickAgreeContract
[INFO ] 2022-12-08 14:09:40.808 [timesheets.TG_4290_TimesheetCreation] [newOrderHiring] - clickAgreeContract successfully
[INFO ] 2022-12-08 14:09:40.808 [timesheets.TG_4290_TimesheetCreation] [newOrderHiring] - clickSaveButton
[INFO ] 2022-12-08 14:09:41.234 [timesheets.TG_4290_TimesheetCreation] [newOrderHiring] - SaveButton Clicked successfully
[INFO ] 2022-12-08 14:09:49.908 [timesheets.TG_4290_TimesheetCreation] [newOrderHiring] - Job order link present on the home page clicked
[INFO ] 2022-12-08 14:10:08.839 [timesheets.TG_4290_TimesheetCreation] [newOrderHiring] - Verify Job Order Id and Email Successfully
[INFO ] 2022-12-08 14:10:20.411 [timesheets.TG_4290_TimesheetCreation] [Tag_CreateEmployeeFromStaffing] - Started==Starting End To End Flow CreateEmployeeFromStaffing
[INFO ] 2022-12-08 14:10:30.001 [timesheets.TG_4290_TimesheetCreation] [enterUsername] - Entering new user's first name
[INFO ] 2022-12-08 14:10:30.290 [timesheets.TG_4290_TimesheetCreation] [enterUsername] - User's first name entered successfully
[INFO ] 2022-12-08 14:10:30.290 [timesheets.TG_4290_TimesheetCreation] [enterPassword] - Entering new user's last name
[INFO ] 2022-12-08 14:10:30.374 [timesheets.TG_4290_TimesheetCreation] [enterPassword] - User's last name entered successfully
[INFO ] 2022-12-08 14:10:30.374 [timesheets.TG_4290_TimesheetCreation] [clickLoginButton] - Clicking on Login Button
[INFO ] 2022-12-08 14:10:30.450 [timesheets.TG_4290_TimesheetCreation] [clickLoginButton] - Close Pop Up clicked successfully
[INFO ] 2022-12-08 14:11:02.201 [timesheets.TG_4290_TimesheetCreation] [clickAddNewEployeeButton] - Clicking on Add New Employee Button
[INFO ] 2022-12-08 14:11:03.265 [timesheets.TG_4290_TimesheetCreation] [clickAddNewEployeeButton] - Employee button clicked successfully
[INFO ] 2022-12-08 14:11:08.271 [timesheets.TG_4290_TimesheetCreation] [enterCompanyName] - Entering Company Name
[INFO ] 2022-12-08 14:11:08.452 [timesheets.TG_4290_TimesheetCreation] [enterCompanyName] - Company Name entered successfully
[INFO ] 2022-12-08 14:11:10.458 [timesheets.TG_4290_TimesheetCreation] [enterFirstName] - Entering First Name
[INFO ] 2022-12-08 14:11:10.607 [timesheets.TG_4290_TimesheetCreation] [enterFirstName] - First Name entered successfully
[INFO ] 2022-12-08 14:11:12.612 [timesheets.TG_4290_TimesheetCreation] [enterLastName] - Entering Last Name
[INFO ] 2022-12-08 14:11:12.724 [timesheets.TG_4290_TimesheetCreation] [enterLastName] - Last Name entered successfully
[INFO ] 2022-12-08 14:11:14.730 [timesheets.TG_4290_TimesheetCreation] [enterDateOfBirthField] - Entering date of birth
[INFO ] 2022-12-08 14:11:15.936 [timesheets.TG_4290_TimesheetCreation] [enterDateOfBirthField] - Date of birth entered successfully
[INFO ] 2022-12-08 14:11:17.940 [timesheets.TG_4290_TimesheetCreation] [enterEmail] - Entering email
[INFO ] 2022-12-08 14:11:18.133 [timesheets.TG_4290_TimesheetCreation] [enterEmail] - Email entered successfully
[INFO ] 2022-12-08 14:11:20.136 [timesheets.TG_4290_TimesheetCreation] [selectSearchOnMapsCheckbox] - Selecting search on Maps checkbox
[INFO ] 2022-12-08 14:11:22.373 [timesheets.TG_4290_TimesheetCreation] [selectSearchOnMapsCheckbox] - Search on maps checkbox selected
[INFO ] 2022-12-08 14:11:24.379 [timesheets.TG_4290_TimesheetCreation] [enterEmployeeAddressOnMaps] - Etering employee address on maps
[INFO ] 2022-12-08 14:11:25.655 [timesheets.TG_4290_TimesheetCreation] [enterEmployeeAddressOnMaps] - Employee entered successfully
[INFO ] 2022-12-08 14:11:27.661 [timesheets.TG_4290_TimesheetCreation] [clickSaveButton] - Clicking Save button
[INFO ] 2022-12-08 14:11:27.833 [timesheets.TG_4290_TimesheetCreation] [clickSaveButton] - Save button clicked successfully
[INFO ] 2022-12-08 14:12:07.838 [timesheets.TG_4290_TimesheetCreation] [getEmployeeIdFromEmaployeeDetailsPage] - Fetching employee id
[INFO ] 2022-12-08 14:12:07.909 [timesheets.TG_4290_TimesheetCreation] [getEmployeeIdFromEmaployeeDetailsPage] - Employee id fetched successfully
[INFO ] 2022-12-08 14:12:08.033 [timesheets.TG_4290_TimesheetCreation] [Tag_EndToEndFlowClaimFromStaffing] - Started==Starting End To End Flow ClaimFromStaffing
[INFO ] 2022-12-08 14:12:08.033 [timesheets.TG_4290_TimesheetCreation] [ClaimOrderForStaffing] - Clicking Job orders menu present on the staffing homepage navigates to joborder listing form 
[INFO ] 2022-12-08 14:12:37.292 [timesheets.TG_4290_TimesheetCreation] [ClaimOrderForStaffing] - Clicking on Claim order Button
[INFO ] 2022-12-08 14:12:49.810 [timesheets.TG_4290_TimesheetCreation] [ClaimOrderForStaffing] - Claim order button clicked successfully
[INFO ] 2022-12-08 14:12:49.811 [timesheets.TG_4290_TimesheetCreation] [ClaimOrderForStaffing] - Entering the No. of Employees Claim
[INFO ] 2022-12-08 14:12:54.977 [timesheets.TG_4290_TimesheetCreation] [ClaimOrderForStaffing] - No. of Employees Claim entered successfully
[INFO ] 2022-12-08 14:12:59.982 [timesheets.TG_4290_TimesheetCreation] [ClaimOrderForStaffing] - Entering the E-Signature
[INFO ] 2022-12-08 14:13:02.173 [timesheets.TG_4290_TimesheetCreation] [ClaimOrderForStaffing] - E-Signature entered successfully
[INFO ] 2022-12-08 14:13:02.173 [timesheets.TG_4290_TimesheetCreation] [ClaimOrderForStaffing] - Clicking on Agree to Contract Button
[INFO ] 2022-12-08 14:13:04.287 [timesheets.TG_4290_TimesheetCreation] [ClaimOrderForStaffing] - Agree to Contract Button clicked successfully
[INFO ] 2022-12-08 14:13:04.287 [timesheets.TG_4290_TimesheetCreation] [ClaimOrderForStaffing] - Clicking on Submit Claim Button
[INFO ] 2022-12-08 14:13:11.393 [timesheets.TG_4290_TimesheetCreation] [ClaimOrderForStaffing] - Submit Claim Button clicked successfully
[INFO ] 2022-12-08 14:13:43.139 [timesheets.TG_4290_TimesheetCreation] [Tag_EndToEndFlowClaimApproveHiring] - Started==Starting End To End Flow ApproveHiring
[INFO ] 2022-12-08 14:13:51.638 [timesheets.TG_4290_TimesheetCreation] [enterUsername] - Entering new user's first name
[INFO ] 2022-12-08 14:13:51.791 [timesheets.TG_4290_TimesheetCreation] [enterUsername] - User's first name entered successfully
[INFO ] 2022-12-08 14:13:51.791 [timesheets.TG_4290_TimesheetCreation] [enterPassword] - Entering new user's last name
[INFO ] 2022-12-08 14:13:51.877 [timesheets.TG_4290_TimesheetCreation] [enterPassword] - User's last name entered successfully
[INFO ] 2022-12-08 14:13:51.877 [timesheets.TG_4290_TimesheetCreation] [clickLoginButton] - Clicking on Login Button
[INFO ] 2022-12-08 14:13:51.937 [timesheets.TG_4290_TimesheetCreation] [clickLoginButton] - Close Pop Up clicked successfully
[INFO ] 2022-12-08 14:13:51.938 [timesheets.TG_4290_TimesheetCreation] [ApproveClaimFromHiring] - Clicking Order menu present on the staffing homepage
[INFO ] 2022-12-08 14:14:02.394 [timesheets.TG_4290_TimesheetCreation] [ApproveClaimFromHiring] - Order menu present on the staffing hompage clicked successfully.
[INFO ] 2022-12-08 14:14:02.395 [timesheets.TG_4290_TimesheetCreation] [ApproveClaimFromHiring] - Clicking All orders menu present on the staffing homepage
[INFO ] 2022-12-08 14:14:16.570 [timesheets.TG_4290_TimesheetCreation] [ApproveClaimFromHiring] - Clicking on the claim button navigates to claim order form 
[INFO ] 2022-12-08 14:14:19.714 [timesheets.TG_4290_TimesheetCreation] [ApproveClaimFromHiring] - Clicking on the claim button navigates to claim order form successfully
[INFO ] 2022-12-08 14:14:19.715 [timesheets.TG_4290_TimesheetCreation] [ApproveClaimFromHiring] - Clicking the select head count button on the claim order form
[INFO ] 2022-12-08 14:14:21.439 [timesheets.TG_4290_TimesheetCreation] [ApproveClaimFromHiring] - Clicked the select head count button on the claim order form successfully
[INFO ] 2022-12-08 14:14:21.439 [timesheets.TG_4290_TimesheetCreation] [ApproveClaimFromHiring] - Entering Approve count should not be greater than Workerscount
[INFO ] 2022-12-08 14:14:27.470 [timesheets.TG_4290_TimesheetCreation] [ApproveClaimFromHiring] - Approve count is not more than the workers count
[INFO ] 2022-12-08 14:14:27.472 [timesheets.TG_4290_TimesheetCreation] [ApproveClaimFromHiring] - Clicking on modal submit Button
[INFO ] 2022-12-08 14:14:27.615 [timesheets.TG_4290_TimesheetCreation] [ApproveClaimFromHiring] - Modal submit button clicked successfully
[INFO ] 2022-12-08 14:14:40.662 [timesheets.TG_4290_TimesheetCreation] [Tag_EndToEndFlowAssignEmployeeFromStaffing] - Started==Starting End To End Flow AssignEmployee
[INFO ] 2022-12-08 14:14:46.999 [timesheets.TG_4290_TimesheetCreation] [enterUsername] - Entering new user's first name
[INFO ] 2022-12-08 14:14:47.097 [timesheets.TG_4290_TimesheetCreation] [enterUsername] - User's first name entered successfully
[INFO ] 2022-12-08 14:14:47.097 [timesheets.TG_4290_TimesheetCreation] [enterPassword] - Entering new user's last name
[INFO ] 2022-12-08 14:14:47.509 [timesheets.TG_4290_TimesheetCreation] [enterPassword] - User's last name entered successfully
[INFO ] 2022-12-08 14:14:47.510 [timesheets.TG_4290_TimesheetCreation] [clickLoginButton] - Clicking on Login Button
[INFO ] 2022-12-08 14:14:47.581 [timesheets.TG_4290_TimesheetCreation] [clickLoginButton] - Close Pop Up clicked successfully
[INFO ] 2022-12-08 14:14:47.582 [timesheets.TG_4290_TimesheetCreation] [AssignEmployee] - Clicking Order menu present on the staffing homepage
[INFO ] 2022-12-08 14:15:02.877 [timesheets.TG_4290_TimesheetCreation] [AssignEmployee] - Order menu present on the staffing hompage clicked successfully.
[INFO ] 2022-12-08 14:15:02.882 [timesheets.TG_4290_TimesheetCreation] [AssignEmployee] - Clicking All orders menu present on the staffing homepage
[INFO ] 2022-12-08 14:15:07.514 [timesheets.TG_4290_TimesheetCreation] [AssignEmployee] - All orders menu present on the staffing hompage clicked successfully.
[INFO ] 2022-12-08 14:15:30.038 [timesheets.TG_4290_TimesheetCreation] [AssignEmployee] - Clicking Assign employees under the related section
[INFO ] 2022-12-08 14:15:41.353 [timesheets.TG_4290_TimesheetCreation] [AssignEmployee] - Clicked assign employees on job order form successfully
[INFO ] 2022-12-08 14:15:41.355 [timesheets.TG_4290_TimesheetCreation] [AssignEmployee] - Entering Distance radius in new Assign Employee form 
[INFO ] 2022-12-08 14:15:41.732 [timesheets.TG_4290_TimesheetCreation] [AssignEmployee] - Distance radius in new Assign Employee form entered successfully
[INFO ] 2022-12-08 14:15:41.733 [timesheets.TG_4290_TimesheetCreation] [AssignEmployee] - Clicking CheckBox ShowAllEmployees
[INFO ] 2022-12-08 14:15:43.878 [timesheets.TG_4290_TimesheetCreation] [AssignEmployee] -  ShowAllEmployees CheckBox clicked successfully
[INFO ] 2022-12-08 14:15:43.878 [timesheets.TG_4290_TimesheetCreation] [AssignEmployee] - Clicking AddRow in new Assign Employee form 
[INFO ] 2022-12-08 14:15:51.070 [timesheets.TG_4290_TimesheetCreation] [AssignEmployee] - AddRow button in new Assign Employee form clicked successfully
[INFO ] 2022-12-08 14:15:51.071 [timesheets.TG_4290_TimesheetCreation] [AssignEmployee] - Clicking edit button on the form under the EmployeeDetails
[INFO ] 2022-12-08 14:15:51.234 [timesheets.TG_4290_TimesheetCreation] [AssignEmployee] - Clicked edit button on the form under the EmployeeDetails successfully
[INFO ] 2022-12-08 14:15:51.588 [timesheets.TG_4290_TimesheetCreation] [AssignEmployee] - employeeId in new Assign Employee form entered successfully
[INFO ] 2022-12-08 14:15:51.588 [timesheets.TG_4290_TimesheetCreation] [AssignEmployee] - Clicking Dropdown arrow in the modal
[INFO ] 2022-12-08 14:15:51.756 [timesheets.TG_4290_TimesheetCreation] [AssignEmployee] - Clicked Dropdown arrow in the modal successfully
[INFO ] 2022-12-08 14:15:53.762 [timesheets.TG_4290_TimesheetCreation] [AssignEmployee] - Clicking save new Assign Employee form
[INFO ] 2022-12-08 14:15:57.909 [timesheets.TG_4290_TimesheetCreation] [AssignEmployee] - save button in new Assign Employee form clicked successfully
[INFO ] 2022-12-08 14:16:51.251 [timesheets.TG_4290_TimesheetCreation] [Tag_VerifyHiringAdminAbleToViewEmployeesHaveBeenAssignedPleaseSubmitTheirTimesheets] - Started==Verifying Hiring Admin Able To View Employees Have Been Assigned Please Submit Their Timesheets
[INFO ] 2022-12-08 14:16:57.608 [timesheets.TG_4290_TimesheetCreation] [enterUsername] - Entering new user's first name
[INFO ] 2022-12-08 14:16:57.720 [timesheets.TG_4290_TimesheetCreation] [enterUsername] - User's first name entered successfully
[INFO ] 2022-12-08 14:16:57.721 [timesheets.TG_4290_TimesheetCreation] [enterPassword] - Entering new user's last name
[INFO ] 2022-12-08 14:16:57.796 [timesheets.TG_4290_TimesheetCreation] [enterPassword] - User's last name entered successfully
[INFO ] 2022-12-08 14:16:57.797 [timesheets.TG_4290_TimesheetCreation] [clickLoginButton] - Clicking on Login Button
[INFO ] 2022-12-08 14:16:57.870 [timesheets.TG_4290_TimesheetCreation] [clickLoginButton] - Close Pop Up clicked successfully
[INFO ] 2022-12-08 14:17:00.882 [timesheets.TG_4290_TimesheetCreation] [clickOrderOption] - Clicking on  order Button
[INFO ] 2022-12-08 14:17:05.324 [timesheets.TG_4290_TimesheetCreation] [clickOrderOption] -  Order Button clicked successfully
[INFO ] 2022-12-08 14:17:23.514 [timesheets.TG_4290_TimesheetCreation] [verifyPleaseReviewTimesheetMessage] - Check for 'submit their timesheets' message Displayed
[INFO ] 2022-12-08 14:17:23.585 [timesheets.TG_4290_TimesheetCreation] [verifyPleaseReviewTimesheetMessage] - Message displayed successfully
[INFO ] 2022-12-08 14:17:23.622 [timesheets.TG_4290_TimesheetCreation] [Tag_VerifyAddEditTimesheetButtonVisibleOnClickingOnTimesheet] - Started==Verifying Add Edit Timesheet Button Visible On Clicking On Timesheet
[INFO ] 2022-12-08 14:17:23.623 [timesheets.TG_4290_TimesheetCreation] [ClickingOnTimesheet] - Verifying Add Edit Timesheet Button Visible On Clicking On Timesheet
[INFO ] 2022-12-08 14:17:28.711 [timesheets.TG_4290_TimesheetCreation] [clickaddEditButton] - Clicking on addEditButton 
[INFO ] 2022-12-08 14:17:30.859 [timesheets.TG_4290_TimesheetCreation] [clickaddEditButton] - AddEditButton Clicked Successfully 
[INFO ] 2022-12-08 14:17:30.875 [timesheets.TG_4290_TimesheetCreation] [Tag_VerifyNavigatedToAddTimesheetFormByClickingOnAddEditTimesheetButtonOnClickingOnTimesheet] - Started==Verifying Navigated To Add Timesheet Form By Clicking On Add Edit Timesheet Button On Clicking On Timesheet
[INFO ] 2022-12-08 14:17:30.876 [timesheets.TG_4290_TimesheetCreation] [verifyNavigatedToAddTimesheetFormByClickingOnAddEditTimesheetButtonOnClickingOnTimesheet] - Verifying Navigated To Add Timesheet Form By Clicking On Add Edit Timesheet Button On Clicking On Timesheet
[INFO ] 2022-12-08 14:17:33.924 [timesheets.TG_4290_TimesheetCreation] [verifyNavigatedToAddTimesheetFormByClickingOnAddEditTimesheetButtonOnClickingOnTimesheet] - Verify Navigated To Add Timesheet Form By Clicking On Add Edit Timesheet Button On Clicking On Timesheet successfully
[INFO ] 2022-12-08 14:17:36.952 [timesheets.TG_4290_TimesheetCreation] [Tag_VerifyTimesheetDetailShouldGetAutoFetched] - Started==Verifying Timesheet Detail Should Get Auto-Fetched
[INFO ] 2022-12-08 14:17:36.952 [timesheets.TG_4290_TimesheetCreation] [verifyTimesheetDetailShouldGetAutoFetched] - Verifying Timesheet Detail Should Get Auto-Fetched
[INFO ] 2022-12-08 14:17:40.054 [timesheets.TG_4290_TimesheetCreation] [verifyTimesheetDetailShouldGetAutoFetched] - Verify Timesheet Detail Should Get Auto-Fetched successfully
[INFO ] 2022-12-08 14:17:40.066 [timesheets.TG_4290_TimesheetCreation] [Tag_VerifyHiringRoleShouldNotAbleToSelectFutureDateAndGetsPopup] - Started==Verifying Hiring Role Should Not Able To Select Future Date And Gets Popup
[INFO ] 2022-12-08 14:17:43.072 [timesheets.TG_4290_TimesheetCreation] [enterDate] - Verify Future date 
[INFO ] 2022-12-08 14:17:48.563 [timesheets.TG_4290_TimesheetCreation] [enterDate] - Verify Future date successfully
[INFO ] 2022-12-08 14:17:51.571 [timesheets.TG_4290_TimesheetCreation] [verifyHiringRoleShouldNotAbleToSelectFutureDateAndGetsPopup] - Verifying Hiring Role Should Not Able To Select Future Date And Gets Popup
[INFO ] 2022-12-08 14:17:51.650 [timesheets.TG_4290_TimesheetCreation] [verifyHiringRoleShouldNotAbleToSelectFutureDateAndGetsPopup] - Verify Hiring Role Should Not Able To Select Future Date And Gets Popup successfully 
[INFO ] 2022-12-08 14:17:56.656 [timesheets.TG_4290_TimesheetCreation] [closeBlankMandatoryFieldDialogBox] - closing Future Date DialogBox
[INFO ] 2022-12-08 14:17:56.828 [timesheets.TG_4290_TimesheetCreation] [closeBlankMandatoryFieldDialogBox] - Future Date DialogBox close Successfully
[INFO ] 2022-12-08 14:17:56.860 [timesheets.TG_4290_TimesheetCreation] [Tag_VerifyHiringRoleShouldAbleToSelectDateAsCurrentDay] - Started==Verifying Hiring Role Should Able To Select Date As Current Day
[INFO ] 2022-12-08 14:17:56.861 [timesheets.TG_4290_TimesheetCreation] [verifyHiringRoleShouldAbleToSelectDateAsCurrentDay] - Entering current date in Timesheet
[INFO ] 2022-12-08 14:18:04.192 [timesheets.TG_4290_TimesheetCreation] [verifyHiringRoleShouldAbleToSelectDateAsCurrentDay] - Entered current date in Timesheet successfully
[INFO ] 2022-12-08 14:18:07.231 [timesheets.TG_4290_TimesheetCreation] [enterStartTime] - Verify Start Time 
[INFO ] 2022-12-08 14:18:14.570 [timesheets.TG_4290_TimesheetCreation] [enterStartTime] - Verify Start Time Field successfully
[INFO ] 2022-12-08 14:18:17.575 [timesheets.TG_4290_TimesheetCreation] [enterEndTime] - Verify End Time 
[INFO ] 2022-12-08 14:18:24.953 [timesheets.TG_4290_TimesheetCreation] [enterEndTime] - Verify End Time Field successfully
[INFO ] 2022-12-08 14:18:24.954 [timesheets.TG_4290_TimesheetCreation] [Tag_VerifyUserShouldAbleToSelectFromTimeAndToTimeSuccessfullyAndTotalHoursShouldGetCalculate] - Started==Verifying User Should Able To Select From Time And To Time Successfully And Total Hours Should Get Calculate
[INFO ] 2022-12-08 14:18:26.959 [timesheets.TG_4290_TimesheetCreation] [verifyUserShouldAbleToSelectFromTimeAndToTimeSuccessfullyAndTotalHoursShouldGetCalculate] - Verify User Should Able To Select From Time And To Time Successfully And Total Hours Should Get Calculate
[INFO ] 2022-12-08 14:18:30.022 [timesheets.TG_4290_TimesheetCreation] [verifyUserShouldAbleToSelectFromTimeAndToTimeSuccessfullyAndTotalHoursShouldGetCalculate] - Verify User Should Able To Select From Time And To Time Successfully And Total Hours Should Get Calculate successfully
[INFO ] 2022-12-08 14:18:30.037 [timesheets.TG_4290_TimesheetCreation] [Tag_VerifySelectingValidDateEmployeesDetailsShouldGetFetchedAutomatically] - Started==Verifying Selecting Valid Date Employees Details Should Get Fetched Automatically
[INFO ] 2022-12-08 14:18:33.042 [timesheets.TG_4290_TimesheetCreation] [verifyEmployeesDetailsShouldGetFetchedAutomatically] - Verify Employees Details Should Get Fetched Automatically
[INFO ] 2022-12-08 14:18:33.104 [timesheets.TG_4290_TimesheetCreation] [verifyEmployeesDetailsShouldGetFetchedAutomatically] - Verify Employees Details Should Get Fetched Automatically successfully
[INFO ] 2022-12-08 14:18:33.123 [timesheets.TG_4290_TimesheetCreation] [Tag_VerifyUserShouldAableViewPopupTimesheetAddedSuccessfully] - Started==Verifying Selecting Valid Date Employees Details Should Get Fetched Automatically
[INFO ] 2022-12-08 14:18:35.127 [timesheets.TG_4290_TimesheetCreation] [verifyUserShouldAableViewPopupTimesheetAddedSuccessfully] - Submitting Timesheet 
[INFO ] 2022-12-08 14:18:37.293 [timesheets.TG_4290_TimesheetCreation] [verifyUserShouldAableViewPopupTimesheetAddedSuccessfully] -  Timesheet Submit successfully
[INFO ] 2022-12-08 14:18:37.295 [timesheets.TG_4290_TimesheetCreation] [verifyUserShouldAableViewPopupTimesheetAddedSuccessfully] - Verify Pop-up for Timesheet Added Successfullysuccessfully 
