[INFO ] 2022-12-28 05:52:14.163 [CRM.TG_5352_Lead_Creation] [VerifyLeadForm] - Logging in
[INFO ] 2022-12-28 05:52:17.072 [CRM.TG_5352_Lead_Creation] [enterUsername] - Entering new user's first name
[INFO ] 2022-12-28 05:52:17.738 [CRM.TG_5352_Lead_Creation] [enterUsername] - User's first name entered successfully
[INFO ] 2022-12-28 05:52:17.738 [CRM.TG_5352_Lead_Creation] [enterPassword] - Entering new user's last name
[INFO ] 2022-12-28 05:52:19.153 [CRM.TG_5352_Lead_Creation] [enterPassword] - User's last name entered successfully
[INFO ] 2022-12-28 05:52:19.154 [CRM.TG_5352_Lead_Creation] [clickLoginButton] - Clicking on Login Button
[INFO ] 2022-12-28 05:52:19.528 [CRM.TG_5352_Lead_Creation] [clickLoginButton] - Close Pop Up clicked successfully
[INFO ] 2022-12-28 05:52:19.535 [CRM.TG_5352_Lead_Creation] [VerifyLeadForm] - Verifying CRM Icon
[INFO ] 2022-12-28 05:52:19.535 [CRM.TG_5352_Lead_Creation] [verifyCRMTextOnHomepage] - Check for CRM Icon on Homepage
[INFO ] 2022-12-28 05:52:35.554 [CRM.TG_5352_Lead_Creation] [verifyCRMTextOnHomepage] - CRM Icon displayed successfully
[INFO ] 2022-12-28 05:52:35.566 [CRM.TG_5352_Lead_Creation] [clickCRMIcon] - Clicking on CRM Button
[INFO ] 2022-12-28 05:52:36.516 [CRM.TG_5352_Lead_Creation] [clickCRMIcon] - CRM Button clicked successfully
[INFO ] 2022-12-28 05:52:38.523 [CRM.TG_5352_Lead_Creation] [clickLeadIcon] - Clicking on Lead Button
[INFO ] 2022-12-28 05:52:40.796 [CRM.TG_5352_Lead_Creation] [clickLeadIcon] - Lead Button clicked successfully
[INFO ] 2022-12-28 05:52:42.804 [CRM.TG_5352_Lead_Creation] [verifyLeadListingForm] - Check for Lead Title
[INFO ] 2022-12-28 05:52:42.908 [CRM.TG_5352_Lead_Creation] [verifyLeadListingForm] - Lead Title displayed successfully
[INFO ] 2022-12-28 05:52:44.911 [CRM.TG_5352_Lead_Creation] [clickAddLeadButton] - Clicking on Lead Button
[INFO ] 2022-12-28 05:52:46.060 [CRM.TG_5352_Lead_Creation] [clickAddLeadButton] - Add Lead Button clicked successfully
[INFO ] 2022-12-28 05:52:48.068 [CRM.TG_5352_Lead_Creation] [verifyLeadForm] - Check for New Lead Form
[INFO ] 2022-12-28 05:52:48.171 [CRM.TG_5352_Lead_Creation] [verifyLeadForm] - New Lead Form displayed successfully
[INFO ] 2022-12-28 05:52:48.239 [CRM.TG_5352_Lead_Creation] [CreateLead] - Verifying Mandatory Fields
[INFO ] 2022-12-28 05:52:48.239 [CRM.TG_5352_Lead_Creation] [clickSaveButton] - Clicking on Save Button
[INFO ] 2022-12-28 05:52:48.763 [CRM.TG_5352_Lead_Creation] [clickSaveButton] - Save Button clicked successfully
[INFO ] 2022-12-28 05:52:55.071 [CRM.TG_5352_Lead_Creation] [enterFirstName] - Entering First Name
[INFO ] 2022-12-28 05:52:55.301 [CRM.TG_5352_Lead_Creation] [enterFirstName] - First Name Entered Successfully
[INFO ] 2022-12-28 05:52:55.302 [CRM.TG_5352_Lead_Creation] [enterLastName] - Entering Last Name
[INFO ] 2022-12-28 05:52:55.409 [CRM.TG_5352_Lead_Creation] [enterLastName] - Last Name Entered Successfully
[INFO ] 2022-12-28 05:52:55.412 [CRM.TG_5352_Lead_Creation] [enterCompanyName] - Entering Company Name
[INFO ] 2022-12-28 05:52:55.576 [CRM.TG_5352_Lead_Creation] [enterCompanyName] - Company Name Entered Successfully
[INFO ] 2022-12-28 05:52:55.577 [CRM.TG_5352_Lead_Creation] [enterEmail] - Entering Email
[INFO ] 2022-12-28 05:52:56.215 [CRM.TG_5352_Lead_Creation] [enterEmail] - Email Entered Successfully
[INFO ] 2022-12-28 05:52:58.222 [CRM.TG_5352_Lead_Creation] [enterPhoneNumber] - Entering Phone Number
[INFO ] 2022-12-28 05:52:58.356 [CRM.TG_5352_Lead_Creation] [enterPhoneNumber] - Phone Number Entered Successfully
[INFO ] 2022-12-28 05:52:58.357 [CRM.TG_5352_Lead_Creation] [selectSearchOnMapsCheckbox] - Selecting search on Maps checkbox
[INFO ] 2022-12-28 05:53:00.769 [CRM.TG_5352_Lead_Creation] [selectSearchOnMapsCheckbox] - Search on maps checkbox selected
[INFO ] 2022-12-28 05:53:02.775 [CRM.TG_5352_Lead_Creation] [enterEmployeeAddressOnMaps] - Etering employee address on maps
[INFO ] 2022-12-28 05:53:04.212 [CRM.TG_5352_Lead_Creation] [enterEmployeeAddressOnMaps] - Employee entered successfully
[INFO ] 2022-12-28 05:53:06.218 [CRM.TG_5352_Lead_Creation] [clickSaveButton] - Clicking on Save Button
[INFO ] 2022-12-28 05:53:06.506 [CRM.TG_5352_Lead_Creation] [clickSaveButton] - Save Button clicked successfully
[INFO ] 2022-12-28 05:53:09.511 [CRM.TG_5352_Lead_Creation] [verifyLeadStatus] - Check for Status as Lead
[INFO ] 2022-12-28 05:53:09.582 [CRM.TG_5352_Lead_Creation] [verifyLeadStatus] - Status verified as Lead successfully
[INFO ] 2022-12-28 05:53:11.589 [CRM.TG_5352_Lead_Creation] [clickLeadLinkforListingForm] - Click on Lead for Listing form
[INFO ] 2022-12-28 05:53:11.912 [CRM.TG_5352_Lead_Creation] [clickLeadLinkforListingForm] - Lead for Listing form clicked Successfully
[INFO ] 2022-12-28 05:53:11.914 [CRM.TG_5352_Lead_Creation] [verifyCreatedLead] - Check for Created Lead
[INFO ] 2022-12-28 05:53:11.970 [CRM.TG_5352_Lead_Creation] [verifyCreatedLead] - Created Lead displayed successfully
[INFO ] 2022-12-28 05:53:13.977 [CRM.TG_5352_Lead_Creation] [clickCreatedLead] - Clicking on Created Lead
[INFO ] 2022-12-28 05:53:14.170 [CRM.TG_5352_Lead_Creation] [clickCreatedLead] - Created Lead clicked successfully
[INFO ] 2022-12-28 05:53:16.174 [CRM.TG_5352_Lead_Creation] [clickLeadStatusOpen] - Clicking on Status dropdown
[INFO ] 2022-12-28 05:53:16.846 [CRM.TG_5352_Lead_Creation] [clickLeadStatusOpen] - Status entered successfully
[INFO ] 2022-12-28 05:53:18.863 [CRM.TG_5352_Lead_Creation] [clickNotesropdown] - Clicking on Notes Dropdown
[INFO ] 2022-12-28 05:53:19.249 [CRM.TG_5352_Lead_Creation] [clickNotesropdown] - Notes Dropdown clicked successfully
[INFO ] 2022-12-28 05:53:21.253 [CRM.TG_5352_Lead_Creation] [enterNotes] - Entering Note
[INFO ] 2022-12-28 05:53:21.862 [CRM.TG_5352_Lead_Creation] [enterNotes] - Note Entered Successfully
[INFO ] 2022-12-28 05:53:23.869 [CRM.TG_5352_Lead_Creation] [clickLeadStatusContractNegotiation] - Clicking on Status dropdown
[INFO ] 2022-12-28 05:53:24.109 [CRM.TG_5352_Lead_Creation] [clickLeadStatusContractNegotiation] - Status entered successfully
[INFO ] 2022-12-28 05:53:26.114 [CRM.TG_5352_Lead_Creation] [clickSaveButton] - Clicking on Save Button
[INFO ] 2022-12-28 05:53:26.277 [CRM.TG_5352_Lead_Creation] [clickSaveButton] - Save Button clicked successfully
[INFO ] 2022-12-28 05:53:28.286 [CRM.TG_5352_Lead_Creation] [verifyPrepareContractButton] - Verify Prepare Contract Button
[INFO ] 2022-12-28 05:53:28.322 [CRM.TG_5352_Lead_Creation] [verifyPrepareContractButton] - Prepare Contract Button displayed successfully
[INFO ] 2022-12-28 05:53:28.324 [CRM.TG_5352_Lead_Creation] [clickPrepareContractButton] - Clicking on Prepare Contract Button
[INFO ] 2022-12-28 05:53:28.373 [CRM.TG_5352_Lead_Creation] [clickPrepareContractButton] - Prepare Contract Button clicked successfully
[INFO ] 2022-12-28 05:53:30.376 [CRM.TG_5352_Lead_Creation] [verifyContractForm] - Check for New Contract Form
[INFO ] 2022-12-28 05:53:30.462 [CRM.TG_5352_Lead_Creation] [verifyContractForm] - New Contract Form displayed successfully
[INFO ] 2022-12-28 05:53:30.462 [CRM.TG_5352_Lead_Creation] [enterStartDate] - enter Start date 
[INFO ] 2022-12-28 05:53:35.846 [CRM.TG_5352_Lead_Creation] [enterStartDate] - Verify enter Start date
[INFO ] 2022-12-28 05:53:37.854 [CRM.TG_5352_Lead_Creation] [enterEndDate] - Verify End Date 
[INFO ] 2022-12-28 05:53:43.330 [CRM.TG_5352_Lead_Creation] [enterEndDate] - Verify enter End date
[INFO ] 2022-12-28 05:53:45.352 [CRM.TG_5352_Lead_Creation] [clickAddRowButton] - Clicking on Add Row Button
[INFO ] 2022-12-28 05:53:46.181 [CRM.TG_5352_Lead_Creation] [clickAddRowButton] - Add Row Button clicked successfully
[INFO ] 2022-12-28 05:53:48.191 [CRM.TG_5352_Lead_Creation] [enterJobTitleInTable] - Entering Job Title List in the Table
[INFO ] 2022-12-28 05:53:48.958 [CRM.TG_5352_Lead_Creation] [enterJobTitleInTable] - Clicked Job Title in the Table successfully
[INFO ] 2022-12-28 05:53:50.964 [CRM.TG_5352_Lead_Creation] [enterTitle] - Enter Title
[INFO ] 2022-12-28 05:53:54.750 [CRM.TG_5352_Lead_Creation] [enterTitle] - Entered Job Title in the Table successfully
[INFO ] 2022-12-28 05:53:56.757 [CRM.TG_5352_Lead_Creation] [enterSign] - Entering Sign
[INFO ] 2022-12-28 05:53:57.113 [CRM.TG_5352_Lead_Creation] [enterSign] - Sign Entered Successfully
[INFO ] 2022-12-28 05:53:59.119 [CRM.TG_5352_Lead_Creation] [clickSaveButtonInContract] - Clicking on Save Button
[INFO ] 2022-12-28 05:53:59.360 [CRM.TG_5352_Lead_Creation] [clickSaveButtonInContract] - Save Button clicked successfully
[INFO ] 2022-12-28 05:54:01.365 [CRM.TG_5352_Lead_Creation] [verifyFinalizeButton] - Verify Finalize Button
[INFO ] 2022-12-28 05:54:01.473 [CRM.TG_5352_Lead_Creation] [verifyFinalizeButton] - Finalize Button displayed successfully
[INFO ] 2022-12-28 05:54:03.475 [CRM.TG_5352_Lead_Creation] [clickFinalizeButton] - Clicking Finalize button
[INFO ] 2022-12-28 05:54:03.697 [CRM.TG_5352_Lead_Creation] [clickFinalizeButton] - Finalize button clicked successfully
[INFO ] 2022-12-28 05:55:03.711 [CRM.TG_5352_Lead_Creation] [verifyCRMTextOnHomepage] - Check for CRM Icon on Homepage
[INFO ] 2022-12-28 05:55:10.948 [CRM.TG_5352_Lead_Creation] [verifyCRMTextOnHomepage] - CRM Icon displayed successfully
