[INFO ] 2022-12-30 04:55:19.576 [CRM.TG_5489_Hiring_Company_Creation_Via_TAG] [TG_5303_VerifyNewLeadFormIsOpened] - Logging in
[INFO ] 2022-12-30 04:55:22.058 [CRM.TG_5489_Hiring_Company_Creation_Via_TAG] [enterUsername] - Entering new user's first name
[INFO ] 2022-12-30 04:55:22.661 [CRM.TG_5489_Hiring_Company_Creation_Via_TAG] [enterUsername] - User's first name entered successfully
[INFO ] 2022-12-30 04:55:22.661 [CRM.TG_5489_Hiring_Company_Creation_Via_TAG] [enterPassword] - Entering new user's last name
[INFO ] 2022-12-30 04:55:23.314 [CRM.TG_5489_Hiring_Company_Creation_Via_TAG] [enterPassword] - User's last name entered successfully
[INFO ] 2022-12-30 04:55:23.315 [CRM.TG_5489_Hiring_Company_Creation_Via_TAG] [clickLoginButton] - Clicking on Login Button
[INFO ] 2022-12-30 04:55:24.362 [CRM.TG_5489_Hiring_Company_Creation_Via_TAG] [clickLoginButton] - Close Pop Up clicked successfully
[INFO ] 2022-12-30 04:55:24.371 [CRM.TG_5489_Hiring_Company_Creation_Via_TAG] [TG_5303_VerifyNewLeadFormIsOpened] - Verifying CRM Icon
[INFO ] 2022-12-30 04:55:24.371 [CRM.TG_5489_Hiring_Company_Creation_Via_TAG] [verifyCRMIconOnHomepage] - Check for CRM Icon on Homepage
[INFO ] 2022-12-30 04:55:33.271 [CRM.TG_5489_Hiring_Company_Creation_Via_TAG] [verifyCRMIconOnHomepage] - CRM Icon displayed successfully
[INFO ] 2022-12-30 04:55:33.280 [CRM.TG_5489_Hiring_Company_Creation_Via_TAG] [clickCRMIcoOnHomepage] - Clicking on CRM Button
[INFO ] 2022-12-30 04:55:39.490 [CRM.TG_5489_Hiring_Company_Creation_Via_TAG] [clickCRMIcoOnHomepage] - CRM Button clicked successfully
[INFO ] 2022-12-30 04:55:41.495 [CRM.TG_5489_Hiring_Company_Creation_Via_TAG] [clickLeadIcon] - Clicking on Lead Button
[INFO ] 2022-12-30 04:55:43.123 [CRM.TG_5489_Hiring_Company_Creation_Via_TAG] [clickLeadIcon] - Lead Button clicked successfully
[INFO ] 2022-12-30 04:55:45.128 [CRM.TG_5489_Hiring_Company_Creation_Via_TAG] [verifyLeadListingForm] - Check for Lead Title
[INFO ] 2022-12-30 04:55:45.514 [CRM.TG_5489_Hiring_Company_Creation_Via_TAG] [verifyLeadListingForm] - Lead Title displayed successfully
[INFO ] 2022-12-30 04:55:47.520 [CRM.TG_5489_Hiring_Company_Creation_Via_TAG] [clickAddLeadButton] - Clicking on Lead Button
[INFO ] 2022-12-30 04:55:48.739 [CRM.TG_5489_Hiring_Company_Creation_Via_TAG] [clickAddLeadButton] - Add Lead Button clicked successfully
[INFO ] 2022-12-30 04:55:50.744 [CRM.TG_5489_Hiring_Company_Creation_Via_TAG] [verifyLeadForm] - Check for New Lead Form
[INFO ] 2022-12-30 04:55:50.820 [CRM.TG_5489_Hiring_Company_Creation_Via_TAG] [verifyLeadForm] - New Lead Form displayed successfully
[INFO ] 2022-12-30 04:55:50.873 [CRM.TG_5489_Hiring_Company_Creation_Via_TAG] [TG_5318_VerifyLeadIsCreated] - Verifying Mandatory Fields
[INFO ] 2022-12-30 04:55:50.873 [CRM.TG_5489_Hiring_Company_Creation_Via_TAG] [clickSaveButton] - Clicking on Save Button
[INFO ] 2022-12-30 04:55:51.256 [CRM.TG_5489_Hiring_Company_Creation_Via_TAG] [clickSaveButton] - Save Button clicked successfully
[INFO ] 2022-12-30 04:55:53.262 [CRM.TG_5489_Hiring_Company_Creation_Via_TAG] [verifyMandatoryFieldIsBlank] - Verifying the Mandatory Field Pop-Up Title
[INFO ] 2022-12-30 04:55:53.328 [CRM.TG_5489_Hiring_Company_Creation_Via_TAG] [verifyMandatoryFieldIsBlank] - Mandatory Field Pop-Up Title displayed Successfully
[INFO ] 2022-12-30 04:55:55.330 [CRM.TG_5489_Hiring_Company_Creation_Via_TAG] [closeBlankMandatoryFieldDialogBox] - Clicking on Close Pop-Up Icon
[INFO ] 2022-12-30 04:55:55.544 [CRM.TG_5489_Hiring_Company_Creation_Via_TAG] [closeBlankMandatoryFieldDialogBox] - Close Pop-Up Icon Clicked Successfully
[INFO ] 2022-12-30 04:55:57.549 [CRM.TG_5489_Hiring_Company_Creation_Via_TAG] [enterFirstName] - Entering First Name
[INFO ] 2022-12-30 04:55:57.776 [CRM.TG_5489_Hiring_Company_Creation_Via_TAG] [enterFirstName] - First Name Entered Successfully
[INFO ] 2022-12-30 04:55:57.776 [CRM.TG_5489_Hiring_Company_Creation_Via_TAG] [enterLastName] - Entering Last Name
[INFO ] 2022-12-30 04:55:57.892 [CRM.TG_5489_Hiring_Company_Creation_Via_TAG] [enterLastName] - Last Name Entered Successfully
[INFO ] 2022-12-30 04:55:57.892 [CRM.TG_5489_Hiring_Company_Creation_Via_TAG] [enterCompanyType] - Entering Lead
[INFO ] 2022-12-30 04:55:58.093 [CRM.TG_5489_Hiring_Company_Creation_Via_TAG] [enterCompanyType] - Lead Entered Successfully
[INFO ] 2022-12-30 04:55:58.094 [CRM.TG_5489_Hiring_Company_Creation_Via_TAG] [enterCompanyName] - Entering Company Name
[INFO ] 2022-12-30 04:55:58.367 [CRM.TG_5489_Hiring_Company_Creation_Via_TAG] [enterCompanyName] - Company Name Entered Successfully
[INFO ] 2022-12-30 04:55:58.368 [CRM.TG_5489_Hiring_Company_Creation_Via_TAG] [enterEmail] - Entering Email
[INFO ] 2022-12-30 04:55:58.528 [CRM.TG_5489_Hiring_Company_Creation_Via_TAG] [enterEmail] - Email Entered Successfully
[INFO ] 2022-12-30 04:56:00.530 [CRM.TG_5489_Hiring_Company_Creation_Via_TAG] [enterPhoneNumber] - Entering Phone Number
[INFO ] 2022-12-30 04:56:00.653 [CRM.TG_5489_Hiring_Company_Creation_Via_TAG] [enterPhoneNumber] - Phone Number Entered Successfully
[INFO ] 2022-12-30 04:56:00.653 [CRM.TG_5489_Hiring_Company_Creation_Via_TAG] [selectSearchOnMapsCheckbox] - Selecting search on Maps checkbox
[INFO ] 2022-12-30 04:56:03.146 [CRM.TG_5489_Hiring_Company_Creation_Via_TAG] [selectSearchOnMapsCheckbox] - Search on maps checkbox selected
[INFO ] 2022-12-30 04:56:05.154 [CRM.TG_5489_Hiring_Company_Creation_Via_TAG] [enterEmployeeAddressOnMaps] - Etering employee address on maps
[INFO ] 2022-12-30 04:56:06.766 [CRM.TG_5489_Hiring_Company_Creation_Via_TAG] [enterEmployeeAddressOnMaps] - Employee entered successfully
[INFO ] 2022-12-30 04:56:08.770 [CRM.TG_5489_Hiring_Company_Creation_Via_TAG] [clickSaveButton] - Clicking on Save Button
[INFO ] 2022-12-30 04:56:09.070 [CRM.TG_5489_Hiring_Company_Creation_Via_TAG] [clickSaveButton] - Save Button clicked successfully
[INFO ] 2022-12-30 04:56:12.084 [CRM.TG_5489_Hiring_Company_Creation_Via_TAG] [verifyLeadStatus] - Check for Status as Lead
[INFO ] 2022-12-30 04:56:12.161 [CRM.TG_5489_Hiring_Company_Creation_Via_TAG] [verifyLeadStatus] - Status verified as Lead successfully
[INFO ] 2022-12-30 04:56:14.167 [CRM.TG_5489_Hiring_Company_Creation_Via_TAG] [clickLeadLinkforListingForm] - Click on Lead for Listing form
[INFO ] 2022-12-30 04:56:14.433 [CRM.TG_5489_Hiring_Company_Creation_Via_TAG] [clickLeadLinkforListingForm] - Lead for Listing form clicked Successfully
[INFO ] 2022-12-30 04:56:14.433 [CRM.TG_5489_Hiring_Company_Creation_Via_TAG] [verifyCreatedLead] - Check for Created Lead
[INFO ] 2022-12-30 04:56:14.527 [CRM.TG_5489_Hiring_Company_Creation_Via_TAG] [verifyCreatedLead] - Created Lead displayed successfully
[INFO ] 2022-12-30 04:56:16.529 [CRM.TG_5489_Hiring_Company_Creation_Via_TAG] [clickCreatedLead] - Clicking on Created Lead
[INFO ] 2022-12-30 04:56:16.804 [CRM.TG_5489_Hiring_Company_Creation_Via_TAG] [clickCreatedLead] - Created Lead clicked successfully
[INFO ] 2022-12-30 04:56:18.813 [CRM.TG_5489_Hiring_Company_Creation_Via_TAG] [clickLeadStatusOpen] - Clicking on Status dropdown
[INFO ] 2022-12-30 04:56:19.039 [CRM.TG_5489_Hiring_Company_Creation_Via_TAG] [clickLeadStatusOpen] - Open Status entered successfully
[INFO ] 2022-12-30 04:56:21.042 [CRM.TG_5489_Hiring_Company_Creation_Via_TAG] [clickNotesDropdown] - Clicking on Notes Dropdown
[INFO ] 2022-12-30 04:56:21.276 [CRM.TG_5489_Hiring_Company_Creation_Via_TAG] [clickNotesDropdown] - Notes Dropdown clicked successfully
[INFO ] 2022-12-30 04:56:23.284 [CRM.TG_5489_Hiring_Company_Creation_Via_TAG] [enterNotes] - Entering Note
[INFO ] 2022-12-30 04:56:23.723 [CRM.TG_5489_Hiring_Company_Creation_Via_TAG] [enterNotes] - Note Entered Successfully
[INFO ] 2022-12-30 04:56:25.730 [CRM.TG_5489_Hiring_Company_Creation_Via_TAG] [clickLeadStatusContractNegotiation] - Clicking on Status dropdown
[INFO ] 2022-12-30 04:56:25.816 [CRM.TG_5489_Hiring_Company_Creation_Via_TAG] [clickLeadStatusContractNegotiation] - Contract Negotiation Status entered successfully
[INFO ] 2022-12-30 04:56:27.821 [CRM.TG_5489_Hiring_Company_Creation_Via_TAG] [clickSaveButton] - Clicking on Save Button
[INFO ] 2022-12-30 04:56:27.909 [CRM.TG_5489_Hiring_Company_Creation_Via_TAG] [clickSaveButton] - Save Button clicked successfully
[INFO ] 2022-12-30 04:56:29.912 [CRM.TG_5489_Hiring_Company_Creation_Via_TAG] [verifyPrepareContractButton] - Verify Prepare Contract Button
[INFO ] 2022-12-30 04:56:30.100 [CRM.TG_5489_Hiring_Company_Creation_Via_TAG] [verifyPrepareContractButton] - Prepare Contract Button displayed successfully
[INFO ] 2022-12-30 04:56:30.100 [CRM.TG_5489_Hiring_Company_Creation_Via_TAG] [clickPrepareContractButton] - Clicking on Prepare Contract Button
[INFO ] 2022-12-30 04:56:30.228 [CRM.TG_5489_Hiring_Company_Creation_Via_TAG] [clickPrepareContractButton] - Prepare Contract Button clicked successfully
[INFO ] 2022-12-30 04:56:32.237 [CRM.TG_5489_Hiring_Company_Creation_Via_TAG] [verifyContractForm] - Check for New Contract Form
[INFO ] 2022-12-30 04:56:32.329 [CRM.TG_5489_Hiring_Company_Creation_Via_TAG] [verifyContractForm] - New Contract Form displayed successfully
[INFO ] 2022-12-30 04:56:32.330 [CRM.TG_5489_Hiring_Company_Creation_Via_TAG] [enterStartDate] - Entering the Start Date 
[INFO ] 2022-12-30 04:56:37.682 [CRM.TG_5489_Hiring_Company_Creation_Via_TAG] [enterStartDate] - Start Date Entered Successfully
[INFO ] 2022-12-30 04:56:39.688 [CRM.TG_5489_Hiring_Company_Creation_Via_TAG] [enterEndDate] - Entering the End Date
[INFO ] 2022-12-30 04:56:45.250 [CRM.TG_5489_Hiring_Company_Creation_Via_TAG] [enterEndDate] - End Date Entered Successfully
[INFO ] 2022-12-30 04:56:47.257 [CRM.TG_5489_Hiring_Company_Creation_Via_TAG] [clickAddRowButton] - Clicking on Add Row Button
[INFO ] 2022-12-30 04:56:47.542 [CRM.TG_5489_Hiring_Company_Creation_Via_TAG] [clickAddRowButton] - Add Row Button clicked successfully
[INFO ] 2022-12-30 04:56:49.547 [CRM.TG_5489_Hiring_Company_Creation_Via_TAG] [clickJobTitleInTable] - Entering Job Title List in the Table
[INFO ] 2022-12-30 04:56:49.673 [CRM.TG_5489_Hiring_Company_Creation_Via_TAG] [clickJobTitleInTable] - Clicked Job Title in the Table successfully
[INFO ] 2022-12-30 04:56:51.680 [CRM.TG_5489_Hiring_Company_Creation_Via_TAG] [enterTitle] - Enter Title
[INFO ] 2022-12-30 04:56:54.959 [CRM.TG_5489_Hiring_Company_Creation_Via_TAG] [enterTitle] - Entered Job Title in the Table successfully
[INFO ] 2022-12-30 04:56:56.961 [CRM.TG_5489_Hiring_Company_Creation_Via_TAG] [enterSign] - Entering Sign
[INFO ] 2022-12-30 04:56:57.103 [CRM.TG_5489_Hiring_Company_Creation_Via_TAG] [enterSign] - Sign Entered Successfully
[INFO ] 2022-12-30 04:56:59.105 [CRM.TG_5489_Hiring_Company_Creation_Via_TAG] [clickSaveButtonInContract] - Clicking on Save Button
[INFO ] 2022-12-30 04:56:59.208 [CRM.TG_5489_Hiring_Company_Creation_Via_TAG] [clickSaveButtonInContract] - Save Button clicked successfully
[INFO ] 2022-12-30 04:57:01.212 [CRM.TG_5489_Hiring_Company_Creation_Via_TAG] [verifyFinalizeButton] - Verify Finalize Button
[INFO ] 2022-12-30 04:57:01.262 [CRM.TG_5489_Hiring_Company_Creation_Via_TAG] [verifyFinalizeButton] - Finalize Button displayed successfully
[INFO ] 2022-12-30 04:57:03.266 [CRM.TG_5489_Hiring_Company_Creation_Via_TAG] [clickFinalizeButton] - Clicking Finalize button
[INFO ] 2022-12-30 04:57:03.371 [CRM.TG_5489_Hiring_Company_Creation_Via_TAG] [clickFinalizeButton] - Finalize button clicked successfully
[INFO ] 2022-12-30 04:57:33.383 [CRM.TG_5489_Hiring_Company_Creation_Via_TAG] [verifyPopUpSuccessMsg] - Verifying pop up msg
[INFO ] 2022-12-30 04:57:33.512 [CRM.TG_5489_Hiring_Company_Creation_Via_TAG] [verifyPopUpSuccessMsg] - pop up msg displayed successfully
