[INFO ] 2022-12-27 05:27:30.218 [CRM.TG_5352_Lead_Creation] [VerifyLeadForm] - Logging in
[INFO ] 2022-12-27 05:27:33.123 [CRM.TG_5352_Lead_Creation] [enterUsername] - Entering new user's first name
[INFO ] 2022-12-27 05:27:33.834 [CRM.TG_5352_Lead_Creation] [enterUsername] - User's first name entered successfully
[INFO ] 2022-12-27 05:27:33.834 [CRM.TG_5352_Lead_Creation] [enterPassword] - Entering new user's last name
[INFO ] 2022-12-27 05:27:35.814 [CRM.TG_5352_Lead_Creation] [enterPassword] - User's last name entered successfully
[INFO ] 2022-12-27 05:27:35.817 [CRM.TG_5352_Lead_Creation] [clickLoginButton] - Clicking on Login Button
[INFO ] 2022-12-27 05:27:37.298 [CRM.TG_5352_Lead_Creation] [clickLoginButton] - Close Pop Up clicked successfully
[INFO ] 2022-12-27 05:27:37.323 [CRM.TG_5352_Lead_Creation] [VerifyLeadForm] - Verifying CRM Icon
[INFO ] 2022-12-27 05:27:37.323 [CRM.TG_5352_Lead_Creation] [verifyCRMTextOnHomepage] - Check for CRM Icon on Homepage
[INFO ] 2022-12-27 05:27:56.606 [CRM.TG_5352_Lead_Creation] [verifyCRMTextOnHomepage] - CRM Icon displayed successfully
[INFO ] 2022-12-27 05:27:56.638 [CRM.TG_5352_Lead_Creation] [clickCRMIcon] - Clicking on CRM Button
[INFO ] 2022-12-27 05:27:57.321 [CRM.TG_5352_Lead_Creation] [clickCRMIcon] - CRM Button clicked successfully
[INFO ] 2022-12-27 05:27:59.330 [CRM.TG_5352_Lead_Creation] [clickLeadIcon] - Clicking on Lead Button
[INFO ] 2022-12-27 05:28:01.435 [CRM.TG_5352_Lead_Creation] [clickLeadIcon] - Lead Button clicked successfully
[INFO ] 2022-12-27 05:28:03.446 [CRM.TG_5352_Lead_Creation] [verifyLeadListingForm] - Check for Lead Title
[INFO ] 2022-12-27 05:28:15.431 [CRM.TG_5352_Lead_Creation] [verifyLeadListingForm] - Lead Title displayed successfully
[INFO ] 2022-12-27 05:28:17.438 [CRM.TG_5352_Lead_Creation] [clickAddLeadButton] - Clicking on Lead Button
[INFO ] 2022-12-27 05:28:18.481 [CRM.TG_5352_Lead_Creation] [clickAddLeadButton] - Add Lead Button clicked successfully
[INFO ] 2022-12-27 05:28:20.488 [CRM.TG_5352_Lead_Creation] [verifyLeadForm] - Check for New Lead Form
[INFO ] 2022-12-27 05:28:20.596 [CRM.TG_5352_Lead_Creation] [verifyLeadForm] - New Lead Form displayed successfully
[INFO ] 2022-12-27 05:28:20.674 [CRM.TG_5352_Lead_Creation] [CreateLead] - Verifying Mandatory Fields
[INFO ] 2022-12-27 05:28:20.675 [CRM.TG_5352_Lead_Creation] [clickSaveButton] - Clicking on Save Button
[INFO ] 2022-12-27 05:28:21.188 [CRM.TG_5352_Lead_Creation] [clickSaveButton] - Save Button clicked successfully
[INFO ] 2022-12-27 05:28:27.519 [CRM.TG_5352_Lead_Creation] [enterFirstName] - Entering First Name
[INFO ] 2022-12-27 05:28:27.820 [CRM.TG_5352_Lead_Creation] [enterFirstName] - First Name Entered Successfully
[INFO ] 2022-12-27 05:28:27.822 [CRM.TG_5352_Lead_Creation] [enterLastName] - Entering Last Name
[INFO ] 2022-12-27 05:28:27.924 [CRM.TG_5352_Lead_Creation] [enterLastName] - Last Name Entered Successfully
[INFO ] 2022-12-27 05:28:27.925 [CRM.TG_5352_Lead_Creation] [enterCompanyName] - Entering Company Name
[INFO ] 2022-12-27 05:28:28.158 [CRM.TG_5352_Lead_Creation] [enterCompanyName] - Company Name Entered Successfully
[INFO ] 2022-12-27 05:28:28.158 [CRM.TG_5352_Lead_Creation] [enterEmail] - Entering Email
[INFO ] 2022-12-27 05:28:28.533 [CRM.TG_5352_Lead_Creation] [enterEmail] - Email Entered Successfully
[INFO ] 2022-12-27 05:28:30.540 [CRM.TG_5352_Lead_Creation] [enterPhoneNumber] - Entering Phone Number
[INFO ] 2022-12-27 05:28:30.736 [CRM.TG_5352_Lead_Creation] [enterPhoneNumber] - Phone Number Entered Successfully
[INFO ] 2022-12-27 05:28:30.736 [CRM.TG_5352_Lead_Creation] [selectSearchOnMapsCheckbox] - Selecting search on Maps checkbox
[INFO ] 2022-12-27 05:28:33.175 [CRM.TG_5352_Lead_Creation] [selectSearchOnMapsCheckbox] - Search on maps checkbox selected
[INFO ] 2022-12-27 05:28:35.183 [CRM.TG_5352_Lead_Creation] [enterEmployeeAddressOnMaps] - Etering employee address on maps
[INFO ] 2022-12-27 05:28:36.655 [CRM.TG_5352_Lead_Creation] [enterEmployeeAddressOnMaps] - Employee entered successfully
[INFO ] 2022-12-27 05:28:38.661 [CRM.TG_5352_Lead_Creation] [clickSaveButton] - Clicking on Save Button
[INFO ] 2022-12-27 05:28:38.941 [CRM.TG_5352_Lead_Creation] [clickSaveButton] - Save Button clicked successfully
[INFO ] 2022-12-27 05:28:41.948 [CRM.TG_5352_Lead_Creation] [verifyLeadStatus] - Check for Status as Lead
[INFO ] 2022-12-27 05:28:42.017 [CRM.TG_5352_Lead_Creation] [verifyLeadStatus] - Status verified as Lead successfully
[INFO ] 2022-12-27 05:28:44.025 [CRM.TG_5352_Lead_Creation] [clickLeadLinkforListingForm] - Click on Lead for Listing form
[INFO ] 2022-12-27 05:28:44.320 [CRM.TG_5352_Lead_Creation] [clickLeadLinkforListingForm] - Lead for Listing form clicked Successfully
[INFO ] 2022-12-27 05:28:44.320 [CRM.TG_5352_Lead_Creation] [verifyCreatedLead] - Check for Created Lead
[INFO ] 2022-12-27 05:28:44.372 [CRM.TG_5352_Lead_Creation] [verifyCreatedLead] - Created Lead displayed successfully
[INFO ] 2022-12-27 05:28:46.379 [CRM.TG_5352_Lead_Creation] [clickCreatedLead] - Clicking on Created Lead
[INFO ] 2022-12-27 05:28:46.831 [CRM.TG_5352_Lead_Creation] [clickCreatedLead] - Created Lead clicked successfully
[INFO ] 2022-12-27 05:28:48.834 [CRM.TG_5352_Lead_Creation] [clickLeadStatusOpen] - Clicking on Status dropdown
[INFO ] 2022-12-27 05:28:49.174 [CRM.TG_5352_Lead_Creation] [clickLeadStatusOpen] - Status entered successfully
[INFO ] 2022-12-27 05:28:51.177 [CRM.TG_5352_Lead_Creation] [clickNotesropdown] - Clicking on Notes Dropdown
[INFO ] 2022-12-27 05:28:51.452 [CRM.TG_5352_Lead_Creation] [clickNotesropdown] - Notes Dropdown clicked successfully
[INFO ] 2022-12-27 05:28:53.454 [CRM.TG_5352_Lead_Creation] [enterNotes] - Entering Note
