[INFO ] 2022-12-12 20:26:04.919 [jobTitle_jobSite.TG_4862_JobTitleCreation] [enterUsername] - Entering new user's first name
[INFO ] 2022-12-12 20:26:05.280 [jobTitle_jobSite.TG_4862_JobTitleCreation] [enterUsername] - User's first name entered successfully
[INFO ] 2022-12-12 20:26:05.280 [jobTitle_jobSite.TG_4862_JobTitleCreation] [enterPassword] - Entering new user's last name
[INFO ] 2022-12-12 20:26:05.501 [jobTitle_jobSite.TG_4862_JobTitleCreation] [enterPassword] - User's last name entered successfully
[INFO ] 2022-12-12 20:26:05.502 [jobTitle_jobSite.TG_4862_JobTitleCreation] [clickLoginButton] - Clicking on Login Button
[INFO ] 2022-12-12 20:26:06.240 [jobTitle_jobSite.TG_4862_JobTitleCreation] [clickLoginButton] - Close Pop Up clicked successfully
[INFO ] 2022-12-12 20:26:09.258 [jobTitle_jobSite.TG_4862_JobTitleCreation] [enterJobTitleInSearchBar] - Entering Job Title List in the search box
[INFO ] 2022-12-12 20:26:29.021 [jobTitle_jobSite.TG_4862_JobTitleCreation] [enterJobTitleInSearchBar] - Entered Job Title List in the search box successfully
[INFO ] 2022-12-12 20:26:29.022 [jobTitle_jobSite.TG_4862_JobTitleCreation] [clickSearchBox] - Searching Job Title Listing for should open
[INFO ] 2022-12-12 20:26:29.449 [jobTitle_jobSite.TG_4862_JobTitleCreation] [clickSearchBox] - Job Title Listing opened successfully
[INFO ] 2022-12-12 20:26:29.449 [jobTitle_jobSite.TG_4862_JobTitleCreation] [verifyJobTitleListingPage] - Verify Job Title Listing Page is displayed
[INFO ] 2022-12-12 20:26:34.181 [jobTitle_jobSite.TG_4862_JobTitleCreation] [verifyJobTitleListingPage] - Job Title Listing Page displayed successfully
[INFO ] 2022-12-12 20:26:34.222 [jobTitle_jobSite.TG_4862_JobTitleCreation] [clickAddJobTitleButton] - Clicking Add Job Title Button
[INFO ] 2022-12-12 20:26:35.502 [jobTitle_jobSite.TG_4862_JobTitleCreation] [clickAddJobTitleButton] - Add Job Title Button clicked successfully
[INFO ] 2022-12-12 20:26:38.514 [jobTitle_jobSite.TG_4862_JobTitleCreation] [clickSaveButton] - Clicking on Save Button
[INFO ] 2022-12-12 20:26:38.787 [jobTitle_jobSite.TG_4862_JobTitleCreation] [clickSaveButton] - Save button clicked successfully
[INFO ] 2022-12-12 20:26:41.791 [jobTitle_jobSite.TG_4862_JobTitleCreation] [verifyMissingFieldPopUp] - Verify Missing field dialog while clicking save Button
[INFO ] 2022-12-12 20:26:41.878 [jobTitle_jobSite.TG_4862_JobTitleCreation] [verifyMissingFieldPopUp] - Missing field dialog displayed while clicking save Button successfully.
[INFO ] 2022-12-12 20:26:41.879 [jobTitle_jobSite.TG_4862_JobTitleCreation] [clickCloseButtonMissingFieldPopUp] - Clicking close button on Job Title Form
[INFO ] 2022-12-12 20:26:45.060 [jobTitle_jobSite.TG_4862_JobTitleCreation] [clickCloseButtonMissingFieldPopUp] - Close button clicked successfully
[INFO ] 2022-12-12 20:26:45.061 [jobTitle_jobSite.TG_4862_JobTitleCreation] [enterIndustry] - Entering Job Industry
[INFO ] 2022-12-12 20:26:45.194 [jobTitle_jobSite.TG_4862_JobTitleCreation] [enterIndustry] - Job Industry entered successfully
[INFO ] 2022-12-12 20:26:45.195 [jobTitle_jobSite.TG_4862_JobTitleCreation] [enterRate] - Entering rate
[INFO ] 2022-12-12 20:26:45.329 [jobTitle_jobSite.TG_4862_JobTitleCreation] [enterRate] - Rate entered successfully
[INFO ] 2022-12-12 20:26:45.329 [jobTitle_jobSite.TG_4862_JobTitleCreation] [enterJobTitle] - Entering Job Title
[INFO ] 2022-12-12 20:26:45.494 [jobTitle_jobSite.TG_4862_JobTitleCreation] [enterJobTitle] - Job Title entered successfully
[INFO ] 2022-12-12 20:26:45.494 [jobTitle_jobSite.TG_4862_JobTitleCreation] [enterDescription] - Entering Description
[INFO ] 2022-12-12 20:26:45.764 [jobTitle_jobSite.TG_4862_JobTitleCreation] [enterDescription] - Description entered successfully
[INFO ] 2022-12-12 20:26:45.765 [jobTitle_jobSite.TG_4862_JobTitleCreation] [clickSaveButton] - Clicking on Save Button
[INFO ] 2022-12-12 20:26:45.894 [jobTitle_jobSite.TG_4862_JobTitleCreation] [clickSaveButton] - Save button clicked successfully
[INFO ] 2022-12-12 20:26:45.894 [jobTitle_jobSite.TG_4862_JobTitleCreation] [verifyEnabledTitle] - Verify Job Title created Successfully
[INFO ] 2022-12-12 20:26:51.702 [jobTitle_jobSite.TG_4862_JobTitleCreation] [verifyEnabledTitle] - Job Title Created successfully.
