[INFO ] 2022-12-23 16:55:31.005 [blockCompany.TG_4779_Block_Company] [LoginHiring] - Logging in
[INFO ] 2022-12-23 16:55:33.086 [blockCompany.TG_4779_Block_Company] [enterUsername] - Entering new user's first name
[INFO ] 2022-12-23 16:55:33.841 [blockCompany.TG_4779_Block_Company] [enterUsername] - User's first name entered successfully
[INFO ] 2022-12-23 16:55:33.842 [blockCompany.TG_4779_Block_Company] [enterPassword] - Entering new user's last name
[INFO ] 2022-12-23 16:55:35.187 [blockCompany.TG_4779_Block_Company] [enterPassword] - User's last name entered successfully
[INFO ] 2022-12-23 16:55:35.188 [blockCompany.TG_4779_Block_Company] [clickLoginButton] - Clicking on Login Button
[INFO ] 2022-12-23 16:55:35.526 [blockCompany.TG_4779_Block_Company] [clickLoginButton] - Close Pop Up clicked successfully
[INFO ] 2022-12-23 16:55:35.586 [blockCompany.TG_4779_Block_Company] [clickStaffingCompanies] - Clicking Staffing Companies
[INFO ] 2022-12-23 16:55:40.591 [blockCompany.TG_4779_Block_Company] [clickStaffingCompanies] - Clicking on Staffing Companies Button
[INFO ] 2022-12-23 16:55:48.439 [blockCompany.TG_4779_Block_Company] [clickStaffingCompanies] - Staffing Companies Button clicked successfully
[INFO ] 2022-12-23 16:55:48.484 [blockCompany.TG_4779_Block_Company] [verifyStaffingCompaniesList] - Verifying Staffing Company List
[INFO ] 2022-12-23 16:55:52.490 [blockCompany.TG_4779_Block_Company] [verifyStaffingCompanyList] - Verify Staffing Company List is displayed
[INFO ] 2022-12-23 16:55:52.590 [blockCompany.TG_4779_Block_Company] [verifyStaffingCompanyList] - Staffing Company List displayed successfully
[INFO ] 2022-12-23 16:55:52.613 [blockCompany.TG_4779_Block_Company] [clickStaffingCompany] - Clicking Staffing Company
[INFO ] 2022-12-23 16:55:57.629 [blockCompany.TG_4779_Block_Company] [clickHunderedFilter] - Clicking on 100 records button
[INFO ] 2022-12-23 16:55:57.769 [blockCompany.TG_4779_Block_Company] [clickHunderedFilter] - 100 records button clicked Successfully
[INFO ] 2022-12-23 16:56:00.775 [blockCompany.TG_4779_Block_Company] [clickStaffingCompany] - Clicking on Staffing Company
[INFO ] 2022-12-23 16:56:02.011 [blockCompany.TG_4779_Block_Company] [clickStaffingCompany] - Staffing Company clicked successfully
[INFO ] 2022-12-23 16:56:02.037 [blockCompany.TG_4779_Block_Company] [clickBlockButton] - Clicking Block Button
[INFO ] 2022-12-23 16:56:05.043 [blockCompany.TG_4779_Block_Company] [clickBlockButton] - Clicking on Block Button
[INFO ] 2022-12-23 16:56:05.202 [blockCompany.TG_4779_Block_Company] [clickBlockButton] - Block Button clicked successfully
[INFO ] 2022-12-23 16:56:08.232 [blockCompany.TG_4779_Block_Company] [verifyBlockCompanyPopUp] - Verifying Company Marked as Favorite
[INFO ] 2022-12-23 16:56:08.233 [blockCompany.TG_4779_Block_Company] [verifyBlockCompanyPopUp] - Verify Company Blocked Pop Up displayed
[INFO ] 2022-12-23 16:56:19.613 [blockCompany.TG_4779_Block_Company] [verifyBlockCompanyPopUp] - Company Blocked Pop Up displayed successfully
[INFO ] 2022-12-23 16:56:22.621 [blockCompany.TG_4779_Block_Company] [closePopUpButton] - Clicking on Close Pop Up
[INFO ] 2022-12-23 16:56:22.848 [blockCompany.TG_4779_Block_Company] [closePopUpButton] - Close Pop Up clicked Successfully
[INFO ] 2022-12-23 16:56:26.916 [blockCompany.TG_4779_Block_Company] [clickUnblockButton] - Clicking Unblock Button
[INFO ] 2022-12-23 16:56:29.925 [blockCompany.TG_4779_Block_Company] [clickUnblockButton] - Clicking on Block Button
[INFO ] 2022-12-23 16:56:32.995 [blockCompany.TG_4779_Block_Company] [clickUnblockButton] - Block Button clicked successfully
[INFO ] 2022-12-23 16:56:33.013 [blockCompany.TG_4779_Block_Company] [verifyUnblockCompanyPopUp] - Verifying Staffing Company UnBlocked
[INFO ] 2022-12-23 16:57:13.021 [blockCompany.TG_4779_Block_Company] [verifyUnblockCompanyPopUp] - Verify Company Unblocked Pop Up displayed
