[INFO ] 2022-12-22 03:11:03.819 [timesheets.TG_4301_Timesheet_Approval] [Tag_EndToEndFlowNewOrderHiring] - Started==Starting End To End Flow NewOrderHiring
[INFO ] 2022-12-22 03:11:05.850 [timesheets.TG_4301_Timesheet_Approval] [enterUsername] - Entering new user's first name
[INFO ] 2022-12-22 03:11:06.355 [timesheets.TG_4301_Timesheet_Approval] [enterUsername] - User's first name entered successfully
[INFO ] 2022-12-22 03:11:06.355 [timesheets.TG_4301_Timesheet_Approval] [enterPassword] - Entering new user's last name
[INFO ] 2022-12-22 03:11:07.778 [timesheets.TG_4301_Timesheet_Approval] [enterPassword] - User's last name entered successfully
[INFO ] 2022-12-22 03:11:07.779 [timesheets.TG_4301_Timesheet_Approval] [clickLoginButton] - Clicking on Login Button
[INFO ] 2022-12-22 03:11:08.112 [timesheets.TG_4301_Timesheet_Approval] [clickLoginButton] - Close Pop Up clicked successfully
[INFO ] 2022-12-22 03:11:08.112 [timesheets.TG_4301_Timesheet_Approval] [newOrderHiring] - Clicking on New Order Button
[INFO ] 2022-12-22 03:11:21.886 [timesheets.TG_4301_Timesheet_Approval] [newOrderHiring] - New Order Button clicked successfully
[INFO ] 2022-12-22 03:11:21.887 [timesheets.TG_4301_Timesheet_Approval] [newOrderHiring] - Entering EstDailyHours
[INFO ] 2022-12-22 03:11:30.729 [timesheets.TG_4301_Timesheet_Approval] [newOrderHiring] - EstDailyHours entered successfully
[INFO ] 2022-12-22 03:11:30.729 [timesheets.TG_4301_Timesheet_Approval] [newOrderHiring] - Entering StartDate
[INFO ] 2022-12-22 03:11:36.471 [timesheets.TG_4301_Timesheet_Approval] [newOrderHiring] - StartDate entered successfully
[INFO ] 2022-12-22 03:11:36.474 [timesheets.TG_4301_Timesheet_Approval] [newOrderHiring] - Entering EndDate
[INFO ] 2022-12-22 03:11:47.793 [timesheets.TG_4301_Timesheet_Approval] [newOrderHiring] - EndDate entered successfully
[INFO ] 2022-12-22 03:11:47.798 [timesheets.TG_4301_Timesheet_Approval] [newOrderHiring] - Entering StartTime
[INFO ] 2022-12-22 03:11:48.506 [timesheets.TG_4301_Timesheet_Approval] [newOrderHiring] - StartTime entered successfully
[INFO ] 2022-12-22 03:11:48.507 [timesheets.TG_4301_Timesheet_Approval] [newOrderHiring] - Entering Availability
[INFO ] 2022-12-22 03:11:48.724 [timesheets.TG_4301_Timesheet_Approval] [newOrderHiring] - Availabilit entered successfully
[INFO ] 2022-12-22 03:11:48.724 [timesheets.TG_4301_Timesheet_Approval] [newOrderHiring] - Entering JobSite
[INFO ] 2022-12-22 03:11:54.890 [timesheets.TG_4301_Timesheet_Approval] [newOrderHiring] - JobSite entered successfully
[INFO ] 2022-12-22 03:11:54.891 [timesheets.TG_4301_Timesheet_Approval] [newOrderHiring] - Entering JobTitle
[INFO ] 2022-12-22 03:12:04.071 [timesheets.TG_4301_Timesheet_Approval] [newOrderHiring] - JobTitle entered successfully
[INFO ] 2022-12-22 03:12:04.076 [timesheets.TG_4301_Timesheet_Approval] [newOrderHiring] - Entering No Of Workers
[INFO ] 2022-12-22 03:12:09.244 [timesheets.TG_4301_Timesheet_Approval] [newOrderHiring] - NoOfWorkers entered successfully
[INFO ] 2022-12-22 03:12:09.246 [timesheets.TG_4301_Timesheet_Approval] [newOrderHiring] - Entering ESignature
[INFO ] 2022-12-22 03:12:09.383 [timesheets.TG_4301_Timesheet_Approval] [newOrderHiring] - ESignature entered successfully
[INFO ] 2022-12-22 03:12:09.384 [timesheets.TG_4301_Timesheet_Approval] [newOrderHiring] - clickAgreeContract
[INFO ] 2022-12-22 03:12:09.528 [timesheets.TG_4301_Timesheet_Approval] [newOrderHiring] - clickAgreeContract successfully
[INFO ] 2022-12-22 03:12:09.528 [timesheets.TG_4301_Timesheet_Approval] [newOrderHiring] - clickSaveButton
[INFO ] 2022-12-22 03:12:09.739 [timesheets.TG_4301_Timesheet_Approval] [newOrderHiring] - SaveButton Clicked successfully
