[INFO ] 2022-12-22 20:09:00.301 [company.TG_4463_InvCreationStaffing] [Tag_EndToEndFlowNewOrderHiring] - Started==Starting End To End Flow NewOrderHiring
[INFO ] 2022-12-22 20:09:02.337 [company.TG_4463_InvCreationStaffing] [enterUsername] - Entering new user's first name
[INFO ] 2022-12-22 20:09:02.872 [company.TG_4463_InvCreationStaffing] [enterUsername] - User's first name entered successfully
[INFO ] 2022-12-22 20:09:02.872 [company.TG_4463_InvCreationStaffing] [enterPassword] - Entering new user's last name
[INFO ] 2022-12-22 20:09:03.813 [company.TG_4463_InvCreationStaffing] [enterPassword] - User's last name entered successfully
[INFO ] 2022-12-22 20:09:03.814 [company.TG_4463_InvCreationStaffing] [clickLoginButton] - Clicking on Login Button
[INFO ] 2022-12-22 20:09:04.560 [company.TG_4463_InvCreationStaffing] [clickLoginButton] - Close Pop Up clicked successfully
[INFO ] 2022-12-22 20:09:04.560 [company.TG_4463_InvCreationStaffing] [newOrderHiring] - Clicking on New Order Button
[INFO ] 2022-12-22 20:09:18.121 [company.TG_4463_InvCreationStaffing] [newOrderHiring] - New Order Button clicked successfully
[INFO ] 2022-12-22 20:09:18.122 [company.TG_4463_InvCreationStaffing] [newOrderHiring] - Entering EstDailyHours
[INFO ] 2022-12-22 20:09:27.073 [company.TG_4463_InvCreationStaffing] [newOrderHiring] - EstDailyHours entered successfully
[INFO ] 2022-12-22 20:09:27.074 [company.TG_4463_InvCreationStaffing] [newOrderHiring] - Entering StartDate
[INFO ] 2022-12-22 20:09:32.890 [company.TG_4463_InvCreationStaffing] [newOrderHiring] - StartDate entered successfully
[INFO ] 2022-12-22 20:09:32.893 [company.TG_4463_InvCreationStaffing] [newOrderHiring] - Entering EndDate
[INFO ] 2022-12-22 20:09:44.196 [company.TG_4463_InvCreationStaffing] [newOrderHiring] - EndDate entered successfully
[INFO ] 2022-12-22 20:09:44.198 [company.TG_4463_InvCreationStaffing] [newOrderHiring] - Entering StartTime
[INFO ] 2022-12-22 20:09:44.855 [company.TG_4463_InvCreationStaffing] [newOrderHiring] - StartTime entered successfully
[INFO ] 2022-12-22 20:09:44.855 [company.TG_4463_InvCreationStaffing] [newOrderHiring] - Entering Availability
[INFO ] 2022-12-22 20:09:45.139 [company.TG_4463_InvCreationStaffing] [newOrderHiring] - Availabilit entered successfully
[INFO ] 2022-12-22 20:09:45.140 [company.TG_4463_InvCreationStaffing] [newOrderHiring] - Entering JobSite
[INFO ] 2022-12-22 20:09:51.400 [company.TG_4463_InvCreationStaffing] [newOrderHiring] - JobSite entered successfully
[INFO ] 2022-12-22 20:09:51.401 [company.TG_4463_InvCreationStaffing] [newOrderHiring] - Entering JobTitle
[INFO ] 2022-12-22 20:10:00.596 [company.TG_4463_InvCreationStaffing] [newOrderHiring] - JobTitle entered successfully
[INFO ] 2022-12-22 20:10:00.602 [company.TG_4463_InvCreationStaffing] [newOrderHiring] - Entering No Of Workers
[INFO ] 2022-12-22 20:10:05.715 [company.TG_4463_InvCreationStaffing] [newOrderHiring] - NoOfWorkers entered successfully
[INFO ] 2022-12-22 20:10:05.715 [company.TG_4463_InvCreationStaffing] [newOrderHiring] - Entering ESignature
[INFO ] 2022-12-22 20:10:08.892 [company.TG_4463_InvCreationStaffing] [newOrderHiring] - ESignature entered successfully
[INFO ] 2022-12-22 20:10:08.892 [company.TG_4463_InvCreationStaffing] [newOrderHiring] - clickAgreeContract
[INFO ] 2022-12-22 20:10:09.045 [company.TG_4463_InvCreationStaffing] [newOrderHiring] - clickAgreeContract successfully
[INFO ] 2022-12-22 20:10:09.046 [company.TG_4463_InvCreationStaffing] [newOrderHiring] - clickSaveButton
[INFO ] 2022-12-22 20:10:09.275 [company.TG_4463_InvCreationStaffing] [newOrderHiring] - SaveButton Clicked successfully
[INFO ] 2022-12-22 20:10:17.757 [company.TG_4463_InvCreationStaffing] [newOrderHiring] - Job order link present on the home page clicked
[INFO ] 2022-12-22 20:10:30.633 [company.TG_4463_InvCreationStaffing] [newOrderHiring] - Verify Job Order Id and Email Successfully
[INFO ] 2022-12-22 20:10:42.049 [company.TG_4463_InvCreationStaffing] [Tag_EndToEndFlowNewOrderHiring] - Started==Starting End To End Flow CreateEmployeeFromStaffing
[INFO ] 2022-12-22 20:10:54.963 [company.TG_4463_InvCreationStaffing] [enterUsername] - Entering new user's first name
[INFO ] 2022-12-22 20:10:55.106 [company.TG_4463_InvCreationStaffing] [enterUsername] - User's first name entered successfully
[INFO ] 2022-12-22 20:10:55.107 [company.TG_4463_InvCreationStaffing] [enterPassword] - Entering new user's last name
[INFO ] 2022-12-22 20:10:55.182 [company.TG_4463_InvCreationStaffing] [enterPassword] - User's last name entered successfully
[INFO ] 2022-12-22 20:10:55.183 [company.TG_4463_InvCreationStaffing] [clickLoginButton] - Clicking on Login Button
[INFO ] 2022-12-22 20:10:55.380 [company.TG_4463_InvCreationStaffing] [clickLoginButton] - Close Pop Up clicked successfully
[INFO ] 2022-12-22 20:11:25.638 [company.TG_4463_InvCreationStaffing] [clickAddNewEployeeButton] - Clicking on Add New Employee Button
[INFO ] 2022-12-22 20:11:26.562 [company.TG_4463_InvCreationStaffing] [clickAddNewEployeeButton] - Employee button clicked successfully
[INFO ] 2022-12-22 20:11:31.569 [company.TG_4463_InvCreationStaffing] [enterCompanyName] - Entering Company Name
[INFO ] 2022-12-22 20:11:31.917 [company.TG_4463_InvCreationStaffing] [enterCompanyName] - Company Name entered successfully
[INFO ] 2022-12-22 20:11:33.924 [company.TG_4463_InvCreationStaffing] [enterFirstName] - Entering First Name
[INFO ] 2022-12-22 20:11:34.111 [company.TG_4463_InvCreationStaffing] [enterFirstName] - First Name entered successfully
[INFO ] 2022-12-22 20:11:36.114 [company.TG_4463_InvCreationStaffing] [enterLastName] - Entering Last Name
[INFO ] 2022-12-22 20:11:36.228 [company.TG_4463_InvCreationStaffing] [enterLastName] - Last Name entered successfully
[INFO ] 2022-12-22 20:11:38.232 [company.TG_4463_InvCreationStaffing] [enterDateOfBirthField] - Entering date of birth
[INFO ] 2022-12-22 20:11:39.525 [company.TG_4463_InvCreationStaffing] [enterDateOfBirthField] - Date of birth entered successfully
[INFO ] 2022-12-22 20:11:41.538 [company.TG_4463_InvCreationStaffing] [enterEmail] - Entering email
[INFO ] 2022-12-22 20:11:41.737 [company.TG_4463_InvCreationStaffing] [enterEmail] - Email entered successfully
[INFO ] 2022-12-22 20:11:43.743 [company.TG_4463_InvCreationStaffing] [selectSearchOnMapsCheckbox] - Selecting search on Maps checkbox
[INFO ] 2022-12-22 20:11:46.034 [company.TG_4463_InvCreationStaffing] [selectSearchOnMapsCheckbox] - Search on maps checkbox selected
[INFO ] 2022-12-22 20:11:48.041 [company.TG_4463_InvCreationStaffing] [enterEmployeeAddressOnMaps] - Etering employee address on maps
[INFO ] 2022-12-22 20:11:49.344 [company.TG_4463_InvCreationStaffing] [enterEmployeeAddressOnMaps] - Employee entered successfully
[INFO ] 2022-12-22 20:11:51.351 [company.TG_4463_InvCreationStaffing] [clickSaveButton] - Clicking Save button
[INFO ] 2022-12-22 20:11:51.546 [company.TG_4463_InvCreationStaffing] [clickSaveButton] - Save button clicked successfully
[INFO ] 2022-12-22 20:12:31.552 [company.TG_4463_InvCreationStaffing] [getEmployeeIdFromEmaployeeDetailsPage] - Fetching employee id
[INFO ] 2022-12-22 20:12:31.662 [company.TG_4463_InvCreationStaffing] [getEmployeeIdFromEmaployeeDetailsPage] - Employee id fetched successfully
[INFO ] 2022-12-22 20:12:31.762 [company.TG_4463_InvCreationStaffing] [Tag_EndToEndFlowNewOrderHiring] - Started==Starting End To End Flow ClaimFromStaffing
[INFO ] 2022-12-22 20:12:31.762 [company.TG_4463_InvCreationStaffing] [ClaimOrderForStaffing] - Clicking Job orders menu present on the staffing homepage navigates to joborder listing form 
[INFO ] 2022-12-22 20:13:00.277 [company.TG_4463_InvCreationStaffing] [ClaimOrderForStaffing] - Clicking on Claim order Button
[INFO ] 2022-12-22 20:13:12.834 [company.TG_4463_InvCreationStaffing] [ClaimOrderForStaffing] - Claim order button clicked successfully
[INFO ] 2022-12-22 20:13:12.835 [company.TG_4463_InvCreationStaffing] [ClaimOrderForStaffing] - Entering the No. of Employees Claim
[INFO ] 2022-12-22 20:13:17.987 [company.TG_4463_InvCreationStaffing] [ClaimOrderForStaffing] - No. of Employees Claim entered successfully
[INFO ] 2022-12-22 20:13:22.990 [company.TG_4463_InvCreationStaffing] [ClaimOrderForStaffing] - Entering the E-Signature
[INFO ] 2022-12-22 20:13:25.163 [company.TG_4463_InvCreationStaffing] [ClaimOrderForStaffing] - E-Signature entered successfully
[INFO ] 2022-12-22 20:13:25.163 [company.TG_4463_InvCreationStaffing] [ClaimOrderForStaffing] - Clicking on Agree to Contract Button
[INFO ] 2022-12-22 20:13:27.328 [company.TG_4463_InvCreationStaffing] [ClaimOrderForStaffing] - Agree to Contract Button clicked successfully
[INFO ] 2022-12-22 20:13:27.329 [company.TG_4463_InvCreationStaffing] [ClaimOrderForStaffing] - Clicking on Submit Claim Button
[INFO ] 2022-12-22 20:13:34.471 [company.TG_4463_InvCreationStaffing] [ClaimOrderForStaffing] - Submit Claim Button clicked successfully
[INFO ] 2022-12-22 20:14:07.507 [company.TG_4463_InvCreationStaffing] [Tag_EndToEndFlowNewOrderHiring] - Started==Starting End To End Flow ApproveHiring
[INFO ] 2022-12-22 20:14:15.459 [company.TG_4463_InvCreationStaffing] [enterUsername] - Entering new user's first name
[INFO ] 2022-12-22 20:14:15.554 [company.TG_4463_InvCreationStaffing] [enterUsername] - User's first name entered successfully
[INFO ] 2022-12-22 20:14:15.555 [company.TG_4463_InvCreationStaffing] [enterPassword] - Entering new user's last name
[INFO ] 2022-12-22 20:14:15.672 [company.TG_4463_InvCreationStaffing] [enterPassword] - User's last name entered successfully
[INFO ] 2022-12-22 20:14:15.673 [company.TG_4463_InvCreationStaffing] [clickLoginButton] - Clicking on Login Button
[INFO ] 2022-12-22 20:14:15.752 [company.TG_4463_InvCreationStaffing] [clickLoginButton] - Close Pop Up clicked successfully
[INFO ] 2022-12-22 20:14:15.753 [company.TG_4463_InvCreationStaffing] [ApproveClaimFromHiring] - Clicking Order menu present on the staffing homepage
[INFO ] 2022-12-22 20:14:25.154 [company.TG_4463_InvCreationStaffing] [ApproveClaimFromHiring] - Order menu present on the staffing hompage clicked successfully.
[INFO ] 2022-12-22 20:14:25.155 [company.TG_4463_InvCreationStaffing] [ApproveClaimFromHiring] - Clicking All orders menu present on the staffing homepage
[INFO ] 2022-12-22 20:14:39.391 [company.TG_4463_InvCreationStaffing] [ApproveClaimFromHiring] - Clicking on the claim button navigates to claim order form 
[INFO ] 2022-12-22 20:14:42.530 [company.TG_4463_InvCreationStaffing] [ApproveClaimFromHiring] - Clicking on the claim button navigates to claim order form successfully
[INFO ] 2022-12-22 20:14:42.530 [company.TG_4463_InvCreationStaffing] [ApproveClaimFromHiring] - Clicking the select head count button on the claim order form
[INFO ] 2022-12-22 20:14:43.900 [company.TG_4463_InvCreationStaffing] [ApproveClaimFromHiring] - Clicked the select head count button on the claim order form successfully
[INFO ] 2022-12-22 20:14:43.901 [company.TG_4463_InvCreationStaffing] [ApproveClaimFromHiring] - Entering Approve count should not be greater than Workerscount
[INFO ] 2022-12-22 20:14:52.634 [company.TG_4463_InvCreationStaffing] [ApproveClaimFromHiring] - Approve count is not more than the workers count
[INFO ] 2022-12-22 20:14:52.639 [company.TG_4463_InvCreationStaffing] [ApproveClaimFromHiring] - Clicking on modal submit Button
[INFO ] 2022-12-22 20:14:52.773 [company.TG_4463_InvCreationStaffing] [ApproveClaimFromHiring] - Modal submit button clicked successfully
[INFO ] 2022-12-22 20:15:05.702 [company.TG_4463_InvCreationStaffing] [Tag_EndToEndFlowAssignEmployeeFromStaffing] - Started==Starting End To End Flow AssignEmployee
[INFO ] 2022-12-22 20:15:16.661 [company.TG_4463_InvCreationStaffing] [enterUsername] - Entering new user's first name
[INFO ] 2022-12-22 20:15:16.786 [company.TG_4463_InvCreationStaffing] [enterUsername] - User's first name entered successfully
[INFO ] 2022-12-22 20:15:16.786 [company.TG_4463_InvCreationStaffing] [enterPassword] - Entering new user's last name
[INFO ] 2022-12-22 20:15:16.889 [company.TG_4463_InvCreationStaffing] [enterPassword] - User's last name entered successfully
[INFO ] 2022-12-22 20:15:16.890 [company.TG_4463_InvCreationStaffing] [clickLoginButton] - Clicking on Login Button
[INFO ] 2022-12-22 20:15:16.998 [company.TG_4463_InvCreationStaffing] [clickLoginButton] - Close Pop Up clicked successfully
[INFO ] 2022-12-22 20:15:16.998 [company.TG_4463_InvCreationStaffing] [AssignEmployee] - Clicking Order menu present on the staffing homepage
[INFO ] 2022-12-22 20:15:30.198 [company.TG_4463_InvCreationStaffing] [AssignEmployee] - Order menu present on the staffing hompage clicked successfully.
[INFO ] 2022-12-22 20:15:30.202 [company.TG_4463_InvCreationStaffing] [AssignEmployee] - Clicking All orders menu present on the staffing homepage
[INFO ] 2022-12-22 20:15:34.170 [company.TG_4463_InvCreationStaffing] [AssignEmployee] - All orders menu present on the staffing hompage clicked successfully.
[INFO ] 2022-12-22 20:15:53.430 [company.TG_4463_InvCreationStaffing] [AssignEmployee] - Clicking Assign employees under the related section
[INFO ] 2022-12-22 20:16:02.782 [company.TG_4463_InvCreationStaffing] [AssignEmployee] - Clicked assign employees on job order form successfully
[INFO ] 2022-12-22 20:16:02.787 [company.TG_4463_InvCreationStaffing] [AssignEmployee] - Entering Distance radius in new Assign Employee form 
[INFO ] 2022-12-22 20:16:02.950 [company.TG_4463_InvCreationStaffing] [AssignEmployee] - Distance radius in new Assign Employee form entered successfully
[INFO ] 2022-12-22 20:16:02.950 [company.TG_4463_InvCreationStaffing] [AssignEmployee] - Clicking CheckBox ShowAllEmployees
[INFO ] 2022-12-22 20:16:05.164 [company.TG_4463_InvCreationStaffing] [AssignEmployee] -  ShowAllEmployees CheckBox clicked successfully
[INFO ] 2022-12-22 20:16:05.165 [company.TG_4463_InvCreationStaffing] [AssignEmployee] - Clicking AddRow in new Assign Employee form 
[INFO ] 2022-12-22 20:16:12.428 [company.TG_4463_InvCreationStaffing] [AssignEmployee] - AddRow button in new Assign Employee form clicked successfully
[INFO ] 2022-12-22 20:16:12.430 [company.TG_4463_InvCreationStaffing] [AssignEmployee] - Clicking edit button on the form under the EmployeeDetails
[INFO ] 2022-12-22 20:16:12.607 [company.TG_4463_InvCreationStaffing] [AssignEmployee] - Clicked edit button on the form under the EmployeeDetails successfully
[INFO ] 2022-12-22 20:16:12.963 [company.TG_4463_InvCreationStaffing] [AssignEmployee] - employeeId in new Assign Employee form entered successfully
[INFO ] 2022-12-22 20:16:12.964 [company.TG_4463_InvCreationStaffing] [AssignEmployee] - Clicking Dropdown arrow in the modal
[INFO ] 2022-12-22 20:16:13.143 [company.TG_4463_InvCreationStaffing] [AssignEmployee] - Clicked Dropdown arrow in the modal successfully
[INFO ] 2022-12-22 20:16:15.150 [company.TG_4463_InvCreationStaffing] [AssignEmployee] - Clicking save new Assign Employee form
[INFO ] 2022-12-22 20:16:19.279 [company.TG_4463_InvCreationStaffing] [AssignEmployee] - save button in new Assign Employee form clicked successfully
