[INFO ] 2022-12-01 14:55:42.734 [jobOrder.TG_3864_SaveOrder] [Tag_VerifyConfirmJobOrderDetails] - Started==Verifying Confirm Job Order Details
[INFO ] 2022-12-01 14:55:48.451 [jobOrder.TG_3864_SaveOrder] [enterUsername] - Entering new user's first name
[INFO ] 2022-12-01 14:55:49.795 [jobOrder.TG_3864_SaveOrder] [enterUsername] - User's first name entered successfully
[INFO ] 2022-12-01 14:55:49.796 [jobOrder.TG_3864_SaveOrder] [enterPassword] - Entering new user's last name
[INFO ] 2022-12-01 14:55:53.014 [jobOrder.TG_3864_SaveOrder] [enterPassword] - User's last name entered successfully
[INFO ] 2022-12-01 14:55:53.016 [jobOrder.TG_3864_SaveOrder] [clickLoginButton] - Clicking on Login Button
[INFO ] 2022-12-01 14:55:53.477 [jobOrder.TG_3864_SaveOrder] [clickLoginButton] - Close Pop Up clicked successfully
[INFO ] 2022-12-01 14:55:53.478 [jobOrder.TG_3864_SaveOrder] [newOrder] - Clicking on New Order Button
[INFO ] 2022-12-01 14:56:20.669 [jobOrder.TG_3864_SaveOrder] [newOrder] - New Order Button clicked successfully
[INFO ] 2022-12-01 14:56:20.671 [jobOrder.TG_3864_SaveOrder] [enterEstDailyHours] - Entering EstDailyHours
[INFO ] 2022-12-01 14:56:31.607 [jobOrder.TG_3864_SaveOrder] [enterEstDailyHours] - EstDailyHours entered successfully
[INFO ] 2022-12-01 14:56:33.613 [jobOrder.TG_3864_SaveOrder] [enterStartDate] - Entering StartDate
[INFO ] 2022-12-01 14:56:39.522 [jobOrder.TG_3864_SaveOrder] [enterStartDate] - StartDate entered successfully
[INFO ] 2022-12-01 14:56:41.529 [jobOrder.TG_3864_SaveOrder] [enterEndDate] - Entering EndDate
[INFO ] 2022-12-01 14:56:47.010 [jobOrder.TG_3864_SaveOrder] [enterEndDate] - EndDate entered successfully
[INFO ] 2022-12-01 14:56:49.016 [jobOrder.TG_3864_SaveOrder] [enterStartTime] - Entering StartTime
[INFO ] 2022-12-01 14:56:50.023 [jobOrder.TG_3864_SaveOrder] [enterStartTime] - StartTime entered successfully
[INFO ] 2022-12-01 14:56:52.025 [jobOrder.TG_3864_SaveOrder] [enterAvailability] - Entering Availability
[INFO ] 2022-12-01 14:56:52.394 [jobOrder.TG_3864_SaveOrder] [enterAvailability] - Availabilit entered successfully
[INFO ] 2022-12-01 14:56:52.394 [jobOrder.TG_3864_SaveOrder] [enterJobSite] - Entering JobSite
[INFO ] 2022-12-01 14:56:57.126 [jobOrder.TG_3864_SaveOrder] [enterJobSite] - JobSite entered successfully
[INFO ] 2022-12-01 14:56:59.128 [jobOrder.TG_3864_SaveOrder] [enterJobTitle] - Entering JobTitle
[INFO ] 2022-12-01 14:57:00.694 [jobOrder.TG_3864_SaveOrder] [enterJobTitle] - JobTitle entered successfully
[INFO ] 2022-12-01 14:57:02.699 [jobOrder.TG_3864_SaveOrder] [enterNoOfWorker] - Entering No Of Workers
[INFO ] 2022-12-01 14:57:02.823 [jobOrder.TG_3864_SaveOrder] [enterNoOfWorker] - NoOfWorkers entered successfully
[INFO ] 2022-12-01 14:57:04.829 [jobOrder.TG_3864_SaveOrder] [enterESignature] - Entering ESignature
[INFO ] 2022-12-01 14:57:05.057 [jobOrder.TG_3864_SaveOrder] [enterESignature] - ESignature entered successfully
[INFO ] 2022-12-01 14:57:05.058 [jobOrder.TG_3864_SaveOrder] [clickAgreeContract] - clickAgreeContract
[INFO ] 2022-12-01 14:57:05.204 [jobOrder.TG_3864_SaveOrder] [clickAgreeContract] - clickAgreeContract successfully
[INFO ] 2022-12-01 14:57:11.005 [jobOrder.TG_3864_SaveOrder] [Tag_VerifySaveAndCancelButton] - Started==Verify Save And Cancel Button
[INFO ] 2022-12-01 14:57:11.006 [jobOrder.TG_3864_SaveOrder] [verifyConfirmationPopupShouldHaveConfirmAndButton] - Verify Confirmation Popup Should Have Confirm  Buttons
[INFO ] 2022-12-01 14:57:12.051 [jobOrder.TG_3864_SaveOrder] [verifyConfirmationPopupShouldHaveConfirmAndButton] - Verify Confirmation Popup Should Have Confirm  Buttons successfully
[INFO ] 2022-12-01 14:57:12.051 [jobOrder.TG_3864_SaveOrder] [verifyConfirmationPopupShouldHaveCancelButton] - Verify Confirmation Popup Should Have Cancel Buttons
[INFO ] 2022-12-01 14:57:13.088 [jobOrder.TG_3864_SaveOrder] [verifyConfirmationPopupShouldHaveCancelButton] - Verify Confirmation Popup Should Have Cancel Buttons
[INFO ] 2022-12-01 14:57:16.151 [jobOrder.TG_3864_SaveOrder] [Tag_VerifyClickingCancelNothingSave] - Started==Verify Clicking on Cancel Nothing Should Save
[INFO ] 2022-12-01 14:57:16.152 [jobOrder.TG_3864_SaveOrder] [clickingCancelButton] - Verify Clicking Cancel Nothing Should Save
