[INFO ] 2022-12-11 21:23:07.117 [blockCompany.TG_4779_Block_Company] [LoginHiring] - Logging in
[INFO ] 2022-12-11 21:23:11.074 [blockCompany.TG_4779_Block_Company] [enterUsername] - Entering new user's first name
[INFO ] 2022-12-11 21:23:11.589 [blockCompany.TG_4779_Block_Company] [enterUsername] - User's first name entered successfully
[INFO ] 2022-12-11 21:23:11.589 [blockCompany.TG_4779_Block_Company] [enterPassword] - Entering new user's last name
[INFO ] 2022-12-11 21:23:11.845 [blockCompany.TG_4779_Block_Company] [enterPassword] - User's last name entered successfully
[INFO ] 2022-12-11 21:23:11.846 [blockCompany.TG_4779_Block_Company] [clickLoginButton] - Clicking on Login Button
[INFO ] 2022-12-11 21:23:12.467 [blockCompany.TG_4779_Block_Company] [clickLoginButton] - Close Pop Up clicked successfully
[INFO ] 2022-12-11 21:23:12.509 [blockCompany.TG_4779_Block_Company] [clickStaffingCompanies] - Clicking Staffing Companies
[INFO ] 2022-12-11 21:23:17.513 [blockCompany.TG_4779_Block_Company] [clickStaffingCompanies] - Clicking on Staffing Companies Button
[INFO ] 2022-12-11 21:23:21.713 [blockCompany.TG_4779_Block_Company] [clickStaffingCompanies] - Staffing Companies Button clicked successfully
[INFO ] 2022-12-11 21:23:21.744 [blockCompany.TG_4779_Block_Company] [verifyStaffingCompaniesList] - Verifying Staffing Company List
[INFO ] 2022-12-11 21:23:25.754 [blockCompany.TG_4779_Block_Company] [verifyStaffingCompanyList] - Verify Staffing Company List is displayed
[INFO ] 2022-12-11 21:23:25.851 [blockCompany.TG_4779_Block_Company] [verifyStaffingCompanyList] - Staffing Company List displayed successfully
[INFO ] 2022-12-11 21:23:25.873 [blockCompany.TG_4779_Block_Company] [clickStaffingCompany] - Clicking Staffing Company
[INFO ] 2022-12-11 21:23:30.879 [blockCompany.TG_4779_Block_Company] [clickStaffingCompany] - Clicking on Staffing Company
[INFO ] 2022-12-11 21:23:32.553 [blockCompany.TG_4779_Block_Company] [clickStaffingCompany] - Staffing Company clicked successfully
[INFO ] 2022-12-11 21:23:32.578 [blockCompany.TG_4779_Block_Company] [clickBlockButton] - Clicking Block Button
[INFO ] 2022-12-11 21:23:35.585 [blockCompany.TG_4779_Block_Company] [clickBlockButton] - Clicking on Block Button
[INFO ] 2022-12-11 21:23:35.723 [blockCompany.TG_4779_Block_Company] [clickBlockButton] - Block Button clicked successfully
[INFO ] 2022-12-11 21:23:38.759 [blockCompany.TG_4779_Block_Company] [verifyBlockCompanyPopUp] - Verifying Company Marked as Favorite
[INFO ] 2022-12-11 21:23:38.759 [blockCompany.TG_4779_Block_Company] [verifyBlockCompanyPopUp] - Verify Company Blocked Pop Up displayed
[INFO ] 2022-12-11 21:23:38.814 [blockCompany.TG_4779_Block_Company] [verifyBlockCompanyPopUp] - Company Blocked Pop Up displayed successfully
[INFO ] 2022-12-11 21:23:41.819 [blockCompany.TG_4779_Block_Company] [closePopUpButton] - Clicking on Close Pop Up
[INFO ] 2022-12-11 21:23:42.061 [blockCompany.TG_4779_Block_Company] [closePopUpButton] - Close Pop Up clicked Successfully
[INFO ] 2022-12-11 21:23:46.107 [blockCompany.TG_4779_Block_Company] [clickUnblockButton] - Clicking Unblock Button
[INFO ] 2022-12-11 21:23:49.113 [blockCompany.TG_4779_Block_Company] [clickUnblockButton] - Clicking on Block Button
[INFO ] 2022-12-11 21:23:50.103 [blockCompany.TG_4779_Block_Company] [clickUnblockButton] - Block Button clicked successfully
[INFO ] 2022-12-11 21:23:50.117 [blockCompany.TG_4779_Block_Company] [verifyUnblockCompanyPopUp] - Verifying Staffing Company UnBlocked
[INFO ] 2022-12-11 21:23:50.117 [blockCompany.TG_4779_Block_Company] [verifyUnblockCompanyPopUp] - Verify Company Unblocked Pop Up displayed
[INFO ] 2022-12-11 21:23:55.431 [blockCompany.TG_4779_Block_Company] [verifyUnblockCompanyPopUp] - Company Unblocked Pop Up displayed successfully
[INFO ] 2022-12-11 21:23:58.437 [blockCompany.TG_4779_Block_Company] [closePopUpButton] - Clicking on Close Pop Up
[INFO ] 2022-12-11 21:23:58.626 [blockCompany.TG_4779_Block_Company] [closePopUpButton] - Close Pop Up clicked Successfully
