[INFO ] 2022-12-24 07:03:34.099 [CRM.TG_5353_Contact_Creation] [VerifyContactForm] - Logging in
[INFO ] 2022-12-24 07:03:36.873 [CRM.TG_5353_Contact_Creation] [enterUsername] - Entering new user's first name
[INFO ] 2022-12-24 07:03:37.321 [CRM.TG_5353_Contact_Creation] [enterUsername] - User's first name entered successfully
[INFO ] 2022-12-24 07:03:37.321 [CRM.TG_5353_Contact_Creation] [enterPassword] - Entering new user's last name
[INFO ] 2022-12-24 07:03:37.891 [CRM.TG_5353_Contact_Creation] [enterPassword] - User's last name entered successfully
[INFO ] 2022-12-24 07:03:37.891 [CRM.TG_5353_Contact_Creation] [clickLoginButton] - Clicking on Login Button
[INFO ] 2022-12-24 07:03:39.292 [CRM.TG_5353_Contact_Creation] [clickLoginButton] - Close Pop Up clicked successfully
[INFO ] 2022-12-24 07:03:39.298 [CRM.TG_5353_Contact_Creation] [VerifyContactForm] - Verifying CRM Icon
[INFO ] 2022-12-24 07:03:39.299 [CRM.TG_5353_Contact_Creation] [verifyCRMTextOnHomepage] - Check for CRM Icon on Homepage
[INFO ] 2022-12-24 07:03:54.125 [CRM.TG_5353_Contact_Creation] [verifyCRMTextOnHomepage] - CRM Icon displayed successfully
[INFO ] 2022-12-24 07:03:54.131 [CRM.TG_5353_Contact_Creation] [clickCRMIcon] - Clicking on CRM Button
[INFO ] 2022-12-24 07:03:54.707 [CRM.TG_5353_Contact_Creation] [clickCRMIcon] - CRM Button clicked successfully
[INFO ] 2022-12-24 07:03:57.712 [CRM.TG_5353_Contact_Creation] [clickContactIcon] - Clicking on Contact Button
[INFO ] 2022-12-24 07:04:00.450 [CRM.TG_5353_Contact_Creation] [clickContactIcon] - Contact Button clicked successfully
[INFO ] 2022-12-24 07:04:03.461 [CRM.TG_5353_Contact_Creation] [verifyContactListingForm] - Check for Contact Title
[INFO ] 2022-12-24 07:04:03.569 [CRM.TG_5353_Contact_Creation] [verifyContactListingForm] - Contact Title displayed successfully
[INFO ] 2022-12-24 07:04:06.571 [CRM.TG_5353_Contact_Creation] [clickAddContactButton] - Clicking on Contact Button
[INFO ] 2022-12-24 07:04:07.991 [CRM.TG_5353_Contact_Creation] [clickAddContactButton] - Add Contact Button clicked successfully
[INFO ] 2022-12-24 07:04:10.998 [CRM.TG_5353_Contact_Creation] [verifyContactForm] - Check for New Contact Form
[INFO ] 2022-12-24 07:04:11.085 [CRM.TG_5353_Contact_Creation] [verifyContactForm] - New Contact Form displayed successfully
[INFO ] 2022-12-24 07:04:11.128 [CRM.TG_5353_Contact_Creation] [CreateContact] - Verifying Mandatory Fields
[INFO ] 2022-12-24 07:04:11.128 [CRM.TG_5353_Contact_Creation] [clickSaveButton] - Clicking on Contact Button
[INFO ] 2022-12-24 07:04:11.334 [CRM.TG_5353_Contact_Creation] [clickSaveButton] - Add Contact Button clicked successfully
[INFO ] 2022-12-24 07:04:20.545 [CRM.TG_5353_Contact_Creation] [enterContactName] - Entering Contact Name
[INFO ] 2022-12-24 07:04:20.715 [CRM.TG_5353_Contact_Creation] [enterContactName] - Contact Name Entered Successfully
[INFO ] 2022-12-24 07:04:23.722 [CRM.TG_5353_Contact_Creation] [enterEmail] - Entering Email
[INFO ] 2022-12-24 07:04:23.906 [CRM.TG_5353_Contact_Creation] [enterEmail] - Email Entered Successfully
[INFO ] 2022-12-24 07:04:26.914 [CRM.TG_5353_Contact_Creation] [enterPhoneNumber] - Entering Phone Number
[INFO ] 2022-12-24 07:04:27.109 [CRM.TG_5353_Contact_Creation] [enterPhoneNumber] - Phone Number Entered Successfully
[INFO ] 2022-12-24 07:04:30.116 [CRM.TG_5353_Contact_Creation] [enterLead] - Entering Lead
[INFO ] 2022-12-24 07:04:30.271 [CRM.TG_5353_Contact_Creation] [enterLead] - Lead Entered Successfully
