[INFO ] 2022-12-11 11:46:41.016 [timesheets.TG_4290_TimesheetCreation] [Tag_EndToEndFlowNewOrderHiring] - Started==Starting End To End Flow NewOrderHiring
[INFO ] 2022-12-11 11:46:47.927 [timesheets.TG_4290_TimesheetCreation] [enterUsername] - Entering new user's first name
[INFO ] 2022-12-11 11:46:48.388 [timesheets.TG_4290_TimesheetCreation] [enterUsername] - User's first name entered successfully
[INFO ] 2022-12-11 11:46:48.388 [timesheets.TG_4290_TimesheetCreation] [enterPassword] - Entering new user's last name
[INFO ] 2022-12-11 11:46:48.628 [timesheets.TG_4290_TimesheetCreation] [enterPassword] - User's last name entered successfully
[INFO ] 2022-12-11 11:46:48.629 [timesheets.TG_4290_TimesheetCreation] [clickLoginButton] - Clicking on Login Button
[INFO ] 2022-12-11 11:46:49.371 [timesheets.TG_4290_TimesheetCreation] [clickLoginButton] - Close Pop Up clicked successfully
[INFO ] 2022-12-11 11:46:49.371 [timesheets.TG_4290_TimesheetCreation] [newOrderHiring] - Clicking on New Order Button
[INFO ] 2022-12-11 11:47:08.179 [timesheets.TG_4290_TimesheetCreation] [newOrderHiring] - New Order Button clicked successfully
[INFO ] 2022-12-11 11:47:08.180 [timesheets.TG_4290_TimesheetCreation] [newOrderHiring] - Entering EstDailyHours
[INFO ] 2022-12-11 11:47:16.863 [timesheets.TG_4290_TimesheetCreation] [newOrderHiring] - EstDailyHours entered successfully
[INFO ] 2022-12-11 11:47:16.863 [timesheets.TG_4290_TimesheetCreation] [newOrderHiring] - Entering StartDate
[INFO ] 2022-12-11 11:47:22.538 [timesheets.TG_4290_TimesheetCreation] [newOrderHiring] - StartDate entered successfully
[INFO ] 2022-12-11 11:47:22.542 [timesheets.TG_4290_TimesheetCreation] [newOrderHiring] - Entering EndDate
[INFO ] 2022-12-11 11:47:33.826 [timesheets.TG_4290_TimesheetCreation] [newOrderHiring] - EndDate entered successfully
[INFO ] 2022-12-11 11:47:33.828 [timesheets.TG_4290_TimesheetCreation] [newOrderHiring] - Entering StartTime
[INFO ] 2022-12-11 11:47:34.429 [timesheets.TG_4290_TimesheetCreation] [newOrderHiring] - StartTime entered successfully
[INFO ] 2022-12-11 11:47:34.430 [timesheets.TG_4290_TimesheetCreation] [newOrderHiring] - Entering Availability
[INFO ] 2022-12-11 11:47:34.627 [timesheets.TG_4290_TimesheetCreation] [newOrderHiring] - Availabilit entered successfully
[INFO ] 2022-12-11 11:47:34.627 [timesheets.TG_4290_TimesheetCreation] [newOrderHiring] - Entering JobSite
[INFO ] 2022-12-11 11:47:41.013 [timesheets.TG_4290_TimesheetCreation] [newOrderHiring] - JobSite entered successfully
[INFO ] 2022-12-11 11:47:41.014 [timesheets.TG_4290_TimesheetCreation] [newOrderHiring] - Entering JobTitle
[INFO ] 2022-12-11 11:47:50.874 [timesheets.TG_4290_TimesheetCreation] [newOrderHiring] - JobTitle entered successfully
[INFO ] 2022-12-11 11:47:50.879 [timesheets.TG_4290_TimesheetCreation] [newOrderHiring] - Entering No Of Workers
[INFO ] 2022-12-11 11:47:56.024 [timesheets.TG_4290_TimesheetCreation] [newOrderHiring] - NoOfWorkers entered successfully
[INFO ] 2022-12-11 11:47:56.025 [timesheets.TG_4290_TimesheetCreation] [newOrderHiring] - Entering ESignature
[INFO ] 2022-12-11 11:47:56.172 [timesheets.TG_4290_TimesheetCreation] [newOrderHiring] - ESignature entered successfully
[INFO ] 2022-12-11 11:47:56.172 [timesheets.TG_4290_TimesheetCreation] [newOrderHiring] - clickAgreeContract
[INFO ] 2022-12-11 11:47:56.269 [timesheets.TG_4290_TimesheetCreation] [newOrderHiring] - clickAgreeContract successfully
[INFO ] 2022-12-11 11:47:56.269 [timesheets.TG_4290_TimesheetCreation] [newOrderHiring] - clickSaveButton
[INFO ] 2022-12-11 11:47:56.440 [timesheets.TG_4290_TimesheetCreation] [newOrderHiring] - SaveButton Clicked successfully
