[INFO ] 2022-12-23 07:30:24.219 [timesheets.TG_4301_Timesheet_Approval] [Tag_EndToEndFlowNewOrderHiring] - Started==Starting End To End Flow NewOrderHiring
[INFO ] 2022-12-23 07:30:26.349 [timesheets.TG_4301_Timesheet_Approval] [enterUsername] - Entering new user's first name
[INFO ] 2022-12-23 07:30:26.876 [timesheets.TG_4301_Timesheet_Approval] [enterUsername] - User's first name entered successfully
[INFO ] 2022-12-23 07:30:26.876 [timesheets.TG_4301_Timesheet_Approval] [enterPassword] - Entering new user's last name
[INFO ] 2022-12-23 07:30:28.253 [timesheets.TG_4301_Timesheet_Approval] [enterPassword] - User's last name entered successfully
[INFO ] 2022-12-23 07:30:28.253 [timesheets.TG_4301_Timesheet_Approval] [clickLoginButton] - Clicking on Login Button
[INFO ] 2022-12-23 07:30:28.629 [timesheets.TG_4301_Timesheet_Approval] [clickLoginButton] - Close Pop Up clicked successfully
[INFO ] 2022-12-23 07:30:28.630 [timesheets.TG_4301_Timesheet_Approval] [newOrderHiring] - Clicking on New Order Button
[INFO ] 2022-12-23 07:30:44.536 [timesheets.TG_4301_Timesheet_Approval] [newOrderHiring] - New Order Button clicked successfully
[INFO ] 2022-12-23 07:30:44.538 [timesheets.TG_4301_Timesheet_Approval] [newOrderHiring] - Entering EstDailyHours
[INFO ] 2022-12-23 07:30:53.566 [timesheets.TG_4301_Timesheet_Approval] [newOrderHiring] - EstDailyHours entered successfully
[INFO ] 2022-12-23 07:30:53.568 [timesheets.TG_4301_Timesheet_Approval] [newOrderHiring] - Entering StartDate
[INFO ] 2022-12-23 07:30:59.360 [timesheets.TG_4301_Timesheet_Approval] [newOrderHiring] - StartDate entered successfully
[INFO ] 2022-12-23 07:30:59.364 [timesheets.TG_4301_Timesheet_Approval] [newOrderHiring] - Entering EndDate
[INFO ] 2022-12-23 07:31:10.690 [timesheets.TG_4301_Timesheet_Approval] [newOrderHiring] - EndDate entered successfully
[INFO ] 2022-12-23 07:31:10.693 [timesheets.TG_4301_Timesheet_Approval] [newOrderHiring] - Entering StartTime
[INFO ] 2022-12-23 07:31:11.297 [timesheets.TG_4301_Timesheet_Approval] [newOrderHiring] - StartTime entered successfully
[INFO ] 2022-12-23 07:31:11.298 [timesheets.TG_4301_Timesheet_Approval] [newOrderHiring] - Entering Availability
[INFO ] 2022-12-23 07:31:11.533 [timesheets.TG_4301_Timesheet_Approval] [newOrderHiring] - Availabilit entered successfully
[INFO ] 2022-12-23 07:31:11.534 [timesheets.TG_4301_Timesheet_Approval] [newOrderHiring] - Entering JobSite
[INFO ] 2022-12-23 07:31:17.654 [timesheets.TG_4301_Timesheet_Approval] [newOrderHiring] - JobSite entered successfully
[INFO ] 2022-12-23 07:31:17.655 [timesheets.TG_4301_Timesheet_Approval] [newOrderHiring] - Entering JobTitle
[INFO ] 2022-12-23 07:31:26.940 [timesheets.TG_4301_Timesheet_Approval] [newOrderHiring] - JobTitle entered successfully
[INFO ] 2022-12-23 07:31:26.945 [timesheets.TG_4301_Timesheet_Approval] [newOrderHiring] - Entering No Of Workers
[INFO ] 2022-12-23 07:31:32.118 [timesheets.TG_4301_Timesheet_Approval] [newOrderHiring] - NoOfWorkers entered successfully
[INFO ] 2022-12-23 07:31:32.119 [timesheets.TG_4301_Timesheet_Approval] [newOrderHiring] - Entering ESignature
[INFO ] 2022-12-23 07:31:35.320 [timesheets.TG_4301_Timesheet_Approval] [newOrderHiring] - ESignature entered successfully
[INFO ] 2022-12-23 07:31:35.321 [timesheets.TG_4301_Timesheet_Approval] [newOrderHiring] - clickAgreeContract
[INFO ] 2022-12-23 07:31:35.516 [timesheets.TG_4301_Timesheet_Approval] [newOrderHiring] - clickAgreeContract successfully
[INFO ] 2022-12-23 07:31:35.517 [timesheets.TG_4301_Timesheet_Approval] [newOrderHiring] - clickSaveButton
[INFO ] 2022-12-23 07:31:35.750 [timesheets.TG_4301_Timesheet_Approval] [newOrderHiring] - SaveButton Clicked successfully
[INFO ] 2022-12-23 07:31:44.232 [timesheets.TG_4301_Timesheet_Approval] [newOrderHiring] - Job order link present on the home page clicked
[INFO ] 2022-12-23 07:31:57.375 [timesheets.TG_4301_Timesheet_Approval] [newOrderHiring] - Verify Job Order Id and Email Successfully
[INFO ] 2022-12-23 07:32:08.809 [timesheets.TG_4301_Timesheet_Approval] [Tag_EndToEndFlowNewOrderHiring] - Started==Starting End To End Flow CreateEmployeeFromStaffing
[INFO ] 2022-12-23 07:32:21.726 [timesheets.TG_4301_Timesheet_Approval] [enterUsername] - Entering new user's first name
[INFO ] 2022-12-23 07:32:21.879 [timesheets.TG_4301_Timesheet_Approval] [enterUsername] - User's first name entered successfully
[INFO ] 2022-12-23 07:32:21.881 [timesheets.TG_4301_Timesheet_Approval] [enterPassword] - Entering new user's last name
[INFO ] 2022-12-23 07:32:22.098 [timesheets.TG_4301_Timesheet_Approval] [enterPassword] - User's last name entered successfully
[INFO ] 2022-12-23 07:32:22.098 [timesheets.TG_4301_Timesheet_Approval] [clickLoginButton] - Clicking on Login Button
[INFO ] 2022-12-23 07:32:22.193 [timesheets.TG_4301_Timesheet_Approval] [clickLoginButton] - Close Pop Up clicked successfully
[INFO ] 2022-12-23 07:32:52.358 [timesheets.TG_4301_Timesheet_Approval] [clickAddNewEployeeButton] - Clicking on Add New Employee Button
[INFO ] 2022-12-23 07:32:53.266 [timesheets.TG_4301_Timesheet_Approval] [clickAddNewEployeeButton] - Employee button clicked successfully
[INFO ] 2022-12-23 07:32:58.273 [timesheets.TG_4301_Timesheet_Approval] [enterCompanyName] - Entering Company Name
[INFO ] 2022-12-23 07:32:58.515 [timesheets.TG_4301_Timesheet_Approval] [enterCompanyName] - Company Name entered successfully
[INFO ] 2022-12-23 07:33:00.520 [timesheets.TG_4301_Timesheet_Approval] [enterFirstName] - Entering First Name
[INFO ] 2022-12-23 07:33:00.647 [timesheets.TG_4301_Timesheet_Approval] [enterFirstName] - First Name entered successfully
[INFO ] 2022-12-23 07:33:02.651 [timesheets.TG_4301_Timesheet_Approval] [enterLastName] - Entering Last Name
[INFO ] 2022-12-23 07:33:02.755 [timesheets.TG_4301_Timesheet_Approval] [enterLastName] - Last Name entered successfully
[INFO ] 2022-12-23 07:33:04.761 [timesheets.TG_4301_Timesheet_Approval] [enterDateOfBirthField] - Entering date of birth
[INFO ] 2022-12-23 07:33:05.960 [timesheets.TG_4301_Timesheet_Approval] [enterDateOfBirthField] - Date of birth entered successfully
[INFO ] 2022-12-23 07:33:07.968 [timesheets.TG_4301_Timesheet_Approval] [enterEmail] - Entering email
[INFO ] 2022-12-23 07:33:08.165 [timesheets.TG_4301_Timesheet_Approval] [enterEmail] - Email entered successfully
[INFO ] 2022-12-23 07:33:10.171 [timesheets.TG_4301_Timesheet_Approval] [selectSearchOnMapsCheckbox] - Selecting search on Maps checkbox
[INFO ] 2022-12-23 07:33:12.439 [timesheets.TG_4301_Timesheet_Approval] [selectSearchOnMapsCheckbox] - Search on maps checkbox selected
[INFO ] 2022-12-23 07:33:14.445 [timesheets.TG_4301_Timesheet_Approval] [enterEmployeeAddressOnMaps] - Etering employee address on maps
[INFO ] 2022-12-23 07:33:15.698 [timesheets.TG_4301_Timesheet_Approval] [enterEmployeeAddressOnMaps] - Employee entered successfully
[INFO ] 2022-12-23 07:33:17.705 [timesheets.TG_4301_Timesheet_Approval] [clickSaveButton] - Clicking Save button
[INFO ] 2022-12-23 07:33:17.900 [timesheets.TG_4301_Timesheet_Approval] [clickSaveButton] - Save button clicked successfully
[INFO ] 2022-12-23 07:33:57.907 [timesheets.TG_4301_Timesheet_Approval] [getEmployeeIdFromEmaployeeDetailsPage] - Fetching employee id
[INFO ] 2022-12-23 07:33:58.014 [timesheets.TG_4301_Timesheet_Approval] [getEmployeeIdFromEmaployeeDetailsPage] - Employee id fetched successfully
[INFO ] 2022-12-23 07:33:58.133 [timesheets.TG_4301_Timesheet_Approval] [Tag_EndToEndFlowNewOrderHiring] - Started==Starting End To End Flow ClaimFromStaffing
[INFO ] 2022-12-23 07:33:58.133 [timesheets.TG_4301_Timesheet_Approval] [ClaimOrderForStaffing] - Clicking Job orders menu present on the staffing homepage navigates to joborder listing form 
[INFO ] 2022-12-23 07:34:27.032 [timesheets.TG_4301_Timesheet_Approval] [ClaimOrderForStaffing] - Clicking on Claim order Button
[INFO ] 2022-12-23 07:34:39.204 [timesheets.TG_4301_Timesheet_Approval] [ClaimOrderForStaffing] - Claim order button clicked successfully
[INFO ] 2022-12-23 07:34:39.207 [timesheets.TG_4301_Timesheet_Approval] [ClaimOrderForStaffing] - Entering the No. of Employees Claim
[INFO ] 2022-12-23 07:34:44.376 [timesheets.TG_4301_Timesheet_Approval] [ClaimOrderForStaffing] - No. of Employees Claim entered successfully
[INFO ] 2022-12-23 07:34:49.382 [timesheets.TG_4301_Timesheet_Approval] [ClaimOrderForStaffing] - Entering the E-Signature
[INFO ] 2022-12-23 07:34:51.533 [timesheets.TG_4301_Timesheet_Approval] [ClaimOrderForStaffing] - E-Signature entered successfully
[INFO ] 2022-12-23 07:34:51.533 [timesheets.TG_4301_Timesheet_Approval] [ClaimOrderForStaffing] - Clicking on Agree to Contract Button
[INFO ] 2022-12-23 07:34:53.667 [timesheets.TG_4301_Timesheet_Approval] [ClaimOrderForStaffing] - Agree to Contract Button clicked successfully
[INFO ] 2022-12-23 07:34:53.668 [timesheets.TG_4301_Timesheet_Approval] [ClaimOrderForStaffing] - Clicking on Submit Claim Button
[INFO ] 2022-12-23 07:35:00.815 [timesheets.TG_4301_Timesheet_Approval] [ClaimOrderForStaffing] - Submit Claim Button clicked successfully
[INFO ] 2022-12-23 07:35:33.219 [timesheets.TG_4301_Timesheet_Approval] [Tag_EndToEndFlowNewOrderHiring] - Started==Starting End To End Flow ApproveHiring
[INFO ] 2022-12-23 07:35:44.057 [timesheets.TG_4301_Timesheet_Approval] [enterUsername] - Entering new user's first name
[INFO ] 2022-12-23 07:35:44.230 [timesheets.TG_4301_Timesheet_Approval] [enterUsername] - User's first name entered successfully
[INFO ] 2022-12-23 07:35:44.230 [timesheets.TG_4301_Timesheet_Approval] [enterPassword] - Entering new user's last name
[INFO ] 2022-12-23 07:35:44.376 [timesheets.TG_4301_Timesheet_Approval] [enterPassword] - User's last name entered successfully
[INFO ] 2022-12-23 07:35:44.377 [timesheets.TG_4301_Timesheet_Approval] [clickLoginButton] - Clicking on Login Button
[INFO ] 2022-12-23 07:35:44.473 [timesheets.TG_4301_Timesheet_Approval] [clickLoginButton] - Close Pop Up clicked successfully
[INFO ] 2022-12-23 07:35:44.473 [timesheets.TG_4301_Timesheet_Approval] [ApproveClaimFromHiring] - Clicking Order menu present on the staffing homepage
[INFO ] 2022-12-23 07:35:53.539 [timesheets.TG_4301_Timesheet_Approval] [ApproveClaimFromHiring] - Order menu present on the staffing hompage clicked successfully.
[INFO ] 2022-12-23 07:35:53.541 [timesheets.TG_4301_Timesheet_Approval] [ApproveClaimFromHiring] - Clicking All orders menu present on the staffing homepage
[INFO ] 2022-12-23 07:36:07.761 [timesheets.TG_4301_Timesheet_Approval] [ApproveClaimFromHiring] - Clicking on the claim button navigates to claim order form 
[INFO ] 2022-12-23 07:36:10.960 [timesheets.TG_4301_Timesheet_Approval] [ApproveClaimFromHiring] - Clicking on the claim button navigates to claim order form successfully
[INFO ] 2022-12-23 07:36:10.960 [timesheets.TG_4301_Timesheet_Approval] [ApproveClaimFromHiring] - Clicking the select head count button on the claim order form
[INFO ] 2022-12-23 07:36:12.104 [timesheets.TG_4301_Timesheet_Approval] [ApproveClaimFromHiring] - Clicked the select head count button on the claim order form successfully
[INFO ] 2022-12-23 07:36:12.104 [timesheets.TG_4301_Timesheet_Approval] [ApproveClaimFromHiring] - Entering Approve count should not be greater than Workerscount
[INFO ] 2022-12-23 07:36:18.125 [timesheets.TG_4301_Timesheet_Approval] [ApproveClaimFromHiring] - Approve count is not more than the workers count
[INFO ] 2022-12-23 07:36:18.131 [timesheets.TG_4301_Timesheet_Approval] [ApproveClaimFromHiring] - Clicking on modal submit Button
[INFO ] 2022-12-23 07:36:18.296 [timesheets.TG_4301_Timesheet_Approval] [ApproveClaimFromHiring] - Modal submit button clicked successfully
[INFO ] 2022-12-23 07:36:29.536 [timesheets.TG_4301_Timesheet_Approval] [Tag_EndToEndFlowNewOrderHiring] - Started==Starting End To End Flow AssignEmployee
[INFO ] 2022-12-23 07:36:40.428 [timesheets.TG_4301_Timesheet_Approval] [enterUsername] - Entering new user's first name
[INFO ] 2022-12-23 07:36:40.527 [timesheets.TG_4301_Timesheet_Approval] [enterUsername] - User's first name entered successfully
[INFO ] 2022-12-23 07:36:40.528 [timesheets.TG_4301_Timesheet_Approval] [enterPassword] - Entering new user's last name
[INFO ] 2022-12-23 07:36:40.595 [timesheets.TG_4301_Timesheet_Approval] [enterPassword] - User's last name entered successfully
[INFO ] 2022-12-23 07:36:40.595 [timesheets.TG_4301_Timesheet_Approval] [clickLoginButton] - Clicking on Login Button
[INFO ] 2022-12-23 07:36:40.660 [timesheets.TG_4301_Timesheet_Approval] [clickLoginButton] - Close Pop Up clicked successfully
[INFO ] 2022-12-23 07:36:40.661 [timesheets.TG_4301_Timesheet_Approval] [AssignEmployee] - Clicking Order menu present on the staffing homepage
[INFO ] 2022-12-23 07:36:53.498 [timesheets.TG_4301_Timesheet_Approval] [AssignEmployee] - Order menu present on the staffing hompage clicked successfully.
[INFO ] 2022-12-23 07:36:53.502 [timesheets.TG_4301_Timesheet_Approval] [AssignEmployee] - Clicking All orders menu present on the staffing homepage
[INFO ] 2022-12-23 07:36:57.657 [timesheets.TG_4301_Timesheet_Approval] [AssignEmployee] - All orders menu present on the staffing hompage clicked successfully.
[INFO ] 2022-12-23 07:37:16.826 [timesheets.TG_4301_Timesheet_Approval] [AssignEmployee] - Clicking Assign employees under the related section
[INFO ] 2022-12-23 07:37:26.211 [timesheets.TG_4301_Timesheet_Approval] [AssignEmployee] - Clicked assign employees on job order form successfully
[INFO ] 2022-12-23 07:37:26.214 [timesheets.TG_4301_Timesheet_Approval] [AssignEmployee] - Entering Distance radius in new Assign Employee form 
[INFO ] 2022-12-23 07:37:26.331 [timesheets.TG_4301_Timesheet_Approval] [AssignEmployee] - Distance radius in new Assign Employee form entered successfully
[INFO ] 2022-12-23 07:37:26.331 [timesheets.TG_4301_Timesheet_Approval] [AssignEmployee] - Clicking CheckBox ShowAllEmployees
[INFO ] 2022-12-23 07:37:28.467 [timesheets.TG_4301_Timesheet_Approval] [AssignEmployee] -  ShowAllEmployees CheckBox clicked successfully
[INFO ] 2022-12-23 07:37:28.468 [timesheets.TG_4301_Timesheet_Approval] [AssignEmployee] - Clicking AddRow in new Assign Employee form 
[INFO ] 2022-12-23 07:37:35.631 [timesheets.TG_4301_Timesheet_Approval] [AssignEmployee] - AddRow button in new Assign Employee form clicked successfully
[INFO ] 2022-12-23 07:37:35.632 [timesheets.TG_4301_Timesheet_Approval] [AssignEmployee] - Clicking edit button on the form under the EmployeeDetails
[INFO ] 2022-12-23 07:37:35.761 [timesheets.TG_4301_Timesheet_Approval] [AssignEmployee] - Clicked edit button on the form under the EmployeeDetails successfully
[INFO ] 2022-12-23 07:37:36.072 [timesheets.TG_4301_Timesheet_Approval] [AssignEmployee] - employeeId in new Assign Employee form entered successfully
[INFO ] 2022-12-23 07:37:36.073 [timesheets.TG_4301_Timesheet_Approval] [AssignEmployee] - Clicking Dropdown arrow in the modal
[INFO ] 2022-12-23 07:37:36.208 [timesheets.TG_4301_Timesheet_Approval] [AssignEmployee] - Clicked Dropdown arrow in the modal successfully
[INFO ] 2022-12-23 07:37:38.214 [timesheets.TG_4301_Timesheet_Approval] [AssignEmployee] - Clicking save new Assign Employee form
[INFO ] 2022-12-23 07:37:42.352 [timesheets.TG_4301_Timesheet_Approval] [AssignEmployee] - save button in new Assign Employee form clicked successfully
[INFO ] 2022-12-23 07:39:08.629 [timesheets.TG_4301_Timesheet_Approval] [Tag_EndToEndFlowNewOrderHiring] - Started==Starting End To End Flow TimesheetCreation
[INFO ] 2022-12-23 07:39:16.451 [timesheets.TG_4301_Timesheet_Approval] [enterUsername] - Entering new user's first name
[INFO ] 2022-12-23 07:39:16.574 [timesheets.TG_4301_Timesheet_Approval] [enterUsername] - User's first name entered successfully
[INFO ] 2022-12-23 07:39:16.575 [timesheets.TG_4301_Timesheet_Approval] [enterPassword] - Entering new user's last name
[INFO ] 2022-12-23 07:39:16.651 [timesheets.TG_4301_Timesheet_Approval] [enterPassword] - User's last name entered successfully
[INFO ] 2022-12-23 07:39:16.652 [timesheets.TG_4301_Timesheet_Approval] [clickLoginButton] - Clicking on Login Button
[INFO ] 2022-12-23 07:39:16.732 [timesheets.TG_4301_Timesheet_Approval] [clickLoginButton] - Close Pop Up clicked successfully
[INFO ] 2022-12-23 07:39:21.743 [timesheets.TG_4301_Timesheet_Approval] [createTimesheetHiring] - Clicking on order Button
[INFO ] 2022-12-23 07:39:24.812 [timesheets.TG_4301_Timesheet_Approval] [createTimesheetHiring] -  Order Button clicked successfully
[INFO ] 2022-12-23 07:39:41.053 [timesheets.TG_4301_Timesheet_Approval] [createTimesheetHiring] -  Clicking On Timesheet Button
[INFO ] 2022-12-23 07:39:44.152 [timesheets.TG_4301_Timesheet_Approval] [createTimesheetHiring] - Clicked On Timesheet Button successfully
[INFO ] 2022-12-23 07:39:44.155 [timesheets.TG_4301_Timesheet_Approval] [createTimesheetHiring] - Clicking on addEditButton 
[INFO ] 2022-12-23 07:39:46.300 [timesheets.TG_4301_Timesheet_Approval] [createTimesheetHiring] - AddEditButton Clicked Successfully 
[INFO ] 2022-12-23 07:39:46.301 [timesheets.TG_4301_Timesheet_Approval] [createTimesheetHiring] - Entering current date in Timesheet
[INFO ] 2022-12-23 07:39:53.572 [timesheets.TG_4301_Timesheet_Approval] [createTimesheetHiring] - Entered current date in Timesheet successfully
[INFO ] 2022-12-23 07:39:53.577 [timesheets.TG_4301_Timesheet_Approval] [createTimesheetHiring] - Verify Start Time 
[INFO ] 2022-12-23 07:40:00.987 [timesheets.TG_4301_Timesheet_Approval] [createTimesheetHiring] - Verify Start Time Field successfully
[INFO ] 2022-12-23 07:40:00.997 [timesheets.TG_4301_Timesheet_Approval] [createTimesheetHiring] - Verify End Time 
[INFO ] 2022-12-23 07:40:08.593 [timesheets.TG_4301_Timesheet_Approval] [createTimesheetHiring] - Verify End Time Field successfully
[INFO ] 2022-12-23 07:40:08.594 [timesheets.TG_4301_Timesheet_Approval] [createTimesheetHiring] - Submitting Timesheet 
[INFO ] 2022-12-23 07:40:13.357 [timesheets.TG_4301_Timesheet_Approval] [createTimesheetHiring] -  Timesheet Submit successfully
[INFO ] 2022-12-23 07:40:21.316 [timesheets.TG_4301_Timesheet_Approval] [Tag_VerifyTimesheetAvailableForApprovalPopup] - Started==Verifying Timesheet Available For Approval Popup
[INFO ] 2022-12-23 07:40:29.406 [timesheets.TG_4301_Timesheet_Approval] [enterUsername] - Entering new user's first name
[INFO ] 2022-12-23 07:40:29.499 [timesheets.TG_4301_Timesheet_Approval] [enterUsername] - User's first name entered successfully
[INFO ] 2022-12-23 07:40:29.499 [timesheets.TG_4301_Timesheet_Approval] [enterPassword] - Entering new user's last name
[INFO ] 2022-12-23 07:40:29.562 [timesheets.TG_4301_Timesheet_Approval] [enterPassword] - User's last name entered successfully
[INFO ] 2022-12-23 07:40:29.563 [timesheets.TG_4301_Timesheet_Approval] [clickLoginButton] - Clicking on Login Button
[INFO ] 2022-12-23 07:40:29.630 [timesheets.TG_4301_Timesheet_Approval] [clickLoginButton] - Close Pop Up clicked successfully
[INFO ] 2022-12-23 07:40:32.636 [timesheets.TG_4301_Timesheet_Approval] [clickOrder] - Clicking Order menu present on the staffing homepage
[INFO ] 2022-12-23 07:40:43.458 [timesheets.TG_4301_Timesheet_Approval] [clickOrder] - Order menu present on the staffing hompage clicked successfully.
[INFO ] 2022-12-23 07:40:46.472 [timesheets.TG_4301_Timesheet_Approval] [selectAllOption] - Clicking All orders menu present on the staffing homepage
[INFO ] 2022-12-23 07:40:53.737 [timesheets.TG_4301_Timesheet_Approval] [selectAllOption] - All orders menu present on the staffing hompage clicked successfully.
[INFO ] 2022-12-23 07:41:11.932 [timesheets.TG_4301_Timesheet_Approval] [ClickingOnTimesheet] -  Clicking On Timesheet
[INFO ] 2022-12-23 07:41:19.556 [timesheets.TG_4301_Timesheet_Approval] [Tag_VerifyTimesheetAvailableForApprovalPopup] - Started==Verifying User Should Navigated To Timesheet Approval Form
[INFO ] 2022-12-23 07:41:19.559 [timesheets.TG_4301_Timesheet_Approval] [timesheetTitleDisplay] - Verify Timesheet Title
[INFO ] 2022-12-23 07:41:19.683 [timesheets.TG_4301_Timesheet_Approval] [timesheetTitleDisplay] - Timesheet Title verified
[INFO ] 2022-12-23 07:41:19.690 [timesheets.TG_4301_Timesheet_Approval] [Tag_VerifyTimesheetAvailableForApprovalPopup] - Started==Verifying User Should Get Popup If Try To approve From Actions Button
[INFO ] 2022-12-23 07:41:19.690 [timesheets.TG_4301_Timesheet_Approval] [clickApprovalRequestGrid] - Clicking on Approval Grid
[INFO ] 2022-12-23 07:41:19.754 [timesheets.TG_4301_Timesheet_Approval] [clickApprovalRequestGrid] - Timesheet Approval Grid Clicked Successfully
[INFO ] 2022-12-23 07:41:19.754 [timesheets.TG_4301_Timesheet_Approval] [clickCheckBox] - Clicking on checkbox
[INFO ] 2022-12-23 07:41:23.418 [timesheets.TG_4301_Timesheet_Approval] [clickCheckBox] - checkbox Clicked Successfully
[INFO ] 2022-12-23 07:41:23.422 [timesheets.TG_4301_Timesheet_Approval] [verifyEmployeeDetails] - Verify Employee Details
[INFO ] 2022-12-23 07:41:23.541 [timesheets.TG_4301_Timesheet_Approval] [verifyEmployeeDetails] - Employee Details verified
[INFO ] 2022-12-23 07:41:23.596 [timesheets.TG_4301_Timesheet_Approval] [Tag_VerifyUserShouldGetPopupIfTryToapproveFromActionsButton] - Started==Verifying User Should Get Popup If Try To approve From Actions Button
[INFO ] 2022-12-23 07:41:23.599 [timesheets.TG_4301_Timesheet_Approval] [clickActionsButton] - Clicking on Action Button
[INFO ] 2022-12-23 07:41:23.715 [timesheets.TG_4301_Timesheet_Approval] [clickActionsButton] - Action Button Clicked Successfully
[INFO ] 2022-12-23 07:41:23.716 [timesheets.TG_4301_Timesheet_Approval] [clickApproveButton] - Clicking on approve Button
[INFO ] 2022-12-23 07:41:23.815 [timesheets.TG_4301_Timesheet_Approval] [clickApproveButton] - approve Button Clicked Successfully
[INFO ] 2022-12-23 07:41:23.816 [timesheets.TG_4301_Timesheet_Approval] [verifyTimesheetUpdatedMessage] - Check for 'Timesheet Updated' message Displayed
[INFO ] 2022-12-23 07:41:25.809 [timesheets.TG_4301_Timesheet_Approval] [verifyTimesheetUpdatedMessage] - Message displayed successfully
[INFO ] 2022-12-23 07:41:25.809 [timesheets.TG_4301_Timesheet_Approval] [closePopupApproveButton] - Clicking on close Popup approve Button
[INFO ] 2022-12-23 07:41:25.893 [timesheets.TG_4301_Timesheet_Approval] [closePopupApproveButton] - Clicked on close Popup approve Button Successfully
