[INFO ] 2022-12-27 04:30:24.518 [CRM.TG_5352_Lead_Creation] [VerifyLeadForm] - Logging in
[INFO ] 2022-12-27 04:30:29.326 [CRM.TG_5352_Lead_Creation] [enterUsername] - Entering new user's first name
[INFO ] 2022-12-27 04:30:29.729 [CRM.TG_5352_Lead_Creation] [enterUsername] - User's first name entered successfully
[INFO ] 2022-12-27 04:30:29.729 [CRM.TG_5352_Lead_Creation] [enterPassword] - Entering new user's last name
[INFO ] 2022-12-27 04:30:30.004 [CRM.TG_5352_Lead_Creation] [enterPassword] - User's last name entered successfully
[INFO ] 2022-12-27 04:30:30.005 [CRM.TG_5352_Lead_Creation] [clickLoginButton] - Clicking on Login Button
[INFO ] 2022-12-27 04:30:31.352 [CRM.TG_5352_Lead_Creation] [clickLoginButton] - Close Pop Up clicked successfully
[INFO ] 2022-12-27 04:30:31.358 [CRM.TG_5352_Lead_Creation] [VerifyLeadForm] - Verifying CRM Icon
[INFO ] 2022-12-27 04:30:31.358 [CRM.TG_5352_Lead_Creation] [verifyCRMTextOnHomepage] - Check for CRM Icon on Homepage
[INFO ] 2022-12-27 04:30:48.385 [CRM.TG_5352_Lead_Creation] [verifyCRMTextOnHomepage] - CRM Icon displayed successfully
[INFO ] 2022-12-27 04:30:48.391 [CRM.TG_5352_Lead_Creation] [clickCRMIcon] - Clicking on CRM Button
[INFO ] 2022-12-27 04:30:48.746 [CRM.TG_5352_Lead_Creation] [clickCRMIcon] - CRM Button clicked successfully
[INFO ] 2022-12-27 04:30:50.754 [CRM.TG_5352_Lead_Creation] [clickLeadIcon] - Clicking on Lead Button
[INFO ] 2022-12-27 04:30:53.041 [CRM.TG_5352_Lead_Creation] [clickLeadIcon] - Lead Button clicked successfully
[INFO ] 2022-12-27 04:30:55.048 [CRM.TG_5352_Lead_Creation] [verifyLeadListingForm] - Check for Lead Title
[INFO ] 2022-12-27 04:30:55.273 [CRM.TG_5352_Lead_Creation] [verifyLeadListingForm] - Lead Title displayed successfully
[INFO ] 2022-12-27 04:30:57.280 [CRM.TG_5352_Lead_Creation] [clickAddLeadButton] - Clicking on Lead Button
[INFO ] 2022-12-27 04:30:58.246 [CRM.TG_5352_Lead_Creation] [clickAddLeadButton] - Add Lead Button clicked successfully
[INFO ] 2022-12-27 04:31:00.252 [CRM.TG_5352_Lead_Creation] [verifyLeadForm] - Check for New Lead Form
[INFO ] 2022-12-27 04:31:00.319 [CRM.TG_5352_Lead_Creation] [verifyLeadForm] - New Lead Form displayed successfully
[INFO ] 2022-12-27 04:31:00.369 [CRM.TG_5352_Lead_Creation] [CreateLead] - Verifying Mandatory Fields
[INFO ] 2022-12-27 04:31:00.370 [CRM.TG_5352_Lead_Creation] [clickSaveButton] - Clicking on Save Button
[INFO ] 2022-12-27 04:31:00.729 [CRM.TG_5352_Lead_Creation] [clickSaveButton] - Save Button clicked successfully
[INFO ] 2022-12-27 04:31:06.958 [CRM.TG_5352_Lead_Creation] [enterFirstName] - Entering First Name
[INFO ] 2022-12-27 04:31:07.084 [CRM.TG_5352_Lead_Creation] [enterFirstName] - First Name Entered Successfully
[INFO ] 2022-12-27 04:31:07.084 [CRM.TG_5352_Lead_Creation] [enterLastName] - Entering Last Name
[INFO ] 2022-12-27 04:31:07.187 [CRM.TG_5352_Lead_Creation] [enterLastName] - Last Name Entered Successfully
[INFO ] 2022-12-27 04:31:07.187 [CRM.TG_5352_Lead_Creation] [enterCompanyName] - Entering Company Name
[INFO ] 2022-12-27 04:31:07.780 [CRM.TG_5352_Lead_Creation] [enterCompanyName] - Company Name Entered Successfully
[INFO ] 2022-12-27 04:31:07.781 [CRM.TG_5352_Lead_Creation] [enterEmail] - Entering Email
[INFO ] 2022-12-27 04:31:07.994 [CRM.TG_5352_Lead_Creation] [enterEmail] - Email Entered Successfully
[INFO ] 2022-12-27 04:31:10.001 [CRM.TG_5352_Lead_Creation] [enterPhoneNumber] - Entering Phone Number
[INFO ] 2022-12-27 04:31:10.128 [CRM.TG_5352_Lead_Creation] [enterPhoneNumber] - Phone Number Entered Successfully
[INFO ] 2022-12-27 04:31:10.129 [CRM.TG_5352_Lead_Creation] [selectSearchOnMapsCheckbox] - Selecting search on Maps checkbox
[INFO ] 2022-12-27 04:31:12.464 [CRM.TG_5352_Lead_Creation] [selectSearchOnMapsCheckbox] - Search on maps checkbox selected
[INFO ] 2022-12-27 04:31:14.471 [CRM.TG_5352_Lead_Creation] [enterEmployeeAddressOnMaps] - Etering employee address on maps
[INFO ] 2022-12-27 04:31:15.902 [CRM.TG_5352_Lead_Creation] [enterEmployeeAddressOnMaps] - Employee entered successfully
[INFO ] 2022-12-27 04:31:17.909 [CRM.TG_5352_Lead_Creation] [clickSaveButton] - Clicking on Save Button
[INFO ] 2022-12-27 04:31:18.167 [CRM.TG_5352_Lead_Creation] [clickSaveButton] - Save Button clicked successfully
[INFO ] 2022-12-27 04:31:21.176 [CRM.TG_5352_Lead_Creation] [verifyLeadStatus] - Check for Status as Lead
[INFO ] 2022-12-27 04:31:21.424 [CRM.TG_5352_Lead_Creation] [verifyLeadStatus] - Status verified as Lead successfully
[INFO ] 2022-12-27 04:31:23.432 [CRM.TG_5352_Lead_Creation] [clickLeadLinkforListingForm] - Click on Lead for Listing form
[INFO ] 2022-12-27 04:31:23.746 [CRM.TG_5352_Lead_Creation] [clickLeadLinkforListingForm] - Lead for Listing form clicked Successfully
[INFO ] 2022-12-27 04:31:23.747 [CRM.TG_5352_Lead_Creation] [verifyCreatedLead] - Check for Created Lead
[INFO ] 2022-12-27 04:31:23.808 [CRM.TG_5352_Lead_Creation] [verifyCreatedLead] - Created Lead displayed successfully
[INFO ] 2022-12-27 04:31:25.814 [CRM.TG_5352_Lead_Creation] [clickCreatedLead] - Clicking on Created Lead
[INFO ] 2022-12-27 04:31:26.102 [CRM.TG_5352_Lead_Creation] [clickCreatedLead] - Created Lead clicked successfully
[INFO ] 2022-12-27 04:31:28.109 [CRM.TG_5352_Lead_Creation] [clickLeadStatus] - Clicking on Status dropdown
