[INFO ] 2022-12-24 07:01:06.208 [CRM.TG_5353_Contact_Creation] [VerifyContactForm] - Logging in
[INFO ] 2022-12-24 07:01:08.591 [CRM.TG_5353_Contact_Creation] [enterUsername] - Entering new user's first name
[INFO ] 2022-12-24 07:01:09.101 [CRM.TG_5353_Contact_Creation] [enterUsername] - User's first name entered successfully
[INFO ] 2022-12-24 07:01:09.102 [CRM.TG_5353_Contact_Creation] [enterPassword] - Entering new user's last name
[INFO ] 2022-12-24 07:01:10.485 [CRM.TG_5353_Contact_Creation] [enterPassword] - User's last name entered successfully
[INFO ] 2022-12-24 07:01:10.486 [CRM.TG_5353_Contact_Creation] [clickLoginButton] - Clicking on Login Button
[INFO ] 2022-12-24 07:01:10.873 [CRM.TG_5353_Contact_Creation] [clickLoginButton] - Close Pop Up clicked successfully
[INFO ] 2022-12-24 07:01:10.879 [CRM.TG_5353_Contact_Creation] [VerifyContactForm] - Verifying CRM Icon
[INFO ] 2022-12-24 07:01:10.879 [CRM.TG_5353_Contact_Creation] [verifyCRMTextOnHomepage] - Check for CRM Icon on Homepage
[INFO ] 2022-12-24 07:01:25.788 [CRM.TG_5353_Contact_Creation] [verifyCRMTextOnHomepage] - CRM Icon displayed successfully
[INFO ] 2022-12-24 07:01:25.805 [CRM.TG_5353_Contact_Creation] [clickCRMIcon] - Clicking on CRM Button
[INFO ] 2022-12-24 07:01:26.160 [CRM.TG_5353_Contact_Creation] [clickCRMIcon] - CRM Button clicked successfully
[INFO ] 2022-12-24 07:01:29.168 [CRM.TG_5353_Contact_Creation] [clickContactIcon] - Clicking on Contact Button
[INFO ] 2022-12-24 07:01:30.729 [CRM.TG_5353_Contact_Creation] [clickContactIcon] - Contact Button clicked successfully
[INFO ] 2022-12-24 07:01:33.736 [CRM.TG_5353_Contact_Creation] [verifyContactListingForm] - Check for Contact Title
[INFO ] 2022-12-24 07:01:33.833 [CRM.TG_5353_Contact_Creation] [verifyContactListingForm] - Contact Title displayed successfully
[INFO ] 2022-12-24 07:01:36.839 [CRM.TG_5353_Contact_Creation] [clickAddContactButton] - Clicking on Contact Button
[INFO ] 2022-12-24 07:01:37.980 [CRM.TG_5353_Contact_Creation] [clickAddContactButton] - Add Contact Button clicked successfully
[INFO ] 2022-12-24 07:01:40.984 [CRM.TG_5353_Contact_Creation] [verifyContactForm] - Check for New Contact Form
[INFO ] 2022-12-24 07:01:41.055 [CRM.TG_5353_Contact_Creation] [verifyContactForm] - New Contact Form displayed successfully
[INFO ] 2022-12-24 07:01:41.132 [CRM.TG_5353_Contact_Creation] [CreateContact] - Verifying Mandatory Fields
[INFO ] 2022-12-24 07:01:41.132 [CRM.TG_5353_Contact_Creation] [clickSaveButton] - Clicking on Contact Button
[INFO ] 2022-12-24 07:01:41.383 [CRM.TG_5353_Contact_Creation] [clickSaveButton] - Add Contact Button clicked successfully
[INFO ] 2022-12-24 07:01:50.621 [CRM.TG_5353_Contact_Creation] [enterEmail] - Entering Email
[INFO ] 2022-12-24 07:01:50.747 [CRM.TG_5353_Contact_Creation] [enterEmail] - Email Entered Successfully
[INFO ] 2022-12-24 07:01:53.753 [CRM.TG_5353_Contact_Creation] [enterEmail] - Entering Email
[INFO ] 2022-12-24 07:01:53.851 [CRM.TG_5353_Contact_Creation] [enterEmail] - Email Entered Successfully
[INFO ] 2022-12-24 07:01:56.861 [CRM.TG_5353_Contact_Creation] [enterPhoneNumber] - Entering Phone Number
[INFO ] 2022-12-24 07:01:57.122 [CRM.TG_5353_Contact_Creation] [enterPhoneNumber] - Phone Number Entered Successfully
[INFO ] 2022-12-24 07:02:00.127 [CRM.TG_5353_Contact_Creation] [enterLead] - Entering Lead
[INFO ] 2022-12-24 07:02:00.357 [CRM.TG_5353_Contact_Creation] [enterLead] - Lead Entered Successfully
