[INFO ] 2023-05-30 21:25:36.597 [directOrder.TG_5801_DirectOrderFullClaim] [enterUsername] - Entering new user's first name
[INFO ] 2023-05-30 21:25:40.270 [directOrder.TG_5801_DirectOrderFullClaim] [enterUsername] - User's first name entered successfully
[INFO ] 2023-05-30 21:25:40.271 [directOrder.TG_5801_DirectOrderFullClaim] [enterPassword] - Entering new user's last name
[INFO ] 2023-05-30 21:25:40.801 [directOrder.TG_5801_DirectOrderFullClaim] [enterPassword] - User's last name entered successfully
[INFO ] 2023-05-30 21:25:40.801 [directOrder.TG_5801_DirectOrderFullClaim] [clickLoginButton] - Clicking on Login Button
[INFO ] 2023-05-30 21:25:41.597 [directOrder.TG_5801_DirectOrderFullClaim] [clickLoginButton] - Close Pop Up clicked successfully
[INFO ] 2023-05-30 21:25:41.599 [directOrder.TG_5801_DirectOrderFullClaim] [clickStaffingCompanies] - Clicking on Staffing Companies Button
[INFO ] 2023-05-30 21:26:04.397 [directOrder.TG_5801_DirectOrderFullClaim] [clickStaffingCompanies] - Staffing Companies Button clicked successfully
[INFO ] 2023-05-30 21:26:04.403 [directOrder.TG_5801_DirectOrderFullClaim] [verifyStaffingCompanyList] - Verify Staffing Company List is displayed
[INFO ] 2023-05-30 21:26:06.413 [directOrder.TG_5801_DirectOrderFullClaim] [verifyStaffingCompanyList] - Staffing Company List displayed successfully
[INFO ] 2023-05-30 21:26:14.424 [directOrder.TG_5801_DirectOrderFullClaim] [clickHundredFilter] - Clicking on 100 records button
[INFO ] 2023-05-30 21:26:15.366 [directOrder.TG_5801_DirectOrderFullClaim] [clickHundredFilter] - 100 records button clicked Successfully
[INFO ] 2023-05-30 21:26:20.373 [directOrder.TG_5801_DirectOrderFullClaim] [clickStaffingCompanyDirectOrder] - Clicking on Staffing Companies Button
[INFO ] 2023-05-30 21:26:27.577 [directOrder.TG_5801_DirectOrderFullClaim] [clickStaffingCompanyDirectOrder] - Staffing Companies Button clicked successfully
[INFO ] 2023-05-30 21:26:30.581 [directOrder.TG_5801_DirectOrderFullClaim] [clickPlaceOrderButton] - Clicking on Staffing Company
[INFO ] 2023-05-30 21:26:33.924 [directOrder.TG_5801_DirectOrderFullClaim] [clickPlaceOrderButton] - Staffing Company clicked successfully
[INFO ] 2023-05-30 21:26:33.925 [directOrder.TG_5801_DirectOrderFullClaim] [enterEstDailyHours] - Entering EstDailyHours
[INFO ] 2023-05-30 21:26:47.690 [directOrder.TG_5801_DirectOrderFullClaim] [enterEstDailyHours] - EstDailyHours entered successfully
[INFO ] 2023-05-30 21:26:49.698 [directOrder.TG_5801_DirectOrderFullClaim] [enterTodaysDate] - Entering StartDate
[INFO ] 2023-05-30 21:26:56.080 [directOrder.TG_5801_DirectOrderFullClaim] [enterTodaysDate] - StartDate entered successfully
[INFO ] 2023-05-30 21:26:58.095 [directOrder.TG_5801_DirectOrderFullClaim] [enterTodaysDateplus1] - Entering End Date
[DEBUG] 2023-05-30 21:27:32.669 [freemarker.cache] [debug] - Couldn't find template in cache for "spark/spark.spa.ftl"("en_IN", UTF-8, parsed); will try to load it.
[DEBUG] 2023-05-30 21:27:32.674 [freemarker.cache] [debug] - TemplateLoader.findTemplateSource("spark/spark.spa_en_IN.ftl"): Not found
[DEBUG] 2023-05-30 21:27:32.676 [freemarker.cache] [debug] - TemplateLoader.findTemplateSource("spark/spark.spa_en.ftl"): Not found
[DEBUG] 2023-05-30 21:27:32.679 [freemarker.cache] [debug] - TemplateLoader.findTemplateSource("spark/spark.spa.ftl"): Found
[DEBUG] 2023-05-30 21:27:32.680 [freemarker.cache] [debug] - Loading template for "spark/spark.spa.ftl"("en_IN", UTF-8, parsed) from "jar:file:/Users/amandeep.singh/.m2/repository/com/aventstack/extentreports/5.0.7/extentreports-5.0.7.jar!/com/aventstack/extentreports/templates/spark/spark.spa.ftl"
[DEBUG] 2023-05-30 21:27:32.721 [freemarker.cache] [debug] - Couldn't find template in cache for "commons/commons-variables.ftl"("en_IN", UTF-8, parsed); will try to load it.
[DEBUG] 2023-05-30 21:27:32.722 [freemarker.cache] [debug] - TemplateLoader.findTemplateSource("commons/commons-variables_en_IN.ftl"): Not found
[DEBUG] 2023-05-30 21:27:32.722 [freemarker.cache] [debug] - TemplateLoader.findTemplateSource("commons/commons-variables_en.ftl"): Not found
[DEBUG] 2023-05-30 21:27:32.723 [freemarker.cache] [debug] - TemplateLoader.findTemplateSource("commons/commons-variables.ftl"): Found
[DEBUG] 2023-05-30 21:27:32.723 [freemarker.cache] [debug] - Loading template for "commons/commons-variables.ftl"("en_IN", UTF-8, parsed) from "jar:file:/Users/amandeep.singh/.m2/repository/com/aventstack/extentreports/5.0.7/extentreports-5.0.7.jar!/com/aventstack/extentreports/templates/commons/commons-variables.ftl"
[DEBUG] 2023-05-30 21:27:32.822 [freemarker.cache] [debug] - Couldn't find template in cache for "commons/commons-macros.ftl"("en_IN", UTF-8, parsed); will try to load it.
[DEBUG] 2023-05-30 21:27:32.824 [freemarker.cache] [debug] - TemplateLoader.findTemplateSource("commons/commons-macros_en_IN.ftl"): Not found
[DEBUG] 2023-05-30 21:27:32.824 [freemarker.cache] [debug] - TemplateLoader.findTemplateSource("commons/commons-macros_en.ftl"): Not found
[DEBUG] 2023-05-30 21:27:32.825 [freemarker.cache] [debug] - TemplateLoader.findTemplateSource("commons/commons-macros.ftl"): Found
[DEBUG] 2023-05-30 21:27:32.825 [freemarker.cache] [debug] - Loading template for "commons/commons-macros.ftl"("en_IN", UTF-8, parsed) from "jar:file:/Users/amandeep.singh/.m2/repository/com/aventstack/extentreports/5.0.7/extentreports-5.0.7.jar!/com/aventstack/extentreports/templates/commons/commons-macros.ftl"
[DEBUG] 2023-05-30 21:27:32.832 [freemarker.cache] [debug] - Couldn't find template in cache for "spark/macros/attributes.ftl"("en_IN", UTF-8, parsed); will try to load it.
[DEBUG] 2023-05-30 21:27:32.835 [freemarker.cache] [debug] - TemplateLoader.findTemplateSource("spark/macros/attributes_en_IN.ftl"): Not found
[DEBUG] 2023-05-30 21:27:32.835 [freemarker.cache] [debug] - TemplateLoader.findTemplateSource("spark/macros/attributes_en.ftl"): Not found
[DEBUG] 2023-05-30 21:27:32.836 [freemarker.cache] [debug] - TemplateLoader.findTemplateSource("spark/macros/attributes.ftl"): Found
[DEBUG] 2023-05-30 21:27:32.837 [freemarker.cache] [debug] - Loading template for "spark/macros/attributes.ftl"("en_IN", UTF-8, parsed) from "jar:file:/Users/amandeep.singh/.m2/repository/com/aventstack/extentreports/5.0.7/extentreports-5.0.7.jar!/com/aventstack/extentreports/templates/spark/macros/attributes.ftl"
[DEBUG] 2023-05-30 21:27:32.840 [freemarker.cache] [debug] - Couldn't find template in cache for "spark/macros/log.ftl"("en_IN", UTF-8, parsed); will try to load it.
[DEBUG] 2023-05-30 21:27:32.841 [freemarker.cache] [debug] - TemplateLoader.findTemplateSource("spark/macros/log_en_IN.ftl"): Not found
[DEBUG] 2023-05-30 21:27:32.841 [freemarker.cache] [debug] - TemplateLoader.findTemplateSource("spark/macros/log_en.ftl"): Not found
[DEBUG] 2023-05-30 21:27:32.841 [freemarker.cache] [debug] - TemplateLoader.findTemplateSource("spark/macros/log.ftl"): Found
[DEBUG] 2023-05-30 21:27:32.842 [freemarker.cache] [debug] - Loading template for "spark/macros/log.ftl"("en_IN", UTF-8, parsed) from "jar:file:/Users/amandeep.singh/.m2/repository/com/aventstack/extentreports/5.0.7/extentreports-5.0.7.jar!/com/aventstack/extentreports/templates/spark/macros/log.ftl"
[DEBUG] 2023-05-30 21:27:32.850 [freemarker.cache] [debug] - Couldn't find template in cache for "spark/macros/recurse_nodes.ftl"("en_IN", UTF-8, parsed); will try to load it.
[DEBUG] 2023-05-30 21:27:32.851 [freemarker.cache] [debug] - TemplateLoader.findTemplateSource("spark/macros/recurse_nodes_en_IN.ftl"): Not found
[DEBUG] 2023-05-30 21:27:32.852 [freemarker.cache] [debug] - TemplateLoader.findTemplateSource("spark/macros/recurse_nodes_en.ftl"): Not found
[DEBUG] 2023-05-30 21:27:32.852 [freemarker.cache] [debug] - TemplateLoader.findTemplateSource("spark/macros/recurse_nodes.ftl"): Found
[DEBUG] 2023-05-30 21:27:32.852 [freemarker.cache] [debug] - Loading template for "spark/macros/recurse_nodes.ftl"("en_IN", UTF-8, parsed) from "jar:file:/Users/amandeep.singh/.m2/repository/com/aventstack/extentreports/5.0.7/extentreports-5.0.7.jar!/com/aventstack/extentreports/templates/spark/macros/recurse_nodes.ftl"
[DEBUG] 2023-05-30 21:27:32.860 [freemarker.cache] [debug] - "spark/macros/log.ftl"("en_IN", UTF-8, parsed) cached copy not yet stale; using cached.
[DEBUG] 2023-05-30 21:27:32.861 [freemarker.cache] [debug] - Couldn't find template in cache for "spark/macros/attr-common.ftl"("en_IN", UTF-8, parsed); will try to load it.
[DEBUG] 2023-05-30 21:27:32.861 [freemarker.cache] [debug] - TemplateLoader.findTemplateSource("spark/macros/attr-common_en_IN.ftl"): Not found
[DEBUG] 2023-05-30 21:27:32.862 [freemarker.cache] [debug] - TemplateLoader.findTemplateSource("spark/macros/attr-common_en.ftl"): Not found
[DEBUG] 2023-05-30 21:27:32.862 [freemarker.cache] [debug] - TemplateLoader.findTemplateSource("spark/macros/attr-common.ftl"): Found
[DEBUG] 2023-05-30 21:27:32.863 [freemarker.cache] [debug] - Loading template for "spark/macros/attr-common.ftl"("en_IN", UTF-8, parsed) from "jar:file:/Users/amandeep.singh/.m2/repository/com/aventstack/extentreports/5.0.7/extentreports-5.0.7.jar!/com/aventstack/extentreports/templates/spark/macros/attr-common.ftl"
[DEBUG] 2023-05-30 21:27:32.869 [freemarker.cache] [debug] - Couldn't find template in cache for "spark/partials/head.ftl"("en_IN", UTF-8, parsed); will try to load it.
[DEBUG] 2023-05-30 21:27:32.870 [freemarker.cache] [debug] - TemplateLoader.findTemplateSource("spark/partials/head_en_IN.ftl"): Not found
[DEBUG] 2023-05-30 21:27:32.870 [freemarker.cache] [debug] - TemplateLoader.findTemplateSource("spark/partials/head_en.ftl"): Not found
[DEBUG] 2023-05-30 21:27:32.871 [freemarker.cache] [debug] - TemplateLoader.findTemplateSource("spark/partials/head.ftl"): Found
[DEBUG] 2023-05-30 21:27:32.871 [freemarker.cache] [debug] - Loading template for "spark/partials/head.ftl"("en_IN", UTF-8, parsed) from "jar:file:/Users/amandeep.singh/.m2/repository/com/aventstack/extentreports/5.0.7/extentreports-5.0.7.jar!/com/aventstack/extentreports/templates/spark/partials/head.ftl"
[DEBUG] 2023-05-30 21:27:32.875 [freemarker.cache] [debug] - Couldn't find template in cache for "commons/commons-inject-css.ftl"("en_IN", UTF-8, parsed); will try to load it.
[DEBUG] 2023-05-30 21:27:32.875 [freemarker.cache] [debug] - TemplateLoader.findTemplateSource("commons/commons-inject-css_en_IN.ftl"): Not found
[DEBUG] 2023-05-30 21:27:32.876 [freemarker.cache] [debug] - TemplateLoader.findTemplateSource("commons/commons-inject-css_en.ftl"): Not found
[DEBUG] 2023-05-30 21:27:32.877 [freemarker.cache] [debug] - TemplateLoader.findTemplateSource("commons/commons-inject-css.ftl"): Found
[DEBUG] 2023-05-30 21:27:32.877 [freemarker.cache] [debug] - Loading template for "commons/commons-inject-css.ftl"("en_IN", UTF-8, parsed) from "jar:file:/Users/amandeep.singh/.m2/repository/com/aventstack/extentreports/5.0.7/extentreports-5.0.7.jar!/com/aventstack/extentreports/templates/commons/commons-inject-css.ftl"
[DEBUG] 2023-05-30 21:27:32.878 [freemarker.cache] [debug] - Couldn't find template in cache for "spark/partials/navbar.ftl"("en_IN", UTF-8, parsed); will try to load it.
[DEBUG] 2023-05-30 21:27:32.878 [freemarker.cache] [debug] - TemplateLoader.findTemplateSource("spark/partials/navbar_en_IN.ftl"): Not found
[DEBUG] 2023-05-30 21:27:32.878 [freemarker.cache] [debug] - TemplateLoader.findTemplateSource("spark/partials/navbar_en.ftl"): Not found
[DEBUG] 2023-05-30 21:27:32.879 [freemarker.cache] [debug] - TemplateLoader.findTemplateSource("spark/partials/navbar.ftl"): Found
[DEBUG] 2023-05-30 21:27:32.879 [freemarker.cache] [debug] - Loading template for "spark/partials/navbar.ftl"("en_IN", UTF-8, parsed) from "jar:file:/Users/amandeep.singh/.m2/repository/com/aventstack/extentreports/5.0.7/extentreports-5.0.7.jar!/com/aventstack/extentreports/templates/spark/partials/navbar.ftl"
[DEBUG] 2023-05-30 21:27:32.885 [freemarker.cache] [debug] - Couldn't find template in cache for "spark/partials/sidenav.ftl"("en_IN", UTF-8, parsed); will try to load it.
[DEBUG] 2023-05-30 21:27:32.885 [freemarker.cache] [debug] - TemplateLoader.findTemplateSource("spark/partials/sidenav_en_IN.ftl"): Not found
[DEBUG] 2023-05-30 21:27:32.885 [freemarker.cache] [debug] - TemplateLoader.findTemplateSource("spark/partials/sidenav_en.ftl"): Not found
[DEBUG] 2023-05-30 21:27:32.886 [freemarker.cache] [debug] - TemplateLoader.findTemplateSource("spark/partials/sidenav.ftl"): Found
[DEBUG] 2023-05-30 21:27:32.886 [freemarker.cache] [debug] - Loading template for "spark/partials/sidenav.ftl"("en_IN", UTF-8, parsed) from "jar:file:/Users/amandeep.singh/.m2/repository/com/aventstack/extentreports/5.0.7/extentreports-5.0.7.jar!/com/aventstack/extentreports/templates/spark/partials/sidenav.ftl"
[DEBUG] 2023-05-30 21:27:32.897 [freemarker.cache] [debug] - Couldn't find template in cache for "spark/partials/dashboard.ftl"("en_IN", UTF-8, parsed); will try to load it.
[DEBUG] 2023-05-30 21:27:32.899 [freemarker.cache] [debug] - TemplateLoader.findTemplateSource("spark/partials/dashboard_en_IN.ftl"): Not found
[DEBUG] 2023-05-30 21:27:32.899 [freemarker.cache] [debug] - TemplateLoader.findTemplateSource("spark/partials/dashboard_en.ftl"): Not found
[DEBUG] 2023-05-30 21:27:32.900 [freemarker.cache] [debug] - TemplateLoader.findTemplateSource("spark/partials/dashboard.ftl"): Found
[DEBUG] 2023-05-30 21:27:32.900 [freemarker.cache] [debug] - Loading template for "spark/partials/dashboard.ftl"("en_IN", UTF-8, parsed) from "jar:file:/Users/amandeep.singh/.m2/repository/com/aventstack/extentreports/5.0.7/extentreports-5.0.7.jar!/com/aventstack/extentreports/templates/spark/partials/dashboard.ftl"
[DEBUG] 2023-05-30 21:27:32.970 [freemarker.cache] [debug] - Couldn't find template in cache for "spark/partials/category.ftl"("en_IN", UTF-8, parsed); will try to load it.
[DEBUG] 2023-05-30 21:27:32.971 [freemarker.cache] [debug] - TemplateLoader.findTemplateSource("spark/partials/category_en_IN.ftl"): Not found
[DEBUG] 2023-05-30 21:27:32.971 [freemarker.cache] [debug] - TemplateLoader.findTemplateSource("spark/partials/category_en.ftl"): Not found
[DEBUG] 2023-05-30 21:27:32.972 [freemarker.cache] [debug] - TemplateLoader.findTemplateSource("spark/partials/category.ftl"): Found
[DEBUG] 2023-05-30 21:27:32.972 [freemarker.cache] [debug] - Loading template for "spark/partials/category.ftl"("en_IN", UTF-8, parsed) from "jar:file:/Users/amandeep.singh/.m2/repository/com/aventstack/extentreports/5.0.7/extentreports-5.0.7.jar!/com/aventstack/extentreports/templates/spark/partials/category.ftl"
[DEBUG] 2023-05-30 21:27:32.981 [freemarker.cache] [debug] - Couldn't find template in cache for "spark/partials/test.ftl"("en_IN", UTF-8, parsed); will try to load it.
[DEBUG] 2023-05-30 21:27:32.982 [freemarker.cache] [debug] - TemplateLoader.findTemplateSource("spark/partials/test_en_IN.ftl"): Not found
[DEBUG] 2023-05-30 21:27:32.982 [freemarker.cache] [debug] - TemplateLoader.findTemplateSource("spark/partials/test_en.ftl"): Not found
[DEBUG] 2023-05-30 21:27:32.983 [freemarker.cache] [debug] - TemplateLoader.findTemplateSource("spark/partials/test.ftl"): Found
[DEBUG] 2023-05-30 21:27:32.983 [freemarker.cache] [debug] - Loading template for "spark/partials/test.ftl"("en_IN", UTF-8, parsed) from "jar:file:/Users/amandeep.singh/.m2/repository/com/aventstack/extentreports/5.0.7/extentreports-5.0.7.jar!/com/aventstack/extentreports/templates/spark/partials/test.ftl"
[DEBUG] 2023-05-30 21:27:32.997 [freemarker.cache] [debug] - Couldn't find template in cache for "spark/partials/standard-content.ftl"("en_IN", UTF-8, parsed); will try to load it.
[DEBUG] 2023-05-30 21:27:32.998 [freemarker.cache] [debug] - TemplateLoader.findTemplateSource("spark/partials/standard-content_en_IN.ftl"): Not found
[DEBUG] 2023-05-30 21:27:32.999 [freemarker.cache] [debug] - TemplateLoader.findTemplateSource("spark/partials/standard-content_en.ftl"): Not found
[DEBUG] 2023-05-30 21:27:33.007 [freemarker.cache] [debug] - TemplateLoader.findTemplateSource("spark/partials/standard-content.ftl"): Found
[DEBUG] 2023-05-30 21:27:33.009 [freemarker.cache] [debug] - Loading template for "spark/partials/standard-content.ftl"("en_IN", UTF-8, parsed) from "jar:file:/Users/amandeep.singh/.m2/repository/com/aventstack/extentreports/5.0.7/extentreports-5.0.7.jar!/com/aventstack/extentreports/templates/spark/partials/standard-content.ftl"
[DEBUG] 2023-05-30 21:27:33.030 [freemarker.cache] [debug] - Couldn't find template in cache for "spark/partials/scripts.ftl"("en_IN", UTF-8, parsed); will try to load it.
[DEBUG] 2023-05-30 21:27:33.031 [freemarker.cache] [debug] - TemplateLoader.findTemplateSource("spark/partials/scripts_en_IN.ftl"): Not found
[DEBUG] 2023-05-30 21:27:33.031 [freemarker.cache] [debug] - TemplateLoader.findTemplateSource("spark/partials/scripts_en.ftl"): Not found
[DEBUG] 2023-05-30 21:27:33.031 [freemarker.cache] [debug] - TemplateLoader.findTemplateSource("spark/partials/scripts.ftl"): Found
[DEBUG] 2023-05-30 21:27:33.031 [freemarker.cache] [debug] - Loading template for "spark/partials/scripts.ftl"("en_IN", UTF-8, parsed) from "jar:file:/Users/amandeep.singh/.m2/repository/com/aventstack/extentreports/5.0.7/extentreports-5.0.7.jar!/com/aventstack/extentreports/templates/spark/partials/scripts.ftl"
[DEBUG] 2023-05-30 21:27:33.033 [freemarker.cache] [debug] - Couldn't find template in cache for "commons/commons-inject-js.ftl"("en_IN", UTF-8, parsed); will try to load it.
[DEBUG] 2023-05-30 21:27:33.033 [freemarker.cache] [debug] - TemplateLoader.findTemplateSource("commons/commons-inject-js_en_IN.ftl"): Not found
[DEBUG] 2023-05-30 21:27:33.033 [freemarker.cache] [debug] - TemplateLoader.findTemplateSource("commons/commons-inject-js_en.ftl"): Not found
[DEBUG] 2023-05-30 21:27:33.034 [freemarker.cache] [debug] - TemplateLoader.findTemplateSource("commons/commons-inject-js.ftl"): Found
[DEBUG] 2023-05-30 21:27:33.034 [freemarker.cache] [debug] - Loading template for "commons/commons-inject-js.ftl"("en_IN", UTF-8, parsed) from "jar:file:/Users/amandeep.singh/.m2/repository/com/aventstack/extentreports/5.0.7/extentreports-5.0.7.jar!/com/aventstack/extentreports/templates/commons/commons-inject-js.ftl"
