[INFO ] 2023-02-02 01:14:58.189 [directOrder.TG_5803_DirectOrderDeny] [VerifyUserRedirectToNewOrderFormViaDirectOrder] - Started==Verifying Confirm Job Order Details
[INFO ] 2023-02-02 01:15:02.686 [directOrder.TG_5803_DirectOrderDeny] [enterUsername] - Entering new user's first name
[INFO ] 2023-02-02 01:15:03.904 [directOrder.TG_5803_DirectOrderDeny] [enterUsername] - User's first name entered successfully
[INFO ] 2023-02-02 01:15:03.906 [directOrder.TG_5803_DirectOrderDeny] [enterPassword] - Entering new user's last name
[INFO ] 2023-02-02 01:15:04.701 [directOrder.TG_5803_DirectOrderDeny] [enterPassword] - User's last name entered successfully
[INFO ] 2023-02-02 01:15:04.774 [directOrder.TG_5803_DirectOrderDeny] [clickLoginButton] - Clicking on Login Button
[INFO ] 2023-02-02 01:15:05.435 [directOrder.TG_5803_DirectOrderDeny] [clickLoginButton] - Close Pop Up clicked successfully
[INFO ] 2023-02-02 01:15:05.440 [directOrder.TG_5803_DirectOrderDeny] [clickStaffingCompanies] - Clicking on Staffing Companies Button
[INFO ] 2023-02-02 01:15:22.453 [directOrder.TG_5803_DirectOrderDeny] [clickStaffingCompanies] - Staffing Companies Button clicked successfully
[INFO ] 2023-02-02 01:15:22.457 [directOrder.TG_5803_DirectOrderDeny] [verifyStaffingCompanyList] - Verify Staffing Company List is displayed
[INFO ] 2023-02-02 01:15:23.190 [directOrder.TG_5803_DirectOrderDeny] [verifyStaffingCompanyList] - Staffing Company List displayed successfully
[INFO ] 2023-02-02 01:15:28.198 [directOrder.TG_5803_DirectOrderDeny] [clickStaffingCompany] - Clicking on Staffing Company
[INFO ] 2023-02-02 01:15:30.709 [directOrder.TG_5803_DirectOrderDeny] [clickStaffingCompany] - Staffing Company clicked successfully
[INFO ] 2023-02-02 01:15:33.720 [directOrder.TG_5803_DirectOrderDeny] [clickPlaceOrderButton] - Clicking on Staffing Company
[INFO ] 2023-02-02 01:15:34.145 [directOrder.TG_5803_DirectOrderDeny] [clickPlaceOrderButton] - Staffing Company clicked successfully
[INFO ] 2023-02-02 01:15:34.268 [directOrder.TG_5803_DirectOrderDeny] [Tag_EndToEndFlowNewOrderHiring] - Started==Starting End To End Flow NewOrderHiring
[INFO ] 2023-02-02 01:15:34.269 [directOrder.TG_5803_DirectOrderDeny] [newDirectOrderHiring] - Entering EstDailyHours
[INFO ] 2023-02-02 01:15:43.320 [directOrder.TG_5803_DirectOrderDeny] [newDirectOrderHiring] - EstDailyHours entered successfully
[INFO ] 2023-02-02 01:15:43.321 [directOrder.TG_5803_DirectOrderDeny] [newDirectOrderHiring] - Entering StartDate
[INFO ] 2023-02-02 01:15:49.006 [directOrder.TG_5803_DirectOrderDeny] [newDirectOrderHiring] - StartDate entered successfully
[INFO ] 2023-02-02 01:15:49.009 [directOrder.TG_5803_DirectOrderDeny] [newDirectOrderHiring] - Entering EndDate
[INFO ] 2023-02-02 01:16:00.799 [directOrder.TG_5803_DirectOrderDeny] [newDirectOrderHiring] - EndDate entered successfully
[INFO ] 2023-02-02 01:16:00.814 [directOrder.TG_5803_DirectOrderDeny] [newDirectOrderHiring] - Entering StartTime
[INFO ] 2023-02-02 01:16:01.694 [directOrder.TG_5803_DirectOrderDeny] [newDirectOrderHiring] - StartTime entered successfully
[INFO ] 2023-02-02 01:16:01.695 [directOrder.TG_5803_DirectOrderDeny] [newDirectOrderHiring] - Entering Availability
[INFO ] 2023-02-02 01:16:02.070 [directOrder.TG_5803_DirectOrderDeny] [newDirectOrderHiring] - Availabilit entered successfully
[INFO ] 2023-02-02 01:16:02.071 [directOrder.TG_5803_DirectOrderDeny] [newDirectOrderHiring] - Entering JobSite
[INFO ] 2023-02-02 01:16:08.551 [directOrder.TG_5803_DirectOrderDeny] [newDirectOrderHiring] - JobSite entered successfully
[INFO ] 2023-02-02 01:16:08.556 [directOrder.TG_5803_DirectOrderDeny] [newDirectOrderHiring] - Entering JobTitle
[INFO ] 2023-02-02 01:16:17.977 [directOrder.TG_5803_DirectOrderDeny] [newDirectOrderHiring] - JobTitle entered successfully
[INFO ] 2023-02-02 01:16:17.984 [directOrder.TG_5803_DirectOrderDeny] [newDirectOrderHiring] - Entering No Of Workers
[INFO ] 2023-02-02 01:16:23.324 [directOrder.TG_5803_DirectOrderDeny] [newDirectOrderHiring] - NoOfWorkers entered successfully
[INFO ] 2023-02-02 01:16:23.326 [directOrder.TG_5803_DirectOrderDeny] [newDirectOrderHiring] - Entering ESignature
[INFO ] 2023-02-02 01:16:26.593 [directOrder.TG_5803_DirectOrderDeny] [newDirectOrderHiring] - ESignature entered successfully
[INFO ] 2023-02-02 01:16:26.594 [directOrder.TG_5803_DirectOrderDeny] [newDirectOrderHiring] - clickAgreeContract
[INFO ] 2023-02-02 01:16:26.976 [directOrder.TG_5803_DirectOrderDeny] [newDirectOrderHiring] - clickAgreeContract successfully
[INFO ] 2023-02-02 01:16:26.976 [directOrder.TG_5803_DirectOrderDeny] [newDirectOrderHiring] - clickSaveButton
[INFO ] 2023-02-02 01:16:27.168 [directOrder.TG_5803_DirectOrderDeny] [newDirectOrderHiring] - SaveButton Clicked successfully
[INFO ] 2023-02-02 01:16:35.824 [directOrder.TG_5803_DirectOrderDeny] [newDirectOrderHiring] - Job order link present on the home page clicked
[INFO ] 2023-02-02 01:16:46.654 [directOrder.TG_5803_DirectOrderDeny] [newDirectOrderHiring] - Verify Job Order Id and Email Successfully
[INFO ] 2023-02-02 01:17:01.471 [directOrder.TG_5803_DirectOrderDeny] [enterUsername] - Entering new user's first name
[INFO ] 2023-02-02 01:17:01.650 [directOrder.TG_5803_DirectOrderDeny] [enterUsername] - User's first name entered successfully
[INFO ] 2023-02-02 01:17:01.651 [directOrder.TG_5803_DirectOrderDeny] [enterPassword] - Entering new user's last name
[INFO ] 2023-02-02 01:17:01.753 [directOrder.TG_5803_DirectOrderDeny] [enterPassword] - User's last name entered successfully
[INFO ] 2023-02-02 01:17:01.753 [directOrder.TG_5803_DirectOrderDeny] [clickLoginButton] - Clicking on Login Button
[INFO ] 2023-02-02 01:17:01.876 [directOrder.TG_5803_DirectOrderDeny] [clickLoginButton] - Close Pop Up clicked successfully
[INFO ] 2023-02-02 01:17:04.884 [directOrder.TG_5803_DirectOrderDeny] [clickNotificationIcon] - Clicking on Notifications
[INFO ] 2023-02-02 01:17:08.413 [directOrder.TG_5803_DirectOrderDeny] [clickNotificationIcon] - Notifications clicked successfully
[INFO ] 2023-02-02 01:17:10.421 [directOrder.TG_5803_DirectOrderDeny] [verifyNotificationText] - Verify Direct Order Text in Notification
[INFO ] 2023-02-02 01:17:10.608 [directOrder.TG_5803_DirectOrderDeny] [verifyNotificationText] - Direct Order Text in Notification displayed successfully
[INFO ] 2023-02-02 01:17:10.620 [directOrder.TG_5803_DirectOrderDeny] [clickJobOrderHomePage] - Clicking Job orders menu present on the staffing homepage navigates to joborder listing form 
[INFO ] 2023-02-02 01:17:14.134 [directOrder.TG_5803_DirectOrderDeny] [clickJobOrderHomePage] - All job orders menu present on the staffing hompage clicked successfully and navigates to joborder listing form  .
[INFO ] 2023-02-02 01:17:16.143 [directOrder.TG_5803_DirectOrderDeny] [verifyJobOrderPage] - Job order form is displayed
[INFO ] 2023-02-02 01:17:16.270 [directOrder.TG_5803_DirectOrderDeny] [verifyJobOrderPage] - Job orderform is displayed successfully
[INFO ] 2023-02-02 01:17:26.296 [directOrder.TG_5803_DirectOrderDeny] [selectParticularJobOrderFromListing] - Selecting Particular Joborder on the listing
[INFO ] 2023-02-02 01:17:36.847 [directOrder.TG_5803_DirectOrderDeny] [selectParticularJobOrderFromListing] - Particular Joborder on the listing selected successfully
[INFO ] 2023-02-02 01:17:41.888 [directOrder.TG_5803_DirectOrderDeny] [clickOrdersMenuOnStaffingHomePage] - Clicking Order menu present on the staffing homepage
[INFO ] 2023-02-02 01:17:42.567 [directOrder.TG_5803_DirectOrderDeny] [clickOrdersMenuOnStaffingHomePage] - Order menu present on the staffing hompage clicked successfully.
[INFO ] 2023-02-02 01:17:44.884 [directOrder.TG_5803_DirectOrderDeny] [clickDirectOrderNav] - Clicking on Direct Orders
[INFO ] 2023-02-02 01:17:48.364 [directOrder.TG_5803_DirectOrderDeny] [clickDirectOrderNav] - Direct orders clicked successfully
[INFO ] 2023-02-02 01:17:50.382 [directOrder.TG_5803_DirectOrderDeny] [selectParticularJobOrderFromListing] - Selecting Particular Joborder on the listing
[INFO ] 2023-02-02 01:18:00.676 [directOrder.TG_5803_DirectOrderDeny] [selectParticularJobOrderFromListing] - Particular Joborder on the listing selected successfully
[INFO ] 2023-02-02 01:18:05.689 [directOrder.TG_5803_DirectOrderDeny] [clickDenyButton] - Clicking on Deny Button
[INFO ] 2023-02-02 01:19:05.941 [directOrder.TG_5803_DirectOrderDeny] [clickDenyButton] - Deny Button clicked successfully
[INFO ] 2023-02-02 01:19:47.505 [directOrder.TG_5803_DirectOrderDeny] [enterUsername] - Entering new user's first name
[INFO ] 2023-02-02 01:19:47.640 [directOrder.TG_5803_DirectOrderDeny] [enterUsername] - User's first name entered successfully
[INFO ] 2023-02-02 01:19:47.640 [directOrder.TG_5803_DirectOrderDeny] [enterPassword] - Entering new user's last name
[INFO ] 2023-02-02 01:19:47.729 [directOrder.TG_5803_DirectOrderDeny] [enterPassword] - User's last name entered successfully
[INFO ] 2023-02-02 01:19:47.729 [directOrder.TG_5803_DirectOrderDeny] [clickLoginButton] - Clicking on Login Button
[INFO ] 2023-02-02 01:19:47.838 [directOrder.TG_5803_DirectOrderDeny] [clickLoginButton] - Close Pop Up clicked successfully
[INFO ] 2023-02-02 01:19:50.852 [directOrder.TG_5803_DirectOrderDeny] [clickJobOrderHomePage] - Clicking Job orders menu present on the staffing homepage navigates to joborder listing form 
[INFO ] 2023-02-02 01:19:55.764 [directOrder.TG_5803_DirectOrderDeny] [clickJobOrderHomePage] - All job orders menu present on the staffing hompage clicked successfully and navigates to joborder listing form  .
[INFO ] 2023-02-02 01:19:57.779 [directOrder.TG_5803_DirectOrderDeny] [verifyJobOrderPage] - Job order form is displayed
[INFO ] 2023-02-02 01:19:57.868 [directOrder.TG_5803_DirectOrderDeny] [verifyJobOrderPage] - Job orderform is displayed successfully
[INFO ] 2023-02-02 01:20:07.878 [directOrder.TG_5803_DirectOrderDeny] [selectParticularJobOrderFromListing2] - Selecting Particular Joborder on the listing
[INFO ] 2023-02-02 01:20:18.022 [directOrder.TG_5803_DirectOrderDeny] [selectParticularJobOrderFromListing2] - Particular Joborder on the listing selected successfully
