[INFO ] 2023-01-13 08:50:22.374 [CRM.TG_5352_Lead_Creation] [TG_5303_VerifyNewLeadFormIsOpened] - Logging in
[INFO ] 2023-01-13 08:50:25.717 [CRM.TG_5352_Lead_Creation] [TG_5303_VerifyNewLeadFormIsOpened] - Entering Username
[INFO ] 2023-01-13 08:50:25.718 [CRM.TG_5352_Lead_Creation] [enterUsername] - Entering new user's first name
[INFO ] 2023-01-13 08:50:26.576 [CRM.TG_5352_Lead_Creation] [enterUsername] - User's first name entered successfully
[INFO ] 2023-01-13 08:50:26.576 [CRM.TG_5352_Lead_Creation] [TG_5303_VerifyNewLeadFormIsOpened] - Username Entered Successfully
[INFO ] 2023-01-13 08:50:26.577 [CRM.TG_5352_Lead_Creation] [TG_5303_VerifyNewLeadFormIsOpened] - Entering Password
[INFO ] 2023-01-13 08:50:26.577 [CRM.TG_5352_Lead_Creation] [enterPassword] - Entering new user's last name
[INFO ] 2023-01-13 08:50:26.710 [CRM.TG_5352_Lead_Creation] [enterPassword] - User's last name entered successfully
[INFO ] 2023-01-13 08:50:26.711 [CRM.TG_5352_Lead_Creation] [TG_5303_VerifyNewLeadFormIsOpened] - Password Entered Successfully
[INFO ] 2023-01-13 08:50:26.712 [CRM.TG_5352_Lead_Creation] [TG_5303_VerifyNewLeadFormIsOpened] - Clicking on Login Button
[INFO ] 2023-01-13 08:50:26.712 [CRM.TG_5352_Lead_Creation] [clickLoginButton] - Clicking on Login Button
[INFO ] 2023-01-13 08:50:27.146 [CRM.TG_5352_Lead_Creation] [clickLoginButton] - Close Pop Up clicked successfully
[INFO ] 2023-01-13 08:50:27.152 [CRM.TG_5352_Lead_Creation] [TG_5303_VerifyNewLeadFormIsOpened] - Verifying CRM Icon
[INFO ] 2023-01-13 08:50:27.152 [CRM.TG_5352_Lead_Creation] [verifyCRMTextOnHomepage] - Check for CRM Icon on Homepage
[INFO ] 2023-01-13 08:50:42.249 [CRM.TG_5352_Lead_Creation] [verifyCRMTextOnHomepage] - CRM Icon displayed successfully
[INFO ] 2023-01-13 08:50:42.260 [CRM.TG_5352_Lead_Creation] [TG_5303_VerifyNewLeadFormIsOpened] - Clicking on CRM Icon
[INFO ] 2023-01-13 08:50:42.260 [CRM.TG_5352_Lead_Creation] [clickCRMIcon] - Clicking on CRM Button
[INFO ] 2023-01-13 08:50:43.032 [CRM.TG_5352_Lead_Creation] [clickCRMIcon] - CRM Button clicked successfully
[INFO ] 2023-01-13 08:50:43.032 [CRM.TG_5352_Lead_Creation] [TG_5303_VerifyNewLeadFormIsOpened] - CRM Icon Clicked Successfully
[INFO ] 2023-01-13 08:50:45.037 [CRM.TG_5352_Lead_Creation] [TG_5303_VerifyNewLeadFormIsOpened] - Clicking on Lead Icon
[INFO ] 2023-01-13 08:50:45.039 [CRM.TG_5352_Lead_Creation] [clickLeadIcon] - Clicking on Lead Button
[INFO ] 2023-01-13 08:50:46.826 [CRM.TG_5352_Lead_Creation] [clickLeadIcon] - Lead Button clicked successfully
[INFO ] 2023-01-13 08:50:46.827 [CRM.TG_5352_Lead_Creation] [TG_5303_VerifyNewLeadFormIsOpened] - Lead Icon Clicked Successfully
[INFO ] 2023-01-13 08:50:48.832 [CRM.TG_5352_Lead_Creation] [TG_5303_VerifyNewLeadFormIsOpened] - Verify Listing Form
[INFO ] 2023-01-13 08:50:48.834 [CRM.TG_5352_Lead_Creation] [verifyLeadListingForm] - Check for Lead Title
[INFO ] 2023-01-13 08:50:48.922 [CRM.TG_5352_Lead_Creation] [verifyLeadListingForm] - Lead Title displayed successfully
[INFO ] 2023-01-13 08:50:48.922 [CRM.TG_5352_Lead_Creation] [TG_5303_VerifyNewLeadFormIsOpened] - Listing Form verified successfully
[INFO ] 2023-01-13 08:50:50.930 [CRM.TG_5352_Lead_Creation] [TG_5303_VerifyNewLeadFormIsOpened] - Clicking on Add Lead Button
[INFO ] 2023-01-13 08:50:50.935 [CRM.TG_5352_Lead_Creation] [clickAddLeadButton] - Clicking on Lead Button
[INFO ] 2023-01-13 08:50:51.876 [CRM.TG_5352_Lead_Creation] [clickAddLeadButton] - Add Lead Button clicked successfully
[INFO ] 2023-01-13 08:50:51.876 [CRM.TG_5352_Lead_Creation] [TG_5303_VerifyNewLeadFormIsOpened] - Add Lead Button Clicked Successfully
[INFO ] 2023-01-13 08:50:53.886 [CRM.TG_5352_Lead_Creation] [TG_5303_VerifyNewLeadFormIsOpened] - Verifying the Lead Form Title
[INFO ] 2023-01-13 08:50:53.890 [CRM.TG_5352_Lead_Creation] [verifyLeadForm] - Check for New Lead Form
[INFO ] 2023-01-13 08:50:53.959 [CRM.TG_5352_Lead_Creation] [verifyLeadForm] - New Lead Form displayed successfully
[INFO ] 2023-01-13 08:50:53.960 [CRM.TG_5352_Lead_Creation] [TG_5303_VerifyNewLeadFormIsOpened] - Lead Form Title is Verified Successfully
[INFO ] 2023-01-13 08:50:54.027 [CRM.TG_5352_Lead_Creation] [TG_5318_VerifyLeadIsCreated] - Verifying Mandatory Fields
[INFO ] 2023-01-13 08:50:54.027 [CRM.TG_5352_Lead_Creation] [clickSaveButton] - Clicking on Save Button
[INFO ] 2023-01-13 08:50:54.438 [CRM.TG_5352_Lead_Creation] [clickSaveButton] - Save Button clicked successfully
[INFO ] 2023-01-13 08:50:56.442 [CRM.TG_5352_Lead_Creation] [verifyMandatoryFieldIsBlank] - Verifying the Mandatory Field Pop-Up Title
[INFO ] 2023-01-13 08:50:56.507 [CRM.TG_5352_Lead_Creation] [verifyMandatoryFieldIsBlank] - Mandatory Field Pop-Up Title displayed Successfully
[INFO ] 2023-01-13 08:50:58.514 [CRM.TG_5352_Lead_Creation] [TG_5318_VerifyLeadIsCreated] - Closing the Pop-up
[INFO ] 2023-01-13 08:50:58.515 [CRM.TG_5352_Lead_Creation] [closeBlankMandatoryFieldDialogBox] - Clicking on Close Pop-Up Icon
[INFO ] 2023-01-13 08:50:58.678 [CRM.TG_5352_Lead_Creation] [closeBlankMandatoryFieldDialogBox] - Close Pop-Up Icon Clicked Successfully
[INFO ] 2023-01-13 08:50:58.679 [CRM.TG_5352_Lead_Creation] [TG_5318_VerifyLeadIsCreated] - Pop-up closed Successfully
[INFO ] 2023-01-13 08:51:00.684 [CRM.TG_5352_Lead_Creation] [TG_5318_VerifyLeadIsCreated] - Entering First Name
[INFO ] 2023-01-13 08:51:00.689 [CRM.TG_5352_Lead_Creation] [enterFirstName] - Entering First Name
[INFO ] 2023-01-13 08:51:01.074 [CRM.TG_5352_Lead_Creation] [enterFirstName] - First Name Entered Successfully
[INFO ] 2023-01-13 08:51:01.077 [CRM.TG_5352_Lead_Creation] [TG_5318_VerifyLeadIsCreated] - First Name Entered Successfully
[INFO ] 2023-01-13 08:51:01.077 [CRM.TG_5352_Lead_Creation] [TG_5318_VerifyLeadIsCreated] - Entering Last Name
[INFO ] 2023-01-13 08:51:01.077 [CRM.TG_5352_Lead_Creation] [enterLastName] - Entering Last Name
[INFO ] 2023-01-13 08:51:01.194 [CRM.TG_5352_Lead_Creation] [enterLastName] - Last Name Entered Successfully
[INFO ] 2023-01-13 08:51:01.194 [CRM.TG_5352_Lead_Creation] [TG_5318_VerifyLeadIsCreated] - Last Name Entered Successfully
[INFO ] 2023-01-13 08:51:01.194 [CRM.TG_5352_Lead_Creation] [TG_5318_VerifyLeadIsCreated] - Entering Company Name
[INFO ] 2023-01-13 08:51:01.194 [CRM.TG_5352_Lead_Creation] [enterCompanyName] - Entering Company Name
[INFO ] 2023-01-13 08:51:01.372 [CRM.TG_5352_Lead_Creation] [enterCompanyName] - Company Name Entered Successfully
[INFO ] 2023-01-13 08:51:01.372 [CRM.TG_5352_Lead_Creation] [TG_5318_VerifyLeadIsCreated] - Company Name Entered Successfully
[INFO ] 2023-01-13 08:51:01.372 [CRM.TG_5352_Lead_Creation] [TG_5318_VerifyLeadIsCreated] - Entering Email
[INFO ] 2023-01-13 08:51:01.373 [CRM.TG_5352_Lead_Creation] [enterEmail] - Entering Email
[INFO ] 2023-01-13 08:51:01.805 [CRM.TG_5352_Lead_Creation] [enterEmail] - Email Entered Successfully
[INFO ] 2023-01-13 08:51:01.806 [CRM.TG_5352_Lead_Creation] [TG_5318_VerifyLeadIsCreated] - Email Entered Successfully
[INFO ] 2023-01-13 08:51:03.812 [CRM.TG_5352_Lead_Creation] [TG_5318_VerifyLeadIsCreated] - Entering Phone Number
[INFO ] 2023-01-13 08:51:03.816 [CRM.TG_5352_Lead_Creation] [enterPhoneNumber] - Entering Phone Number
[INFO ] 2023-01-13 08:51:03.926 [CRM.TG_5352_Lead_Creation] [enterPhoneNumber] - Phone Number Entered Successfully
[INFO ] 2023-01-13 08:51:03.926 [CRM.TG_5352_Lead_Creation] [TG_5318_VerifyLeadIsCreated] - Phone Number Entered Successfully
[INFO ] 2023-01-13 08:51:03.926 [CRM.TG_5352_Lead_Creation] [TG_5318_VerifyLeadIsCreated] - Selecting the Search on Maps Checkbox
[INFO ] 2023-01-13 08:51:03.927 [CRM.TG_5352_Lead_Creation] [selectSearchOnMapsCheckbox] - Selecting search on Maps checkbox
[INFO ] 2023-01-13 08:51:06.159 [CRM.TG_5352_Lead_Creation] [selectSearchOnMapsCheckbox] - Search on maps checkbox selected
[INFO ] 2023-01-13 08:51:06.159 [CRM.TG_5352_Lead_Creation] [TG_5318_VerifyLeadIsCreated] - Search on Maps Checkbox selected Successfully
[INFO ] 2023-01-13 08:51:08.166 [CRM.TG_5352_Lead_Creation] [TG_5318_VerifyLeadIsCreated] - Entering Employee Address
[INFO ] 2023-01-13 08:51:08.169 [CRM.TG_5352_Lead_Creation] [enterEmployeeAddressOnMaps] - Etering employee address on maps
[INFO ] 2023-01-13 08:51:09.657 [CRM.TG_5352_Lead_Creation] [enterEmployeeAddressOnMaps] - Employee entered successfully
[INFO ] 2023-01-13 08:51:09.658 [CRM.TG_5352_Lead_Creation] [TG_5318_VerifyLeadIsCreated] - Employee Address Entered Successfull
[INFO ] 2023-01-13 08:51:11.665 [CRM.TG_5352_Lead_Creation] [TG_5318_VerifyLeadIsCreated] - Clicking on Save Button
[INFO ] 2023-01-13 08:51:11.671 [CRM.TG_5352_Lead_Creation] [clickSaveButton] - Clicking on Save Button
[INFO ] 2023-01-13 08:51:11.862 [CRM.TG_5352_Lead_Creation] [clickSaveButton] - Save Button clicked successfully
[INFO ] 2023-01-13 08:51:11.862 [CRM.TG_5352_Lead_Creation] [TG_5318_VerifyLeadIsCreated] - Save Button Clicked Successfully
[INFO ] 2023-01-13 08:51:14.868 [CRM.TG_5352_Lead_Creation] [TG_5318_VerifyLeadIsCreated] - Verify the LEAD Status
[INFO ] 2023-01-13 08:51:14.871 [CRM.TG_5352_Lead_Creation] [verifyLeadStatus] - Check for Status as Lead
[INFO ] 2023-01-13 08:51:14.978 [CRM.TG_5352_Lead_Creation] [verifyLeadStatus] - Status verified as Lead successfully
[INFO ] 2023-01-13 08:51:14.978 [CRM.TG_5352_Lead_Creation] [TG_5318_VerifyLeadIsCreated] - LEAD Status verified Successfully
[INFO ] 2023-01-13 08:51:16.985 [CRM.TG_5352_Lead_Creation] [TG_5318_VerifyLeadIsCreated] - Clicking Lead Link for Listing form
[INFO ] 2023-01-13 08:51:16.988 [CRM.TG_5352_Lead_Creation] [clickLeadLinkforListingForm] - Click on Lead for Listing form
[INFO ] 2023-01-13 08:51:17.310 [CRM.TG_5352_Lead_Creation] [clickLeadLinkforListingForm] - Lead for Listing form clicked Successfully
[INFO ] 2023-01-13 08:51:17.311 [CRM.TG_5352_Lead_Creation] [TG_5318_VerifyLeadIsCreated] - Lead Link for Listing form clicked Successfully
[INFO ] 2023-01-13 08:51:17.311 [CRM.TG_5352_Lead_Creation] [TG_5318_VerifyLeadIsCreated] - Verify Lead created Successfully or not
[INFO ] 2023-01-13 08:51:17.311 [CRM.TG_5352_Lead_Creation] [verifyCreatedLead] - Check for Created Lead
[INFO ] 2023-01-13 08:51:17.412 [CRM.TG_5352_Lead_Creation] [verifyCreatedLead] - Created Lead displayed successfully
[INFO ] 2023-01-13 08:51:17.413 [CRM.TG_5352_Lead_Creation] [TG_5318_VerifyLeadIsCreated] - Lead Created Successfully 
[INFO ] 2023-01-13 08:51:19.415 [CRM.TG_5352_Lead_Creation] [TG_5318_VerifyLeadIsCreated] - Clicking Created Lead from Listing form
[INFO ] 2023-01-13 08:51:19.417 [CRM.TG_5352_Lead_Creation] [clickCreatedLead] - Clicking on Created Lead
[INFO ] 2023-01-13 08:51:19.706 [CRM.TG_5352_Lead_Creation] [clickCreatedLead] - Created Lead clicked successfully
[INFO ] 2023-01-13 08:51:19.706 [CRM.TG_5352_Lead_Creation] [TG_5318_VerifyLeadIsCreated] - Created Lead Clicked Successfully
[INFO ] 2023-01-13 08:51:21.711 [CRM.TG_5352_Lead_Creation] [TG_5318_VerifyLeadIsCreated] - Selecting the Open Lead Status
[INFO ] 2023-01-13 08:51:21.716 [CRM.TG_5352_Lead_Creation] [clickLeadStatusOpen] - Clicking on Status dropdown
[INFO ] 2023-01-13 08:51:22.042 [CRM.TG_5352_Lead_Creation] [clickLeadStatusOpen] - Open Status entered successfully
[INFO ] 2023-01-13 08:51:22.043 [CRM.TG_5352_Lead_Creation] [TG_5318_VerifyLeadIsCreated] - Open Lead Status Selected Successfully
[INFO ] 2023-01-13 08:51:24.049 [CRM.TG_5352_Lead_Creation] [TG_5318_VerifyLeadIsCreated] - Clicking Notes Tab
[INFO ] 2023-01-13 08:51:24.051 [CRM.TG_5352_Lead_Creation] [clickNotesTab] - Clicking on Notes Tab
[INFO ] 2023-01-13 08:51:24.268 [CRM.TG_5352_Lead_Creation] [clickNotesTab] - Notes Tab clicked successfully
[INFO ] 2023-01-13 08:51:24.268 [CRM.TG_5352_Lead_Creation] [TG_5318_VerifyLeadIsCreated] - Notes Tab Clicked Successfully
[INFO ] 2023-01-13 08:51:26.274 [CRM.TG_5352_Lead_Creation] [TG_5318_VerifyLeadIsCreated] - Entering Notes
[INFO ] 2023-01-13 08:51:26.276 [CRM.TG_5352_Lead_Creation] [enterNotes] - Entering Note
[INFO ] 2023-01-13 08:51:26.924 [CRM.TG_5352_Lead_Creation] [enterNotes] - Note Entered Successfully
[INFO ] 2023-01-13 08:51:26.924 [CRM.TG_5352_Lead_Creation] [TG_5318_VerifyLeadIsCreated] - Notes Entered Successfully
[INFO ] 2023-01-13 08:51:28.928 [CRM.TG_5352_Lead_Creation] [TG_5318_VerifyLeadIsCreated] - Clicking Overview Tab
[INFO ] 2023-01-13 08:51:28.930 [CRM.TG_5352_Lead_Creation] [clickOverviewTab] - Clicking on Notes Tab
[INFO ] 2023-01-13 08:51:29.078 [CRM.TG_5352_Lead_Creation] [clickOverviewTab] - Notes Tab clicked successfully
[INFO ] 2023-01-13 08:51:29.081 [CRM.TG_5352_Lead_Creation] [TG_5318_VerifyLeadIsCreated] - Overview Tab Clicked Successfully
[INFO ] 2023-01-13 08:51:31.087 [CRM.TG_5352_Lead_Creation] [TG_5318_VerifyLeadIsCreated] - Selecting the Contract Negotiation Lead Status
[INFO ] 2023-01-13 08:51:31.089 [CRM.TG_5352_Lead_Creation] [clickLeadStatusContractNegotiation] - Clicking on Status dropdown
[INFO ] 2023-01-13 08:51:31.208 [CRM.TG_5352_Lead_Creation] [clickLeadStatusContractNegotiation] - Contract Negotiation Status entered successfully
[INFO ] 2023-01-13 08:51:31.209 [CRM.TG_5352_Lead_Creation] [TG_5318_VerifyLeadIsCreated] - Contract Negotiation Lead Status Selected Successfully
[INFO ] 2023-01-13 08:51:33.219 [CRM.TG_5352_Lead_Creation] [TG_5318_VerifyLeadIsCreated] - Clicking Save Button
[INFO ] 2023-01-13 08:51:33.224 [CRM.TG_5352_Lead_Creation] [clickSaveButton] - Clicking on Save Button
[INFO ] 2023-01-13 08:51:33.350 [CRM.TG_5352_Lead_Creation] [clickSaveButton] - Save Button clicked successfully
[INFO ] 2023-01-13 08:51:33.350 [CRM.TG_5352_Lead_Creation] [TG_5318_VerifyLeadIsCreated] - Save Button Clicked Successfully
[INFO ] 2023-01-13 08:51:35.357 [CRM.TG_5352_Lead_Creation] [TG_5318_VerifyLeadIsCreated] - Verify Prepare Contract Button
[INFO ] 2023-01-13 08:51:35.359 [CRM.TG_5352_Lead_Creation] [verifyPrepareContractButton] - Verify Prepare Contract Button
[INFO ] 2023-01-13 08:51:35.412 [CRM.TG_5352_Lead_Creation] [verifyPrepareContractButton] - Prepare Contract Button displayed successfully
[INFO ] 2023-01-13 08:51:35.413 [CRM.TG_5352_Lead_Creation] [TG_5318_VerifyLeadIsCreated] - Prepare Contract Button Verified Successfully
[INFO ] 2023-01-13 08:51:35.413 [CRM.TG_5352_Lead_Creation] [TG_5318_VerifyLeadIsCreated] - Click Prepare Contract Button
[INFO ] 2023-01-13 08:51:35.413 [CRM.TG_5352_Lead_Creation] [clickPrepareContractButton] - Clicking on Prepare Contract Button
[INFO ] 2023-01-13 08:51:35.525 [CRM.TG_5352_Lead_Creation] [clickPrepareContractButton] - Prepare Contract Button clicked successfully
[INFO ] 2023-01-13 08:51:35.526 [CRM.TG_5352_Lead_Creation] [TG_5318_VerifyLeadIsCreated] - Prepare Contract Button Clicked Successfully
[INFO ] 2023-01-13 08:51:37.533 [CRM.TG_5352_Lead_Creation] [TG_5318_VerifyLeadIsCreated] - Verify Contract Form
[INFO ] 2023-01-13 08:51:37.536 [CRM.TG_5352_Lead_Creation] [verifyContractForm] - Check for New Contract Form
[INFO ] 2023-01-13 08:51:37.620 [CRM.TG_5352_Lead_Creation] [verifyContractForm] - New Contract Form displayed successfully
[INFO ] 2023-01-13 08:51:37.620 [CRM.TG_5352_Lead_Creation] [TG_5318_VerifyLeadIsCreated] - New Contract Form verified Successfully
[INFO ] 2023-01-13 08:51:37.622 [CRM.TG_5352_Lead_Creation] [TG_5318_VerifyLeadIsCreated] - Entering Start Date
[INFO ] 2023-01-13 08:51:37.622 [CRM.TG_5352_Lead_Creation] [enterStartDate] - Entering the Start Date 
[INFO ] 2023-01-13 08:51:42.993 [CRM.TG_5352_Lead_Creation] [enterStartDate] - Start Date Entered Successfully
[INFO ] 2023-01-13 08:51:43.003 [CRM.TG_5352_Lead_Creation] [TG_5318_VerifyLeadIsCreated] - Start Date Entered Successfully
[INFO ] 2023-01-13 08:51:45.015 [CRM.TG_5352_Lead_Creation] [TG_5318_VerifyLeadIsCreated] - Entering End Date
[INFO ] 2023-01-13 08:51:45.018 [CRM.TG_5352_Lead_Creation] [enterEndDate] - Entering the End Date
[INFO ] 2023-01-13 08:51:50.394 [CRM.TG_5352_Lead_Creation] [enterEndDate] - End Date Entered Successfully
[INFO ] 2023-01-13 08:51:50.411 [CRM.TG_5352_Lead_Creation] [TG_5318_VerifyLeadIsCreated] - End Date Entered Successfully
[INFO ] 2023-01-13 08:51:52.434 [CRM.TG_5352_Lead_Creation] [TG_5318_VerifyLeadIsCreated] - Clicking Add Row Button
[INFO ] 2023-01-13 08:51:52.437 [CRM.TG_5352_Lead_Creation] [clickAddRowButton] - Clicking on Add Row Button
[INFO ] 2023-01-13 08:51:52.765 [CRM.TG_5352_Lead_Creation] [clickAddRowButton] - Add Row Button clicked successfully
[INFO ] 2023-01-13 08:51:52.766 [CRM.TG_5352_Lead_Creation] [TG_5318_VerifyLeadIsCreated] - Add Row Button Clicked Successfully
[INFO ] 2023-01-13 08:51:54.774 [CRM.TG_5352_Lead_Creation] [TG_5318_VerifyLeadIsCreated] - Clicking Job Title
[INFO ] 2023-01-13 08:51:54.781 [CRM.TG_5352_Lead_Creation] [clickJobTitleInTable] - Entering Job Title List in the Table
[INFO ] 2023-01-13 08:51:54.948 [CRM.TG_5352_Lead_Creation] [clickJobTitleInTable] - Clicked Job Title in the Table successfully
[INFO ] 2023-01-13 08:51:54.948 [CRM.TG_5352_Lead_Creation] [TG_5318_VerifyLeadIsCreated] - Job Title Clicked Successfully
[INFO ] 2023-01-13 08:51:56.954 [CRM.TG_5352_Lead_Creation] [TG_5318_VerifyLeadIsCreated] - Entering Job Title
[INFO ] 2023-01-13 08:51:56.957 [CRM.TG_5352_Lead_Creation] [enterTitle] - Enter Title
[INFO ] 2023-01-13 08:52:00.289 [CRM.TG_5352_Lead_Creation] [enterTitle] - Entered Job Title in the Table successfully
[INFO ] 2023-01-13 08:52:00.290 [CRM.TG_5352_Lead_Creation] [TG_5318_VerifyLeadIsCreated] - Job Title Entered Successfully
[INFO ] 2023-01-13 08:52:02.295 [CRM.TG_5352_Lead_Creation] [TG_5318_VerifyLeadIsCreated] - Entering Signature
[INFO ] 2023-01-13 08:52:02.301 [CRM.TG_5352_Lead_Creation] [enterSign] - Entering Sign
[INFO ] 2023-01-13 08:52:02.523 [CRM.TG_5352_Lead_Creation] [enterSign] - Sign Entered Successfully
[INFO ] 2023-01-13 08:52:02.523 [CRM.TG_5352_Lead_Creation] [TG_5318_VerifyLeadIsCreated] - Signature Entered Successfully
[INFO ] 2023-01-13 08:52:04.529 [CRM.TG_5352_Lead_Creation] [TG_5318_VerifyLeadIsCreated] - Clicking Save Button in Contract
[INFO ] 2023-01-13 08:52:04.531 [CRM.TG_5352_Lead_Creation] [clickSaveButtonInContract] - Clicking on Save Button
[INFO ] 2023-01-13 08:52:04.619 [CRM.TG_5352_Lead_Creation] [clickSaveButtonInContract] - Save Button clicked successfully
[INFO ] 2023-01-13 08:52:04.619 [CRM.TG_5352_Lead_Creation] [TG_5318_VerifyLeadIsCreated] - Save Button Clicked Successfully
[INFO ] 2023-01-13 08:52:06.625 [CRM.TG_5352_Lead_Creation] [TG_5318_VerifyLeadIsCreated] - Verify Finalize Contract Button
[INFO ] 2023-01-13 08:52:06.629 [CRM.TG_5352_Lead_Creation] [verifyFinalizeButton] - Verify Finalize Button
