[INFO ] 2023-01-19 11:28:23.780 [timesheets.TG_4290_TimesheetCreation] [Tag_EndToEndFlowNewOrderHiring] - Started==Starting End To End Flow NewOrderHiring
[INFO ] 2023-01-19 11:28:27.123 [timesheets.TG_4290_TimesheetCreation] [enterUsername] - Entering new user's first name
[INFO ] 2023-01-19 11:28:27.973 [timesheets.TG_4290_TimesheetCreation] [enterUsername] - User's first name entered successfully
[INFO ] 2023-01-19 11:28:27.974 [timesheets.TG_4290_TimesheetCreation] [enterPassword] - Entering new user's last name
[INFO ] 2023-01-19 11:28:28.200 [timesheets.TG_4290_TimesheetCreation] [enterPassword] - User's last name entered successfully
[INFO ] 2023-01-19 11:28:28.201 [timesheets.TG_4290_TimesheetCreation] [clickLoginButton] - Clicking on Login Button
[INFO ] 2023-01-19 11:28:28.564 [timesheets.TG_4290_TimesheetCreation] [clickLoginButton] - Close Pop Up clicked successfully
[INFO ] 2023-01-19 11:28:28.564 [timesheets.TG_4290_TimesheetCreation] [newOrderHiring] - Clicking on New Order Button
[INFO ] 2023-01-19 11:28:40.186 [timesheets.TG_4290_TimesheetCreation] [newOrderHiring] - New Order Button clicked successfully
[INFO ] 2023-01-19 11:28:40.188 [timesheets.TG_4290_TimesheetCreation] [newOrderHiring] - Entering EstDailyHours
[INFO ] 2023-01-19 11:28:50.153 [timesheets.TG_4290_TimesheetCreation] [newOrderHiring] - EstDailyHours entered successfully
[INFO ] 2023-01-19 11:28:50.155 [timesheets.TG_4290_TimesheetCreation] [newOrderHiring] - Entering StartDate
[INFO ] 2023-01-19 11:28:55.991 [timesheets.TG_4290_TimesheetCreation] [newOrderHiring] - StartDate entered successfully
[INFO ] 2023-01-19 11:28:55.996 [timesheets.TG_4290_TimesheetCreation] [newOrderHiring] - Entering EndDate
[INFO ] 2023-01-19 11:29:07.652 [timesheets.TG_4290_TimesheetCreation] [newOrderHiring] - EndDate entered successfully
[INFO ] 2023-01-19 11:29:07.656 [timesheets.TG_4290_TimesheetCreation] [newOrderHiring] - Entering StartTime
[INFO ] 2023-01-19 11:29:08.759 [timesheets.TG_4290_TimesheetCreation] [newOrderHiring] - StartTime entered successfully
[INFO ] 2023-01-19 11:29:08.760 [timesheets.TG_4290_TimesheetCreation] [newOrderHiring] - Entering Availability
[INFO ] 2023-01-19 11:29:08.981 [timesheets.TG_4290_TimesheetCreation] [newOrderHiring] - Availabilit entered successfully
[INFO ] 2023-01-19 11:29:08.981 [timesheets.TG_4290_TimesheetCreation] [newOrderHiring] - Entering JobSite
[INFO ] 2023-01-19 11:29:15.396 [timesheets.TG_4290_TimesheetCreation] [newOrderHiring] - JobSite entered successfully
[INFO ] 2023-01-19 11:29:15.397 [timesheets.TG_4290_TimesheetCreation] [newOrderHiring] - Entering JobTitle
[INFO ] 2023-01-19 11:29:24.662 [timesheets.TG_4290_TimesheetCreation] [newOrderHiring] - JobTitle entered successfully
[INFO ] 2023-01-19 11:29:24.667 [timesheets.TG_4290_TimesheetCreation] [newOrderHiring] - Entering No Of Workers
[INFO ] 2023-01-19 11:29:29.869 [timesheets.TG_4290_TimesheetCreation] [newOrderHiring] - NoOfWorkers entered successfully
[INFO ] 2023-01-19 11:29:29.872 [timesheets.TG_4290_TimesheetCreation] [newOrderHiring] - Entering ESignature
[INFO ] 2023-01-19 11:29:33.033 [timesheets.TG_4290_TimesheetCreation] [newOrderHiring] - ESignature entered successfully
[INFO ] 2023-01-19 11:29:33.034 [timesheets.TG_4290_TimesheetCreation] [newOrderHiring] - clickAgreeContract
[INFO ] 2023-01-19 11:29:33.309 [timesheets.TG_4290_TimesheetCreation] [newOrderHiring] - clickAgreeContract successfully
[INFO ] 2023-01-19 11:29:33.311 [timesheets.TG_4290_TimesheetCreation] [newOrderHiring] - clickSaveButton
[INFO ] 2023-01-19 11:29:33.529 [timesheets.TG_4290_TimesheetCreation] [newOrderHiring] - SaveButton Clicked successfully
[INFO ] 2023-01-19 11:29:41.966 [timesheets.TG_4290_TimesheetCreation] [newOrderHiring] - Job order link present on the home page clicked
[INFO ] 2023-01-19 11:29:50.158 [timesheets.TG_4290_TimesheetCreation] [newOrderHiring] - Verify Job Order Id and Email Successfully
[INFO ] 2023-01-19 11:30:01.555 [timesheets.TG_4290_TimesheetCreation] [Tag_EndToEndFlowNewOrderHiring] - Started==Starting End To End Flow CreateEmployeeFromStaffing
[INFO ] 2023-01-19 11:30:10.966 [timesheets.TG_4290_TimesheetCreation] [enterUsername] - Entering new user's first name
[INFO ] 2023-01-19 11:30:11.350 [timesheets.TG_4290_TimesheetCreation] [enterUsername] - User's first name entered successfully
[INFO ] 2023-01-19 11:30:11.351 [timesheets.TG_4290_TimesheetCreation] [enterPassword] - Entering new user's last name
[INFO ] 2023-01-19 11:30:11.516 [timesheets.TG_4290_TimesheetCreation] [enterPassword] - User's last name entered successfully
[INFO ] 2023-01-19 11:30:11.517 [timesheets.TG_4290_TimesheetCreation] [clickLoginButton] - Clicking on Login Button
[INFO ] 2023-01-19 11:30:11.659 [timesheets.TG_4290_TimesheetCreation] [clickLoginButton] - Close Pop Up clicked successfully
[INFO ] 2023-01-19 11:30:44.594 [timesheets.TG_4290_TimesheetCreation] [clickAddNewEployeeButton] - Clicking on Add New Employee Button
[INFO ] 2023-01-19 11:30:45.890 [timesheets.TG_4290_TimesheetCreation] [clickAddNewEployeeButton] - Employee button clicked successfully
[INFO ] 2023-01-19 11:30:50.896 [timesheets.TG_4290_TimesheetCreation] [enterCompanyName] - Entering Company Name
[INFO ] 2023-01-19 11:30:51.388 [timesheets.TG_4290_TimesheetCreation] [enterCompanyName] - Company Name entered successfully
[INFO ] 2023-01-19 11:30:53.402 [timesheets.TG_4290_TimesheetCreation] [enterFirstName] - Entering First Name
[INFO ] 2023-01-19 11:30:53.529 [timesheets.TG_4290_TimesheetCreation] [enterFirstName] - First Name entered successfully
[INFO ] 2023-01-19 11:30:55.531 [timesheets.TG_4290_TimesheetCreation] [enterLastName] - Entering Last Name
[INFO ] 2023-01-19 11:30:55.670 [timesheets.TG_4290_TimesheetCreation] [enterLastName] - Last Name entered successfully
[INFO ] 2023-01-19 11:30:57.677 [timesheets.TG_4290_TimesheetCreation] [enterDateOfBirthField] - Entering date of birth
[INFO ] 2023-01-19 11:30:58.920 [timesheets.TG_4290_TimesheetCreation] [enterDateOfBirthField] - Date of birth entered successfully
[INFO ] 2023-01-19 11:31:00.931 [timesheets.TG_4290_TimesheetCreation] [enterEmail] - Entering email
[INFO ] 2023-01-19 11:31:01.160 [timesheets.TG_4290_TimesheetCreation] [enterEmail] - Email entered successfully
[INFO ] 2023-01-19 11:31:03.166 [timesheets.TG_4290_TimesheetCreation] [selectSearchOnMapsCheckbox] - Selecting search on Maps checkbox
[INFO ] 2023-01-19 11:31:05.498 [timesheets.TG_4290_TimesheetCreation] [selectSearchOnMapsCheckbox] - Search on maps checkbox selected
[INFO ] 2023-01-19 11:31:07.507 [timesheets.TG_4290_TimesheetCreation] [enterEmployeeAddressOnMaps] - Etering employee address on maps
[INFO ] 2023-01-19 11:31:08.833 [timesheets.TG_4290_TimesheetCreation] [enterEmployeeAddressOnMaps] - Employee entered successfully
[INFO ] 2023-01-19 11:31:10.841 [timesheets.TG_4290_TimesheetCreation] [clickSaveButton] - Clicking Save button
[INFO ] 2023-01-19 11:31:11.144 [timesheets.TG_4290_TimesheetCreation] [clickSaveButton] - Save button clicked successfully
[INFO ] 2023-01-19 11:31:51.167 [timesheets.TG_4290_TimesheetCreation] [getEmployeeIdFromEmaployeeDetailsPage] - Fetching employee id
[INFO ] 2023-01-19 11:31:51.411 [timesheets.TG_4290_TimesheetCreation] [getEmployeeIdFromEmaployeeDetailsPage] - Employee id fetched successfully
[INFO ] 2023-01-19 11:31:51.665 [timesheets.TG_4290_TimesheetCreation] [Tag_EndToEndFlowNewOrderHiring] - Started==Starting End To End Flow ClaimFromStaffing
[INFO ] 2023-01-19 11:31:51.665 [timesheets.TG_4290_TimesheetCreation] [ClaimOrderForStaffing] - Clicking Job orders menu present on the staffing homepage navigates to joborder listing form 
[INFO ] 2023-01-19 11:32:07.945 [timesheets.TG_4290_TimesheetCreation] [selectParticularJobOrderFromListingStaffing] - Selecting Particular Joborder on the listing
[INFO ] 2023-01-19 11:32:18.145 [timesheets.TG_4290_TimesheetCreation] [selectParticularJobOrderFromListingStaffing] - Particular Joborder on the listing selected successfully
[INFO ] 2023-01-19 11:32:18.147 [timesheets.TG_4290_TimesheetCreation] [ClaimOrderForStaffing] - Clicking on Claim order Button
[INFO ] 2023-01-19 11:32:34.152 [timesheets.TG_4290_TimesheetCreation] [ClaimOrderForStaffing] - Claim order button clicked successfully
[INFO ] 2023-01-19 11:32:34.154 [timesheets.TG_4290_TimesheetCreation] [ClaimOrderForStaffing] - Entering the No. of Employees Claim
[INFO ] 2023-01-19 11:32:39.484 [timesheets.TG_4290_TimesheetCreation] [ClaimOrderForStaffing] - No. of Employees Claim entered successfully
[INFO ] 2023-01-19 11:32:44.493 [timesheets.TG_4290_TimesheetCreation] [ClaimOrderForStaffing] - Entering the E-Signature
[INFO ] 2023-01-19 11:32:46.671 [timesheets.TG_4290_TimesheetCreation] [ClaimOrderForStaffing] - E-Signature entered successfully
[INFO ] 2023-01-19 11:32:46.672 [timesheets.TG_4290_TimesheetCreation] [ClaimOrderForStaffing] - Clicking on Agree to Contract Button
[INFO ] 2023-01-19 11:32:48.825 [timesheets.TG_4290_TimesheetCreation] [ClaimOrderForStaffing] - Agree to Contract Button clicked successfully
[INFO ] 2023-01-19 11:32:48.826 [timesheets.TG_4290_TimesheetCreation] [ClaimOrderForStaffing] - Clicking on Submit Claim Button
[INFO ] 2023-01-19 11:32:56.292 [timesheets.TG_4290_TimesheetCreation] [ClaimOrderForStaffing] - Submit Claim Button clicked successfully
[INFO ] 2023-01-19 11:33:50.136 [timesheets.TG_4290_TimesheetCreation] [Tag_EndToEndFlowNewOrderHiring] - Started==Starting End To End Flow ApproveHiring
[INFO ] 2023-01-19 11:33:58.567 [timesheets.TG_4290_TimesheetCreation] [enterUsername] - Entering new user's first name
[INFO ] 2023-01-19 11:33:58.757 [timesheets.TG_4290_TimesheetCreation] [enterUsername] - User's first name entered successfully
[INFO ] 2023-01-19 11:33:58.757 [timesheets.TG_4290_TimesheetCreation] [enterPassword] - Entering new user's last name
[INFO ] 2023-01-19 11:33:58.919 [timesheets.TG_4290_TimesheetCreation] [enterPassword] - User's last name entered successfully
[INFO ] 2023-01-19 11:33:58.920 [timesheets.TG_4290_TimesheetCreation] [clickLoginButton] - Clicking on Login Button
[INFO ] 2023-01-19 11:33:59.215 [timesheets.TG_4290_TimesheetCreation] [clickLoginButton] - Close Pop Up clicked successfully
[INFO ] 2023-01-19 11:33:59.221 [timesheets.TG_4290_TimesheetCreation] [ApproveClaimFromHiring] - Clicking Order menu present on the staffing homepage
[INFO ] 2023-01-19 11:34:14.559 [timesheets.TG_4290_TimesheetCreation] [ApproveClaimFromHiring] - Order menu present on the staffing hompage clicked successfully.
[INFO ] 2023-01-19 11:34:14.561 [timesheets.TG_4290_TimesheetCreation] [ApproveClaimFromHiring] - Clicking All orders menu present on the staffing homepage
[INFO ] 2023-01-19 11:34:28.914 [timesheets.TG_4290_TimesheetCreation] [ApproveClaimFromHiring] - Clicking on the claim button navigates to claim order form 
[INFO ] 2023-01-19 11:34:32.064 [timesheets.TG_4290_TimesheetCreation] [ApproveClaimFromHiring] - Clicking on the claim button navigates to claim order form successfully
[INFO ] 2023-01-19 11:34:32.066 [timesheets.TG_4290_TimesheetCreation] [ApproveClaimFromHiring] - Clicking the select head count button on the claim order form
[INFO ] 2023-01-19 11:34:33.151 [timesheets.TG_4290_TimesheetCreation] [ApproveClaimFromHiring] - Clicked the select head count button on the claim order form successfully
[INFO ] 2023-01-19 11:34:33.152 [timesheets.TG_4290_TimesheetCreation] [ApproveClaimFromHiring] - Entering Approve count should not be greater than Workerscount
[INFO ] 2023-01-19 11:34:41.937 [timesheets.TG_4290_TimesheetCreation] [ApproveClaimFromHiring] - Approve count is not more than the workers count
[INFO ] 2023-01-19 11:34:41.942 [timesheets.TG_4290_TimesheetCreation] [ApproveClaimFromHiring] - Clicking on modal submit Button
[INFO ] 2023-01-19 11:34:50.113 [timesheets.TG_4290_TimesheetCreation] [ApproveClaimFromHiring] - Modal submit button clicked successfully
[INFO ] 2023-01-19 11:35:02.603 [timesheets.TG_4290_TimesheetCreation] [Tag_EndToEndFlowNewOrderHiring] - Started==Starting End To End Flow AssignEmployee
[INFO ] 2023-01-19 11:35:08.608 [timesheets.TG_4290_TimesheetCreation] [enterUsername] - Entering new user's first name
[INFO ] 2023-01-19 11:35:08.806 [timesheets.TG_4290_TimesheetCreation] [enterUsername] - User's first name entered successfully
[INFO ] 2023-01-19 11:35:08.806 [timesheets.TG_4290_TimesheetCreation] [enterPassword] - Entering new user's last name
[INFO ] 2023-01-19 11:35:08.990 [timesheets.TG_4290_TimesheetCreation] [enterPassword] - User's last name entered successfully
[INFO ] 2023-01-19 11:35:08.991 [timesheets.TG_4290_TimesheetCreation] [clickLoginButton] - Clicking on Login Button
[INFO ] 2023-01-19 11:35:09.131 [timesheets.TG_4290_TimesheetCreation] [clickLoginButton] - Close Pop Up clicked successfully
[INFO ] 2023-01-19 11:35:09.132 [timesheets.TG_4290_TimesheetCreation] [AssignEmployee] - Clicking Order menu present on the staffing homepage
[INFO ] 2023-01-19 11:35:23.228 [timesheets.TG_4290_TimesheetCreation] [AssignEmployee] - Order menu present on the staffing hompage clicked successfully.
[INFO ] 2023-01-19 11:35:23.233 [timesheets.TG_4290_TimesheetCreation] [AssignEmployee] - Clicking All orders menu present on the staffing homepage
[INFO ] 2023-01-19 11:35:27.126 [timesheets.TG_4290_TimesheetCreation] [AssignEmployee] - All orders menu present on the staffing hompage clicked successfully.
[INFO ] 2023-01-19 11:35:34.134 [timesheets.TG_4290_TimesheetCreation] [selectParticularJobOrderFromListingStaffing] - Selecting Particular Joborder on the listing
[INFO ] 2023-01-19 11:35:44.323 [timesheets.TG_4290_TimesheetCreation] [selectParticularJobOrderFromListingStaffing] - Particular Joborder on the listing selected successfully
[INFO ] 2023-01-19 11:35:44.324 [timesheets.TG_4290_TimesheetCreation] [AssignEmployee] - Clicking Assign employees under the related section
