[INFO ] 2023-02-26 20:48:15.884 [CRM.TG_5352_Lead_Creation] [TG_5303_VerifyNewLeadFormIsOpened] - Logging in
[INFO ] 2023-02-26 20:48:20.661 [CRM.TG_5352_Lead_Creation] [TG_5303_VerifyNewLeadFormIsOpened] - Entering Username
[INFO ] 2023-02-26 20:48:20.665 [CRM.TG_5352_Lead_Creation] [enterUsername] - Entering new user's first name
[INFO ] 2023-02-26 20:48:22.815 [CRM.TG_5352_Lead_Creation] [enterUsername] - User's first name entered successfully
[INFO ] 2023-02-26 20:48:22.817 [CRM.TG_5352_Lead_Creation] [TG_5303_VerifyNewLeadFormIsOpened] - Username Entered Successfully
[INFO ] 2023-02-26 20:48:22.818 [CRM.TG_5352_Lead_Creation] [TG_5303_VerifyNewLeadFormIsOpened] - Entering Password
[INFO ] 2023-02-26 20:48:22.818 [CRM.TG_5352_Lead_Creation] [enterPassword] - Entering new user's last name
[INFO ] 2023-02-26 20:48:23.073 [CRM.TG_5352_Lead_Creation] [enterPassword] - User's last name entered successfully
[INFO ] 2023-02-26 20:48:23.074 [CRM.TG_5352_Lead_Creation] [TG_5303_VerifyNewLeadFormIsOpened] - Password Entered Successfully
[INFO ] 2023-02-26 20:48:23.074 [CRM.TG_5352_Lead_Creation] [TG_5303_VerifyNewLeadFormIsOpened] - Clicking on Login Button
[INFO ] 2023-02-26 20:48:23.074 [CRM.TG_5352_Lead_Creation] [clickLoginButton] - Clicking on Login Button
[INFO ] 2023-02-26 20:48:23.633 [CRM.TG_5352_Lead_Creation] [clickLoginButton] - Close Pop Up clicked successfully
[INFO ] 2023-02-26 20:48:23.641 [CRM.TG_5352_Lead_Creation] [TG_5303_VerifyNewLeadFormIsOpened] - Verifying CRM Icon
[INFO ] 2023-02-26 20:48:23.641 [CRM.TG_5352_Lead_Creation] [verifyCRMTextOnHomepage] - Check for CRM Icon on Homepage
[INFO ] 2023-02-26 20:48:44.575 [CRM.TG_5352_Lead_Creation] [verifyCRMTextOnHomepage] - CRM Icon displayed successfully
[INFO ] 2023-02-26 20:48:44.586 [CRM.TG_5352_Lead_Creation] [TG_5303_VerifyNewLeadFormIsOpened] - Clicking on CRM Icon
[INFO ] 2023-02-26 20:48:44.586 [CRM.TG_5352_Lead_Creation] [clickCRMIcon] - Clicking on CRM Button
[INFO ] 2023-02-26 20:48:45.026 [CRM.TG_5352_Lead_Creation] [clickCRMIcon] - CRM Button clicked successfully
[INFO ] 2023-02-26 20:48:45.026 [CRM.TG_5352_Lead_Creation] [TG_5303_VerifyNewLeadFormIsOpened] - CRM Icon Clicked Successfully
[INFO ] 2023-02-26 20:48:47.032 [CRM.TG_5352_Lead_Creation] [TG_5303_VerifyNewLeadFormIsOpened] - Clicking on Lead Icon
[INFO ] 2023-02-26 20:48:47.035 [CRM.TG_5352_Lead_Creation] [clickLeadIcon] - Clicking on Lead Button
[INFO ] 2023-02-26 20:48:49.509 [CRM.TG_5352_Lead_Creation] [clickLeadIcon] - Lead Button clicked successfully
[INFO ] 2023-02-26 20:48:49.510 [CRM.TG_5352_Lead_Creation] [TG_5303_VerifyNewLeadFormIsOpened] - Lead Icon Clicked Successfully
[INFO ] 2023-02-26 20:48:51.515 [CRM.TG_5352_Lead_Creation] [TG_5303_VerifyNewLeadFormIsOpened] - Verify Listing Form
[INFO ] 2023-02-26 20:48:51.516 [CRM.TG_5352_Lead_Creation] [verifyLeadListingForm] - Check for Lead Title
[INFO ] 2023-02-26 20:48:51.757 [CRM.TG_5352_Lead_Creation] [verifyLeadListingForm] - Lead Title displayed successfully
[INFO ] 2023-02-26 20:48:51.757 [CRM.TG_5352_Lead_Creation] [TG_5303_VerifyNewLeadFormIsOpened] - Listing Form verified successfully
[INFO ] 2023-02-26 20:48:53.762 [CRM.TG_5352_Lead_Creation] [TG_5303_VerifyNewLeadFormIsOpened] - Clicking on Add Lead Button
[INFO ] 2023-02-26 20:48:53.764 [CRM.TG_5352_Lead_Creation] [clickAddLeadButton] - Clicking on Lead Button
[INFO ] 2023-02-26 20:48:54.802 [CRM.TG_5352_Lead_Creation] [clickAddLeadButton] - Add Lead Button clicked successfully
[INFO ] 2023-02-26 20:48:54.802 [CRM.TG_5352_Lead_Creation] [TG_5303_VerifyNewLeadFormIsOpened] - Add Lead Button Clicked Successfully
[INFO ] 2023-02-26 20:48:56.810 [CRM.TG_5352_Lead_Creation] [TG_5303_VerifyNewLeadFormIsOpened] - Verifying the Lead Form Title
[INFO ] 2023-02-26 20:48:56.814 [CRM.TG_5352_Lead_Creation] [verifyLeadForm] - Check for New Lead Form
[INFO ] 2023-02-26 20:48:56.915 [CRM.TG_5352_Lead_Creation] [verifyLeadForm] - New Lead Form displayed successfully
[INFO ] 2023-02-26 20:48:56.915 [CRM.TG_5352_Lead_Creation] [TG_5303_VerifyNewLeadFormIsOpened] - Lead Form Title is Verified Successfully
[INFO ] 2023-02-26 20:48:56.996 [CRM.TG_5352_Lead_Creation] [TG_5318_VerifyLeadIsCreated] - Verifying Mandatory Fields
[INFO ] 2023-02-26 20:48:56.997 [CRM.TG_5352_Lead_Creation] [clickSaveButton] - Clicking on Save Button
[INFO ] 2023-02-26 20:48:57.492 [CRM.TG_5352_Lead_Creation] [clickSaveButton] - Save Button clicked successfully
[INFO ] 2023-02-26 20:48:59.496 [CRM.TG_5352_Lead_Creation] [verifyMandatoryFieldIsBlank] - Verifying the Mandatory Field Pop-Up Title
[INFO ] 2023-02-26 20:48:59.597 [CRM.TG_5352_Lead_Creation] [verifyMandatoryFieldIsBlank] - Mandatory Field Pop-Up Title displayed Successfully
[INFO ] 2023-02-26 20:49:01.602 [CRM.TG_5352_Lead_Creation] [TG_5318_VerifyLeadIsCreated] - Closing the Pop-up
[INFO ] 2023-02-26 20:49:01.604 [CRM.TG_5352_Lead_Creation] [closeBlankMandatoryFieldDialogBox] - Clicking on Close Pop-Up Icon
[INFO ] 2023-02-26 20:49:01.786 [CRM.TG_5352_Lead_Creation] [closeBlankMandatoryFieldDialogBox] - Close Pop-Up Icon Clicked Successfully
[INFO ] 2023-02-26 20:49:01.786 [CRM.TG_5352_Lead_Creation] [TG_5318_VerifyLeadIsCreated] - Pop-up closed Successfully
[INFO ] 2023-02-26 20:49:03.789 [CRM.TG_5352_Lead_Creation] [TG_5318_VerifyLeadIsCreated] - Entering First Name
[INFO ] 2023-02-26 20:49:03.791 [CRM.TG_5352_Lead_Creation] [enterFirstName] - Entering First Name
[INFO ] 2023-02-26 20:49:04.084 [CRM.TG_5352_Lead_Creation] [enterFirstName] - First Name Entered Successfully
[INFO ] 2023-02-26 20:49:04.084 [CRM.TG_5352_Lead_Creation] [TG_5318_VerifyLeadIsCreated] - First Name Entered Successfully
[INFO ] 2023-02-26 20:49:04.085 [CRM.TG_5352_Lead_Creation] [TG_5318_VerifyLeadIsCreated] - Entering Last Name
[INFO ] 2023-02-26 20:49:04.085 [CRM.TG_5352_Lead_Creation] [enterLastName] - Entering Last Name
[INFO ] 2023-02-26 20:49:04.207 [CRM.TG_5352_Lead_Creation] [enterLastName] - Last Name Entered Successfully
[INFO ] 2023-02-26 20:49:04.207 [CRM.TG_5352_Lead_Creation] [TG_5318_VerifyLeadIsCreated] - Last Name Entered Successfully
[INFO ] 2023-02-26 20:49:04.207 [CRM.TG_5352_Lead_Creation] [TG_5318_VerifyLeadIsCreated] - Entering Company Name
[INFO ] 2023-02-26 20:49:04.208 [CRM.TG_5352_Lead_Creation] [enterCompanyName] - Entering Company Name
[INFO ] 2023-02-26 20:49:04.404 [CRM.TG_5352_Lead_Creation] [enterCompanyName] - Company Name Entered Successfully
[INFO ] 2023-02-26 20:49:04.404 [CRM.TG_5352_Lead_Creation] [TG_5318_VerifyLeadIsCreated] - Company Name Entered Successfully
[INFO ] 2023-02-26 20:49:04.405 [CRM.TG_5352_Lead_Creation] [TG_5318_VerifyLeadIsCreated] - Entering Email
[INFO ] 2023-02-26 20:49:04.405 [CRM.TG_5352_Lead_Creation] [enterEmail] - Entering Email
[INFO ] 2023-02-26 20:49:04.732 [CRM.TG_5352_Lead_Creation] [enterEmail] - Email Entered Successfully
[INFO ] 2023-02-26 20:49:04.732 [CRM.TG_5352_Lead_Creation] [TG_5318_VerifyLeadIsCreated] - Email Entered Successfully
[INFO ] 2023-02-26 20:49:06.738 [CRM.TG_5352_Lead_Creation] [TG_5318_VerifyLeadIsCreated] - Entering Phone Number
[INFO ] 2023-02-26 20:49:06.742 [CRM.TG_5352_Lead_Creation] [enterPhoneNumber] - Entering Phone Number
[INFO ] 2023-02-26 20:49:06.871 [CRM.TG_5352_Lead_Creation] [enterPhoneNumber] - Phone Number Entered Successfully
[INFO ] 2023-02-26 20:49:06.872 [CRM.TG_5352_Lead_Creation] [TG_5318_VerifyLeadIsCreated] - Phone Number Entered Successfully
[INFO ] 2023-02-26 20:49:08.878 [CRM.TG_5352_Lead_Creation] [TG_5318_VerifyLeadIsCreated] - Entering Employee Address
[INFO ] 2023-02-26 20:49:08.880 [CRM.TG_5352_Lead_Creation] [enterEmployeeAddressOnMaps] - Etering employee address on maps
[INFO ] 2023-02-26 20:49:10.154 [CRM.TG_5352_Lead_Creation] [enterEmployeeAddressOnMaps] - Employee entered successfully
[INFO ] 2023-02-26 20:49:10.155 [CRM.TG_5352_Lead_Creation] [TG_5318_VerifyLeadIsCreated] - Employee Address Entered Successfull
[INFO ] 2023-02-26 20:49:12.160 [CRM.TG_5352_Lead_Creation] [TG_5318_VerifyLeadIsCreated] - Clicking on Save Button
[INFO ] 2023-02-26 20:49:12.162 [CRM.TG_5352_Lead_Creation] [clickSaveButton] - Clicking on Save Button
[INFO ] 2023-02-26 20:49:12.303 [CRM.TG_5352_Lead_Creation] [clickSaveButton] - Save Button clicked successfully
[INFO ] 2023-02-26 20:49:12.304 [CRM.TG_5352_Lead_Creation] [TG_5318_VerifyLeadIsCreated] - Save Button Clicked Successfully
[INFO ] 2023-02-26 20:49:15.310 [CRM.TG_5352_Lead_Creation] [TG_5318_VerifyLeadIsCreated] - Verify the LEAD Status
[INFO ] 2023-02-26 20:49:15.320 [CRM.TG_5352_Lead_Creation] [verifyLeadStatus] - Check for Status as Lead
[INFO ] 2023-02-26 20:49:15.409 [CRM.TG_5352_Lead_Creation] [verifyLeadStatus] - Status verified as Lead successfully
[INFO ] 2023-02-26 20:49:15.409 [CRM.TG_5352_Lead_Creation] [TG_5318_VerifyLeadIsCreated] - LEAD Status verified Successfully
[INFO ] 2023-02-26 20:49:17.415 [CRM.TG_5352_Lead_Creation] [TG_5318_VerifyLeadIsCreated] - Clicking Lead Link for Listing form
[INFO ] 2023-02-26 20:49:17.416 [CRM.TG_5352_Lead_Creation] [clickLeadLinkforListingForm] - Click on Lead for Listing form
[INFO ] 2023-02-26 20:49:17.729 [CRM.TG_5352_Lead_Creation] [clickLeadLinkforListingForm] - Lead for Listing form clicked Successfully
[INFO ] 2023-02-26 20:49:17.730 [CRM.TG_5352_Lead_Creation] [TG_5318_VerifyLeadIsCreated] - Lead Link for Listing form clicked Successfully
[INFO ] 2023-02-26 20:49:17.730 [CRM.TG_5352_Lead_Creation] [TG_5318_VerifyLeadIsCreated] - Verify Lead created Successfully or not
[INFO ] 2023-02-26 20:49:17.730 [CRM.TG_5352_Lead_Creation] [verifyCreatedLead] - Check for Created Lead
[INFO ] 2023-02-26 20:49:17.899 [CRM.TG_5352_Lead_Creation] [verifyCreatedLead] - Created Lead displayed successfully
[INFO ] 2023-02-26 20:49:17.899 [CRM.TG_5352_Lead_Creation] [TG_5318_VerifyLeadIsCreated] - Lead Created Successfully 
[INFO ] 2023-02-26 20:49:19.904 [CRM.TG_5352_Lead_Creation] [TG_5318_VerifyLeadIsCreated] - Clicking Created Lead from Listing form
[INFO ] 2023-02-26 20:49:19.905 [CRM.TG_5352_Lead_Creation] [clickCreatedLead] - Clicking on Created Lead
[INFO ] 2023-02-26 20:49:20.380 [CRM.TG_5352_Lead_Creation] [clickCreatedLead] - Created Lead clicked successfully
[INFO ] 2023-02-26 20:49:20.381 [CRM.TG_5352_Lead_Creation] [TG_5318_VerifyLeadIsCreated] - Created Lead Clicked Successfully
[INFO ] 2023-02-26 20:49:22.387 [CRM.TG_5352_Lead_Creation] [TG_5318_VerifyLeadIsCreated] - Selecting the Open Lead Status
[INFO ] 2023-02-26 20:49:22.387 [CRM.TG_5352_Lead_Creation] [clickLeadStatusOpen] - Clicking on Status dropdown
[INFO ] 2023-02-26 20:49:22.549 [CRM.TG_5352_Lead_Creation] [clickLeadStatusOpen] - Open Status entered successfully
[INFO ] 2023-02-26 20:49:22.550 [CRM.TG_5352_Lead_Creation] [TG_5318_VerifyLeadIsCreated] - Open Lead Status Selected Successfully
[INFO ] 2023-02-26 20:49:24.555 [CRM.TG_5352_Lead_Creation] [TG_5318_VerifyLeadIsCreated] - Clicking Notes Tab
[INFO ] 2023-02-26 20:49:24.557 [CRM.TG_5352_Lead_Creation] [clickNotesTab] - Clicking on Notes Tab
[INFO ] 2023-02-26 20:49:24.772 [CRM.TG_5352_Lead_Creation] [clickNotesTab] - Notes Tab clicked successfully
[INFO ] 2023-02-26 20:49:24.773 [CRM.TG_5352_Lead_Creation] [TG_5318_VerifyLeadIsCreated] - Notes Tab Clicked Successfully
[INFO ] 2023-02-26 20:49:26.776 [CRM.TG_5352_Lead_Creation] [TG_5318_VerifyLeadIsCreated] - Entering Notes
[INFO ] 2023-02-26 20:49:26.781 [CRM.TG_5352_Lead_Creation] [enterNotes] - Entering Note
[INFO ] 2023-02-26 20:49:27.192 [CRM.TG_5352_Lead_Creation] [enterNotes] - Note Entered Successfully
[INFO ] 2023-02-26 20:49:27.192 [CRM.TG_5352_Lead_Creation] [TG_5318_VerifyLeadIsCreated] - Notes Entered Successfully
[INFO ] 2023-02-26 20:49:29.197 [CRM.TG_5352_Lead_Creation] [TG_5318_VerifyLeadIsCreated] - Clicking Overview Tab
[INFO ] 2023-02-26 20:49:29.198 [CRM.TG_5352_Lead_Creation] [clickOverviewTab] - Clicking on Notes Tab
[INFO ] 2023-02-26 20:49:29.341 [CRM.TG_5352_Lead_Creation] [clickOverviewTab] - Notes Tab clicked successfully
[INFO ] 2023-02-26 20:49:29.341 [CRM.TG_5352_Lead_Creation] [TG_5318_VerifyLeadIsCreated] - Overview Tab Clicked Successfully
[INFO ] 2023-02-26 20:49:31.347 [CRM.TG_5352_Lead_Creation] [TG_5318_VerifyLeadIsCreated] - Selecting the Contract Negotiation Lead Status
[INFO ] 2023-02-26 20:49:31.348 [CRM.TG_5352_Lead_Creation] [clickLeadStatusContractNegotiation] - Clicking on Status dropdown
[INFO ] 2023-02-26 20:49:31.445 [CRM.TG_5352_Lead_Creation] [clickLeadStatusContractNegotiation] - Contract Negotiation Status entered successfully
[INFO ] 2023-02-26 20:49:31.446 [CRM.TG_5352_Lead_Creation] [TG_5318_VerifyLeadIsCreated] - Contract Negotiation Lead Status Selected Successfully
[INFO ] 2023-02-26 20:49:33.452 [CRM.TG_5352_Lead_Creation] [TG_5318_VerifyLeadIsCreated] - Clicking Save Button
[INFO ] 2023-02-26 20:49:33.454 [CRM.TG_5352_Lead_Creation] [clickSaveButton] - Clicking on Save Button
[INFO ] 2023-02-26 20:49:33.761 [CRM.TG_5352_Lead_Creation] [clickSaveButton] - Save Button clicked successfully
[INFO ] 2023-02-26 20:49:33.761 [CRM.TG_5352_Lead_Creation] [TG_5318_VerifyLeadIsCreated] - Save Button Clicked Successfully
[INFO ] 2023-02-26 20:49:35.768 [CRM.TG_5352_Lead_Creation] [TG_5318_VerifyLeadIsCreated] - Verify Prepare Contract Button
[INFO ] 2023-02-26 20:49:35.773 [CRM.TG_5352_Lead_Creation] [verifyPrepareContractButton] - Verify Prepare Contract Button
[INFO ] 2023-02-26 20:49:35.978 [CRM.TG_5352_Lead_Creation] [verifyPrepareContractButton] - Prepare Contract Button displayed successfully
[INFO ] 2023-02-26 20:49:35.979 [CRM.TG_5352_Lead_Creation] [TG_5318_VerifyLeadIsCreated] - Prepare Contract Button Verified Successfully
[INFO ] 2023-02-26 20:49:35.979 [CRM.TG_5352_Lead_Creation] [TG_5318_VerifyLeadIsCreated] - Click Prepare Contract Button
[INFO ] 2023-02-26 20:49:35.979 [CRM.TG_5352_Lead_Creation] [clickPrepareContractButton] - Clicking on Prepare Contract Button
[INFO ] 2023-02-26 20:49:36.050 [CRM.TG_5352_Lead_Creation] [clickPrepareContractButton] - Prepare Contract Button clicked successfully
[INFO ] 2023-02-26 20:49:36.050 [CRM.TG_5352_Lead_Creation] [TG_5318_VerifyLeadIsCreated] - Prepare Contract Button Clicked Successfully
[INFO ] 2023-02-26 20:49:38.056 [CRM.TG_5352_Lead_Creation] [TG_5318_VerifyLeadIsCreated] - Verify Contract Form
[INFO ] 2023-02-26 20:49:38.058 [CRM.TG_5352_Lead_Creation] [verifyContractForm] - Check for New Contract Form
[INFO ] 2023-02-26 20:49:38.132 [CRM.TG_5352_Lead_Creation] [verifyContractForm] - New Contract Form displayed successfully
[INFO ] 2023-02-26 20:49:38.132 [CRM.TG_5352_Lead_Creation] [TG_5318_VerifyLeadIsCreated] - New Contract Form verified Successfully
[INFO ] 2023-02-26 20:49:38.132 [CRM.TG_5352_Lead_Creation] [TG_5318_VerifyLeadIsCreated] - Entering Start Date
[INFO ] 2023-02-26 20:49:38.133 [CRM.TG_5352_Lead_Creation] [enterStartDate] - Entering the Start Date 
[INFO ] 2023-02-26 20:49:43.441 [CRM.TG_5352_Lead_Creation] [enterStartDate] - Start Date Entered Successfully
[INFO ] 2023-02-26 20:49:43.447 [CRM.TG_5352_Lead_Creation] [TG_5318_VerifyLeadIsCreated] - Start Date Entered Successfully
[INFO ] 2023-02-26 20:49:45.451 [CRM.TG_5352_Lead_Creation] [TG_5318_VerifyLeadIsCreated] - Entering End Date
[INFO ] 2023-02-26 20:49:45.458 [CRM.TG_5352_Lead_Creation] [enterEndDate] - Entering the End Date
[INFO ] 2023-02-26 20:49:50.756 [CRM.TG_5352_Lead_Creation] [enterEndDate] - End Date Entered Successfully
[INFO ] 2023-02-26 20:49:50.763 [CRM.TG_5352_Lead_Creation] [TG_5318_VerifyLeadIsCreated] - End Date Entered Successfully
[INFO ] 2023-02-26 20:49:52.765 [CRM.TG_5352_Lead_Creation] [TG_5318_VerifyLeadIsCreated] - Clicking Add Row Button
[INFO ] 2023-02-26 20:49:52.767 [CRM.TG_5352_Lead_Creation] [clickAddRowButton] - Clicking on Add Row Button
[INFO ] 2023-02-26 20:49:53.119 [CRM.TG_5352_Lead_Creation] [clickAddRowButton] - Add Row Button clicked successfully
[INFO ] 2023-02-26 20:49:53.120 [CRM.TG_5352_Lead_Creation] [TG_5318_VerifyLeadIsCreated] - Add Row Button Clicked Successfully
[INFO ] 2023-02-26 20:49:55.126 [CRM.TG_5352_Lead_Creation] [TG_5318_VerifyLeadIsCreated] - Clicking Job Title
[INFO ] 2023-02-26 20:49:55.126 [CRM.TG_5352_Lead_Creation] [clickJobTitleInTable] - Entering Job Title List in the Table
[INFO ] 2023-02-26 20:49:55.269 [CRM.TG_5352_Lead_Creation] [clickJobTitleInTable] - Clicked Job Title in the Table successfully
[INFO ] 2023-02-26 20:49:55.269 [CRM.TG_5352_Lead_Creation] [TG_5318_VerifyLeadIsCreated] - Job Title Clicked Successfully
[INFO ] 2023-02-26 20:49:57.275 [CRM.TG_5352_Lead_Creation] [TG_5318_VerifyLeadIsCreated] - Entering Job Title
[INFO ] 2023-02-26 20:49:57.276 [CRM.TG_5352_Lead_Creation] [enterTitle] - Enter Title
[INFO ] 2023-02-26 20:50:01.006 [CRM.TG_5352_Lead_Creation] [enterTitle] - Entered Job Title in the Table successfully
[INFO ] 2023-02-26 20:50:01.007 [CRM.TG_5352_Lead_Creation] [TG_5318_VerifyLeadIsCreated] - Job Title Entered Successfully
[INFO ] 2023-02-26 20:50:03.013 [CRM.TG_5352_Lead_Creation] [TG_5318_VerifyLeadIsCreated] - Entering Signature
[INFO ] 2023-02-26 20:50:03.013 [CRM.TG_5352_Lead_Creation] [enterSign] - Entering Sign
[INFO ] 2023-02-26 20:50:03.200 [CRM.TG_5352_Lead_Creation] [enterSign] - Sign Entered Successfully
[INFO ] 2023-02-26 20:50:03.200 [CRM.TG_5352_Lead_Creation] [TG_5318_VerifyLeadIsCreated] - Signature Entered Successfully
[INFO ] 2023-02-26 20:50:05.207 [CRM.TG_5352_Lead_Creation] [TG_5318_VerifyLeadIsCreated] - Clicking Save Button in Contract
[INFO ] 2023-02-26 20:50:05.209 [CRM.TG_5352_Lead_Creation] [clickSaveButtonInContract] - Clicking on Save Button
[INFO ] 2023-02-26 20:50:05.338 [CRM.TG_5352_Lead_Creation] [clickSaveButtonInContract] - Save Button clicked successfully
[INFO ] 2023-02-26 20:50:05.338 [CRM.TG_5352_Lead_Creation] [TG_5318_VerifyLeadIsCreated] - Save Button Clicked Successfully
[INFO ] 2023-02-26 20:50:07.345 [CRM.TG_5352_Lead_Creation] [TG_5318_VerifyLeadIsCreated] - Verify Finalize Contract Button
[INFO ] 2023-02-26 20:50:07.349 [CRM.TG_5352_Lead_Creation] [verifyFinalizeButton] - Verify Finalize Button
