[INFO ] 2023-03-17 01:47:08.715 [CRM.TG_5353_Contact_Creation] [TG_5322_VerifyContactCreationForm] - Logging in
[INFO ] 2023-03-17 01:47:11.746 [CRM.TG_5353_Contact_Creation] [TG_5322_VerifyContactCreationForm] - Entering Username
[INFO ] 2023-03-17 01:47:11.747 [CRM.TG_5353_Contact_Creation] [enterUsername] - Entering new user's first name
[INFO ] 2023-03-17 01:47:13.690 [CRM.TG_5353_Contact_Creation] [enterUsername] - User's first name entered successfully
[INFO ] 2023-03-17 01:47:13.690 [CRM.TG_5353_Contact_Creation] [TG_5322_VerifyContactCreationForm] - Username Entered Successfully
[INFO ] 2023-03-17 01:47:13.691 [CRM.TG_5353_Contact_Creation] [TG_5322_VerifyContactCreationForm] - Entering Password
[INFO ] 2023-03-17 01:47:13.691 [CRM.TG_5353_Contact_Creation] [enterPassword] - Entering new user's last name
[INFO ] 2023-03-17 01:47:13.873 [CRM.TG_5353_Contact_Creation] [enterPassword] - User's last name entered successfully
[INFO ] 2023-03-17 01:47:13.874 [CRM.TG_5353_Contact_Creation] [TG_5322_VerifyContactCreationForm] - Password Entered Successfully
[INFO ] 2023-03-17 01:47:13.874 [CRM.TG_5353_Contact_Creation] [TG_5322_VerifyContactCreationForm] - Clicking on Login Button
[INFO ] 2023-03-17 01:47:13.874 [CRM.TG_5353_Contact_Creation] [clickLoginButton] - Clicking on Login Button
[INFO ] 2023-03-17 01:47:14.389 [CRM.TG_5353_Contact_Creation] [clickLoginButton] - Close Pop Up clicked successfully
[INFO ] 2023-03-17 01:47:14.404 [CRM.TG_5353_Contact_Creation] [TG_5322_VerifyContactCreationForm] - Verifying CRM Icon
[INFO ] 2023-03-17 01:47:14.404 [CRM.TG_5353_Contact_Creation] [verifyCRMTextOnHomepage] - Check for CRM Icon on Homepage
[INFO ] 2023-03-17 01:47:29.851 [CRM.TG_5353_Contact_Creation] [verifyCRMTextOnHomepage] - CRM Icon displayed successfully
[INFO ] 2023-03-17 01:47:29.856 [CRM.TG_5353_Contact_Creation] [TG_5322_VerifyContactCreationForm] - CRM Icon Clicked Successfully
[INFO ] 2023-03-17 01:47:29.856 [CRM.TG_5353_Contact_Creation] [TG_5322_VerifyContactCreationForm] - Clicking on CRM Icon
[INFO ] 2023-03-17 01:47:29.856 [CRM.TG_5353_Contact_Creation] [clickCRMIcon] - Clicking on CRM Button
[INFO ] 2023-03-17 01:47:30.135 [CRM.TG_5353_Contact_Creation] [clickCRMIcon] - CRM Button clicked successfully
[INFO ] 2023-03-17 01:47:30.136 [CRM.TG_5353_Contact_Creation] [TG_5322_VerifyContactCreationForm] - CRM Icon Clicked Successfully
[INFO ] 2023-03-17 01:47:32.143 [CRM.TG_5353_Contact_Creation] [TG_5322_VerifyContactCreationForm] - Clicking on Contact Icon
[INFO ] 2023-03-17 01:47:32.144 [CRM.TG_5353_Contact_Creation] [clickContactIcon] - Clicking on Contact Button
[INFO ] 2023-03-17 01:47:33.529 [CRM.TG_5353_Contact_Creation] [clickContactIcon] - Contact Button clicked successfully
[INFO ] 2023-03-17 01:47:33.530 [CRM.TG_5353_Contact_Creation] [TG_5322_VerifyContactCreationForm] - Contact Icon Clicked Successfully
[INFO ] 2023-03-17 01:47:35.536 [CRM.TG_5353_Contact_Creation] [TG_5322_VerifyContactCreationForm] - Verify Listing Form
[INFO ] 2023-03-17 01:47:35.536 [CRM.TG_5353_Contact_Creation] [verifyContactListingForm] - Check for Contact Title
[INFO ] 2023-03-17 01:47:36.562 [CRM.TG_5353_Contact_Creation] [verifyContactListingForm] - Contact Title displayed successfully
[INFO ] 2023-03-17 01:47:36.563 [CRM.TG_5353_Contact_Creation] [TG_5322_VerifyContactCreationForm] - Listing Form verified successfully
[INFO ] 2023-03-17 01:47:38.569 [CRM.TG_5353_Contact_Creation] [TG_5322_VerifyContactCreationForm] - Clicking on Add Contact Button
[INFO ] 2023-03-17 01:47:38.571 [CRM.TG_5353_Contact_Creation] [clickAddContactButton] - Clicking on Contact Button
[INFO ] 2023-03-17 01:47:39.792 [CRM.TG_5353_Contact_Creation] [clickAddContactButton] - Add Contact Button clicked successfully
[INFO ] 2023-03-17 01:47:39.793 [CRM.TG_5353_Contact_Creation] [TG_5322_VerifyContactCreationForm] - Add Contact Button Clicked Successfully
[INFO ] 2023-03-17 01:47:41.801 [CRM.TG_5353_Contact_Creation] [TG_5322_VerifyContactCreationForm] - Verifying the Contact Form Title
[INFO ] 2023-03-17 01:47:41.804 [CRM.TG_5353_Contact_Creation] [verifyContactForm] - Check for New Contact Form
[INFO ] 2023-03-17 01:47:41.920 [CRM.TG_5353_Contact_Creation] [verifyContactForm] - New Contact Form displayed successfully
[INFO ] 2023-03-17 01:47:41.922 [CRM.TG_5353_Contact_Creation] [TG_5322_VerifyContactCreationForm] - Contact Form Title is Verified Successfully
[INFO ] 2023-03-17 01:47:41.998 [CRM.TG_5353_Contact_Creation] [TG_5326_VerifyCreatedContactOnListingForm] - Verify Mandatory Fields and Creation of Contact
[INFO ] 2023-03-17 01:47:41.998 [CRM.TG_5353_Contact_Creation] [clickSaveButton] - Clicking on Contact Button
[INFO ] 2023-03-17 01:47:42.395 [CRM.TG_5353_Contact_Creation] [clickSaveButton] - Add Contact Button clicked successfully
[INFO ] 2023-03-17 01:47:44.403 [CRM.TG_5353_Contact_Creation] [verifyMandatoryFieldIsBlank] - Verifying the Mandatory Field Pop-Up Title
[INFO ] 2023-03-17 01:47:44.555 [CRM.TG_5353_Contact_Creation] [verifyMandatoryFieldIsBlank] - Mandatory Field Pop-Up Title displayed Successfully
[INFO ] 2023-03-17 01:47:46.563 [CRM.TG_5353_Contact_Creation] [TG_5326_VerifyCreatedContactOnListingForm] - Closing the Pop-up
[INFO ] 2023-03-17 01:47:46.566 [CRM.TG_5353_Contact_Creation] [closeBlankMandatoryFieldDialogBox] - Clicking on Close Pop-Up Icon
[INFO ] 2023-03-17 01:47:46.845 [CRM.TG_5353_Contact_Creation] [closeBlankMandatoryFieldDialogBox] - Close Pop-Up Icon Clicked Successfully
[INFO ] 2023-03-17 01:47:46.845 [CRM.TG_5353_Contact_Creation] [TG_5326_VerifyCreatedContactOnListingForm] - Pop-up closed Successfully
[INFO ] 2023-03-17 01:47:48.855 [CRM.TG_5353_Contact_Creation] [TG_5326_VerifyCreatedContactOnListingForm] - Closing the Pop-up
[INFO ] 2023-03-17 01:47:48.865 [CRM.TG_5353_Contact_Creation] [TG_5326_VerifyCreatedContactOnListingForm] - Entering Contact Name
[INFO ] 2023-03-17 01:47:48.866 [CRM.TG_5353_Contact_Creation] [enterContactName] - Entering Contact Name
[INFO ] 2023-03-17 01:47:49.081 [CRM.TG_5353_Contact_Creation] [enterContactName] - Contact Name Entered Successfully
[INFO ] 2023-03-17 01:47:49.082 [CRM.TG_5353_Contact_Creation] [TG_5326_VerifyCreatedContactOnListingForm] - Contact Name Entered Succesfully
[INFO ] 2023-03-17 01:47:51.097 [CRM.TG_5353_Contact_Creation] [TG_5326_VerifyCreatedContactOnListingForm] - Entering Email
[INFO ] 2023-03-17 01:47:51.100 [CRM.TG_5353_Contact_Creation] [enterEmail] - Entering Email
[INFO ] 2023-03-17 01:47:51.312 [CRM.TG_5353_Contact_Creation] [enterEmail] - Email Entered Successfully
[INFO ] 2023-03-17 01:47:51.312 [CRM.TG_5353_Contact_Creation] [TG_5326_VerifyCreatedContactOnListingForm] - Email Entered Successfully
[INFO ] 2023-03-17 01:47:53.318 [CRM.TG_5353_Contact_Creation] [TG_5326_VerifyCreatedContactOnListingForm] - Entering Phone Number
[INFO ] 2023-03-17 01:47:53.319 [CRM.TG_5353_Contact_Creation] [enterPhoneNumber] - Entering Phone Number
[INFO ] 2023-03-17 01:47:53.506 [CRM.TG_5353_Contact_Creation] [enterPhoneNumber] - Phone Number Entered Successfully
[INFO ] 2023-03-17 01:47:53.507 [CRM.TG_5353_Contact_Creation] [TG_5326_VerifyCreatedContactOnListingForm] - Phone Number Entered Successfully
[INFO ] 2023-03-17 01:47:55.513 [CRM.TG_5353_Contact_Creation] [TG_5326_VerifyCreatedContactOnListingForm] - Entering Lead
[INFO ] 2023-03-17 01:47:55.514 [CRM.TG_5353_Contact_Creation] [enterLead] - Entering Lead
[INFO ] 2023-03-17 01:47:55.664 [CRM.TG_5353_Contact_Creation] [enterLead] - Lead Entered Successfully
[INFO ] 2023-03-17 01:47:55.664 [CRM.TG_5353_Contact_Creation] [TG_5326_VerifyCreatedContactOnListingForm] - Lead Entered Successfully
[INFO ] 2023-03-17 01:47:57.672 [CRM.TG_5353_Contact_Creation] [TG_5326_VerifyCreatedContactOnListingForm] - Entering Address
[INFO ] 2023-03-17 01:47:57.674 [CRM.TG_5353_Contact_Creation] [enterEmployeeAddressOnMaps] - Etering employee address on maps
[INFO ] 2023-03-17 01:47:58.944 [CRM.TG_5353_Contact_Creation] [enterEmployeeAddressOnMaps] - Employee entered successfully
[INFO ] 2023-03-17 01:47:58.944 [CRM.TG_5353_Contact_Creation] [TG_5326_VerifyCreatedContactOnListingForm] - Address Entered Successfully
[INFO ] 2023-03-17 01:48:00.952 [CRM.TG_5353_Contact_Creation] [TG_5326_VerifyCreatedContactOnListingForm] - Clicking on Save Button
[INFO ] 2023-03-17 01:48:00.955 [CRM.TG_5353_Contact_Creation] [clickSaveButton] - Clicking on Contact Button
[INFO ] 2023-03-17 01:48:01.172 [CRM.TG_5353_Contact_Creation] [clickSaveButton] - Add Contact Button clicked successfully
[INFO ] 2023-03-17 01:48:01.173 [CRM.TG_5353_Contact_Creation] [TG_5326_VerifyCreatedContactOnListingForm] - Save Button Clicked Successfully
[INFO ] 2023-03-17 01:48:04.194 [CRM.TG_5353_Contact_Creation] [TG_5326_VerifyCreatedContactOnListingForm] - Clicking Contact Link
[INFO ] 2023-03-17 01:48:04.203 [CRM.TG_5353_Contact_Creation] [clickContactLinkforListingForm] - Click on Contact for Listing form
[INFO ] 2023-03-17 01:48:04.571 [CRM.TG_5353_Contact_Creation] [clickContactLinkforListingForm] - Contact for Listing form clicked Successfully
[INFO ] 2023-03-17 01:48:04.571 [CRM.TG_5353_Contact_Creation] [TG_5326_VerifyCreatedContactOnListingForm] - Contact Link Clicked Successfully
[INFO ] 2023-03-17 01:48:04.571 [CRM.TG_5353_Contact_Creation] [TG_5326_VerifyCreatedContactOnListingForm] - Verify Created Contact
[INFO ] 2023-03-17 01:48:04.571 [CRM.TG_5353_Contact_Creation] [verifyCreatedContact] - Check for Created Contact
[INFO ] 2023-03-17 01:48:04.668 [CRM.TG_5353_Contact_Creation] [verifyCreatedContact] - Created Contact displayed successfully
[INFO ] 2023-03-17 01:48:04.669 [CRM.TG_5353_Contact_Creation] [TG_5326_VerifyCreatedContactOnListingForm] - Created Contact Verified Successfully
[DEBUG] 2023-03-17 01:48:05.088 [freemarker.cache] [debug] - Couldn't find template in cache for "spark/spark.spa.ftl"("en_IN", UTF-8, parsed); will try to load it.
[DEBUG] 2023-03-17 01:48:05.091 [freemarker.cache] [debug] - TemplateLoader.findTemplateSource("spark/spark.spa_en_IN.ftl"): Not found
[DEBUG] 2023-03-17 01:48:05.093 [freemarker.cache] [debug] - TemplateLoader.findTemplateSource("spark/spark.spa_en.ftl"): Not found
[DEBUG] 2023-03-17 01:48:05.094 [freemarker.cache] [debug] - TemplateLoader.findTemplateSource("spark/spark.spa.ftl"): Found
[DEBUG] 2023-03-17 01:48:05.094 [freemarker.cache] [debug] - Loading template for "spark/spark.spa.ftl"("en_IN", UTF-8, parsed) from "jar:file:/Users/amandeep.singh/.m2/repository/com/aventstack/extentreports/5.0.7/extentreports-5.0.7.jar!/com/aventstack/extentreports/templates/spark/spark.spa.ftl"
[DEBUG] 2023-03-17 01:48:05.134 [freemarker.cache] [debug] - Couldn't find template in cache for "commons/commons-variables.ftl"("en_IN", UTF-8, parsed); will try to load it.
[DEBUG] 2023-03-17 01:48:05.135 [freemarker.cache] [debug] - TemplateLoader.findTemplateSource("commons/commons-variables_en_IN.ftl"): Not found
[DEBUG] 2023-03-17 01:48:05.135 [freemarker.cache] [debug] - TemplateLoader.findTemplateSource("commons/commons-variables_en.ftl"): Not found
[DEBUG] 2023-03-17 01:48:05.136 [freemarker.cache] [debug] - TemplateLoader.findTemplateSource("commons/commons-variables.ftl"): Found
[DEBUG] 2023-03-17 01:48:05.138 [freemarker.cache] [debug] - Loading template for "commons/commons-variables.ftl"("en_IN", UTF-8, parsed) from "jar:file:/Users/amandeep.singh/.m2/repository/com/aventstack/extentreports/5.0.7/extentreports-5.0.7.jar!/com/aventstack/extentreports/templates/commons/commons-variables.ftl"
[DEBUG] 2023-03-17 01:48:05.238 [freemarker.cache] [debug] - Couldn't find template in cache for "commons/commons-macros.ftl"("en_IN", UTF-8, parsed); will try to load it.
[DEBUG] 2023-03-17 01:48:05.239 [freemarker.cache] [debug] - TemplateLoader.findTemplateSource("commons/commons-macros_en_IN.ftl"): Not found
[DEBUG] 2023-03-17 01:48:05.239 [freemarker.cache] [debug] - TemplateLoader.findTemplateSource("commons/commons-macros_en.ftl"): Not found
[DEBUG] 2023-03-17 01:48:05.239 [freemarker.cache] [debug] - TemplateLoader.findTemplateSource("commons/commons-macros.ftl"): Found
[DEBUG] 2023-03-17 01:48:05.240 [freemarker.cache] [debug] - Loading template for "commons/commons-macros.ftl"("en_IN", UTF-8, parsed) from "jar:file:/Users/amandeep.singh/.m2/repository/com/aventstack/extentreports/5.0.7/extentreports-5.0.7.jar!/com/aventstack/extentreports/templates/commons/commons-macros.ftl"
[DEBUG] 2023-03-17 01:48:05.249 [freemarker.cache] [debug] - Couldn't find template in cache for "spark/macros/attributes.ftl"("en_IN", UTF-8, parsed); will try to load it.
[DEBUG] 2023-03-17 01:48:05.251 [freemarker.cache] [debug] - TemplateLoader.findTemplateSource("spark/macros/attributes_en_IN.ftl"): Not found
[DEBUG] 2023-03-17 01:48:05.251 [freemarker.cache] [debug] - TemplateLoader.findTemplateSource("spark/macros/attributes_en.ftl"): Not found
[DEBUG] 2023-03-17 01:48:05.252 [freemarker.cache] [debug] - TemplateLoader.findTemplateSource("spark/macros/attributes.ftl"): Found
[DEBUG] 2023-03-17 01:48:05.252 [freemarker.cache] [debug] - Loading template for "spark/macros/attributes.ftl"("en_IN", UTF-8, parsed) from "jar:file:/Users/amandeep.singh/.m2/repository/com/aventstack/extentreports/5.0.7/extentreports-5.0.7.jar!/com/aventstack/extentreports/templates/spark/macros/attributes.ftl"
[DEBUG] 2023-03-17 01:48:05.254 [freemarker.cache] [debug] - Couldn't find template in cache for "spark/macros/log.ftl"("en_IN", UTF-8, parsed); will try to load it.
[DEBUG] 2023-03-17 01:48:05.254 [freemarker.cache] [debug] - TemplateLoader.findTemplateSource("spark/macros/log_en_IN.ftl"): Not found
[DEBUG] 2023-03-17 01:48:05.255 [freemarker.cache] [debug] - TemplateLoader.findTemplateSource("spark/macros/log_en.ftl"): Not found
[DEBUG] 2023-03-17 01:48:05.255 [freemarker.cache] [debug] - TemplateLoader.findTemplateSource("spark/macros/log.ftl"): Found
[DEBUG] 2023-03-17 01:48:05.255 [freemarker.cache] [debug] - Loading template for "spark/macros/log.ftl"("en_IN", UTF-8, parsed) from "jar:file:/Users/amandeep.singh/.m2/repository/com/aventstack/extentreports/5.0.7/extentreports-5.0.7.jar!/com/aventstack/extentreports/templates/spark/macros/log.ftl"
[DEBUG] 2023-03-17 01:48:05.269 [freemarker.cache] [debug] - Couldn't find template in cache for "spark/macros/recurse_nodes.ftl"("en_IN", UTF-8, parsed); will try to load it.
[DEBUG] 2023-03-17 01:48:05.270 [freemarker.cache] [debug] - TemplateLoader.findTemplateSource("spark/macros/recurse_nodes_en_IN.ftl"): Not found
[DEBUG] 2023-03-17 01:48:05.270 [freemarker.cache] [debug] - TemplateLoader.findTemplateSource("spark/macros/recurse_nodes_en.ftl"): Not found
[DEBUG] 2023-03-17 01:48:05.272 [freemarker.cache] [debug] - TemplateLoader.findTemplateSource("spark/macros/recurse_nodes.ftl"): Found
[DEBUG] 2023-03-17 01:48:05.272 [freemarker.cache] [debug] - Loading template for "spark/macros/recurse_nodes.ftl"("en_IN", UTF-8, parsed) from "jar:file:/Users/amandeep.singh/.m2/repository/com/aventstack/extentreports/5.0.7/extentreports-5.0.7.jar!/com/aventstack/extentreports/templates/spark/macros/recurse_nodes.ftl"
[DEBUG] 2023-03-17 01:48:05.281 [freemarker.cache] [debug] - "spark/macros/log.ftl"("en_IN", UTF-8, parsed) cached copy not yet stale; using cached.
[DEBUG] 2023-03-17 01:48:05.282 [freemarker.cache] [debug] - Couldn't find template in cache for "spark/macros/attr-common.ftl"("en_IN", UTF-8, parsed); will try to load it.
[DEBUG] 2023-03-17 01:48:05.282 [freemarker.cache] [debug] - TemplateLoader.findTemplateSource("spark/macros/attr-common_en_IN.ftl"): Not found
[DEBUG] 2023-03-17 01:48:05.282 [freemarker.cache] [debug] - TemplateLoader.findTemplateSource("spark/macros/attr-common_en.ftl"): Not found
[DEBUG] 2023-03-17 01:48:05.282 [freemarker.cache] [debug] - TemplateLoader.findTemplateSource("spark/macros/attr-common.ftl"): Found
[DEBUG] 2023-03-17 01:48:05.283 [freemarker.cache] [debug] - Loading template for "spark/macros/attr-common.ftl"("en_IN", UTF-8, parsed) from "jar:file:/Users/amandeep.singh/.m2/repository/com/aventstack/extentreports/5.0.7/extentreports-5.0.7.jar!/com/aventstack/extentreports/templates/spark/macros/attr-common.ftl"
[DEBUG] 2023-03-17 01:48:05.294 [freemarker.cache] [debug] - Couldn't find template in cache for "spark/partials/head.ftl"("en_IN", UTF-8, parsed); will try to load it.
[DEBUG] 2023-03-17 01:48:05.296 [freemarker.cache] [debug] - TemplateLoader.findTemplateSource("spark/partials/head_en_IN.ftl"): Not found
[DEBUG] 2023-03-17 01:48:05.296 [freemarker.cache] [debug] - TemplateLoader.findTemplateSource("spark/partials/head_en.ftl"): Not found
[DEBUG] 2023-03-17 01:48:05.297 [freemarker.cache] [debug] - TemplateLoader.findTemplateSource("spark/partials/head.ftl"): Found
[DEBUG] 2023-03-17 01:48:05.298 [freemarker.cache] [debug] - Loading template for "spark/partials/head.ftl"("en_IN", UTF-8, parsed) from "jar:file:/Users/amandeep.singh/.m2/repository/com/aventstack/extentreports/5.0.7/extentreports-5.0.7.jar!/com/aventstack/extentreports/templates/spark/partials/head.ftl"
[DEBUG] 2023-03-17 01:48:05.301 [freemarker.cache] [debug] - Couldn't find template in cache for "commons/commons-inject-css.ftl"("en_IN", UTF-8, parsed); will try to load it.
[DEBUG] 2023-03-17 01:48:05.302 [freemarker.cache] [debug] - TemplateLoader.findTemplateSource("commons/commons-inject-css_en_IN.ftl"): Not found
[DEBUG] 2023-03-17 01:48:05.303 [freemarker.cache] [debug] - TemplateLoader.findTemplateSource("commons/commons-inject-css_en.ftl"): Not found
[DEBUG] 2023-03-17 01:48:05.304 [freemarker.cache] [debug] - TemplateLoader.findTemplateSource("commons/commons-inject-css.ftl"): Found
[DEBUG] 2023-03-17 01:48:05.304 [freemarker.cache] [debug] - Loading template for "commons/commons-inject-css.ftl"("en_IN", UTF-8, parsed) from "jar:file:/Users/amandeep.singh/.m2/repository/com/aventstack/extentreports/5.0.7/extentreports-5.0.7.jar!/com/aventstack/extentreports/templates/commons/commons-inject-css.ftl"
[DEBUG] 2023-03-17 01:48:05.305 [freemarker.cache] [debug] - Couldn't find template in cache for "spark/partials/navbar.ftl"("en_IN", UTF-8, parsed); will try to load it.
[DEBUG] 2023-03-17 01:48:05.306 [freemarker.cache] [debug] - TemplateLoader.findTemplateSource("spark/partials/navbar_en_IN.ftl"): Not found
[DEBUG] 2023-03-17 01:48:05.306 [freemarker.cache] [debug] - TemplateLoader.findTemplateSource("spark/partials/navbar_en.ftl"): Not found
[DEBUG] 2023-03-17 01:48:05.306 [freemarker.cache] [debug] - TemplateLoader.findTemplateSource("spark/partials/navbar.ftl"): Found
[DEBUG] 2023-03-17 01:48:05.308 [freemarker.cache] [debug] - Loading template for "spark/partials/navbar.ftl"("en_IN", UTF-8, parsed) from "jar:file:/Users/amandeep.singh/.m2/repository/com/aventstack/extentreports/5.0.7/extentreports-5.0.7.jar!/com/aventstack/extentreports/templates/spark/partials/navbar.ftl"
[DEBUG] 2023-03-17 01:48:05.315 [freemarker.cache] [debug] - Couldn't find template in cache for "spark/partials/sidenav.ftl"("en_IN", UTF-8, parsed); will try to load it.
[DEBUG] 2023-03-17 01:48:05.315 [freemarker.cache] [debug] - TemplateLoader.findTemplateSource("spark/partials/sidenav_en_IN.ftl"): Not found
[DEBUG] 2023-03-17 01:48:05.316 [freemarker.cache] [debug] - TemplateLoader.findTemplateSource("spark/partials/sidenav_en.ftl"): Not found
[DEBUG] 2023-03-17 01:48:05.316 [freemarker.cache] [debug] - TemplateLoader.findTemplateSource("spark/partials/sidenav.ftl"): Found
[DEBUG] 2023-03-17 01:48:05.316 [freemarker.cache] [debug] - Loading template for "spark/partials/sidenav.ftl"("en_IN", UTF-8, parsed) from "jar:file:/Users/amandeep.singh/.m2/repository/com/aventstack/extentreports/5.0.7/extentreports-5.0.7.jar!/com/aventstack/extentreports/templates/spark/partials/sidenav.ftl"
[DEBUG] 2023-03-17 01:48:05.328 [freemarker.cache] [debug] - Couldn't find template in cache for "spark/partials/dashboard.ftl"("en_IN", UTF-8, parsed); will try to load it.
[DEBUG] 2023-03-17 01:48:05.329 [freemarker.cache] [debug] - TemplateLoader.findTemplateSource("spark/partials/dashboard_en_IN.ftl"): Not found
[DEBUG] 2023-03-17 01:48:05.329 [freemarker.cache] [debug] - TemplateLoader.findTemplateSource("spark/partials/dashboard_en.ftl"): Not found
[DEBUG] 2023-03-17 01:48:05.329 [freemarker.cache] [debug] - TemplateLoader.findTemplateSource("spark/partials/dashboard.ftl"): Found
[DEBUG] 2023-03-17 01:48:05.329 [freemarker.cache] [debug] - Loading template for "spark/partials/dashboard.ftl"("en_IN", UTF-8, parsed) from "jar:file:/Users/amandeep.singh/.m2/repository/com/aventstack/extentreports/5.0.7/extentreports-5.0.7.jar!/com/aventstack/extentreports/templates/spark/partials/dashboard.ftl"
[DEBUG] 2023-03-17 01:48:05.393 [freemarker.cache] [debug] - Couldn't find template in cache for "spark/partials/category.ftl"("en_IN", UTF-8, parsed); will try to load it.
[DEBUG] 2023-03-17 01:48:05.394 [freemarker.cache] [debug] - TemplateLoader.findTemplateSource("spark/partials/category_en_IN.ftl"): Not found
[DEBUG] 2023-03-17 01:48:05.394 [freemarker.cache] [debug] - TemplateLoader.findTemplateSource("spark/partials/category_en.ftl"): Not found
[DEBUG] 2023-03-17 01:48:05.395 [freemarker.cache] [debug] - TemplateLoader.findTemplateSource("spark/partials/category.ftl"): Found
[DEBUG] 2023-03-17 01:48:05.395 [freemarker.cache] [debug] - Loading template for "spark/partials/category.ftl"("en_IN", UTF-8, parsed) from "jar:file:/Users/amandeep.singh/.m2/repository/com/aventstack/extentreports/5.0.7/extentreports-5.0.7.jar!/com/aventstack/extentreports/templates/spark/partials/category.ftl"
[DEBUG] 2023-03-17 01:48:05.400 [freemarker.cache] [debug] - Couldn't find template in cache for "spark/partials/test.ftl"("en_IN", UTF-8, parsed); will try to load it.
[DEBUG] 2023-03-17 01:48:05.400 [freemarker.cache] [debug] - TemplateLoader.findTemplateSource("spark/partials/test_en_IN.ftl"): Not found
[DEBUG] 2023-03-17 01:48:05.401 [freemarker.cache] [debug] - TemplateLoader.findTemplateSource("spark/partials/test_en.ftl"): Not found
[DEBUG] 2023-03-17 01:48:05.401 [freemarker.cache] [debug] - TemplateLoader.findTemplateSource("spark/partials/test.ftl"): Found
[DEBUG] 2023-03-17 01:48:05.401 [freemarker.cache] [debug] - Loading template for "spark/partials/test.ftl"("en_IN", UTF-8, parsed) from "jar:file:/Users/amandeep.singh/.m2/repository/com/aventstack/extentreports/5.0.7/extentreports-5.0.7.jar!/com/aventstack/extentreports/templates/spark/partials/test.ftl"
[DEBUG] 2023-03-17 01:48:05.415 [freemarker.cache] [debug] - Couldn't find template in cache for "spark/partials/standard-content.ftl"("en_IN", UTF-8, parsed); will try to load it.
[DEBUG] 2023-03-17 01:48:05.415 [freemarker.cache] [debug] - TemplateLoader.findTemplateSource("spark/partials/standard-content_en_IN.ftl"): Not found
[DEBUG] 2023-03-17 01:48:05.416 [freemarker.cache] [debug] - TemplateLoader.findTemplateSource("spark/partials/standard-content_en.ftl"): Not found
[DEBUG] 2023-03-17 01:48:05.416 [freemarker.cache] [debug] - TemplateLoader.findTemplateSource("spark/partials/standard-content.ftl"): Found
[DEBUG] 2023-03-17 01:48:05.416 [freemarker.cache] [debug] - Loading template for "spark/partials/standard-content.ftl"("en_IN", UTF-8, parsed) from "jar:file:/Users/amandeep.singh/.m2/repository/com/aventstack/extentreports/5.0.7/extentreports-5.0.7.jar!/com/aventstack/extentreports/templates/spark/partials/standard-content.ftl"
[DEBUG] 2023-03-17 01:48:05.436 [freemarker.cache] [debug] - "spark/partials/standard-content.ftl"("en_IN", UTF-8, parsed) cached copy not yet stale; using cached.
[DEBUG] 2023-03-17 01:48:05.437 [freemarker.cache] [debug] - Couldn't find template in cache for "spark/partials/scripts.ftl"("en_IN", UTF-8, parsed); will try to load it.
[DEBUG] 2023-03-17 01:48:05.437 [freemarker.cache] [debug] - TemplateLoader.findTemplateSource("spark/partials/scripts_en_IN.ftl"): Not found
[DEBUG] 2023-03-17 01:48:05.437 [freemarker.cache] [debug] - TemplateLoader.findTemplateSource("spark/partials/scripts_en.ftl"): Not found
[DEBUG] 2023-03-17 01:48:05.437 [freemarker.cache] [debug] - TemplateLoader.findTemplateSource("spark/partials/scripts.ftl"): Found
[DEBUG] 2023-03-17 01:48:05.438 [freemarker.cache] [debug] - Loading template for "spark/partials/scripts.ftl"("en_IN", UTF-8, parsed) from "jar:file:/Users/amandeep.singh/.m2/repository/com/aventstack/extentreports/5.0.7/extentreports-5.0.7.jar!/com/aventstack/extentreports/templates/spark/partials/scripts.ftl"
[DEBUG] 2023-03-17 01:48:05.440 [freemarker.cache] [debug] - Couldn't find template in cache for "commons/commons-inject-js.ftl"("en_IN", UTF-8, parsed); will try to load it.
[DEBUG] 2023-03-17 01:48:05.440 [freemarker.cache] [debug] - TemplateLoader.findTemplateSource("commons/commons-inject-js_en_IN.ftl"): Not found
[DEBUG] 2023-03-17 01:48:05.441 [freemarker.cache] [debug] - TemplateLoader.findTemplateSource("commons/commons-inject-js_en.ftl"): Not found
[DEBUG] 2023-03-17 01:48:05.441 [freemarker.cache] [debug] - TemplateLoader.findTemplateSource("commons/commons-inject-js.ftl"): Found
[DEBUG] 2023-03-17 01:48:05.441 [freemarker.cache] [debug] - Loading template for "commons/commons-inject-js.ftl"("en_IN", UTF-8, parsed) from "jar:file:/Users/amandeep.singh/.m2/repository/com/aventstack/extentreports/5.0.7/extentreports-5.0.7.jar!/com/aventstack/extentreports/templates/commons/commons-inject-js.ftl"
