[INFO ] 2023-04-16 19:55:54.473 [jobTitle_jobSite.TG_4863_JobSiteCreation] [enterUsername] - Entering new user's first name
[INFO ] 2023-04-16 19:55:55.948 [jobTitle_jobSite.TG_4863_JobSiteCreation] [enterUsername] - User's first name entered successfully
[INFO ] 2023-04-16 19:55:55.949 [jobTitle_jobSite.TG_4863_JobSiteCreation] [enterPassword] - Entering new user's last name
[INFO ] 2023-04-16 19:55:56.140 [jobTitle_jobSite.TG_4863_JobSiteCreation] [enterPassword] - User's last name entered successfully
[INFO ] 2023-04-16 19:55:56.141 [jobTitle_jobSite.TG_4863_JobSiteCreation] [clickLoginButton] - Clicking on Login Button
[INFO ] 2023-04-16 19:55:56.683 [jobTitle_jobSite.TG_4863_JobSiteCreation] [clickLoginButton] - Close Pop Up clicked successfully
[INFO ] 2023-04-16 19:55:59.690 [jobTitle_jobSite.TG_4863_JobSiteCreation] [clickJobSiteOnHomepage] - Clicking on Job Site on Homepage
[INFO ] 2023-04-16 19:56:13.674 [jobTitle_jobSite.TG_4863_JobSiteCreation] [clickJobSiteOnHomepage] - Job Site Listing opened successfully
[INFO ] 2023-04-16 19:56:18.683 [jobTitle_jobSite.TG_4863_JobSiteCreation] [clickAddJobSiteButton] - Clicking Add Job Site Button
[INFO ] 2023-04-16 19:56:19.528 [jobTitle_jobSite.TG_4863_JobSiteCreation] [clickAddJobSiteButton] - Add Job Site clicked successfully
[INFO ] 2023-04-16 19:56:22.535 [jobTitle_jobSite.TG_4863_JobSiteCreation] [clickCreateNewUserOption] - Clicking New User Option in Job site Contact
[INFO ] 2023-04-16 19:56:23.236 [jobTitle_jobSite.TG_4863_JobSiteCreation] [clickCreateNewUserOption] - New User Option in Job site Contactclicked successfully
[INFO ] 2023-04-16 19:56:25.247 [jobTitle_jobSite.TG_4863_JobSiteCreation] [enterCompanyType] - Entering Company Type
[INFO ] 2023-04-16 19:56:25.502 [jobTitle_jobSite.TG_4863_JobSiteCreation] [enterCompanyType] - Company Type Entered Successfully
[INFO ] 2023-04-16 19:56:25.503 [jobTitle_jobSite.TG_4863_JobSiteCreation] [clickLastNameField] - Clicking Last Name field
[INFO ] 2023-04-16 19:56:25.954 [jobTitle_jobSite.TG_4863_JobSiteCreation] [clickLastNameField] - Last Name  field clicked successfully
[INFO ] 2023-04-16 19:56:28.963 [jobTitle_jobSite.TG_4863_JobSiteCreation] [enterUserEmail] - Entering user email address
[INFO ] 2023-04-16 19:56:29.195 [jobTitle_jobSite.TG_4863_JobSiteCreation] [enterUserEmail] - Email entered successfully
[INFO ] 2023-04-16 19:56:29.195 [jobTitle_jobSite.TG_4863_JobSiteCreation] [enterFirstNameField] - Entering First Name field
[INFO ] 2023-04-16 19:56:29.316 [jobTitle_jobSite.TG_4863_JobSiteCreation] [enterFirstNameField] - First Name  entered successfully
[INFO ] 2023-04-16 19:56:29.316 [jobTitle_jobSite.TG_4863_JobSiteCreation] [enterLastNameField] - Entering Last Name field
[INFO ] 2023-04-16 19:56:29.459 [jobTitle_jobSite.TG_4863_JobSiteCreation] [enterLastNameField] - Last Name entered successfully
[INFO ] 2023-04-16 19:56:30.611 [jobTitle_jobSite.TG_4863_JobSiteCreation] [clickSavebuttonInAddUser] - Clicking Save Button
[INFO ] 2023-04-16 19:56:30.852 [jobTitle_jobSite.TG_4863_JobSiteCreation] [clickSavebuttonInAddUser] - Save Button clicked successfully
[INFO ] 2023-04-16 19:57:00.865 [jobTitle_jobSite.TG_4863_JobSiteCreation] [clickClosePopUp] - Clicking on close icon in pop up
[INFO ] 2023-04-16 19:57:01.150 [jobTitle_jobSite.TG_4863_JobSiteCreation] [clickClosePopUp] - pop up closed successfully
[INFO ] 2023-04-16 19:57:04.158 [jobTitle_jobSite.TG_4863_JobSiteCreation] [enterJobTitleInTable] - Entering Job Title List in the Table
[INFO ] 2023-04-16 19:57:04.351 [jobTitle_jobSite.TG_4863_JobSiteCreation] [enterJobTitleInTable] - Clicked Job Title in the Table successfully
[INFO ] 2023-04-16 19:57:04.351 [jobTitle_jobSite.TG_4863_JobSiteCreation] [enterTitle] - Enter Title
[INFO ] 2023-04-16 19:57:08.389 [jobTitle_jobSite.TG_4863_JobSiteCreation] [enterTitle] - Entered Job Title in the Table successfully
[INFO ] 2023-04-16 19:57:10.401 [jobTitle_jobSite.TG_4863_JobSiteCreation] [enterEmployeeAddressOnMaps] - Etering employee address on maps
[INFO ] 2023-04-16 19:57:11.657 [jobTitle_jobSite.TG_4863_JobSiteCreation] [enterEmployeeAddressOnMaps] - Employee entered successfully
[INFO ] 2023-04-16 19:57:11.658 [jobTitle_jobSite.TG_4863_JobSiteCreation] [clickSaveButton] - Clicking Save Button
[INFO ] 2023-04-16 19:57:11.809 [jobTitle_jobSite.TG_4863_JobSiteCreation] [clickSaveButton] - Save Button clicked successfully
[INFO ] 2023-04-16 19:57:11.810 [jobTitle_jobSite.TG_4863_JobSiteCreation] [clickSaveButton] - Clicking Save Button
[INFO ] 2023-04-16 19:57:12.020 [jobTitle_jobSite.TG_4863_JobSiteCreation] [clickSaveButton] - Save Button clicked successfully
[INFO ] 2023-04-16 19:57:12.021 [jobTitle_jobSite.TG_4863_JobSiteCreation] [verifyCreatedSite] - Verify Job Site created Successfully
[INFO ] 2023-04-16 19:57:13.962 [jobTitle_jobSite.TG_4863_JobSiteCreation] [verifyCreatedSite] - Job Site Created successfully.
[DEBUG] 2023-04-16 19:57:14.327 [freemarker.cache] [debug] - Couldn't find template in cache for "spark/spark.spa.ftl"("en_IN", UTF-8, parsed); will try to load it.
[DEBUG] 2023-04-16 19:57:14.330 [freemarker.cache] [debug] - TemplateLoader.findTemplateSource("spark/spark.spa_en_IN.ftl"): Not found
[DEBUG] 2023-04-16 19:57:14.331 [freemarker.cache] [debug] - TemplateLoader.findTemplateSource("spark/spark.spa_en.ftl"): Not found
[DEBUG] 2023-04-16 19:57:14.332 [freemarker.cache] [debug] - TemplateLoader.findTemplateSource("spark/spark.spa.ftl"): Found
[DEBUG] 2023-04-16 19:57:14.332 [freemarker.cache] [debug] - Loading template for "spark/spark.spa.ftl"("en_IN", UTF-8, parsed) from "jar:file:/Users/amandeep.singh/.m2/repository/com/aventstack/extentreports/5.0.7/extentreports-5.0.7.jar!/com/aventstack/extentreports/templates/spark/spark.spa.ftl"
[DEBUG] 2023-04-16 19:57:14.372 [freemarker.cache] [debug] - Couldn't find template in cache for "commons/commons-variables.ftl"("en_IN", UTF-8, parsed); will try to load it.
[DEBUG] 2023-04-16 19:57:14.373 [freemarker.cache] [debug] - TemplateLoader.findTemplateSource("commons/commons-variables_en_IN.ftl"): Not found
[DEBUG] 2023-04-16 19:57:14.373 [freemarker.cache] [debug] - TemplateLoader.findTemplateSource("commons/commons-variables_en.ftl"): Not found
[DEBUG] 2023-04-16 19:57:14.374 [freemarker.cache] [debug] - TemplateLoader.findTemplateSource("commons/commons-variables.ftl"): Found
[DEBUG] 2023-04-16 19:57:14.374 [freemarker.cache] [debug] - Loading template for "commons/commons-variables.ftl"("en_IN", UTF-8, parsed) from "jar:file:/Users/amandeep.singh/.m2/repository/com/aventstack/extentreports/5.0.7/extentreports-5.0.7.jar!/com/aventstack/extentreports/templates/commons/commons-variables.ftl"
[DEBUG] 2023-04-16 19:57:14.486 [freemarker.cache] [debug] - Couldn't find template in cache for "commons/commons-macros.ftl"("en_IN", UTF-8, parsed); will try to load it.
[DEBUG] 2023-04-16 19:57:14.487 [freemarker.cache] [debug] - TemplateLoader.findTemplateSource("commons/commons-macros_en_IN.ftl"): Not found
[DEBUG] 2023-04-16 19:57:14.488 [freemarker.cache] [debug] - TemplateLoader.findTemplateSource("commons/commons-macros_en.ftl"): Not found
[DEBUG] 2023-04-16 19:57:14.489 [freemarker.cache] [debug] - TemplateLoader.findTemplateSource("commons/commons-macros.ftl"): Found
[DEBUG] 2023-04-16 19:57:14.489 [freemarker.cache] [debug] - Loading template for "commons/commons-macros.ftl"("en_IN", UTF-8, parsed) from "jar:file:/Users/amandeep.singh/.m2/repository/com/aventstack/extentreports/5.0.7/extentreports-5.0.7.jar!/com/aventstack/extentreports/templates/commons/commons-macros.ftl"
[DEBUG] 2023-04-16 19:57:14.500 [freemarker.cache] [debug] - Couldn't find template in cache for "spark/macros/attributes.ftl"("en_IN", UTF-8, parsed); will try to load it.
[DEBUG] 2023-04-16 19:57:14.504 [freemarker.cache] [debug] - TemplateLoader.findTemplateSource("spark/macros/attributes_en_IN.ftl"): Not found
[DEBUG] 2023-04-16 19:57:14.506 [freemarker.cache] [debug] - TemplateLoader.findTemplateSource("spark/macros/attributes_en.ftl"): Not found
[DEBUG] 2023-04-16 19:57:14.508 [freemarker.cache] [debug] - TemplateLoader.findTemplateSource("spark/macros/attributes.ftl"): Found
[DEBUG] 2023-04-16 19:57:14.508 [freemarker.cache] [debug] - Loading template for "spark/macros/attributes.ftl"("en_IN", UTF-8, parsed) from "jar:file:/Users/amandeep.singh/.m2/repository/com/aventstack/extentreports/5.0.7/extentreports-5.0.7.jar!/com/aventstack/extentreports/templates/spark/macros/attributes.ftl"
[DEBUG] 2023-04-16 19:57:14.522 [freemarker.cache] [debug] - Couldn't find template in cache for "spark/macros/log.ftl"("en_IN", UTF-8, parsed); will try to load it.
[DEBUG] 2023-04-16 19:57:14.523 [freemarker.cache] [debug] - TemplateLoader.findTemplateSource("spark/macros/log_en_IN.ftl"): Not found
[DEBUG] 2023-04-16 19:57:14.523 [freemarker.cache] [debug] - TemplateLoader.findTemplateSource("spark/macros/log_en.ftl"): Not found
[DEBUG] 2023-04-16 19:57:14.524 [freemarker.cache] [debug] - TemplateLoader.findTemplateSource("spark/macros/log.ftl"): Found
[DEBUG] 2023-04-16 19:57:14.524 [freemarker.cache] [debug] - Loading template for "spark/macros/log.ftl"("en_IN", UTF-8, parsed) from "jar:file:/Users/amandeep.singh/.m2/repository/com/aventstack/extentreports/5.0.7/extentreports-5.0.7.jar!/com/aventstack/extentreports/templates/spark/macros/log.ftl"
[DEBUG] 2023-04-16 19:57:14.535 [freemarker.cache] [debug] - Couldn't find template in cache for "spark/macros/recurse_nodes.ftl"("en_IN", UTF-8, parsed); will try to load it.
[DEBUG] 2023-04-16 19:57:14.537 [freemarker.cache] [debug] - TemplateLoader.findTemplateSource("spark/macros/recurse_nodes_en_IN.ftl"): Not found
[DEBUG] 2023-04-16 19:57:14.538 [freemarker.cache] [debug] - TemplateLoader.findTemplateSource("spark/macros/recurse_nodes_en.ftl"): Not found
[DEBUG] 2023-04-16 19:57:14.538 [freemarker.cache] [debug] - TemplateLoader.findTemplateSource("spark/macros/recurse_nodes.ftl"): Found
[DEBUG] 2023-04-16 19:57:14.539 [freemarker.cache] [debug] - Loading template for "spark/macros/recurse_nodes.ftl"("en_IN", UTF-8, parsed) from "jar:file:/Users/amandeep.singh/.m2/repository/com/aventstack/extentreports/5.0.7/extentreports-5.0.7.jar!/com/aventstack/extentreports/templates/spark/macros/recurse_nodes.ftl"
[DEBUG] 2023-04-16 19:57:14.550 [freemarker.cache] [debug] - "spark/macros/log.ftl"("en_IN", UTF-8, parsed) cached copy not yet stale; using cached.
[DEBUG] 2023-04-16 19:57:14.551 [freemarker.cache] [debug] - Couldn't find template in cache for "spark/macros/attr-common.ftl"("en_IN", UTF-8, parsed); will try to load it.
[DEBUG] 2023-04-16 19:57:14.552 [freemarker.cache] [debug] - TemplateLoader.findTemplateSource("spark/macros/attr-common_en_IN.ftl"): Not found
[DEBUG] 2023-04-16 19:57:14.553 [freemarker.cache] [debug] - TemplateLoader.findTemplateSource("spark/macros/attr-common_en.ftl"): Not found
[DEBUG] 2023-04-16 19:57:14.556 [freemarker.cache] [debug] - TemplateLoader.findTemplateSource("spark/macros/attr-common.ftl"): Found
[DEBUG] 2023-04-16 19:57:14.556 [freemarker.cache] [debug] - Loading template for "spark/macros/attr-common.ftl"("en_IN", UTF-8, parsed) from "jar:file:/Users/amandeep.singh/.m2/repository/com/aventstack/extentreports/5.0.7/extentreports-5.0.7.jar!/com/aventstack/extentreports/templates/spark/macros/attr-common.ftl"
[DEBUG] 2023-04-16 19:57:14.570 [freemarker.cache] [debug] - Couldn't find template in cache for "spark/partials/head.ftl"("en_IN", UTF-8, parsed); will try to load it.
[DEBUG] 2023-04-16 19:57:14.571 [freemarker.cache] [debug] - TemplateLoader.findTemplateSource("spark/partials/head_en_IN.ftl"): Not found
[DEBUG] 2023-04-16 19:57:14.572 [freemarker.cache] [debug] - TemplateLoader.findTemplateSource("spark/partials/head_en.ftl"): Not found
[DEBUG] 2023-04-16 19:57:14.572 [freemarker.cache] [debug] - TemplateLoader.findTemplateSource("spark/partials/head.ftl"): Found
[DEBUG] 2023-04-16 19:57:14.572 [freemarker.cache] [debug] - Loading template for "spark/partials/head.ftl"("en_IN", UTF-8, parsed) from "jar:file:/Users/amandeep.singh/.m2/repository/com/aventstack/extentreports/5.0.7/extentreports-5.0.7.jar!/com/aventstack/extentreports/templates/spark/partials/head.ftl"
[DEBUG] 2023-04-16 19:57:14.582 [freemarker.cache] [debug] - Couldn't find template in cache for "commons/commons-inject-css.ftl"("en_IN", UTF-8, parsed); will try to load it.
[DEBUG] 2023-04-16 19:57:14.582 [freemarker.cache] [debug] - TemplateLoader.findTemplateSource("commons/commons-inject-css_en_IN.ftl"): Not found
[DEBUG] 2023-04-16 19:57:14.582 [freemarker.cache] [debug] - TemplateLoader.findTemplateSource("commons/commons-inject-css_en.ftl"): Not found
[DEBUG] 2023-04-16 19:57:14.583 [freemarker.cache] [debug] - TemplateLoader.findTemplateSource("commons/commons-inject-css.ftl"): Found
[DEBUG] 2023-04-16 19:57:14.583 [freemarker.cache] [debug] - Loading template for "commons/commons-inject-css.ftl"("en_IN", UTF-8, parsed) from "jar:file:/Users/amandeep.singh/.m2/repository/com/aventstack/extentreports/5.0.7/extentreports-5.0.7.jar!/com/aventstack/extentreports/templates/commons/commons-inject-css.ftl"
[DEBUG] 2023-04-16 19:57:14.584 [freemarker.cache] [debug] - Couldn't find template in cache for "spark/partials/navbar.ftl"("en_IN", UTF-8, parsed); will try to load it.
[DEBUG] 2023-04-16 19:57:14.584 [freemarker.cache] [debug] - TemplateLoader.findTemplateSource("spark/partials/navbar_en_IN.ftl"): Not found
[DEBUG] 2023-04-16 19:57:14.584 [freemarker.cache] [debug] - TemplateLoader.findTemplateSource("spark/partials/navbar_en.ftl"): Not found
[DEBUG] 2023-04-16 19:57:14.585 [freemarker.cache] [debug] - TemplateLoader.findTemplateSource("spark/partials/navbar.ftl"): Found
[DEBUG] 2023-04-16 19:57:14.585 [freemarker.cache] [debug] - Loading template for "spark/partials/navbar.ftl"("en_IN", UTF-8, parsed) from "jar:file:/Users/amandeep.singh/.m2/repository/com/aventstack/extentreports/5.0.7/extentreports-5.0.7.jar!/com/aventstack/extentreports/templates/spark/partials/navbar.ftl"
[DEBUG] 2023-04-16 19:57:14.591 [freemarker.cache] [debug] - Couldn't find template in cache for "spark/partials/sidenav.ftl"("en_IN", UTF-8, parsed); will try to load it.
[DEBUG] 2023-04-16 19:57:14.592 [freemarker.cache] [debug] - TemplateLoader.findTemplateSource("spark/partials/sidenav_en_IN.ftl"): Not found
[DEBUG] 2023-04-16 19:57:14.593 [freemarker.cache] [debug] - TemplateLoader.findTemplateSource("spark/partials/sidenav_en.ftl"): Not found
[DEBUG] 2023-04-16 19:57:14.593 [freemarker.cache] [debug] - TemplateLoader.findTemplateSource("spark/partials/sidenav.ftl"): Found
[DEBUG] 2023-04-16 19:57:14.593 [freemarker.cache] [debug] - Loading template for "spark/partials/sidenav.ftl"("en_IN", UTF-8, parsed) from "jar:file:/Users/amandeep.singh/.m2/repository/com/aventstack/extentreports/5.0.7/extentreports-5.0.7.jar!/com/aventstack/extentreports/templates/spark/partials/sidenav.ftl"
[DEBUG] 2023-04-16 19:57:14.609 [freemarker.cache] [debug] - Couldn't find template in cache for "spark/partials/dashboard.ftl"("en_IN", UTF-8, parsed); will try to load it.
[DEBUG] 2023-04-16 19:57:14.611 [freemarker.cache] [debug] - TemplateLoader.findTemplateSource("spark/partials/dashboard_en_IN.ftl"): Not found
[DEBUG] 2023-04-16 19:57:14.612 [freemarker.cache] [debug] - TemplateLoader.findTemplateSource("spark/partials/dashboard_en.ftl"): Not found
[DEBUG] 2023-04-16 19:57:14.612 [freemarker.cache] [debug] - TemplateLoader.findTemplateSource("spark/partials/dashboard.ftl"): Found
[DEBUG] 2023-04-16 19:57:14.613 [freemarker.cache] [debug] - Loading template for "spark/partials/dashboard.ftl"("en_IN", UTF-8, parsed) from "jar:file:/Users/amandeep.singh/.m2/repository/com/aventstack/extentreports/5.0.7/extentreports-5.0.7.jar!/com/aventstack/extentreports/templates/spark/partials/dashboard.ftl"
[DEBUG] 2023-04-16 19:57:14.710 [freemarker.cache] [debug] - Couldn't find template in cache for "spark/partials/category.ftl"("en_IN", UTF-8, parsed); will try to load it.
[DEBUG] 2023-04-16 19:57:14.711 [freemarker.cache] [debug] - TemplateLoader.findTemplateSource("spark/partials/category_en_IN.ftl"): Not found
[DEBUG] 2023-04-16 19:57:14.712 [freemarker.cache] [debug] - TemplateLoader.findTemplateSource("spark/partials/category_en.ftl"): Not found
[DEBUG] 2023-04-16 19:57:14.712 [freemarker.cache] [debug] - TemplateLoader.findTemplateSource("spark/partials/category.ftl"): Found
[DEBUG] 2023-04-16 19:57:14.713 [freemarker.cache] [debug] - Loading template for "spark/partials/category.ftl"("en_IN", UTF-8, parsed) from "jar:file:/Users/amandeep.singh/.m2/repository/com/aventstack/extentreports/5.0.7/extentreports-5.0.7.jar!/com/aventstack/extentreports/templates/spark/partials/category.ftl"
[DEBUG] 2023-04-16 19:57:14.728 [freemarker.cache] [debug] - Couldn't find template in cache for "spark/partials/test.ftl"("en_IN", UTF-8, parsed); will try to load it.
[DEBUG] 2023-04-16 19:57:14.729 [freemarker.cache] [debug] - TemplateLoader.findTemplateSource("spark/partials/test_en_IN.ftl"): Not found
[DEBUG] 2023-04-16 19:57:14.730 [freemarker.cache] [debug] - TemplateLoader.findTemplateSource("spark/partials/test_en.ftl"): Not found
[DEBUG] 2023-04-16 19:57:14.731 [freemarker.cache] [debug] - TemplateLoader.findTemplateSource("spark/partials/test.ftl"): Found
[DEBUG] 2023-04-16 19:57:14.733 [freemarker.cache] [debug] - Loading template for "spark/partials/test.ftl"("en_IN", UTF-8, parsed) from "jar:file:/Users/amandeep.singh/.m2/repository/com/aventstack/extentreports/5.0.7/extentreports-5.0.7.jar!/com/aventstack/extentreports/templates/spark/partials/test.ftl"
[DEBUG] 2023-04-16 19:57:14.767 [freemarker.cache] [debug] - Couldn't find template in cache for "spark/partials/standard-content.ftl"("en_IN", UTF-8, parsed); will try to load it.
[DEBUG] 2023-04-16 19:57:14.769 [freemarker.cache] [debug] - TemplateLoader.findTemplateSource("spark/partials/standard-content_en_IN.ftl"): Not found
[DEBUG] 2023-04-16 19:57:14.771 [freemarker.cache] [debug] - TemplateLoader.findTemplateSource("spark/partials/standard-content_en.ftl"): Not found
[DEBUG] 2023-04-16 19:57:14.776 [freemarker.cache] [debug] - TemplateLoader.findTemplateSource("spark/partials/standard-content.ftl"): Found
[DEBUG] 2023-04-16 19:57:14.777 [freemarker.cache] [debug] - Loading template for "spark/partials/standard-content.ftl"("en_IN", UTF-8, parsed) from "jar:file:/Users/amandeep.singh/.m2/repository/com/aventstack/extentreports/5.0.7/extentreports-5.0.7.jar!/com/aventstack/extentreports/templates/spark/partials/standard-content.ftl"
[DEBUG] 2023-04-16 19:57:14.827 [freemarker.cache] [debug] - Couldn't find template in cache for "spark/partials/scripts.ftl"("en_IN", UTF-8, parsed); will try to load it.
[DEBUG] 2023-04-16 19:57:14.829 [freemarker.cache] [debug] - TemplateLoader.findTemplateSource("spark/partials/scripts_en_IN.ftl"): Not found
[DEBUG] 2023-04-16 19:57:14.830 [freemarker.cache] [debug] - TemplateLoader.findTemplateSource("spark/partials/scripts_en.ftl"): Not found
[DEBUG] 2023-04-16 19:57:14.831 [freemarker.cache] [debug] - TemplateLoader.findTemplateSource("spark/partials/scripts.ftl"): Found
[DEBUG] 2023-04-16 19:57:14.831 [freemarker.cache] [debug] - Loading template for "spark/partials/scripts.ftl"("en_IN", UTF-8, parsed) from "jar:file:/Users/amandeep.singh/.m2/repository/com/aventstack/extentreports/5.0.7/extentreports-5.0.7.jar!/com/aventstack/extentreports/templates/spark/partials/scripts.ftl"
[DEBUG] 2023-04-16 19:57:14.840 [freemarker.cache] [debug] - Couldn't find template in cache for "commons/commons-inject-js.ftl"("en_IN", UTF-8, parsed); will try to load it.
[DEBUG] 2023-04-16 19:57:14.841 [freemarker.cache] [debug] - TemplateLoader.findTemplateSource("commons/commons-inject-js_en_IN.ftl"): Not found
[DEBUG] 2023-04-16 19:57:14.842 [freemarker.cache] [debug] - TemplateLoader.findTemplateSource("commons/commons-inject-js_en.ftl"): Not found
[DEBUG] 2023-04-16 19:57:14.842 [freemarker.cache] [debug] - TemplateLoader.findTemplateSource("commons/commons-inject-js.ftl"): Found
[DEBUG] 2023-04-16 19:57:14.842 [freemarker.cache] [debug] - Loading template for "commons/commons-inject-js.ftl"("en_IN", UTF-8, parsed) from "jar:file:/Users/amandeep.singh/.m2/repository/com/aventstack/extentreports/5.0.7/extentreports-5.0.7.jar!/com/aventstack/extentreports/templates/commons/commons-inject-js.ftl"
