[INFO ] 2023-03-21 21:48:21.691 [CRM.TG_5353_Contact_Creation] [TG_5322_VerifyContactCreationForm] - Logging in
[INFO ] 2023-03-21 21:48:24.462 [CRM.TG_5353_Contact_Creation] [TG_5322_VerifyContactCreationForm] - Entering Username
[INFO ] 2023-03-21 21:48:24.463 [CRM.TG_5353_Contact_Creation] [enterUsername] - Entering new user's first name
[INFO ] 2023-03-21 21:48:26.307 [CRM.TG_5353_Contact_Creation] [enterUsername] - User's first name entered successfully
[INFO ] 2023-03-21 21:48:26.307 [CRM.TG_5353_Contact_Creation] [TG_5322_VerifyContactCreationForm] - Username Entered Successfully
[INFO ] 2023-03-21 21:48:26.307 [CRM.TG_5353_Contact_Creation] [TG_5322_VerifyContactCreationForm] - Entering Password
[INFO ] 2023-03-21 21:48:26.310 [CRM.TG_5353_Contact_Creation] [enterPassword] - Entering new user's last name
[INFO ] 2023-03-21 21:48:26.530 [CRM.TG_5353_Contact_Creation] [enterPassword] - User's last name entered successfully
[INFO ] 2023-03-21 21:48:26.531 [CRM.TG_5353_Contact_Creation] [TG_5322_VerifyContactCreationForm] - Password Entered Successfully
[INFO ] 2023-03-21 21:48:26.531 [CRM.TG_5353_Contact_Creation] [TG_5322_VerifyContactCreationForm] - Clicking on Login Button
[INFO ] 2023-03-21 21:48:26.531 [CRM.TG_5353_Contact_Creation] [clickLoginButton] - Clicking on Login Button
[INFO ] 2023-03-21 21:48:27.088 [CRM.TG_5353_Contact_Creation] [clickLoginButton] - Close Pop Up clicked successfully
[INFO ] 2023-03-21 21:48:27.102 [CRM.TG_5353_Contact_Creation] [TG_5322_VerifyContactCreationForm] - Verifying CRM Icon
[INFO ] 2023-03-21 21:48:27.102 [CRM.TG_5353_Contact_Creation] [verifyCRMTextOnHomepage] - Check for CRM Icon on Homepage
[INFO ] 2023-03-21 21:48:41.075 [CRM.TG_5353_Contact_Creation] [verifyCRMTextOnHomepage] - CRM Icon displayed successfully
[INFO ] 2023-03-21 21:48:41.079 [CRM.TG_5353_Contact_Creation] [TG_5322_VerifyContactCreationForm] - CRM Icon Clicked Successfully
[INFO ] 2023-03-21 21:48:41.079 [CRM.TG_5353_Contact_Creation] [TG_5322_VerifyContactCreationForm] - Clicking on CRM Icon
[INFO ] 2023-03-21 21:48:41.079 [CRM.TG_5353_Contact_Creation] [clickCRMIcon] - Clicking on CRM Button
[INFO ] 2023-03-21 21:48:41.930 [CRM.TG_5353_Contact_Creation] [clickCRMIcon] - CRM Button clicked successfully
[INFO ] 2023-03-21 21:48:41.930 [CRM.TG_5353_Contact_Creation] [TG_5322_VerifyContactCreationForm] - CRM Icon Clicked Successfully
[INFO ] 2023-03-21 21:48:43.937 [CRM.TG_5353_Contact_Creation] [TG_5322_VerifyContactCreationForm] - Clicking on Contact Icon
[INFO ] 2023-03-21 21:48:43.938 [CRM.TG_5353_Contact_Creation] [clickContactIcon] - Clicking on Contact Button
[INFO ] 2023-03-21 21:48:45.511 [CRM.TG_5353_Contact_Creation] [clickContactIcon] - Contact Button clicked successfully
[INFO ] 2023-03-21 21:48:45.511 [CRM.TG_5353_Contact_Creation] [TG_5322_VerifyContactCreationForm] - Contact Icon Clicked Successfully
[INFO ] 2023-03-21 21:48:47.518 [CRM.TG_5353_Contact_Creation] [TG_5322_VerifyContactCreationForm] - Verify Listing Form
[INFO ] 2023-03-21 21:48:47.520 [CRM.TG_5353_Contact_Creation] [verifyContactListingForm] - Check for Contact Title
[INFO ] 2023-03-21 21:48:47.629 [CRM.TG_5353_Contact_Creation] [verifyContactListingForm] - Contact Title displayed successfully
[INFO ] 2023-03-21 21:48:47.629 [CRM.TG_5353_Contact_Creation] [TG_5322_VerifyContactCreationForm] - Listing Form verified successfully
[INFO ] 2023-03-21 21:48:49.636 [CRM.TG_5353_Contact_Creation] [TG_5322_VerifyContactCreationForm] - Clicking on Add Contact Button
[INFO ] 2023-03-21 21:48:49.638 [CRM.TG_5353_Contact_Creation] [clickAddContactButton] - Clicking on Contact Button
[INFO ] 2023-03-21 21:48:50.485 [CRM.TG_5353_Contact_Creation] [clickAddContactButton] - Add Contact Button clicked successfully
[INFO ] 2023-03-21 21:48:50.486 [CRM.TG_5353_Contact_Creation] [TG_5322_VerifyContactCreationForm] - Add Contact Button Clicked Successfully
[INFO ] 2023-03-21 21:48:52.490 [CRM.TG_5353_Contact_Creation] [TG_5322_VerifyContactCreationForm] - Verifying the Contact Form Title
[INFO ] 2023-03-21 21:48:52.491 [CRM.TG_5353_Contact_Creation] [verifyContactForm] - Check for New Contact Form
[INFO ] 2023-03-21 21:48:52.589 [CRM.TG_5353_Contact_Creation] [verifyContactForm] - New Contact Form displayed successfully
[INFO ] 2023-03-21 21:48:52.589 [CRM.TG_5353_Contact_Creation] [TG_5322_VerifyContactCreationForm] - Contact Form Title is Verified Successfully
[INFO ] 2023-03-21 21:48:52.589 [CRM.TG_5353_Contact_Creation] [TG_5322_VerifyContactCreationForm] - Verify Mandatory Fields and Creation of Contact
[INFO ] 2023-03-21 21:48:52.589 [CRM.TG_5353_Contact_Creation] [clickSaveButton] - Clicking on Contact Button
[INFO ] 2023-03-21 21:48:52.943 [CRM.TG_5353_Contact_Creation] [clickSaveButton] - Add Contact Button clicked successfully
[INFO ] 2023-03-21 21:48:54.947 [CRM.TG_5353_Contact_Creation] [verifyMandatoryFieldIsBlank] - Verifying the Mandatory Field Pop-Up Title
[INFO ] 2023-03-21 21:48:55.068 [CRM.TG_5353_Contact_Creation] [verifyMandatoryFieldIsBlank] - Mandatory Field Pop-Up Title displayed Successfully
[INFO ] 2023-03-21 21:48:57.075 [CRM.TG_5353_Contact_Creation] [TG_5322_VerifyContactCreationForm] - Closing the Pop-up
[INFO ] 2023-03-21 21:48:57.077 [CRM.TG_5353_Contact_Creation] [closeBlankMandatoryFieldDialogBox] - Clicking on Close Pop-Up Icon
[INFO ] 2023-03-21 21:48:57.278 [CRM.TG_5353_Contact_Creation] [closeBlankMandatoryFieldDialogBox] - Close Pop-Up Icon Clicked Successfully
[INFO ] 2023-03-21 21:48:57.279 [CRM.TG_5353_Contact_Creation] [TG_5322_VerifyContactCreationForm] - Pop-up closed Successfully
[INFO ] 2023-03-21 21:48:59.287 [CRM.TG_5353_Contact_Creation] [TG_5322_VerifyContactCreationForm] - Closing the Pop-up
[INFO ] 2023-03-21 21:48:59.291 [CRM.TG_5353_Contact_Creation] [TG_5322_VerifyContactCreationForm] - Entering Contact Name
[INFO ] 2023-03-21 21:48:59.291 [CRM.TG_5353_Contact_Creation] [enterContactName] - Entering Contact Name
[INFO ] 2023-03-21 21:48:59.499 [CRM.TG_5353_Contact_Creation] [enterContactName] - Contact Name Entered Successfully
[INFO ] 2023-03-21 21:48:59.499 [CRM.TG_5353_Contact_Creation] [TG_5322_VerifyContactCreationForm] - Contact Name Entered Succesfully
[INFO ] 2023-03-21 21:49:01.505 [CRM.TG_5353_Contact_Creation] [TG_5322_VerifyContactCreationForm] - Entering Email
[INFO ] 2023-03-21 21:49:01.506 [CRM.TG_5353_Contact_Creation] [enterEmail] - Entering Email
[INFO ] 2023-03-21 21:49:01.714 [CRM.TG_5353_Contact_Creation] [enterEmail] - Email Entered Successfully
[INFO ] 2023-03-21 21:49:01.715 [CRM.TG_5353_Contact_Creation] [TG_5322_VerifyContactCreationForm] - Email Entered Successfully
[INFO ] 2023-03-21 21:49:03.722 [CRM.TG_5353_Contact_Creation] [TG_5322_VerifyContactCreationForm] - Entering Phone Number
[INFO ] 2023-03-21 21:49:03.724 [CRM.TG_5353_Contact_Creation] [enterPhoneNumber] - Entering Phone Number
[INFO ] 2023-03-21 21:49:03.902 [CRM.TG_5353_Contact_Creation] [enterPhoneNumber] - Phone Number Entered Successfully
[INFO ] 2023-03-21 21:49:03.903 [CRM.TG_5353_Contact_Creation] [TG_5322_VerifyContactCreationForm] - Phone Number Entered Successfully
[INFO ] 2023-03-21 21:49:05.909 [CRM.TG_5353_Contact_Creation] [TG_5322_VerifyContactCreationForm] - Entering Lead
[INFO ] 2023-03-21 21:49:05.911 [CRM.TG_5353_Contact_Creation] [enterLead] - Entering Lead
[INFO ] 2023-03-21 21:49:06.257 [CRM.TG_5353_Contact_Creation] [enterLead] - Lead Entered Successfully
[INFO ] 2023-03-21 21:49:06.257 [CRM.TG_5353_Contact_Creation] [TG_5322_VerifyContactCreationForm] - Lead Entered Successfully
[INFO ] 2023-03-21 21:49:08.267 [CRM.TG_5353_Contact_Creation] [TG_5322_VerifyContactCreationForm] - Entering Address
[INFO ] 2023-03-21 21:49:08.268 [CRM.TG_5353_Contact_Creation] [enterEmployeeAddressOnMaps] - Etering employee address on maps
[INFO ] 2023-03-21 21:49:09.621 [CRM.TG_5353_Contact_Creation] [enterEmployeeAddressOnMaps] - Employee entered successfully
[INFO ] 2023-03-21 21:49:09.622 [CRM.TG_5353_Contact_Creation] [TG_5322_VerifyContactCreationForm] - Address Entered Successfully
[INFO ] 2023-03-21 21:49:11.628 [CRM.TG_5353_Contact_Creation] [TG_5322_VerifyContactCreationForm] - Clicking on Save Button
[INFO ] 2023-03-21 21:49:11.630 [CRM.TG_5353_Contact_Creation] [clickSaveButton] - Clicking on Contact Button
[INFO ] 2023-03-21 21:49:11.823 [CRM.TG_5353_Contact_Creation] [clickSaveButton] - Add Contact Button clicked successfully
[INFO ] 2023-03-21 21:49:11.824 [CRM.TG_5353_Contact_Creation] [TG_5322_VerifyContactCreationForm] - Save Button Clicked Successfully
[INFO ] 2023-03-21 21:49:14.832 [CRM.TG_5353_Contact_Creation] [TG_5322_VerifyContactCreationForm] - Clicking Contact Link
[INFO ] 2023-03-21 21:49:14.833 [CRM.TG_5353_Contact_Creation] [clickContactLinkforListingForm] - Click on Contact for Listing form
[INFO ] 2023-03-21 21:49:15.208 [CRM.TG_5353_Contact_Creation] [clickContactLinkforListingForm] - Contact for Listing form clicked Successfully
[INFO ] 2023-03-21 21:49:15.208 [CRM.TG_5353_Contact_Creation] [TG_5322_VerifyContactCreationForm] - Contact Link Clicked Successfully
[INFO ] 2023-03-21 21:49:15.208 [CRM.TG_5353_Contact_Creation] [clickFiveHundredFilter] - Clicking on 500 filter
[INFO ] 2023-03-21 21:49:15.374 [CRM.TG_5353_Contact_Creation] [clickFiveHundredFilter] - 500 filter clicked successfully
[INFO ] 2023-03-21 21:49:20.381 [CRM.TG_5353_Contact_Creation] [TG_5322_VerifyContactCreationForm] - Verify Created Contact
[INFO ] 2023-03-21 21:49:20.382 [CRM.TG_5353_Contact_Creation] [verifyCreatedContact] - Check for Created Contact
[INFO ] 2023-03-21 21:49:20.475 [CRM.TG_5353_Contact_Creation] [verifyCreatedContact] - Created Contact displayed successfully
[DEBUG] 2023-03-21 21:49:21.242 [freemarker.cache] [debug] - Couldn't find template in cache for "spark/spark.spa.ftl"("en_IN", UTF-8, parsed); will try to load it.
[DEBUG] 2023-03-21 21:49:21.246 [freemarker.cache] [debug] - TemplateLoader.findTemplateSource("spark/spark.spa_en_IN.ftl"): Not found
[DEBUG] 2023-03-21 21:49:21.247 [freemarker.cache] [debug] - TemplateLoader.findTemplateSource("spark/spark.spa_en.ftl"): Not found
[DEBUG] 2023-03-21 21:49:21.248 [freemarker.cache] [debug] - TemplateLoader.findTemplateSource("spark/spark.spa.ftl"): Found
[DEBUG] 2023-03-21 21:49:21.248 [freemarker.cache] [debug] - Loading template for "spark/spark.spa.ftl"("en_IN", UTF-8, parsed) from "jar:file:/Users/amandeep.singh/.m2/repository/com/aventstack/extentreports/5.0.7/extentreports-5.0.7.jar!/com/aventstack/extentreports/templates/spark/spark.spa.ftl"
[DEBUG] 2023-03-21 21:49:21.292 [freemarker.cache] [debug] - Couldn't find template in cache for "commons/commons-variables.ftl"("en_IN", UTF-8, parsed); will try to load it.
[DEBUG] 2023-03-21 21:49:21.294 [freemarker.cache] [debug] - TemplateLoader.findTemplateSource("commons/commons-variables_en_IN.ftl"): Not found
[DEBUG] 2023-03-21 21:49:21.294 [freemarker.cache] [debug] - TemplateLoader.findTemplateSource("commons/commons-variables_en.ftl"): Not found
[DEBUG] 2023-03-21 21:49:21.295 [freemarker.cache] [debug] - TemplateLoader.findTemplateSource("commons/commons-variables.ftl"): Found
[DEBUG] 2023-03-21 21:49:21.295 [freemarker.cache] [debug] - Loading template for "commons/commons-variables.ftl"("en_IN", UTF-8, parsed) from "jar:file:/Users/amandeep.singh/.m2/repository/com/aventstack/extentreports/5.0.7/extentreports-5.0.7.jar!/com/aventstack/extentreports/templates/commons/commons-variables.ftl"
[DEBUG] 2023-03-21 21:49:21.389 [freemarker.cache] [debug] - Couldn't find template in cache for "commons/commons-macros.ftl"("en_IN", UTF-8, parsed); will try to load it.
[DEBUG] 2023-03-21 21:49:21.390 [freemarker.cache] [debug] - TemplateLoader.findTemplateSource("commons/commons-macros_en_IN.ftl"): Not found
[DEBUG] 2023-03-21 21:49:21.390 [freemarker.cache] [debug] - TemplateLoader.findTemplateSource("commons/commons-macros_en.ftl"): Not found
[DEBUG] 2023-03-21 21:49:21.391 [freemarker.cache] [debug] - TemplateLoader.findTemplateSource("commons/commons-macros.ftl"): Found
[DEBUG] 2023-03-21 21:49:21.391 [freemarker.cache] [debug] - Loading template for "commons/commons-macros.ftl"("en_IN", UTF-8, parsed) from "jar:file:/Users/amandeep.singh/.m2/repository/com/aventstack/extentreports/5.0.7/extentreports-5.0.7.jar!/com/aventstack/extentreports/templates/commons/commons-macros.ftl"
[DEBUG] 2023-03-21 21:49:21.400 [freemarker.cache] [debug] - Couldn't find template in cache for "spark/macros/attributes.ftl"("en_IN", UTF-8, parsed); will try to load it.
[DEBUG] 2023-03-21 21:49:21.402 [freemarker.cache] [debug] - TemplateLoader.findTemplateSource("spark/macros/attributes_en_IN.ftl"): Not found
[DEBUG] 2023-03-21 21:49:21.403 [freemarker.cache] [debug] - TemplateLoader.findTemplateSource("spark/macros/attributes_en.ftl"): Not found
[DEBUG] 2023-03-21 21:49:21.404 [freemarker.cache] [debug] - TemplateLoader.findTemplateSource("spark/macros/attributes.ftl"): Found
[DEBUG] 2023-03-21 21:49:21.404 [freemarker.cache] [debug] - Loading template for "spark/macros/attributes.ftl"("en_IN", UTF-8, parsed) from "jar:file:/Users/amandeep.singh/.m2/repository/com/aventstack/extentreports/5.0.7/extentreports-5.0.7.jar!/com/aventstack/extentreports/templates/spark/macros/attributes.ftl"
[DEBUG] 2023-03-21 21:49:21.406 [freemarker.cache] [debug] - Couldn't find template in cache for "spark/macros/log.ftl"("en_IN", UTF-8, parsed); will try to load it.
[DEBUG] 2023-03-21 21:49:21.407 [freemarker.cache] [debug] - TemplateLoader.findTemplateSource("spark/macros/log_en_IN.ftl"): Not found
[DEBUG] 2023-03-21 21:49:21.407 [freemarker.cache] [debug] - TemplateLoader.findTemplateSource("spark/macros/log_en.ftl"): Not found
[DEBUG] 2023-03-21 21:49:21.408 [freemarker.cache] [debug] - TemplateLoader.findTemplateSource("spark/macros/log.ftl"): Found
[DEBUG] 2023-03-21 21:49:21.408 [freemarker.cache] [debug] - Loading template for "spark/macros/log.ftl"("en_IN", UTF-8, parsed) from "jar:file:/Users/amandeep.singh/.m2/repository/com/aventstack/extentreports/5.0.7/extentreports-5.0.7.jar!/com/aventstack/extentreports/templates/spark/macros/log.ftl"
[DEBUG] 2023-03-21 21:49:21.416 [freemarker.cache] [debug] - Couldn't find template in cache for "spark/macros/recurse_nodes.ftl"("en_IN", UTF-8, parsed); will try to load it.
[DEBUG] 2023-03-21 21:49:21.416 [freemarker.cache] [debug] - TemplateLoader.findTemplateSource("spark/macros/recurse_nodes_en_IN.ftl"): Not found
[DEBUG] 2023-03-21 21:49:21.417 [freemarker.cache] [debug] - TemplateLoader.findTemplateSource("spark/macros/recurse_nodes_en.ftl"): Not found
[DEBUG] 2023-03-21 21:49:21.417 [freemarker.cache] [debug] - TemplateLoader.findTemplateSource("spark/macros/recurse_nodes.ftl"): Found
[DEBUG] 2023-03-21 21:49:21.418 [freemarker.cache] [debug] - Loading template for "spark/macros/recurse_nodes.ftl"("en_IN", UTF-8, parsed) from "jar:file:/Users/amandeep.singh/.m2/repository/com/aventstack/extentreports/5.0.7/extentreports-5.0.7.jar!/com/aventstack/extentreports/templates/spark/macros/recurse_nodes.ftl"
[DEBUG] 2023-03-21 21:49:21.426 [freemarker.cache] [debug] - "spark/macros/log.ftl"("en_IN", UTF-8, parsed) cached copy not yet stale; using cached.
[DEBUG] 2023-03-21 21:49:21.426 [freemarker.cache] [debug] - Couldn't find template in cache for "spark/macros/attr-common.ftl"("en_IN", UTF-8, parsed); will try to load it.
[DEBUG] 2023-03-21 21:49:21.426 [freemarker.cache] [debug] - TemplateLoader.findTemplateSource("spark/macros/attr-common_en_IN.ftl"): Not found
[DEBUG] 2023-03-21 21:49:21.427 [freemarker.cache] [debug] - TemplateLoader.findTemplateSource("spark/macros/attr-common_en.ftl"): Not found
[DEBUG] 2023-03-21 21:49:21.427 [freemarker.cache] [debug] - TemplateLoader.findTemplateSource("spark/macros/attr-common.ftl"): Found
[DEBUG] 2023-03-21 21:49:21.427 [freemarker.cache] [debug] - Loading template for "spark/macros/attr-common.ftl"("en_IN", UTF-8, parsed) from "jar:file:/Users/amandeep.singh/.m2/repository/com/aventstack/extentreports/5.0.7/extentreports-5.0.7.jar!/com/aventstack/extentreports/templates/spark/macros/attr-common.ftl"
[DEBUG] 2023-03-21 21:49:21.436 [freemarker.cache] [debug] - Couldn't find template in cache for "spark/partials/head.ftl"("en_IN", UTF-8, parsed); will try to load it.
[DEBUG] 2023-03-21 21:49:21.438 [freemarker.cache] [debug] - TemplateLoader.findTemplateSource("spark/partials/head_en_IN.ftl"): Not found
[DEBUG] 2023-03-21 21:49:21.439 [freemarker.cache] [debug] - TemplateLoader.findTemplateSource("spark/partials/head_en.ftl"): Not found
[DEBUG] 2023-03-21 21:49:21.439 [freemarker.cache] [debug] - TemplateLoader.findTemplateSource("spark/partials/head.ftl"): Found
[DEBUG] 2023-03-21 21:49:21.439 [freemarker.cache] [debug] - Loading template for "spark/partials/head.ftl"("en_IN", UTF-8, parsed) from "jar:file:/Users/amandeep.singh/.m2/repository/com/aventstack/extentreports/5.0.7/extentreports-5.0.7.jar!/com/aventstack/extentreports/templates/spark/partials/head.ftl"
[DEBUG] 2023-03-21 21:49:21.444 [freemarker.cache] [debug] - Couldn't find template in cache for "commons/commons-inject-css.ftl"("en_IN", UTF-8, parsed); will try to load it.
[DEBUG] 2023-03-21 21:49:21.444 [freemarker.cache] [debug] - TemplateLoader.findTemplateSource("commons/commons-inject-css_en_IN.ftl"): Not found
[DEBUG] 2023-03-21 21:49:21.444 [freemarker.cache] [debug] - TemplateLoader.findTemplateSource("commons/commons-inject-css_en.ftl"): Not found
[DEBUG] 2023-03-21 21:49:21.445 [freemarker.cache] [debug] - TemplateLoader.findTemplateSource("commons/commons-inject-css.ftl"): Found
[DEBUG] 2023-03-21 21:49:21.445 [freemarker.cache] [debug] - Loading template for "commons/commons-inject-css.ftl"("en_IN", UTF-8, parsed) from "jar:file:/Users/amandeep.singh/.m2/repository/com/aventstack/extentreports/5.0.7/extentreports-5.0.7.jar!/com/aventstack/extentreports/templates/commons/commons-inject-css.ftl"
[DEBUG] 2023-03-21 21:49:21.446 [freemarker.cache] [debug] - Couldn't find template in cache for "spark/partials/navbar.ftl"("en_IN", UTF-8, parsed); will try to load it.
[DEBUG] 2023-03-21 21:49:21.446 [freemarker.cache] [debug] - TemplateLoader.findTemplateSource("spark/partials/navbar_en_IN.ftl"): Not found
[DEBUG] 2023-03-21 21:49:21.446 [freemarker.cache] [debug] - TemplateLoader.findTemplateSource("spark/partials/navbar_en.ftl"): Not found
[DEBUG] 2023-03-21 21:49:21.447 [freemarker.cache] [debug] - TemplateLoader.findTemplateSource("spark/partials/navbar.ftl"): Found
[DEBUG] 2023-03-21 21:49:21.448 [freemarker.cache] [debug] - Loading template for "spark/partials/navbar.ftl"("en_IN", UTF-8, parsed) from "jar:file:/Users/amandeep.singh/.m2/repository/com/aventstack/extentreports/5.0.7/extentreports-5.0.7.jar!/com/aventstack/extentreports/templates/spark/partials/navbar.ftl"
[DEBUG] 2023-03-21 21:49:21.455 [freemarker.cache] [debug] - Couldn't find template in cache for "spark/partials/sidenav.ftl"("en_IN", UTF-8, parsed); will try to load it.
[DEBUG] 2023-03-21 21:49:21.462 [freemarker.cache] [debug] - TemplateLoader.findTemplateSource("spark/partials/sidenav_en_IN.ftl"): Not found
[DEBUG] 2023-03-21 21:49:21.463 [freemarker.cache] [debug] - TemplateLoader.findTemplateSource("spark/partials/sidenav_en.ftl"): Not found
[DEBUG] 2023-03-21 21:49:21.463 [freemarker.cache] [debug] - TemplateLoader.findTemplateSource("spark/partials/sidenav.ftl"): Found
[DEBUG] 2023-03-21 21:49:21.463 [freemarker.cache] [debug] - Loading template for "spark/partials/sidenav.ftl"("en_IN", UTF-8, parsed) from "jar:file:/Users/amandeep.singh/.m2/repository/com/aventstack/extentreports/5.0.7/extentreports-5.0.7.jar!/com/aventstack/extentreports/templates/spark/partials/sidenav.ftl"
[DEBUG] 2023-03-21 21:49:21.477 [freemarker.cache] [debug] - Couldn't find template in cache for "spark/partials/dashboard.ftl"("en_IN", UTF-8, parsed); will try to load it.
[DEBUG] 2023-03-21 21:49:21.478 [freemarker.cache] [debug] - TemplateLoader.findTemplateSource("spark/partials/dashboard_en_IN.ftl"): Not found
[DEBUG] 2023-03-21 21:49:21.478 [freemarker.cache] [debug] - TemplateLoader.findTemplateSource("spark/partials/dashboard_en.ftl"): Not found
[DEBUG] 2023-03-21 21:49:21.478 [freemarker.cache] [debug] - TemplateLoader.findTemplateSource("spark/partials/dashboard.ftl"): Found
[DEBUG] 2023-03-21 21:49:21.478 [freemarker.cache] [debug] - Loading template for "spark/partials/dashboard.ftl"("en_IN", UTF-8, parsed) from "jar:file:/Users/amandeep.singh/.m2/repository/com/aventstack/extentreports/5.0.7/extentreports-5.0.7.jar!/com/aventstack/extentreports/templates/spark/partials/dashboard.ftl"
[DEBUG] 2023-03-21 21:49:21.546 [freemarker.cache] [debug] - Couldn't find template in cache for "spark/partials/category.ftl"("en_IN", UTF-8, parsed); will try to load it.
[DEBUG] 2023-03-21 21:49:21.547 [freemarker.cache] [debug] - TemplateLoader.findTemplateSource("spark/partials/category_en_IN.ftl"): Not found
[DEBUG] 2023-03-21 21:49:21.547 [freemarker.cache] [debug] - TemplateLoader.findTemplateSource("spark/partials/category_en.ftl"): Not found
[DEBUG] 2023-03-21 21:49:21.548 [freemarker.cache] [debug] - TemplateLoader.findTemplateSource("spark/partials/category.ftl"): Found
[DEBUG] 2023-03-21 21:49:21.548 [freemarker.cache] [debug] - Loading template for "spark/partials/category.ftl"("en_IN", UTF-8, parsed) from "jar:file:/Users/amandeep.singh/.m2/repository/com/aventstack/extentreports/5.0.7/extentreports-5.0.7.jar!/com/aventstack/extentreports/templates/spark/partials/category.ftl"
[DEBUG] 2023-03-21 21:49:21.550 [freemarker.cache] [debug] - Couldn't find template in cache for "spark/partials/test.ftl"("en_IN", UTF-8, parsed); will try to load it.
[DEBUG] 2023-03-21 21:49:21.550 [freemarker.cache] [debug] - TemplateLoader.findTemplateSource("spark/partials/test_en_IN.ftl"): Not found
[DEBUG] 2023-03-21 21:49:21.551 [freemarker.cache] [debug] - TemplateLoader.findTemplateSource("spark/partials/test_en.ftl"): Not found
[DEBUG] 2023-03-21 21:49:21.551 [freemarker.cache] [debug] - TemplateLoader.findTemplateSource("spark/partials/test.ftl"): Found
[DEBUG] 2023-03-21 21:49:21.551 [freemarker.cache] [debug] - Loading template for "spark/partials/test.ftl"("en_IN", UTF-8, parsed) from "jar:file:/Users/amandeep.singh/.m2/repository/com/aventstack/extentreports/5.0.7/extentreports-5.0.7.jar!/com/aventstack/extentreports/templates/spark/partials/test.ftl"
[DEBUG] 2023-03-21 21:49:21.567 [freemarker.cache] [debug] - Couldn't find template in cache for "spark/partials/standard-content.ftl"("en_IN", UTF-8, parsed); will try to load it.
[DEBUG] 2023-03-21 21:49:21.567 [freemarker.cache] [debug] - TemplateLoader.findTemplateSource("spark/partials/standard-content_en_IN.ftl"): Not found
[DEBUG] 2023-03-21 21:49:21.568 [freemarker.cache] [debug] - TemplateLoader.findTemplateSource("spark/partials/standard-content_en.ftl"): Not found
[DEBUG] 2023-03-21 21:49:21.568 [freemarker.cache] [debug] - TemplateLoader.findTemplateSource("spark/partials/standard-content.ftl"): Found
[DEBUG] 2023-03-21 21:49:21.568 [freemarker.cache] [debug] - Loading template for "spark/partials/standard-content.ftl"("en_IN", UTF-8, parsed) from "jar:file:/Users/amandeep.singh/.m2/repository/com/aventstack/extentreports/5.0.7/extentreports-5.0.7.jar!/com/aventstack/extentreports/templates/spark/partials/standard-content.ftl"
[DEBUG] 2023-03-21 21:49:21.595 [freemarker.cache] [debug] - Couldn't find template in cache for "spark/partials/scripts.ftl"("en_IN", UTF-8, parsed); will try to load it.
[DEBUG] 2023-03-21 21:49:21.596 [freemarker.cache] [debug] - TemplateLoader.findTemplateSource("spark/partials/scripts_en_IN.ftl"): Not found
[DEBUG] 2023-03-21 21:49:21.596 [freemarker.cache] [debug] - TemplateLoader.findTemplateSource("spark/partials/scripts_en.ftl"): Not found
[DEBUG] 2023-03-21 21:49:21.597 [freemarker.cache] [debug] - TemplateLoader.findTemplateSource("spark/partials/scripts.ftl"): Found
[DEBUG] 2023-03-21 21:49:21.597 [freemarker.cache] [debug] - Loading template for "spark/partials/scripts.ftl"("en_IN", UTF-8, parsed) from "jar:file:/Users/amandeep.singh/.m2/repository/com/aventstack/extentreports/5.0.7/extentreports-5.0.7.jar!/com/aventstack/extentreports/templates/spark/partials/scripts.ftl"
[DEBUG] 2023-03-21 21:49:21.598 [freemarker.cache] [debug] - Couldn't find template in cache for "commons/commons-inject-js.ftl"("en_IN", UTF-8, parsed); will try to load it.
[DEBUG] 2023-03-21 21:49:21.599 [freemarker.cache] [debug] - TemplateLoader.findTemplateSource("commons/commons-inject-js_en_IN.ftl"): Not found
[DEBUG] 2023-03-21 21:49:21.599 [freemarker.cache] [debug] - TemplateLoader.findTemplateSource("commons/commons-inject-js_en.ftl"): Not found
[DEBUG] 2023-03-21 21:49:21.599 [freemarker.cache] [debug] - TemplateLoader.findTemplateSource("commons/commons-inject-js.ftl"): Found
[DEBUG] 2023-03-21 21:49:21.599 [freemarker.cache] [debug] - Loading template for "commons/commons-inject-js.ftl"("en_IN", UTF-8, parsed) from "jar:file:/Users/amandeep.singh/.m2/repository/com/aventstack/extentreports/5.0.7/extentreports-5.0.7.jar!/com/aventstack/extentreports/templates/commons/commons-inject-js.ftl"
