[INFO ] 2023-01-10 00:58:34.532 [jobTitle_jobSite.TG_4863_JobSiteCreation] [enterUsername] - Entering new user's first name
[INFO ] 2023-01-10 00:58:35.245 [jobTitle_jobSite.TG_4863_JobSiteCreation] [enterUsername] - User's first name entered successfully
[INFO ] 2023-01-10 00:58:35.246 [jobTitle_jobSite.TG_4863_JobSiteCreation] [enterPassword] - Entering new user's last name
[INFO ] 2023-01-10 00:58:35.635 [jobTitle_jobSite.TG_4863_JobSiteCreation] [enterPassword] - User's last name entered successfully
[INFO ] 2023-01-10 00:58:35.644 [jobTitle_jobSite.TG_4863_JobSiteCreation] [clickLoginButton] - Clicking on Login Button
[INFO ] 2023-01-10 00:58:36.651 [jobTitle_jobSite.TG_4863_JobSiteCreation] [clickLoginButton] - Close Pop Up clicked successfully
[INFO ] 2023-01-10 00:58:39.657 [jobTitle_jobSite.TG_4863_JobSiteCreation] [clickJobSiteOnHomepage] - Clicking on Job Site on Homepage
[INFO ] 2023-01-10 00:58:48.623 [jobTitle_jobSite.TG_4863_JobSiteCreation] [clickJobSiteOnHomepage] - Job Site Listing opened successfully
[INFO ] 2023-01-10 00:58:53.629 [jobTitle_jobSite.TG_4863_JobSiteCreation] [clickAddJobSiteButton] - Clicking Add Job Site Button
[INFO ] 2023-01-10 00:58:54.703 [jobTitle_jobSite.TG_4863_JobSiteCreation] [clickAddJobSiteButton] - Add Job Site clicked successfully
[INFO ] 2023-01-10 00:58:57.706 [jobTitle_jobSite.TG_4863_JobSiteCreation] [clickCreateNewUserOption] - Clicking New User Option in Job site Contact
[INFO ] 2023-01-10 00:58:58.142 [jobTitle_jobSite.TG_4863_JobSiteCreation] [clickCreateNewUserOption] - New User Option in Job site Contactclicked successfully
[INFO ] 2023-01-10 00:59:00.145 [jobTitle_jobSite.TG_4863_JobSiteCreation] [enterCompanyType] - Entering Company Type
[INFO ] 2023-01-10 00:59:00.353 [jobTitle_jobSite.TG_4863_JobSiteCreation] [enterCompanyType] - Company Type Entered Successfully
[INFO ] 2023-01-10 00:59:00.353 [jobTitle_jobSite.TG_4863_JobSiteCreation] [clickLastNameField] - Clicking Last Name field
[INFO ] 2023-01-10 00:59:00.733 [jobTitle_jobSite.TG_4863_JobSiteCreation] [clickLastNameField] - Last Name  field clicked successfully
[INFO ] 2023-01-10 00:59:03.740 [jobTitle_jobSite.TG_4863_JobSiteCreation] [enterUserEmail] - Entering user email address
[INFO ] 2023-01-10 00:59:03.962 [jobTitle_jobSite.TG_4863_JobSiteCreation] [enterUserEmail] - Email entered successfully
[INFO ] 2023-01-10 00:59:03.963 [jobTitle_jobSite.TG_4863_JobSiteCreation] [enterFirstNameField] - Entering First Name field
[INFO ] 2023-01-10 00:59:04.291 [jobTitle_jobSite.TG_4863_JobSiteCreation] [enterFirstNameField] - First Name  entered successfully
[INFO ] 2023-01-10 00:59:04.292 [jobTitle_jobSite.TG_4863_JobSiteCreation] [enterLastNameField] - Entering Last Name field
[INFO ] 2023-01-10 00:59:04.418 [jobTitle_jobSite.TG_4863_JobSiteCreation] [enterLastNameField] - Last Name entered successfully
[INFO ] 2023-01-10 00:59:04.620 [jobTitle_jobSite.TG_4863_JobSiteCreation] [enterMobile] - Entering Mobile Number
[INFO ] 2023-01-10 00:59:04.839 [jobTitle_jobSite.TG_4863_JobSiteCreation] [enterMobile] - Mobile entered successfully
[INFO ] 2023-01-10 00:59:05.846 [jobTitle_jobSite.TG_4863_JobSiteCreation] [clickSavebuttonInAddUser] - Clicking save button
[INFO ] 2023-01-10 00:59:06.011 [jobTitle_jobSite.TG_4863_JobSiteCreation] [clickSavebuttonInAddUser] - Save button clicked successfully
[INFO ] 2023-01-10 00:59:28.556 [jobTitle_jobSite.TG_4863_JobSiteCreation] [clickClosePopUp] - Clicking on close icon in pop up
[INFO ] 2023-01-10 00:59:28.796 [jobTitle_jobSite.TG_4863_JobSiteCreation] [clickClosePopUp] - pop up closed successfully
[INFO ] 2023-01-10 00:59:28.875 [jobTitle_jobSite.TG_4863_JobSiteCreation] [selectSearchOnMapsCheckbox] - Selecting search on Maps checkbox
[INFO ] 2023-01-10 00:59:31.161 [jobTitle_jobSite.TG_4863_JobSiteCreation] [selectSearchOnMapsCheckbox] - Search on maps checkbox selected
[INFO ] 2023-01-10 00:59:31.161 [jobTitle_jobSite.TG_4863_JobSiteCreation] [enterEmployeeAddressOnMaps] - Etering employee address on maps
[INFO ] 2023-01-10 00:59:32.733 [jobTitle_jobSite.TG_4863_JobSiteCreation] [enterEmployeeAddressOnMaps] - Employee entered successfully
[INFO ] 2023-01-10 00:59:35.738 [jobTitle_jobSite.TG_4863_JobSiteCreation] [enterJobTitleInTable] - Entering Job Title List in the Table
[INFO ] 2023-01-10 00:59:36.045 [jobTitle_jobSite.TG_4863_JobSiteCreation] [enterJobTitleInTable] - Clicked Job Title in the Table successfully
[INFO ] 2023-01-10 00:59:36.046 [jobTitle_jobSite.TG_4863_JobSiteCreation] [enterTitle] - Enter Title
[INFO ] 2023-01-10 00:59:39.641 [jobTitle_jobSite.TG_4863_JobSiteCreation] [enterTitle] - Entered Job Title in the Table successfully
[INFO ] 2023-01-10 00:59:41.642 [jobTitle_jobSite.TG_4863_JobSiteCreation] [clickSaveButton] - Clicking Save Button
[INFO ] 2023-01-10 00:59:41.778 [jobTitle_jobSite.TG_4863_JobSiteCreation] [clickSaveButton] - Save Button clicked successfully
[INFO ] 2023-01-10 00:59:41.779 [jobTitle_jobSite.TG_4863_JobSiteCreation] [verifyCreatedSite] - Verify Job Site created Successfully
