[INFO ] 2023-02-02 01:05:58.497 [directOrder.TG_5803_DirectOrderDeny] [VerifyUserRedirectToNewOrderFormViaDirectOrder] - Started==Verifying Confirm Job Order Details
[INFO ] 2023-02-02 01:06:03.086 [directOrder.TG_5803_DirectOrderDeny] [enterUsername] - Entering new user's first name
[INFO ] 2023-02-02 01:06:03.680 [directOrder.TG_5803_DirectOrderDeny] [enterUsername] - User's first name entered successfully
[INFO ] 2023-02-02 01:06:03.680 [directOrder.TG_5803_DirectOrderDeny] [enterPassword] - Entering new user's last name
[INFO ] 2023-02-02 01:06:03.878 [directOrder.TG_5803_DirectOrderDeny] [enterPassword] - User's last name entered successfully
[INFO ] 2023-02-02 01:06:03.878 [directOrder.TG_5803_DirectOrderDeny] [clickLoginButton] - Clicking on Login Button
[INFO ] 2023-02-02 01:06:04.410 [directOrder.TG_5803_DirectOrderDeny] [clickLoginButton] - Close Pop Up clicked successfully
[INFO ] 2023-02-02 01:06:04.411 [directOrder.TG_5803_DirectOrderDeny] [clickStaffingCompanies] - Clicking on Staffing Companies Button
[INFO ] 2023-02-02 01:06:18.315 [directOrder.TG_5803_DirectOrderDeny] [clickStaffingCompanies] - Staffing Companies Button clicked successfully
[INFO ] 2023-02-02 01:06:18.323 [directOrder.TG_5803_DirectOrderDeny] [verifyStaffingCompanyList] - Verify Staffing Company List is displayed
[INFO ] 2023-02-02 01:06:18.851 [directOrder.TG_5803_DirectOrderDeny] [verifyStaffingCompanyList] - Staffing Company List displayed successfully
[INFO ] 2023-02-02 01:06:23.857 [directOrder.TG_5803_DirectOrderDeny] [clickStaffingCompany] - Clicking on Staffing Company
[INFO ] 2023-02-02 01:06:26.368 [directOrder.TG_5803_DirectOrderDeny] [clickStaffingCompany] - Staffing Company clicked successfully
[INFO ] 2023-02-02 01:06:29.375 [directOrder.TG_5803_DirectOrderDeny] [clickPlaceOrderButton] - Clicking on Staffing Company
[INFO ] 2023-02-02 01:06:29.659 [directOrder.TG_5803_DirectOrderDeny] [clickPlaceOrderButton] - Staffing Company clicked successfully
[INFO ] 2023-02-02 01:06:29.818 [directOrder.TG_5803_DirectOrderDeny] [Tag_EndToEndFlowNewOrderHiring] - Started==Starting End To End Flow NewOrderHiring
[INFO ] 2023-02-02 01:06:29.818 [directOrder.TG_5803_DirectOrderDeny] [newDirectOrderHiring] - Entering EstDailyHours
[INFO ] 2023-02-02 01:06:38.908 [directOrder.TG_5803_DirectOrderDeny] [newDirectOrderHiring] - EstDailyHours entered successfully
[INFO ] 2023-02-02 01:06:38.912 [directOrder.TG_5803_DirectOrderDeny] [newDirectOrderHiring] - Entering StartDate
[INFO ] 2023-02-02 01:06:45.279 [directOrder.TG_5803_DirectOrderDeny] [newDirectOrderHiring] - StartDate entered successfully
[INFO ] 2023-02-02 01:06:45.281 [directOrder.TG_5803_DirectOrderDeny] [newDirectOrderHiring] - Entering EndDate
[INFO ] 2023-02-02 01:06:56.700 [directOrder.TG_5803_DirectOrderDeny] [newDirectOrderHiring] - EndDate entered successfully
[INFO ] 2023-02-02 01:06:56.701 [directOrder.TG_5803_DirectOrderDeny] [newDirectOrderHiring] - Entering StartTime
[INFO ] 2023-02-02 01:06:57.453 [directOrder.TG_5803_DirectOrderDeny] [newDirectOrderHiring] - StartTime entered successfully
[INFO ] 2023-02-02 01:06:57.454 [directOrder.TG_5803_DirectOrderDeny] [newDirectOrderHiring] - Entering Availability
[INFO ] 2023-02-02 01:06:57.696 [directOrder.TG_5803_DirectOrderDeny] [newDirectOrderHiring] - Availabilit entered successfully
[INFO ] 2023-02-02 01:06:57.696 [directOrder.TG_5803_DirectOrderDeny] [newDirectOrderHiring] - Entering JobSite
[INFO ] 2023-02-02 01:07:03.950 [directOrder.TG_5803_DirectOrderDeny] [newDirectOrderHiring] - JobSite entered successfully
[INFO ] 2023-02-02 01:07:03.952 [directOrder.TG_5803_DirectOrderDeny] [newDirectOrderHiring] - Entering JobTitle
[INFO ] 2023-02-02 01:07:13.339 [directOrder.TG_5803_DirectOrderDeny] [newDirectOrderHiring] - JobTitle entered successfully
[INFO ] 2023-02-02 01:07:13.343 [directOrder.TG_5803_DirectOrderDeny] [newDirectOrderHiring] - Entering No Of Workers
[INFO ] 2023-02-02 01:07:18.544 [directOrder.TG_5803_DirectOrderDeny] [newDirectOrderHiring] - NoOfWorkers entered successfully
[INFO ] 2023-02-02 01:07:18.545 [directOrder.TG_5803_DirectOrderDeny] [newDirectOrderHiring] - Entering ESignature
[INFO ] 2023-02-02 01:07:21.787 [directOrder.TG_5803_DirectOrderDeny] [newDirectOrderHiring] - ESignature entered successfully
[INFO ] 2023-02-02 01:07:21.789 [directOrder.TG_5803_DirectOrderDeny] [newDirectOrderHiring] - clickAgreeContract
[INFO ] 2023-02-02 01:07:21.965 [directOrder.TG_5803_DirectOrderDeny] [newDirectOrderHiring] - clickAgreeContract successfully
[INFO ] 2023-02-02 01:07:21.965 [directOrder.TG_5803_DirectOrderDeny] [newDirectOrderHiring] - clickSaveButton
[INFO ] 2023-02-02 01:07:22.256 [directOrder.TG_5803_DirectOrderDeny] [newDirectOrderHiring] - SaveButton Clicked successfully
[INFO ] 2023-02-02 01:07:30.824 [directOrder.TG_5803_DirectOrderDeny] [newDirectOrderHiring] - Job order link present on the home page clicked
[INFO ] 2023-02-02 01:07:39.941 [directOrder.TG_5803_DirectOrderDeny] [newDirectOrderHiring] - Verify Job Order Id and Email Successfully
[INFO ] 2023-02-02 01:07:54.329 [directOrder.TG_5803_DirectOrderDeny] [enterUsername] - Entering new user's first name
[INFO ] 2023-02-02 01:07:54.503 [directOrder.TG_5803_DirectOrderDeny] [enterUsername] - User's first name entered successfully
[INFO ] 2023-02-02 01:07:54.503 [directOrder.TG_5803_DirectOrderDeny] [enterPassword] - Entering new user's last name
[INFO ] 2023-02-02 01:07:54.617 [directOrder.TG_5803_DirectOrderDeny] [enterPassword] - User's last name entered successfully
[INFO ] 2023-02-02 01:07:54.618 [directOrder.TG_5803_DirectOrderDeny] [clickLoginButton] - Clicking on Login Button
[INFO ] 2023-02-02 01:07:54.768 [directOrder.TG_5803_DirectOrderDeny] [clickLoginButton] - Close Pop Up clicked successfully
[INFO ] 2023-02-02 01:07:57.775 [directOrder.TG_5803_DirectOrderDeny] [clickNotificationIcon] - Clicking on Notifications
[INFO ] 2023-02-02 01:07:59.401 [directOrder.TG_5803_DirectOrderDeny] [clickNotificationIcon] - Notifications clicked successfully
[INFO ] 2023-02-02 01:08:01.408 [directOrder.TG_5803_DirectOrderDeny] [verifyNotificationText] - Verify Direct Order Text in Notification
[INFO ] 2023-02-02 01:08:01.655 [directOrder.TG_5803_DirectOrderDeny] [verifyNotificationText] - Direct Order Text in Notification displayed successfully
[INFO ] 2023-02-02 01:08:01.666 [directOrder.TG_5803_DirectOrderDeny] [clickJobOrderHomePage] - Clicking Job orders menu present on the staffing homepage navigates to joborder listing form 
[INFO ] 2023-02-02 01:08:04.533 [directOrder.TG_5803_DirectOrderDeny] [clickJobOrderHomePage] - All job orders menu present on the staffing hompage clicked successfully and navigates to joborder listing form  .
[INFO ] 2023-02-02 01:08:06.539 [directOrder.TG_5803_DirectOrderDeny] [verifyJobOrderPage] - Job order form is displayed
[INFO ] 2023-02-02 01:08:06.670 [directOrder.TG_5803_DirectOrderDeny] [verifyJobOrderPage] - Job orderform is displayed successfully
[INFO ] 2023-02-02 01:08:16.687 [directOrder.TG_5803_DirectOrderDeny] [selectParticularJobOrderFromListing] - Selecting Particular Joborder on the listing
[INFO ] 2023-02-02 01:08:26.928 [directOrder.TG_5803_DirectOrderDeny] [selectParticularJobOrderFromListing] - Particular Joborder on the listing selected successfully
[INFO ] 2023-02-02 01:08:31.934 [directOrder.TG_5803_DirectOrderDeny] [clickOrdersMenuOnStaffingHomePage] - Clicking Order menu present on the staffing homepage
[INFO ] 2023-02-02 01:08:32.188 [directOrder.TG_5803_DirectOrderDeny] [clickOrdersMenuOnStaffingHomePage] - Order menu present on the staffing hompage clicked successfully.
[INFO ] 2023-02-02 01:08:34.194 [directOrder.TG_5803_DirectOrderDeny] [clickDirectOrderNav] - Clicking on Direct Orders
[INFO ] 2023-02-02 01:08:34.952 [directOrder.TG_5803_DirectOrderDeny] [clickDirectOrderNav] - Direct orders clicked successfully
[INFO ] 2023-02-02 01:08:36.960 [directOrder.TG_5803_DirectOrderDeny] [selectParticularJobOrderFromListing] - Selecting Particular Joborder on the listing
[INFO ] 2023-02-02 01:08:47.150 [directOrder.TG_5803_DirectOrderDeny] [selectParticularJobOrderFromListing] - Particular Joborder on the listing selected successfully
[INFO ] 2023-02-02 01:08:52.159 [directOrder.TG_5803_DirectOrderDeny] [clickDenyButton] - Clicking on Deny Button
[INFO ] 2023-02-02 01:09:52.418 [directOrder.TG_5803_DirectOrderDeny] [clickDenyButton] - Deny Button clicked successfully
[INFO ] 2023-02-02 01:10:34.101 [directOrder.TG_5803_DirectOrderDeny] [enterUsername] - Entering new user's first name
[INFO ] 2023-02-02 01:10:34.252 [directOrder.TG_5803_DirectOrderDeny] [enterUsername] - User's first name entered successfully
[INFO ] 2023-02-02 01:10:34.253 [directOrder.TG_5803_DirectOrderDeny] [enterPassword] - Entering new user's last name
[INFO ] 2023-02-02 01:10:34.479 [directOrder.TG_5803_DirectOrderDeny] [enterPassword] - User's last name entered successfully
[INFO ] 2023-02-02 01:10:34.480 [directOrder.TG_5803_DirectOrderDeny] [clickLoginButton] - Clicking on Login Button
[INFO ] 2023-02-02 01:10:34.615 [directOrder.TG_5803_DirectOrderDeny] [clickLoginButton] - Close Pop Up clicked successfully
[INFO ] 2023-02-02 01:10:37.627 [directOrder.TG_5803_DirectOrderDeny] [clickJobOrderHomePage] - Clicking Job orders menu present on the staffing homepage navigates to joborder listing form 
