[INFO ] 2023-01-09 10:42:46.045 [employees.TG_3963_AddNewEmployee] [VerifyCreateNewEmployee] - Started==Verifying Company Type  and Company Name are mandatory fields
[INFO ] 2023-01-09 10:42:48.713 [employees.TG_3963_AddNewEmployee] [enterUsername] - Entering new user's first name
[INFO ] 2023-01-09 10:42:49.548 [employees.TG_3963_AddNewEmployee] [enterUsername] - User's first name entered successfully
[INFO ] 2023-01-09 10:42:49.548 [employees.TG_3963_AddNewEmployee] [enterPassword] - Entering new user's last name
[INFO ] 2023-01-09 10:42:49.692 [employees.TG_3963_AddNewEmployee] [enterPassword] - User's last name entered successfully
[INFO ] 2023-01-09 10:42:49.692 [employees.TG_3963_AddNewEmployee] [clickLoginButton] - Clicking on Login Button
[INFO ] 2023-01-09 10:42:50.106 [employees.TG_3963_AddNewEmployee] [clickLoginButton] - Close Pop Up clicked successfully
[INFO ] 2023-01-09 10:42:50.106 [employees.TG_3963_AddNewEmployee] [VerifyCreateNewEmployee] - Login Successful
[INFO ] 2023-01-09 10:43:23.577 [employees.TG_3963_AddNewEmployee] [clickAddNewEployeeButton] - Clicking on Add New Employee Button
[INFO ] 2023-01-09 10:43:25.159 [employees.TG_3963_AddNewEmployee] [clickAddNewEployeeButton] - Employee button clicked successfully
[INFO ] 2023-01-09 10:43:30.166 [employees.TG_3963_AddNewEmployee] [enterCompanyName] - Entering Company Name
[INFO ] 2023-01-09 10:43:30.684 [employees.TG_3963_AddNewEmployee] [enterCompanyName] - Company Name entered successfully
[INFO ] 2023-01-09 10:43:32.690 [employees.TG_3963_AddNewEmployee] [enterFirstName] - Entering First Name
[INFO ] 2023-01-09 10:43:32.846 [employees.TG_3963_AddNewEmployee] [enterFirstName] - First Name entered successfully
[INFO ] 2023-01-09 10:43:34.852 [employees.TG_3963_AddNewEmployee] [enterLastName] - Entering Last Name
[INFO ] 2023-01-09 10:43:34.956 [employees.TG_3963_AddNewEmployee] [enterLastName] - Last Name entered successfully
[INFO ] 2023-01-09 10:43:36.963 [employees.TG_3963_AddNewEmployee] [enterDateOfBirthField] - Entering date of birth
[INFO ] 2023-01-09 10:43:38.338 [employees.TG_3963_AddNewEmployee] [enterDateOfBirthField] - Date of birth entered successfully
[INFO ] 2023-01-09 10:43:40.344 [employees.TG_3963_AddNewEmployee] [enterEmail] - Entering email
[INFO ] 2023-01-09 10:43:40.649 [employees.TG_3963_AddNewEmployee] [enterEmail] - Email entered successfully
[INFO ] 2023-01-09 10:43:42.655 [employees.TG_3963_AddNewEmployee] [selectSearchOnMapsCheckbox] - Selecting search on Maps checkbox
