[INFO ] 2023-03-08 01:19:11.772 [jobTitle_jobSite.TG_4863_JobSiteCreation] [enterUsername] - Entering new user's first name
[INFO ] 2023-03-08 01:19:13.532 [jobTitle_jobSite.TG_4863_JobSiteCreation] [enterUsername] - User's first name entered successfully
[INFO ] 2023-03-08 01:19:13.533 [jobTitle_jobSite.TG_4863_JobSiteCreation] [enterPassword] - Entering new user's last name
[INFO ] 2023-03-08 01:19:13.756 [jobTitle_jobSite.TG_4863_JobSiteCreation] [enterPassword] - User's last name entered successfully
[INFO ] 2023-03-08 01:19:13.757 [jobTitle_jobSite.TG_4863_JobSiteCreation] [clickLoginButton] - Clicking on Login Button
[INFO ] 2023-03-08 01:19:14.330 [jobTitle_jobSite.TG_4863_JobSiteCreation] [clickLoginButton] - Close Pop Up clicked successfully
[INFO ] 2023-03-08 01:19:17.337 [jobTitle_jobSite.TG_4863_JobSiteCreation] [clickJobSiteOnHomepage] - Clicking on Job Site on Homepage
[INFO ] 2023-03-08 01:19:30.316 [jobTitle_jobSite.TG_4863_JobSiteCreation] [clickJobSiteOnHomepage] - Job Site Listing opened successfully
[INFO ] 2023-03-08 01:19:35.327 [jobTitle_jobSite.TG_4863_JobSiteCreation] [clickAddJobSiteButton] - Clicking Add Job Site Button
[INFO ] 2023-03-08 01:19:36.410 [jobTitle_jobSite.TG_4863_JobSiteCreation] [clickAddJobSiteButton] - Add Job Site clicked successfully
[INFO ] 2023-03-08 01:19:39.426 [jobTitle_jobSite.TG_4863_JobSiteCreation] [clickCreateNewUserOption] - Clicking New User Option in Job site Contact
[INFO ] 2023-03-08 01:19:39.934 [jobTitle_jobSite.TG_4863_JobSiteCreation] [clickCreateNewUserOption] - New User Option in Job site Contactclicked successfully
[INFO ] 2023-03-08 01:19:41.941 [jobTitle_jobSite.TG_4863_JobSiteCreation] [enterCompanyType] - Entering Company Type
[INFO ] 2023-03-08 01:19:42.132 [jobTitle_jobSite.TG_4863_JobSiteCreation] [enterCompanyType] - Company Type Entered Successfully
[INFO ] 2023-03-08 01:19:42.132 [jobTitle_jobSite.TG_4863_JobSiteCreation] [clickLastNameField] - Clicking Last Name field
[INFO ] 2023-03-08 01:19:42.200 [jobTitle_jobSite.TG_4863_JobSiteCreation] [clickLastNameField] - Last Name  field clicked successfully
[INFO ] 2023-03-08 01:19:45.206 [jobTitle_jobSite.TG_4863_JobSiteCreation] [enterUserEmail] - Entering user email address
[INFO ] 2023-03-08 01:19:45.504 [jobTitle_jobSite.TG_4863_JobSiteCreation] [enterUserEmail] - Email entered successfully
[INFO ] 2023-03-08 01:19:45.505 [jobTitle_jobSite.TG_4863_JobSiteCreation] [enterFirstNameField] - Entering First Name field
[INFO ] 2023-03-08 01:19:45.714 [jobTitle_jobSite.TG_4863_JobSiteCreation] [enterFirstNameField] - First Name  entered successfully
[INFO ] 2023-03-08 01:19:45.714 [jobTitle_jobSite.TG_4863_JobSiteCreation] [enterLastNameField] - Entering Last Name field
[INFO ] 2023-03-08 01:19:45.885 [jobTitle_jobSite.TG_4863_JobSiteCreation] [enterLastNameField] - Last Name entered successfully
[INFO ] 2023-03-08 01:19:46.009 [jobTitle_jobSite.TG_4863_JobSiteCreation] [enterMobile] - Entering Mobile Number
[INFO ] 2023-03-08 01:19:46.115 [jobTitle_jobSite.TG_4863_JobSiteCreation] [enterMobile] - Mobile Number Entered Successfully
[INFO ] 2023-03-08 01:19:47.120 [jobTitle_jobSite.TG_4863_JobSiteCreation] [clickSavebuttonInAddUser] - Clicking Save Button
[INFO ] 2023-03-08 01:19:47.278 [jobTitle_jobSite.TG_4863_JobSiteCreation] [clickSavebuttonInAddUser] - Save Button clicked successfully
[INFO ] 2023-03-08 01:19:50.284 [jobTitle_jobSite.TG_4863_JobSiteCreation] [clickClosePopUp] - Clicking on close icon in pop up
[INFO ] 2023-03-08 01:20:10.246 [jobTitle_jobSite.TG_4863_JobSiteCreation] [clickClosePopUp] - pop up closed successfully
[INFO ] 2023-03-08 01:20:10.319 [jobTitle_jobSite.TG_4863_JobSiteCreation] [enterEmployeeAddressOnMaps] - Etering employee address on maps
[INFO ] 2023-03-08 01:20:11.914 [jobTitle_jobSite.TG_4863_JobSiteCreation] [enterEmployeeAddressOnMaps] - Employee entered successfully
[INFO ] 2023-03-08 01:20:14.920 [jobTitle_jobSite.TG_4863_JobSiteCreation] [enterJobTitleInTable] - Entering Job Title List in the Table
