[INFO ] 2023-01-19 09:58:13.650 [timesheets.TG_4290_TimesheetCreation] [Tag_EndToEndFlowNewOrderHiring] - Started==Starting End To End Flow NewOrderHiring
[INFO ] 2023-01-19 09:58:17.335 [timesheets.TG_4290_TimesheetCreation] [enterUsername] - Entering new user's first name
[INFO ] 2023-01-19 09:58:18.378 [timesheets.TG_4290_TimesheetCreation] [enterUsername] - User's first name entered successfully
[INFO ] 2023-01-19 09:58:18.378 [timesheets.TG_4290_TimesheetCreation] [enterPassword] - Entering new user's last name
[INFO ] 2023-01-19 09:58:18.578 [timesheets.TG_4290_TimesheetCreation] [enterPassword] - User's last name entered successfully
[INFO ] 2023-01-19 09:58:18.578 [timesheets.TG_4290_TimesheetCreation] [clickLoginButton] - Clicking on Login Button
[INFO ] 2023-01-19 09:58:18.974 [timesheets.TG_4290_TimesheetCreation] [clickLoginButton] - Close Pop Up clicked successfully
[INFO ] 2023-01-19 09:58:18.975 [timesheets.TG_4290_TimesheetCreation] [newOrderHiring] - Clicking on New Order Button
[INFO ] 2023-01-19 09:58:29.100 [timesheets.TG_4290_TimesheetCreation] [newOrderHiring] - New Order Button clicked successfully
[INFO ] 2023-01-19 09:58:29.102 [timesheets.TG_4290_TimesheetCreation] [newOrderHiring] - Entering EstDailyHours
[INFO ] 2023-01-19 09:58:37.975 [timesheets.TG_4290_TimesheetCreation] [newOrderHiring] - EstDailyHours entered successfully
[INFO ] 2023-01-19 09:58:37.976 [timesheets.TG_4290_TimesheetCreation] [newOrderHiring] - Entering StartDate
[INFO ] 2023-01-19 09:58:43.620 [timesheets.TG_4290_TimesheetCreation] [newOrderHiring] - StartDate entered successfully
[INFO ] 2023-01-19 09:58:43.622 [timesheets.TG_4290_TimesheetCreation] [newOrderHiring] - Entering EndDate
[INFO ] 2023-01-19 09:58:54.953 [timesheets.TG_4290_TimesheetCreation] [newOrderHiring] - EndDate entered successfully
[INFO ] 2023-01-19 09:58:54.956 [timesheets.TG_4290_TimesheetCreation] [newOrderHiring] - Entering StartTime
[INFO ] 2023-01-19 09:58:55.981 [timesheets.TG_4290_TimesheetCreation] [newOrderHiring] - StartTime entered successfully
[INFO ] 2023-01-19 09:58:55.982 [timesheets.TG_4290_TimesheetCreation] [newOrderHiring] - Entering Availability
[INFO ] 2023-01-19 09:58:56.212 [timesheets.TG_4290_TimesheetCreation] [newOrderHiring] - Availabilit entered successfully
[INFO ] 2023-01-19 09:58:56.213 [timesheets.TG_4290_TimesheetCreation] [newOrderHiring] - Entering JobSite
[INFO ] 2023-01-19 09:59:02.669 [timesheets.TG_4290_TimesheetCreation] [newOrderHiring] - JobSite entered successfully
[INFO ] 2023-01-19 09:59:02.670 [timesheets.TG_4290_TimesheetCreation] [newOrderHiring] - Entering JobTitle
[INFO ] 2023-01-19 09:59:12.071 [timesheets.TG_4290_TimesheetCreation] [newOrderHiring] - JobTitle entered successfully
[INFO ] 2023-01-19 09:59:12.076 [timesheets.TG_4290_TimesheetCreation] [newOrderHiring] - Entering No Of Workers
[INFO ] 2023-01-19 09:59:17.275 [timesheets.TG_4290_TimesheetCreation] [newOrderHiring] - NoOfWorkers entered successfully
[INFO ] 2023-01-19 09:59:17.277 [timesheets.TG_4290_TimesheetCreation] [newOrderHiring] - Entering ESignature
[INFO ] 2023-01-19 09:59:20.474 [timesheets.TG_4290_TimesheetCreation] [newOrderHiring] - ESignature entered successfully
[INFO ] 2023-01-19 09:59:20.475 [timesheets.TG_4290_TimesheetCreation] [newOrderHiring] - clickAgreeContract
[INFO ] 2023-01-19 09:59:20.895 [timesheets.TG_4290_TimesheetCreation] [newOrderHiring] - clickAgreeContract successfully
[INFO ] 2023-01-19 09:59:20.895 [timesheets.TG_4290_TimesheetCreation] [newOrderHiring] - clickSaveButton
[INFO ] 2023-01-19 09:59:21.195 [timesheets.TG_4290_TimesheetCreation] [newOrderHiring] - SaveButton Clicked successfully
[INFO ] 2023-01-19 09:59:29.709 [timesheets.TG_4290_TimesheetCreation] [newOrderHiring] - Job order link present on the home page clicked
[INFO ] 2023-01-19 09:59:42.432 [timesheets.TG_4290_TimesheetCreation] [newOrderHiring] - Verify Job Order Id and Email Successfully
[INFO ] 2023-01-19 09:59:54.295 [timesheets.TG_4290_TimesheetCreation] [Tag_EndToEndFlowNewOrderHiring] - Started==Starting End To End Flow CreateEmployeeFromStaffing
[INFO ] 2023-01-19 10:00:03.780 [timesheets.TG_4290_TimesheetCreation] [enterUsername] - Entering new user's first name
[INFO ] 2023-01-19 10:00:03.982 [timesheets.TG_4290_TimesheetCreation] [enterUsername] - User's first name entered successfully
[INFO ] 2023-01-19 10:00:03.983 [timesheets.TG_4290_TimesheetCreation] [enterPassword] - Entering new user's last name
[INFO ] 2023-01-19 10:00:04.155 [timesheets.TG_4290_TimesheetCreation] [enterPassword] - User's last name entered successfully
[INFO ] 2023-01-19 10:00:04.159 [timesheets.TG_4290_TimesheetCreation] [clickLoginButton] - Clicking on Login Button
[INFO ] 2023-01-19 10:00:04.341 [timesheets.TG_4290_TimesheetCreation] [clickLoginButton] - Close Pop Up clicked successfully
[INFO ] 2023-01-19 10:00:35.521 [timesheets.TG_4290_TimesheetCreation] [clickAddNewEployeeButton] - Clicking on Add New Employee Button
[INFO ] 2023-01-19 10:00:36.628 [timesheets.TG_4290_TimesheetCreation] [clickAddNewEployeeButton] - Employee button clicked successfully
[INFO ] 2023-01-19 10:00:41.635 [timesheets.TG_4290_TimesheetCreation] [enterCompanyName] - Entering Company Name
[INFO ] 2023-01-19 10:00:42.515 [timesheets.TG_4290_TimesheetCreation] [enterCompanyName] - Company Name entered successfully
[INFO ] 2023-01-19 10:00:44.522 [timesheets.TG_4290_TimesheetCreation] [enterFirstName] - Entering First Name
[INFO ] 2023-01-19 10:00:44.745 [timesheets.TG_4290_TimesheetCreation] [enterFirstName] - First Name entered successfully
[INFO ] 2023-01-19 10:00:46.754 [timesheets.TG_4290_TimesheetCreation] [enterLastName] - Entering Last Name
[INFO ] 2023-01-19 10:00:46.919 [timesheets.TG_4290_TimesheetCreation] [enterLastName] - Last Name entered successfully
[INFO ] 2023-01-19 10:00:48.924 [timesheets.TG_4290_TimesheetCreation] [enterDateOfBirthField] - Entering date of birth
[INFO ] 2023-01-19 10:00:50.187 [timesheets.TG_4290_TimesheetCreation] [enterDateOfBirthField] - Date of birth entered successfully
[INFO ] 2023-01-19 10:00:52.203 [timesheets.TG_4290_TimesheetCreation] [enterEmail] - Entering email
[INFO ] 2023-01-19 10:00:52.429 [timesheets.TG_4290_TimesheetCreation] [enterEmail] - Email entered successfully
[INFO ] 2023-01-19 10:00:54.437 [timesheets.TG_4290_TimesheetCreation] [selectSearchOnMapsCheckbox] - Selecting search on Maps checkbox
[INFO ] 2023-01-19 10:00:56.793 [timesheets.TG_4290_TimesheetCreation] [selectSearchOnMapsCheckbox] - Search on maps checkbox selected
[INFO ] 2023-01-19 10:00:58.800 [timesheets.TG_4290_TimesheetCreation] [enterEmployeeAddressOnMaps] - Etering employee address on maps
[INFO ] 2023-01-19 10:01:00.179 [timesheets.TG_4290_TimesheetCreation] [enterEmployeeAddressOnMaps] - Employee entered successfully
[INFO ] 2023-01-19 10:01:02.187 [timesheets.TG_4290_TimesheetCreation] [clickSaveButton] - Clicking Save button
[INFO ] 2023-01-19 10:01:02.545 [timesheets.TG_4290_TimesheetCreation] [clickSaveButton] - Save button clicked successfully
[INFO ] 2023-01-19 10:01:42.564 [timesheets.TG_4290_TimesheetCreation] [getEmployeeIdFromEmaployeeDetailsPage] - Fetching employee id
[INFO ] 2023-01-19 10:01:42.744 [timesheets.TG_4290_TimesheetCreation] [getEmployeeIdFromEmaployeeDetailsPage] - Employee id fetched successfully
[INFO ] 2023-01-19 10:01:42.989 [timesheets.TG_4290_TimesheetCreation] [Tag_EndToEndFlowNewOrderHiring] - Started==Starting End To End Flow ClaimFromStaffing
[INFO ] 2023-01-19 10:01:42.989 [timesheets.TG_4290_TimesheetCreation] [ClaimOrderForStaffing] - Clicking Job orders menu present on the staffing homepage navigates to joborder listing form 
[INFO ] 2023-01-19 10:01:59.113 [timesheets.TG_4290_TimesheetCreation] [selectParticularJobOrderFromListingStaffing] - Selecting Particular Joborder on the listing
[INFO ] 2023-01-19 10:02:09.399 [timesheets.TG_4290_TimesheetCreation] [selectParticularJobOrderFromListingStaffing] - Particular Joborder on the listing selected successfully
[INFO ] 2023-01-19 10:02:09.406 [timesheets.TG_4290_TimesheetCreation] [ClaimOrderForStaffing] - Clicking on Claim order Button
[INFO ] 2023-01-19 10:02:21.620 [timesheets.TG_4290_TimesheetCreation] [ClaimOrderForStaffing] - Claim order button clicked successfully
[INFO ] 2023-01-19 10:02:21.621 [timesheets.TG_4290_TimesheetCreation] [ClaimOrderForStaffing] - Entering the No. of Employees Claim
[INFO ] 2023-01-19 10:02:27.516 [timesheets.TG_4290_TimesheetCreation] [ClaimOrderForStaffing] - No. of Employees Claim entered successfully
[INFO ] 2023-01-19 10:02:32.526 [timesheets.TG_4290_TimesheetCreation] [ClaimOrderForStaffing] - Entering the E-Signature
[INFO ] 2023-01-19 10:02:34.709 [timesheets.TG_4290_TimesheetCreation] [ClaimOrderForStaffing] - E-Signature entered successfully
[INFO ] 2023-01-19 10:02:34.709 [timesheets.TG_4290_TimesheetCreation] [ClaimOrderForStaffing] - Clicking on Agree to Contract Button
[INFO ] 2023-01-19 10:02:36.882 [timesheets.TG_4290_TimesheetCreation] [ClaimOrderForStaffing] - Agree to Contract Button clicked successfully
[INFO ] 2023-01-19 10:02:36.883 [timesheets.TG_4290_TimesheetCreation] [ClaimOrderForStaffing] - Clicking on Submit Claim Button
[INFO ] 2023-01-19 10:02:44.128 [timesheets.TG_4290_TimesheetCreation] [ClaimOrderForStaffing] - Submit Claim Button clicked successfully
[INFO ] 2023-01-19 10:03:27.410 [timesheets.TG_4290_TimesheetCreation] [Tag_EndToEndFlowNewOrderHiring] - Started==Starting End To End Flow ApproveHiring
[INFO ] 2023-01-19 10:03:35.566 [timesheets.TG_4290_TimesheetCreation] [enterUsername] - Entering new user's first name
[INFO ] 2023-01-19 10:03:35.701 [timesheets.TG_4290_TimesheetCreation] [enterUsername] - User's first name entered successfully
[INFO ] 2023-01-19 10:03:35.701 [timesheets.TG_4290_TimesheetCreation] [enterPassword] - Entering new user's last name
[INFO ] 2023-01-19 10:03:35.882 [timesheets.TG_4290_TimesheetCreation] [enterPassword] - User's last name entered successfully
[INFO ] 2023-01-19 10:03:35.882 [timesheets.TG_4290_TimesheetCreation] [clickLoginButton] - Clicking on Login Button
[INFO ] 2023-01-19 10:03:36.033 [timesheets.TG_4290_TimesheetCreation] [clickLoginButton] - Close Pop Up clicked successfully
[INFO ] 2023-01-19 10:03:36.034 [timesheets.TG_4290_TimesheetCreation] [ApproveClaimFromHiring] - Clicking Order menu present on the staffing homepage
[INFO ] 2023-01-19 10:03:45.362 [timesheets.TG_4290_TimesheetCreation] [ApproveClaimFromHiring] - Order menu present on the staffing hompage clicked successfully.
[INFO ] 2023-01-19 10:03:45.364 [timesheets.TG_4290_TimesheetCreation] [ApproveClaimFromHiring] - Clicking All orders menu present on the staffing homepage
[INFO ] 2023-01-19 10:03:59.577 [timesheets.TG_4290_TimesheetCreation] [ApproveClaimFromHiring] - Clicking on the claim button navigates to claim order form 
[INFO ] 2023-01-19 10:04:02.873 [timesheets.TG_4290_TimesheetCreation] [ApproveClaimFromHiring] - Clicking on the claim button navigates to claim order form successfully
[INFO ] 2023-01-19 10:04:02.874 [timesheets.TG_4290_TimesheetCreation] [ApproveClaimFromHiring] - Clicking the select head count button on the claim order form
[INFO ] 2023-01-19 10:04:03.821 [timesheets.TG_4290_TimesheetCreation] [ApproveClaimFromHiring] - Clicked the select head count button on the claim order form successfully
[INFO ] 2023-01-19 10:04:03.824 [timesheets.TG_4290_TimesheetCreation] [ApproveClaimFromHiring] - Entering Approve count should not be greater than Workerscount
[INFO ] 2023-01-19 10:04:10.253 [timesheets.TG_4290_TimesheetCreation] [ApproveClaimFromHiring] - Approve count is not more than the workers count
[INFO ] 2023-01-19 10:04:10.257 [timesheets.TG_4290_TimesheetCreation] [ApproveClaimFromHiring] - Clicking on modal submit Button
[INFO ] 2023-01-19 10:04:15.566 [timesheets.TG_4290_TimesheetCreation] [ApproveClaimFromHiring] - Modal submit button clicked successfully
[INFO ] 2023-01-19 10:04:28.050 [timesheets.TG_4290_TimesheetCreation] [Tag_EndToEndFlowNewOrderHiring] - Started==Starting End To End Flow AssignEmployee
[INFO ] 2023-01-19 10:04:33.933 [timesheets.TG_4290_TimesheetCreation] [enterUsername] - Entering new user's first name
[INFO ] 2023-01-19 10:04:34.054 [timesheets.TG_4290_TimesheetCreation] [enterUsername] - User's first name entered successfully
[INFO ] 2023-01-19 10:04:34.054 [timesheets.TG_4290_TimesheetCreation] [enterPassword] - Entering new user's last name
[INFO ] 2023-01-19 10:04:34.184 [timesheets.TG_4290_TimesheetCreation] [enterPassword] - User's last name entered successfully
[INFO ] 2023-01-19 10:04:34.185 [timesheets.TG_4290_TimesheetCreation] [clickLoginButton] - Clicking on Login Button
[INFO ] 2023-01-19 10:04:34.330 [timesheets.TG_4290_TimesheetCreation] [clickLoginButton] - Close Pop Up clicked successfully
[INFO ] 2023-01-19 10:04:34.330 [timesheets.TG_4290_TimesheetCreation] [AssignEmployee] - Clicking Order menu present on the staffing homepage
[INFO ] 2023-01-19 10:04:46.882 [timesheets.TG_4290_TimesheetCreation] [AssignEmployee] - Order menu present on the staffing hompage clicked successfully.
[INFO ] 2023-01-19 10:04:46.886 [timesheets.TG_4290_TimesheetCreation] [AssignEmployee] - Clicking All orders menu present on the staffing homepage
[INFO ] 2023-01-19 10:04:51.155 [timesheets.TG_4290_TimesheetCreation] [AssignEmployee] - All orders menu present on the staffing hompage clicked successfully.
[INFO ] 2023-01-19 10:04:58.163 [timesheets.TG_4290_TimesheetCreation] [selectParticularJobOrderFromListingStaffing] - Selecting Particular Joborder on the listing
[INFO ] 2023-01-19 10:05:08.360 [timesheets.TG_4290_TimesheetCreation] [selectParticularJobOrderFromListingStaffing] - Particular Joborder on the listing selected successfully
[INFO ] 2023-01-19 10:05:08.361 [timesheets.TG_4290_TimesheetCreation] [AssignEmployee] - Clicking Assign employees under the related section
