[INFO ] 2023-02-25 18:07:07.176 [CRM.TG_5353_Contact_Creation] [TG_5322_VerifyContactCreationForm] - Logging in
[INFO ] 2023-02-25 18:07:10.409 [CRM.TG_5353_Contact_Creation] [TG_5322_VerifyContactCreationForm] - Entering Username
[INFO ] 2023-02-25 18:07:10.410 [CRM.TG_5353_Contact_Creation] [enterUsername] - Entering new user's first name
[INFO ] 2023-02-25 18:07:12.192 [CRM.TG_5353_Contact_Creation] [enterUsername] - User's first name entered successfully
[INFO ] 2023-02-25 18:07:12.193 [CRM.TG_5353_Contact_Creation] [TG_5322_VerifyContactCreationForm] - Username Entered Successfully
[INFO ] 2023-02-25 18:07:12.193 [CRM.TG_5353_Contact_Creation] [TG_5322_VerifyContactCreationForm] - Entering Password
[INFO ] 2023-02-25 18:07:12.193 [CRM.TG_5353_Contact_Creation] [enterPassword] - Entering new user's last name
[INFO ] 2023-02-25 18:07:12.420 [CRM.TG_5353_Contact_Creation] [enterPassword] - User's last name entered successfully
[INFO ] 2023-02-25 18:07:12.421 [CRM.TG_5353_Contact_Creation] [TG_5322_VerifyContactCreationForm] - Password Entered Successfully
[INFO ] 2023-02-25 18:07:12.421 [CRM.TG_5353_Contact_Creation] [TG_5322_VerifyContactCreationForm] - Clicking on Login Button
[INFO ] 2023-02-25 18:07:12.421 [CRM.TG_5353_Contact_Creation] [clickLoginButton] - Clicking on Login Button
[INFO ] 2023-02-25 18:07:12.987 [CRM.TG_5353_Contact_Creation] [clickLoginButton] - Close Pop Up clicked successfully
[INFO ] 2023-02-25 18:07:12.993 [CRM.TG_5353_Contact_Creation] [TG_5322_VerifyContactCreationForm] - Verifying CRM Icon
[INFO ] 2023-02-25 18:07:12.993 [CRM.TG_5353_Contact_Creation] [verifyCRMTextOnHomepage] - Check for CRM Icon on Homepage
[INFO ] 2023-02-25 18:07:29.126 [CRM.TG_5353_Contact_Creation] [verifyCRMTextOnHomepage] - CRM Icon displayed successfully
[INFO ] 2023-02-25 18:07:29.132 [CRM.TG_5353_Contact_Creation] [TG_5322_VerifyContactCreationForm] - CRM Icon Clicked Successfully
[INFO ] 2023-02-25 18:07:29.133 [CRM.TG_5353_Contact_Creation] [TG_5322_VerifyContactCreationForm] - Clicking on CRM Icon
[INFO ] 2023-02-25 18:07:29.133 [CRM.TG_5353_Contact_Creation] [clickCRMIcon] - Clicking on CRM Button
[INFO ] 2023-02-25 18:07:29.665 [CRM.TG_5353_Contact_Creation] [clickCRMIcon] - CRM Button clicked successfully
[INFO ] 2023-02-25 18:07:29.665 [CRM.TG_5353_Contact_Creation] [TG_5322_VerifyContactCreationForm] - CRM Icon Clicked Successfully
[INFO ] 2023-02-25 18:07:31.671 [CRM.TG_5353_Contact_Creation] [TG_5322_VerifyContactCreationForm] - Clicking on Contact Icon
[INFO ] 2023-02-25 18:07:31.672 [CRM.TG_5353_Contact_Creation] [clickContactIcon] - Clicking on Contact Button
[INFO ] 2023-02-25 18:07:33.168 [CRM.TG_5353_Contact_Creation] [clickContactIcon] - Contact Button clicked successfully
[INFO ] 2023-02-25 18:07:33.172 [CRM.TG_5353_Contact_Creation] [TG_5322_VerifyContactCreationForm] - Contact Icon Clicked Successfully
[INFO ] 2023-02-25 18:07:35.178 [CRM.TG_5353_Contact_Creation] [TG_5322_VerifyContactCreationForm] - Verify Listing Form
[INFO ] 2023-02-25 18:07:35.183 [CRM.TG_5353_Contact_Creation] [verifyContactListingForm] - Check for Contact Title
[INFO ] 2023-02-25 18:07:35.269 [CRM.TG_5353_Contact_Creation] [verifyContactListingForm] - Contact Title displayed successfully
[INFO ] 2023-02-25 18:07:35.270 [CRM.TG_5353_Contact_Creation] [TG_5322_VerifyContactCreationForm] - Listing Form verified successfully
[INFO ] 2023-02-25 18:07:37.275 [CRM.TG_5353_Contact_Creation] [TG_5322_VerifyContactCreationForm] - Clicking on Add Contact Button
[INFO ] 2023-02-25 18:07:37.276 [CRM.TG_5353_Contact_Creation] [clickAddContactButton] - Clicking on Contact Button
[INFO ] 2023-02-25 18:07:38.272 [CRM.TG_5353_Contact_Creation] [clickAddContactButton] - Add Contact Button clicked successfully
[INFO ] 2023-02-25 18:07:38.272 [CRM.TG_5353_Contact_Creation] [TG_5322_VerifyContactCreationForm] - Add Contact Button Clicked Successfully
[INFO ] 2023-02-25 18:07:40.278 [CRM.TG_5353_Contact_Creation] [TG_5322_VerifyContactCreationForm] - Verifying the Contact Form Title
[INFO ] 2023-02-25 18:07:40.281 [CRM.TG_5353_Contact_Creation] [verifyContactForm] - Check for New Contact Form
[INFO ] 2023-02-25 18:07:40.350 [CRM.TG_5353_Contact_Creation] [verifyContactForm] - New Contact Form displayed successfully
[INFO ] 2023-02-25 18:07:40.350 [CRM.TG_5353_Contact_Creation] [TG_5322_VerifyContactCreationForm] - Contact Form Title is Verified Successfully
[INFO ] 2023-02-25 18:07:40.407 [CRM.TG_5353_Contact_Creation] [TG_5326_VerifyCreatedContactOnListingForm] - Verify Mandatory Fields and Creation of Contact
[INFO ] 2023-02-25 18:07:40.408 [CRM.TG_5353_Contact_Creation] [clickSaveButton] - Clicking on Contact Button
[INFO ] 2023-02-25 18:07:40.893 [CRM.TG_5353_Contact_Creation] [clickSaveButton] - Add Contact Button clicked successfully
[INFO ] 2023-02-25 18:07:42.900 [CRM.TG_5353_Contact_Creation] [verifyMandatoryFieldIsBlank] - Verifying the Mandatory Field Pop-Up Title
[INFO ] 2023-02-25 18:07:42.974 [CRM.TG_5353_Contact_Creation] [verifyMandatoryFieldIsBlank] - Mandatory Field Pop-Up Title displayed Successfully
[INFO ] 2023-02-25 18:07:44.989 [CRM.TG_5353_Contact_Creation] [TG_5326_VerifyCreatedContactOnListingForm] - Closing the Pop-up
[INFO ] 2023-02-25 18:07:44.991 [CRM.TG_5353_Contact_Creation] [closeBlankMandatoryFieldDialogBox] - Clicking on Close Pop-Up Icon
[INFO ] 2023-02-25 18:07:45.169 [CRM.TG_5353_Contact_Creation] [closeBlankMandatoryFieldDialogBox] - Close Pop-Up Icon Clicked Successfully
[INFO ] 2023-02-25 18:07:45.169 [CRM.TG_5353_Contact_Creation] [TG_5326_VerifyCreatedContactOnListingForm] - Pop-up closed Successfully
[INFO ] 2023-02-25 18:07:47.175 [CRM.TG_5353_Contact_Creation] [TG_5326_VerifyCreatedContactOnListingForm] - Closing the Pop-up
[INFO ] 2023-02-25 18:07:47.180 [CRM.TG_5353_Contact_Creation] [TG_5326_VerifyCreatedContactOnListingForm] - Entering Contact Name
[INFO ] 2023-02-25 18:07:47.180 [CRM.TG_5353_Contact_Creation] [enterContactName] - Entering Contact Name
[INFO ] 2023-02-25 18:07:47.447 [CRM.TG_5353_Contact_Creation] [enterContactName] - Contact Name Entered Successfully
[INFO ] 2023-02-25 18:07:47.448 [CRM.TG_5353_Contact_Creation] [TG_5326_VerifyCreatedContactOnListingForm] - Contact Name Entered Succesfully
[INFO ] 2023-02-25 18:07:49.454 [CRM.TG_5353_Contact_Creation] [TG_5326_VerifyCreatedContactOnListingForm] - Entering Email
[INFO ] 2023-02-25 18:07:49.456 [CRM.TG_5353_Contact_Creation] [enterEmail] - Entering Email
[INFO ] 2023-02-25 18:07:49.711 [CRM.TG_5353_Contact_Creation] [enterEmail] - Email Entered Successfully
[INFO ] 2023-02-25 18:07:49.712 [CRM.TG_5353_Contact_Creation] [TG_5326_VerifyCreatedContactOnListingForm] - Email Entered Successfully
[INFO ] 2023-02-25 18:07:51.718 [CRM.TG_5353_Contact_Creation] [TG_5326_VerifyCreatedContactOnListingForm] - Entering Phone Number
[INFO ] 2023-02-25 18:07:51.719 [CRM.TG_5353_Contact_Creation] [enterPhoneNumber] - Entering Phone Number
[INFO ] 2023-02-25 18:07:51.868 [CRM.TG_5353_Contact_Creation] [enterPhoneNumber] - Phone Number Entered Successfully
[INFO ] 2023-02-25 18:07:51.870 [CRM.TG_5353_Contact_Creation] [TG_5326_VerifyCreatedContactOnListingForm] - Phone Number Entered Successfully
[INFO ] 2023-02-25 18:07:53.875 [CRM.TG_5353_Contact_Creation] [TG_5326_VerifyCreatedContactOnListingForm] - Entering Lead
[INFO ] 2023-02-25 18:07:53.876 [CRM.TG_5353_Contact_Creation] [enterLead] - Entering Lead
[INFO ] 2023-02-25 18:07:54.005 [CRM.TG_5353_Contact_Creation] [enterLead] - Lead Entered Successfully
[INFO ] 2023-02-25 18:07:54.005 [CRM.TG_5353_Contact_Creation] [TG_5326_VerifyCreatedContactOnListingForm] - Lead Entered Successfully
[INFO ] 2023-02-25 18:07:56.007 [CRM.TG_5353_Contact_Creation] [TG_5326_VerifyCreatedContactOnListingForm] - Entering Address
[INFO ] 2023-02-25 18:07:56.009 [CRM.TG_5353_Contact_Creation] [enterEmployeeAddressOnMaps] - Etering employee address on maps
[INFO ] 2023-02-25 18:07:57.256 [CRM.TG_5353_Contact_Creation] [enterEmployeeAddressOnMaps] - Employee entered successfully
[INFO ] 2023-02-25 18:07:57.256 [CRM.TG_5353_Contact_Creation] [TG_5326_VerifyCreatedContactOnListingForm] - Address Entered Successfully
[INFO ] 2023-02-25 18:07:59.262 [CRM.TG_5353_Contact_Creation] [TG_5326_VerifyCreatedContactOnListingForm] - Clicking on Save Button
[INFO ] 2023-02-25 18:07:59.265 [CRM.TG_5353_Contact_Creation] [clickSaveButton] - Clicking on Contact Button
[INFO ] 2023-02-25 18:07:59.402 [CRM.TG_5353_Contact_Creation] [clickSaveButton] - Add Contact Button clicked successfully
[INFO ] 2023-02-25 18:07:59.402 [CRM.TG_5353_Contact_Creation] [TG_5326_VerifyCreatedContactOnListingForm] - Save Button Clicked Successfully
[INFO ] 2023-02-25 18:08:02.409 [CRM.TG_5353_Contact_Creation] [TG_5326_VerifyCreatedContactOnListingForm] - Clicking Contact Link
[INFO ] 2023-02-25 18:08:02.413 [CRM.TG_5353_Contact_Creation] [clickContactLinkforListingForm] - Click on Contact for Listing form
[INFO ] 2023-02-25 18:08:02.798 [CRM.TG_5353_Contact_Creation] [clickContactLinkforListingForm] - Contact for Listing form clicked Successfully
[INFO ] 2023-02-25 18:08:02.798 [CRM.TG_5353_Contact_Creation] [TG_5326_VerifyCreatedContactOnListingForm] - Contact Link Clicked Successfully
[INFO ] 2023-02-25 18:08:02.798 [CRM.TG_5353_Contact_Creation] [TG_5326_VerifyCreatedContactOnListingForm] - Verify Created Contact
[INFO ] 2023-02-25 18:08:02.798 [CRM.TG_5353_Contact_Creation] [verifyCreatedContact] - Check for Created Contact
[INFO ] 2023-02-25 18:08:03.529 [CRM.TG_5353_Contact_Creation] [verifyCreatedContact] - Created Contact displayed successfully
[INFO ] 2023-02-25 18:08:03.529 [CRM.TG_5353_Contact_Creation] [TG_5326_VerifyCreatedContactOnListingForm] - Created Contact Verified Successfully
