[INFO ] 2023-02-26 19:40:47.549 [blockCompany.TG_4779_Block_Company] [LoginHiring] - Logging in
[INFO ] 2023-02-26 19:40:52.001 [blockCompany.TG_4779_Block_Company] [enterUsername] - Entering new user's first name
[INFO ] 2023-02-26 19:40:53.861 [blockCompany.TG_4779_Block_Company] [enterUsername] - User's first name entered successfully
[INFO ] 2023-02-26 19:40:53.861 [blockCompany.TG_4779_Block_Company] [enterPassword] - Entering new user's last name
[INFO ] 2023-02-26 19:40:54.084 [blockCompany.TG_4779_Block_Company] [enterPassword] - User's last name entered successfully
[INFO ] 2023-02-26 19:40:54.085 [blockCompany.TG_4779_Block_Company] [clickLoginButton] - Clicking on Login Button
[INFO ] 2023-02-26 19:40:54.749 [blockCompany.TG_4779_Block_Company] [clickLoginButton] - Close Pop Up clicked successfully
[INFO ] 2023-02-26 19:40:54.831 [blockCompany.TG_4779_Block_Company] [clickStaffingCompanies] - Clicking Staffing Companies
[INFO ] 2023-02-26 19:40:59.837 [blockCompany.TG_4779_Block_Company] [clickStaffingCompanies] - Clicking on Staffing Companies Button
[INFO ] 2023-02-26 19:41:05.611 [blockCompany.TG_4779_Block_Company] [clickStaffingCompanies] - Staffing Companies Button clicked successfully
[INFO ] 2023-02-26 19:41:05.657 [blockCompany.TG_4779_Block_Company] [verifyStaffingCompaniesList] - Verifying Staffing Company List
[INFO ] 2023-02-26 19:41:09.659 [blockCompany.TG_4779_Block_Company] [verifyStaffingCompanyList] - Verify Staffing Company List is displayed
[INFO ] 2023-02-26 19:41:09.773 [blockCompany.TG_4779_Block_Company] [verifyStaffingCompanyList] - Staffing Company List displayed successfully
[INFO ] 2023-02-26 19:41:09.805 [blockCompany.TG_4779_Block_Company] [clickStaffingCompany] - Clicking Staffing Company
[INFO ] 2023-02-26 19:41:14.812 [blockCompany.TG_4779_Block_Company] [clickHundredFilter] - Clicking on 100 records button
[INFO ] 2023-02-26 19:41:15.120 [blockCompany.TG_4779_Block_Company] [clickHundredFilter] - 100 records button clicked Successfully
[INFO ] 2023-02-26 19:41:18.126 [blockCompany.TG_4779_Block_Company] [clickDistanceFilter] - Clicking on Deny Button
[INFO ] 2023-02-26 19:42:18.318 [blockCompany.TG_4779_Block_Company] [clickDistanceFilter] - Deny Button clicked successfully
[INFO ] 2023-02-26 19:42:21.346 [blockCompany.TG_4779_Block_Company] [clickClearFilter] - Clicking on Deny Button
[INFO ] 2023-02-26 19:42:21.947 [blockCompany.TG_4779_Block_Company] [clickClearFilter] - Deny Button clicked successfully
[INFO ] 2023-02-26 19:42:24.953 [blockCompany.TG_4779_Block_Company] [clickStaffingCompany] - Clicking on Staffing Company
