[INFO ] 2023-02-24 15:31:32.783 [jobOrderStaffing.TG_3848_NewOrderStaffing] [Tag_VerifyJobOrdersFieldShouldVisibleOnHomepageOfStaffingUnderShortcuts] - Started==Verify Job Orders Field Should Visible On Home page Of Staffing Under Shortcuts
[INFO ] 2023-02-24 15:31:36.478 [jobOrderStaffing.TG_3848_NewOrderStaffing] [enterUsername] - Entering new user's first name
[INFO ] 2023-02-24 15:31:38.085 [jobOrderStaffing.TG_3848_NewOrderStaffing] [enterUsername] - User's first name entered successfully
[INFO ] 2023-02-24 15:31:38.086 [jobOrderStaffing.TG_3848_NewOrderStaffing] [enterPassword] - Entering new user's last name
[INFO ] 2023-02-24 15:31:38.230 [jobOrderStaffing.TG_3848_NewOrderStaffing] [enterPassword] - User's last name entered successfully
[INFO ] 2023-02-24 15:31:38.230 [jobOrderStaffing.TG_3848_NewOrderStaffing] [clickLoginButton] - Clicking on Login Button
[INFO ] 2023-02-24 15:31:38.766 [jobOrderStaffing.TG_3848_NewOrderStaffing] [clickLoginButton] - Close Pop Up clicked successfully
[INFO ] 2023-02-24 15:31:41.782 [jobOrderStaffing.TG_3848_NewOrderStaffing] [verifyJobOrdersFieldShouldVisibleUnderShortcuts] - Verifying Job Order Visible Under Shortcuts
[INFO ] 2023-02-24 15:32:00.481 [jobOrderStaffing.TG_3848_NewOrderStaffing] [verifyJobOrdersFieldShouldVisibleUnderShortcuts] - Verify Job Order Visible Under Shortcuts
[INFO ] 2023-02-24 15:32:00.621 [jobOrderStaffing.TG_3848_NewOrderStaffing] [Tag_VerifyAddOrderButtonShouldVisibleOnHomepage] - Started==Verify Add Order Button Should Visible On Home page 
[INFO ] 2023-02-24 15:32:00.622 [jobOrderStaffing.TG_3848_NewOrderStaffing] [verifyAddOrderButtonShouldVisibleOnHomepage] - Verifying Job Order Visible Under Shortcuts
[INFO ] 2023-02-24 15:32:00.700 [jobOrderStaffing.TG_3848_NewOrderStaffing] [verifyAddOrderButtonShouldVisibleOnHomepage] - Verify Job Order Visible Under Shortcuts
[INFO ] 2023-02-24 15:32:00.728 [jobOrderStaffing.TG_3848_NewOrderStaffing] [Tag_VerifyPopupIfClickOnSaveWithoutEnteringMandatoryFields] - Started==Verifying Pop-up If click On Save Without Entering Mandatory Fields
[INFO ] 2023-02-24 15:32:10.732 [jobOrderStaffing.TG_3848_NewOrderStaffing] [clickAddJobOrder] - Clicking on Add Job Order Button
[INFO ] 2023-02-24 15:32:12.069 [jobOrderStaffing.TG_3848_NewOrderStaffing] [clickAddJobOrder] -  Add Job Order clicked successfully
[INFO ] 2023-02-24 15:32:15.076 [jobOrderStaffing.TG_3848_NewOrderStaffing] [clickSaveButton] - Clicking on Save Button
[INFO ] 2023-02-24 15:32:15.648 [jobOrderStaffing.TG_3848_NewOrderStaffing] [clickSaveButton] - Save Button clicked successfully
[INFO ] 2023-02-24 15:32:17.663 [jobOrderStaffing.TG_3848_NewOrderStaffing] [verifyPopupMandatoryFieldsBlank] - Verifying Pop-up If click On Save Without Entering Mandatory Fields
[INFO ] 2023-02-24 15:32:17.756 [jobOrderStaffing.TG_3848_NewOrderStaffing] [verifyPopupMandatoryFieldsBlank] - Verify Pop-up If click On Save Without Entering Mandatory Fields successfully 
[INFO ] 2023-02-24 15:32:17.757 [jobOrderStaffing.TG_3848_NewOrderStaffing] [verifyPopupMandatoryFieldsBlank] - Verifying Pop-up If click On Save Without Entering Mandatory Fields
[INFO ] 2023-02-24 15:32:17.823 [jobOrderStaffing.TG_3848_NewOrderStaffing] [verifyPopupMandatoryFieldsBlank] - Verify Pop-up If click On Save Without Entering Mandatory Fields successfully 
[INFO ] 2023-02-24 15:32:17.824 [jobOrderStaffing.TG_3848_NewOrderStaffing] [verifyPopupMandatoryFieldsBlank] - Verifying Pop-up If click On Save Without Entering Mandatory Fields
[INFO ] 2023-02-24 15:32:17.850 [jobOrderStaffing.TG_3848_NewOrderStaffing] [verifyPopupMandatoryFieldsBlank] - Verify Pop-up If click On Save Without Entering Mandatory Fields successfully 
[INFO ] 2023-02-24 15:32:17.850 [jobOrderStaffing.TG_3848_NewOrderStaffing] [verifyPopupMandatoryFieldsBlank] - Verifying Pop-up If click On Save Without Entering Mandatory Fields
[INFO ] 2023-02-24 15:32:17.881 [jobOrderStaffing.TG_3848_NewOrderStaffing] [verifyPopupMandatoryFieldsBlank] - Verify Pop-up If click On Save Without Entering Mandatory Fields successfully 
[INFO ] 2023-02-24 15:32:17.882 [jobOrderStaffing.TG_3848_NewOrderStaffing] [verifyPopupMandatoryFieldsBlank] - Verifying Pop-up If click On Save Without Entering Mandatory Fields
[INFO ] 2023-02-24 15:32:17.910 [jobOrderStaffing.TG_3848_NewOrderStaffing] [verifyPopupMandatoryFieldsBlank] - Verify Pop-up If click On Save Without Entering Mandatory Fields successfully 
[INFO ] 2023-02-24 15:32:17.911 [jobOrderStaffing.TG_3848_NewOrderStaffing] [verifyPopupMandatoryFieldsBlank] - Verifying Pop-up If click On Save Without Entering Mandatory Fields
[INFO ] 2023-02-24 15:32:17.984 [jobOrderStaffing.TG_3848_NewOrderStaffing] [verifyPopupMandatoryFieldsBlank] - Verify Pop-up If click On Save Without Entering Mandatory Fields successfully 
[INFO ] 2023-02-24 15:32:17.985 [jobOrderStaffing.TG_3848_NewOrderStaffing] [verifyPopupMandatoryFieldsBlank] - Verifying Pop-up If click On Save Without Entering Mandatory Fields
[INFO ] 2023-02-24 15:32:18.015 [jobOrderStaffing.TG_3848_NewOrderStaffing] [verifyPopupMandatoryFieldsBlank] - Verify Pop-up If click On Save Without Entering Mandatory Fields successfully 
[INFO ] 2023-02-24 15:32:18.016 [jobOrderStaffing.TG_3848_NewOrderStaffing] [verifyPopupMandatoryFieldsBlank] - Verifying Pop-up If click On Save Without Entering Mandatory Fields
[INFO ] 2023-02-24 15:32:18.040 [jobOrderStaffing.TG_3848_NewOrderStaffing] [verifyPopupMandatoryFieldsBlank] - Verify Pop-up If click On Save Without Entering Mandatory Fields successfully 
[INFO ] 2023-02-24 15:32:18.041 [jobOrderStaffing.TG_3848_NewOrderStaffing] [verifyPopupMandatoryFieldsBlank] - Verifying Pop-up If click On Save Without Entering Mandatory Fields
[INFO ] 2023-02-24 15:32:18.068 [jobOrderStaffing.TG_3848_NewOrderStaffing] [verifyPopupMandatoryFieldsBlank] - Verify Pop-up If click On Save Without Entering Mandatory Fields successfully 
[INFO ] 2023-02-24 15:32:18.069 [jobOrderStaffing.TG_3848_NewOrderStaffing] [verifyPopupMandatoryFieldsBlank] - Verifying Pop-up If click On Save Without Entering Mandatory Fields
[INFO ] 2023-02-24 15:32:18.131 [jobOrderStaffing.TG_3848_NewOrderStaffing] [verifyPopupMandatoryFieldsBlank] - Verify Pop-up If click On Save Without Entering Mandatory Fields successfully 
[INFO ] 2023-02-24 15:32:20.883 [jobOrderStaffing.TG_3848_NewOrderStaffing] [Tag_VerifyCompanyFieldShouldVisible] - Started==Verifying Company Field Should Visible on Job order creation form
[INFO ] 2023-02-24 15:32:22.998 [jobOrderStaffing.TG_3848_NewOrderStaffing] [verifyCompanyFieldShouldVisible] - Verifying Company Field Should Visible on Job order creation form
[INFO ] 2023-02-24 15:32:23.168 [jobOrderStaffing.TG_3848_NewOrderStaffing] [verifyCompanyFieldShouldVisible] - Company Field is Visible on Job order creation form
[INFO ] 2023-02-24 15:32:23.194 [jobOrderStaffing.TG_3848_NewOrderStaffing] [Tag_VerifyCategoryFieldShouldVisible] - Started==Verifying Category Field Should Visible on Job order creation form
[INFO ] 2023-02-24 15:32:28.201 [jobOrderStaffing.TG_3848_NewOrderStaffing] [verifycategoryFieldStaffingShouldVisible] - Verifying Category Field
[INFO ] 2023-02-24 15:32:28.207 [jobOrderStaffing.TG_3848_NewOrderStaffing] [verifycategoryFieldStaffingShouldVisible] - Verifying company Field
[INFO ] 2023-02-24 15:32:28.517 [jobOrderStaffing.TG_3848_NewOrderStaffing] [verifycategoryFieldStaffingShouldVisible] - Verifying Job Site Field
[INFO ] 2023-02-24 15:32:30.014 [jobOrderStaffing.TG_3848_NewOrderStaffing] [verifycategoryFieldStaffingShouldVisible] - Verifying Job Title Field
[INFO ] 2023-02-24 15:32:31.456 [jobOrderStaffing.TG_3848_NewOrderStaffing] [verifycategoryFieldStaffingShouldVisible] - Verify Category Field
[INFO ] 2023-02-24 15:32:35.636 [jobOrderStaffing.TG_3848_NewOrderStaffing] [verifycategoryFieldStaffingShouldVisible] - Verifyied Category Field and Job Title
[INFO ] 2023-02-24 15:32:35.670 [jobOrderStaffing.TG_3848_NewOrderStaffing] [Tag_VerifyAvailabilityFieldShouldDropdownField] - Started==Verifying Availability Field Should be Dropdown Field
[INFO ] 2023-02-24 15:32:37.676 [jobOrderStaffing.TG_3848_NewOrderStaffing] [verifyAvailabilityFieldShouldDropdownField] - Verify Availability Field Should have Dropdown
[INFO ] 2023-02-24 15:32:38.046 [jobOrderStaffing.TG_3848_NewOrderStaffing] [verifyAvailabilityFieldShouldDropdownField] - Verifyied Availability Field Should have Dropdown
[INFO ] 2023-02-24 15:32:38.084 [jobOrderStaffing.TG_3848_NewOrderStaffing] [Tag_VerifyStartDateFieldShouldVisible] - Started==Verifying Start Date Field Should Visible 
[INFO ] 2023-02-24 15:32:40.091 [jobOrderStaffing.TG_3848_NewOrderStaffing] [verifyStartDateField] - Verify Start Date 
[INFO ] 2023-02-24 15:32:40.205 [jobOrderStaffing.TG_3848_NewOrderStaffing] [verifyStartDateField] - Verify Start Date Field successfully
[INFO ] 2023-02-24 15:32:40.218 [jobOrderStaffing.TG_3848_NewOrderStaffing] [Tag_VerifyEndDateFieldShouldVisible] - Started==Verifying End Date Field Should Visible 
[INFO ] 2023-02-24 15:32:42.224 [jobOrderStaffing.TG_3848_NewOrderStaffing] [verifyEndDateField] - Verify End Date 
[INFO ] 2023-02-24 15:32:42.327 [jobOrderStaffing.TG_3848_NewOrderStaffing] [verifyEndDateField] - Verify End Date Field successfully
[INFO ] 2023-02-24 15:32:42.345 [jobOrderStaffing.TG_3848_NewOrderStaffing] [Tag_VerifyStartTimeFieldShouldVisible] - Started==Verifying Start Time Field Should Visible 
[INFO ] 2023-02-24 15:32:44.351 [jobOrderStaffing.TG_3848_NewOrderStaffing] [verifyStartTimeField] - Verify Start Time 
[INFO ] 2023-02-24 15:32:44.443 [jobOrderStaffing.TG_3848_NewOrderStaffing] [verifyStartTimeField] - Verify Start Time Field successfully
[INFO ] 2023-02-24 15:32:44.453 [jobOrderStaffing.TG_3848_NewOrderStaffing] [Tag_VerifyJobSiteFieldShouldVisible] - Started==Verifying Job Site Field Should Visible 
[INFO ] 2023-02-24 15:32:46.460 [jobOrderStaffing.TG_3848_NewOrderStaffing] [verifyJobSiteField] - Verify Job Site Time 
[INFO ] 2023-02-24 15:32:46.583 [jobOrderStaffing.TG_3848_NewOrderStaffing] [verifyJobSiteField] - Verify Job Site Field successfully
[INFO ] 2023-02-24 15:32:46.604 [jobOrderStaffing.TG_3848_NewOrderStaffing] [Tag_VerifyEstimatedDailyHoursFieldShouldVisible] - Started==Verifying Estimated Daily Hours Field Should Visible 
[INFO ] 2023-02-24 15:32:48.611 [jobOrderStaffing.TG_3848_NewOrderStaffing] [verifyEstimatedDailyHoursField] - Verify Estimated Daily HoursTime 
[INFO ] 2023-02-24 15:32:48.746 [jobOrderStaffing.TG_3848_NewOrderStaffing] [verifyEstimatedDailyHoursField] - Verify Estimated Daily Hours Field successfully
[INFO ] 2023-02-24 15:32:48.767 [jobOrderStaffing.TG_3848_NewOrderStaffing] [Tag_VerifyEstimateDailyHoursFieldShouldNotAcceptHoursMoreThan24] - Started==Verifying Estimated Daily Hours Field Should  Not Accept Hours More Than 24 
[INFO ] 2023-02-24 15:32:48.767 [jobOrderStaffing.TG_3848_NewOrderStaffing] [enterEstHours] - Entering the Estimated Daily Hours
[INFO ] 2023-02-24 15:32:56.081 [jobOrderStaffing.TG_3848_NewOrderStaffing] [enterEstHours] - Estimated Daily Hours entered successfully
[INFO ] 2023-02-24 15:32:56.083 [jobOrderStaffing.TG_3848_NewOrderStaffing] [verifyEstimatedDailyHoursFieldNotAcceptHoursMoreThan24] - Entering the Estimated Daily Hours More Than 24 
[INFO ] 2023-02-24 15:32:56.823 [jobOrderStaffing.TG_3848_NewOrderStaffing] [verifyEstimatedDailyHoursFieldNotAcceptHoursMoreThan24] - verifyed Estimated Daily Hours Field Not Accept Hours More Than 24
[INFO ] 2023-02-24 15:32:58.975 [jobOrderStaffing.TG_3848_NewOrderStaffing] [Tag_VerifyNoOfWorkersFieldShouldVisible] - Started==Verifying No Of Workers Field Should  visible 
[INFO ] 2023-02-24 15:32:58.975 [jobOrderStaffing.TG_3848_NewOrderStaffing] [verifyNoOfWorkersFieldShouldVisible] - Verifying Rate Field Should be Automatically Fetched And Editable
[INFO ] 2023-02-24 15:32:59.296 [jobOrderStaffing.TG_3848_NewOrderStaffing] [verifyNoOfWorkersFieldShouldVisible] - Verifying Job Title Field
[INFO ] 2023-02-24 15:32:59.371 [jobOrderStaffing.TG_3848_NewOrderStaffing] [verifyNoOfWorkersFieldShouldVisible] - Verifying Category Field
[INFO ] 2023-02-24 15:32:59.407 [jobOrderStaffing.TG_3848_NewOrderStaffing] [verifyNoOfWorkersFieldShouldVisible] - Verifyied Category Field and Job Title
[INFO ] 2023-02-24 15:32:59.407 [jobOrderStaffing.TG_3848_NewOrderStaffing] [verifyNoOfWorkersFieldShouldVisible] - Verifying No of Worker Field
[INFO ] 2023-02-24 15:32:59.460 [jobOrderStaffing.TG_3848_NewOrderStaffing] [verifyNoOfWorkersFieldShouldVisible] - Verifyied No of Worker Should be No of Worker Visible
[INFO ] 2023-02-24 15:32:59.466 [jobOrderStaffing.TG_3848_NewOrderStaffing] [Tag_VerifyAgreeToContractFieldCheckboxShouldVisible] - Started==Verify Agree To Contract Field Should Be Checkbox 
[INFO ] 2023-02-24 15:32:59.466 [jobOrderStaffing.TG_3848_NewOrderStaffing] [verifyAgreeToContractFieldShouldBeCheckbox] - Verify Agree Contract Field should be checkbox And Mandatory
[INFO ] 2023-02-24 15:32:59.779 [jobOrderStaffing.TG_3848_NewOrderStaffing] [verifyAgreeToContractFieldShouldBeCheckbox] - Verify Agree Contract Field should be checkbox And Mandatory
[INFO ] 2023-02-24 15:32:59.789 [jobOrderStaffing.TG_3848_NewOrderStaffing] [Tag_VerifyPopupForConfirmJobOrderDetails] - Started==Verify Popup For Confirm Job Order Details
[INFO ] 2023-02-24 15:33:01.794 [jobOrderStaffing.TG_3848_NewOrderStaffing] [enterHours] - Entering the Estimated Daily Hours
[INFO ] 2023-02-24 15:33:09.154 [jobOrderStaffing.TG_3848_NewOrderStaffing] [enterHours] - Estimated Daily Hours entered successfully
[INFO ] 2023-02-24 15:33:12.163 [jobOrderStaffing.TG_3848_NewOrderStaffing] [enterStartDate] - enter Start date 
[INFO ] 2023-02-24 15:33:17.591 [jobOrderStaffing.TG_3848_NewOrderStaffing] [enterStartDate] - Verify enter Start date
[INFO ] 2023-02-24 15:33:20.600 [jobOrderStaffing.TG_3848_NewOrderStaffing] [enterEndDate] - Verify End Date 
[INFO ] 2023-02-24 15:33:25.939 [jobOrderStaffing.TG_3848_NewOrderStaffing] [enterEndDate] - Verify enter End date
[INFO ] 2023-02-24 15:33:28.955 [jobOrderStaffing.TG_3848_NewOrderStaffing] [enterTime] - Verify Start Time 
[INFO ] 2023-02-24 15:33:34.343 [jobOrderStaffing.TG_3848_NewOrderStaffing] [enterTime] - Verify Start Time Field successfully
[INFO ] 2023-02-24 15:33:34.347 [jobOrderStaffing.TG_3848_NewOrderStaffing] [clickSaveButton] - Clicking on Save Button
[INFO ] 2023-02-24 15:33:34.585 [jobOrderStaffing.TG_3848_NewOrderStaffing] [clickSaveButton] - Save Button clicked successfully
[INFO ] 2023-02-24 15:33:34.586 [jobOrderStaffing.TG_3848_NewOrderStaffing] [verifyPopupForConfirmJobOrderDetails] - Verify Availability Field Should have Dropdown
[INFO ] 2023-02-24 15:33:34.710 [jobOrderStaffing.TG_3848_NewOrderStaffing] [verifyPopupForConfirmJobOrderDetails] - Verifyied Availability Field Should have Dropdown
[INFO ] 2023-02-24 15:33:34.710 [jobOrderStaffing.TG_3848_NewOrderStaffing] [verifyPopupForConfirmJobOrderDetails] - Verify Agree Contract Field should be checkbox And Mandatory
[INFO ] 2023-02-24 15:33:34.992 [jobOrderStaffing.TG_3848_NewOrderStaffing] [verifyPopupForConfirmJobOrderDetails] - Verify Agree Contract Field should be checkbox And Mandatory
[INFO ] 2023-02-24 15:33:34.992 [jobOrderStaffing.TG_3848_NewOrderStaffing] [verifyPopupForConfirmJobOrderDetails] - Clicking on Save Button
[INFO ] 2023-02-24 15:33:35.115 [jobOrderStaffing.TG_3848_NewOrderStaffing] [verifyPopupForConfirmJobOrderDetails] - Verifying Pop-up If click On Save for Confirm job order
[INFO ] 2023-02-24 15:33:35.145 [jobOrderStaffing.TG_3848_NewOrderStaffing] [Tag_VerifyConfirmationPopupShouldHaveConfirmAndCancelButtons] - Started==Verify Confirmation Popup Should Have Confirm And Cancel Buttons 
[INFO ] 2023-02-24 15:33:35.146 [jobOrderStaffing.TG_3848_NewOrderStaffing] [verifyConfirmationPopupShouldHaveConfirmAndButton] - Verify Confirmation Popup Should Have Confirm  Buttons
[INFO ] 2023-02-24 15:33:36.208 [jobOrderStaffing.TG_3848_NewOrderStaffing] [verifyConfirmationPopupShouldHaveConfirmAndButton] - Verify Confirmation Popup Should Have Confirm  Buttons successfully
[INFO ] 2023-02-24 15:33:36.208 [jobOrderStaffing.TG_3848_NewOrderStaffing] [verifyConfirmationPopupShouldHaveCancelButton] - Verify Confirmation Popup Should Have Cancel Buttons
[INFO ] 2023-02-24 15:33:37.264 [jobOrderStaffing.TG_3848_NewOrderStaffing] [verifyConfirmationPopupShouldHaveCancelButton] - Verify Confirmation Popup Should Have Cancel Buttons
[INFO ] 2023-02-24 15:33:37.295 [jobOrderStaffing.TG_3848_NewOrderStaffing] [Tag_VerifyClickingCancelNothingShouldSave] - Started==Verify Clicking On Cancel Nothing Should Save
[INFO ] 2023-02-24 15:33:37.296 [jobOrderStaffing.TG_3848_NewOrderStaffing] [verifyClickingCancelNothingShouldSave] - Verify Clicking Cancel Nothing Should Save
[INFO ] 2023-02-24 15:33:37.748 [jobOrderStaffing.TG_3848_NewOrderStaffing] [verifyClickingCancelNothingShouldSave] - Verify successfully Clicking Cancel Nothing Should Save
[INFO ] 2023-02-24 15:33:39.873 [jobOrderStaffing.TG_3848_NewOrderStaffing] [Tag_VerifyClickingOnSaveButtonPopupShouldCreateJobOrderSuccessfullyAndJobOrderIdShouldCreated] - Started==Verify Clicking On Save Button Pop-up Should Create Job Order Successfully And Job Order id Should Created
[INFO ] 2023-02-24 15:33:40.881 [jobOrderStaffing.TG_3848_NewOrderStaffing] [enterHours] - Entering the Estimated Daily Hours
[INFO ] 2023-02-24 15:33:48.349 [jobOrderStaffing.TG_3848_NewOrderStaffing] [enterHours] - Estimated Daily Hours entered successfully
[INFO ] 2023-02-24 15:33:50.355 [jobOrderStaffing.TG_3848_NewOrderStaffing] [enterStartDate] - enter Start date 
[INFO ] 2023-02-24 15:33:55.634 [jobOrderStaffing.TG_3848_NewOrderStaffing] [enterStartDate] - Verify enter Start date
[INFO ] 2023-02-24 15:33:58.641 [jobOrderStaffing.TG_3848_NewOrderStaffing] [enterEndDate] - Verify End Date 
[INFO ] 2023-02-24 15:34:03.951 [jobOrderStaffing.TG_3848_NewOrderStaffing] [enterEndDate] - Verify enter End date
[INFO ] 2023-02-24 15:34:06.963 [jobOrderStaffing.TG_3848_NewOrderStaffing] [enterTime] - Verify Start Time 
[INFO ] 2023-02-24 15:34:12.306 [jobOrderStaffing.TG_3848_NewOrderStaffing] [enterTime] - Verify Start Time Field successfully
[INFO ] 2023-02-24 15:34:14.324 [jobOrderStaffing.TG_3848_NewOrderStaffing] [enterHours] - Entering the Estimated Daily Hours
[INFO ] 2023-02-24 15:34:21.613 [jobOrderStaffing.TG_3848_NewOrderStaffing] [enterHours] - Estimated Daily Hours entered successfully
[INFO ] 2023-02-24 15:34:21.615 [jobOrderStaffing.TG_3848_NewOrderStaffing] [verifyJobOrderCreateSuccessfullyAndJobOrderIdShouldCreated] - Verifying Job Order Create Successfully
[INFO ] 2023-02-24 15:34:21.615 [jobOrderStaffing.TG_3848_NewOrderStaffing] [verifyJobOrderCreateSuccessfullyAndJobOrderIdShouldCreated] - Verifying Category Field
[INFO ] 2023-02-24 15:34:21.615 [jobOrderStaffing.TG_3848_NewOrderStaffing] [verifyJobOrderCreateSuccessfullyAndJobOrderIdShouldCreated] - Verifying company Field
[INFO ] 2023-02-24 15:34:51.812 [jobOrderStaffing.TG_3848_NewOrderStaffing] [verifyJobOrderCreateSuccessfullyAndJobOrderIdShouldCreated] - Verifying Job Site Field
[INFO ] 2023-02-24 15:34:53.331 [jobOrderStaffing.TG_3848_NewOrderStaffing] [verifyJobOrderCreateSuccessfullyAndJobOrderIdShouldCreated] - Verifying Job Title Field
[INFO ] 2023-02-24 15:34:54.792 [jobOrderStaffing.TG_3848_NewOrderStaffing] [verifyJobOrderCreateSuccessfullyAndJobOrderIdShouldCreated] - Verify Availability Field Should have Dropdown
[INFO ] 2023-02-24 15:34:54.950 [jobOrderStaffing.TG_3848_NewOrderStaffing] [verifyJobOrderCreateSuccessfullyAndJobOrderIdShouldCreated] - Verifyied Availability Field Should have Dropdown
[INFO ] 2023-02-24 15:34:54.951 [jobOrderStaffing.TG_3848_NewOrderStaffing] [verifyJobOrderCreateSuccessfullyAndJobOrderIdShouldCreated] - Verify Agree Contract Field should be checkbox And Mandatory
[INFO ] 2023-02-24 15:35:00.295 [jobOrderStaffing.TG_3848_NewOrderStaffing] [verifyJobOrderCreateSuccessfullyAndJobOrderIdShouldCreated] - Clicking on Save Button
[INFO ] 2023-02-24 15:35:00.418 [jobOrderStaffing.TG_3848_NewOrderStaffing] [verifyJobOrderCreateSuccessfullyAndJobOrderIdShouldCreated] - Verify Agree Contract Field should be checkbox And Mandatory
[INFO ] 2023-02-24 15:35:02.862 [jobOrderStaffing.TG_3848_NewOrderStaffing] [verifyJobOrderCreateSuccessfullyAndJobOrderIdShouldCreated] - Job order link present on the home page clicked
[INFO ] 2023-02-24 15:35:03.969 [jobOrderStaffing.TG_3848_NewOrderStaffing] [verifyJobOrderCreateSuccessfullyAndJobOrderIdShouldCreated] - Verify Job Order Create Successfully
[INFO ] 2023-02-24 15:35:04.084 [jobOrderStaffing.TG_3848_NewOrderStaffing] [Tag_VerifyPopupEmailSentSucessfully] - Started==Verify Popup Email Sent Sucessfully
[INFO ] 2023-02-24 15:35:04.085 [jobOrderStaffing.TG_3848_NewOrderStaffing] [verifyPopupEmailSentSucessfully] - Verifying Popup Email Sent Sucessfully
[INFO ] 2023-02-24 15:35:09.525 [jobOrderStaffing.TG_3848_NewOrderStaffing] [verifyPopupEmailSentSucessfully] - Verify Popup Email Sent Sucessfully
[INFO ] 2023-02-24 15:35:09.539 [jobOrderStaffing.TG_3848_NewOrderStaffing] [Tag_VerifyClaimHasBeenApprovedPleaseAssignEmployees] - Started==Verify Claim Has Been Approved Please Assign Employees
[INFO ] 2023-02-24 15:35:09.540 [jobOrderStaffing.TG_3848_NewOrderStaffing] [verifyClaimHasBeenApprovedPleaseAssignEmployees] - Verify Claim Has Been Approved Please Assign Employees
[INFO ] 2023-02-24 15:35:09.627 [jobOrderStaffing.TG_3848_NewOrderStaffing] [verifyClaimHasBeenApprovedPleaseAssignEmployees] - Verify Claim Has Been Approved Please Assign Employees
