[INFO ] 2023-05-16 02:33:13.064 [jobOrder.TG_6130_RepeatDirectOrder] [enterUsername] - Entering new user's first name
[INFO ] 2023-05-16 02:33:16.562 [jobOrder.TG_6130_RepeatDirectOrder] [enterUsername] - User's first name entered successfully
[INFO ] 2023-05-16 02:33:16.563 [jobOrder.TG_6130_RepeatDirectOrder] [enterPassword] - Entering new user's last name
[INFO ] 2023-05-16 02:33:17.158 [jobOrder.TG_6130_RepeatDirectOrder] [enterPassword] - User's last name entered successfully
[INFO ] 2023-05-16 02:33:17.159 [jobOrder.TG_6130_RepeatDirectOrder] [clickLoginButton] - Clicking on Login Button
[INFO ] 2023-05-16 02:33:18.073 [jobOrder.TG_6130_RepeatDirectOrder] [clickLoginButton] - Close Pop Up clicked successfully
[INFO ] 2023-05-16 02:33:21.086 [jobOrder.TG_6130_RepeatDirectOrder] [clickOrdersMenuOnHiringHomePage] - Clicking Order menu present on the Hiring homepage
[INFO ] 2023-05-16 02:33:45.757 [jobOrder.TG_6130_RepeatDirectOrder] [clickOrdersMenuOnHiringHomePage] - Order menu present on the Hiring hompage clicked successfully.
[INFO ] 2023-05-16 02:33:55.771 [jobOrder.TG_6130_RepeatDirectOrder] [clickCompletedOrdersTab] - Clicking on the Completed Orders Tab 
[INFO ] 2023-05-16 02:33:56.606 [jobOrder.TG_6130_RepeatDirectOrder] [clickCompletedOrdersTab] - Completed Tab Clicked Successfully
[INFO ] 2023-05-16 02:34:11.619 [jobOrder.TG_6130_RepeatDirectOrder] [clickCompletedOrder] - Clicking on the Completed Order 
[INFO ] 2023-05-16 02:34:14.527 [jobOrder.TG_6130_RepeatDirectOrder] [clickCompletedOrder] - Completed Order Clicked Successfully
[INFO ] 2023-05-16 02:34:14.529 [jobOrder.TG_6130_RepeatDirectOrder] [getJobSiteText] - Getting Job site text
[INFO ] 2023-05-16 02:34:19.320 [jobOrder.TG_6130_RepeatDirectOrder] [getJobSiteText] - Got the text successfully
[INFO ] 2023-05-16 02:34:19.323 [jobOrder.TG_6130_RepeatDirectOrder] [getJobTitleText] - Getting Job Title text
[INFO ] 2023-05-16 02:34:19.837 [jobOrder.TG_6130_RepeatDirectOrder] [getJobTitleText] - Got the text successfully
[INFO ] 2023-05-16 02:34:19.837 [jobOrder.TG_6130_RepeatDirectOrder] [getJobIndustryText] - Getting Job Industry text
[INFO ] 2023-05-16 02:34:20.115 [jobOrder.TG_6130_RepeatDirectOrder] [getJobIndustryText] - Got the text successfully
[INFO ] 2023-05-16 02:34:20.116 [jobOrder.TG_6130_RepeatDirectOrder] [getESignature] - Getting ESignature Value
[INFO ] 2023-05-16 02:34:20.755 [jobOrder.TG_6130_RepeatDirectOrder] [getESignature] - Got the text successfully
[INFO ] 2023-05-16 02:34:22.763 [jobOrder.TG_6130_RepeatDirectOrder] [clickRepeatOrderButton] - Clicking on the Repeat Order Button
[INFO ] 2023-05-16 02:34:24.136 [jobOrder.TG_6130_RepeatDirectOrder] [clickRepeatOrderButton] - Repeat Order Button Clicked Successfully
[INFO ] 2023-05-16 02:34:24.141 [jobOrder.TG_6130_RepeatDirectOrder] [clickDirectOrderCheckbox] - Clicking on the Direct Order Checkbox
[INFO ] 2023-05-16 02:34:25.210 [jobOrder.TG_6130_RepeatDirectOrder] [clickDirectOrderCheckbox] - Direct Order Checkbox Clicked Successfully
[INFO ] 2023-05-16 02:34:25.210 [jobOrder.TG_6130_RepeatDirectOrder] [selectStaffingCompany] - Entering Staffing Company
[INFO ] 2023-05-16 02:34:25.717 [jobOrder.TG_6130_RepeatDirectOrder] [selectStaffingCompany] - Staffing Company entered successfully
[INFO ] 2023-05-16 02:34:25.718 [jobOrder.TG_6130_RepeatDirectOrder] [clickProceedButton] - Clicking on the Proceed Button
[INFO ] 2023-05-16 02:34:27.942 [jobOrder.TG_6130_RepeatDirectOrder] [clickProceedButton] - Proceed Button Clicked Successfully
[INFO ] 2023-05-16 02:34:27.943 [jobOrder.TG_6130_RepeatDirectOrder] [verifyJobSiteTextIsPresent] - Verifying same Job Site present
[INFO ] 2023-05-16 02:34:28.884 [jobOrder.TG_6130_RepeatDirectOrder] [verifyJobSiteTextIsPresent] - Same job site is present
[INFO ] 2023-05-16 02:34:28.906 [jobOrder.TG_6130_RepeatDirectOrder] [verifyJobTitleTextIsPresent] - Verifying same Job Title present
[INFO ] 2023-05-16 02:34:29.043 [jobOrder.TG_6130_RepeatDirectOrder] [verifyJobTitleTextIsPresent] - Same job Title is present
[INFO ] 2023-05-16 02:34:29.044 [jobOrder.TG_6130_RepeatDirectOrder] [verifyJobIndustryTextIsPresent] - Verifying same Job Industry present
[INFO ] 2023-05-16 02:34:29.640 [jobOrder.TG_6130_RepeatDirectOrder] [verifyJobIndustryTextIsPresent] - Same job Industry is present
[INFO ] 2023-05-16 02:34:29.641 [jobOrder.TG_6130_RepeatDirectOrder] [verifyESignatureTextIsPresent] - Verifying same Esignature present
[INFO ] 2023-05-16 02:34:29.751 [jobOrder.TG_6130_RepeatDirectOrder] [verifyESignatureTextIsPresent] - Same Esignature is present
[INFO ] 2023-05-16 02:34:33.766 [jobOrder.TG_6130_RepeatDirectOrder] [enterStartDate] - Entering StartDate
[INFO ] 2023-05-16 02:34:39.717 [jobOrder.TG_6130_RepeatDirectOrder] [enterStartDate] - StartDate entered successfully
[INFO ] 2023-05-16 02:34:41.736 [jobOrder.TG_6130_RepeatDirectOrder] [enterEndDate] - Entering EndDate
[INFO ] 2023-05-16 02:34:47.804 [jobOrder.TG_6130_RepeatDirectOrder] [enterEndDate] - EndDate entered successfully
[INFO ] 2023-05-16 02:34:49.814 [jobOrder.TG_6130_RepeatDirectOrder] [enterAvailability] - Entering Availability
[INFO ] 2023-05-16 02:34:50.810 [jobOrder.TG_6130_RepeatDirectOrder] [enterAvailability] - Availabilit entered successfully
[INFO ] 2023-05-16 02:35:07.787 [jobOrder.TG_6130_RepeatDirectOrder] [getTextHiringId] - Job order link present on the home page clicked
[INFO ] 2023-05-16 02:35:25.059 [jobOrder.TG_6130_RepeatDirectOrder] [getTextHiringId] - Verify Job Order Id and Email Successfully
[INFO ] 2023-05-16 02:35:46.349 [jobOrder.TG_6130_RepeatDirectOrder] [enterUsername] - Entering new user's first name
[INFO ] 2023-05-16 02:35:47.134 [jobOrder.TG_6130_RepeatDirectOrder] [enterUsername] - User's first name entered successfully
[INFO ] 2023-05-16 02:35:47.136 [jobOrder.TG_6130_RepeatDirectOrder] [enterPassword] - Entering new user's last name
[INFO ] 2023-05-16 02:35:47.414 [jobOrder.TG_6130_RepeatDirectOrder] [enterPassword] - User's last name entered successfully
[INFO ] 2023-05-16 02:35:47.415 [jobOrder.TG_6130_RepeatDirectOrder] [clickLoginButton] - Clicking on Login Button
[INFO ] 2023-05-16 02:35:47.979 [jobOrder.TG_6130_RepeatDirectOrder] [clickLoginButton] - Close Pop Up clicked successfully
[INFO ] 2023-05-16 02:35:47.979 [jobOrder.TG_6130_RepeatDirectOrder] [clickJobOrderHomePage] - Clicking Job orders menu present on the staffing homepage navigates to joborder listing form 
[INFO ] 2023-05-16 02:36:16.845 [jobOrder.TG_6130_RepeatDirectOrder] [clickJobOrderHomePage] - All job orders menu present on the staffing hompage clicked successfully and navigates to joborder listing form  .
[INFO ] 2023-05-16 02:36:18.854 [jobOrder.TG_6130_RepeatDirectOrder] [verifyJobOrderPage] - Job order form is displayed
[INFO ] 2023-05-16 02:36:19.801 [jobOrder.TG_6130_RepeatDirectOrder] [verifyJobOrderPage] - Job orderform is displayed successfully
[INFO ] 2023-05-16 02:36:29.809 [jobOrder.TG_6130_RepeatDirectOrder] [selectParticularJobOrderFromListing] - Selecting Particular Joborder on the listing
[INFO ] 2023-05-16 02:36:48.189 [jobOrder.TG_6130_RepeatDirectOrder] [selectParticularJobOrderFromListing] - Particular Joborder on the listing selected successfully
[INFO ] 2023-05-16 02:37:31.251 [jobOrder.TG_6130_RepeatDirectOrder] [enterUsername] - Entering new user's first name
[INFO ] 2023-05-16 02:37:32.168 [jobOrder.TG_6130_RepeatDirectOrder] [enterUsername] - User's first name entered successfully
[INFO ] 2023-05-16 02:37:32.168 [jobOrder.TG_6130_RepeatDirectOrder] [enterPassword] - Entering new user's last name
[INFO ] 2023-05-16 02:37:32.584 [jobOrder.TG_6130_RepeatDirectOrder] [enterPassword] - User's last name entered successfully
[INFO ] 2023-05-16 02:37:32.585 [jobOrder.TG_6130_RepeatDirectOrder] [clickLoginButton] - Clicking on Login Button
[INFO ] 2023-05-16 02:37:33.113 [jobOrder.TG_6130_RepeatDirectOrder] [clickLoginButton] - Close Pop Up clicked successfully
[INFO ] 2023-05-16 02:37:40.118 [jobOrder.TG_6130_RepeatDirectOrder] [clickOrdersMenuOnHiringHomePage] - Clicking Order menu present on the Hiring homepage
[INFO ] 2023-05-16 02:37:49.610 [jobOrder.TG_6130_RepeatDirectOrder] [clickOrdersMenuOnHiringHomePage] - Order menu present on the Hiring hompage clicked successfully.
[INFO ] 2023-05-16 02:38:09.560 [jobOrder.TG_6130_RepeatDirectOrder] [clickDeleteJobOrderButton] - Clicking on delete button present on Job Order detials page
[INFO ] 2023-05-16 02:38:21.354 [jobOrder.TG_6130_RepeatDirectOrder] [clickDeleteJobOrderButton] - Delete button present on Job Order detials page clicked
[INFO ] 2023-05-16 02:38:24.803 [jobOrder.TG_6130_RepeatDirectOrder] [clickAcceptDeleteJobOrderRequestButton] - Clicking on confirm deletion button
[INFO ] 2023-05-16 02:38:25.798 [jobOrder.TG_6130_RepeatDirectOrder] [clickAcceptDeleteJobOrderRequestButton] - Confirm deletion button clicked
[INFO ] 2023-05-16 02:38:25.799 [jobOrder.TG_6130_RepeatDirectOrder] [verifyJobOrderDeleted] - Verifying that job order deleted via pop-up
[INFO ] 2023-05-16 02:38:26.857 [jobOrder.TG_6130_RepeatDirectOrder] [verifyJobOrderDeleted] - Verified that order deleted successfully
[DEBUG] 2023-05-16 02:38:27.052 [freemarker.cache] [debug] - Couldn't find template in cache for "spark/spark.spa.ftl"("en_IN", UTF-8, parsed); will try to load it.
[DEBUG] 2023-05-16 02:38:27.057 [freemarker.cache] [debug] - TemplateLoader.findTemplateSource("spark/spark.spa_en_IN.ftl"): Not found
[DEBUG] 2023-05-16 02:38:27.058 [freemarker.cache] [debug] - TemplateLoader.findTemplateSource("spark/spark.spa_en.ftl"): Not found
[DEBUG] 2023-05-16 02:38:27.059 [freemarker.cache] [debug] - TemplateLoader.findTemplateSource("spark/spark.spa.ftl"): Found
[DEBUG] 2023-05-16 02:38:27.060 [freemarker.cache] [debug] - Loading template for "spark/spark.spa.ftl"("en_IN", UTF-8, parsed) from "jar:file:/Users/amandeep.singh/.m2/repository/com/aventstack/extentreports/5.0.7/extentreports-5.0.7.jar!/com/aventstack/extentreports/templates/spark/spark.spa.ftl"
[DEBUG] 2023-05-16 02:38:27.112 [freemarker.cache] [debug] - Couldn't find template in cache for "commons/commons-variables.ftl"("en_IN", UTF-8, parsed); will try to load it.
[DEBUG] 2023-05-16 02:38:27.113 [freemarker.cache] [debug] - TemplateLoader.findTemplateSource("commons/commons-variables_en_IN.ftl"): Not found
[DEBUG] 2023-05-16 02:38:27.114 [freemarker.cache] [debug] - TemplateLoader.findTemplateSource("commons/commons-variables_en.ftl"): Not found
[DEBUG] 2023-05-16 02:38:27.115 [freemarker.cache] [debug] - TemplateLoader.findTemplateSource("commons/commons-variables.ftl"): Found
[DEBUG] 2023-05-16 02:38:27.115 [freemarker.cache] [debug] - Loading template for "commons/commons-variables.ftl"("en_IN", UTF-8, parsed) from "jar:file:/Users/amandeep.singh/.m2/repository/com/aventstack/extentreports/5.0.7/extentreports-5.0.7.jar!/com/aventstack/extentreports/templates/commons/commons-variables.ftl"
[DEBUG] 2023-05-16 02:38:27.236 [freemarker.cache] [debug] - Couldn't find template in cache for "commons/commons-macros.ftl"("en_IN", UTF-8, parsed); will try to load it.
[DEBUG] 2023-05-16 02:38:27.237 [freemarker.cache] [debug] - TemplateLoader.findTemplateSource("commons/commons-macros_en_IN.ftl"): Not found
[DEBUG] 2023-05-16 02:38:27.237 [freemarker.cache] [debug] - TemplateLoader.findTemplateSource("commons/commons-macros_en.ftl"): Not found
[DEBUG] 2023-05-16 02:38:27.239 [freemarker.cache] [debug] - TemplateLoader.findTemplateSource("commons/commons-macros.ftl"): Found
[DEBUG] 2023-05-16 02:38:27.239 [freemarker.cache] [debug] - Loading template for "commons/commons-macros.ftl"("en_IN", UTF-8, parsed) from "jar:file:/Users/amandeep.singh/.m2/repository/com/aventstack/extentreports/5.0.7/extentreports-5.0.7.jar!/com/aventstack/extentreports/templates/commons/commons-macros.ftl"
[DEBUG] 2023-05-16 02:38:27.248 [freemarker.cache] [debug] - Couldn't find template in cache for "spark/macros/attributes.ftl"("en_IN", UTF-8, parsed); will try to load it.
[DEBUG] 2023-05-16 02:38:27.249 [freemarker.cache] [debug] - TemplateLoader.findTemplateSource("spark/macros/attributes_en_IN.ftl"): Not found
[DEBUG] 2023-05-16 02:38:27.250 [freemarker.cache] [debug] - TemplateLoader.findTemplateSource("spark/macros/attributes_en.ftl"): Not found
[DEBUG] 2023-05-16 02:38:27.251 [freemarker.cache] [debug] - TemplateLoader.findTemplateSource("spark/macros/attributes.ftl"): Found
[DEBUG] 2023-05-16 02:38:27.251 [freemarker.cache] [debug] - Loading template for "spark/macros/attributes.ftl"("en_IN", UTF-8, parsed) from "jar:file:/Users/amandeep.singh/.m2/repository/com/aventstack/extentreports/5.0.7/extentreports-5.0.7.jar!/com/aventstack/extentreports/templates/spark/macros/attributes.ftl"
[DEBUG] 2023-05-16 02:38:27.254 [freemarker.cache] [debug] - Couldn't find template in cache for "spark/macros/log.ftl"("en_IN", UTF-8, parsed); will try to load it.
[DEBUG] 2023-05-16 02:38:27.254 [freemarker.cache] [debug] - TemplateLoader.findTemplateSource("spark/macros/log_en_IN.ftl"): Not found
[DEBUG] 2023-05-16 02:38:27.255 [freemarker.cache] [debug] - TemplateLoader.findTemplateSource("spark/macros/log_en.ftl"): Not found
[DEBUG] 2023-05-16 02:38:27.256 [freemarker.cache] [debug] - TemplateLoader.findTemplateSource("spark/macros/log.ftl"): Found
[DEBUG] 2023-05-16 02:38:27.256 [freemarker.cache] [debug] - Loading template for "spark/macros/log.ftl"("en_IN", UTF-8, parsed) from "jar:file:/Users/amandeep.singh/.m2/repository/com/aventstack/extentreports/5.0.7/extentreports-5.0.7.jar!/com/aventstack/extentreports/templates/spark/macros/log.ftl"
[DEBUG] 2023-05-16 02:38:27.265 [freemarker.cache] [debug] - Couldn't find template in cache for "spark/macros/recurse_nodes.ftl"("en_IN", UTF-8, parsed); will try to load it.
[DEBUG] 2023-05-16 02:38:27.267 [freemarker.cache] [debug] - TemplateLoader.findTemplateSource("spark/macros/recurse_nodes_en_IN.ftl"): Not found
[DEBUG] 2023-05-16 02:38:27.267 [freemarker.cache] [debug] - TemplateLoader.findTemplateSource("spark/macros/recurse_nodes_en.ftl"): Not found
[DEBUG] 2023-05-16 02:38:27.268 [freemarker.cache] [debug] - TemplateLoader.findTemplateSource("spark/macros/recurse_nodes.ftl"): Found
[DEBUG] 2023-05-16 02:38:27.268 [freemarker.cache] [debug] - Loading template for "spark/macros/recurse_nodes.ftl"("en_IN", UTF-8, parsed) from "jar:file:/Users/amandeep.singh/.m2/repository/com/aventstack/extentreports/5.0.7/extentreports-5.0.7.jar!/com/aventstack/extentreports/templates/spark/macros/recurse_nodes.ftl"
[DEBUG] 2023-05-16 02:38:27.275 [freemarker.cache] [debug] - "spark/macros/log.ftl"("en_IN", UTF-8, parsed) cached copy not yet stale; using cached.
[DEBUG] 2023-05-16 02:38:27.276 [freemarker.cache] [debug] - Couldn't find template in cache for "spark/macros/attr-common.ftl"("en_IN", UTF-8, parsed); will try to load it.
[DEBUG] 2023-05-16 02:38:27.276 [freemarker.cache] [debug] - TemplateLoader.findTemplateSource("spark/macros/attr-common_en_IN.ftl"): Not found
[DEBUG] 2023-05-16 02:38:27.276 [freemarker.cache] [debug] - TemplateLoader.findTemplateSource("spark/macros/attr-common_en.ftl"): Not found
[DEBUG] 2023-05-16 02:38:27.276 [freemarker.cache] [debug] - TemplateLoader.findTemplateSource("spark/macros/attr-common.ftl"): Found
[DEBUG] 2023-05-16 02:38:27.277 [freemarker.cache] [debug] - Loading template for "spark/macros/attr-common.ftl"("en_IN", UTF-8, parsed) from "jar:file:/Users/amandeep.singh/.m2/repository/com/aventstack/extentreports/5.0.7/extentreports-5.0.7.jar!/com/aventstack/extentreports/templates/spark/macros/attr-common.ftl"
[DEBUG] 2023-05-16 02:38:27.293 [freemarker.cache] [debug] - Couldn't find template in cache for "spark/partials/head.ftl"("en_IN", UTF-8, parsed); will try to load it.
[DEBUG] 2023-05-16 02:38:27.294 [freemarker.cache] [debug] - TemplateLoader.findTemplateSource("spark/partials/head_en_IN.ftl"): Not found
[DEBUG] 2023-05-16 02:38:27.294 [freemarker.cache] [debug] - TemplateLoader.findTemplateSource("spark/partials/head_en.ftl"): Not found
[DEBUG] 2023-05-16 02:38:27.295 [freemarker.cache] [debug] - TemplateLoader.findTemplateSource("spark/partials/head.ftl"): Found
[DEBUG] 2023-05-16 02:38:27.295 [freemarker.cache] [debug] - Loading template for "spark/partials/head.ftl"("en_IN", UTF-8, parsed) from "jar:file:/Users/amandeep.singh/.m2/repository/com/aventstack/extentreports/5.0.7/extentreports-5.0.7.jar!/com/aventstack/extentreports/templates/spark/partials/head.ftl"
[DEBUG] 2023-05-16 02:38:27.302 [freemarker.cache] [debug] - Couldn't find template in cache for "commons/commons-inject-css.ftl"("en_IN", UTF-8, parsed); will try to load it.
[DEBUG] 2023-05-16 02:38:27.302 [freemarker.cache] [debug] - TemplateLoader.findTemplateSource("commons/commons-inject-css_en_IN.ftl"): Not found
[DEBUG] 2023-05-16 02:38:27.303 [freemarker.cache] [debug] - TemplateLoader.findTemplateSource("commons/commons-inject-css_en.ftl"): Not found
[DEBUG] 2023-05-16 02:38:27.303 [freemarker.cache] [debug] - TemplateLoader.findTemplateSource("commons/commons-inject-css.ftl"): Found
[DEBUG] 2023-05-16 02:38:27.303 [freemarker.cache] [debug] - Loading template for "commons/commons-inject-css.ftl"("en_IN", UTF-8, parsed) from "jar:file:/Users/amandeep.singh/.m2/repository/com/aventstack/extentreports/5.0.7/extentreports-5.0.7.jar!/com/aventstack/extentreports/templates/commons/commons-inject-css.ftl"
[DEBUG] 2023-05-16 02:38:27.307 [freemarker.cache] [debug] - Couldn't find template in cache for "spark/partials/navbar.ftl"("en_IN", UTF-8, parsed); will try to load it.
[DEBUG] 2023-05-16 02:38:27.307 [freemarker.cache] [debug] - TemplateLoader.findTemplateSource("spark/partials/navbar_en_IN.ftl"): Not found
[DEBUG] 2023-05-16 02:38:27.308 [freemarker.cache] [debug] - TemplateLoader.findTemplateSource("spark/partials/navbar_en.ftl"): Not found
[DEBUG] 2023-05-16 02:38:27.308 [freemarker.cache] [debug] - TemplateLoader.findTemplateSource("spark/partials/navbar.ftl"): Found
[DEBUG] 2023-05-16 02:38:27.309 [freemarker.cache] [debug] - Loading template for "spark/partials/navbar.ftl"("en_IN", UTF-8, parsed) from "jar:file:/Users/amandeep.singh/.m2/repository/com/aventstack/extentreports/5.0.7/extentreports-5.0.7.jar!/com/aventstack/extentreports/templates/spark/partials/navbar.ftl"
[DEBUG] 2023-05-16 02:38:27.316 [freemarker.cache] [debug] - Couldn't find template in cache for "spark/partials/sidenav.ftl"("en_IN", UTF-8, parsed); will try to load it.
[DEBUG] 2023-05-16 02:38:27.317 [freemarker.cache] [debug] - TemplateLoader.findTemplateSource("spark/partials/sidenav_en_IN.ftl"): Not found
[DEBUG] 2023-05-16 02:38:27.317 [freemarker.cache] [debug] - TemplateLoader.findTemplateSource("spark/partials/sidenav_en.ftl"): Not found
[DEBUG] 2023-05-16 02:38:27.317 [freemarker.cache] [debug] - TemplateLoader.findTemplateSource("spark/partials/sidenav.ftl"): Found
[DEBUG] 2023-05-16 02:38:27.318 [freemarker.cache] [debug] - Loading template for "spark/partials/sidenav.ftl"("en_IN", UTF-8, parsed) from "jar:file:/Users/amandeep.singh/.m2/repository/com/aventstack/extentreports/5.0.7/extentreports-5.0.7.jar!/com/aventstack/extentreports/templates/spark/partials/sidenav.ftl"
[DEBUG] 2023-05-16 02:38:27.330 [freemarker.cache] [debug] - Couldn't find template in cache for "spark/partials/dashboard.ftl"("en_IN", UTF-8, parsed); will try to load it.
[DEBUG] 2023-05-16 02:38:27.331 [freemarker.cache] [debug] - TemplateLoader.findTemplateSource("spark/partials/dashboard_en_IN.ftl"): Not found
[DEBUG] 2023-05-16 02:38:27.333 [freemarker.cache] [debug] - TemplateLoader.findTemplateSource("spark/partials/dashboard_en.ftl"): Not found
[DEBUG] 2023-05-16 02:38:27.334 [freemarker.cache] [debug] - TemplateLoader.findTemplateSource("spark/partials/dashboard.ftl"): Found
[DEBUG] 2023-05-16 02:38:27.335 [freemarker.cache] [debug] - Loading template for "spark/partials/dashboard.ftl"("en_IN", UTF-8, parsed) from "jar:file:/Users/amandeep.singh/.m2/repository/com/aventstack/extentreports/5.0.7/extentreports-5.0.7.jar!/com/aventstack/extentreports/templates/spark/partials/dashboard.ftl"
[DEBUG] 2023-05-16 02:38:27.440 [freemarker.cache] [debug] - Couldn't find template in cache for "spark/partials/category.ftl"("en_IN", UTF-8, parsed); will try to load it.
[DEBUG] 2023-05-16 02:38:27.442 [freemarker.cache] [debug] - TemplateLoader.findTemplateSource("spark/partials/category_en_IN.ftl"): Not found
[DEBUG] 2023-05-16 02:38:27.442 [freemarker.cache] [debug] - TemplateLoader.findTemplateSource("spark/partials/category_en.ftl"): Not found
[DEBUG] 2023-05-16 02:38:27.442 [freemarker.cache] [debug] - TemplateLoader.findTemplateSource("spark/partials/category.ftl"): Found
[DEBUG] 2023-05-16 02:38:27.443 [freemarker.cache] [debug] - Loading template for "spark/partials/category.ftl"("en_IN", UTF-8, parsed) from "jar:file:/Users/amandeep.singh/.m2/repository/com/aventstack/extentreports/5.0.7/extentreports-5.0.7.jar!/com/aventstack/extentreports/templates/spark/partials/category.ftl"
[DEBUG] 2023-05-16 02:38:27.453 [freemarker.cache] [debug] - Couldn't find template in cache for "spark/partials/test.ftl"("en_IN", UTF-8, parsed); will try to load it.
[DEBUG] 2023-05-16 02:38:27.453 [freemarker.cache] [debug] - TemplateLoader.findTemplateSource("spark/partials/test_en_IN.ftl"): Not found
[DEBUG] 2023-05-16 02:38:27.453 [freemarker.cache] [debug] - TemplateLoader.findTemplateSource("spark/partials/test_en.ftl"): Not found
[DEBUG] 2023-05-16 02:38:27.454 [freemarker.cache] [debug] - TemplateLoader.findTemplateSource("spark/partials/test.ftl"): Found
[DEBUG] 2023-05-16 02:38:27.455 [freemarker.cache] [debug] - Loading template for "spark/partials/test.ftl"("en_IN", UTF-8, parsed) from "jar:file:/Users/amandeep.singh/.m2/repository/com/aventstack/extentreports/5.0.7/extentreports-5.0.7.jar!/com/aventstack/extentreports/templates/spark/partials/test.ftl"
[DEBUG] 2023-05-16 02:38:27.469 [freemarker.cache] [debug] - Couldn't find template in cache for "spark/partials/standard-content.ftl"("en_IN", UTF-8, parsed); will try to load it.
[DEBUG] 2023-05-16 02:38:27.469 [freemarker.cache] [debug] - TemplateLoader.findTemplateSource("spark/partials/standard-content_en_IN.ftl"): Not found
[DEBUG] 2023-05-16 02:38:27.469 [freemarker.cache] [debug] - TemplateLoader.findTemplateSource("spark/partials/standard-content_en.ftl"): Not found
[DEBUG] 2023-05-16 02:38:27.470 [freemarker.cache] [debug] - TemplateLoader.findTemplateSource("spark/partials/standard-content.ftl"): Found
[DEBUG] 2023-05-16 02:38:27.470 [freemarker.cache] [debug] - Loading template for "spark/partials/standard-content.ftl"("en_IN", UTF-8, parsed) from "jar:file:/Users/amandeep.singh/.m2/repository/com/aventstack/extentreports/5.0.7/extentreports-5.0.7.jar!/com/aventstack/extentreports/templates/spark/partials/standard-content.ftl"
[DEBUG] 2023-05-16 02:38:27.488 [freemarker.cache] [debug] - Couldn't find template in cache for "spark/partials/scripts.ftl"("en_IN", UTF-8, parsed); will try to load it.
[DEBUG] 2023-05-16 02:38:27.488 [freemarker.cache] [debug] - TemplateLoader.findTemplateSource("spark/partials/scripts_en_IN.ftl"): Not found
[DEBUG] 2023-05-16 02:38:27.488 [freemarker.cache] [debug] - TemplateLoader.findTemplateSource("spark/partials/scripts_en.ftl"): Not found
[DEBUG] 2023-05-16 02:38:27.488 [freemarker.cache] [debug] - TemplateLoader.findTemplateSource("spark/partials/scripts.ftl"): Found
[DEBUG] 2023-05-16 02:38:27.488 [freemarker.cache] [debug] - Loading template for "spark/partials/scripts.ftl"("en_IN", UTF-8, parsed) from "jar:file:/Users/amandeep.singh/.m2/repository/com/aventstack/extentreports/5.0.7/extentreports-5.0.7.jar!/com/aventstack/extentreports/templates/spark/partials/scripts.ftl"
[DEBUG] 2023-05-16 02:38:27.489 [freemarker.cache] [debug] - Couldn't find template in cache for "commons/commons-inject-js.ftl"("en_IN", UTF-8, parsed); will try to load it.
[DEBUG] 2023-05-16 02:38:27.490 [freemarker.cache] [debug] - TemplateLoader.findTemplateSource("commons/commons-inject-js_en_IN.ftl"): Not found
[DEBUG] 2023-05-16 02:38:27.490 [freemarker.cache] [debug] - TemplateLoader.findTemplateSource("commons/commons-inject-js_en.ftl"): Not found
[DEBUG] 2023-05-16 02:38:27.490 [freemarker.cache] [debug] - TemplateLoader.findTemplateSource("commons/commons-inject-js.ftl"): Found
[DEBUG] 2023-05-16 02:38:27.490 [freemarker.cache] [debug] - Loading template for "commons/commons-inject-js.ftl"("en_IN", UTF-8, parsed) from "jar:file:/Users/amandeep.singh/.m2/repository/com/aventstack/extentreports/5.0.7/extentreports-5.0.7.jar!/com/aventstack/extentreports/templates/commons/commons-inject-js.ftl"
