[INFO ] 2023-01-24 14:46:25.816 [CRM.TG_5748_Exclusive_Hiring_Company_Creation_Via_Staffing] [TG_5461_VerifyUserIsAbleToRouteToLeadFormSuccessfully] - Logging in
[INFO ] 2023-01-24 14:46:29.435 [CRM.TG_5748_Exclusive_Hiring_Company_Creation_Via_Staffing] [TG_5461_VerifyUserIsAbleToRouteToLeadFormSuccessfully] - Entering Username
[INFO ] 2023-01-24 14:46:29.437 [CRM.TG_5748_Exclusive_Hiring_Company_Creation_Via_Staffing] [enterUsername] - Entering new user's first name
[INFO ] 2023-01-24 14:46:31.169 [CRM.TG_5748_Exclusive_Hiring_Company_Creation_Via_Staffing] [enterUsername] - User's first name entered successfully
[INFO ] 2023-01-24 14:46:31.169 [CRM.TG_5748_Exclusive_Hiring_Company_Creation_Via_Staffing] [TG_5461_VerifyUserIsAbleToRouteToLeadFormSuccessfully] - Username Entered Successfully
[INFO ] 2023-01-24 14:46:31.169 [CRM.TG_5748_Exclusive_Hiring_Company_Creation_Via_Staffing] [TG_5461_VerifyUserIsAbleToRouteToLeadFormSuccessfully] - Entering Password
[INFO ] 2023-01-24 14:46:31.169 [CRM.TG_5748_Exclusive_Hiring_Company_Creation_Via_Staffing] [enterPassword] - Entering new user's last name
[INFO ] 2023-01-24 14:46:31.364 [CRM.TG_5748_Exclusive_Hiring_Company_Creation_Via_Staffing] [enterPassword] - User's last name entered successfully
[INFO ] 2023-01-24 14:46:31.364 [CRM.TG_5748_Exclusive_Hiring_Company_Creation_Via_Staffing] [TG_5461_VerifyUserIsAbleToRouteToLeadFormSuccessfully] - Password Entered Successfully
[INFO ] 2023-01-24 14:46:31.364 [CRM.TG_5748_Exclusive_Hiring_Company_Creation_Via_Staffing] [TG_5461_VerifyUserIsAbleToRouteToLeadFormSuccessfully] - Clicking on Login Button
[INFO ] 2023-01-24 14:46:31.365 [CRM.TG_5748_Exclusive_Hiring_Company_Creation_Via_Staffing] [clickLoginButton] - Clicking on Login Button
[INFO ] 2023-01-24 14:46:31.878 [CRM.TG_5748_Exclusive_Hiring_Company_Creation_Via_Staffing] [clickLoginButton] - Close Pop Up clicked successfully
[INFO ] 2023-01-24 14:46:31.885 [CRM.TG_5748_Exclusive_Hiring_Company_Creation_Via_Staffing] [TG_5461_VerifyUserIsAbleToRouteToLeadFormSuccessfully] - Verifying CRM Icon
[INFO ] 2023-01-24 14:46:31.885 [CRM.TG_5748_Exclusive_Hiring_Company_Creation_Via_Staffing] [verifyCRMTextOnStaffingHomepage] - Check for CRM Icon on Homepage
[INFO ] 2023-01-24 14:46:45.972 [CRM.TG_5748_Exclusive_Hiring_Company_Creation_Via_Staffing] [verifyCRMTextOnStaffingHomepage] - CRM Icon displayed successfully
[INFO ] 2023-01-24 14:46:45.983 [CRM.TG_5748_Exclusive_Hiring_Company_Creation_Via_Staffing] [TG_5461_VerifyUserIsAbleToRouteToLeadFormSuccessfully] - CRM Icon Verified successfully
[INFO ] 2023-01-24 14:46:45.983 [CRM.TG_5748_Exclusive_Hiring_Company_Creation_Via_Staffing] [TG_5461_VerifyUserIsAbleToRouteToLeadFormSuccessfully] - Clicking on CRM Icon
[INFO ] 2023-01-24 14:46:45.983 [CRM.TG_5748_Exclusive_Hiring_Company_Creation_Via_Staffing] [clickCRMIcoOnHomepage] - Clicking on CRM Button
[INFO ] 2023-01-24 14:46:46.432 [CRM.TG_5748_Exclusive_Hiring_Company_Creation_Via_Staffing] [clickCRMIcoOnHomepage] - CRM Button clicked successfully
[INFO ] 2023-01-24 14:46:46.432 [CRM.TG_5748_Exclusive_Hiring_Company_Creation_Via_Staffing] [TG_5461_VerifyUserIsAbleToRouteToLeadFormSuccessfully] - CRM Icon Clicked Successfully
[INFO ] 2023-01-24 14:46:48.438 [CRM.TG_5748_Exclusive_Hiring_Company_Creation_Via_Staffing] [TG_5461_VerifyUserIsAbleToRouteToLeadFormSuccessfully] - Clicking on Lead Icon
[INFO ] 2023-01-24 14:46:48.441 [CRM.TG_5748_Exclusive_Hiring_Company_Creation_Via_Staffing] [clickLeadIcon] - Clicking on Lead Button
[INFO ] 2023-01-24 14:46:49.981 [CRM.TG_5748_Exclusive_Hiring_Company_Creation_Via_Staffing] [clickLeadIcon] - Lead Button clicked successfully
[INFO ] 2023-01-24 14:46:49.981 [CRM.TG_5748_Exclusive_Hiring_Company_Creation_Via_Staffing] [TG_5461_VerifyUserIsAbleToRouteToLeadFormSuccessfully] - Lead Icon Clicked Successfully
[INFO ] 2023-01-24 14:46:51.987 [CRM.TG_5748_Exclusive_Hiring_Company_Creation_Via_Staffing] [TG_5461_VerifyUserIsAbleToRouteToLeadFormSuccessfully] - Verify Listing Form
[INFO ] 2023-01-24 14:46:51.990 [CRM.TG_5748_Exclusive_Hiring_Company_Creation_Via_Staffing] [verifyLeadListingForm] - Check for Lead Title
[INFO ] 2023-01-24 14:46:52.107 [CRM.TG_5748_Exclusive_Hiring_Company_Creation_Via_Staffing] [verifyLeadListingForm] - Lead Title displayed successfully
[INFO ] 2023-01-24 14:46:52.107 [CRM.TG_5748_Exclusive_Hiring_Company_Creation_Via_Staffing] [TG_5461_VerifyUserIsAbleToRouteToLeadFormSuccessfully] - Listing Form verified successfully
[INFO ] 2023-01-24 14:46:54.113 [CRM.TG_5748_Exclusive_Hiring_Company_Creation_Via_Staffing] [TG_5461_VerifyUserIsAbleToRouteToLeadFormSuccessfully] - Clicking on Add Lead Button
[INFO ] 2023-01-24 14:46:54.115 [CRM.TG_5748_Exclusive_Hiring_Company_Creation_Via_Staffing] [clickAddLeadButton] - Clicking on Lead Button
[INFO ] 2023-01-24 14:46:55.091 [CRM.TG_5748_Exclusive_Hiring_Company_Creation_Via_Staffing] [clickAddLeadButton] - Add Lead Button clicked successfully
[INFO ] 2023-01-24 14:46:55.092 [CRM.TG_5748_Exclusive_Hiring_Company_Creation_Via_Staffing] [TG_5461_VerifyUserIsAbleToRouteToLeadFormSuccessfully] - Add Lead Button Clicked Successfully
[INFO ] 2023-01-24 14:46:57.100 [CRM.TG_5748_Exclusive_Hiring_Company_Creation_Via_Staffing] [TG_5461_VerifyUserIsAbleToRouteToLeadFormSuccessfully] - Verifying the Lead Form Title
[INFO ] 2023-01-24 14:46:57.105 [CRM.TG_5748_Exclusive_Hiring_Company_Creation_Via_Staffing] [verifyLeadForm] - Check for New Lead Form
[INFO ] 2023-01-24 14:46:57.192 [CRM.TG_5748_Exclusive_Hiring_Company_Creation_Via_Staffing] [verifyLeadForm] - New Lead Form displayed successfully
[INFO ] 2023-01-24 14:46:57.192 [CRM.TG_5748_Exclusive_Hiring_Company_Creation_Via_Staffing] [TG_5461_VerifyUserIsAbleToRouteToLeadFormSuccessfully] - Lead Form Title is Verified Successfully
[INFO ] 2023-01-24 14:46:57.247 [CRM.TG_5748_Exclusive_Hiring_Company_Creation_Via_Staffing] [TG_5466_VerifyLeadCreatedSuccessfully] - Verifying Mandatory Fields
[INFO ] 2023-01-24 14:46:57.247 [CRM.TG_5748_Exclusive_Hiring_Company_Creation_Via_Staffing] [clickSaveButton] - Clicking on Save Button
[INFO ] 2023-01-24 14:46:57.883 [CRM.TG_5748_Exclusive_Hiring_Company_Creation_Via_Staffing] [clickSaveButton] - Save Button clicked successfully
[INFO ] 2023-01-24 14:46:59.891 [CRM.TG_5748_Exclusive_Hiring_Company_Creation_Via_Staffing] [verifyMandatoryFieldIsBlank] - Verifying the Mandatory Field Pop-Up Title
[INFO ] 2023-01-24 14:46:59.973 [CRM.TG_5748_Exclusive_Hiring_Company_Creation_Via_Staffing] [verifyMandatoryFieldIsBlank] - Mandatory Field Pop-Up Title displayed Successfully
[INFO ] 2023-01-24 14:47:01.978 [CRM.TG_5748_Exclusive_Hiring_Company_Creation_Via_Staffing] [TG_5466_VerifyLeadCreatedSuccessfully] - Closing the Pop-up
[INFO ] 2023-01-24 14:47:01.980 [CRM.TG_5748_Exclusive_Hiring_Company_Creation_Via_Staffing] [closeBlankMandatoryFieldDialogBox] - Clicking on Close Pop-Up Icon
[INFO ] 2023-01-24 14:47:02.177 [CRM.TG_5748_Exclusive_Hiring_Company_Creation_Via_Staffing] [closeBlankMandatoryFieldDialogBox] - Close Pop-Up Icon Clicked Successfully
[INFO ] 2023-01-24 14:47:02.178 [CRM.TG_5748_Exclusive_Hiring_Company_Creation_Via_Staffing] [TG_5466_VerifyLeadCreatedSuccessfully] - Pop-up closed Successfully
[INFO ] 2023-01-24 14:47:04.183 [CRM.TG_5748_Exclusive_Hiring_Company_Creation_Via_Staffing] [TG_5466_VerifyLeadCreatedSuccessfully] - Entering First Name
[INFO ] 2023-01-24 14:47:04.184 [CRM.TG_5748_Exclusive_Hiring_Company_Creation_Via_Staffing] [enterFirstName] - Entering First Name
[INFO ] 2023-01-24 14:47:04.574 [CRM.TG_5748_Exclusive_Hiring_Company_Creation_Via_Staffing] [enterFirstName] - First Name Entered Successfully
[INFO ] 2023-01-24 14:47:04.576 [CRM.TG_5748_Exclusive_Hiring_Company_Creation_Via_Staffing] [TG_5466_VerifyLeadCreatedSuccessfully] - First Name Entered Successfully
[INFO ] 2023-01-24 14:47:04.576 [CRM.TG_5748_Exclusive_Hiring_Company_Creation_Via_Staffing] [TG_5466_VerifyLeadCreatedSuccessfully] - Entering Last Name
[INFO ] 2023-01-24 14:47:04.579 [CRM.TG_5748_Exclusive_Hiring_Company_Creation_Via_Staffing] [enterLastName] - Entering Last Name
[INFO ] 2023-01-24 14:47:04.769 [CRM.TG_5748_Exclusive_Hiring_Company_Creation_Via_Staffing] [enterLastName] - Last Name Entered Successfully
[INFO ] 2023-01-24 14:47:04.770 [CRM.TG_5748_Exclusive_Hiring_Company_Creation_Via_Staffing] [TG_5466_VerifyLeadCreatedSuccessfully] - Last Name Entered Successfully
[INFO ] 2023-01-24 14:47:04.770 [CRM.TG_5748_Exclusive_Hiring_Company_Creation_Via_Staffing] [TG_5466_VerifyLeadCreatedSuccessfully] - Entering Company Name
[INFO ] 2023-01-24 14:47:04.770 [CRM.TG_5748_Exclusive_Hiring_Company_Creation_Via_Staffing] [enterCompanyName] - Entering Company Name
[INFO ] 2023-01-24 14:47:04.950 [CRM.TG_5748_Exclusive_Hiring_Company_Creation_Via_Staffing] [enterCompanyName] - Company Name Entered Successfully
[INFO ] 2023-01-24 14:47:04.950 [CRM.TG_5748_Exclusive_Hiring_Company_Creation_Via_Staffing] [TG_5466_VerifyLeadCreatedSuccessfully] - Company Name Entered Successfully
[INFO ] 2023-01-24 14:47:04.950 [CRM.TG_5748_Exclusive_Hiring_Company_Creation_Via_Staffing] [TG_5466_VerifyLeadCreatedSuccessfully] - Entering Email
[INFO ] 2023-01-24 14:47:04.951 [CRM.TG_5748_Exclusive_Hiring_Company_Creation_Via_Staffing] [enterEmail] - Entering Email
[INFO ] 2023-01-24 14:47:05.359 [CRM.TG_5748_Exclusive_Hiring_Company_Creation_Via_Staffing] [enterEmail] - Email Entered Successfully
[INFO ] 2023-01-24 14:47:05.360 [CRM.TG_5748_Exclusive_Hiring_Company_Creation_Via_Staffing] [TG_5466_VerifyLeadCreatedSuccessfully] - Email Entered Successfully
[INFO ] 2023-01-24 14:47:07.366 [CRM.TG_5748_Exclusive_Hiring_Company_Creation_Via_Staffing] [TG_5466_VerifyLeadCreatedSuccessfully] - Entering Phone Number
[INFO ] 2023-01-24 14:47:07.369 [CRM.TG_5748_Exclusive_Hiring_Company_Creation_Via_Staffing] [enterPhoneNumber] - Entering Phone Number
[INFO ] 2023-01-24 14:47:07.619 [CRM.TG_5748_Exclusive_Hiring_Company_Creation_Via_Staffing] [enterPhoneNumber] - Phone Number Entered Successfully
[INFO ] 2023-01-24 14:47:07.620 [CRM.TG_5748_Exclusive_Hiring_Company_Creation_Via_Staffing] [TG_5466_VerifyLeadCreatedSuccessfully] - Phone Number Entered Successfully
[INFO ] 2023-01-24 14:47:07.620 [CRM.TG_5748_Exclusive_Hiring_Company_Creation_Via_Staffing] [TG_5466_VerifyLeadCreatedSuccessfully] - Selecting the Search on Maps Checkbox
[INFO ] 2023-01-24 14:47:07.620 [CRM.TG_5748_Exclusive_Hiring_Company_Creation_Via_Staffing] [selectSearchOnMapsCheckbox] - Selecting search on Maps checkbox
[INFO ] 2023-01-24 14:47:09.859 [CRM.TG_5748_Exclusive_Hiring_Company_Creation_Via_Staffing] [selectSearchOnMapsCheckbox] - Search on maps checkbox selected
[INFO ] 2023-01-24 14:47:09.859 [CRM.TG_5748_Exclusive_Hiring_Company_Creation_Via_Staffing] [TG_5466_VerifyLeadCreatedSuccessfully] - Search on Maps Checkbox selected Successfully
[INFO ] 2023-01-24 14:47:11.865 [CRM.TG_5748_Exclusive_Hiring_Company_Creation_Via_Staffing] [TG_5466_VerifyLeadCreatedSuccessfully] - Entering Employee Address
[INFO ] 2023-01-24 14:47:11.866 [CRM.TG_5748_Exclusive_Hiring_Company_Creation_Via_Staffing] [enterEmployeeAddressOnMaps] - Etering employee address on maps
[INFO ] 2023-01-24 14:47:13.202 [CRM.TG_5748_Exclusive_Hiring_Company_Creation_Via_Staffing] [enterEmployeeAddressOnMaps] - Employee entered successfully
[INFO ] 2023-01-24 14:47:13.203 [CRM.TG_5748_Exclusive_Hiring_Company_Creation_Via_Staffing] [TG_5466_VerifyLeadCreatedSuccessfully] - Employee Address Entered Successfull
[INFO ] 2023-01-24 14:47:15.209 [CRM.TG_5748_Exclusive_Hiring_Company_Creation_Via_Staffing] [TG_5466_VerifyLeadCreatedSuccessfully] - Clicking on Save Button
[INFO ] 2023-01-24 14:47:15.211 [CRM.TG_5748_Exclusive_Hiring_Company_Creation_Via_Staffing] [clickSaveButton] - Clicking on Save Button
[INFO ] 2023-01-24 14:47:15.344 [CRM.TG_5748_Exclusive_Hiring_Company_Creation_Via_Staffing] [clickSaveButton] - Save Button clicked successfully
[INFO ] 2023-01-24 14:47:15.344 [CRM.TG_5748_Exclusive_Hiring_Company_Creation_Via_Staffing] [TG_5466_VerifyLeadCreatedSuccessfully] - Save Button Clicked Successfully
[INFO ] 2023-01-24 14:47:18.351 [CRM.TG_5748_Exclusive_Hiring_Company_Creation_Via_Staffing] [TG_5466_VerifyLeadCreatedSuccessfully] - Verify the LEAD Status
[INFO ] 2023-01-24 14:47:18.356 [CRM.TG_5748_Exclusive_Hiring_Company_Creation_Via_Staffing] [verifyLeadStatus] - Check for Status as Lead
[INFO ] 2023-01-24 14:47:18.437 [CRM.TG_5748_Exclusive_Hiring_Company_Creation_Via_Staffing] [verifyLeadStatus] - Status verified as Lead successfully
[INFO ] 2023-01-24 14:47:18.439 [CRM.TG_5748_Exclusive_Hiring_Company_Creation_Via_Staffing] [TG_5466_VerifyLeadCreatedSuccessfully] - LEAD Status verified Successfully
[INFO ] 2023-01-24 14:47:20.445 [CRM.TG_5748_Exclusive_Hiring_Company_Creation_Via_Staffing] [TG_5466_VerifyLeadCreatedSuccessfully] - Clicking Lead Link for Listing form
[INFO ] 2023-01-24 14:47:20.446 [CRM.TG_5748_Exclusive_Hiring_Company_Creation_Via_Staffing] [clickLeadLinkforListingForm] - Click on Lead for Listing form
[INFO ] 2023-01-24 14:47:20.843 [CRM.TG_5748_Exclusive_Hiring_Company_Creation_Via_Staffing] [clickLeadLinkforListingForm] - Lead for Listing form clicked Successfully
[INFO ] 2023-01-24 14:47:20.844 [CRM.TG_5748_Exclusive_Hiring_Company_Creation_Via_Staffing] [TG_5466_VerifyLeadCreatedSuccessfully] - Lead Link for Listing form clicked Successfully
[INFO ] 2023-01-24 14:47:20.844 [CRM.TG_5748_Exclusive_Hiring_Company_Creation_Via_Staffing] [TG_5466_VerifyLeadCreatedSuccessfully] - Verify Lead created Successfully or not
[INFO ] 2023-01-24 14:47:20.844 [CRM.TG_5748_Exclusive_Hiring_Company_Creation_Via_Staffing] [verifyCreatedLead] - Check for Created Lead
[INFO ] 2023-01-24 14:47:21.048 [CRM.TG_5748_Exclusive_Hiring_Company_Creation_Via_Staffing] [verifyCreatedLead] - Created Lead displayed successfully
[INFO ] 2023-01-24 14:47:21.048 [CRM.TG_5748_Exclusive_Hiring_Company_Creation_Via_Staffing] [TG_5466_VerifyLeadCreatedSuccessfully] - Lead Created Successfully 
[INFO ] 2023-01-24 14:47:23.054 [CRM.TG_5748_Exclusive_Hiring_Company_Creation_Via_Staffing] [TG_5466_VerifyLeadCreatedSuccessfully] - Clicking Created Lead from Listing form
[INFO ] 2023-01-24 14:47:23.055 [CRM.TG_5748_Exclusive_Hiring_Company_Creation_Via_Staffing] [clickCreatedLead] - Clicking on Created Lead
[INFO ] 2023-01-24 14:47:23.687 [CRM.TG_5748_Exclusive_Hiring_Company_Creation_Via_Staffing] [clickCreatedLead] - Created Lead clicked successfully
[INFO ] 2023-01-24 14:47:23.688 [CRM.TG_5748_Exclusive_Hiring_Company_Creation_Via_Staffing] [TG_5466_VerifyLeadCreatedSuccessfully] - Created Lead Clicked Successfully
[INFO ] 2023-01-24 14:47:25.694 [CRM.TG_5748_Exclusive_Hiring_Company_Creation_Via_Staffing] [TG_5466_VerifyLeadCreatedSuccessfully] - Selecting the Open Lead Status
[INFO ] 2023-01-24 14:47:25.698 [CRM.TG_5748_Exclusive_Hiring_Company_Creation_Via_Staffing] [clickLeadStatusOpen] - Clicking on Status dropdown
[INFO ] 2023-01-24 14:47:25.945 [CRM.TG_5748_Exclusive_Hiring_Company_Creation_Via_Staffing] [clickLeadStatusOpen] - Open Status entered successfully
[INFO ] 2023-01-24 14:47:25.946 [CRM.TG_5748_Exclusive_Hiring_Company_Creation_Via_Staffing] [TG_5466_VerifyLeadCreatedSuccessfully] - Open Lead Status Selected Successfully
[INFO ] 2023-01-24 14:47:27.960 [CRM.TG_5748_Exclusive_Hiring_Company_Creation_Via_Staffing] [TG_5466_VerifyLeadCreatedSuccessfully] - Clicking Notes Tab
[INFO ] 2023-01-24 14:47:27.977 [CRM.TG_5748_Exclusive_Hiring_Company_Creation_Via_Staffing] [clickNotesTab] - Clicking on Notes Tab
[INFO ] 2023-01-24 14:47:28.188 [CRM.TG_5748_Exclusive_Hiring_Company_Creation_Via_Staffing] [clickNotesTab] - Notes Tab clicked successfully
[INFO ] 2023-01-24 14:47:28.189 [CRM.TG_5748_Exclusive_Hiring_Company_Creation_Via_Staffing] [TG_5466_VerifyLeadCreatedSuccessfully] - Notes Tab Clicked Successfully
[INFO ] 2023-01-24 14:47:30.194 [CRM.TG_5748_Exclusive_Hiring_Company_Creation_Via_Staffing] [TG_5466_VerifyLeadCreatedSuccessfully] - Entering Notes
[INFO ] 2023-01-24 14:47:30.196 [CRM.TG_5748_Exclusive_Hiring_Company_Creation_Via_Staffing] [enterNotes] - Entering Note
[INFO ] 2023-01-24 14:47:30.810 [CRM.TG_5748_Exclusive_Hiring_Company_Creation_Via_Staffing] [enterNotes] - Note Entered Successfully
[INFO ] 2023-01-24 14:47:30.812 [CRM.TG_5748_Exclusive_Hiring_Company_Creation_Via_Staffing] [TG_5466_VerifyLeadCreatedSuccessfully] - Notes Entered Successfully
[INFO ] 2023-01-24 14:47:32.813 [CRM.TG_5748_Exclusive_Hiring_Company_Creation_Via_Staffing] [TG_5466_VerifyLeadCreatedSuccessfully] - Clicking Overview Tab
[INFO ] 2023-01-24 14:47:32.816 [CRM.TG_5748_Exclusive_Hiring_Company_Creation_Via_Staffing] [clickOverviewTab] - Clicking on Notes Tab
[INFO ] 2023-01-24 14:47:32.936 [CRM.TG_5748_Exclusive_Hiring_Company_Creation_Via_Staffing] [clickOverviewTab] - Notes Tab clicked successfully
[INFO ] 2023-01-24 14:47:32.937 [CRM.TG_5748_Exclusive_Hiring_Company_Creation_Via_Staffing] [TG_5466_VerifyLeadCreatedSuccessfully] - Overview Tab Clicked Successfully
[INFO ] 2023-01-24 14:47:34.942 [CRM.TG_5748_Exclusive_Hiring_Company_Creation_Via_Staffing] [TG_5466_VerifyLeadCreatedSuccessfully] - Selecting the Contract Negotiation Lead Status
[INFO ] 2023-01-24 14:47:34.944 [CRM.TG_5748_Exclusive_Hiring_Company_Creation_Via_Staffing] [clickLeadStatusContractNegotiation] - Clicking on Status dropdown
[INFO ] 2023-01-24 14:47:35.043 [CRM.TG_5748_Exclusive_Hiring_Company_Creation_Via_Staffing] [clickLeadStatusContractNegotiation] - Contract Negotiation Status entered successfully
[INFO ] 2023-01-24 14:47:35.043 [CRM.TG_5748_Exclusive_Hiring_Company_Creation_Via_Staffing] [TG_5466_VerifyLeadCreatedSuccessfully] - Contract Negotiation Lead Status Selected Successfully
[INFO ] 2023-01-24 14:47:37.049 [CRM.TG_5748_Exclusive_Hiring_Company_Creation_Via_Staffing] [TG_5466_VerifyLeadCreatedSuccessfully] - Clicking Save Button
[INFO ] 2023-01-24 14:47:37.050 [CRM.TG_5748_Exclusive_Hiring_Company_Creation_Via_Staffing] [clickSaveButton] - Clicking on Save Button
[INFO ] 2023-01-24 14:47:37.124 [CRM.TG_5748_Exclusive_Hiring_Company_Creation_Via_Staffing] [clickSaveButton] - Save Button clicked successfully
[INFO ] 2023-01-24 14:47:37.124 [CRM.TG_5748_Exclusive_Hiring_Company_Creation_Via_Staffing] [TG_5466_VerifyLeadCreatedSuccessfully] - Save Button Clicked Successfully
[INFO ] 2023-01-24 14:47:39.130 [CRM.TG_5748_Exclusive_Hiring_Company_Creation_Via_Staffing] [TG_5466_VerifyLeadCreatedSuccessfully] - Verify Prepare Contract Button
[INFO ] 2023-01-24 14:47:39.131 [CRM.TG_5748_Exclusive_Hiring_Company_Creation_Via_Staffing] [verifyPrepareContractButton] - Verify Prepare Contract Button
[INFO ] 2023-01-24 14:47:39.233 [CRM.TG_5748_Exclusive_Hiring_Company_Creation_Via_Staffing] [verifyPrepareContractButton] - Prepare Contract Button displayed successfully
[INFO ] 2023-01-24 14:47:39.234 [CRM.TG_5748_Exclusive_Hiring_Company_Creation_Via_Staffing] [TG_5466_VerifyLeadCreatedSuccessfully] - Prepare Contract Button Verified Successfully
[INFO ] 2023-01-24 14:47:39.234 [CRM.TG_5748_Exclusive_Hiring_Company_Creation_Via_Staffing] [TG_5466_VerifyLeadCreatedSuccessfully] - Click Prepare Contract Button
[INFO ] 2023-01-24 14:47:39.234 [CRM.TG_5748_Exclusive_Hiring_Company_Creation_Via_Staffing] [clickPrepareContractButton] - Clicking on Prepare Contract Button
[INFO ] 2023-01-24 14:47:39.291 [CRM.TG_5748_Exclusive_Hiring_Company_Creation_Via_Staffing] [clickPrepareContractButton] - Prepare Contract Button clicked successfully
[INFO ] 2023-01-24 14:47:39.292 [CRM.TG_5748_Exclusive_Hiring_Company_Creation_Via_Staffing] [TG_5466_VerifyLeadCreatedSuccessfully] - Prepare Contract Button Clicked Successfully
[INFO ] 2023-01-24 14:47:41.296 [CRM.TG_5748_Exclusive_Hiring_Company_Creation_Via_Staffing] [TG_5466_VerifyLeadCreatedSuccessfully] - Verify Contract Form
[INFO ] 2023-01-24 14:47:41.297 [CRM.TG_5748_Exclusive_Hiring_Company_Creation_Via_Staffing] [verifyContractForm] - Check for New Contract Form
[INFO ] 2023-01-24 14:47:41.383 [CRM.TG_5748_Exclusive_Hiring_Company_Creation_Via_Staffing] [verifyContractForm] - New Contract Form displayed successfully
[INFO ] 2023-01-24 14:47:41.383 [CRM.TG_5748_Exclusive_Hiring_Company_Creation_Via_Staffing] [TG_5466_VerifyLeadCreatedSuccessfully] - New Contract Form verified Successfully
[INFO ] 2023-01-24 14:47:41.383 [CRM.TG_5748_Exclusive_Hiring_Company_Creation_Via_Staffing] [TG_5466_VerifyLeadCreatedSuccessfully] - Entering Start Date
[INFO ] 2023-01-24 14:47:41.383 [CRM.TG_5748_Exclusive_Hiring_Company_Creation_Via_Staffing] [enterStartDate] - Entering the Start Date 
[INFO ] 2023-01-24 14:47:46.738 [CRM.TG_5748_Exclusive_Hiring_Company_Creation_Via_Staffing] [enterStartDate] - Start Date Entered Successfully
[INFO ] 2023-01-24 14:47:46.746 [CRM.TG_5748_Exclusive_Hiring_Company_Creation_Via_Staffing] [TG_5466_VerifyLeadCreatedSuccessfully] - Start Date Entered Successfully
[INFO ] 2023-01-24 14:47:48.752 [CRM.TG_5748_Exclusive_Hiring_Company_Creation_Via_Staffing] [TG_5466_VerifyLeadCreatedSuccessfully] - Entering End Date
[INFO ] 2023-01-24 14:47:48.756 [CRM.TG_5748_Exclusive_Hiring_Company_Creation_Via_Staffing] [enterEndDate] - Entering the End Date
[INFO ] 2023-01-24 14:47:54.084 [CRM.TG_5748_Exclusive_Hiring_Company_Creation_Via_Staffing] [enterEndDate] - End Date Entered Successfully
[INFO ] 2023-01-24 14:47:54.089 [CRM.TG_5748_Exclusive_Hiring_Company_Creation_Via_Staffing] [TG_5466_VerifyLeadCreatedSuccessfully] - End Date Entered Successfully
[INFO ] 2023-01-24 14:47:56.090 [CRM.TG_5748_Exclusive_Hiring_Company_Creation_Via_Staffing] [TG_5466_VerifyLeadCreatedSuccessfully] - Clicking Add Row Button
[INFO ] 2023-01-24 14:47:56.091 [CRM.TG_5748_Exclusive_Hiring_Company_Creation_Via_Staffing] [clickAddRowButton] - Clicking on Add Row Button
[INFO ] 2023-01-24 14:47:56.370 [CRM.TG_5748_Exclusive_Hiring_Company_Creation_Via_Staffing] [clickAddRowButton] - Add Row Button clicked successfully
[INFO ] 2023-01-24 14:47:56.371 [CRM.TG_5748_Exclusive_Hiring_Company_Creation_Via_Staffing] [TG_5466_VerifyLeadCreatedSuccessfully] - Add Row Button Clicked Successfully
[INFO ] 2023-01-24 14:47:58.379 [CRM.TG_5748_Exclusive_Hiring_Company_Creation_Via_Staffing] [TG_5466_VerifyLeadCreatedSuccessfully] - Clicking Job Title
[INFO ] 2023-01-24 14:47:58.384 [CRM.TG_5748_Exclusive_Hiring_Company_Creation_Via_Staffing] [clickJobTitleInTable] - Entering Job Title List in the Table
[INFO ] 2023-01-24 14:47:58.515 [CRM.TG_5748_Exclusive_Hiring_Company_Creation_Via_Staffing] [clickJobTitleInTable] - Clicked Job Title in the Table successfully
[INFO ] 2023-01-24 14:47:58.516 [CRM.TG_5748_Exclusive_Hiring_Company_Creation_Via_Staffing] [TG_5466_VerifyLeadCreatedSuccessfully] - Job Title Clicked Successfully
[INFO ] 2023-01-24 14:48:00.522 [CRM.TG_5748_Exclusive_Hiring_Company_Creation_Via_Staffing] [TG_5466_VerifyLeadCreatedSuccessfully] - Entering Job Title
[INFO ] 2023-01-24 14:48:00.525 [CRM.TG_5748_Exclusive_Hiring_Company_Creation_Via_Staffing] [enterTitle] - Enter Title
[INFO ] 2023-01-24 14:48:04.164 [CRM.TG_5748_Exclusive_Hiring_Company_Creation_Via_Staffing] [enterTitle] - Entered Job Title in the Table successfully
[INFO ] 2023-01-24 14:48:04.165 [CRM.TG_5748_Exclusive_Hiring_Company_Creation_Via_Staffing] [TG_5466_VerifyLeadCreatedSuccessfully] - Job Title Entered Successfully
[INFO ] 2023-01-24 14:48:06.172 [CRM.TG_5748_Exclusive_Hiring_Company_Creation_Via_Staffing] [TG_5466_VerifyLeadCreatedSuccessfully] - Entering Signature
[INFO ] 2023-01-24 14:48:06.175 [CRM.TG_5748_Exclusive_Hiring_Company_Creation_Via_Staffing] [enterSign] - Entering Sign
[INFO ] 2023-01-24 14:48:06.769 [CRM.TG_5748_Exclusive_Hiring_Company_Creation_Via_Staffing] [enterSign] - Sign Entered Successfully
[INFO ] 2023-01-24 14:48:06.771 [CRM.TG_5748_Exclusive_Hiring_Company_Creation_Via_Staffing] [TG_5466_VerifyLeadCreatedSuccessfully] - Signature Entered Successfully
[INFO ] 2023-01-24 14:48:08.782 [CRM.TG_5748_Exclusive_Hiring_Company_Creation_Via_Staffing] [TG_5466_VerifyLeadCreatedSuccessfully] - Clicking Save Button in Contract
[INFO ] 2023-01-24 14:48:08.800 [CRM.TG_5748_Exclusive_Hiring_Company_Creation_Via_Staffing] [clickSaveButtonInContract] - Clicking on Save Button
[INFO ] 2023-01-24 14:48:09.250 [CRM.TG_5748_Exclusive_Hiring_Company_Creation_Via_Staffing] [clickSaveButtonInContract] - Save Button clicked successfully
[INFO ] 2023-01-24 14:48:09.253 [CRM.TG_5748_Exclusive_Hiring_Company_Creation_Via_Staffing] [TG_5466_VerifyLeadCreatedSuccessfully] - Save Button Clicked Successfully
[INFO ] 2023-01-24 14:48:11.260 [CRM.TG_5748_Exclusive_Hiring_Company_Creation_Via_Staffing] [TG_5466_VerifyLeadCreatedSuccessfully] - Verify Finalize Contract Button
[INFO ] 2023-01-24 14:48:11.263 [CRM.TG_5748_Exclusive_Hiring_Company_Creation_Via_Staffing] [verifyFinalizeButton] - Verify Finalize Button
[INFO ] 2023-01-24 14:48:11.329 [CRM.TG_5748_Exclusive_Hiring_Company_Creation_Via_Staffing] [verifyFinalizeButton] - Finalize Button displayed successfully
[INFO ] 2023-01-24 14:48:11.329 [CRM.TG_5748_Exclusive_Hiring_Company_Creation_Via_Staffing] [TG_5466_VerifyLeadCreatedSuccessfully] - Finalize Contract Button verified Successfully
[INFO ] 2023-01-24 14:48:13.336 [CRM.TG_5748_Exclusive_Hiring_Company_Creation_Via_Staffing] [TG_5466_VerifyLeadCreatedSuccessfully] - Clicking Finalize Contrac Button
[INFO ] 2023-01-24 14:48:13.341 [CRM.TG_5748_Exclusive_Hiring_Company_Creation_Via_Staffing] [clickFinalizeButton] - Clicking Finalize button
[INFO ] 2023-01-24 14:48:13.558 [CRM.TG_5748_Exclusive_Hiring_Company_Creation_Via_Staffing] [clickFinalizeButton] - Finalize button clicked successfully
[INFO ] 2023-01-24 14:48:13.558 [CRM.TG_5748_Exclusive_Hiring_Company_Creation_Via_Staffing] [TG_5466_VerifyLeadCreatedSuccessfully] - Finalize Contrac Button Clicked Successfully
[INFO ] 2023-01-24 14:49:03.573 [CRM.TG_5748_Exclusive_Hiring_Company_Creation_Via_Staffing] [TG_5466_VerifyLeadCreatedSuccessfully] - Verify Success Email Sent Pop-up Message
[INFO ] 2023-01-24 14:49:03.591 [CRM.TG_5748_Exclusive_Hiring_Company_Creation_Via_Staffing] [verifyPopUpSuccessMsg] - Verifying pop up msg
