[INFO ] 2023-01-19 11:36:46.466 [timesheets.TG_4290_TimesheetCreation] [Tag_EndToEndFlowNewOrderHiring] - Started==Starting End To End Flow NewOrderHiring
[INFO ] 2023-01-19 11:36:50.836 [timesheets.TG_4290_TimesheetCreation] [enterUsername] - Entering new user's first name
[INFO ] 2023-01-19 11:36:51.427 [timesheets.TG_4290_TimesheetCreation] [enterUsername] - User's first name entered successfully
[INFO ] 2023-01-19 11:36:51.428 [timesheets.TG_4290_TimesheetCreation] [enterPassword] - Entering new user's last name
[INFO ] 2023-01-19 11:36:51.612 [timesheets.TG_4290_TimesheetCreation] [enterPassword] - User's last name entered successfully
[INFO ] 2023-01-19 11:36:51.612 [timesheets.TG_4290_TimesheetCreation] [clickLoginButton] - Clicking on Login Button
[INFO ] 2023-01-19 11:36:52.191 [timesheets.TG_4290_TimesheetCreation] [clickLoginButton] - Close Pop Up clicked successfully
[INFO ] 2023-01-19 11:36:52.192 [timesheets.TG_4290_TimesheetCreation] [newOrderHiring] - Clicking on New Order Button
[INFO ] 2023-01-19 11:37:05.323 [timesheets.TG_4290_TimesheetCreation] [newOrderHiring] - New Order Button clicked successfully
[INFO ] 2023-01-19 11:37:05.326 [timesheets.TG_4290_TimesheetCreation] [newOrderHiring] - Entering EstDailyHours
[INFO ] 2023-01-19 11:37:14.489 [timesheets.TG_4290_TimesheetCreation] [newOrderHiring] - EstDailyHours entered successfully
[INFO ] 2023-01-19 11:37:14.490 [timesheets.TG_4290_TimesheetCreation] [newOrderHiring] - Entering StartDate
[INFO ] 2023-01-19 11:37:20.071 [timesheets.TG_4290_TimesheetCreation] [newOrderHiring] - StartDate entered successfully
[INFO ] 2023-01-19 11:37:20.078 [timesheets.TG_4290_TimesheetCreation] [newOrderHiring] - Entering EndDate
[INFO ] 2023-01-19 11:37:31.535 [timesheets.TG_4290_TimesheetCreation] [newOrderHiring] - EndDate entered successfully
[INFO ] 2023-01-19 11:37:31.539 [timesheets.TG_4290_TimesheetCreation] [newOrderHiring] - Entering StartTime
[INFO ] 2023-01-19 11:37:32.801 [timesheets.TG_4290_TimesheetCreation] [newOrderHiring] - StartTime entered successfully
[INFO ] 2023-01-19 11:37:32.803 [timesheets.TG_4290_TimesheetCreation] [newOrderHiring] - Entering Availability
[INFO ] 2023-01-19 11:37:33.091 [timesheets.TG_4290_TimesheetCreation] [newOrderHiring] - Availabilit entered successfully
[INFO ] 2023-01-19 11:37:33.091 [timesheets.TG_4290_TimesheetCreation] [newOrderHiring] - Entering JobSite
[INFO ] 2023-01-19 11:37:39.403 [timesheets.TG_4290_TimesheetCreation] [newOrderHiring] - JobSite entered successfully
[INFO ] 2023-01-19 11:37:39.404 [timesheets.TG_4290_TimesheetCreation] [newOrderHiring] - Entering JobTitle
[INFO ] 2023-01-19 11:37:48.922 [timesheets.TG_4290_TimesheetCreation] [newOrderHiring] - JobTitle entered successfully
[INFO ] 2023-01-19 11:37:48.927 [timesheets.TG_4290_TimesheetCreation] [newOrderHiring] - Entering No Of Workers
[INFO ] 2023-01-19 11:37:54.161 [timesheets.TG_4290_TimesheetCreation] [newOrderHiring] - NoOfWorkers entered successfully
[INFO ] 2023-01-19 11:37:54.162 [timesheets.TG_4290_TimesheetCreation] [newOrderHiring] - Entering ESignature
[INFO ] 2023-01-19 11:37:57.402 [timesheets.TG_4290_TimesheetCreation] [newOrderHiring] - ESignature entered successfully
[INFO ] 2023-01-19 11:37:57.408 [timesheets.TG_4290_TimesheetCreation] [newOrderHiring] - clickAgreeContract
[INFO ] 2023-01-19 11:37:57.743 [timesheets.TG_4290_TimesheetCreation] [newOrderHiring] - clickAgreeContract successfully
[INFO ] 2023-01-19 11:37:57.743 [timesheets.TG_4290_TimesheetCreation] [newOrderHiring] - clickSaveButton
[INFO ] 2023-01-19 11:37:57.962 [timesheets.TG_4290_TimesheetCreation] [newOrderHiring] - SaveButton Clicked successfully
[INFO ] 2023-01-19 11:38:06.489 [timesheets.TG_4290_TimesheetCreation] [newOrderHiring] - Job order link present on the home page clicked
[INFO ] 2023-01-19 11:38:14.773 [timesheets.TG_4290_TimesheetCreation] [newOrderHiring] - Verify Job Order Id and Email Successfully
[INFO ] 2023-01-19 11:38:26.697 [timesheets.TG_4290_TimesheetCreation] [Tag_EndToEndFlowNewOrderHiring] - Started==Starting End To End Flow CreateEmployeeFromStaffing
[INFO ] 2023-01-19 11:38:35.650 [timesheets.TG_4290_TimesheetCreation] [enterUsername] - Entering new user's first name
[INFO ] 2023-01-19 11:38:35.798 [timesheets.TG_4290_TimesheetCreation] [enterUsername] - User's first name entered successfully
[INFO ] 2023-01-19 11:38:35.798 [timesheets.TG_4290_TimesheetCreation] [enterPassword] - Entering new user's last name
[INFO ] 2023-01-19 11:38:35.906 [timesheets.TG_4290_TimesheetCreation] [enterPassword] - User's last name entered successfully
[INFO ] 2023-01-19 11:38:35.906 [timesheets.TG_4290_TimesheetCreation] [clickLoginButton] - Clicking on Login Button
[INFO ] 2023-01-19 11:38:36.021 [timesheets.TG_4290_TimesheetCreation] [clickLoginButton] - Close Pop Up clicked successfully
[INFO ] 2023-01-19 11:39:06.789 [timesheets.TG_4290_TimesheetCreation] [clickAddNewEployeeButton] - Clicking on Add New Employee Button
[INFO ] 2023-01-19 11:39:08.011 [timesheets.TG_4290_TimesheetCreation] [clickAddNewEployeeButton] - Employee button clicked successfully
[INFO ] 2023-01-19 11:39:13.017 [timesheets.TG_4290_TimesheetCreation] [enterCompanyName] - Entering Company Name
[INFO ] 2023-01-19 11:39:13.590 [timesheets.TG_4290_TimesheetCreation] [enterCompanyName] - Company Name entered successfully
[INFO ] 2023-01-19 11:39:15.597 [timesheets.TG_4290_TimesheetCreation] [enterFirstName] - Entering First Name
[INFO ] 2023-01-19 11:39:15.742 [timesheets.TG_4290_TimesheetCreation] [enterFirstName] - First Name entered successfully
[INFO ] 2023-01-19 11:39:17.750 [timesheets.TG_4290_TimesheetCreation] [enterLastName] - Entering Last Name
[INFO ] 2023-01-19 11:39:17.898 [timesheets.TG_4290_TimesheetCreation] [enterLastName] - Last Name entered successfully
[INFO ] 2023-01-19 11:39:19.903 [timesheets.TG_4290_TimesheetCreation] [enterDateOfBirthField] - Entering date of birth
[INFO ] 2023-01-19 11:39:21.178 [timesheets.TG_4290_TimesheetCreation] [enterDateOfBirthField] - Date of birth entered successfully
[INFO ] 2023-01-19 11:39:23.188 [timesheets.TG_4290_TimesheetCreation] [enterEmail] - Entering email
[INFO ] 2023-01-19 11:39:23.438 [timesheets.TG_4290_TimesheetCreation] [enterEmail] - Email entered successfully
[INFO ] 2023-01-19 11:39:25.454 [timesheets.TG_4290_TimesheetCreation] [selectSearchOnMapsCheckbox] - Selecting search on Maps checkbox
[INFO ] 2023-01-19 11:39:27.969 [timesheets.TG_4290_TimesheetCreation] [selectSearchOnMapsCheckbox] - Search on maps checkbox selected
[INFO ] 2023-01-19 11:39:29.984 [timesheets.TG_4290_TimesheetCreation] [enterEmployeeAddressOnMaps] - Etering employee address on maps
[INFO ] 2023-01-19 11:39:31.382 [timesheets.TG_4290_TimesheetCreation] [enterEmployeeAddressOnMaps] - Employee entered successfully
[INFO ] 2023-01-19 11:39:33.386 [timesheets.TG_4290_TimesheetCreation] [clickSaveButton] - Clicking Save button
[INFO ] 2023-01-19 11:39:33.845 [timesheets.TG_4290_TimesheetCreation] [clickSaveButton] - Save button clicked successfully
[INFO ] 2023-01-19 11:40:13.855 [timesheets.TG_4290_TimesheetCreation] [getEmployeeIdFromEmaployeeDetailsPage] - Fetching employee id
[INFO ] 2023-01-19 11:40:13.973 [timesheets.TG_4290_TimesheetCreation] [getEmployeeIdFromEmaployeeDetailsPage] - Employee id fetched successfully
[INFO ] 2023-01-19 11:40:14.144 [timesheets.TG_4290_TimesheetCreation] [Tag_EndToEndFlowNewOrderHiring] - Started==Starting End To End Flow ClaimFromStaffing
[INFO ] 2023-01-19 11:40:14.144 [timesheets.TG_4290_TimesheetCreation] [ClaimOrderForStaffing] - Clicking Job orders menu present on the staffing homepage navigates to joborder listing form 
[INFO ] 2023-01-19 11:40:37.361 [timesheets.TG_4290_TimesheetCreation] [selectParticularJobOrderFromListingStaffing] - Selecting Particular Joborder on the listing
[INFO ] 2023-01-19 11:40:47.574 [timesheets.TG_4290_TimesheetCreation] [selectParticularJobOrderFromListingStaffing] - Particular Joborder on the listing selected successfully
[INFO ] 2023-01-19 11:40:47.576 [timesheets.TG_4290_TimesheetCreation] [ClaimOrderForStaffing] - Clicking on Claim order Button
