[INFO ] 2023-02-24 15:41:36.721 [company.TG_4355_EmployeeOnboarding] [enterUsername] - Entering new user's first name
[INFO ] 2023-02-24 15:41:38.196 [company.TG_4355_EmployeeOnboarding] [enterUsername] - User's first name entered successfully
[INFO ] 2023-02-24 15:41:38.196 [company.TG_4355_EmployeeOnboarding] [enterPassword] - Entering new user's last name
[INFO ] 2023-02-24 15:41:38.430 [company.TG_4355_EmployeeOnboarding] [enterPassword] - User's last name entered successfully
[INFO ] 2023-02-24 15:41:38.430 [company.TG_4355_EmployeeOnboarding] [clickLoginButton] - Clicking on Login Button
[INFO ] 2023-02-24 15:41:39.007 [company.TG_4355_EmployeeOnboarding] [clickLoginButton] - Close Pop Up clicked successfully
[INFO ] 2023-02-24 15:41:42.037 [company.TG_4355_EmployeeOnboarding] [clickATSMenuOnStaffingHomePage] - Clicking Order menu present on the staffing homepage
[INFO ] 2023-02-24 15:41:57.119 [company.TG_4355_EmployeeOnboarding] [clickATSMenuOnStaffingHomePage] - ATS menu present on the staffing hompage clicked successfully.
[INFO ] 2023-02-24 15:41:57.120 [company.TG_4355_EmployeeOnboarding] [verifyOnboardingMenuOnStaffingHomePage] - Verify Order menu present on the staffing homepage
[INFO ] 2023-02-24 15:41:57.441 [company.TG_4355_EmployeeOnboarding] [verifyOnboardingMenuOnStaffingHomePage] - onboardingMenu displayed successfully.
[INFO ] 2023-02-24 15:41:57.448 [company.TG_4355_EmployeeOnboarding] [verifySetUpMenuOnStaffingHomePage] - Verify setup menu present on the staffing homepage
[INFO ] 2023-02-24 15:41:57.498 [company.TG_4355_EmployeeOnboarding] [verifySetUpMenuOnStaffingHomePage] - Setup menu displayed successfully.
[INFO ] 2023-02-24 15:41:57.611 [company.TG_4355_EmployeeOnboarding] [clickOnboardingMenuOnStaffingHomePage] - Clicking Onboarding menu present on the staffing homepage
[INFO ] 2023-02-24 15:42:00.492 [company.TG_4355_EmployeeOnboarding] [clickOnboardingMenuOnStaffingHomePage] - Onboarding menu present on the staffing hompage clicked successfully.
[INFO ] 2023-02-24 15:42:02.501 [company.TG_4355_EmployeeOnboarding] [verifyEmployeeOnboardingTitle] - Verify EmployeeOnboardingTitle on the employee-onboarding page
[INFO ] 2023-02-24 15:42:03.155 [company.TG_4355_EmployeeOnboarding] [verifyEmployeeOnboardingTitle] - EmployeeOnboardingTitle menu displayed successfully.
[INFO ] 2023-02-24 15:42:05.225 [company.TG_4355_EmployeeOnboarding] [clickAddEmployeeOnboarding] - Clicking AddEmployeeOnboarding present on the  employee-onboarding page
[INFO ] 2023-02-24 15:42:06.275 [company.TG_4355_EmployeeOnboarding] [clickAddEmployeeOnboarding] - Add Employee Onboarding button clicked successfully.
[INFO ] 2023-02-24 15:42:06.275 [company.TG_4355_EmployeeOnboarding] [verifyNewEmployeeOnboardingTitle] - Verify New Employee Onboarding Title while clicking add Employee Onboarding Button
[INFO ] 2023-02-24 15:42:06.694 [company.TG_4355_EmployeeOnboarding] [verifyNewEmployeeOnboardingTitle] - New Employee Onboarding Title displayed while clicking add Employee Onboarding Button successfully.
[INFO ] 2023-02-24 15:42:06.724 [company.TG_4355_EmployeeOnboarding] [clickSaveButton] - Clicking save button on New Employee Onboarding form
[INFO ] 2023-02-24 15:42:10.237 [company.TG_4355_EmployeeOnboarding] [clickSaveButton] - Save button clicked successfully
[INFO ] 2023-02-24 15:42:10.241 [company.TG_4355_EmployeeOnboarding] [verifyMissingFieldPopUp] - Verify Missing field dialog while clicking save Button
[INFO ] 2023-02-24 15:42:10.475 [company.TG_4355_EmployeeOnboarding] [verifyMissingFieldPopUp] - Missing field dialog displayed while clicking save Button successfully.
[INFO ] 2023-02-24 15:42:10.475 [company.TG_4355_EmployeeOnboarding] [clickCloseButtonMissingFieldPopUp] - Clicking close button on New Employee Onboarding form
[INFO ] 2023-02-24 15:42:13.680 [company.TG_4355_EmployeeOnboarding] [clickCloseButtonMissingFieldPopUp] - CLose button clicked successfully
[INFO ] 2023-02-24 15:42:13.711 [company.TG_4355_EmployeeOnboarding] [verifyFirstNameIsVisible] - Checking first name feild is Visible
[INFO ] 2023-02-24 15:42:13.767 [company.TG_4355_EmployeeOnboarding] [verifyFirstNameIsVisible] - First name is displayed successfully
[INFO ] 2023-02-24 15:42:13.768 [company.TG_4355_EmployeeOnboarding] [clickSaveButton] - Clicking save button on New Employee Onboarding form
[INFO ] 2023-02-24 15:42:17.103 [company.TG_4355_EmployeeOnboarding] [clickSaveButton] - Save button clicked successfully
[INFO ] 2023-02-24 15:42:19.111 [company.TG_4355_EmployeeOnboarding] [verifyMissingFieldPopUp] - Verify Missing field dialog while clicking save Button
[INFO ] 2023-02-24 15:42:19.231 [company.TG_4355_EmployeeOnboarding] [verifyMissingFieldPopUp] - Missing field dialog displayed while clicking save Button successfully.
[INFO ] 2023-02-24 15:42:19.231 [company.TG_4355_EmployeeOnboarding] [verifyMissingFieldPopUp] - Verify Missing field dialog while clicking save Button
[INFO ] 2023-02-24 15:42:19.261 [company.TG_4355_EmployeeOnboarding] [verifyMissingFieldPopUp] - Missing field dialog displayed while clicking save Button successfully.
[INFO ] 2023-02-24 15:42:19.263 [company.TG_4355_EmployeeOnboarding] [clickCloseButtonMissingFieldPopUp] - Clicking close button on New Employee Onboarding form
[INFO ] 2023-02-24 15:42:22.401 [company.TG_4355_EmployeeOnboarding] [clickCloseButtonMissingFieldPopUp] - CLose button clicked successfully
[INFO ] 2023-02-24 15:42:22.402 [company.TG_4355_EmployeeOnboarding] [enterFirstName] - Entering new user's first name
[INFO ] 2023-02-24 15:42:22.795 [company.TG_4355_EmployeeOnboarding] [enterFirstName] - User's first name entered successfully
[INFO ] 2023-02-24 15:42:25.839 [company.TG_4355_EmployeeOnboarding] [verifyLastNameIsVisible] - Checking last name feild is Visible
[INFO ] 2023-02-24 15:42:25.931 [company.TG_4355_EmployeeOnboarding] [verifyLastNameIsVisible] - last name is displayed successfully
[INFO ] 2023-02-24 15:42:25.932 [company.TG_4355_EmployeeOnboarding] [clickSaveButton] - Clicking save button on New Employee Onboarding form
[INFO ] 2023-02-24 15:42:29.084 [company.TG_4355_EmployeeOnboarding] [clickSaveButton] - Save button clicked successfully
[INFO ] 2023-02-24 15:42:31.091 [company.TG_4355_EmployeeOnboarding] [verifyMissingFieldPopUp] - Verify Missing field dialog while clicking save Button
[INFO ] 2023-02-24 15:42:31.177 [company.TG_4355_EmployeeOnboarding] [verifyMissingFieldPopUp] - Missing field dialog displayed while clicking save Button successfully.
[INFO ] 2023-02-24 15:42:31.177 [company.TG_4355_EmployeeOnboarding] [verifyMissingFieldPopUp] - Verify Missing field dialog while clicking save Button
[INFO ] 2023-02-24 15:42:31.208 [company.TG_4355_EmployeeOnboarding] [verifyMissingFieldPopUp] - Missing field dialog displayed while clicking save Button successfully.
[INFO ] 2023-02-24 15:42:31.208 [company.TG_4355_EmployeeOnboarding] [clickCloseButtonMissingFieldPopUp] - Clicking close button on New Employee Onboarding form
[INFO ] 2023-02-24 15:42:34.346 [company.TG_4355_EmployeeOnboarding] [clickCloseButtonMissingFieldPopUp] - CLose button clicked successfully
[INFO ] 2023-02-24 15:42:34.347 [company.TG_4355_EmployeeOnboarding] [enterLastName] - Entering new user's Last name
[INFO ] 2023-02-24 15:42:34.672 [company.TG_4355_EmployeeOnboarding] [enterLastName] - User's last name entered successfully
[INFO ] 2023-02-24 15:42:37.710 [company.TG_4355_EmployeeOnboarding] [verifyEmailVisible] - Checking email is Visible
[INFO ] 2023-02-24 15:42:37.787 [company.TG_4355_EmployeeOnboarding] [verifyEmailVisible] - email is displayed successfully
[INFO ] 2023-02-24 15:42:37.787 [company.TG_4355_EmployeeOnboarding] [clickSaveButton] - Clicking save button on New Employee Onboarding form
[INFO ] 2023-02-24 15:42:40.994 [company.TG_4355_EmployeeOnboarding] [clickSaveButton] - Save button clicked successfully
[INFO ] 2023-02-24 15:42:43.000 [company.TG_4355_EmployeeOnboarding] [verifyMissingFieldPopUp] - Verify Missing field dialog while clicking save Button
[INFO ] 2023-02-24 15:42:43.070 [company.TG_4355_EmployeeOnboarding] [verifyMissingFieldPopUp] - Missing field dialog displayed while clicking save Button successfully.
[INFO ] 2023-02-24 15:42:43.071 [company.TG_4355_EmployeeOnboarding] [verifyMissingFieldPopUp] - Verify Missing field dialog while clicking save Button
[INFO ] 2023-02-24 15:42:43.113 [company.TG_4355_EmployeeOnboarding] [verifyMissingFieldPopUp] - Missing field dialog displayed while clicking save Button successfully.
[INFO ] 2023-02-24 15:42:43.113 [company.TG_4355_EmployeeOnboarding] [clickCloseButtonMissingFieldPopUp] - Clicking close button on New Employee Onboarding form
[INFO ] 2023-02-24 15:42:46.215 [company.TG_4355_EmployeeOnboarding] [clickCloseButtonMissingFieldPopUp] - CLose button clicked successfully
[INFO ] 2023-02-24 15:42:46.218 [company.TG_4355_EmployeeOnboarding] [enterEmail] - Entering new email
[INFO ] 2023-02-24 15:42:46.602 [company.TG_4355_EmployeeOnboarding] [enterEmail] - email entered successfully
[INFO ] 2023-02-24 15:42:49.633 [company.TG_4355_EmployeeOnboarding] [clickSaveButton] - Clicking save button on New Employee Onboarding form
[INFO ] 2023-02-24 15:42:52.787 [company.TG_4355_EmployeeOnboarding] [clickSaveButton] - Save button clicked successfully
[INFO ] 2023-02-24 15:42:54.795 [company.TG_4355_EmployeeOnboarding] [verifyMissingFieldPopUp] - Verify Missing field dialog while clicking save Button
[INFO ] 2023-02-24 15:42:54.871 [company.TG_4355_EmployeeOnboarding] [verifyMissingFieldPopUp] - Missing field dialog displayed while clicking save Button successfully.
[INFO ] 2023-02-24 15:42:54.872 [company.TG_4355_EmployeeOnboarding] [verifyMissingFieldPopUp] - Verify Missing field dialog while clicking save Button
[INFO ] 2023-02-24 15:42:54.907 [company.TG_4355_EmployeeOnboarding] [verifyMissingFieldPopUp] - Missing field dialog displayed while clicking save Button successfully.
[INFO ] 2023-02-24 15:42:54.908 [company.TG_4355_EmployeeOnboarding] [clickCloseButtonMissingFieldPopUp] - Clicking close button on New Employee Onboarding form
[INFO ] 2023-02-24 15:42:58.041 [company.TG_4355_EmployeeOnboarding] [clickCloseButtonMissingFieldPopUp] - CLose button clicked successfully
[INFO ] 2023-02-24 15:42:58.041 [company.TG_4355_EmployeeOnboarding] [enterEmployeeOnboardingTemplateValue] - Entering 
[INFO ] 2023-02-24 15:42:58.689 [company.TG_4355_EmployeeOnboarding] [enterEmployeeOnboardingTemplateValue] - entered successfully
[INFO ] 2023-02-24 15:43:01.721 [company.TG_4355_EmployeeOnboarding] [enterDateOfBirth] - Entering DOb in  new EmployeeOnborading page
[INFO ] 2023-02-24 15:43:07.429 [company.TG_4355_EmployeeOnboarding] [enterDateOfBirth] - Entered DOb in  new EmployeeOnborading page successfully
[INFO ] 2023-02-24 15:43:07.431 [company.TG_4355_EmployeeOnboarding] [verifyBirthYearErrorMessage] - Verify birth year error message 
[INFO ] 2023-02-24 15:43:08.029 [company.TG_4355_EmployeeOnboarding] [verifyBirthYearErrorMessage] - Birth year error message verified successfully.
[INFO ] 2023-02-24 15:43:08.030 [company.TG_4355_EmployeeOnboarding] [clickCloseIcon] - Clicking on Close Icon
[INFO ] 2023-02-24 15:43:11.152 [company.TG_4355_EmployeeOnboarding] [clickCloseIcon] - Close Icon clicked successfully
[INFO ] 2023-02-24 15:43:11.153 [company.TG_4355_EmployeeOnboarding] [enterDateOfBirth] - Entering DOb in  new EmployeeOnborading page
[INFO ] 2023-02-24 15:43:16.759 [company.TG_4355_EmployeeOnboarding] [enterDateOfBirth] - Entered DOb in  new EmployeeOnborading page successfully
[INFO ] 2023-02-24 15:43:19.822 [company.TG_4355_EmployeeOnboarding] [clickSaveButton] - Clicking save button on New Employee Onboarding form
[INFO ] 2023-02-24 15:43:23.175 [company.TG_4355_EmployeeOnboarding] [clickSaveButton] - Save button clicked successfully
[INFO ] 2023-02-24 15:43:26.184 [company.TG_4355_EmployeeOnboarding] [verifyDraftStatusOnForm] - verify clicking Save button moved to Draft Status on form
[INFO ] 2023-02-24 15:43:29.512 [company.TG_4355_EmployeeOnboarding] [verifyDraftStatusOnForm] - verified clicking Save button moved to Draft Status on form successfully
[INFO ] 2023-02-24 15:43:32.535 [company.TG_4355_EmployeeOnboarding] [verifySubmitButtonOnForm] - verify clicking Submit button on Employee Onboarding form
[INFO ] 2023-02-24 15:43:32.622 [company.TG_4355_EmployeeOnboarding] [verifySubmitButtonOnForm] - verified clicking on Submit button on Employee Onboarding form successfully
[INFO ] 2023-02-24 15:43:32.622 [company.TG_4355_EmployeeOnboarding] [clickSubmitButton] - Clicking save button on New Employee Onboarding form
[INFO ] 2023-02-24 15:43:32.676 [company.TG_4355_EmployeeOnboarding] [clickSubmitButton] - Save button clicked successfully
[INFO ] 2023-02-24 15:43:35.685 [company.TG_4355_EmployeeOnboarding] [clickModalConfirmYesButton] - Clicking yes button on confirm modal Employee Onboarding form
[INFO ] 2023-02-24 15:43:35.800 [company.TG_4355_EmployeeOnboarding] [clickModalConfirmYesButton] - Yes button on confirm modal clicked successfully
[INFO ] 2023-02-24 15:43:38.808 [company.TG_4355_EmployeeOnboarding] [verifySubmittedStatusOnForm] - verify clicking submit button moved to submitted Status on form
[INFO ] 2023-02-24 15:43:41.914 [company.TG_4355_EmployeeOnboarding] [verifySubmittedStatusOnForm] - verified clicking submit button moved to submitted Status on form successfully
[INFO ] 2023-02-24 15:43:44.959 [company.TG_4355_EmployeeOnboarding] [enterData1] - Entering Job Applicant List in the search box
[INFO ] 2023-02-24 15:43:45.210 [company.TG_4355_EmployeeOnboarding] [enterData1] - Entered Job Applicant List in the search box successfully
[INFO ] 2023-02-24 15:43:45.214 [company.TG_4355_EmployeeOnboarding] [clickSearchBox] - Searching Job Applicant List having the Status as Accepted
[INFO ] 2023-02-24 15:43:45.664 [company.TG_4355_EmployeeOnboarding] [clickSearchBox] - Job Applicant List having the Status as Accepted listed successfully
[INFO ] 2023-02-24 15:43:45.665 [company.TG_4355_EmployeeOnboarding] [verifyJobApplicantList] - Checking Job applicant list having the Status as Accepted
[INFO ] 2023-02-24 15:43:47.761 [company.TG_4355_EmployeeOnboarding] [verifyJobApplicantList] - first last name is displayed listing form successfully
[INFO ] 2023-02-24 15:43:50.791 [company.TG_4355_EmployeeOnboarding] [enterData1] - Entering Job Applicant List in the search box
[INFO ] 2023-02-24 15:43:50.918 [company.TG_4355_EmployeeOnboarding] [enterData1] - Entered Job Applicant List in the search box successfully
[INFO ] 2023-02-24 15:43:50.919 [company.TG_4355_EmployeeOnboarding] [clickSearchBox] - Searching Job Applicant List having the Status as Accepted
[INFO ] 2023-02-24 15:43:51.104 [company.TG_4355_EmployeeOnboarding] [clickSearchBox] - Job Applicant List having the Status as Accepted listed successfully
[INFO ] 2023-02-24 15:43:51.104 [company.TG_4355_EmployeeOnboarding] [verifyJobOfferList] - Checking Job offer list having the Status as Accepted
[INFO ] 2023-02-24 15:43:53.195 [company.TG_4355_EmployeeOnboarding] [verifyJobOfferList] - first last name is displayed listing form successfully
