[INFO ] 2023-01-24 14:53:06.413 [CRM.TG_5748_Exclusive_Hiring_Company_Creation_Via_Staffing] [TG_5461_VerifyUserIsAbleToRouteToLeadFormSuccessfully] - Logging in
[INFO ] 2023-01-24 14:53:10.276 [CRM.TG_5748_Exclusive_Hiring_Company_Creation_Via_Staffing] [TG_5461_VerifyUserIsAbleToRouteToLeadFormSuccessfully] - Entering Username
[INFO ] 2023-01-24 14:53:10.277 [CRM.TG_5748_Exclusive_Hiring_Company_Creation_Via_Staffing] [enterUsername] - Entering new user's first name
[INFO ] 2023-01-24 14:53:12.029 [CRM.TG_5748_Exclusive_Hiring_Company_Creation_Via_Staffing] [enterUsername] - User's first name entered successfully
[INFO ] 2023-01-24 14:53:12.030 [CRM.TG_5748_Exclusive_Hiring_Company_Creation_Via_Staffing] [TG_5461_VerifyUserIsAbleToRouteToLeadFormSuccessfully] - Username Entered Successfully
[INFO ] 2023-01-24 14:53:12.030 [CRM.TG_5748_Exclusive_Hiring_Company_Creation_Via_Staffing] [TG_5461_VerifyUserIsAbleToRouteToLeadFormSuccessfully] - Entering Password
[INFO ] 2023-01-24 14:53:12.030 [CRM.TG_5748_Exclusive_Hiring_Company_Creation_Via_Staffing] [enterPassword] - Entering new user's last name
[INFO ] 2023-01-24 14:53:12.308 [CRM.TG_5748_Exclusive_Hiring_Company_Creation_Via_Staffing] [enterPassword] - User's last name entered successfully
[INFO ] 2023-01-24 14:53:12.309 [CRM.TG_5748_Exclusive_Hiring_Company_Creation_Via_Staffing] [TG_5461_VerifyUserIsAbleToRouteToLeadFormSuccessfully] - Password Entered Successfully
[INFO ] 2023-01-24 14:53:12.309 [CRM.TG_5748_Exclusive_Hiring_Company_Creation_Via_Staffing] [TG_5461_VerifyUserIsAbleToRouteToLeadFormSuccessfully] - Clicking on Login Button
[INFO ] 2023-01-24 14:53:12.309 [CRM.TG_5748_Exclusive_Hiring_Company_Creation_Via_Staffing] [clickLoginButton] - Clicking on Login Button
[INFO ] 2023-01-24 14:53:12.780 [CRM.TG_5748_Exclusive_Hiring_Company_Creation_Via_Staffing] [clickLoginButton] - Close Pop Up clicked successfully
[INFO ] 2023-01-24 14:53:12.786 [CRM.TG_5748_Exclusive_Hiring_Company_Creation_Via_Staffing] [TG_5461_VerifyUserIsAbleToRouteToLeadFormSuccessfully] - Verifying CRM Icon
[INFO ] 2023-01-24 14:53:12.786 [CRM.TG_5748_Exclusive_Hiring_Company_Creation_Via_Staffing] [verifyCRMTextOnStaffingHomepage] - Check for CRM Icon on Homepage
[INFO ] 2023-01-24 14:53:27.126 [CRM.TG_5748_Exclusive_Hiring_Company_Creation_Via_Staffing] [verifyCRMTextOnStaffingHomepage] - CRM Icon displayed successfully
[INFO ] 2023-01-24 14:53:27.136 [CRM.TG_5748_Exclusive_Hiring_Company_Creation_Via_Staffing] [TG_5461_VerifyUserIsAbleToRouteToLeadFormSuccessfully] - CRM Icon Verified successfully
[INFO ] 2023-01-24 14:53:27.136 [CRM.TG_5748_Exclusive_Hiring_Company_Creation_Via_Staffing] [TG_5461_VerifyUserIsAbleToRouteToLeadFormSuccessfully] - Clicking on CRM Icon
[INFO ] 2023-01-24 14:53:27.136 [CRM.TG_5748_Exclusive_Hiring_Company_Creation_Via_Staffing] [clickCRMIcoOnHomepage] - Clicking on CRM Button
[INFO ] 2023-01-24 14:53:27.527 [CRM.TG_5748_Exclusive_Hiring_Company_Creation_Via_Staffing] [clickCRMIcoOnHomepage] - CRM Button clicked successfully
[INFO ] 2023-01-24 14:53:27.528 [CRM.TG_5748_Exclusive_Hiring_Company_Creation_Via_Staffing] [TG_5461_VerifyUserIsAbleToRouteToLeadFormSuccessfully] - CRM Icon Clicked Successfully
[INFO ] 2023-01-24 14:53:29.533 [CRM.TG_5748_Exclusive_Hiring_Company_Creation_Via_Staffing] [TG_5461_VerifyUserIsAbleToRouteToLeadFormSuccessfully] - Clicking on Lead Icon
[INFO ] 2023-01-24 14:53:29.535 [CRM.TG_5748_Exclusive_Hiring_Company_Creation_Via_Staffing] [clickLeadIcon] - Clicking on Lead Button
[INFO ] 2023-01-24 14:53:30.960 [CRM.TG_5748_Exclusive_Hiring_Company_Creation_Via_Staffing] [clickLeadIcon] - Lead Button clicked successfully
[INFO ] 2023-01-24 14:53:30.961 [CRM.TG_5748_Exclusive_Hiring_Company_Creation_Via_Staffing] [TG_5461_VerifyUserIsAbleToRouteToLeadFormSuccessfully] - Lead Icon Clicked Successfully
[INFO ] 2023-01-24 14:53:32.966 [CRM.TG_5748_Exclusive_Hiring_Company_Creation_Via_Staffing] [TG_5461_VerifyUserIsAbleToRouteToLeadFormSuccessfully] - Verify Listing Form
[INFO ] 2023-01-24 14:53:32.968 [CRM.TG_5748_Exclusive_Hiring_Company_Creation_Via_Staffing] [verifyLeadListingForm] - Check for Lead Title
[INFO ] 2023-01-24 14:53:33.063 [CRM.TG_5748_Exclusive_Hiring_Company_Creation_Via_Staffing] [verifyLeadListingForm] - Lead Title displayed successfully
[INFO ] 2023-01-24 14:53:33.063 [CRM.TG_5748_Exclusive_Hiring_Company_Creation_Via_Staffing] [TG_5461_VerifyUserIsAbleToRouteToLeadFormSuccessfully] - Listing Form verified successfully
[INFO ] 2023-01-24 14:53:35.069 [CRM.TG_5748_Exclusive_Hiring_Company_Creation_Via_Staffing] [TG_5461_VerifyUserIsAbleToRouteToLeadFormSuccessfully] - Clicking on Add Lead Button
[INFO ] 2023-01-24 14:53:35.070 [CRM.TG_5748_Exclusive_Hiring_Company_Creation_Via_Staffing] [clickAddLeadButton] - Clicking on Lead Button
[INFO ] 2023-01-24 14:53:36.022 [CRM.TG_5748_Exclusive_Hiring_Company_Creation_Via_Staffing] [clickAddLeadButton] - Add Lead Button clicked successfully
[INFO ] 2023-01-24 14:53:36.028 [CRM.TG_5748_Exclusive_Hiring_Company_Creation_Via_Staffing] [TG_5461_VerifyUserIsAbleToRouteToLeadFormSuccessfully] - Add Lead Button Clicked Successfully
[INFO ] 2023-01-24 14:53:38.034 [CRM.TG_5748_Exclusive_Hiring_Company_Creation_Via_Staffing] [TG_5461_VerifyUserIsAbleToRouteToLeadFormSuccessfully] - Verifying the Lead Form Title
[INFO ] 2023-01-24 14:53:38.037 [CRM.TG_5748_Exclusive_Hiring_Company_Creation_Via_Staffing] [verifyLeadForm] - Check for New Lead Form
[INFO ] 2023-01-24 14:53:38.111 [CRM.TG_5748_Exclusive_Hiring_Company_Creation_Via_Staffing] [verifyLeadForm] - New Lead Form displayed successfully
[INFO ] 2023-01-24 14:53:38.111 [CRM.TG_5748_Exclusive_Hiring_Company_Creation_Via_Staffing] [TG_5461_VerifyUserIsAbleToRouteToLeadFormSuccessfully] - Lead Form Title is Verified Successfully
[INFO ] 2023-01-24 14:53:38.169 [CRM.TG_5748_Exclusive_Hiring_Company_Creation_Via_Staffing] [TG_5466_VerifyLeadCreatedSuccessfully] - Verifying Mandatory Fields
[INFO ] 2023-01-24 14:53:38.169 [CRM.TG_5748_Exclusive_Hiring_Company_Creation_Via_Staffing] [clickSaveButton] - Clicking on Save Button
[INFO ] 2023-01-24 14:53:38.721 [CRM.TG_5748_Exclusive_Hiring_Company_Creation_Via_Staffing] [clickSaveButton] - Save Button clicked successfully
[INFO ] 2023-01-24 14:53:40.728 [CRM.TG_5748_Exclusive_Hiring_Company_Creation_Via_Staffing] [verifyMandatoryFieldIsBlank] - Verifying the Mandatory Field Pop-Up Title
[INFO ] 2023-01-24 14:53:40.798 [CRM.TG_5748_Exclusive_Hiring_Company_Creation_Via_Staffing] [verifyMandatoryFieldIsBlank] - Mandatory Field Pop-Up Title displayed Successfully
[INFO ] 2023-01-24 14:53:42.807 [CRM.TG_5748_Exclusive_Hiring_Company_Creation_Via_Staffing] [TG_5466_VerifyLeadCreatedSuccessfully] - Closing the Pop-up
[INFO ] 2023-01-24 14:53:42.807 [CRM.TG_5748_Exclusive_Hiring_Company_Creation_Via_Staffing] [closeBlankMandatoryFieldDialogBox] - Clicking on Close Pop-Up Icon
[INFO ] 2023-01-24 14:53:42.941 [CRM.TG_5748_Exclusive_Hiring_Company_Creation_Via_Staffing] [closeBlankMandatoryFieldDialogBox] - Close Pop-Up Icon Clicked Successfully
[INFO ] 2023-01-24 14:53:42.942 [CRM.TG_5748_Exclusive_Hiring_Company_Creation_Via_Staffing] [TG_5466_VerifyLeadCreatedSuccessfully] - Pop-up closed Successfully
[INFO ] 2023-01-24 14:53:44.947 [CRM.TG_5748_Exclusive_Hiring_Company_Creation_Via_Staffing] [TG_5466_VerifyLeadCreatedSuccessfully] - Entering First Name
[INFO ] 2023-01-24 14:53:44.951 [CRM.TG_5748_Exclusive_Hiring_Company_Creation_Via_Staffing] [enterFirstName] - Entering First Name
[INFO ] 2023-01-24 14:53:45.256 [CRM.TG_5748_Exclusive_Hiring_Company_Creation_Via_Staffing] [enterFirstName] - First Name Entered Successfully
[INFO ] 2023-01-24 14:53:45.257 [CRM.TG_5748_Exclusive_Hiring_Company_Creation_Via_Staffing] [TG_5466_VerifyLeadCreatedSuccessfully] - First Name Entered Successfully
[INFO ] 2023-01-24 14:53:45.257 [CRM.TG_5748_Exclusive_Hiring_Company_Creation_Via_Staffing] [TG_5466_VerifyLeadCreatedSuccessfully] - Entering Last Name
[INFO ] 2023-01-24 14:53:45.257 [CRM.TG_5748_Exclusive_Hiring_Company_Creation_Via_Staffing] [enterLastName] - Entering Last Name
[INFO ] 2023-01-24 14:53:45.442 [CRM.TG_5748_Exclusive_Hiring_Company_Creation_Via_Staffing] [enterLastName] - Last Name Entered Successfully
[INFO ] 2023-01-24 14:53:45.442 [CRM.TG_5748_Exclusive_Hiring_Company_Creation_Via_Staffing] [TG_5466_VerifyLeadCreatedSuccessfully] - Last Name Entered Successfully
[INFO ] 2023-01-24 14:53:45.443 [CRM.TG_5748_Exclusive_Hiring_Company_Creation_Via_Staffing] [TG_5466_VerifyLeadCreatedSuccessfully] - Entering Company Name
[INFO ] 2023-01-24 14:53:45.443 [CRM.TG_5748_Exclusive_Hiring_Company_Creation_Via_Staffing] [enterCompanyName] - Entering Company Name
[INFO ] 2023-01-24 14:53:45.578 [CRM.TG_5748_Exclusive_Hiring_Company_Creation_Via_Staffing] [enterCompanyName] - Company Name Entered Successfully
[INFO ] 2023-01-24 14:53:45.578 [CRM.TG_5748_Exclusive_Hiring_Company_Creation_Via_Staffing] [TG_5466_VerifyLeadCreatedSuccessfully] - Company Name Entered Successfully
[INFO ] 2023-01-24 14:53:45.578 [CRM.TG_5748_Exclusive_Hiring_Company_Creation_Via_Staffing] [TG_5466_VerifyLeadCreatedSuccessfully] - Entering Email
[INFO ] 2023-01-24 14:53:45.579 [CRM.TG_5748_Exclusive_Hiring_Company_Creation_Via_Staffing] [enterEmail] - Entering Email
[INFO ] 2023-01-24 14:53:45.874 [CRM.TG_5748_Exclusive_Hiring_Company_Creation_Via_Staffing] [enterEmail] - Email Entered Successfully
[INFO ] 2023-01-24 14:53:45.875 [CRM.TG_5748_Exclusive_Hiring_Company_Creation_Via_Staffing] [TG_5466_VerifyLeadCreatedSuccessfully] - Email Entered Successfully
[INFO ] 2023-01-24 14:53:47.880 [CRM.TG_5748_Exclusive_Hiring_Company_Creation_Via_Staffing] [TG_5466_VerifyLeadCreatedSuccessfully] - Entering Phone Number
[INFO ] 2023-01-24 14:53:47.886 [CRM.TG_5748_Exclusive_Hiring_Company_Creation_Via_Staffing] [enterPhoneNumber] - Entering Phone Number
[INFO ] 2023-01-24 14:53:48.050 [CRM.TG_5748_Exclusive_Hiring_Company_Creation_Via_Staffing] [enterPhoneNumber] - Phone Number Entered Successfully
[INFO ] 2023-01-24 14:53:48.051 [CRM.TG_5748_Exclusive_Hiring_Company_Creation_Via_Staffing] [TG_5466_VerifyLeadCreatedSuccessfully] - Phone Number Entered Successfully
[INFO ] 2023-01-24 14:53:48.052 [CRM.TG_5748_Exclusive_Hiring_Company_Creation_Via_Staffing] [TG_5466_VerifyLeadCreatedSuccessfully] - Selecting the Search on Maps Checkbox
[INFO ] 2023-01-24 14:53:48.052 [CRM.TG_5748_Exclusive_Hiring_Company_Creation_Via_Staffing] [selectSearchOnMapsCheckbox] - Selecting search on Maps checkbox
[INFO ] 2023-01-24 14:53:50.295 [CRM.TG_5748_Exclusive_Hiring_Company_Creation_Via_Staffing] [selectSearchOnMapsCheckbox] - Search on maps checkbox selected
[INFO ] 2023-01-24 14:53:50.295 [CRM.TG_5748_Exclusive_Hiring_Company_Creation_Via_Staffing] [TG_5466_VerifyLeadCreatedSuccessfully] - Search on Maps Checkbox selected Successfully
[INFO ] 2023-01-24 14:53:52.301 [CRM.TG_5748_Exclusive_Hiring_Company_Creation_Via_Staffing] [TG_5466_VerifyLeadCreatedSuccessfully] - Entering Employee Address
[INFO ] 2023-01-24 14:53:52.304 [CRM.TG_5748_Exclusive_Hiring_Company_Creation_Via_Staffing] [enterEmployeeAddressOnMaps] - Etering employee address on maps
[INFO ] 2023-01-24 14:53:53.683 [CRM.TG_5748_Exclusive_Hiring_Company_Creation_Via_Staffing] [enterEmployeeAddressOnMaps] - Employee entered successfully
[INFO ] 2023-01-24 14:53:53.684 [CRM.TG_5748_Exclusive_Hiring_Company_Creation_Via_Staffing] [TG_5466_VerifyLeadCreatedSuccessfully] - Employee Address Entered Successfull
[INFO ] 2023-01-24 14:53:55.690 [CRM.TG_5748_Exclusive_Hiring_Company_Creation_Via_Staffing] [TG_5466_VerifyLeadCreatedSuccessfully] - Clicking on Save Button
[INFO ] 2023-01-24 14:53:55.692 [CRM.TG_5748_Exclusive_Hiring_Company_Creation_Via_Staffing] [clickSaveButton] - Clicking on Save Button
[INFO ] 2023-01-24 14:53:55.824 [CRM.TG_5748_Exclusive_Hiring_Company_Creation_Via_Staffing] [clickSaveButton] - Save Button clicked successfully
[INFO ] 2023-01-24 14:53:55.824 [CRM.TG_5748_Exclusive_Hiring_Company_Creation_Via_Staffing] [TG_5466_VerifyLeadCreatedSuccessfully] - Save Button Clicked Successfully
[INFO ] 2023-01-24 14:53:58.829 [CRM.TG_5748_Exclusive_Hiring_Company_Creation_Via_Staffing] [TG_5466_VerifyLeadCreatedSuccessfully] - Verify the LEAD Status
[INFO ] 2023-01-24 14:53:58.832 [CRM.TG_5748_Exclusive_Hiring_Company_Creation_Via_Staffing] [verifyLeadStatus] - Check for Status as Lead
[INFO ] 2023-01-24 14:53:58.939 [CRM.TG_5748_Exclusive_Hiring_Company_Creation_Via_Staffing] [verifyLeadStatus] - Status verified as Lead successfully
[INFO ] 2023-01-24 14:53:58.939 [CRM.TG_5748_Exclusive_Hiring_Company_Creation_Via_Staffing] [TG_5466_VerifyLeadCreatedSuccessfully] - LEAD Status verified Successfully
[INFO ] 2023-01-24 14:54:00.945 [CRM.TG_5748_Exclusive_Hiring_Company_Creation_Via_Staffing] [TG_5466_VerifyLeadCreatedSuccessfully] - Clicking Lead Link for Listing form
[INFO ] 2023-01-24 14:54:00.946 [CRM.TG_5748_Exclusive_Hiring_Company_Creation_Via_Staffing] [clickLeadLinkforListingForm] - Click on Lead for Listing form
[INFO ] 2023-01-24 14:54:01.240 [CRM.TG_5748_Exclusive_Hiring_Company_Creation_Via_Staffing] [clickLeadLinkforListingForm] - Lead for Listing form clicked Successfully
[INFO ] 2023-01-24 14:54:01.240 [CRM.TG_5748_Exclusive_Hiring_Company_Creation_Via_Staffing] [TG_5466_VerifyLeadCreatedSuccessfully] - Lead Link for Listing form clicked Successfully
[INFO ] 2023-01-24 14:54:01.241 [CRM.TG_5748_Exclusive_Hiring_Company_Creation_Via_Staffing] [TG_5466_VerifyLeadCreatedSuccessfully] - Verify Lead created Successfully or not
[INFO ] 2023-01-24 14:54:01.241 [CRM.TG_5748_Exclusive_Hiring_Company_Creation_Via_Staffing] [verifyCreatedLead] - Check for Created Lead
[INFO ] 2023-01-24 14:54:01.396 [CRM.TG_5748_Exclusive_Hiring_Company_Creation_Via_Staffing] [verifyCreatedLead] - Created Lead displayed successfully
[INFO ] 2023-01-24 14:54:01.398 [CRM.TG_5748_Exclusive_Hiring_Company_Creation_Via_Staffing] [TG_5466_VerifyLeadCreatedSuccessfully] - Lead Created Successfully 
[INFO ] 2023-01-24 14:54:03.401 [CRM.TG_5748_Exclusive_Hiring_Company_Creation_Via_Staffing] [TG_5466_VerifyLeadCreatedSuccessfully] - Clicking Created Lead from Listing form
[INFO ] 2023-01-24 14:54:03.404 [CRM.TG_5748_Exclusive_Hiring_Company_Creation_Via_Staffing] [clickCreatedLead] - Clicking on Created Lead
[INFO ] 2023-01-24 14:54:03.796 [CRM.TG_5748_Exclusive_Hiring_Company_Creation_Via_Staffing] [clickCreatedLead] - Created Lead clicked successfully
[INFO ] 2023-01-24 14:54:03.796 [CRM.TG_5748_Exclusive_Hiring_Company_Creation_Via_Staffing] [TG_5466_VerifyLeadCreatedSuccessfully] - Created Lead Clicked Successfully
[INFO ] 2023-01-24 14:54:05.801 [CRM.TG_5748_Exclusive_Hiring_Company_Creation_Via_Staffing] [TG_5466_VerifyLeadCreatedSuccessfully] - Selecting the Open Lead Status
[INFO ] 2023-01-24 14:54:05.802 [CRM.TG_5748_Exclusive_Hiring_Company_Creation_Via_Staffing] [clickLeadStatusOpen] - Clicking on Status dropdown
[INFO ] 2023-01-24 14:54:05.992 [CRM.TG_5748_Exclusive_Hiring_Company_Creation_Via_Staffing] [clickLeadStatusOpen] - Open Status entered successfully
[INFO ] 2023-01-24 14:54:05.993 [CRM.TG_5748_Exclusive_Hiring_Company_Creation_Via_Staffing] [TG_5466_VerifyLeadCreatedSuccessfully] - Open Lead Status Selected Successfully
[INFO ] 2023-01-24 14:54:08.003 [CRM.TG_5748_Exclusive_Hiring_Company_Creation_Via_Staffing] [TG_5466_VerifyLeadCreatedSuccessfully] - Clicking Notes Tab
[INFO ] 2023-01-24 14:54:08.008 [CRM.TG_5748_Exclusive_Hiring_Company_Creation_Via_Staffing] [clickNotesTab] - Clicking on Notes Tab
[INFO ] 2023-01-24 14:54:08.144 [CRM.TG_5748_Exclusive_Hiring_Company_Creation_Via_Staffing] [clickNotesTab] - Notes Tab clicked successfully
[INFO ] 2023-01-24 14:54:08.145 [CRM.TG_5748_Exclusive_Hiring_Company_Creation_Via_Staffing] [TG_5466_VerifyLeadCreatedSuccessfully] - Notes Tab Clicked Successfully
[INFO ] 2023-01-24 14:54:10.151 [CRM.TG_5748_Exclusive_Hiring_Company_Creation_Via_Staffing] [TG_5466_VerifyLeadCreatedSuccessfully] - Entering Notes
[INFO ] 2023-01-24 14:54:10.153 [CRM.TG_5748_Exclusive_Hiring_Company_Creation_Via_Staffing] [enterNotes] - Entering Note
[INFO ] 2023-01-24 14:54:10.528 [CRM.TG_5748_Exclusive_Hiring_Company_Creation_Via_Staffing] [enterNotes] - Note Entered Successfully
[INFO ] 2023-01-24 14:54:10.529 [CRM.TG_5748_Exclusive_Hiring_Company_Creation_Via_Staffing] [TG_5466_VerifyLeadCreatedSuccessfully] - Notes Entered Successfully
[INFO ] 2023-01-24 14:54:12.536 [CRM.TG_5748_Exclusive_Hiring_Company_Creation_Via_Staffing] [TG_5466_VerifyLeadCreatedSuccessfully] - Clicking Overview Tab
[INFO ] 2023-01-24 14:54:12.538 [CRM.TG_5748_Exclusive_Hiring_Company_Creation_Via_Staffing] [clickOverviewTab] - Clicking on Notes Tab
[INFO ] 2023-01-24 14:54:12.728 [CRM.TG_5748_Exclusive_Hiring_Company_Creation_Via_Staffing] [clickOverviewTab] - Notes Tab clicked successfully
[INFO ] 2023-01-24 14:54:12.730 [CRM.TG_5748_Exclusive_Hiring_Company_Creation_Via_Staffing] [TG_5466_VerifyLeadCreatedSuccessfully] - Overview Tab Clicked Successfully
[INFO ] 2023-01-24 14:54:14.736 [CRM.TG_5748_Exclusive_Hiring_Company_Creation_Via_Staffing] [TG_5466_VerifyLeadCreatedSuccessfully] - Selecting the Contract Negotiation Lead Status
[INFO ] 2023-01-24 14:54:14.738 [CRM.TG_5748_Exclusive_Hiring_Company_Creation_Via_Staffing] [clickLeadStatusContractNegotiation] - Clicking on Status dropdown
[INFO ] 2023-01-24 14:54:14.836 [CRM.TG_5748_Exclusive_Hiring_Company_Creation_Via_Staffing] [clickLeadStatusContractNegotiation] - Contract Negotiation Status entered successfully
[INFO ] 2023-01-24 14:54:14.836 [CRM.TG_5748_Exclusive_Hiring_Company_Creation_Via_Staffing] [TG_5466_VerifyLeadCreatedSuccessfully] - Contract Negotiation Lead Status Selected Successfully
[INFO ] 2023-01-24 14:54:16.841 [CRM.TG_5748_Exclusive_Hiring_Company_Creation_Via_Staffing] [TG_5466_VerifyLeadCreatedSuccessfully] - Clicking Save Button
[INFO ] 2023-01-24 14:54:16.842 [CRM.TG_5748_Exclusive_Hiring_Company_Creation_Via_Staffing] [clickSaveButton] - Clicking on Save Button
[INFO ] 2023-01-24 14:54:16.898 [CRM.TG_5748_Exclusive_Hiring_Company_Creation_Via_Staffing] [clickSaveButton] - Save Button clicked successfully
[INFO ] 2023-01-24 14:54:16.899 [CRM.TG_5748_Exclusive_Hiring_Company_Creation_Via_Staffing] [TG_5466_VerifyLeadCreatedSuccessfully] - Save Button Clicked Successfully
[INFO ] 2023-01-24 14:54:18.904 [CRM.TG_5748_Exclusive_Hiring_Company_Creation_Via_Staffing] [TG_5466_VerifyLeadCreatedSuccessfully] - Verify Prepare Contract Button
[INFO ] 2023-01-24 14:54:18.905 [CRM.TG_5748_Exclusive_Hiring_Company_Creation_Via_Staffing] [verifyPrepareContractButton] - Verify Prepare Contract Button
[INFO ] 2023-01-24 14:54:18.935 [CRM.TG_5748_Exclusive_Hiring_Company_Creation_Via_Staffing] [verifyPrepareContractButton] - Prepare Contract Button displayed successfully
[INFO ] 2023-01-24 14:54:18.935 [CRM.TG_5748_Exclusive_Hiring_Company_Creation_Via_Staffing] [TG_5466_VerifyLeadCreatedSuccessfully] - Prepare Contract Button Verified Successfully
[INFO ] 2023-01-24 14:54:18.935 [CRM.TG_5748_Exclusive_Hiring_Company_Creation_Via_Staffing] [TG_5466_VerifyLeadCreatedSuccessfully] - Click Prepare Contract Button
[INFO ] 2023-01-24 14:54:18.935 [CRM.TG_5748_Exclusive_Hiring_Company_Creation_Via_Staffing] [clickPrepareContractButton] - Clicking on Prepare Contract Button
[INFO ] 2023-01-24 14:54:19.006 [CRM.TG_5748_Exclusive_Hiring_Company_Creation_Via_Staffing] [clickPrepareContractButton] - Prepare Contract Button clicked successfully
[INFO ] 2023-01-24 14:54:19.007 [CRM.TG_5748_Exclusive_Hiring_Company_Creation_Via_Staffing] [TG_5466_VerifyLeadCreatedSuccessfully] - Prepare Contract Button Clicked Successfully
[INFO ] 2023-01-24 14:54:21.015 [CRM.TG_5748_Exclusive_Hiring_Company_Creation_Via_Staffing] [TG_5466_VerifyLeadCreatedSuccessfully] - Verify Contract Form
[INFO ] 2023-01-24 14:54:21.020 [CRM.TG_5748_Exclusive_Hiring_Company_Creation_Via_Staffing] [verifyContractForm] - Check for New Contract Form
[INFO ] 2023-01-24 14:54:21.077 [CRM.TG_5748_Exclusive_Hiring_Company_Creation_Via_Staffing] [verifyContractForm] - New Contract Form displayed successfully
[INFO ] 2023-01-24 14:54:21.078 [CRM.TG_5748_Exclusive_Hiring_Company_Creation_Via_Staffing] [TG_5466_VerifyLeadCreatedSuccessfully] - New Contract Form verified Successfully
[INFO ] 2023-01-24 14:54:21.078 [CRM.TG_5748_Exclusive_Hiring_Company_Creation_Via_Staffing] [TG_5466_VerifyLeadCreatedSuccessfully] - Entering Start Date
[INFO ] 2023-01-24 14:54:21.078 [CRM.TG_5748_Exclusive_Hiring_Company_Creation_Via_Staffing] [enterStartDate] - Entering the Start Date 
[INFO ] 2023-01-24 14:54:26.417 [CRM.TG_5748_Exclusive_Hiring_Company_Creation_Via_Staffing] [enterStartDate] - Start Date Entered Successfully
[INFO ] 2023-01-24 14:54:26.425 [CRM.TG_5748_Exclusive_Hiring_Company_Creation_Via_Staffing] [TG_5466_VerifyLeadCreatedSuccessfully] - Start Date Entered Successfully
[INFO ] 2023-01-24 14:54:28.431 [CRM.TG_5748_Exclusive_Hiring_Company_Creation_Via_Staffing] [TG_5466_VerifyLeadCreatedSuccessfully] - Entering End Date
[INFO ] 2023-01-24 14:54:28.432 [CRM.TG_5748_Exclusive_Hiring_Company_Creation_Via_Staffing] [enterEndDate] - Entering the End Date
[INFO ] 2023-01-24 14:54:33.715 [CRM.TG_5748_Exclusive_Hiring_Company_Creation_Via_Staffing] [enterEndDate] - End Date Entered Successfully
[INFO ] 2023-01-24 14:54:33.718 [CRM.TG_5748_Exclusive_Hiring_Company_Creation_Via_Staffing] [TG_5466_VerifyLeadCreatedSuccessfully] - End Date Entered Successfully
[INFO ] 2023-01-24 14:54:35.722 [CRM.TG_5748_Exclusive_Hiring_Company_Creation_Via_Staffing] [TG_5466_VerifyLeadCreatedSuccessfully] - Clicking Add Row Button
[INFO ] 2023-01-24 14:54:35.722 [CRM.TG_5748_Exclusive_Hiring_Company_Creation_Via_Staffing] [clickAddRowButton] - Clicking on Add Row Button
[INFO ] 2023-01-24 14:54:36.087 [CRM.TG_5748_Exclusive_Hiring_Company_Creation_Via_Staffing] [clickAddRowButton] - Add Row Button clicked successfully
[INFO ] 2023-01-24 14:54:36.088 [CRM.TG_5748_Exclusive_Hiring_Company_Creation_Via_Staffing] [TG_5466_VerifyLeadCreatedSuccessfully] - Add Row Button Clicked Successfully
[INFO ] 2023-01-24 14:54:38.095 [CRM.TG_5748_Exclusive_Hiring_Company_Creation_Via_Staffing] [TG_5466_VerifyLeadCreatedSuccessfully] - Clicking Job Title
[INFO ] 2023-01-24 14:54:38.108 [CRM.TG_5748_Exclusive_Hiring_Company_Creation_Via_Staffing] [clickJobTitleInTable] - Entering Job Title List in the Table
[INFO ] 2023-01-24 14:54:38.224 [CRM.TG_5748_Exclusive_Hiring_Company_Creation_Via_Staffing] [clickJobTitleInTable] - Clicked Job Title in the Table successfully
[INFO ] 2023-01-24 14:54:38.224 [CRM.TG_5748_Exclusive_Hiring_Company_Creation_Via_Staffing] [TG_5466_VerifyLeadCreatedSuccessfully] - Job Title Clicked Successfully
[INFO ] 2023-01-24 14:54:40.231 [CRM.TG_5748_Exclusive_Hiring_Company_Creation_Via_Staffing] [TG_5466_VerifyLeadCreatedSuccessfully] - Entering Job Title
[INFO ] 2023-01-24 14:54:40.232 [CRM.TG_5748_Exclusive_Hiring_Company_Creation_Via_Staffing] [enterTitle] - Enter Title
[INFO ] 2023-01-24 14:54:43.496 [CRM.TG_5748_Exclusive_Hiring_Company_Creation_Via_Staffing] [enterTitle] - Entered Job Title in the Table successfully
[INFO ] 2023-01-24 14:54:43.497 [CRM.TG_5748_Exclusive_Hiring_Company_Creation_Via_Staffing] [TG_5466_VerifyLeadCreatedSuccessfully] - Job Title Entered Successfully
[INFO ] 2023-01-24 14:54:45.502 [CRM.TG_5748_Exclusive_Hiring_Company_Creation_Via_Staffing] [TG_5466_VerifyLeadCreatedSuccessfully] - Entering Signature
[INFO ] 2023-01-24 14:54:45.504 [CRM.TG_5748_Exclusive_Hiring_Company_Creation_Via_Staffing] [enterSign] - Entering Sign
[INFO ] 2023-01-24 14:54:45.749 [CRM.TG_5748_Exclusive_Hiring_Company_Creation_Via_Staffing] [enterSign] - Sign Entered Successfully
[INFO ] 2023-01-24 14:54:45.750 [CRM.TG_5748_Exclusive_Hiring_Company_Creation_Via_Staffing] [TG_5466_VerifyLeadCreatedSuccessfully] - Signature Entered Successfully
[INFO ] 2023-01-24 14:54:47.756 [CRM.TG_5748_Exclusive_Hiring_Company_Creation_Via_Staffing] [TG_5466_VerifyLeadCreatedSuccessfully] - Clicking Save Button in Contract
[INFO ] 2023-01-24 14:54:47.757 [CRM.TG_5748_Exclusive_Hiring_Company_Creation_Via_Staffing] [clickSaveButtonInContract] - Clicking on Save Button
[INFO ] 2023-01-24 14:54:47.872 [CRM.TG_5748_Exclusive_Hiring_Company_Creation_Via_Staffing] [clickSaveButtonInContract] - Save Button clicked successfully
[INFO ] 2023-01-24 14:54:47.873 [CRM.TG_5748_Exclusive_Hiring_Company_Creation_Via_Staffing] [TG_5466_VerifyLeadCreatedSuccessfully] - Save Button Clicked Successfully
[INFO ] 2023-01-24 14:54:49.879 [CRM.TG_5748_Exclusive_Hiring_Company_Creation_Via_Staffing] [TG_5466_VerifyLeadCreatedSuccessfully] - Verify Finalize Contract Button
[INFO ] 2023-01-24 14:54:49.881 [CRM.TG_5748_Exclusive_Hiring_Company_Creation_Via_Staffing] [verifyFinalizeButton] - Verify Finalize Button
[INFO ] 2023-01-24 14:54:49.931 [CRM.TG_5748_Exclusive_Hiring_Company_Creation_Via_Staffing] [verifyFinalizeButton] - Finalize Button displayed successfully
[INFO ] 2023-01-24 14:54:49.931 [CRM.TG_5748_Exclusive_Hiring_Company_Creation_Via_Staffing] [TG_5466_VerifyLeadCreatedSuccessfully] - Finalize Contract Button verified Successfully
[INFO ] 2023-01-24 14:54:51.939 [CRM.TG_5748_Exclusive_Hiring_Company_Creation_Via_Staffing] [TG_5466_VerifyLeadCreatedSuccessfully] - Clicking Finalize Contrac Button
[INFO ] 2023-01-24 14:54:51.944 [CRM.TG_5748_Exclusive_Hiring_Company_Creation_Via_Staffing] [clickFinalizeButton] - Clicking Finalize button
[INFO ] 2023-01-24 14:54:52.064 [CRM.TG_5748_Exclusive_Hiring_Company_Creation_Via_Staffing] [clickFinalizeButton] - Finalize button clicked successfully
[INFO ] 2023-01-24 14:54:52.064 [CRM.TG_5748_Exclusive_Hiring_Company_Creation_Via_Staffing] [TG_5466_VerifyLeadCreatedSuccessfully] - Finalize Contrac Button Clicked Successfully
[INFO ] 2023-01-24 14:55:22.071 [CRM.TG_5748_Exclusive_Hiring_Company_Creation_Via_Staffing] [TG_5466_VerifyLeadCreatedSuccessfully] - Verify Success Email Sent Pop-up Message
[INFO ] 2023-01-24 14:55:22.078 [CRM.TG_5748_Exclusive_Hiring_Company_Creation_Via_Staffing] [verifyPopUpSuccessMsg] - Verifying pop up msg
[INFO ] 2023-01-24 14:55:30.233 [CRM.TG_5748_Exclusive_Hiring_Company_Creation_Via_Staffing] [verifyPopUpSuccessMsg] - pop up msg displayed successfully
[INFO ] 2023-01-24 14:55:30.237 [CRM.TG_5748_Exclusive_Hiring_Company_Creation_Via_Staffing] [TG_5466_VerifyLeadCreatedSuccessfully] -  Success Email Sent Pop-up Message Displayed Successfully
[INFO ] 2023-01-24 14:55:43.246 [CRM.TG_5748_Exclusive_Hiring_Company_Creation_Via_Staffing] [TG_5466_VerifyLeadCreatedSuccessfully] - Clicking Contract Link
[INFO ] 2023-01-24 14:55:43.252 [CRM.TG_5748_Exclusive_Hiring_Company_Creation_Via_Staffing] [clickContractLinkforListingForm] - Click on Contract for Listing form
