[INFO ] 2023-01-19 09:42:38.831 [timesheets.TG_4290_TimesheetCreation] [Tag_EndToEndFlowNewOrderHiring] - Started==Starting End To End Flow NewOrderHiring
[INFO ] 2023-01-19 09:42:43.093 [timesheets.TG_4290_TimesheetCreation] [enterUsername] - Entering new user's first name
[INFO ] 2023-01-19 09:42:43.956 [timesheets.TG_4290_TimesheetCreation] [enterUsername] - User's first name entered successfully
[INFO ] 2023-01-19 09:42:43.956 [timesheets.TG_4290_TimesheetCreation] [enterPassword] - Entering new user's last name
[INFO ] 2023-01-19 09:42:44.137 [timesheets.TG_4290_TimesheetCreation] [enterPassword] - User's last name entered successfully
[INFO ] 2023-01-19 09:42:44.138 [timesheets.TG_4290_TimesheetCreation] [clickLoginButton] - Clicking on Login Button
[INFO ] 2023-01-19 09:42:44.637 [timesheets.TG_4290_TimesheetCreation] [clickLoginButton] - Close Pop Up clicked successfully
[INFO ] 2023-01-19 09:42:44.639 [timesheets.TG_4290_TimesheetCreation] [newOrderHiring] - Clicking on New Order Button
[INFO ] 2023-01-19 09:42:56.712 [timesheets.TG_4290_TimesheetCreation] [newOrderHiring] - New Order Button clicked successfully
[INFO ] 2023-01-19 09:42:56.715 [timesheets.TG_4290_TimesheetCreation] [newOrderHiring] - Entering EstDailyHours
[INFO ] 2023-01-19 09:43:06.108 [timesheets.TG_4290_TimesheetCreation] [newOrderHiring] - EstDailyHours entered successfully
[INFO ] 2023-01-19 09:43:06.112 [timesheets.TG_4290_TimesheetCreation] [newOrderHiring] - Entering StartDate
[INFO ] 2023-01-19 09:43:11.888 [timesheets.TG_4290_TimesheetCreation] [newOrderHiring] - StartDate entered successfully
[INFO ] 2023-01-19 09:43:11.890 [timesheets.TG_4290_TimesheetCreation] [newOrderHiring] - Entering EndDate
[INFO ] 2023-01-19 09:43:23.183 [timesheets.TG_4290_TimesheetCreation] [newOrderHiring] - EndDate entered successfully
[INFO ] 2023-01-19 09:43:23.188 [timesheets.TG_4290_TimesheetCreation] [newOrderHiring] - Entering StartTime
[INFO ] 2023-01-19 09:43:24.185 [timesheets.TG_4290_TimesheetCreation] [newOrderHiring] - StartTime entered successfully
[INFO ] 2023-01-19 09:43:24.186 [timesheets.TG_4290_TimesheetCreation] [newOrderHiring] - Entering Availability
[INFO ] 2023-01-19 09:43:24.366 [timesheets.TG_4290_TimesheetCreation] [newOrderHiring] - Availabilit entered successfully
[INFO ] 2023-01-19 09:43:24.367 [timesheets.TG_4290_TimesheetCreation] [newOrderHiring] - Entering JobSite
[INFO ] 2023-01-19 09:43:30.792 [timesheets.TG_4290_TimesheetCreation] [newOrderHiring] - JobSite entered successfully
[INFO ] 2023-01-19 09:43:30.793 [timesheets.TG_4290_TimesheetCreation] [newOrderHiring] - Entering JobTitle
[INFO ] 2023-01-19 09:43:40.012 [timesheets.TG_4290_TimesheetCreation] [newOrderHiring] - JobTitle entered successfully
[INFO ] 2023-01-19 09:43:40.016 [timesheets.TG_4290_TimesheetCreation] [newOrderHiring] - Entering No Of Workers
[INFO ] 2023-01-19 09:43:45.442 [timesheets.TG_4290_TimesheetCreation] [newOrderHiring] - NoOfWorkers entered successfully
[INFO ] 2023-01-19 09:43:45.445 [timesheets.TG_4290_TimesheetCreation] [newOrderHiring] - Entering ESignature
[INFO ] 2023-01-19 09:43:48.628 [timesheets.TG_4290_TimesheetCreation] [newOrderHiring] - ESignature entered successfully
[INFO ] 2023-01-19 09:43:48.629 [timesheets.TG_4290_TimesheetCreation] [newOrderHiring] - clickAgreeContract
[INFO ] 2023-01-19 09:43:48.864 [timesheets.TG_4290_TimesheetCreation] [newOrderHiring] - clickAgreeContract successfully
[INFO ] 2023-01-19 09:43:48.864 [timesheets.TG_4290_TimesheetCreation] [newOrderHiring] - clickSaveButton
[INFO ] 2023-01-19 09:43:49.078 [timesheets.TG_4290_TimesheetCreation] [newOrderHiring] - SaveButton Clicked successfully
[INFO ] 2023-01-19 09:43:57.526 [timesheets.TG_4290_TimesheetCreation] [newOrderHiring] - Job order link present on the home page clicked
[INFO ] 2023-01-19 09:44:05.735 [timesheets.TG_4290_TimesheetCreation] [newOrderHiring] - Verify Job Order Id and Email Successfully
[INFO ] 2023-01-19 09:44:17.297 [timesheets.TG_4290_TimesheetCreation] [Tag_EndToEndFlowNewOrderHiring] - Started==Starting End To End Flow CreateEmployeeFromStaffing
[INFO ] 2023-01-19 09:44:26.080 [timesheets.TG_4290_TimesheetCreation] [enterUsername] - Entering new user's first name
[INFO ] 2023-01-19 09:44:26.213 [timesheets.TG_4290_TimesheetCreation] [enterUsername] - User's first name entered successfully
[INFO ] 2023-01-19 09:44:26.214 [timesheets.TG_4290_TimesheetCreation] [enterPassword] - Entering new user's last name
[INFO ] 2023-01-19 09:44:26.341 [timesheets.TG_4290_TimesheetCreation] [enterPassword] - User's last name entered successfully
[INFO ] 2023-01-19 09:44:26.341 [timesheets.TG_4290_TimesheetCreation] [clickLoginButton] - Clicking on Login Button
[INFO ] 2023-01-19 09:44:26.428 [timesheets.TG_4290_TimesheetCreation] [clickLoginButton] - Close Pop Up clicked successfully
[INFO ] 2023-01-19 09:44:57.704 [timesheets.TG_4290_TimesheetCreation] [clickAddNewEployeeButton] - Clicking on Add New Employee Button
[INFO ] 2023-01-19 09:44:58.477 [timesheets.TG_4290_TimesheetCreation] [clickAddNewEployeeButton] - Employee button clicked successfully
[INFO ] 2023-01-19 09:45:03.486 [timesheets.TG_4290_TimesheetCreation] [enterCompanyName] - Entering Company Name
[INFO ] 2023-01-19 09:45:03.940 [timesheets.TG_4290_TimesheetCreation] [enterCompanyName] - Company Name entered successfully
[INFO ] 2023-01-19 09:45:05.948 [timesheets.TG_4290_TimesheetCreation] [enterFirstName] - Entering First Name
[INFO ] 2023-01-19 09:45:06.140 [timesheets.TG_4290_TimesheetCreation] [enterFirstName] - First Name entered successfully
[INFO ] 2023-01-19 09:45:08.146 [timesheets.TG_4290_TimesheetCreation] [enterLastName] - Entering Last Name
[INFO ] 2023-01-19 09:45:08.252 [timesheets.TG_4290_TimesheetCreation] [enterLastName] - Last Name entered successfully
[INFO ] 2023-01-19 09:45:10.260 [timesheets.TG_4290_TimesheetCreation] [enterDateOfBirthField] - Entering date of birth
[INFO ] 2023-01-19 09:45:11.497 [timesheets.TG_4290_TimesheetCreation] [enterDateOfBirthField] - Date of birth entered successfully
[INFO ] 2023-01-19 09:45:13.504 [timesheets.TG_4290_TimesheetCreation] [enterEmail] - Entering email
[INFO ] 2023-01-19 09:45:13.625 [timesheets.TG_4290_TimesheetCreation] [enterEmail] - Email entered successfully
[INFO ] 2023-01-19 09:45:15.632 [timesheets.TG_4290_TimesheetCreation] [selectSearchOnMapsCheckbox] - Selecting search on Maps checkbox
[INFO ] 2023-01-19 09:45:17.921 [timesheets.TG_4290_TimesheetCreation] [selectSearchOnMapsCheckbox] - Search on maps checkbox selected
[INFO ] 2023-01-19 09:45:19.930 [timesheets.TG_4290_TimesheetCreation] [enterEmployeeAddressOnMaps] - Etering employee address on maps
[INFO ] 2023-01-19 09:45:21.285 [timesheets.TG_4290_TimesheetCreation] [enterEmployeeAddressOnMaps] - Employee entered successfully
[INFO ] 2023-01-19 09:45:23.293 [timesheets.TG_4290_TimesheetCreation] [clickSaveButton] - Clicking Save button
[INFO ] 2023-01-19 09:45:23.557 [timesheets.TG_4290_TimesheetCreation] [clickSaveButton] - Save button clicked successfully
[INFO ] 2023-01-19 09:46:03.576 [timesheets.TG_4290_TimesheetCreation] [getEmployeeIdFromEmaployeeDetailsPage] - Fetching employee id
[INFO ] 2023-01-19 09:46:03.747 [timesheets.TG_4290_TimesheetCreation] [getEmployeeIdFromEmaployeeDetailsPage] - Employee id fetched successfully
[INFO ] 2023-01-19 09:46:03.964 [timesheets.TG_4290_TimesheetCreation] [Tag_EndToEndFlowNewOrderHiring] - Started==Starting End To End Flow ClaimFromStaffing
[INFO ] 2023-01-19 09:46:03.964 [timesheets.TG_4290_TimesheetCreation] [ClaimOrderForStaffing] - Clicking Job orders menu present on the staffing homepage navigates to joborder listing form 
[INFO ] 2023-01-19 09:46:20.167 [timesheets.TG_4290_TimesheetCreation] [selectParticularJobOrderFromListingStaffing] - Selecting Particular Joborder on the listing
[INFO ] 2023-01-19 09:46:30.616 [timesheets.TG_4290_TimesheetCreation] [selectParticularJobOrderFromListingStaffing] - Particular Joborder on the listing selected successfully
[INFO ] 2023-01-19 09:46:30.620 [timesheets.TG_4290_TimesheetCreation] [ClaimOrderForStaffing] - Clicking on Claim order Button
[INFO ] 2023-01-19 09:46:43.079 [timesheets.TG_4290_TimesheetCreation] [ClaimOrderForStaffing] - Claim order button clicked successfully
[INFO ] 2023-01-19 09:46:43.088 [timesheets.TG_4290_TimesheetCreation] [ClaimOrderForStaffing] - Entering the No. of Employees Claim
[INFO ] 2023-01-19 09:46:48.752 [timesheets.TG_4290_TimesheetCreation] [ClaimOrderForStaffing] - No. of Employees Claim entered successfully
[INFO ] 2023-01-19 09:46:53.763 [timesheets.TG_4290_TimesheetCreation] [ClaimOrderForStaffing] - Entering the E-Signature
[INFO ] 2023-01-19 09:46:55.934 [timesheets.TG_4290_TimesheetCreation] [ClaimOrderForStaffing] - E-Signature entered successfully
[INFO ] 2023-01-19 09:46:55.935 [timesheets.TG_4290_TimesheetCreation] [ClaimOrderForStaffing] - Clicking on Agree to Contract Button
[INFO ] 2023-01-19 09:46:58.089 [timesheets.TG_4290_TimesheetCreation] [ClaimOrderForStaffing] - Agree to Contract Button clicked successfully
[INFO ] 2023-01-19 09:46:58.089 [timesheets.TG_4290_TimesheetCreation] [ClaimOrderForStaffing] - Clicking on Submit Claim Button
[INFO ] 2023-01-19 09:47:05.276 [timesheets.TG_4290_TimesheetCreation] [ClaimOrderForStaffing] - Submit Claim Button clicked successfully
[INFO ] 2023-01-19 09:47:49.567 [timesheets.TG_4290_TimesheetCreation] [Tag_EndToEndFlowNewOrderHiring] - Started==Starting End To End Flow ApproveHiring
[INFO ] 2023-01-19 09:47:57.488 [timesheets.TG_4290_TimesheetCreation] [enterUsername] - Entering new user's first name
[INFO ] 2023-01-19 09:47:57.661 [timesheets.TG_4290_TimesheetCreation] [enterUsername] - User's first name entered successfully
[INFO ] 2023-01-19 09:47:57.661 [timesheets.TG_4290_TimesheetCreation] [enterPassword] - Entering new user's last name
[INFO ] 2023-01-19 09:47:57.819 [timesheets.TG_4290_TimesheetCreation] [enterPassword] - User's last name entered successfully
[INFO ] 2023-01-19 09:47:57.820 [timesheets.TG_4290_TimesheetCreation] [clickLoginButton] - Clicking on Login Button
[INFO ] 2023-01-19 09:47:57.948 [timesheets.TG_4290_TimesheetCreation] [clickLoginButton] - Close Pop Up clicked successfully
[INFO ] 2023-01-19 09:47:57.948 [timesheets.TG_4290_TimesheetCreation] [ApproveClaimFromHiring] - Clicking Order menu present on the staffing homepage
[INFO ] 2023-01-19 09:48:07.320 [timesheets.TG_4290_TimesheetCreation] [ApproveClaimFromHiring] - Order menu present on the staffing hompage clicked successfully.
[INFO ] 2023-01-19 09:48:07.325 [timesheets.TG_4290_TimesheetCreation] [ApproveClaimFromHiring] - Clicking All orders menu present on the staffing homepage
[INFO ] 2023-01-19 09:48:21.599 [timesheets.TG_4290_TimesheetCreation] [ApproveClaimFromHiring] - Clicking on the claim button navigates to claim order form 
[INFO ] 2023-01-19 09:48:24.747 [timesheets.TG_4290_TimesheetCreation] [ApproveClaimFromHiring] - Clicking on the claim button navigates to claim order form successfully
[INFO ] 2023-01-19 09:48:24.748 [timesheets.TG_4290_TimesheetCreation] [ApproveClaimFromHiring] - Clicking the select head count button on the claim order form
[INFO ] 2023-01-19 09:48:25.609 [timesheets.TG_4290_TimesheetCreation] [ApproveClaimFromHiring] - Clicked the select head count button on the claim order form successfully
[INFO ] 2023-01-19 09:48:25.611 [timesheets.TG_4290_TimesheetCreation] [ApproveClaimFromHiring] - Entering Approve count should not be greater than Workerscount
[INFO ] 2023-01-19 09:48:33.054 [timesheets.TG_4290_TimesheetCreation] [ApproveClaimFromHiring] - Approve count is not more than the workers count
[INFO ] 2023-01-19 09:48:33.060 [timesheets.TG_4290_TimesheetCreation] [ApproveClaimFromHiring] - Clicking on modal submit Button
[INFO ] 2023-01-19 09:48:38.265 [timesheets.TG_4290_TimesheetCreation] [ApproveClaimFromHiring] - Modal submit button clicked successfully
[INFO ] 2023-01-19 09:48:50.400 [timesheets.TG_4290_TimesheetCreation] [Tag_EndToEndFlowNewOrderHiring] - Started==Starting End To End Flow AssignEmployee
[INFO ] 2023-01-19 09:48:56.287 [timesheets.TG_4290_TimesheetCreation] [enterUsername] - Entering new user's first name
[INFO ] 2023-01-19 09:48:56.418 [timesheets.TG_4290_TimesheetCreation] [enterUsername] - User's first name entered successfully
[INFO ] 2023-01-19 09:48:56.418 [timesheets.TG_4290_TimesheetCreation] [enterPassword] - Entering new user's last name
[INFO ] 2023-01-19 09:48:56.529 [timesheets.TG_4290_TimesheetCreation] [enterPassword] - User's last name entered successfully
[INFO ] 2023-01-19 09:48:56.530 [timesheets.TG_4290_TimesheetCreation] [clickLoginButton] - Clicking on Login Button
[INFO ] 2023-01-19 09:48:56.638 [timesheets.TG_4290_TimesheetCreation] [clickLoginButton] - Close Pop Up clicked successfully
[INFO ] 2023-01-19 09:48:56.639 [timesheets.TG_4290_TimesheetCreation] [AssignEmployee] - Clicking Order menu present on the staffing homepage
[INFO ] 2023-01-19 09:49:08.948 [timesheets.TG_4290_TimesheetCreation] [AssignEmployee] - Order menu present on the staffing hompage clicked successfully.
[INFO ] 2023-01-19 09:49:08.956 [timesheets.TG_4290_TimesheetCreation] [AssignEmployee] - Clicking All orders menu present on the staffing homepage
[INFO ] 2023-01-19 09:49:12.773 [timesheets.TG_4290_TimesheetCreation] [AssignEmployee] - All orders menu present on the staffing hompage clicked successfully.
[INFO ] 2023-01-19 09:49:19.779 [timesheets.TG_4290_TimesheetCreation] [selectParticularJobOrderFromListingStaffing] - Selecting Particular Joborder on the listing
[INFO ] 2023-01-19 09:49:29.982 [timesheets.TG_4290_TimesheetCreation] [selectParticularJobOrderFromListingStaffing] - Particular Joborder on the listing selected successfully
[INFO ] 2023-01-19 09:49:29.983 [timesheets.TG_4290_TimesheetCreation] [AssignEmployee] - Clicking Assign employees under the related section
[INFO ] 2023-01-19 09:49:38.160 [timesheets.TG_4290_TimesheetCreation] [AssignEmployee] - Clicked assign employees on job order form successfully
[INFO ] 2023-01-19 09:49:38.165 [timesheets.TG_4290_TimesheetCreation] [AssignEmployee] - Entering Distance radius in new Assign Employee form 
[INFO ] 2023-01-19 09:49:38.343 [timesheets.TG_4290_TimesheetCreation] [AssignEmployee] - Distance radius in new Assign Employee form entered successfully
[INFO ] 2023-01-19 09:49:38.343 [timesheets.TG_4290_TimesheetCreation] [AssignEmployee] - Clicking CheckBox ShowAllEmployees
[INFO ] 2023-01-19 09:49:40.587 [timesheets.TG_4290_TimesheetCreation] [AssignEmployee] -  ShowAllEmployees CheckBox clicked successfully
[INFO ] 2023-01-19 09:49:40.588 [timesheets.TG_4290_TimesheetCreation] [AssignEmployee] - Clicking AddRow in new Assign Employee form 
[INFO ] 2023-01-19 09:49:47.875 [timesheets.TG_4290_TimesheetCreation] [AssignEmployee] - AddRow button in new Assign Employee form clicked successfully
[INFO ] 2023-01-19 09:49:47.876 [timesheets.TG_4290_TimesheetCreation] [AssignEmployee] - Clicking edit button on the form under the EmployeeDetails
[INFO ] 2023-01-19 09:49:48.076 [timesheets.TG_4290_TimesheetCreation] [AssignEmployee] - Clicked edit button on the form under the EmployeeDetails successfully
[INFO ] 2023-01-19 09:49:48.367 [timesheets.TG_4290_TimesheetCreation] [AssignEmployee] - employeeId in new Assign Employee form entered successfully
[INFO ] 2023-01-19 09:49:48.368 [timesheets.TG_4290_TimesheetCreation] [AssignEmployee] - Clicking Dropdown arrow in the modal
[INFO ] 2023-01-19 09:49:48.530 [timesheets.TG_4290_TimesheetCreation] [AssignEmployee] - Clicked Dropdown arrow in the modal successfully
[INFO ] 2023-01-19 09:49:50.536 [timesheets.TG_4290_TimesheetCreation] [AssignEmployee] - Clicking save new Assign Employee form
[INFO ] 2023-01-19 09:49:54.693 [timesheets.TG_4290_TimesheetCreation] [AssignEmployee] - save button in new Assign Employee form clicked successfully
[INFO ] 2023-01-19 09:51:41.245 [timesheets.TG_4290_TimesheetCreation] [Tag_VerifyHiringAdminAbleToViewEmployeesHaveBeenAssignedPleaseSubmitTheirTimesheets] - Started==Verifying Hiring Admin Able To View Employees Have Been Assigned Please Submit Their Timesheets
[INFO ] 2023-01-19 09:51:47.117 [timesheets.TG_4290_TimesheetCreation] [enterUsername] - Entering new user's first name
[INFO ] 2023-01-19 09:51:47.202 [timesheets.TG_4290_TimesheetCreation] [enterUsername] - User's first name entered successfully
[INFO ] 2023-01-19 09:51:47.203 [timesheets.TG_4290_TimesheetCreation] [enterPassword] - Entering new user's last name
[INFO ] 2023-01-19 09:51:47.312 [timesheets.TG_4290_TimesheetCreation] [enterPassword] - User's last name entered successfully
[INFO ] 2023-01-19 09:51:47.313 [timesheets.TG_4290_TimesheetCreation] [clickLoginButton] - Clicking on Login Button
[INFO ] 2023-01-19 09:51:47.450 [timesheets.TG_4290_TimesheetCreation] [clickLoginButton] - Close Pop Up clicked successfully
[INFO ] 2023-01-19 09:51:50.464 [timesheets.TG_4290_TimesheetCreation] [clickOrderOption] - Clicking on  order Button
[INFO ] 2023-01-19 09:51:54.163 [timesheets.TG_4290_TimesheetCreation] [clickOrderOption] -  Order Button clicked successfully
[INFO ] 2023-01-19 09:52:12.389 [timesheets.TG_4290_TimesheetCreation] [verifyPleaseReviewTimesheetMessage] - Check for 'submit their timesheets' message Displayed
[INFO ] 2023-01-19 09:52:12.487 [timesheets.TG_4290_TimesheetCreation] [verifyPleaseReviewTimesheetMessage] - Message displayed successfully
[INFO ] 2023-01-19 09:52:12.494 [timesheets.TG_4290_TimesheetCreation] [Tag_VerifyHiringAdminAbleToViewEmployeesHaveBeenAssignedPleaseSubmitTheirTimesheets] - Started==Verifying Add Edit Timesheet Button Visible On Clicking On Timesheet
[INFO ] 2023-01-19 09:52:12.495 [timesheets.TG_4290_TimesheetCreation] [ClickingOnTimesheet] - Verifying Add Edit Timesheet Button Visible On Clicking On Timesheet
[INFO ] 2023-01-19 09:52:17.590 [timesheets.TG_4290_TimesheetCreation] [clickaddEditButton] - Clicking on addEditButton 
[INFO ] 2023-01-19 09:52:19.748 [timesheets.TG_4290_TimesheetCreation] [clickaddEditButton] - AddEditButton Clicked Successfully 
[INFO ] 2023-01-19 09:52:19.750 [timesheets.TG_4290_TimesheetCreation] [Tag_VerifyHiringAdminAbleToViewEmployeesHaveBeenAssignedPleaseSubmitTheirTimesheets] - Started==Verifying Navigated To Add Timesheet Form By Clicking On Add Edit Timesheet Button On Clicking On Timesheet
[INFO ] 2023-01-19 09:52:19.751 [timesheets.TG_4290_TimesheetCreation] [verifyNavigatedToAddTimesheetFormByClickingOnAddEditTimesheetButtonOnClickingOnTimesheet] - Verifying Navigated To Add Timesheet Form By Clicking On Add Edit Timesheet Button On Clicking On Timesheet
[INFO ] 2023-01-19 09:52:22.864 [timesheets.TG_4290_TimesheetCreation] [verifyNavigatedToAddTimesheetFormByClickingOnAddEditTimesheetButtonOnClickingOnTimesheet] - Verify Navigated To Add Timesheet Form By Clicking On Add Edit Timesheet Button On Clicking On Timesheet successfully
[INFO ] 2023-01-19 09:52:25.875 [timesheets.TG_4290_TimesheetCreation] [Tag_VerifyHiringAdminAbleToViewEmployeesHaveBeenAssignedPleaseSubmitTheirTimesheets] - Started==Verifying Timesheet Detail Should Get Auto-Fetched
[INFO ] 2023-01-19 09:52:25.879 [timesheets.TG_4290_TimesheetCreation] [verifyTimesheetDetailShouldGetAutoFetched] - Verifying Timesheet Detail Should Get Auto-Fetched
[INFO ] 2023-01-19 09:52:29.012 [timesheets.TG_4290_TimesheetCreation] [verifyTimesheetDetailShouldGetAutoFetched] - Verify Timesheet Detail Should Get Auto-Fetched successfully
[INFO ] 2023-01-19 09:52:29.051 [timesheets.TG_4290_TimesheetCreation] [Tag_VerifyHiringRoleShouldNotAbleToSelectFutureDateAndGetsPopup] - Started==Verifying Hiring Role Should Not Able To Select Future Date And Gets Popup
[INFO ] 2023-01-19 09:52:32.059 [timesheets.TG_4290_TimesheetCreation] [enterDate] - Verify Future date 
[INFO ] 2023-01-19 09:52:38.026 [timesheets.TG_4290_TimesheetCreation] [enterDate] - Verify Future date successfully
[INFO ] 2023-01-19 09:52:41.032 [timesheets.TG_4290_TimesheetCreation] [verifyHiringRoleShouldNotAbleToSelectFutureDateAndGetsPopup] - Verifying Hiring Role Should Not Able To Select Future Date And Gets Popup
[INFO ] 2023-01-19 09:52:41.133 [timesheets.TG_4290_TimesheetCreation] [verifyHiringRoleShouldNotAbleToSelectFutureDateAndGetsPopup] - Verify Hiring Role Should Not Able To Select Future Date And Gets Popup successfully 
[INFO ] 2023-01-19 09:52:46.144 [timesheets.TG_4290_TimesheetCreation] [closeBlankMandatoryFieldDialogBox] - closing Future Date DialogBox
[INFO ] 2023-01-19 09:52:46.457 [timesheets.TG_4290_TimesheetCreation] [closeBlankMandatoryFieldDialogBox] - Future Date DialogBox close Successfully
[INFO ] 2023-01-19 09:52:46.459 [timesheets.TG_4290_TimesheetCreation] [Tag_VerifyHiringRoleShouldNotAbleToSelectFutureDateAndGetsPopup] - Started==Verifying Hiring Role Should Able To Select Date As Current Day
[INFO ] 2023-01-19 09:52:46.459 [timesheets.TG_4290_TimesheetCreation] [verifyHiringRoleShouldAbleToSelectDateAsCurrentDay] - Entering current date in Timesheet
[INFO ] 2023-01-19 09:52:53.781 [timesheets.TG_4290_TimesheetCreation] [verifyHiringRoleShouldAbleToSelectDateAsCurrentDay] - Entered current date in Timesheet successfully
[INFO ] 2023-01-19 09:52:56.791 [timesheets.TG_4290_TimesheetCreation] [enterStartTime] - Verify Start Time 
[INFO ] 2023-01-19 09:53:04.227 [timesheets.TG_4290_TimesheetCreation] [enterStartTime] - Verify Start Time Field successfully
[INFO ] 2023-01-19 09:53:07.236 [timesheets.TG_4290_TimesheetCreation] [enterEndTime] - Verify End Time 
[INFO ] 2023-01-19 09:53:14.660 [timesheets.TG_4290_TimesheetCreation] [enterEndTime] - Verify End Time Field successfully
[INFO ] 2023-01-19 09:53:14.665 [timesheets.TG_4290_TimesheetCreation] [Tag_VerifyHiringRoleShouldNotAbleToSelectFutureDateAndGetsPopup] - Started==Verifying User Should Able To Select From Time And To Time Successfully And Total Hours Should Get Calculate
[INFO ] 2023-01-19 09:53:16.672 [timesheets.TG_4290_TimesheetCreation] [verifyUserShouldAbleToSelectFromTimeAndToTimeSuccessfullyAndTotalHoursShouldGetCalculate] - Verify User Should Able To Select From Time And To Time Successfully And Total Hours Should Get Calculate
[INFO ] 2023-01-19 09:53:19.818 [timesheets.TG_4290_TimesheetCreation] [verifyUserShouldAbleToSelectFromTimeAndToTimeSuccessfullyAndTotalHoursShouldGetCalculate] - Verify User Should Able To Select From Time And To Time Successfully And Total Hours Should Get Calculate successfully
[INFO ] 2023-01-19 09:53:19.820 [timesheets.TG_4290_TimesheetCreation] [Tag_VerifyHiringRoleShouldNotAbleToSelectFutureDateAndGetsPopup] - Started==Verifying Selecting Valid Date Employees Details Should Get Fetched Automatically
[INFO ] 2023-01-19 09:53:22.825 [timesheets.TG_4290_TimesheetCreation] [verifyEmployeesDetailsShouldGetFetchedAutomatically] - Verify Employees Details Should Get Fetched Automatically
