[INFO ] 2023-03-10 21:19:11.050 [company.TG_4419_AssignEmployeeFromStaffing] [Tag_EndToEndFlowNewOrderHiring] - Started==Starting End To End Flow NewOrderHiring
[INFO ] 2023-03-10 21:19:14.136 [company.TG_4419_AssignEmployeeFromStaffing] [enterUsername] - Entering new user's first name
[INFO ] 2023-03-10 21:19:16.484 [company.TG_4419_AssignEmployeeFromStaffing] [enterUsername] - User's first name entered successfully
[INFO ] 2023-03-10 21:19:16.484 [company.TG_4419_AssignEmployeeFromStaffing] [enterPassword] - Entering new user's last name
[INFO ] 2023-03-10 21:19:16.720 [company.TG_4419_AssignEmployeeFromStaffing] [enterPassword] - User's last name entered successfully
[INFO ] 2023-03-10 21:19:16.721 [company.TG_4419_AssignEmployeeFromStaffing] [clickLoginButton] - Clicking on Login Button
[INFO ] 2023-03-10 21:19:17.225 [company.TG_4419_AssignEmployeeFromStaffing] [clickLoginButton] - Close Pop Up clicked successfully
[INFO ] 2023-03-10 21:19:17.226 [company.TG_4419_AssignEmployeeFromStaffing] [newOrderHiring] - Clicking on New Order Button
[INFO ] 2023-03-10 21:19:34.034 [company.TG_4419_AssignEmployeeFromStaffing] [newOrderHiring] - New Order Button clicked successfully
[INFO ] 2023-03-10 21:19:34.042 [company.TG_4419_AssignEmployeeFromStaffing] [newOrderHiring] - Entering EstDailyHours
[INFO ] 2023-03-10 21:19:42.624 [company.TG_4419_AssignEmployeeFromStaffing] [newOrderHiring] - EstDailyHours entered successfully
[INFO ] 2023-03-10 21:19:42.628 [company.TG_4419_AssignEmployeeFromStaffing] [newOrderHiring] - Entering StartDate
[INFO ] 2023-03-10 21:19:48.116 [company.TG_4419_AssignEmployeeFromStaffing] [newOrderHiring] - StartDate entered successfully
[INFO ] 2023-03-10 21:19:48.118 [company.TG_4419_AssignEmployeeFromStaffing] [newOrderHiring] - Entering EndDate
[INFO ] 2023-03-10 21:19:59.374 [company.TG_4419_AssignEmployeeFromStaffing] [newOrderHiring] - EndDate entered successfully
[INFO ] 2023-03-10 21:19:59.380 [company.TG_4419_AssignEmployeeFromStaffing] [newOrderHiring] - Entering StartTime
[INFO ] 2023-03-10 21:20:00.404 [company.TG_4419_AssignEmployeeFromStaffing] [newOrderHiring] - StartTime entered successfully
[INFO ] 2023-03-10 21:20:00.404 [company.TG_4419_AssignEmployeeFromStaffing] [newOrderHiring] - Entering Availability
[INFO ] 2023-03-10 21:20:00.602 [company.TG_4419_AssignEmployeeFromStaffing] [newOrderHiring] - Availabilit entered successfully
[INFO ] 2023-03-10 21:20:00.602 [company.TG_4419_AssignEmployeeFromStaffing] [newOrderHiring] - Entering JobSite
[INFO ] 2023-03-10 21:20:06.962 [company.TG_4419_AssignEmployeeFromStaffing] [newOrderHiring] - JobSite entered successfully
[INFO ] 2023-03-10 21:20:06.964 [company.TG_4419_AssignEmployeeFromStaffing] [newOrderHiring] - Entering JobTitle
[INFO ] 2023-03-10 21:20:16.378 [company.TG_4419_AssignEmployeeFromStaffing] [newOrderHiring] - JobTitle entered successfully
[INFO ] 2023-03-10 21:20:16.385 [company.TG_4419_AssignEmployeeFromStaffing] [newOrderHiring] - Entering No Of Workers
[INFO ] 2023-03-10 21:20:21.557 [company.TG_4419_AssignEmployeeFromStaffing] [newOrderHiring] - NoOfWorkers entered successfully
[INFO ] 2023-03-10 21:20:21.558 [company.TG_4419_AssignEmployeeFromStaffing] [newOrderHiring] - Entering ESignature
[INFO ] 2023-03-10 21:20:24.801 [company.TG_4419_AssignEmployeeFromStaffing] [newOrderHiring] - ESignature entered successfully
[INFO ] 2023-03-10 21:20:24.803 [company.TG_4419_AssignEmployeeFromStaffing] [newOrderHiring] - clickAgreeContract
[INFO ] 2023-03-10 21:20:25.031 [company.TG_4419_AssignEmployeeFromStaffing] [newOrderHiring] - clickAgreeContract successfully
[INFO ] 2023-03-10 21:20:25.032 [company.TG_4419_AssignEmployeeFromStaffing] [newOrderHiring] - clickSaveButton
[INFO ] 2023-03-10 21:20:25.257 [company.TG_4419_AssignEmployeeFromStaffing] [newOrderHiring] - SaveButton Clicked successfully
[INFO ] 2023-03-10 21:20:33.730 [company.TG_4419_AssignEmployeeFromStaffing] [newOrderHiring] - Job order link present on the home page clicked
[INFO ] 2023-03-10 21:20:43.417 [company.TG_4419_AssignEmployeeFromStaffing] [newOrderHiring] - Verify Job Order Id and Email Successfully
[INFO ] 2023-03-10 21:20:55.323 [company.TG_4419_AssignEmployeeFromStaffing] [Tag_CreateEmployeeFromStaffing] - Started==Starting End To End Flow CreateEmployeeFromStaffing
[INFO ] 2023-03-10 21:21:04.288 [company.TG_4419_AssignEmployeeFromStaffing] [enterUsername] - Entering new user's first name
[INFO ] 2023-03-10 21:21:04.437 [company.TG_4419_AssignEmployeeFromStaffing] [enterUsername] - User's first name entered successfully
[INFO ] 2023-03-10 21:21:04.438 [company.TG_4419_AssignEmployeeFromStaffing] [enterPassword] - Entering new user's last name
[INFO ] 2023-03-10 21:21:04.494 [company.TG_4419_AssignEmployeeFromStaffing] [enterPassword] - User's last name entered successfully
[INFO ] 2023-03-10 21:21:04.494 [company.TG_4419_AssignEmployeeFromStaffing] [clickLoginButton] - Clicking on Login Button
[INFO ] 2023-03-10 21:21:04.581 [company.TG_4419_AssignEmployeeFromStaffing] [clickLoginButton] - Close Pop Up clicked successfully
[INFO ] 2023-03-10 21:21:34.885 [company.TG_4419_AssignEmployeeFromStaffing] [clickAddNewEployeeButton] - Clicking on Add New Employee Button
[INFO ] 2023-03-10 21:21:35.830 [company.TG_4419_AssignEmployeeFromStaffing] [clickAddNewEployeeButton] - Employee button clicked successfully
[INFO ] 2023-03-10 21:21:40.836 [company.TG_4419_AssignEmployeeFromStaffing] [enterCompanyName] - Entering Company Name
[INFO ] 2023-03-10 21:21:41.008 [company.TG_4419_AssignEmployeeFromStaffing] [enterCompanyName] - Company Name entered successfully
[INFO ] 2023-03-10 21:21:43.012 [company.TG_4419_AssignEmployeeFromStaffing] [enterFirstName] - Entering First Name
[INFO ] 2023-03-10 21:21:43.150 [company.TG_4419_AssignEmployeeFromStaffing] [enterFirstName] - First Name entered successfully
[INFO ] 2023-03-10 21:21:45.161 [company.TG_4419_AssignEmployeeFromStaffing] [enterLastName] - Entering Last Name
[INFO ] 2023-03-10 21:21:45.319 [company.TG_4419_AssignEmployeeFromStaffing] [enterLastName] - Last Name entered successfully
[INFO ] 2023-03-10 21:21:47.326 [company.TG_4419_AssignEmployeeFromStaffing] [enterDateOfBirthField] - Entering date of birth
[INFO ] 2023-03-10 21:21:48.519 [company.TG_4419_AssignEmployeeFromStaffing] [enterDateOfBirthField] - Date of birth entered successfully
[INFO ] 2023-03-10 21:21:50.525 [company.TG_4419_AssignEmployeeFromStaffing] [enterEmail] - Entering email
[INFO ] 2023-03-10 21:21:50.694 [company.TG_4419_AssignEmployeeFromStaffing] [enterEmail] - Email entered successfully
[INFO ] 2023-03-10 21:21:52.700 [company.TG_4419_AssignEmployeeFromStaffing] [selectAddressTab] - Clicking Address Tab
[INFO ] 2023-03-10 21:21:54.809 [company.TG_4419_AssignEmployeeFromStaffing] [selectAddressTab] - Address Tab clicked successfully
[INFO ] 2023-03-10 21:21:56.815 [company.TG_4419_AssignEmployeeFromStaffing] [enterEmployeeAddressOnMaps] - Etering employee address on maps
[INFO ] 2023-03-10 21:21:58.085 [company.TG_4419_AssignEmployeeFromStaffing] [enterEmployeeAddressOnMaps] - Employee entered successfully
[INFO ] 2023-03-10 21:22:00.090 [company.TG_4419_AssignEmployeeFromStaffing] [clickSaveButton] - Clicking Save button
[INFO ] 2023-03-10 21:22:00.301 [company.TG_4419_AssignEmployeeFromStaffing] [clickSaveButton] - Save button clicked successfully
[INFO ] 2023-03-10 21:22:40.310 [company.TG_4419_AssignEmployeeFromStaffing] [getEmployeeNameFromEmaployeeDetailsPage] - Fetching employee Name
[INFO ] 2023-03-10 21:22:40.394 [company.TG_4419_AssignEmployeeFromStaffing] [getEmployeeNameFromEmaployeeDetailsPage] - Employee Name fetched successfully
[INFO ] 2023-03-10 21:22:40.570 [company.TG_4419_AssignEmployeeFromStaffing] [Tag_EndToEndFlowClaimFromStaffing] - Started==Starting End To End Flow ClaimFromStaffing
[INFO ] 2023-03-10 21:22:40.571 [company.TG_4419_AssignEmployeeFromStaffing] [ClaimOrderForStaffing] - Clicking Job orders menu present on the staffing homepage navigates to joborder listing form 
[INFO ] 2023-03-10 21:22:56.492 [company.TG_4419_AssignEmployeeFromStaffing] [selectParticularJobOrderFromListingStaffing] - Selecting Particular Joborder on the listing
[INFO ] 2023-03-10 21:23:06.714 [company.TG_4419_AssignEmployeeFromStaffing] [selectParticularJobOrderFromListingStaffing] - Particular Joborder on the listing selected successfully
[INFO ] 2023-03-10 21:23:06.716 [company.TG_4419_AssignEmployeeFromStaffing] [ClaimOrderForStaffing] - Clicking on Claim order Button
[INFO ] 2023-03-10 21:23:21.435 [company.TG_4419_AssignEmployeeFromStaffing] [ClaimOrderForStaffing] - Claim order button clicked successfully
[INFO ] 2023-03-10 21:23:21.436 [company.TG_4419_AssignEmployeeFromStaffing] [ClaimOrderForStaffing] - Entering the No. of Employees Claim
[INFO ] 2023-03-10 21:23:26.575 [company.TG_4419_AssignEmployeeFromStaffing] [ClaimOrderForStaffing] - No. of Employees Claim entered successfully
[INFO ] 2023-03-10 21:23:31.582 [company.TG_4419_AssignEmployeeFromStaffing] [ClaimOrderForStaffing] - Entering the E-Signature
[INFO ] 2023-03-10 21:23:33.913 [company.TG_4419_AssignEmployeeFromStaffing] [ClaimOrderForStaffing] - E-Signature entered successfully
[INFO ] 2023-03-10 21:23:33.913 [company.TG_4419_AssignEmployeeFromStaffing] [ClaimOrderForStaffing] - Clicking on Agree to Contract Button
[INFO ] 2023-03-10 21:23:36.030 [company.TG_4419_AssignEmployeeFromStaffing] [ClaimOrderForStaffing] - Agree to Contract Button clicked successfully
[INFO ] 2023-03-10 21:23:36.030 [company.TG_4419_AssignEmployeeFromStaffing] [ClaimOrderForStaffing] - Clicking on Submit Claim Button
[INFO ] 2023-03-10 21:23:43.124 [company.TG_4419_AssignEmployeeFromStaffing] [ClaimOrderForStaffing] - Submit Claim Button clicked successfully
[INFO ] 2023-03-10 21:24:16.546 [company.TG_4419_AssignEmployeeFromStaffing] [Tag_EndToEndFlowClaimApproveHiring] - Started==Starting End To End Flow ApproveHiring
[INFO ] 2023-03-10 21:24:24.385 [company.TG_4419_AssignEmployeeFromStaffing] [enterUsername] - Entering new user's first name
[INFO ] 2023-03-10 21:24:24.550 [company.TG_4419_AssignEmployeeFromStaffing] [enterUsername] - User's first name entered successfully
[INFO ] 2023-03-10 21:24:24.550 [company.TG_4419_AssignEmployeeFromStaffing] [enterPassword] - Entering new user's last name
[INFO ] 2023-03-10 21:24:24.640 [company.TG_4419_AssignEmployeeFromStaffing] [enterPassword] - User's last name entered successfully
[INFO ] 2023-03-10 21:24:24.640 [company.TG_4419_AssignEmployeeFromStaffing] [clickLoginButton] - Clicking on Login Button
[INFO ] 2023-03-10 21:24:24.718 [company.TG_4419_AssignEmployeeFromStaffing] [clickLoginButton] - Close Pop Up clicked successfully
[INFO ] 2023-03-10 21:24:24.719 [company.TG_4419_AssignEmployeeFromStaffing] [ApproveClaimFromHiring] - Clicking Order menu present on the staffing homepage
[INFO ] 2023-03-10 21:24:34.793 [company.TG_4419_AssignEmployeeFromStaffing] [ApproveClaimFromHiring] - Order menu present on the staffing hompage clicked successfully.
[INFO ] 2023-03-10 21:24:34.797 [company.TG_4419_AssignEmployeeFromStaffing] [ApproveClaimFromHiring] - Clicking All orders menu present on the staffing homepage
[INFO ] 2023-03-10 21:24:48.996 [company.TG_4419_AssignEmployeeFromStaffing] [ApproveClaimFromHiring] - Clicking on the claim button navigates to claim order form 
[INFO ] 2023-03-10 21:24:52.118 [company.TG_4419_AssignEmployeeFromStaffing] [ApproveClaimFromHiring] - Clicking on the claim button navigates to claim order form successfully
[INFO ] 2023-03-10 21:24:52.119 [company.TG_4419_AssignEmployeeFromStaffing] [ApproveClaimFromHiring] - Clicking the select head count button on the claim order form
[INFO ] 2023-03-10 21:24:53.157 [company.TG_4419_AssignEmployeeFromStaffing] [ApproveClaimFromHiring] - Clicked the select head count button on the claim order form successfully
[INFO ] 2023-03-10 21:24:53.158 [company.TG_4419_AssignEmployeeFromStaffing] [ApproveClaimFromHiring] - Entering Approve count should not be greater than Workerscount
[INFO ] 2023-03-10 21:25:01.873 [company.TG_4419_AssignEmployeeFromStaffing] [ApproveClaimFromHiring] - Approve count is not more than the workers count
[INFO ] 2023-03-10 21:25:01.876 [company.TG_4419_AssignEmployeeFromStaffing] [ApproveClaimFromHiring] - Clicking on modal submit Button
[INFO ] 2023-03-10 21:25:06.992 [company.TG_4419_AssignEmployeeFromStaffing] [ApproveClaimFromHiring] - Modal submit button clicked successfully
[INFO ] 2023-03-10 21:25:25.310 [company.TG_4419_AssignEmployeeFromStaffing] [enterUsername] - Entering new user's first name
[INFO ] 2023-03-10 21:25:25.388 [company.TG_4419_AssignEmployeeFromStaffing] [enterUsername] - User's first name entered successfully
[INFO ] 2023-03-10 21:25:25.388 [company.TG_4419_AssignEmployeeFromStaffing] [enterPassword] - Entering new user's last name
[INFO ] 2023-03-10 21:25:25.475 [company.TG_4419_AssignEmployeeFromStaffing] [enterPassword] - User's last name entered successfully
[INFO ] 2023-03-10 21:25:25.475 [company.TG_4419_AssignEmployeeFromStaffing] [clickLoginButton] - Clicking on Login Button
[INFO ] 2023-03-10 21:25:25.549 [company.TG_4419_AssignEmployeeFromStaffing] [clickLoginButton] - Close Pop Up clicked successfully
[INFO ] 2023-03-10 21:25:28.557 [company.TG_4419_AssignEmployeeFromStaffing] [clickOrdersMenuOnStaffingHomePage] - Clicking Order menu present on the staffing homepage
[INFO ] 2023-03-10 21:25:33.519 [company.TG_4419_AssignEmployeeFromStaffing] [clickOrdersMenuOnStaffingHomePage] - Order menu present on the staffing hompage clicked successfully.
[INFO ] 2023-03-10 21:25:36.531 [company.TG_4419_AssignEmployeeFromStaffing] [clickAllOrdersOnStaffingHomePage] - Clicking All orders menu present on the staffing homepage
[INFO ] 2023-03-10 21:25:39.442 [company.TG_4419_AssignEmployeeFromStaffing] [clickAllOrdersOnStaffingHomePage] - All orders menu present on the staffing hompage clicked successfully.
[INFO ] 2023-03-10 21:25:44.451 [company.TG_4419_AssignEmployeeFromStaffing] [selectParticularJobOrderFromListingStaffing] - Selecting Particular Joborder on the listing
[INFO ] 2023-03-10 21:25:54.577 [company.TG_4419_AssignEmployeeFromStaffing] [selectParticularJobOrderFromListingStaffing] - Particular Joborder on the listing selected successfully
[INFO ] 2023-03-10 21:25:56.587 [company.TG_4419_AssignEmployeeFromStaffing] [verifyPleaseAssignEmployeeMessage] - Check for 'Please Assign Employee' message Displayed
[INFO ] 2023-03-10 21:26:02.304 [company.TG_4419_AssignEmployeeFromStaffing] [verifyPleaseAssignEmployeeMessage] - Message displayed successfully
[INFO ] 2023-03-10 21:26:02.337 [company.TG_4419_AssignEmployeeFromStaffing] [clickAssignEmployeesButton] - Clicking Assign employees under the related section
[INFO ] 2023-03-10 21:26:03.301 [company.TG_4419_AssignEmployeeFromStaffing] [clickAssignEmployeesButton] - Clicked assign employees on job order form successfully
[INFO ] 2023-03-10 21:26:05.305 [company.TG_4419_AssignEmployeeFromStaffing] [verifyNewAssignEmployeeFormVisible] - Check new assign employee form is visible
[INFO ] 2023-03-10 21:26:05.345 [company.TG_4419_AssignEmployeeFromStaffing] [verifyNewAssignEmployeeFormVisible] - New assign employee form displayed successfully
[INFO ] 2023-03-10 21:26:05.352 [company.TG_4419_AssignEmployeeFromStaffing] [clickSaveButton] - Clicking save new Assign Employee form
[INFO ] 2023-03-10 21:26:09.496 [company.TG_4419_AssignEmployeeFromStaffing] [clickSaveButton] - save button in new Assign Employee form clicked successfully
[INFO ] 2023-03-10 21:26:09.500 [company.TG_4419_AssignEmployeeFromStaffing] [verifyMandatoryFieldErrorMessage] - Check for all mandatory fiels entered
[INFO ] 2023-03-10 21:26:09.761 [company.TG_4419_AssignEmployeeFromStaffing] [verifyMandatoryFieldErrorMessage] - Error message displayed successfully
[INFO ] 2023-03-10 21:26:09.762 [company.TG_4419_AssignEmployeeFromStaffing] [clickErrorClose] - Clicking on Close Icon
[INFO ] 2023-03-10 21:26:12.046 [company.TG_4419_AssignEmployeeFromStaffing] [clickErrorClose] - Close Icon clicked successfully
[INFO ] 2023-03-10 21:26:12.047 [company.TG_4419_AssignEmployeeFromStaffing] [verifyCompanyFeildAutoPopulated] - Verify Company Feild auto populated in new Assign Employee form
[INFO ] 2023-03-10 21:26:12.105 [company.TG_4419_AssignEmployeeFromStaffing] [verifyCompanyFeildAutoPopulated] - Company Feild auto populated in new Assign Employee form successfully.
[INFO ] 2023-03-10 21:26:12.140 [company.TG_4419_AssignEmployeeFromStaffing] [verifyEmployeePayRate] - Verfied employee pay rate field in new Assign Employee form 
[INFO ] 2023-03-10 21:26:12.225 [company.TG_4419_AssignEmployeeFromStaffing] [verifyEmployeePayRate] - Verfied and removed the employee pay rate
[INFO ] 2023-03-10 21:26:12.225 [company.TG_4419_AssignEmployeeFromStaffing] [verifyEmpPayRatePopulated] - Verify employee pay rate value auto populated in new Assign Employee form
[INFO ] 2023-03-10 21:26:12.266 [company.TG_4419_AssignEmployeeFromStaffing] [verifyEmpPayRatePopulated] - Employee pay rate value auto populated in new Assign Employee form successfully.
[INFO ] 2023-03-10 21:26:12.286 [company.TG_4419_AssignEmployeeFromStaffing] [verifyDistanceRadiusFeild] - Verify Distance Radius Feild is visible in new Assign Employee form
[INFO ] 2023-03-10 21:26:12.345 [company.TG_4419_AssignEmployeeFromStaffing] [verifyDistanceRadiusFeild] -  Distance Radius Feild is displayed in new Assign Employee form successfully.
[INFO ] 2023-03-10 21:26:12.345 [company.TG_4419_AssignEmployeeFromStaffing] [enterMiles] - Entering Distance radius in new Assign Employee form 
[INFO ] 2023-03-10 21:26:12.435 [company.TG_4419_AssignEmployeeFromStaffing] [enterMiles] - Distance radius in new Assign Employee form entered successfully
[INFO ] 2023-03-10 21:26:12.453 [company.TG_4419_AssignEmployeeFromStaffing] [verifyShowAllEmployeesVisible] - Verify ShowAllEmployees Feild is visible in new Assign Employee form
[INFO ] 2023-03-10 21:26:12.504 [company.TG_4419_AssignEmployeeFromStaffing] [verifyShowAllEmployeesVisible] -  ShowAllEmployees Feild is displayed in new Assign Employee form successfully.
[INFO ] 2023-03-10 21:26:12.504 [company.TG_4419_AssignEmployeeFromStaffing] [clickCheckBoxShowAllEmployess] - Clicking CheckBox ShowAllEmployees
[INFO ] 2023-03-10 21:26:14.604 [company.TG_4419_AssignEmployeeFromStaffing] [clickCheckBoxShowAllEmployess] -  ShowAllEmployees CheckBox clicked successfully
[INFO ] 2023-03-10 21:26:16.624 [company.TG_4419_AssignEmployeeFromStaffing] [clickAddRowButton] - Clicking AddRow in new Assign Employee form 
[INFO ] 2023-03-10 21:26:23.858 [company.TG_4419_AssignEmployeeFromStaffing] [clickAddRowButton] - AddRow button in new Assign Employee form clicked successfully
[INFO ] 2023-03-10 21:26:23.860 [company.TG_4419_AssignEmployeeFromStaffing] [verifyEmployeeIDVisible] - Verify employeeID is visible in new Assign Employee form
[INFO ] 2023-03-10 21:26:23.923 [company.TG_4419_AssignEmployeeFromStaffing] [verifyEmployeeIDVisible] - EmployeeID is displayed in new Assign Employee form successfully.
[INFO ] 2023-03-10 21:26:29.945 [company.TG_4419_AssignEmployeeFromStaffing] [clickEditButton] - Clicking edit button on the form under the EmployeeDetails
[INFO ] 2023-03-10 21:26:30.279 [company.TG_4419_AssignEmployeeFromStaffing] [clickEditButton] - Clicked edit button on the form under the EmployeeDetails successfully
[INFO ] 2023-03-10 21:26:30.279 [company.TG_4419_AssignEmployeeFromStaffing] [enterEmployeeName] - Entering employeeName in new Assign Employee form 
[INFO ] 2023-03-10 21:26:30.619 [company.TG_4419_AssignEmployeeFromStaffing] [enterEmployeeName] - employeeName in new Assign Employee form entered successfully
[INFO ] 2023-03-10 21:26:34.624 [company.TG_4419_AssignEmployeeFromStaffing] [clickSearchedEmployee] - Clicking Searched Employee
[INFO ] 2023-03-10 21:26:35.399 [company.TG_4419_AssignEmployeeFromStaffing] [clickSearchedEmployee] - Searched Employee clicked Successfully
[INFO ] 2023-03-10 21:26:35.400 [company.TG_4419_AssignEmployeeFromStaffing] [clickDropModalClose] - Clicking Dropdown arrow in the modal
[INFO ] 2023-03-10 21:26:35.541 [company.TG_4419_AssignEmployeeFromStaffing] [clickDropModalClose] - Clicked Dropdown arrow in the modal successfully
[INFO ] 2023-03-10 21:26:35.553 [company.TG_4419_AssignEmployeeFromStaffing] [verifySaveButtonVisible] - Verify savebutton is visible in new Assign Employee form
[INFO ] 2023-03-10 21:26:35.589 [company.TG_4419_AssignEmployeeFromStaffing] [verifySaveButtonVisible] - save button is displayed in new Assign Employee form successfully.
[INFO ] 2023-03-10 21:26:35.598 [company.TG_4419_AssignEmployeeFromStaffing] [clickSaveButton] - Clicking save new Assign Employee form
[INFO ] 2023-03-10 21:26:39.738 [company.TG_4419_AssignEmployeeFromStaffing] [clickSaveButton] - save button in new Assign Employee form clicked successfully
