[INFO ] 2023-01-16 11:30:39.422 [company.TG_4325_ApproveClaimFromHiring] [Tag_EndToEndFlowNewOrderHiring] - Started==Starting End To End Flow NewOrderHiring
[INFO ] 2023-01-16 11:30:43.479 [company.TG_4325_ApproveClaimFromHiring] [enterUsername] - Entering new user's first name
[INFO ] 2023-01-16 11:30:44.193 [company.TG_4325_ApproveClaimFromHiring] [enterUsername] - User's first name entered successfully
[INFO ] 2023-01-16 11:30:44.194 [company.TG_4325_ApproveClaimFromHiring] [enterPassword] - Entering new user's last name
[INFO ] 2023-01-16 11:30:44.521 [company.TG_4325_ApproveClaimFromHiring] [enterPassword] - User's last name entered successfully
[INFO ] 2023-01-16 11:30:44.522 [company.TG_4325_ApproveClaimFromHiring] [clickLoginButton] - Clicking on Login Button
[INFO ] 2023-01-16 11:30:45.133 [company.TG_4325_ApproveClaimFromHiring] [clickLoginButton] - Close Pop Up clicked successfully
[INFO ] 2023-01-16 11:30:45.134 [company.TG_4325_ApproveClaimFromHiring] [newOrderHiring] - Clicking on New Order Button
[INFO ] 2023-01-16 11:30:58.113 [company.TG_4325_ApproveClaimFromHiring] [newOrderHiring] - New Order Button clicked successfully
[INFO ] 2023-01-16 11:30:58.114 [company.TG_4325_ApproveClaimFromHiring] [newOrderHiring] - Entering EstDailyHours
[INFO ] 2023-01-16 11:31:08.219 [company.TG_4325_ApproveClaimFromHiring] [newOrderHiring] - EstDailyHours entered successfully
[INFO ] 2023-01-16 11:31:08.222 [company.TG_4325_ApproveClaimFromHiring] [newOrderHiring] - Entering StartDate
[INFO ] 2023-01-16 11:31:14.069 [company.TG_4325_ApproveClaimFromHiring] [newOrderHiring] - StartDate entered successfully
[INFO ] 2023-01-16 11:31:14.075 [company.TG_4325_ApproveClaimFromHiring] [newOrderHiring] - Entering EndDate
[INFO ] 2023-01-16 11:31:25.985 [company.TG_4325_ApproveClaimFromHiring] [newOrderHiring] - EndDate entered successfully
[INFO ] 2023-01-16 11:31:25.989 [company.TG_4325_ApproveClaimFromHiring] [newOrderHiring] - Entering StartTime
[INFO ] 2023-01-16 11:31:27.185 [company.TG_4325_ApproveClaimFromHiring] [newOrderHiring] - StartTime entered successfully
[INFO ] 2023-01-16 11:31:27.186 [company.TG_4325_ApproveClaimFromHiring] [newOrderHiring] - Entering Availability
[INFO ] 2023-01-16 11:31:27.428 [company.TG_4325_ApproveClaimFromHiring] [newOrderHiring] - Availabilit entered successfully
[INFO ] 2023-01-16 11:31:27.429 [company.TG_4325_ApproveClaimFromHiring] [newOrderHiring] - Entering JobSite
[INFO ] 2023-01-16 11:31:33.764 [company.TG_4325_ApproveClaimFromHiring] [newOrderHiring] - JobSite entered successfully
[INFO ] 2023-01-16 11:31:33.765 [company.TG_4325_ApproveClaimFromHiring] [newOrderHiring] - Entering JobTitle
[INFO ] 2023-01-16 11:31:43.058 [company.TG_4325_ApproveClaimFromHiring] [newOrderHiring] - JobTitle entered successfully
[INFO ] 2023-01-16 11:31:43.061 [company.TG_4325_ApproveClaimFromHiring] [newOrderHiring] - Entering No Of Workers
[INFO ] 2023-01-16 11:31:48.309 [company.TG_4325_ApproveClaimFromHiring] [newOrderHiring] - NoOfWorkers entered successfully
[INFO ] 2023-01-16 11:31:48.312 [company.TG_4325_ApproveClaimFromHiring] [newOrderHiring] - Entering ESignature
[INFO ] 2023-01-16 11:31:51.484 [company.TG_4325_ApproveClaimFromHiring] [newOrderHiring] - ESignature entered successfully
[INFO ] 2023-01-16 11:31:51.492 [company.TG_4325_ApproveClaimFromHiring] [newOrderHiring] - clickAgreeContract
[INFO ] 2023-01-16 11:31:51.813 [company.TG_4325_ApproveClaimFromHiring] [newOrderHiring] - clickAgreeContract successfully
[INFO ] 2023-01-16 11:31:51.814 [company.TG_4325_ApproveClaimFromHiring] [newOrderHiring] - clickSaveButton
[INFO ] 2023-01-16 11:31:52.099 [company.TG_4325_ApproveClaimFromHiring] [newOrderHiring] - SaveButton Clicked successfully
[INFO ] 2023-01-16 11:32:00.634 [company.TG_4325_ApproveClaimFromHiring] [newOrderHiring] - Job order link present on the home page clicked
[INFO ] 2023-01-16 11:32:11.138 [company.TG_4325_ApproveClaimFromHiring] [newOrderHiring] - Verify Job Order Id and Email Successfully
[INFO ] 2023-01-16 11:32:19.031 [company.TG_4325_ApproveClaimFromHiring] [Tag_EndToEndFlowClaimFromStaffing] - Started==Starting End To End Flow ClaimFromStaffing
[INFO ] 2023-01-16 11:32:27.918 [company.TG_4325_ApproveClaimFromHiring] [enterUsername] - Entering new user's first name
[INFO ] 2023-01-16 11:32:28.727 [company.TG_4325_ApproveClaimFromHiring] [enterUsername] - User's first name entered successfully
[INFO ] 2023-01-16 11:32:28.729 [company.TG_4325_ApproveClaimFromHiring] [enterPassword] - Entering new user's last name
[INFO ] 2023-01-16 11:32:29.066 [company.TG_4325_ApproveClaimFromHiring] [enterPassword] - User's last name entered successfully
[INFO ] 2023-01-16 11:32:29.066 [company.TG_4325_ApproveClaimFromHiring] [clickLoginButton] - Clicking on Login Button
[INFO ] 2023-01-16 11:32:30.537 [company.TG_4325_ApproveClaimFromHiring] [clickLoginButton] - Close Pop Up clicked successfully
[INFO ] 2023-01-16 11:32:30.783 [company.TG_4325_ApproveClaimFromHiring] [ClaimOrderForStaffing] - Clicking Job orders menu present on the staffing homepage navigates to joborder listing form 
