[INFO ] 2023-01-05 12:33:50.513 [jobTitle_jobSite.TG_4863_JobSiteCreation] [enterUsername] - Entering new user's first name
[INFO ] 2023-01-05 12:33:51.536 [jobTitle_jobSite.TG_4863_JobSiteCreation] [enterUsername] - User's first name entered successfully
[INFO ] 2023-01-05 12:33:51.536 [jobTitle_jobSite.TG_4863_JobSiteCreation] [enterPassword] - Entering new user's last name
[INFO ] 2023-01-05 12:33:52.059 [jobTitle_jobSite.TG_4863_JobSiteCreation] [enterPassword] - User's last name entered successfully
[INFO ] 2023-01-05 12:33:52.060 [jobTitle_jobSite.TG_4863_JobSiteCreation] [clickLoginButton] - Clicking on Login Button
[INFO ] 2023-01-05 12:33:53.188 [jobTitle_jobSite.TG_4863_JobSiteCreation] [clickLoginButton] - Close Pop Up clicked successfully
[INFO ] 2023-01-05 12:33:56.195 [jobTitle_jobSite.TG_4863_JobSiteCreation] [clickJobSiteOnHomepage] - Clicking on Job Site on Homepage
[INFO ] 2023-01-05 12:34:12.444 [jobTitle_jobSite.TG_4863_JobSiteCreation] [clickJobSiteOnHomepage] - Job Site Listing opened successfully
[INFO ] 2023-01-05 12:34:17.451 [jobTitle_jobSite.TG_4863_JobSiteCreation] [clickAddJobSiteButton] - Clicking Add Job Site Button
[INFO ] 2023-01-05 12:34:19.007 [jobTitle_jobSite.TG_4863_JobSiteCreation] [clickAddJobSiteButton] - Add Job Site clicked successfully
[INFO ] 2023-01-05 12:34:22.013 [jobTitle_jobSite.TG_4863_JobSiteCreation] [clickCreateNewUserOption] - Clicking New User Option in Job site Contact
[INFO ] 2023-01-05 12:34:22.547 [jobTitle_jobSite.TG_4863_JobSiteCreation] [clickCreateNewUserOption] - New User Option in Job site Contactclicked successfully
[INFO ] 2023-01-05 12:34:24.555 [jobTitle_jobSite.TG_4863_JobSiteCreation] [enterCompanyType] - Entering Company Type
[INFO ] 2023-01-05 12:34:24.788 [jobTitle_jobSite.TG_4863_JobSiteCreation] [enterCompanyType] - Company Type Entered Successfully
[INFO ] 2023-01-05 12:34:24.789 [jobTitle_jobSite.TG_4863_JobSiteCreation] [clickLastNameField] - Clicking Last Name field
[INFO ] 2023-01-05 12:34:25.118 [jobTitle_jobSite.TG_4863_JobSiteCreation] [clickLastNameField] - Last Name  field clicked successfully
[INFO ] 2023-01-05 12:34:28.128 [jobTitle_jobSite.TG_4863_JobSiteCreation] [enterUserEmail] - Entering user email address
[INFO ] 2023-01-05 12:34:28.958 [jobTitle_jobSite.TG_4863_JobSiteCreation] [enterUserEmail] - Email entered successfully
[INFO ] 2023-01-05 12:34:29.944 [jobTitle_jobSite.TG_4863_JobSiteCreation] [enterFirstNameField] - Entering First Name field
[INFO ] 2023-01-05 12:34:30.524 [jobTitle_jobSite.TG_4863_JobSiteCreation] [enterFirstNameField] - First Name  entered successfully
[INFO ] 2023-01-05 12:34:30.525 [jobTitle_jobSite.TG_4863_JobSiteCreation] [enterLastNameField] - Entering Last Name field
[INFO ] 2023-01-05 12:34:31.109 [jobTitle_jobSite.TG_4863_JobSiteCreation] [enterLastNameField] - Last Name entered successfully
[INFO ] 2023-01-05 12:34:31.498 [jobTitle_jobSite.TG_4863_JobSiteCreation] [enterMobile] - Entering Mobile Number
[INFO ] 2023-01-05 12:34:31.939 [jobTitle_jobSite.TG_4863_JobSiteCreation] [enterMobile] - Mobile entered successfully
[INFO ] 2023-01-05 12:34:32.945 [jobTitle_jobSite.TG_4863_JobSiteCreation] [clickSavebuttonInAddUser] - Clicking save button
[INFO ] 2023-01-05 12:34:33.147 [jobTitle_jobSite.TG_4863_JobSiteCreation] [clickSavebuttonInAddUser] - Save button clicked successfully
[INFO ] 2023-01-05 12:35:03.213 [jobTitle_jobSite.TG_4863_JobSiteCreation] [clickClosePopUp] - Clicking on close icon in pop up
[INFO ] 2023-01-05 12:35:03.496 [jobTitle_jobSite.TG_4863_JobSiteCreation] [clickClosePopUp] - pop up closed successfully
[INFO ] 2023-01-05 12:35:03.695 [jobTitle_jobSite.TG_4863_JobSiteCreation] [selectSearchOnMapsCheckbox] - Selecting search on Maps checkbox
[INFO ] 2023-01-05 12:35:06.300 [jobTitle_jobSite.TG_4863_JobSiteCreation] [selectSearchOnMapsCheckbox] - Search on maps checkbox selected
[INFO ] 2023-01-05 12:35:06.301 [jobTitle_jobSite.TG_4863_JobSiteCreation] [enterEmployeeAddressOnMaps] - Etering employee address on maps
[INFO ] 2023-01-05 12:35:08.401 [jobTitle_jobSite.TG_4863_JobSiteCreation] [enterEmployeeAddressOnMaps] - Employee entered successfully
[INFO ] 2023-01-05 12:35:11.408 [jobTitle_jobSite.TG_4863_JobSiteCreation] [enterJobTitleInTable] - Entering Job Title List in the Table
[INFO ] 2023-01-05 12:35:11.644 [jobTitle_jobSite.TG_4863_JobSiteCreation] [enterJobTitleInTable] - Clicked Job Title in the Table successfully
[INFO ] 2023-01-05 12:35:11.644 [jobTitle_jobSite.TG_4863_JobSiteCreation] [enterTitle] - Enter Title
[INFO ] 2023-01-05 12:35:15.154 [jobTitle_jobSite.TG_4863_JobSiteCreation] [enterTitle] - Entered Job Title in the Table successfully
[INFO ] 2023-01-05 12:35:17.162 [jobTitle_jobSite.TG_4863_JobSiteCreation] [clickSaveButton] - Clicking Save Button
[INFO ] 2023-01-05 12:35:17.334 [jobTitle_jobSite.TG_4863_JobSiteCreation] [clickSaveButton] - Save Button clicked successfully
[INFO ] 2023-01-05 12:35:17.334 [jobTitle_jobSite.TG_4863_JobSiteCreation] [verifyCreatedSite] - Verify Job Site created Successfully
