[INFO ] 2023-03-08 01:53:12.871 [jobTitle_jobSite.TG_4863_JobSiteCreation] [enterUsername] - Entering new user's first name
[INFO ] 2023-03-08 01:53:14.660 [jobTitle_jobSite.TG_4863_JobSiteCreation] [enterUsername] - User's first name entered successfully
[INFO ] 2023-03-08 01:53:14.661 [jobTitle_jobSite.TG_4863_JobSiteCreation] [enterPassword] - Entering new user's last name
[INFO ] 2023-03-08 01:53:14.844 [jobTitle_jobSite.TG_4863_JobSiteCreation] [enterPassword] - User's last name entered successfully
[INFO ] 2023-03-08 01:53:14.845 [jobTitle_jobSite.TG_4863_JobSiteCreation] [clickLoginButton] - Clicking on Login Button
[INFO ] 2023-03-08 01:53:15.470 [jobTitle_jobSite.TG_4863_JobSiteCreation] [clickLoginButton] - Close Pop Up clicked successfully
[INFO ] 2023-03-08 01:53:18.473 [jobTitle_jobSite.TG_4863_JobSiteCreation] [clickJobSiteOnHomepage] - Clicking on Job Site on Homepage
[INFO ] 2023-03-08 01:53:33.384 [jobTitle_jobSite.TG_4863_JobSiteCreation] [clickJobSiteOnHomepage] - Job Site Listing opened successfully
[INFO ] 2023-03-08 01:53:38.387 [jobTitle_jobSite.TG_4863_JobSiteCreation] [clickAddJobSiteButton] - Clicking Add Job Site Button
[INFO ] 2023-03-08 01:53:39.410 [jobTitle_jobSite.TG_4863_JobSiteCreation] [clickAddJobSiteButton] - Add Job Site clicked successfully
[INFO ] 2023-03-08 01:53:42.419 [jobTitle_jobSite.TG_4863_JobSiteCreation] [clickCreateNewUserOption] - Clicking New User Option in Job site Contact
[INFO ] 2023-03-08 01:53:42.803 [jobTitle_jobSite.TG_4863_JobSiteCreation] [clickCreateNewUserOption] - New User Option in Job site Contactclicked successfully
[INFO ] 2023-03-08 01:53:44.810 [jobTitle_jobSite.TG_4863_JobSiteCreation] [enterCompanyType] - Entering Company Type
[INFO ] 2023-03-08 01:53:44.981 [jobTitle_jobSite.TG_4863_JobSiteCreation] [enterCompanyType] - Company Type Entered Successfully
[INFO ] 2023-03-08 01:53:44.981 [jobTitle_jobSite.TG_4863_JobSiteCreation] [clickLastNameField] - Clicking Last Name field
[INFO ] 2023-03-08 01:53:45.052 [jobTitle_jobSite.TG_4863_JobSiteCreation] [clickLastNameField] - Last Name  field clicked successfully
[INFO ] 2023-03-08 01:53:48.058 [jobTitle_jobSite.TG_4863_JobSiteCreation] [enterUserEmail] - Entering user email address
[INFO ] 2023-03-08 01:53:48.417 [jobTitle_jobSite.TG_4863_JobSiteCreation] [enterUserEmail] - Email entered successfully
[INFO ] 2023-03-08 01:53:48.418 [jobTitle_jobSite.TG_4863_JobSiteCreation] [enterFirstNameField] - Entering First Name field
[INFO ] 2023-03-08 01:53:48.696 [jobTitle_jobSite.TG_4863_JobSiteCreation] [enterFirstNameField] - First Name  entered successfully
[INFO ] 2023-03-08 01:53:48.696 [jobTitle_jobSite.TG_4863_JobSiteCreation] [enterLastNameField] - Entering Last Name field
[INFO ] 2023-03-08 01:53:48.805 [jobTitle_jobSite.TG_4863_JobSiteCreation] [enterLastNameField] - Last Name entered successfully
[INFO ] 2023-03-08 01:53:48.954 [jobTitle_jobSite.TG_4863_JobSiteCreation] [enterMobile] - Entering Mobile Number
[INFO ] 2023-03-08 01:53:49.155 [jobTitle_jobSite.TG_4863_JobSiteCreation] [enterMobile] - Mobile Number Entered Successfully
[INFO ] 2023-03-08 01:53:50.161 [jobTitle_jobSite.TG_4863_JobSiteCreation] [clickSavebuttonInAddUser] - Clicking Save Button
[INFO ] 2023-03-08 01:53:50.327 [jobTitle_jobSite.TG_4863_JobSiteCreation] [clickSavebuttonInAddUser] - Save Button clicked successfully
[INFO ] 2023-03-08 01:54:20.335 [jobTitle_jobSite.TG_4863_JobSiteCreation] [clickClosePopUp] - Clicking on close icon in pop up
[INFO ] 2023-03-08 01:54:20.574 [jobTitle_jobSite.TG_4863_JobSiteCreation] [clickClosePopUp] - pop up closed successfully
[INFO ] 2023-03-08 01:54:23.665 [jobTitle_jobSite.TG_4863_JobSiteCreation] [enterJobTitleInTable] - Entering Job Title List in the Table
[INFO ] 2023-03-08 01:54:23.917 [jobTitle_jobSite.TG_4863_JobSiteCreation] [enterJobTitleInTable] - Clicked Job Title in the Table successfully
[INFO ] 2023-03-08 01:54:23.917 [jobTitle_jobSite.TG_4863_JobSiteCreation] [enterTitle] - Enter Title
[INFO ] 2023-03-08 01:54:27.425 [jobTitle_jobSite.TG_4863_JobSiteCreation] [enterTitle] - Entered Job Title in the Table successfully
[INFO ] 2023-03-08 01:54:29.432 [jobTitle_jobSite.TG_4863_JobSiteCreation] [enterEmployeeAddressOnMaps] - Etering employee address on maps
[INFO ] 2023-03-08 01:54:30.689 [jobTitle_jobSite.TG_4863_JobSiteCreation] [enterEmployeeAddressOnMaps] - Employee entered successfully
[INFO ] 2023-03-08 01:54:30.689 [jobTitle_jobSite.TG_4863_JobSiteCreation] [clickSaveButton] - Clicking Save Button
[INFO ] 2023-03-08 01:54:30.798 [jobTitle_jobSite.TG_4863_JobSiteCreation] [clickSaveButton] - Save Button clicked successfully
[INFO ] 2023-03-08 01:54:30.798 [jobTitle_jobSite.TG_4863_JobSiteCreation] [verifyCreatedSite] - Verify Job Site created Successfully
