[INFO ] 2023-02-01 18:50:56.601 [directOrder.TG_5803_DirectOrderDeny] [VerifyUserRedirectToNewOrderFormViaDirectOrder] - Started==Verifying Confirm Job Order Details
[INFO ] 2023-02-01 18:51:00.074 [directOrder.TG_5803_DirectOrderDeny] [enterUsername] - Entering new user's first name
[INFO ] 2023-02-01 18:51:00.733 [directOrder.TG_5803_DirectOrderDeny] [enterUsername] - User's first name entered successfully
[INFO ] 2023-02-01 18:51:00.733 [directOrder.TG_5803_DirectOrderDeny] [enterPassword] - Entering new user's last name
[INFO ] 2023-02-01 18:51:00.950 [directOrder.TG_5803_DirectOrderDeny] [enterPassword] - User's last name entered successfully
[INFO ] 2023-02-01 18:51:00.951 [directOrder.TG_5803_DirectOrderDeny] [clickLoginButton] - Clicking on Login Button
[INFO ] 2023-02-01 18:51:01.368 [directOrder.TG_5803_DirectOrderDeny] [clickLoginButton] - Close Pop Up clicked successfully
[INFO ] 2023-02-01 18:51:01.369 [directOrder.TG_5803_DirectOrderDeny] [clickStaffingCompanies] - Clicking on Staffing Companies Button
[INFO ] 2023-02-01 18:51:09.026 [directOrder.TG_5803_DirectOrderDeny] [clickStaffingCompanies] - Staffing Companies Button clicked successfully
[INFO ] 2023-02-01 18:51:09.027 [directOrder.TG_5803_DirectOrderDeny] [verifyStaffingCompanyList] - Verify Staffing Company List is displayed
[INFO ] 2023-02-01 18:51:13.572 [directOrder.TG_5803_DirectOrderDeny] [verifyStaffingCompanyList] - Staffing Company List displayed successfully
[INFO ] 2023-02-01 18:51:18.581 [directOrder.TG_5803_DirectOrderDeny] [clickStaffingCompany] - Clicking on Staffing Company
[INFO ] 2023-02-01 18:51:20.066 [directOrder.TG_5803_DirectOrderDeny] [clickStaffingCompany] - Staffing Company clicked successfully
[INFO ] 2023-02-01 18:51:23.073 [directOrder.TG_5803_DirectOrderDeny] [clickPlaceOrderButton] - Clicking on Staffing Company
[INFO ] 2023-02-01 18:51:23.385 [directOrder.TG_5803_DirectOrderDeny] [clickPlaceOrderButton] - Staffing Company clicked successfully
[INFO ] 2023-02-01 18:51:23.456 [directOrder.TG_5803_DirectOrderDeny] [Tag_EndToEndFlowNewOrderHiring] - Started==Starting End To End Flow NewOrderHiring
[INFO ] 2023-02-01 18:51:23.456 [directOrder.TG_5803_DirectOrderDeny] [newDirectOrderHiring] - Entering EstDailyHours
[INFO ] 2023-02-01 18:51:32.050 [directOrder.TG_5803_DirectOrderDeny] [newDirectOrderHiring] - EstDailyHours entered successfully
[INFO ] 2023-02-01 18:51:32.052 [directOrder.TG_5803_DirectOrderDeny] [newDirectOrderHiring] - Entering StartDate
[INFO ] 2023-02-01 18:51:37.746 [directOrder.TG_5803_DirectOrderDeny] [newDirectOrderHiring] - StartDate entered successfully
[INFO ] 2023-02-01 18:51:37.751 [directOrder.TG_5803_DirectOrderDeny] [newDirectOrderHiring] - Entering EndDate
[INFO ] 2023-02-01 18:51:49.118 [directOrder.TG_5803_DirectOrderDeny] [newDirectOrderHiring] - EndDate entered successfully
[INFO ] 2023-02-01 18:51:49.122 [directOrder.TG_5803_DirectOrderDeny] [newDirectOrderHiring] - Entering StartTime
[INFO ] 2023-02-01 18:51:49.902 [directOrder.TG_5803_DirectOrderDeny] [newDirectOrderHiring] - StartTime entered successfully
[INFO ] 2023-02-01 18:51:49.903 [directOrder.TG_5803_DirectOrderDeny] [newDirectOrderHiring] - Entering Availability
[INFO ] 2023-02-01 18:51:50.189 [directOrder.TG_5803_DirectOrderDeny] [newDirectOrderHiring] - Availabilit entered successfully
[INFO ] 2023-02-01 18:51:50.190 [directOrder.TG_5803_DirectOrderDeny] [newDirectOrderHiring] - Entering JobSite
[INFO ] 2023-02-01 18:51:56.653 [directOrder.TG_5803_DirectOrderDeny] [newDirectOrderHiring] - JobSite entered successfully
[INFO ] 2023-02-01 18:51:56.655 [directOrder.TG_5803_DirectOrderDeny] [newDirectOrderHiring] - Entering JobTitle
[INFO ] 2023-02-01 18:52:06.365 [directOrder.TG_5803_DirectOrderDeny] [newDirectOrderHiring] - JobTitle entered successfully
[INFO ] 2023-02-01 18:52:06.366 [directOrder.TG_5803_DirectOrderDeny] [newDirectOrderHiring] - Entering No Of Workers
[INFO ] 2023-02-01 18:52:11.580 [directOrder.TG_5803_DirectOrderDeny] [newDirectOrderHiring] - NoOfWorkers entered successfully
[INFO ] 2023-02-01 18:52:11.582 [directOrder.TG_5803_DirectOrderDeny] [newDirectOrderHiring] - Entering ESignature
[INFO ] 2023-02-01 18:52:14.779 [directOrder.TG_5803_DirectOrderDeny] [newDirectOrderHiring] - ESignature entered successfully
[INFO ] 2023-02-01 18:52:14.780 [directOrder.TG_5803_DirectOrderDeny] [newDirectOrderHiring] - clickAgreeContract
[INFO ] 2023-02-01 18:52:15.000 [directOrder.TG_5803_DirectOrderDeny] [newDirectOrderHiring] - clickAgreeContract successfully
[INFO ] 2023-02-01 18:52:15.000 [directOrder.TG_5803_DirectOrderDeny] [newDirectOrderHiring] - clickSaveButton
[INFO ] 2023-02-01 18:52:15.256 [directOrder.TG_5803_DirectOrderDeny] [newDirectOrderHiring] - SaveButton Clicked successfully
[INFO ] 2023-02-01 18:52:23.825 [directOrder.TG_5803_DirectOrderDeny] [newDirectOrderHiring] - Job order link present on the home page clicked
[INFO ] 2023-02-01 18:52:33.226 [directOrder.TG_5803_DirectOrderDeny] [newDirectOrderHiring] - Verify Job Order Id and Email Successfully
[INFO ] 2023-02-01 18:52:57.537 [directOrder.TG_5803_DirectOrderDeny] [enterUsername] - Entering new user's first name
[INFO ] 2023-02-01 18:52:57.685 [directOrder.TG_5803_DirectOrderDeny] [enterUsername] - User's first name entered successfully
[INFO ] 2023-02-01 18:52:57.686 [directOrder.TG_5803_DirectOrderDeny] [enterPassword] - Entering new user's last name
[INFO ] 2023-02-01 18:52:57.804 [directOrder.TG_5803_DirectOrderDeny] [enterPassword] - User's last name entered successfully
[INFO ] 2023-02-01 18:52:57.804 [directOrder.TG_5803_DirectOrderDeny] [clickLoginButton] - Clicking on Login Button
[INFO ] 2023-02-01 18:52:57.920 [directOrder.TG_5803_DirectOrderDeny] [clickLoginButton] - Close Pop Up clicked successfully
[INFO ] 2023-02-01 18:53:00.928 [directOrder.TG_5803_DirectOrderDeny] [clickNotificationIcon] - Clicking on Notifications
[INFO ] 2023-02-01 18:53:05.833 [directOrder.TG_5803_DirectOrderDeny] [clickNotificationIcon] - Notifications clicked successfully
[INFO ] 2023-02-01 18:53:07.843 [directOrder.TG_5803_DirectOrderDeny] [verifyNotificationText] - Verify Direct Order Text in Notification
[INFO ] 2023-02-01 18:53:08.006 [directOrder.TG_5803_DirectOrderDeny] [verifyNotificationText] - Direct Order Text in Notification displayed successfully
[INFO ] 2023-02-01 18:53:08.027 [directOrder.TG_5803_DirectOrderDeny] [clickJobOrderHomePage] - Clicking Job orders menu present on the staffing homepage navigates to joborder listing form 
[INFO ] 2023-02-01 18:53:11.757 [directOrder.TG_5803_DirectOrderDeny] [clickJobOrderHomePage] - All job orders menu present on the staffing hompage clicked successfully and navigates to joborder listing form  .
[INFO ] 2023-02-01 18:53:13.769 [directOrder.TG_5803_DirectOrderDeny] [verifyJobOrderPage] - Job order form is displayed
[INFO ] 2023-02-01 18:53:13.908 [directOrder.TG_5803_DirectOrderDeny] [verifyJobOrderPage] - Job orderform is displayed successfully
[INFO ] 2023-02-01 18:53:23.950 [directOrder.TG_5803_DirectOrderDeny] [selectParticularJobOrderFromListing] - Selecting Particular Joborder on the listing
[INFO ] 2023-02-01 18:53:34.521 [directOrder.TG_5803_DirectOrderDeny] [selectParticularJobOrderFromListing] - Particular Joborder on the listing selected successfully
[INFO ] 2023-02-01 18:53:39.529 [directOrder.TG_5803_DirectOrderDeny] [clickOrdersMenuOnStaffingHomePage] - Clicking Order menu present on the staffing homepage
[INFO ] 2023-02-01 18:53:39.767 [directOrder.TG_5803_DirectOrderDeny] [clickOrdersMenuOnStaffingHomePage] - Order menu present on the staffing hompage clicked successfully.
[INFO ] 2023-02-01 18:53:41.776 [directOrder.TG_5803_DirectOrderDeny] [clickDirectOrderNav] - Clicking on Direct Orders
[INFO ] 2023-02-01 18:53:42.892 [directOrder.TG_5803_DirectOrderDeny] [clickDirectOrderNav] - Direct orders clicked successfully
[INFO ] 2023-02-01 18:53:44.900 [directOrder.TG_5803_DirectOrderDeny] [selectParticularJobOrderFromListing] - Selecting Particular Joborder on the listing
[INFO ] 2023-02-01 18:53:55.104 [directOrder.TG_5803_DirectOrderDeny] [selectParticularJobOrderFromListing] - Particular Joborder on the listing selected successfully
[INFO ] 2023-02-01 18:54:00.112 [directOrder.TG_5803_DirectOrderDeny] [clickDenyButton] - Clicking on Deny Button
[INFO ] 2023-02-01 18:54:35.739 [directOrder.TG_5803_DirectOrderDeny] [clickDenyButton] - Deny Button clicked successfully
