[INFO ] 2023-02-01 19:05:34.728 [directOrder.TG_5803_DirectOrderDeny] [VerifyUserRedirectToNewOrderFormViaDirectOrder] - Started==Verifying Confirm Job Order Details
[INFO ] 2023-02-01 19:05:39.953 [directOrder.TG_5803_DirectOrderDeny] [enterUsername] - Entering new user's first name
[INFO ] 2023-02-01 19:05:40.772 [directOrder.TG_5803_DirectOrderDeny] [enterUsername] - User's first name entered successfully
[INFO ] 2023-02-01 19:05:40.772 [directOrder.TG_5803_DirectOrderDeny] [enterPassword] - Entering new user's last name
[INFO ] 2023-02-01 19:05:41.014 [directOrder.TG_5803_DirectOrderDeny] [enterPassword] - User's last name entered successfully
[INFO ] 2023-02-01 19:05:41.016 [directOrder.TG_5803_DirectOrderDeny] [clickLoginButton] - Clicking on Login Button
[INFO ] 2023-02-01 19:05:41.477 [directOrder.TG_5803_DirectOrderDeny] [clickLoginButton] - Close Pop Up clicked successfully
[INFO ] 2023-02-01 19:05:41.477 [directOrder.TG_5803_DirectOrderDeny] [clickStaffingCompanies] - Clicking on Staffing Companies Button
[INFO ] 2023-02-01 19:05:53.387 [directOrder.TG_5803_DirectOrderDeny] [clickStaffingCompanies] - Staffing Companies Button clicked successfully
[INFO ] 2023-02-01 19:05:53.388 [directOrder.TG_5803_DirectOrderDeny] [verifyStaffingCompanyList] - Verify Staffing Company List is displayed
[INFO ] 2023-02-01 19:05:54.055 [directOrder.TG_5803_DirectOrderDeny] [verifyStaffingCompanyList] - Staffing Company List displayed successfully
[INFO ] 2023-02-01 19:05:59.063 [directOrder.TG_5803_DirectOrderDeny] [clickStaffingCompany] - Clicking on Staffing Company
[INFO ] 2023-02-01 19:06:00.532 [directOrder.TG_5803_DirectOrderDeny] [clickStaffingCompany] - Staffing Company clicked successfully
[INFO ] 2023-02-01 19:06:03.538 [directOrder.TG_5803_DirectOrderDeny] [clickPlaceOrderButton] - Clicking on Staffing Company
[INFO ] 2023-02-01 19:06:03.791 [directOrder.TG_5803_DirectOrderDeny] [clickPlaceOrderButton] - Staffing Company clicked successfully
[INFO ] 2023-02-01 19:06:03.867 [directOrder.TG_5803_DirectOrderDeny] [Tag_EndToEndFlowNewOrderHiring] - Started==Starting End To End Flow NewOrderHiring
[INFO ] 2023-02-01 19:06:03.867 [directOrder.TG_5803_DirectOrderDeny] [newDirectOrderHiring] - Entering EstDailyHours
[INFO ] 2023-02-01 19:06:12.640 [directOrder.TG_5803_DirectOrderDeny] [newDirectOrderHiring] - EstDailyHours entered successfully
[INFO ] 2023-02-01 19:06:12.642 [directOrder.TG_5803_DirectOrderDeny] [newDirectOrderHiring] - Entering StartDate
[INFO ] 2023-02-01 19:06:18.184 [directOrder.TG_5803_DirectOrderDeny] [newDirectOrderHiring] - StartDate entered successfully
[INFO ] 2023-02-01 19:06:18.186 [directOrder.TG_5803_DirectOrderDeny] [newDirectOrderHiring] - Entering EndDate
[INFO ] 2023-02-01 19:06:29.511 [directOrder.TG_5803_DirectOrderDeny] [newDirectOrderHiring] - EndDate entered successfully
[INFO ] 2023-02-01 19:06:29.516 [directOrder.TG_5803_DirectOrderDeny] [newDirectOrderHiring] - Entering StartTime
[INFO ] 2023-02-01 19:06:30.273 [directOrder.TG_5803_DirectOrderDeny] [newDirectOrderHiring] - StartTime entered successfully
[INFO ] 2023-02-01 19:06:30.274 [directOrder.TG_5803_DirectOrderDeny] [newDirectOrderHiring] - Entering Availability
[INFO ] 2023-02-01 19:06:30.519 [directOrder.TG_5803_DirectOrderDeny] [newDirectOrderHiring] - Availabilit entered successfully
[INFO ] 2023-02-01 19:06:30.520 [directOrder.TG_5803_DirectOrderDeny] [newDirectOrderHiring] - Entering JobSite
[INFO ] 2023-02-01 19:06:36.933 [directOrder.TG_5803_DirectOrderDeny] [newDirectOrderHiring] - JobSite entered successfully
[INFO ] 2023-02-01 19:06:36.935 [directOrder.TG_5803_DirectOrderDeny] [newDirectOrderHiring] - Entering JobTitle
[INFO ] 2023-02-01 19:06:46.382 [directOrder.TG_5803_DirectOrderDeny] [newDirectOrderHiring] - JobTitle entered successfully
[INFO ] 2023-02-01 19:06:46.389 [directOrder.TG_5803_DirectOrderDeny] [newDirectOrderHiring] - Entering No Of Workers
[INFO ] 2023-02-01 19:06:52.231 [directOrder.TG_5803_DirectOrderDeny] [newDirectOrderHiring] - NoOfWorkers entered successfully
[INFO ] 2023-02-01 19:06:52.232 [directOrder.TG_5803_DirectOrderDeny] [newDirectOrderHiring] - Entering ESignature
[INFO ] 2023-02-01 19:06:55.525 [directOrder.TG_5803_DirectOrderDeny] [newDirectOrderHiring] - ESignature entered successfully
[INFO ] 2023-02-01 19:06:55.532 [directOrder.TG_5803_DirectOrderDeny] [newDirectOrderHiring] - clickAgreeContract
[INFO ] 2023-02-01 19:06:55.792 [directOrder.TG_5803_DirectOrderDeny] [newDirectOrderHiring] - clickAgreeContract successfully
[INFO ] 2023-02-01 19:06:55.792 [directOrder.TG_5803_DirectOrderDeny] [newDirectOrderHiring] - clickSaveButton
[INFO ] 2023-02-01 19:06:56.127 [directOrder.TG_5803_DirectOrderDeny] [newDirectOrderHiring] - SaveButton Clicked successfully
[INFO ] 2023-02-01 19:07:05.040 [directOrder.TG_5803_DirectOrderDeny] [newDirectOrderHiring] - Job order link present on the home page clicked
[INFO ] 2023-02-01 19:07:18.462 [directOrder.TG_5803_DirectOrderDeny] [newDirectOrderHiring] - Verify Job Order Id and Email Successfully
[INFO ] 2023-02-01 19:07:33.189 [directOrder.TG_5803_DirectOrderDeny] [enterUsername] - Entering new user's first name
[INFO ] 2023-02-01 19:07:33.352 [directOrder.TG_5803_DirectOrderDeny] [enterUsername] - User's first name entered successfully
[INFO ] 2023-02-01 19:07:33.352 [directOrder.TG_5803_DirectOrderDeny] [enterPassword] - Entering new user's last name
[INFO ] 2023-02-01 19:07:33.547 [directOrder.TG_5803_DirectOrderDeny] [enterPassword] - User's last name entered successfully
[INFO ] 2023-02-01 19:07:33.548 [directOrder.TG_5803_DirectOrderDeny] [clickLoginButton] - Clicking on Login Button
[INFO ] 2023-02-01 19:07:33.792 [directOrder.TG_5803_DirectOrderDeny] [clickLoginButton] - Close Pop Up clicked successfully
[INFO ] 2023-02-01 19:07:36.802 [directOrder.TG_5803_DirectOrderDeny] [clickNotificationIcon] - Clicking on Notifications
[INFO ] 2023-02-01 19:07:38.465 [directOrder.TG_5803_DirectOrderDeny] [clickNotificationIcon] - Notifications clicked successfully
[INFO ] 2023-02-01 19:07:40.466 [directOrder.TG_5803_DirectOrderDeny] [verifyNotificationText] - Verify Direct Order Text in Notification
[INFO ] 2023-02-01 19:07:40.746 [directOrder.TG_5803_DirectOrderDeny] [verifyNotificationText] - Direct Order Text in Notification displayed successfully
[INFO ] 2023-02-01 19:07:40.759 [directOrder.TG_5803_DirectOrderDeny] [clickJobOrderHomePage] - Clicking Job orders menu present on the staffing homepage navigates to joborder listing form 
[INFO ] 2023-02-01 19:07:44.302 [directOrder.TG_5803_DirectOrderDeny] [clickJobOrderHomePage] - All job orders menu present on the staffing hompage clicked successfully and navigates to joborder listing form  .
[INFO ] 2023-02-01 19:07:46.336 [directOrder.TG_5803_DirectOrderDeny] [verifyJobOrderPage] - Job order form is displayed
[INFO ] 2023-02-01 19:07:46.526 [directOrder.TG_5803_DirectOrderDeny] [verifyJobOrderPage] - Job orderform is displayed successfully
[INFO ] 2023-02-01 19:07:56.535 [directOrder.TG_5803_DirectOrderDeny] [selectParticularJobOrderFromListing] - Selecting Particular Joborder on the listing
[INFO ] 2023-02-01 19:08:06.725 [directOrder.TG_5803_DirectOrderDeny] [selectParticularJobOrderFromListing] - Particular Joborder on the listing selected successfully
[INFO ] 2023-02-01 19:08:11.734 [directOrder.TG_5803_DirectOrderDeny] [clickOrdersMenuOnStaffingHomePage] - Clicking Order menu present on the staffing homepage
[INFO ] 2023-02-01 19:08:11.919 [directOrder.TG_5803_DirectOrderDeny] [clickOrdersMenuOnStaffingHomePage] - Order menu present on the staffing hompage clicked successfully.
[INFO ] 2023-02-01 19:08:13.925 [directOrder.TG_5803_DirectOrderDeny] [clickDirectOrderNav] - Clicking on Direct Orders
[INFO ] 2023-02-01 19:08:14.876 [directOrder.TG_5803_DirectOrderDeny] [clickDirectOrderNav] - Direct orders clicked successfully
[INFO ] 2023-02-01 19:08:16.883 [directOrder.TG_5803_DirectOrderDeny] [selectParticularJobOrderFromListing] - Selecting Particular Joborder on the listing
[INFO ] 2023-02-01 19:08:27.033 [directOrder.TG_5803_DirectOrderDeny] [selectParticularJobOrderFromListing] - Particular Joborder on the listing selected successfully
[INFO ] 2023-02-01 19:08:32.037 [directOrder.TG_5803_DirectOrderDeny] [clickDenyButton] - Clicking on Deny Button
[INFO ] 2023-02-01 19:09:32.203 [directOrder.TG_5803_DirectOrderDeny] [clickDenyButton] - Deny Button clicked successfully
[INFO ] 2023-02-01 19:10:13.502 [directOrder.TG_5803_DirectOrderDeny] [enterUsername] - Entering new user's first name
[INFO ] 2023-02-01 19:10:13.633 [directOrder.TG_5803_DirectOrderDeny] [enterUsername] - User's first name entered successfully
[INFO ] 2023-02-01 19:10:13.633 [directOrder.TG_5803_DirectOrderDeny] [enterPassword] - Entering new user's last name
[INFO ] 2023-02-01 19:10:13.727 [directOrder.TG_5803_DirectOrderDeny] [enterPassword] - User's last name entered successfully
[INFO ] 2023-02-01 19:10:13.727 [directOrder.TG_5803_DirectOrderDeny] [clickLoginButton] - Clicking on Login Button
[INFO ] 2023-02-01 19:10:13.822 [directOrder.TG_5803_DirectOrderDeny] [clickLoginButton] - Close Pop Up clicked successfully
[INFO ] 2023-02-01 19:10:16.830 [directOrder.TG_5803_DirectOrderDeny] [clickJobOrderHomePage] - Clicking Job orders menu present on the staffing homepage navigates to joborder listing form 
[INFO ] 2023-02-01 19:10:22.029 [directOrder.TG_5803_DirectOrderDeny] [clickJobOrderHomePage] - All job orders menu present on the staffing hompage clicked successfully and navigates to joborder listing form  .
[INFO ] 2023-02-01 19:10:24.037 [directOrder.TG_5803_DirectOrderDeny] [verifyJobOrderPage] - Job order form is displayed
[INFO ] 2023-02-01 19:10:24.162 [directOrder.TG_5803_DirectOrderDeny] [verifyJobOrderPage] - Job orderform is displayed successfully
[INFO ] 2023-02-01 19:10:34.172 [directOrder.TG_5803_DirectOrderDeny] [selectParticularJobOrderFromListing] - Selecting Particular Joborder on the listing
