[INFO ] 2023-02-03 00:02:19.934 [CRM.TG_5558_Staffing_Company_Creation_Via_TAG] [TG_5461_VerifyUserIsAbleToRouteToLeadFormSuccessfully] - Logging in
[INFO ] 2023-02-03 00:02:25.548 [CRM.TG_5558_Staffing_Company_Creation_Via_TAG] [TG_5461_VerifyUserIsAbleToRouteToLeadFormSuccessfully] - Entering Username
[INFO ] 2023-02-03 00:02:25.558 [CRM.TG_5558_Staffing_Company_Creation_Via_TAG] [enterUsername] - Entering new user's first name
[INFO ] 2023-02-03 00:02:27.811 [CRM.TG_5558_Staffing_Company_Creation_Via_TAG] [enterUsername] - User's first name entered successfully
[INFO ] 2023-02-03 00:02:27.813 [CRM.TG_5558_Staffing_Company_Creation_Via_TAG] [TG_5461_VerifyUserIsAbleToRouteToLeadFormSuccessfully] - Username Entered Successfully
[INFO ] 2023-02-03 00:02:27.819 [CRM.TG_5558_Staffing_Company_Creation_Via_TAG] [TG_5461_VerifyUserIsAbleToRouteToLeadFormSuccessfully] - Entering Password
[INFO ] 2023-02-03 00:02:27.819 [CRM.TG_5558_Staffing_Company_Creation_Via_TAG] [enterPassword] - Entering new user's last name
[INFO ] 2023-02-03 00:02:28.155 [CRM.TG_5558_Staffing_Company_Creation_Via_TAG] [enterPassword] - User's last name entered successfully
[INFO ] 2023-02-03 00:02:28.260 [CRM.TG_5558_Staffing_Company_Creation_Via_TAG] [TG_5461_VerifyUserIsAbleToRouteToLeadFormSuccessfully] - Password Entered Successfully
[INFO ] 2023-02-03 00:02:28.260 [CRM.TG_5558_Staffing_Company_Creation_Via_TAG] [TG_5461_VerifyUserIsAbleToRouteToLeadFormSuccessfully] - Clicking on Login Button
[INFO ] 2023-02-03 00:02:28.260 [CRM.TG_5558_Staffing_Company_Creation_Via_TAG] [clickLoginButton] - Clicking on Login Button
[INFO ] 2023-02-03 00:02:29.064 [CRM.TG_5558_Staffing_Company_Creation_Via_TAG] [clickLoginButton] - Close Pop Up clicked successfully
[INFO ] 2023-02-03 00:02:29.101 [CRM.TG_5558_Staffing_Company_Creation_Via_TAG] [TG_5461_VerifyUserIsAbleToRouteToLeadFormSuccessfully] - Verifying CRM Icon
[INFO ] 2023-02-03 00:02:29.102 [CRM.TG_5558_Staffing_Company_Creation_Via_TAG] [verifyCRMTextOnStaffingHomepage] - Check for CRM Icon on Homepage
[INFO ] 2023-02-03 00:02:42.343 [CRM.TG_5558_Staffing_Company_Creation_Via_TAG] [verifyCRMTextOnStaffingHomepage] - CRM Icon displayed successfully
[INFO ] 2023-02-03 00:02:42.357 [CRM.TG_5558_Staffing_Company_Creation_Via_TAG] [TG_5461_VerifyUserIsAbleToRouteToLeadFormSuccessfully] - CRM Icon Verified successfully
[INFO ] 2023-02-03 00:02:42.357 [CRM.TG_5558_Staffing_Company_Creation_Via_TAG] [TG_5461_VerifyUserIsAbleToRouteToLeadFormSuccessfully] - Clicking on CRM Icon
[INFO ] 2023-02-03 00:02:42.357 [CRM.TG_5558_Staffing_Company_Creation_Via_TAG] [clickCRMIcoOnHomepage] - Clicking on CRM Button
[INFO ] 2023-02-03 00:02:46.458 [CRM.TG_5558_Staffing_Company_Creation_Via_TAG] [clickCRMIcoOnHomepage] - CRM Button clicked successfully
[INFO ] 2023-02-03 00:02:46.461 [CRM.TG_5558_Staffing_Company_Creation_Via_TAG] [TG_5461_VerifyUserIsAbleToRouteToLeadFormSuccessfully] - CRM Icon Clicked Successfully
[INFO ] 2023-02-03 00:02:48.467 [CRM.TG_5558_Staffing_Company_Creation_Via_TAG] [TG_5461_VerifyUserIsAbleToRouteToLeadFormSuccessfully] - Clicking on Lead Icon
[INFO ] 2023-02-03 00:02:48.470 [CRM.TG_5558_Staffing_Company_Creation_Via_TAG] [clickLeadIcon] - Clicking on Lead Button
[INFO ] 2023-02-03 00:02:51.063 [CRM.TG_5558_Staffing_Company_Creation_Via_TAG] [clickLeadIcon] - Lead Button clicked successfully
[INFO ] 2023-02-03 00:02:51.064 [CRM.TG_5558_Staffing_Company_Creation_Via_TAG] [TG_5461_VerifyUserIsAbleToRouteToLeadFormSuccessfully] - Lead Icon Clicked Successfully
[INFO ] 2023-02-03 00:02:53.069 [CRM.TG_5558_Staffing_Company_Creation_Via_TAG] [TG_5461_VerifyUserIsAbleToRouteToLeadFormSuccessfully] - Verify Listing Form
[INFO ] 2023-02-03 00:02:53.071 [CRM.TG_5558_Staffing_Company_Creation_Via_TAG] [verifyLeadListingForm] - Check for Lead Title
[INFO ] 2023-02-03 00:02:53.170 [CRM.TG_5558_Staffing_Company_Creation_Via_TAG] [verifyLeadListingForm] - Lead Title displayed successfully
[INFO ] 2023-02-03 00:02:53.171 [CRM.TG_5558_Staffing_Company_Creation_Via_TAG] [TG_5461_VerifyUserIsAbleToRouteToLeadFormSuccessfully] - Listing Form verified successfully
[INFO ] 2023-02-03 00:02:55.176 [CRM.TG_5558_Staffing_Company_Creation_Via_TAG] [TG_5461_VerifyUserIsAbleToRouteToLeadFormSuccessfully] - Clicking on Add Lead Button
[INFO ] 2023-02-03 00:02:55.177 [CRM.TG_5558_Staffing_Company_Creation_Via_TAG] [clickAddLeadButton] - Clicking on Lead Button
[INFO ] 2023-02-03 00:02:56.408 [CRM.TG_5558_Staffing_Company_Creation_Via_TAG] [clickAddLeadButton] - Add Lead Button clicked successfully
[INFO ] 2023-02-03 00:02:56.409 [CRM.TG_5558_Staffing_Company_Creation_Via_TAG] [TG_5461_VerifyUserIsAbleToRouteToLeadFormSuccessfully] - Add Lead Button Clicked Successfully
[INFO ] 2023-02-03 00:02:58.411 [CRM.TG_5558_Staffing_Company_Creation_Via_TAG] [TG_5461_VerifyUserIsAbleToRouteToLeadFormSuccessfully] - Verifying the Lead Form Title
[INFO ] 2023-02-03 00:02:58.413 [CRM.TG_5558_Staffing_Company_Creation_Via_TAG] [verifyLeadForm] - Check for New Lead Form
[INFO ] 2023-02-03 00:02:58.486 [CRM.TG_5558_Staffing_Company_Creation_Via_TAG] [verifyLeadForm] - New Lead Form displayed successfully
[INFO ] 2023-02-03 00:02:58.486 [CRM.TG_5558_Staffing_Company_Creation_Via_TAG] [TG_5461_VerifyUserIsAbleToRouteToLeadFormSuccessfully] - Lead Form Title is Verified Successfully
[INFO ] 2023-02-03 00:02:58.558 [CRM.TG_5558_Staffing_Company_Creation_Via_TAG] [TG_5466_VerifyLeadCreatedSuccessfully] - Verifying Mandatory Fields
[INFO ] 2023-02-03 00:02:58.558 [CRM.TG_5558_Staffing_Company_Creation_Via_TAG] [clickSaveButton] - Clicking on Save Button
[INFO ] 2023-02-03 00:02:59.023 [CRM.TG_5558_Staffing_Company_Creation_Via_TAG] [clickSaveButton] - Save Button clicked successfully
[INFO ] 2023-02-03 00:03:01.028 [CRM.TG_5558_Staffing_Company_Creation_Via_TAG] [verifyMandatoryFieldIsBlank] - Verifying the Mandatory Field Pop-Up Title
[INFO ] 2023-02-03 00:03:01.099 [CRM.TG_5558_Staffing_Company_Creation_Via_TAG] [verifyMandatoryFieldIsBlank] - Mandatory Field Pop-Up Title displayed Successfully
[INFO ] 2023-02-03 00:03:03.104 [CRM.TG_5558_Staffing_Company_Creation_Via_TAG] [TG_5466_VerifyLeadCreatedSuccessfully] - Closing the Pop-up
[INFO ] 2023-02-03 00:03:03.107 [CRM.TG_5558_Staffing_Company_Creation_Via_TAG] [closeBlankMandatoryFieldDialogBox] - Clicking on Close Pop-Up Icon
[INFO ] 2023-02-03 00:03:03.303 [CRM.TG_5558_Staffing_Company_Creation_Via_TAG] [closeBlankMandatoryFieldDialogBox] - Close Pop-Up Icon Clicked Successfully
[INFO ] 2023-02-03 00:03:03.304 [CRM.TG_5558_Staffing_Company_Creation_Via_TAG] [TG_5466_VerifyLeadCreatedSuccessfully] - Pop-up closed Successfully
[INFO ] 2023-02-03 00:03:05.311 [CRM.TG_5558_Staffing_Company_Creation_Via_TAG] [TG_5466_VerifyLeadCreatedSuccessfully] - Entering First Name
[INFO ] 2023-02-03 00:03:05.318 [CRM.TG_5558_Staffing_Company_Creation_Via_TAG] [enterFirstName] - Entering First Name
[INFO ] 2023-02-03 00:03:05.684 [CRM.TG_5558_Staffing_Company_Creation_Via_TAG] [enterFirstName] - First Name Entered Successfully
[INFO ] 2023-02-03 00:03:05.684 [CRM.TG_5558_Staffing_Company_Creation_Via_TAG] [TG_5466_VerifyLeadCreatedSuccessfully] - First Name Entered Successfully
[INFO ] 2023-02-03 00:03:05.684 [CRM.TG_5558_Staffing_Company_Creation_Via_TAG] [TG_5466_VerifyLeadCreatedSuccessfully] - Entering Last Name
[INFO ] 2023-02-03 00:03:05.685 [CRM.TG_5558_Staffing_Company_Creation_Via_TAG] [enterLastName] - Entering Last Name
[INFO ] 2023-02-03 00:03:05.829 [CRM.TG_5558_Staffing_Company_Creation_Via_TAG] [enterLastName] - Last Name Entered Successfully
[INFO ] 2023-02-03 00:03:05.830 [CRM.TG_5558_Staffing_Company_Creation_Via_TAG] [TG_5466_VerifyLeadCreatedSuccessfully] - Last Name Entered Successfully
[INFO ] 2023-02-03 00:03:05.830 [CRM.TG_5558_Staffing_Company_Creation_Via_TAG] [TG_5466_VerifyLeadCreatedSuccessfully] - Entering Company Type
[INFO ] 2023-02-03 00:03:05.830 [CRM.TG_5558_Staffing_Company_Creation_Via_TAG] [enterCompanyType] - Entering Lead
[INFO ] 2023-02-03 00:03:05.955 [CRM.TG_5558_Staffing_Company_Creation_Via_TAG] [enterCompanyType] - Lead Entered Successfully
[INFO ] 2023-02-03 00:03:05.955 [CRM.TG_5558_Staffing_Company_Creation_Via_TAG] [TG_5466_VerifyLeadCreatedSuccessfully] - Company Type Entered Successfully
[INFO ] 2023-02-03 00:03:05.955 [CRM.TG_5558_Staffing_Company_Creation_Via_TAG] [TG_5466_VerifyLeadCreatedSuccessfully] - Entering Company Name
[INFO ] 2023-02-03 00:03:05.955 [CRM.TG_5558_Staffing_Company_Creation_Via_TAG] [enterCompanyName] - Entering Company Name
[INFO ] 2023-02-03 00:03:06.204 [CRM.TG_5558_Staffing_Company_Creation_Via_TAG] [enterCompanyName] - Company Name Entered Successfully
[INFO ] 2023-02-03 00:03:06.206 [CRM.TG_5558_Staffing_Company_Creation_Via_TAG] [TG_5466_VerifyLeadCreatedSuccessfully] - Company Name Entered Successfully
[INFO ] 2023-02-03 00:03:06.206 [CRM.TG_5558_Staffing_Company_Creation_Via_TAG] [TG_5466_VerifyLeadCreatedSuccessfully] - Entering Email
[INFO ] 2023-02-03 00:03:06.206 [CRM.TG_5558_Staffing_Company_Creation_Via_TAG] [enterEmail] - Entering Email
[INFO ] 2023-02-03 00:03:06.696 [CRM.TG_5558_Staffing_Company_Creation_Via_TAG] [enterEmail] - Email Entered Successfully
[INFO ] 2023-02-03 00:03:06.697 [CRM.TG_5558_Staffing_Company_Creation_Via_TAG] [TG_5466_VerifyLeadCreatedSuccessfully] - Email Entered Successfully
[INFO ] 2023-02-03 00:03:08.702 [CRM.TG_5558_Staffing_Company_Creation_Via_TAG] [TG_5466_VerifyLeadCreatedSuccessfully] - Entering Phone Number
[INFO ] 2023-02-03 00:03:08.704 [CRM.TG_5558_Staffing_Company_Creation_Via_TAG] [enterPhoneNumber] - Entering Phone Number
[INFO ] 2023-02-03 00:03:09.072 [CRM.TG_5558_Staffing_Company_Creation_Via_TAG] [enterPhoneNumber] - Phone Number Entered Successfully
[INFO ] 2023-02-03 00:03:09.072 [CRM.TG_5558_Staffing_Company_Creation_Via_TAG] [TG_5466_VerifyLeadCreatedSuccessfully] - Phone Number Entered Successfully
[INFO ] 2023-02-03 00:03:09.072 [CRM.TG_5558_Staffing_Company_Creation_Via_TAG] [TG_5466_VerifyLeadCreatedSuccessfully] - Selecting the Search on Maps Checkbox
[INFO ] 2023-02-03 00:03:09.072 [CRM.TG_5558_Staffing_Company_Creation_Via_TAG] [selectSearchOnMapsCheckbox] - Selecting search on Maps checkbox
[INFO ] 2023-02-03 00:03:11.484 [CRM.TG_5558_Staffing_Company_Creation_Via_TAG] [selectSearchOnMapsCheckbox] - Search on maps checkbox selected
[INFO ] 2023-02-03 00:03:11.485 [CRM.TG_5558_Staffing_Company_Creation_Via_TAG] [TG_5466_VerifyLeadCreatedSuccessfully] - Search on Maps Checkbox selected Successfully
[INFO ] 2023-02-03 00:03:13.493 [CRM.TG_5558_Staffing_Company_Creation_Via_TAG] [TG_5466_VerifyLeadCreatedSuccessfully] - Entering Employee Address
[INFO ] 2023-02-03 00:03:13.497 [CRM.TG_5558_Staffing_Company_Creation_Via_TAG] [enterEmployeeAddressOnMaps] - Etering employee address on maps
[INFO ] 2023-02-03 00:03:14.967 [CRM.TG_5558_Staffing_Company_Creation_Via_TAG] [enterEmployeeAddressOnMaps] - Employee entered successfully
[INFO ] 2023-02-03 00:03:14.968 [CRM.TG_5558_Staffing_Company_Creation_Via_TAG] [TG_5466_VerifyLeadCreatedSuccessfully] - Employee Address Entered Successfull
[INFO ] 2023-02-03 00:03:16.974 [CRM.TG_5558_Staffing_Company_Creation_Via_TAG] [TG_5466_VerifyLeadCreatedSuccessfully] - Clicking on Save Button
[INFO ] 2023-02-03 00:03:16.976 [CRM.TG_5558_Staffing_Company_Creation_Via_TAG] [clickSaveButton] - Clicking on Save Button
[INFO ] 2023-02-03 00:03:17.121 [CRM.TG_5558_Staffing_Company_Creation_Via_TAG] [clickSaveButton] - Save Button clicked successfully
[INFO ] 2023-02-03 00:03:17.121 [CRM.TG_5558_Staffing_Company_Creation_Via_TAG] [TG_5466_VerifyLeadCreatedSuccessfully] - Save Button Clicked Successfully
[INFO ] 2023-02-03 00:03:20.128 [CRM.TG_5558_Staffing_Company_Creation_Via_TAG] [TG_5466_VerifyLeadCreatedSuccessfully] - Verify the LEAD Status
[INFO ] 2023-02-03 00:03:20.130 [CRM.TG_5558_Staffing_Company_Creation_Via_TAG] [verifyLeadStatus] - Check for Status as Lead
[INFO ] 2023-02-03 00:03:20.190 [CRM.TG_5558_Staffing_Company_Creation_Via_TAG] [verifyLeadStatus] - Status verified as Lead successfully
[INFO ] 2023-02-03 00:03:20.190 [CRM.TG_5558_Staffing_Company_Creation_Via_TAG] [TG_5466_VerifyLeadCreatedSuccessfully] - LEAD Status verified Successfully
[INFO ] 2023-02-03 00:03:22.196 [CRM.TG_5558_Staffing_Company_Creation_Via_TAG] [TG_5466_VerifyLeadCreatedSuccessfully] - Clicking Lead Link for Listing form
[INFO ] 2023-02-03 00:03:22.199 [CRM.TG_5558_Staffing_Company_Creation_Via_TAG] [clickLeadLinkforListingForm] - Click on Lead for Listing form
[INFO ] 2023-02-03 00:03:22.521 [CRM.TG_5558_Staffing_Company_Creation_Via_TAG] [clickLeadLinkforListingForm] - Lead for Listing form clicked Successfully
[INFO ] 2023-02-03 00:03:22.522 [CRM.TG_5558_Staffing_Company_Creation_Via_TAG] [TG_5466_VerifyLeadCreatedSuccessfully] - Lead Link for Listing form clicked Successfully
[INFO ] 2023-02-03 00:03:22.522 [CRM.TG_5558_Staffing_Company_Creation_Via_TAG] [TG_5466_VerifyLeadCreatedSuccessfully] - Verify Lead created Successfully or not
[INFO ] 2023-02-03 00:03:22.522 [CRM.TG_5558_Staffing_Company_Creation_Via_TAG] [verifyCreatedLead] - Check for Created Lead
[INFO ] 2023-02-03 00:03:22.780 [CRM.TG_5558_Staffing_Company_Creation_Via_TAG] [verifyCreatedLead] - Created Lead displayed successfully
[INFO ] 2023-02-03 00:03:22.781 [CRM.TG_5558_Staffing_Company_Creation_Via_TAG] [TG_5466_VerifyLeadCreatedSuccessfully] - Lead Created Successfully 
[INFO ] 2023-02-03 00:03:24.787 [CRM.TG_5558_Staffing_Company_Creation_Via_TAG] [TG_5466_VerifyLeadCreatedSuccessfully] - Clicking Created Lead from Listing form
[INFO ] 2023-02-03 00:03:24.789 [CRM.TG_5558_Staffing_Company_Creation_Via_TAG] [clickCreatedLead] - Clicking on Created Lead
[INFO ] 2023-02-03 00:03:25.226 [CRM.TG_5558_Staffing_Company_Creation_Via_TAG] [clickCreatedLead] - Created Lead clicked successfully
[INFO ] 2023-02-03 00:03:25.227 [CRM.TG_5558_Staffing_Company_Creation_Via_TAG] [TG_5466_VerifyLeadCreatedSuccessfully] - Created Lead Clicked Successfully
[INFO ] 2023-02-03 00:03:27.233 [CRM.TG_5558_Staffing_Company_Creation_Via_TAG] [TG_5466_VerifyLeadCreatedSuccessfully] - Selecting the Open Lead Status
[INFO ] 2023-02-03 00:03:27.236 [CRM.TG_5558_Staffing_Company_Creation_Via_TAG] [clickLeadStatusOpen] - Clicking on Status dropdown
[INFO ] 2023-02-03 00:03:27.438 [CRM.TG_5558_Staffing_Company_Creation_Via_TAG] [clickLeadStatusOpen] - Open Status entered successfully
[INFO ] 2023-02-03 00:03:27.439 [CRM.TG_5558_Staffing_Company_Creation_Via_TAG] [TG_5466_VerifyLeadCreatedSuccessfully] - Open Lead Status Selected Successfully
[INFO ] 2023-02-03 00:03:29.445 [CRM.TG_5558_Staffing_Company_Creation_Via_TAG] [TG_5466_VerifyLeadCreatedSuccessfully] - Clicking Notes Tab
[INFO ] 2023-02-03 00:03:29.447 [CRM.TG_5558_Staffing_Company_Creation_Via_TAG] [clickNotesTab] - Clicking on Notes Tab
[INFO ] 2023-02-03 00:03:29.641 [CRM.TG_5558_Staffing_Company_Creation_Via_TAG] [clickNotesTab] - Notes Tab clicked successfully
[INFO ] 2023-02-03 00:03:29.641 [CRM.TG_5558_Staffing_Company_Creation_Via_TAG] [TG_5466_VerifyLeadCreatedSuccessfully] - Notes Tab Clicked Successfully
[INFO ] 2023-02-03 00:03:31.648 [CRM.TG_5558_Staffing_Company_Creation_Via_TAG] [TG_5466_VerifyLeadCreatedSuccessfully] - Entering Notes
[INFO ] 2023-02-03 00:03:31.656 [CRM.TG_5558_Staffing_Company_Creation_Via_TAG] [enterNotes] - Entering Note
[INFO ] 2023-02-03 00:03:32.066 [CRM.TG_5558_Staffing_Company_Creation_Via_TAG] [enterNotes] - Note Entered Successfully
[INFO ] 2023-02-03 00:03:32.067 [CRM.TG_5558_Staffing_Company_Creation_Via_TAG] [TG_5466_VerifyLeadCreatedSuccessfully] - Notes Entered Successfully
[INFO ] 2023-02-03 00:03:34.072 [CRM.TG_5558_Staffing_Company_Creation_Via_TAG] [TG_5466_VerifyLeadCreatedSuccessfully] - Clicking Overview Tab
[INFO ] 2023-02-03 00:03:34.074 [CRM.TG_5558_Staffing_Company_Creation_Via_TAG] [clickOverviewTab] - Clicking on Notes Tab
[INFO ] 2023-02-03 00:03:34.263 [CRM.TG_5558_Staffing_Company_Creation_Via_TAG] [clickOverviewTab] - Notes Tab clicked successfully
[INFO ] 2023-02-03 00:03:34.263 [CRM.TG_5558_Staffing_Company_Creation_Via_TAG] [TG_5466_VerifyLeadCreatedSuccessfully] - Overview Tab Clicked Successfully
[INFO ] 2023-02-03 00:03:36.270 [CRM.TG_5558_Staffing_Company_Creation_Via_TAG] [TG_5466_VerifyLeadCreatedSuccessfully] - Selecting the Contract Negotiation Lead Status
[INFO ] 2023-02-03 00:03:36.273 [CRM.TG_5558_Staffing_Company_Creation_Via_TAG] [clickLeadStatusContractNegotiation] - Clicking on Status dropdown
[INFO ] 2023-02-03 00:03:36.445 [CRM.TG_5558_Staffing_Company_Creation_Via_TAG] [clickLeadStatusContractNegotiation] - Contract Negotiation Status entered successfully
[INFO ] 2023-02-03 00:03:36.446 [CRM.TG_5558_Staffing_Company_Creation_Via_TAG] [TG_5466_VerifyLeadCreatedSuccessfully] - Contract Negotiation Lead Status Selected Successfully
[INFO ] 2023-02-03 00:03:38.456 [CRM.TG_5558_Staffing_Company_Creation_Via_TAG] [TG_5466_VerifyLeadCreatedSuccessfully] - Clicking Save Button
[INFO ] 2023-02-03 00:03:38.463 [CRM.TG_5558_Staffing_Company_Creation_Via_TAG] [clickSaveButton] - Clicking on Save Button
[INFO ] 2023-02-03 00:03:38.652 [CRM.TG_5558_Staffing_Company_Creation_Via_TAG] [clickSaveButton] - Save Button clicked successfully
[INFO ] 2023-02-03 00:03:38.654 [CRM.TG_5558_Staffing_Company_Creation_Via_TAG] [TG_5466_VerifyLeadCreatedSuccessfully] - Save Button Clicked Successfully
[INFO ] 2023-02-03 00:03:40.664 [CRM.TG_5558_Staffing_Company_Creation_Via_TAG] [TG_5466_VerifyLeadCreatedSuccessfully] - Verify Prepare Contract Button
[INFO ] 2023-02-03 00:03:40.684 [CRM.TG_5558_Staffing_Company_Creation_Via_TAG] [verifyPrepareContractButton] - Verify Prepare Contract Button
[INFO ] 2023-02-03 00:03:40.922 [CRM.TG_5558_Staffing_Company_Creation_Via_TAG] [verifyPrepareContractButton] - Prepare Contract Button displayed successfully
[INFO ] 2023-02-03 00:03:40.922 [CRM.TG_5558_Staffing_Company_Creation_Via_TAG] [TG_5466_VerifyLeadCreatedSuccessfully] - Prepare Contract Button Verified Successfully
[INFO ] 2023-02-03 00:03:40.922 [CRM.TG_5558_Staffing_Company_Creation_Via_TAG] [TG_5466_VerifyLeadCreatedSuccessfully] - Click Prepare Contract Button
[INFO ] 2023-02-03 00:03:40.922 [CRM.TG_5558_Staffing_Company_Creation_Via_TAG] [clickPrepareContractButton] - Clicking on Prepare Contract Button
[INFO ] 2023-02-03 00:03:41.458 [CRM.TG_5558_Staffing_Company_Creation_Via_TAG] [clickPrepareContractButton] - Prepare Contract Button clicked successfully
[INFO ] 2023-02-03 00:03:41.459 [CRM.TG_5558_Staffing_Company_Creation_Via_TAG] [TG_5466_VerifyLeadCreatedSuccessfully] - Prepare Contract Button Clicked Successfully
[INFO ] 2023-02-03 00:03:43.465 [CRM.TG_5558_Staffing_Company_Creation_Via_TAG] [TG_5466_VerifyLeadCreatedSuccessfully] - Verify Contract Form
[INFO ] 2023-02-03 00:03:43.470 [CRM.TG_5558_Staffing_Company_Creation_Via_TAG] [verifyContractForm] - Check for New Contract Form
[INFO ] 2023-02-03 00:03:43.583 [CRM.TG_5558_Staffing_Company_Creation_Via_TAG] [verifyContractForm] - New Contract Form displayed successfully
[INFO ] 2023-02-03 00:03:43.583 [CRM.TG_5558_Staffing_Company_Creation_Via_TAG] [TG_5466_VerifyLeadCreatedSuccessfully] - New Contract Form verified Successfully
[INFO ] 2023-02-03 00:03:43.584 [CRM.TG_5558_Staffing_Company_Creation_Via_TAG] [TG_5466_VerifyLeadCreatedSuccessfully] - Entering Start Date
[INFO ] 2023-02-03 00:03:43.584 [CRM.TG_5558_Staffing_Company_Creation_Via_TAG] [enterStartDate] - Entering the Start Date 
[INFO ] 2023-02-03 00:03:49.088 [CRM.TG_5558_Staffing_Company_Creation_Via_TAG] [enterStartDate] - Start Date Entered Successfully
[INFO ] 2023-02-03 00:03:49.091 [CRM.TG_5558_Staffing_Company_Creation_Via_TAG] [TG_5466_VerifyLeadCreatedSuccessfully] - Start Date Entered Successfully
[INFO ] 2023-02-03 00:03:51.100 [CRM.TG_5558_Staffing_Company_Creation_Via_TAG] [TG_5466_VerifyLeadCreatedSuccessfully] - Entering End Date
[INFO ] 2023-02-03 00:03:51.101 [CRM.TG_5558_Staffing_Company_Creation_Via_TAG] [enterEndDate] - Entering the End Date
[INFO ] 2023-02-03 00:03:56.539 [CRM.TG_5558_Staffing_Company_Creation_Via_TAG] [enterEndDate] - End Date Entered Successfully
[INFO ] 2023-02-03 00:03:56.543 [CRM.TG_5558_Staffing_Company_Creation_Via_TAG] [TG_5466_VerifyLeadCreatedSuccessfully] - End Date Entered Successfully
[INFO ] 2023-02-03 00:03:58.551 [CRM.TG_5558_Staffing_Company_Creation_Via_TAG] [TG_5466_VerifyLeadCreatedSuccessfully] - Clicking Add Row Button
[INFO ] 2023-02-03 00:03:58.552 [CRM.TG_5558_Staffing_Company_Creation_Via_TAG] [clickAddRowButton1] - Clicking on Add Row Button
[INFO ] 2023-02-03 00:03:59.001 [CRM.TG_5558_Staffing_Company_Creation_Via_TAG] [clickAddRowButton1] - Add Row Button clicked successfully
[INFO ] 2023-02-03 00:03:59.002 [CRM.TG_5558_Staffing_Company_Creation_Via_TAG] [TG_5466_VerifyLeadCreatedSuccessfully] - Add Row Button Clicked Successfully
[INFO ] 2023-02-03 00:04:01.009 [CRM.TG_5558_Staffing_Company_Creation_Via_TAG] [TG_5466_VerifyLeadCreatedSuccessfully] - Clicking Job Industry
[INFO ] 2023-02-03 00:04:01.013 [CRM.TG_5558_Staffing_Company_Creation_Via_TAG] [clickJobIndustryInTable] - Entering Job Industry List in the Table
[INFO ] 2023-02-03 00:04:01.185 [CRM.TG_5558_Staffing_Company_Creation_Via_TAG] [clickJobIndustryInTable] - Clicked Job Industry in the Table successfully
[INFO ] 2023-02-03 00:04:01.185 [CRM.TG_5558_Staffing_Company_Creation_Via_TAG] [TG_5466_VerifyLeadCreatedSuccessfully] - Job Industry Clicked Successfully
[INFO ] 2023-02-03 00:04:03.192 [CRM.TG_5558_Staffing_Company_Creation_Via_TAG] [TG_5466_VerifyLeadCreatedSuccessfully] - Entering Job Industry
[INFO ] 2023-02-03 00:04:03.203 [CRM.TG_5558_Staffing_Company_Creation_Via_TAG] [enterIndustry] - Enter Title
[INFO ] 2023-02-03 00:04:06.660 [CRM.TG_5558_Staffing_Company_Creation_Via_TAG] [enterIndustry] - Entered Job Title in the Table successfully
[INFO ] 2023-02-03 00:04:06.661 [CRM.TG_5558_Staffing_Company_Creation_Via_TAG] [TG_5466_VerifyLeadCreatedSuccessfully] - Job Industry Entered Successfully
[INFO ] 2023-02-03 00:04:08.685 [CRM.TG_5558_Staffing_Company_Creation_Via_TAG] [TG_5466_VerifyLeadCreatedSuccessfully] - Entering Signature
[INFO ] 2023-02-03 00:04:08.687 [CRM.TG_5558_Staffing_Company_Creation_Via_TAG] [enterSign] - Entering Sign
[INFO ] 2023-02-03 00:04:08.898 [CRM.TG_5558_Staffing_Company_Creation_Via_TAG] [enterSign] - Sign Entered Successfully
[INFO ] 2023-02-03 00:04:08.899 [CRM.TG_5558_Staffing_Company_Creation_Via_TAG] [TG_5466_VerifyLeadCreatedSuccessfully] - Signature Entered Successfully
[INFO ] 2023-02-03 00:04:10.906 [CRM.TG_5558_Staffing_Company_Creation_Via_TAG] [TG_5466_VerifyLeadCreatedSuccessfully] - Clicking Save Button in Contract
[INFO ] 2023-02-03 00:04:10.909 [CRM.TG_5558_Staffing_Company_Creation_Via_TAG] [clickSaveButtonInContract] - Clicking on Save Button
[INFO ] 2023-02-03 00:04:11.097 [CRM.TG_5558_Staffing_Company_Creation_Via_TAG] [clickSaveButtonInContract] - Save Button clicked successfully
[INFO ] 2023-02-03 00:04:11.099 [CRM.TG_5558_Staffing_Company_Creation_Via_TAG] [TG_5466_VerifyLeadCreatedSuccessfully] - Save Button Clicked Successfully
[INFO ] 2023-02-03 00:04:13.103 [CRM.TG_5558_Staffing_Company_Creation_Via_TAG] [TG_5466_VerifyLeadCreatedSuccessfully] - Verify Finalize Contract Button
[INFO ] 2023-02-03 00:04:13.110 [CRM.TG_5558_Staffing_Company_Creation_Via_TAG] [verifyFinalizeButton] - Verify Finalize Button
[INFO ] 2023-02-03 00:04:13.188 [CRM.TG_5558_Staffing_Company_Creation_Via_TAG] [verifyFinalizeButton] - Finalize Button displayed successfully
[INFO ] 2023-02-03 00:04:13.189 [CRM.TG_5558_Staffing_Company_Creation_Via_TAG] [TG_5466_VerifyLeadCreatedSuccessfully] - Finalize Contract Button verified Successfully
[INFO ] 2023-02-03 00:04:15.194 [CRM.TG_5558_Staffing_Company_Creation_Via_TAG] [TG_5466_VerifyLeadCreatedSuccessfully] - Clicking Finalize Contrac Button
[INFO ] 2023-02-03 00:04:15.196 [CRM.TG_5558_Staffing_Company_Creation_Via_TAG] [clickFinalizeButton] - Clicking Finalize button
[INFO ] 2023-02-03 00:04:15.319 [CRM.TG_5558_Staffing_Company_Creation_Via_TAG] [clickFinalizeButton] - Finalize button clicked successfully
[INFO ] 2023-02-03 00:04:15.319 [CRM.TG_5558_Staffing_Company_Creation_Via_TAG] [TG_5466_VerifyLeadCreatedSuccessfully] - Finalize Contrac Button Clicked Successfully
[INFO ] 2023-02-03 00:05:05.340 [CRM.TG_5558_Staffing_Company_Creation_Via_TAG] [TG_5466_VerifyLeadCreatedSuccessfully] - Verify Success Email Sent Pop-up Message
[INFO ] 2023-02-03 00:05:05.364 [CRM.TG_5558_Staffing_Company_Creation_Via_TAG] [verifyPopUpSuccessMsg] - Verifying pop up msg
[INFO ] 2023-02-03 00:05:20.168 [CRM.TG_5558_Staffing_Company_Creation_Via_TAG] [verifyPopUpSuccessMsg] - pop up msg displayed successfully
[INFO ] 2023-02-03 00:05:20.172 [CRM.TG_5558_Staffing_Company_Creation_Via_TAG] [TG_5466_VerifyLeadCreatedSuccessfully] -  Success Email Sent Pop-up Message Displayed Successfully
[INFO ] 2023-02-03 00:05:33.174 [CRM.TG_5558_Staffing_Company_Creation_Via_TAG] [TG_5466_VerifyLeadCreatedSuccessfully] - Clicking Contract Link
[INFO ] 2023-02-03 00:05:33.177 [CRM.TG_5558_Staffing_Company_Creation_Via_TAG] [clickContractLinkforListingForm] - Click on Contract for Listing form
[INFO ] 2023-02-03 00:05:36.142 [CRM.TG_5558_Staffing_Company_Creation_Via_TAG] [clickContractLinkforListingForm] - Contract for Listing form clicked Successfully
[INFO ] 2023-02-03 00:05:36.143 [CRM.TG_5558_Staffing_Company_Creation_Via_TAG] [TG_5466_VerifyLeadCreatedSuccessfully] - Contract Link Clicked Successfully
[INFO ] 2023-02-03 00:05:38.148 [CRM.TG_5558_Staffing_Company_Creation_Via_TAG] [TG_5466_VerifyLeadCreatedSuccessfully] - Verify Created Contract
[INFO ] 2023-02-03 00:05:38.151 [CRM.TG_5558_Staffing_Company_Creation_Via_TAG] [verifyCreatedContract] - Check for Created Contract
[INFO ] 2023-02-03 00:05:38.211 [CRM.TG_5558_Staffing_Company_Creation_Via_TAG] [verifyCreatedContract] - Created Contract displayed successfully
[INFO ] 2023-02-03 00:05:38.211 [CRM.TG_5558_Staffing_Company_Creation_Via_TAG] [TG_5466_VerifyLeadCreatedSuccessfully] - Created Contract Verified Successfully
[INFO ] 2023-02-03 00:05:40.216 [CRM.TG_5558_Staffing_Company_Creation_Via_TAG] [TG_5466_VerifyLeadCreatedSuccessfully] - Verifying CRM Icon
[INFO ] 2023-02-03 00:05:40.217 [CRM.TG_5558_Staffing_Company_Creation_Via_TAG] [clickCRMIcon] - Clicking on CRM Button
[INFO ] 2023-02-03 00:05:40.311 [CRM.TG_5558_Staffing_Company_Creation_Via_TAG] [clickCRMIcon] - CRM Button clicked successfully
[INFO ] 2023-02-03 00:05:40.312 [CRM.TG_5558_Staffing_Company_Creation_Via_TAG] [TG_5466_VerifyLeadCreatedSuccessfully] - CRM Icon Clicked Successfully
[INFO ] 2023-02-03 00:05:42.313 [CRM.TG_5558_Staffing_Company_Creation_Via_TAG] [TG_5466_VerifyLeadCreatedSuccessfully] - Clicking Contact Link
[INFO ] 2023-02-03 00:05:42.314 [CRM.TG_5558_Staffing_Company_Creation_Via_TAG] [clickContactIcon] - Clicking on Contact Button
[INFO ] 2023-02-03 00:05:43.259 [CRM.TG_5558_Staffing_Company_Creation_Via_TAG] [clickContactIcon] - Contact Button clicked successfully
[INFO ] 2023-02-03 00:05:43.260 [CRM.TG_5558_Staffing_Company_Creation_Via_TAG] [TG_5466_VerifyLeadCreatedSuccessfully] - Contact Link Clicked Successfully
[INFO ] 2023-02-03 00:05:43.260 [CRM.TG_5558_Staffing_Company_Creation_Via_TAG] [TG_5466_VerifyLeadCreatedSuccessfully] - Verify Created Contact
[INFO ] 2023-02-03 00:05:43.260 [CRM.TG_5558_Staffing_Company_Creation_Via_TAG] [verifyCreatedContact] - Check for Created Contact
[INFO ] 2023-02-03 00:05:44.612 [CRM.TG_5558_Staffing_Company_Creation_Via_TAG] [verifyCreatedContact] - Created Contact displayed successfully
[INFO ] 2023-02-03 00:05:44.613 [CRM.TG_5558_Staffing_Company_Creation_Via_TAG] [TG_5466_VerifyLeadCreatedSuccessfully] - Created Contact Verified Successfully
