[INFO ] 2023-01-25 01:29:01.157 [company.TG_4355_EmployeeOnboarding] [enterUsername] - Entering new user's first name
[INFO ] 2023-01-25 01:29:04.067 [company.TG_4355_EmployeeOnboarding] [enterUsername] - User's first name entered successfully
[INFO ] 2023-01-25 01:29:04.069 [company.TG_4355_EmployeeOnboarding] [enterPassword] - Entering new user's last name
[INFO ] 2023-01-25 01:29:04.413 [company.TG_4355_EmployeeOnboarding] [enterPassword] - User's last name entered successfully
[INFO ] 2023-01-25 01:29:04.414 [company.TG_4355_EmployeeOnboarding] [clickLoginButton] - Clicking on Login Button
[INFO ] 2023-01-25 01:29:04.951 [company.TG_4355_EmployeeOnboarding] [clickLoginButton] - Close Pop Up clicked successfully
[INFO ] 2023-01-25 01:29:07.982 [company.TG_4355_EmployeeOnboarding] [clickATSMenuOnStaffingHomePage] - Clicking Order menu present on the staffing homepage
[INFO ] 2023-01-25 01:29:22.289 [company.TG_4355_EmployeeOnboarding] [clickATSMenuOnStaffingHomePage] - ATS menu present on the staffing hompage clicked successfully.
[INFO ] 2023-01-25 01:29:22.292 [company.TG_4355_EmployeeOnboarding] [verifyOnboardingMenuOnStaffingHomePage] - Verify Order menu present on the staffing homepage
[INFO ] 2023-01-25 01:29:22.422 [company.TG_4355_EmployeeOnboarding] [verifyOnboardingMenuOnStaffingHomePage] - onboardingMenu displayed successfully.
[INFO ] 2023-01-25 01:29:22.431 [company.TG_4355_EmployeeOnboarding] [verifySetUpMenuOnStaffingHomePage] - Verify setup menu present on the staffing homepage
[INFO ] 2023-01-25 01:29:22.572 [company.TG_4355_EmployeeOnboarding] [verifySetUpMenuOnStaffingHomePage] - Setup menu displayed successfully.
[INFO ] 2023-01-25 01:29:22.658 [company.TG_4355_EmployeeOnboarding] [clickOnboardingMenuOnStaffingHomePage] - Clicking Onboarding menu present on the staffing homepage
[INFO ] 2023-01-25 01:29:24.715 [company.TG_4355_EmployeeOnboarding] [clickOnboardingMenuOnStaffingHomePage] - Onboarding menu present on the staffing hompage clicked successfully.
[INFO ] 2023-01-25 01:29:26.722 [company.TG_4355_EmployeeOnboarding] [verifyEmployeeOnboardingTitle] - Verify EmployeeOnboardingTitle on the employee-onboarding page
[INFO ] 2023-01-25 01:29:26.807 [company.TG_4355_EmployeeOnboarding] [verifyEmployeeOnboardingTitle] - EmployeeOnboardingTitle menu displayed successfully.
[INFO ] 2023-01-25 01:29:28.859 [company.TG_4355_EmployeeOnboarding] [clickAddEmployeeOnboarding] - Clicking AddEmployeeOnboarding present on the  employee-onboarding page
[INFO ] 2023-01-25 01:29:29.784 [company.TG_4355_EmployeeOnboarding] [clickAddEmployeeOnboarding] - Add Employee Onboarding button clicked successfully.
[INFO ] 2023-01-25 01:29:29.785 [company.TG_4355_EmployeeOnboarding] [verifyNewEmployeeOnboardingTitle] - Verify New Employee Onboarding Title while clicking add Employee Onboarding Button
[INFO ] 2023-01-25 01:29:30.314 [company.TG_4355_EmployeeOnboarding] [verifyNewEmployeeOnboardingTitle] - New Employee Onboarding Title displayed while clicking add Employee Onboarding Button successfully.
[INFO ] 2023-01-25 01:29:30.354 [company.TG_4355_EmployeeOnboarding] [clickSaveButton] - Clicking save button on New Employee Onboarding form
[INFO ] 2023-01-25 01:29:33.773 [company.TG_4355_EmployeeOnboarding] [clickSaveButton] - Save button clicked successfully
[INFO ] 2023-01-25 01:29:33.779 [company.TG_4355_EmployeeOnboarding] [verifyMissingFieldPopUp] - Verify Missing field dialog while clicking save Button
[INFO ] 2023-01-25 01:29:33.962 [company.TG_4355_EmployeeOnboarding] [verifyMissingFieldPopUp] - Missing field dialog displayed while clicking save Button successfully.
[INFO ] 2023-01-25 01:29:33.963 [company.TG_4355_EmployeeOnboarding] [clickCloseButtonMissingFieldPopUp] - Clicking close button on New Employee Onboarding form
[INFO ] 2023-01-25 01:29:37.140 [company.TG_4355_EmployeeOnboarding] [clickCloseButtonMissingFieldPopUp] - CLose button clicked successfully
[INFO ] 2023-01-25 01:29:37.194 [company.TG_4355_EmployeeOnboarding] [verifyFirstNameIsVisible] - Checking first name feild is Visible
[INFO ] 2023-01-25 01:29:37.439 [company.TG_4355_EmployeeOnboarding] [verifyFirstNameIsVisible] - First name is displayed successfully
[INFO ] 2023-01-25 01:29:37.440 [company.TG_4355_EmployeeOnboarding] [clickSaveButton] - Clicking save button on New Employee Onboarding form
[INFO ] 2023-01-25 01:29:40.629 [company.TG_4355_EmployeeOnboarding] [clickSaveButton] - Save button clicked successfully
[INFO ] 2023-01-25 01:29:42.635 [company.TG_4355_EmployeeOnboarding] [verifyMissingFieldPopUp] - Verify Missing field dialog while clicking save Button
[INFO ] 2023-01-25 01:29:42.800 [company.TG_4355_EmployeeOnboarding] [verifyMissingFieldPopUp] - Missing field dialog displayed while clicking save Button successfully.
[INFO ] 2023-01-25 01:29:42.801 [company.TG_4355_EmployeeOnboarding] [verifyMissingFieldPopUp] - Verify Missing field dialog while clicking save Button
[INFO ] 2023-01-25 01:29:42.840 [company.TG_4355_EmployeeOnboarding] [verifyMissingFieldPopUp] - Missing field dialog displayed while clicking save Button successfully.
[INFO ] 2023-01-25 01:29:42.841 [company.TG_4355_EmployeeOnboarding] [clickCloseButtonMissingFieldPopUp] - Clicking close button on New Employee Onboarding form
[INFO ] 2023-01-25 01:29:46.010 [company.TG_4355_EmployeeOnboarding] [clickCloseButtonMissingFieldPopUp] - CLose button clicked successfully
[INFO ] 2023-01-25 01:29:46.021 [company.TG_4355_EmployeeOnboarding] [enterFirstName] - Entering new user's first name
[INFO ] 2023-01-25 01:29:46.379 [company.TG_4355_EmployeeOnboarding] [enterFirstName] - User's first name entered successfully
[INFO ] 2023-01-25 01:29:49.439 [company.TG_4355_EmployeeOnboarding] [verifyLastNameIsVisible] - Checking last name feild is Visible
[INFO ] 2023-01-25 01:29:49.499 [company.TG_4355_EmployeeOnboarding] [verifyLastNameIsVisible] - last name is displayed successfully
[INFO ] 2023-01-25 01:29:49.500 [company.TG_4355_EmployeeOnboarding] [clickSaveButton] - Clicking save button on New Employee Onboarding form
[INFO ] 2023-01-25 01:29:52.638 [company.TG_4355_EmployeeOnboarding] [clickSaveButton] - Save button clicked successfully
[INFO ] 2023-01-25 01:29:54.646 [company.TG_4355_EmployeeOnboarding] [verifyMissingFieldPopUp] - Verify Missing field dialog while clicking save Button
[INFO ] 2023-01-25 01:29:54.694 [company.TG_4355_EmployeeOnboarding] [verifyMissingFieldPopUp] - Missing field dialog displayed while clicking save Button successfully.
[INFO ] 2023-01-25 01:29:54.694 [company.TG_4355_EmployeeOnboarding] [verifyMissingFieldPopUp] - Verify Missing field dialog while clicking save Button
[INFO ] 2023-01-25 01:29:54.734 [company.TG_4355_EmployeeOnboarding] [verifyMissingFieldPopUp] - Missing field dialog displayed while clicking save Button successfully.
[INFO ] 2023-01-25 01:29:54.734 [company.TG_4355_EmployeeOnboarding] [clickCloseButtonMissingFieldPopUp] - Clicking close button on New Employee Onboarding form
[INFO ] 2023-01-25 01:29:57.863 [company.TG_4355_EmployeeOnboarding] [clickCloseButtonMissingFieldPopUp] - CLose button clicked successfully
[INFO ] 2023-01-25 01:29:57.865 [company.TG_4355_EmployeeOnboarding] [enterLastName] - Entering new user's Last name
[INFO ] 2023-01-25 01:29:58.181 [company.TG_4355_EmployeeOnboarding] [enterLastName] - User's last name entered successfully
[INFO ] 2023-01-25 01:30:01.212 [company.TG_4355_EmployeeOnboarding] [verifyEmailVisible] - Checking email is Visible
[INFO ] 2023-01-25 01:30:01.303 [company.TG_4355_EmployeeOnboarding] [verifyEmailVisible] - email is displayed successfully
[INFO ] 2023-01-25 01:30:01.304 [company.TG_4355_EmployeeOnboarding] [clickSaveButton] - Clicking save button on New Employee Onboarding form
[INFO ] 2023-01-25 01:30:04.433 [company.TG_4355_EmployeeOnboarding] [clickSaveButton] - Save button clicked successfully
[INFO ] 2023-01-25 01:30:06.436 [company.TG_4355_EmployeeOnboarding] [verifyMissingFieldPopUp] - Verify Missing field dialog while clicking save Button
[INFO ] 2023-01-25 01:30:06.499 [company.TG_4355_EmployeeOnboarding] [verifyMissingFieldPopUp] - Missing field dialog displayed while clicking save Button successfully.
[INFO ] 2023-01-25 01:30:06.500 [company.TG_4355_EmployeeOnboarding] [verifyMissingFieldPopUp] - Verify Missing field dialog while clicking save Button
[INFO ] 2023-01-25 01:30:06.538 [company.TG_4355_EmployeeOnboarding] [verifyMissingFieldPopUp] - Missing field dialog displayed while clicking save Button successfully.
[INFO ] 2023-01-25 01:30:06.539 [company.TG_4355_EmployeeOnboarding] [clickCloseButtonMissingFieldPopUp] - Clicking close button on New Employee Onboarding form
[INFO ] 2023-01-25 01:30:09.714 [company.TG_4355_EmployeeOnboarding] [clickCloseButtonMissingFieldPopUp] - CLose button clicked successfully
[INFO ] 2023-01-25 01:30:09.716 [company.TG_4355_EmployeeOnboarding] [enterEmail] - Entering new email
[INFO ] 2023-01-25 01:30:10.249 [company.TG_4355_EmployeeOnboarding] [enterEmail] - email entered successfully
[INFO ] 2023-01-25 01:30:13.288 [company.TG_4355_EmployeeOnboarding] [clickSaveButton] - Clicking save button on New Employee Onboarding form
[INFO ] 2023-01-25 01:30:16.448 [company.TG_4355_EmployeeOnboarding] [clickSaveButton] - Save button clicked successfully
[INFO ] 2023-01-25 01:30:18.454 [company.TG_4355_EmployeeOnboarding] [verifyMissingFieldPopUp] - Verify Missing field dialog while clicking save Button
[INFO ] 2023-01-25 01:30:18.522 [company.TG_4355_EmployeeOnboarding] [verifyMissingFieldPopUp] - Missing field dialog displayed while clicking save Button successfully.
[INFO ] 2023-01-25 01:30:18.522 [company.TG_4355_EmployeeOnboarding] [verifyMissingFieldPopUp] - Verify Missing field dialog while clicking save Button
[INFO ] 2023-01-25 01:30:18.553 [company.TG_4355_EmployeeOnboarding] [verifyMissingFieldPopUp] - Missing field dialog displayed while clicking save Button successfully.
[INFO ] 2023-01-25 01:30:18.553 [company.TG_4355_EmployeeOnboarding] [clickCloseButtonMissingFieldPopUp] - Clicking close button on New Employee Onboarding form
[INFO ] 2023-01-25 01:30:21.651 [company.TG_4355_EmployeeOnboarding] [clickCloseButtonMissingFieldPopUp] - CLose button clicked successfully
[INFO ] 2023-01-25 01:30:21.652 [company.TG_4355_EmployeeOnboarding] [enterEmployeeOnboardingTemplateValue] - Entering 
[INFO ] 2023-01-25 01:30:22.406 [company.TG_4355_EmployeeOnboarding] [enterEmployeeOnboardingTemplateValue] - entered successfully
[INFO ] 2023-01-25 01:30:25.434 [company.TG_4355_EmployeeOnboarding] [enterDateOfBirth] - Entering DOb in  new EmployeeOnborading page
[INFO ] 2023-01-25 01:30:31.092 [company.TG_4355_EmployeeOnboarding] [enterDateOfBirth] - Entered DOb in  new EmployeeOnborading page successfully
[INFO ] 2023-01-25 01:30:31.096 [company.TG_4355_EmployeeOnboarding] [verifyBirthYearErrorMessage] - Verify birth year error message 
[INFO ] 2023-01-25 01:30:31.693 [company.TG_4355_EmployeeOnboarding] [verifyBirthYearErrorMessage] - Birth year error message verified successfully.
[INFO ] 2023-01-25 01:30:31.694 [company.TG_4355_EmployeeOnboarding] [clickCloseIcon] - Clicking on Close Icon
[INFO ] 2023-01-25 01:30:34.776 [company.TG_4355_EmployeeOnboarding] [clickCloseIcon] - Close Icon clicked successfully
[INFO ] 2023-01-25 01:30:34.777 [company.TG_4355_EmployeeOnboarding] [enterDateOfBirth] - Entering DOb in  new EmployeeOnborading page
[INFO ] 2023-01-25 01:30:40.312 [company.TG_4355_EmployeeOnboarding] [enterDateOfBirth] - Entered DOb in  new EmployeeOnborading page successfully
[INFO ] 2023-01-25 01:30:43.377 [company.TG_4355_EmployeeOnboarding] [clickSaveButton] - Clicking save button on New Employee Onboarding form
[INFO ] 2023-01-25 01:30:46.546 [company.TG_4355_EmployeeOnboarding] [clickSaveButton] - Save button clicked successfully
[INFO ] 2023-01-25 01:30:49.551 [company.TG_4355_EmployeeOnboarding] [verifyDraftStatusOnForm] - verify clicking Save button moved to Draft Status on form
[INFO ] 2023-01-25 01:30:53.146 [company.TG_4355_EmployeeOnboarding] [verifyDraftStatusOnForm] - verified clicking Save button moved to Draft Status on form successfully
[INFO ] 2023-01-25 01:30:56.173 [company.TG_4355_EmployeeOnboarding] [verifySubmitButtonOnForm] - verify clicking Submit button on Employee Onboarding form
[INFO ] 2023-01-25 01:30:56.261 [company.TG_4355_EmployeeOnboarding] [verifySubmitButtonOnForm] - verified clicking on Submit button on Employee Onboarding form successfully
[INFO ] 2023-01-25 01:30:56.261 [company.TG_4355_EmployeeOnboarding] [clickSubmitButton] - Clicking save button on New Employee Onboarding form
[INFO ] 2023-01-25 01:30:56.426 [company.TG_4355_EmployeeOnboarding] [clickSubmitButton] - Save button clicked successfully
[INFO ] 2023-01-25 01:30:59.438 [company.TG_4355_EmployeeOnboarding] [clickModalConfirmYesButton] - Clicking yes button on confirm modal Employee Onboarding form
[INFO ] 2023-01-25 01:30:59.649 [company.TG_4355_EmployeeOnboarding] [clickModalConfirmYesButton] - Yes button on confirm modal clicked successfully
[INFO ] 2023-01-25 01:31:02.657 [company.TG_4355_EmployeeOnboarding] [verifySubmittedStatusOnForm] - verify clicking submit button moved to submitted Status on form
[INFO ] 2023-01-25 01:31:05.760 [company.TG_4355_EmployeeOnboarding] [verifySubmittedStatusOnForm] - verified clicking submit button moved to submitted Status on form successfully
[INFO ] 2023-01-25 01:31:08.784 [company.TG_4355_EmployeeOnboarding] [enterData1] - Entering Job Applicant List in the search box
[INFO ] 2023-01-25 01:31:09.259 [company.TG_4355_EmployeeOnboarding] [enterData1] - Entered Job Applicant List in the search box successfully
[INFO ] 2023-01-25 01:31:09.264 [company.TG_4355_EmployeeOnboarding] [clickSearchBox] - Searching Job Applicant List having the Status as Accepted
[INFO ] 2023-01-25 01:31:09.441 [company.TG_4355_EmployeeOnboarding] [clickSearchBox] - Job Applicant List having the Status as Accepted listed successfully
[INFO ] 2023-01-25 01:31:09.441 [company.TG_4355_EmployeeOnboarding] [verifyJobApplicantList] - Checking Job applicant list having the Status as Accepted
