[INFO ] 2023-01-19 22:05:18.207 [blockCompany.TG_4779_Block_Company] [LoginHiring] - Logging in
[INFO ] 2023-01-19 22:05:21.847 [blockCompany.TG_4779_Block_Company] [enterUsername] - Entering new user's first name
[INFO ] 2023-01-19 22:05:23.372 [blockCompany.TG_4779_Block_Company] [enterUsername] - User's first name entered successfully
[INFO ] 2023-01-19 22:05:23.372 [blockCompany.TG_4779_Block_Company] [enterPassword] - Entering new user's last name
[INFO ] 2023-01-19 22:05:23.553 [blockCompany.TG_4779_Block_Company] [enterPassword] - User's last name entered successfully
[INFO ] 2023-01-19 22:05:23.556 [blockCompany.TG_4779_Block_Company] [clickLoginButton] - Clicking on Login Button
[INFO ] 2023-01-19 22:05:24.016 [blockCompany.TG_4779_Block_Company] [clickLoginButton] - Close Pop Up clicked successfully
[INFO ] 2023-01-19 22:05:24.066 [blockCompany.TG_4779_Block_Company] [clickStaffingCompanies] - Clicking Staffing Companies
[INFO ] 2023-01-19 22:05:29.068 [blockCompany.TG_4779_Block_Company] [clickStaffingCompanies] - Clicking on Staffing Companies Button
[INFO ] 2023-01-19 22:05:33.210 [blockCompany.TG_4779_Block_Company] [clickStaffingCompanies] - Staffing Companies Button clicked successfully
[INFO ] 2023-01-19 22:05:33.264 [blockCompany.TG_4779_Block_Company] [verifyStaffingCompaniesList] - Verifying Staffing Company List
[INFO ] 2023-01-19 22:05:37.270 [blockCompany.TG_4779_Block_Company] [verifyStaffingCompanyList] - Verify Staffing Company List is displayed
[INFO ] 2023-01-19 22:05:37.378 [blockCompany.TG_4779_Block_Company] [verifyStaffingCompanyList] - Staffing Company List displayed successfully
[INFO ] 2023-01-19 22:05:37.418 [blockCompany.TG_4779_Block_Company] [clickStaffingCompany] - Clicking Staffing Company
[INFO ] 2023-01-19 22:05:42.424 [blockCompany.TG_4779_Block_Company] [clickHunderedFilter] - Clicking on 100 records button
[INFO ] 2023-01-19 22:05:42.809 [blockCompany.TG_4779_Block_Company] [clickHunderedFilter] - 100 records button clicked Successfully
[INFO ] 2023-01-19 22:05:45.818 [blockCompany.TG_4779_Block_Company] [clickStaffingCompany] - Clicking on Staffing Company
[INFO ] 2023-01-19 22:05:47.374 [blockCompany.TG_4779_Block_Company] [clickStaffingCompany] - Staffing Company clicked successfully
[INFO ] 2023-01-19 22:05:47.396 [blockCompany.TG_4779_Block_Company] [clickBlockButton] - Clicking Block Button
[INFO ] 2023-01-19 22:05:50.402 [blockCompany.TG_4779_Block_Company] [clickBlockButton] - Clicking on Block Button
[INFO ] 2023-01-19 22:05:50.652 [blockCompany.TG_4779_Block_Company] [clickBlockButton] - Block Button clicked successfully
[INFO ] 2023-01-19 22:05:53.711 [blockCompany.TG_4779_Block_Company] [verifyBlockCompanyPopUp] - Verifying Company Marked as Favorite
[INFO ] 2023-01-19 22:05:53.712 [blockCompany.TG_4779_Block_Company] [verifyBlockCompanyPopUp] - Verify Company Blocked Pop Up displayed
[INFO ] 2023-01-19 22:05:53.764 [blockCompany.TG_4779_Block_Company] [verifyBlockCompanyPopUp] - Company Blocked Pop Up displayed successfully
[INFO ] 2023-01-19 22:05:56.770 [blockCompany.TG_4779_Block_Company] [closePopUpButton] - Clicking on Close Pop Up
