[INFO ] 2023-04-05 20:54:40.925 [jobOrder.TG_6129_RepeatOpenOrder] [enterUsername] - Entering new user's first name
[INFO ] 2023-04-05 20:54:42.005 [jobOrder.TG_6129_RepeatOpenOrder] [enterUsername] - User's first name entered successfully
[INFO ] 2023-04-05 20:54:42.006 [jobOrder.TG_6129_RepeatOpenOrder] [enterPassword] - Entering new user's last name
[INFO ] 2023-04-05 20:54:42.166 [jobOrder.TG_6129_RepeatOpenOrder] [enterPassword] - User's last name entered successfully
[INFO ] 2023-04-05 20:54:42.167 [jobOrder.TG_6129_RepeatOpenOrder] [clickLoginButton] - Clicking on Login Button
[INFO ] 2023-04-05 20:54:42.617 [jobOrder.TG_6129_RepeatOpenOrder] [clickLoginButton] - Close Pop Up clicked successfully
[INFO ] 2023-04-05 20:54:45.624 [jobOrder.TG_6129_RepeatOpenOrder] [clickOrdersMenuOnHiringHomePage] - Clicking Order menu present on the Hiring homepage
[INFO ] 2023-04-05 20:54:54.499 [jobOrder.TG_6129_RepeatOpenOrder] [clickOrdersMenuOnHiringHomePage] - Order menu present on the Hiring hompage clicked successfully.
[INFO ] 2023-04-05 20:55:04.513 [jobOrder.TG_6129_RepeatOpenOrder] [clickCompletedOrdersTab] - Clicking on the Completed Orders Tab 
[INFO ] 2023-04-05 20:55:04.990 [jobOrder.TG_6129_RepeatOpenOrder] [clickCompletedOrdersTab] - Completed Tab Clicked Successfully
[INFO ] 2023-04-05 20:55:20.003 [jobOrder.TG_6129_RepeatOpenOrder] [clickCompletedOrder] - Clicking on the Completed Order 
[INFO ] 2023-04-05 20:55:22.303 [jobOrder.TG_6129_RepeatOpenOrder] [clickCompletedOrder] - Completed Order Clicked Successfully
[INFO ] 2023-04-05 20:55:22.306 [jobOrder.TG_6129_RepeatOpenOrder] [getJobSiteText] - Getting Job site text
[INFO ] 2023-04-05 20:55:24.009 [jobOrder.TG_6129_RepeatOpenOrder] [getJobSiteText] - Got the text successfully
[INFO ] 2023-04-05 20:55:24.010 [jobOrder.TG_6129_RepeatOpenOrder] [getJobTitleText] - Getting Job Title text
[INFO ] 2023-04-05 20:55:24.146 [jobOrder.TG_6129_RepeatOpenOrder] [getJobTitleText] - Got the text successfully
[INFO ] 2023-04-05 20:55:24.146 [jobOrder.TG_6129_RepeatOpenOrder] [getJobIndustryText] - Getting Job Industry text
[INFO ] 2023-04-05 20:55:24.466 [jobOrder.TG_6129_RepeatOpenOrder] [getJobIndustryText] - Got the text successfully
[INFO ] 2023-04-05 20:55:24.467 [jobOrder.TG_6129_RepeatOpenOrder] [getEstHoursText] - Getting getEstHoursText
[INFO ] 2023-04-05 20:55:24.562 [jobOrder.TG_6129_RepeatOpenOrder] [getEstHoursText] - Got the text successfully
[INFO ] 2023-04-05 20:55:24.562 [jobOrder.TG_6129_RepeatOpenOrder] [getNoOfWorkers] - Getting Number of Workers
