[INFO ] 2023-02-05 22:26:18.526 [employees.TG_3963_AddNewEmployee] [VerifyCreateNewEmployee] - Started==Verifying Company Type  and Company Name are mandatory fields
[INFO ] 2023-02-05 22:26:21.571 [employees.TG_3963_AddNewEmployee] [enterUsername] - Entering new user's first name
[INFO ] 2023-02-05 22:26:23.523 [employees.TG_3963_AddNewEmployee] [enterUsername] - User's first name entered successfully
[INFO ] 2023-02-05 22:26:23.524 [employees.TG_3963_AddNewEmployee] [enterPassword] - Entering new user's last name
[INFO ] 2023-02-05 22:26:23.760 [employees.TG_3963_AddNewEmployee] [enterPassword] - User's last name entered successfully
[INFO ] 2023-02-05 22:26:23.760 [employees.TG_3963_AddNewEmployee] [clickLoginButton] - Clicking on Login Button
[INFO ] 2023-02-05 22:26:24.132 [employees.TG_3963_AddNewEmployee] [clickLoginButton] - Close Pop Up clicked successfully
[INFO ] 2023-02-05 22:26:24.133 [employees.TG_3963_AddNewEmployee] [VerifyCreateNewEmployee] - Login Successful
[INFO ] 2023-02-05 22:27:01.858 [employees.TG_3963_AddNewEmployee] [clickAddNewEployeeButton] - Clicking on Add New Employee Button
[INFO ] 2023-02-05 22:27:03.765 [employees.TG_3963_AddNewEmployee] [clickAddNewEployeeButton] - Employee button clicked successfully
[INFO ] 2023-02-05 22:27:08.771 [employees.TG_3963_AddNewEmployee] [enterCompanyName] - Entering Company Name
[INFO ] 2023-02-05 22:27:09.340 [employees.TG_3963_AddNewEmployee] [enterCompanyName] - Company Name entered successfully
[INFO ] 2023-02-05 22:27:11.346 [employees.TG_3963_AddNewEmployee] [enterFirstName] - Entering First Name
[INFO ] 2023-02-05 22:27:11.510 [employees.TG_3963_AddNewEmployee] [enterFirstName] - First Name entered successfully
[INFO ] 2023-02-05 22:27:13.516 [employees.TG_3963_AddNewEmployee] [enterLastName] - Entering Last Name
[INFO ] 2023-02-05 22:27:13.712 [employees.TG_3963_AddNewEmployee] [enterLastName] - Last Name entered successfully
[INFO ] 2023-02-05 22:27:15.718 [employees.TG_3963_AddNewEmployee] [enterDateOfBirthField] - Entering date of birth
[INFO ] 2023-02-05 22:27:17.235 [employees.TG_3963_AddNewEmployee] [enterDateOfBirthField] - Date of birth entered successfully
[INFO ] 2023-02-05 22:27:19.241 [employees.TG_3963_AddNewEmployee] [enterEmail] - Entering email
[INFO ] 2023-02-05 22:27:19.481 [employees.TG_3963_AddNewEmployee] [enterEmail] - Email entered successfully
[INFO ] 2023-02-05 22:27:21.487 [employees.TG_3963_AddNewEmployee] [selectSearchOnMapsCheckbox] - Selecting search on Maps checkbox
[INFO ] 2023-02-05 22:27:23.891 [employees.TG_3963_AddNewEmployee] [selectSearchOnMapsCheckbox] - Search on maps checkbox selected
[INFO ] 2023-02-05 22:27:25.898 [employees.TG_3963_AddNewEmployee] [enterEmployeeAddressOnMaps] - Etering employee address on maps
[INFO ] 2023-02-05 22:27:27.297 [employees.TG_3963_AddNewEmployee] [enterEmployeeAddressOnMaps] - Employee entered successfully
[INFO ] 2023-02-05 22:27:29.303 [employees.TG_3963_AddNewEmployee] [clickSaveButton] - Clicking Save button
[INFO ] 2023-02-05 22:27:29.528 [employees.TG_3963_AddNewEmployee] [clickSaveButton] - Save button clicked successfully
[INFO ] 2023-02-05 22:28:09.537 [employees.TG_3963_AddNewEmployee] [getEmployeeNameFromEmaployeeDetailsPage] - Fetching employee Name
[INFO ] 2023-02-05 22:28:09.656 [employees.TG_3963_AddNewEmployee] [getEmployeeNameFromEmaployeeDetailsPage] - Employee Name fetched successfully
