[INFO ] 2023-02-10 05:03:43.609 [directOrder.TG_5803_DirectOrderDeny] [VerifyUserRedirectToNewOrderFormViaDirectOrder] - Started==Verifying Confirm Job Order Details
[INFO ] 2023-02-10 05:03:47.120 [directOrder.TG_5803_DirectOrderDeny] [VerifyUserRedirectToNewOrderFormViaDirectOrder] - Entering Username
[INFO ] 2023-02-10 05:03:47.121 [directOrder.TG_5803_DirectOrderDeny] [enterUsername] - Entering new user's first name
[INFO ] 2023-02-10 05:03:48.575 [directOrder.TG_5803_DirectOrderDeny] [enterUsername] - User's first name entered successfully
[INFO ] 2023-02-10 05:03:48.576 [directOrder.TG_5803_DirectOrderDeny] [VerifyUserRedirectToNewOrderFormViaDirectOrder] - Username Entered Successfully
[INFO ] 2023-02-10 05:03:48.576 [directOrder.TG_5803_DirectOrderDeny] [VerifyUserRedirectToNewOrderFormViaDirectOrder] - Entering Password
[INFO ] 2023-02-10 05:03:48.576 [directOrder.TG_5803_DirectOrderDeny] [enterPassword] - Entering new user's last name
[INFO ] 2023-02-10 05:03:48.891 [directOrder.TG_5803_DirectOrderDeny] [enterPassword] - User's last name entered successfully
[INFO ] 2023-02-10 05:03:48.892 [directOrder.TG_5803_DirectOrderDeny] [VerifyUserRedirectToNewOrderFormViaDirectOrder] - Password Entered Successfully
[INFO ] 2023-02-10 05:03:48.892 [directOrder.TG_5803_DirectOrderDeny] [VerifyUserRedirectToNewOrderFormViaDirectOrder] - Clicking on Login Button
[INFO ] 2023-02-10 05:03:48.892 [directOrder.TG_5803_DirectOrderDeny] [clickLoginButton] - Clicking on Login Button
[INFO ] 2023-02-10 05:03:49.242 [directOrder.TG_5803_DirectOrderDeny] [clickLoginButton] - Close Pop Up clicked successfully
[INFO ] 2023-02-10 05:03:49.243 [directOrder.TG_5803_DirectOrderDeny] [VerifyUserRedirectToNewOrderFormViaDirectOrder] - Login Button Clicked Successfully
[INFO ] 2023-02-10 05:03:49.243 [directOrder.TG_5803_DirectOrderDeny] [VerifyUserRedirectToNewOrderFormViaDirectOrder] - Clicking on Staffing Companies
[INFO ] 2023-02-10 05:03:49.243 [directOrder.TG_5803_DirectOrderDeny] [clickStaffingCompanies] - Clicking on Staffing Companies Button
[INFO ] 2023-02-10 05:04:02.524 [directOrder.TG_5803_DirectOrderDeny] [clickStaffingCompanies] - Staffing Companies Button clicked successfully
[INFO ] 2023-02-10 05:04:02.530 [directOrder.TG_5803_DirectOrderDeny] [VerifyUserRedirectToNewOrderFormViaDirectOrder] - Staffing Companies Clickied Successfully
[INFO ] 2023-02-10 05:04:02.530 [directOrder.TG_5803_DirectOrderDeny] [VerifyUserRedirectToNewOrderFormViaDirectOrder] - Verifying Staffing Companies List
[INFO ] 2023-02-10 05:04:02.530 [directOrder.TG_5803_DirectOrderDeny] [verifyStaffingCompanyList] - Verify Staffing Company List is displayed
[INFO ] 2023-02-10 05:04:03.212 [directOrder.TG_5803_DirectOrderDeny] [verifyStaffingCompanyList] - Staffing Company List displayed successfully
[INFO ] 2023-02-10 05:04:03.212 [directOrder.TG_5803_DirectOrderDeny] [VerifyUserRedirectToNewOrderFormViaDirectOrder] - Staffing Companies List verified successfully
[INFO ] 2023-02-10 05:04:11.220 [directOrder.TG_5803_DirectOrderDeny] [clickHunderedFilter] - Clicking on 100 records button
[INFO ] 2023-02-10 05:04:11.477 [directOrder.TG_5803_DirectOrderDeny] [clickHunderedFilter] - 100 records button clicked Successfully
[INFO ] 2023-02-10 05:04:14.483 [directOrder.TG_5803_DirectOrderDeny] [VerifyUserRedirectToNewOrderFormViaDirectOrder] - Clicking Staffing Company
[INFO ] 2023-02-10 05:04:14.484 [directOrder.TG_5803_DirectOrderDeny] [clickStaffingCompany] - Clicking on Staffing Company
[INFO ] 2023-02-10 05:04:17.685 [directOrder.TG_5803_DirectOrderDeny] [clickStaffingCompany] - Staffing Company clicked successfully
[INFO ] 2023-02-10 05:04:17.686 [directOrder.TG_5803_DirectOrderDeny] [VerifyUserRedirectToNewOrderFormViaDirectOrder] - Staffing Company Clickied Successfully
[INFO ] 2023-02-10 05:04:20.691 [directOrder.TG_5803_DirectOrderDeny] [VerifyUserRedirectToNewOrderFormViaDirectOrder] - Clicking on Place Order Button
[INFO ] 2023-02-10 05:04:20.693 [directOrder.TG_5803_DirectOrderDeny] [clickPlaceOrderButton] - Clicking on Staffing Company
[INFO ] 2023-02-10 05:04:20.864 [directOrder.TG_5803_DirectOrderDeny] [clickPlaceOrderButton] - Staffing Company clicked successfully
[INFO ] 2023-02-10 05:04:20.865 [directOrder.TG_5803_DirectOrderDeny] [VerifyUserRedirectToNewOrderFormViaDirectOrder] - Place Order Button Clickied Successfully
[INFO ] 2023-02-10 05:04:20.934 [directOrder.TG_5803_DirectOrderDeny] [Tag_VerifyConfirmJobOrderDetails] - Started==Verifying Confirm Job Order Details
[INFO ] 2023-02-10 05:04:20.934 [directOrder.TG_5803_DirectOrderDeny] [enterEstDailyHours] - Entering EstDailyHours
[INFO ] 2023-02-10 05:04:29.320 [directOrder.TG_5803_DirectOrderDeny] [enterEstDailyHours] - EstDailyHours entered successfully
[INFO ] 2023-02-10 05:04:31.333 [directOrder.TG_5803_DirectOrderDeny] [enterStartDate] - Entering StartDate
[INFO ] 2023-02-10 05:04:36.925 [directOrder.TG_5803_DirectOrderDeny] [enterStartDate] - StartDate entered successfully
[INFO ] 2023-02-10 05:04:38.949 [directOrder.TG_5803_DirectOrderDeny] [enterEndDate] - Entering EndDate
[INFO ] 2023-02-10 05:04:44.388 [directOrder.TG_5803_DirectOrderDeny] [enterEndDate] - EndDate entered successfully
[INFO ] 2023-02-10 05:04:46.398 [directOrder.TG_5803_DirectOrderDeny] [enterStartTime] - Entering StartTime
[INFO ] 2023-02-10 05:04:47.170 [directOrder.TG_5803_DirectOrderDeny] [enterStartTime] - StartTime entered successfully
[INFO ] 2023-02-10 05:04:49.177 [directOrder.TG_5803_DirectOrderDeny] [enterAvailability] - Entering Availability
[INFO ] 2023-02-10 05:04:49.455 [directOrder.TG_5803_DirectOrderDeny] [enterAvailability] - Availabilit entered successfully
[INFO ] 2023-02-10 05:04:49.456 [directOrder.TG_5803_DirectOrderDeny] [enterJobSite] - Entering JobSite
[INFO ] 2023-02-10 05:04:53.652 [directOrder.TG_5803_DirectOrderDeny] [enterJobSite] - JobSite entered successfully
[INFO ] 2023-02-10 05:04:55.659 [directOrder.TG_5803_DirectOrderDeny] [enterJobTitle] - Entering JobTitle
[INFO ] 2023-02-10 05:04:56.816 [directOrder.TG_5803_DirectOrderDeny] [enterJobTitle] - JobTitle entered successfully
[INFO ] 2023-02-10 05:04:58.821 [directOrder.TG_5803_DirectOrderDeny] [enterNoOfWorker] - Entering No Of Workers
[INFO ] 2023-02-10 05:04:58.936 [directOrder.TG_5803_DirectOrderDeny] [enterNoOfWorker] - NoOfWorkers entered successfully
[INFO ] 2023-02-10 05:05:00.943 [directOrder.TG_5803_DirectOrderDeny] [enterESignature] - Entering ESignature
[INFO ] 2023-02-10 05:05:01.123 [directOrder.TG_5803_DirectOrderDeny] [enterESignature] - ESignature entered successfully
[INFO ] 2023-02-10 05:05:01.123 [directOrder.TG_5803_DirectOrderDeny] [clickAgreeContract] - clickAgreeContract
[INFO ] 2023-02-10 05:05:01.295 [directOrder.TG_5803_DirectOrderDeny] [clickAgreeContract] - clickAgreeContract successfully
[INFO ] 2023-02-10 05:05:04.393 [directOrder.TG_5803_DirectOrderDeny] [Tag_VerifyJobOrderIdAndPopupEmailSentSuccessfully] - Started==Verifying Job Order Id And Popup that Email Sent Successfully
