[INFO ] 2023-01-16 10:53:06.695 [company.TG_4145_ClaimOrderForStaffing] [Tag_EndToEndFlowNewOrderHiring] - Started==Starting End To End Flow NewOrderHiring
[INFO ] 2023-01-16 10:53:10.430 [company.TG_4145_ClaimOrderForStaffing] [enterUsername] - Entering new user's first name
[INFO ] 2023-01-16 10:53:11.045 [company.TG_4145_ClaimOrderForStaffing] [enterUsername] - User's first name entered successfully
[INFO ] 2023-01-16 10:53:11.045 [company.TG_4145_ClaimOrderForStaffing] [enterPassword] - Entering new user's last name
[INFO ] 2023-01-16 10:53:11.226 [company.TG_4145_ClaimOrderForStaffing] [enterPassword] - User's last name entered successfully
[INFO ] 2023-01-16 10:53:11.227 [company.TG_4145_ClaimOrderForStaffing] [clickLoginButton] - Clicking on Login Button
[INFO ] 2023-01-16 10:53:11.714 [company.TG_4145_ClaimOrderForStaffing] [clickLoginButton] - Close Pop Up clicked successfully
[INFO ] 2023-01-16 10:53:11.715 [company.TG_4145_ClaimOrderForStaffing] [newOrderHiring] - Clicking on New Order Button
[INFO ] 2023-01-16 10:53:27.400 [company.TG_4145_ClaimOrderForStaffing] [newOrderHiring] - New Order Button clicked successfully
[INFO ] 2023-01-16 10:53:27.404 [company.TG_4145_ClaimOrderForStaffing] [newOrderHiring] - Entering EstDailyHours
[INFO ] 2023-01-16 10:53:37.986 [company.TG_4145_ClaimOrderForStaffing] [newOrderHiring] - EstDailyHours entered successfully
[INFO ] 2023-01-16 10:53:37.989 [company.TG_4145_ClaimOrderForStaffing] [newOrderHiring] - Entering StartDate
[INFO ] 2023-01-16 10:53:43.910 [company.TG_4145_ClaimOrderForStaffing] [newOrderHiring] - StartDate entered successfully
[INFO ] 2023-01-16 10:53:43.914 [company.TG_4145_ClaimOrderForStaffing] [newOrderHiring] - Entering EndDate
[INFO ] 2023-01-16 10:53:55.260 [company.TG_4145_ClaimOrderForStaffing] [newOrderHiring] - EndDate entered successfully
[INFO ] 2023-01-16 10:53:55.264 [company.TG_4145_ClaimOrderForStaffing] [newOrderHiring] - Entering StartTime
[INFO ] 2023-01-16 10:53:56.338 [company.TG_4145_ClaimOrderForStaffing] [newOrderHiring] - StartTime entered successfully
[INFO ] 2023-01-16 10:53:56.345 [company.TG_4145_ClaimOrderForStaffing] [newOrderHiring] - Entering Availability
[INFO ] 2023-01-16 10:53:56.614 [company.TG_4145_ClaimOrderForStaffing] [newOrderHiring] - Availabilit entered successfully
[INFO ] 2023-01-16 10:53:56.614 [company.TG_4145_ClaimOrderForStaffing] [newOrderHiring] - Entering JobSite
[INFO ] 2023-01-16 10:54:03.112 [company.TG_4145_ClaimOrderForStaffing] [newOrderHiring] - JobSite entered successfully
[INFO ] 2023-01-16 10:54:03.113 [company.TG_4145_ClaimOrderForStaffing] [newOrderHiring] - Entering JobTitle
[INFO ] 2023-01-16 10:54:12.419 [company.TG_4145_ClaimOrderForStaffing] [newOrderHiring] - JobTitle entered successfully
[INFO ] 2023-01-16 10:54:12.425 [company.TG_4145_ClaimOrderForStaffing] [newOrderHiring] - Entering No Of Workers
[INFO ] 2023-01-16 10:54:17.626 [company.TG_4145_ClaimOrderForStaffing] [newOrderHiring] - NoOfWorkers entered successfully
[INFO ] 2023-01-16 10:54:17.628 [company.TG_4145_ClaimOrderForStaffing] [newOrderHiring] - Entering ESignature
[INFO ] 2023-01-16 10:54:20.814 [company.TG_4145_ClaimOrderForStaffing] [newOrderHiring] - ESignature entered successfully
[INFO ] 2023-01-16 10:54:20.814 [company.TG_4145_ClaimOrderForStaffing] [newOrderHiring] - clickAgreeContract
[INFO ] 2023-01-16 10:54:21.302 [company.TG_4145_ClaimOrderForStaffing] [newOrderHiring] - clickAgreeContract successfully
[INFO ] 2023-01-16 10:54:21.304 [company.TG_4145_ClaimOrderForStaffing] [newOrderHiring] - clickSaveButton
[INFO ] 2023-01-16 10:54:21.613 [company.TG_4145_ClaimOrderForStaffing] [newOrderHiring] - SaveButton Clicked successfully
[INFO ] 2023-01-16 10:54:30.095 [company.TG_4145_ClaimOrderForStaffing] [newOrderHiring] - Job order link present on the home page clicked
[INFO ] 2023-01-16 10:54:38.318 [company.TG_4145_ClaimOrderForStaffing] [newOrderHiring] - Verify Job Order Id and Email Successfully
[INFO ] 2023-01-16 10:54:52.844 [company.TG_4145_ClaimOrderForStaffing] [enterUsername] - Entering new user's first name
[INFO ] 2023-01-16 10:54:52.946 [company.TG_4145_ClaimOrderForStaffing] [enterUsername] - User's first name entered successfully
[INFO ] 2023-01-16 10:54:52.947 [company.TG_4145_ClaimOrderForStaffing] [enterPassword] - Entering new user's last name
[INFO ] 2023-01-16 10:54:53.033 [company.TG_4145_ClaimOrderForStaffing] [enterPassword] - User's last name entered successfully
[INFO ] 2023-01-16 10:54:53.033 [company.TG_4145_ClaimOrderForStaffing] [clickLoginButton] - Clicking on Login Button
[INFO ] 2023-01-16 10:54:53.205 [company.TG_4145_ClaimOrderForStaffing] [clickLoginButton] - Close Pop Up clicked successfully
[INFO ] 2023-01-16 10:54:56.215 [company.TG_4145_ClaimOrderForStaffing] [clickJobOrderHomePage] - Clicking Job orders menu present on the staffing homepage navigates to joborder listing form 
[INFO ] 2023-01-16 10:55:01.250 [company.TG_4145_ClaimOrderForStaffing] [clickJobOrderHomePage] - All job orders menu present on the staffing hompage clicked successfully and navigates to joborder listing form  .
[INFO ] 2023-01-16 10:55:03.259 [company.TG_4145_ClaimOrderForStaffing] [verifyJobOrderPage] - Job order form is displayed
[INFO ] 2023-01-16 10:55:03.340 [company.TG_4145_ClaimOrderForStaffing] [verifyJobOrderPage] - Job orderform is displayed successfully
[INFO ] 2023-01-16 10:55:03.383 [company.TG_4145_ClaimOrderForStaffing] [verifyHeadCountAvaialblecolumnIsAvailableInJobOrderForm] - Check for column headcount available is present
[INFO ] 2023-01-16 10:55:03.426 [company.TG_4145_ClaimOrderForStaffing] [verifyHeadCountAvaialblecolumnIsAvailableInJobOrderForm] - Job order form displayed headcount column successfully
[INFO ] 2023-01-16 10:55:13.462 [company.TG_4145_ClaimOrderForStaffing] [clickCreatedOrder] - Clicking on Created Order
