[INFO ] 2023-04-25 01:52:56.335 [jobOrder.TG_6130_RepeatDirectOrder] [enterUsername] - Entering new user's first name
[INFO ] 2023-04-25 01:52:58.779 [jobOrder.TG_6130_RepeatDirectOrder] [enterUsername] - User's first name entered successfully
[INFO ] 2023-04-25 01:52:58.780 [jobOrder.TG_6130_RepeatDirectOrder] [enterPassword] - Entering new user's last name
[INFO ] 2023-04-25 01:52:59.123 [jobOrder.TG_6130_RepeatDirectOrder] [enterPassword] - User's last name entered successfully
[INFO ] 2023-04-25 01:52:59.124 [jobOrder.TG_6130_RepeatDirectOrder] [clickLoginButton] - Clicking on Login Button
[INFO ] 2023-04-25 01:52:59.703 [jobOrder.TG_6130_RepeatDirectOrder] [clickLoginButton] - Close Pop Up clicked successfully
[INFO ] 2023-04-25 01:53:02.714 [jobOrder.TG_6130_RepeatDirectOrder] [clickOrdersMenuOnHiringHomePage] - Clicking Order menu present on the Hiring homepage
[INFO ] 2023-04-25 01:53:16.960 [jobOrder.TG_6130_RepeatDirectOrder] [clickOrdersMenuOnHiringHomePage] - Order menu present on the Hiring hompage clicked successfully.
[INFO ] 2023-04-25 01:53:26.968 [jobOrder.TG_6130_RepeatDirectOrder] [clickCompletedOrdersTab] - Clicking on the Completed Orders Tab 
[INFO ] 2023-04-25 01:53:27.447 [jobOrder.TG_6130_RepeatDirectOrder] [clickCompletedOrdersTab] - Completed Tab Clicked Successfully
[INFO ] 2023-04-25 01:53:42.461 [jobOrder.TG_6130_RepeatDirectOrder] [clickCompletedOrder] - Clicking on the Completed Order 
[INFO ] 2023-04-25 01:53:44.701 [jobOrder.TG_6130_RepeatDirectOrder] [clickCompletedOrder] - Completed Order Clicked Successfully
[INFO ] 2023-04-25 01:53:44.702 [jobOrder.TG_6130_RepeatDirectOrder] [getJobSiteText] - Getting Job site text
[INFO ] 2023-04-25 01:53:46.524 [jobOrder.TG_6130_RepeatDirectOrder] [getJobSiteText] - Got the text successfully
[INFO ] 2023-04-25 01:53:46.526 [jobOrder.TG_6130_RepeatDirectOrder] [getJobTitleText] - Getting Job Title text
[INFO ] 2023-04-25 01:53:46.685 [jobOrder.TG_6130_RepeatDirectOrder] [getJobTitleText] - Got the text successfully
[INFO ] 2023-04-25 01:53:46.685 [jobOrder.TG_6130_RepeatDirectOrder] [getJobIndustryText] - Getting Job Industry text
[INFO ] 2023-04-25 01:53:46.814 [jobOrder.TG_6130_RepeatDirectOrder] [getJobIndustryText] - Got the text successfully
[INFO ] 2023-04-25 01:53:46.815 [jobOrder.TG_6130_RepeatDirectOrder] [getESignature] - Getting ESignature Value
[INFO ] 2023-04-25 01:53:47.162 [jobOrder.TG_6130_RepeatDirectOrder] [getESignature] - Got the text successfully
[INFO ] 2023-04-25 01:53:49.165 [jobOrder.TG_6130_RepeatDirectOrder] [clickRepeatOrderButton] - Clicking on the Repeat Order Button
[INFO ] 2023-04-25 01:53:49.593 [jobOrder.TG_6130_RepeatDirectOrder] [clickRepeatOrderButton] - Repeat Order Button Clicked Successfully
[INFO ] 2023-04-25 01:53:49.594 [jobOrder.TG_6130_RepeatDirectOrder] [clickDirectOrderCheckbox] - Clicking on the Direct Order Checkbox
[INFO ] 2023-04-25 01:53:50.109 [jobOrder.TG_6130_RepeatDirectOrder] [clickDirectOrderCheckbox] - Direct Order Checkbox Clicked Successfully
[INFO ] 2023-04-25 01:53:50.110 [jobOrder.TG_6130_RepeatDirectOrder] [selectStaffingCompany] - Entering Staffing Company
[INFO ] 2023-04-25 01:53:50.858 [jobOrder.TG_6130_RepeatDirectOrder] [selectStaffingCompany] - Staffing Company entered successfully
[INFO ] 2023-04-25 01:53:50.859 [jobOrder.TG_6130_RepeatDirectOrder] [clickProceedButton] - Clicking on the Proceed Button
[INFO ] 2023-04-25 01:53:51.000 [jobOrder.TG_6130_RepeatDirectOrder] [clickProceedButton] - Proceed Button Clicked Successfully
[INFO ] 2023-04-25 01:53:51.001 [jobOrder.TG_6130_RepeatDirectOrder] [verifyJobSiteTextIsPresent] - Verifying same Job Site present
[INFO ] 2023-04-25 01:53:57.760 [jobOrder.TG_6130_RepeatDirectOrder] [verifyJobSiteTextIsPresent] - Same job site is present
[INFO ] 2023-04-25 01:53:57.767 [jobOrder.TG_6130_RepeatDirectOrder] [verifyJobTitleTextIsPresent] - Verifying same Job Title present
[INFO ] 2023-04-25 01:53:57.837 [jobOrder.TG_6130_RepeatDirectOrder] [verifyJobTitleTextIsPresent] - Same job Title is present
[INFO ] 2023-04-25 01:53:57.837 [jobOrder.TG_6130_RepeatDirectOrder] [verifyJobIndustryTextIsPresent] - Verifying same Job Industry present
[INFO ] 2023-04-25 01:53:58.609 [jobOrder.TG_6130_RepeatDirectOrder] [verifyJobIndustryTextIsPresent] - Same job Industry is present
[INFO ] 2023-04-25 01:53:58.610 [jobOrder.TG_6130_RepeatDirectOrder] [verifyESignatureTextIsPresent] - Verifying same Esignature present
[INFO ] 2023-04-25 01:54:39.087 [jobOrder.TG_6130_RepeatDirectOrder] [verifyESignatureTextIsPresent] - Same Esignature is present
[DEBUG] 2023-04-25 01:54:40.411 [freemarker.cache] [debug] - Couldn't find template in cache for "spark/spark.spa.ftl"("en_IN", UTF-8, parsed); will try to load it.
[DEBUG] 2023-04-25 01:54:40.417 [freemarker.cache] [debug] - TemplateLoader.findTemplateSource("spark/spark.spa_en_IN.ftl"): Not found
[DEBUG] 2023-04-25 01:54:40.419 [freemarker.cache] [debug] - TemplateLoader.findTemplateSource("spark/spark.spa_en.ftl"): Not found
[DEBUG] 2023-04-25 01:54:40.421 [freemarker.cache] [debug] - TemplateLoader.findTemplateSource("spark/spark.spa.ftl"): Found
[DEBUG] 2023-04-25 01:54:40.421 [freemarker.cache] [debug] - Loading template for "spark/spark.spa.ftl"("en_IN", UTF-8, parsed) from "jar:file:/Users/amandeep.singh/.m2/repository/com/aventstack/extentreports/5.0.7/extentreports-5.0.7.jar!/com/aventstack/extentreports/templates/spark/spark.spa.ftl"
[DEBUG] 2023-04-25 01:54:40.473 [freemarker.cache] [debug] - Couldn't find template in cache for "commons/commons-variables.ftl"("en_IN", UTF-8, parsed); will try to load it.
[DEBUG] 2023-04-25 01:54:40.474 [freemarker.cache] [debug] - TemplateLoader.findTemplateSource("commons/commons-variables_en_IN.ftl"): Not found
[DEBUG] 2023-04-25 01:54:40.475 [freemarker.cache] [debug] - TemplateLoader.findTemplateSource("commons/commons-variables_en.ftl"): Not found
[DEBUG] 2023-04-25 01:54:40.476 [freemarker.cache] [debug] - TemplateLoader.findTemplateSource("commons/commons-variables.ftl"): Found
[DEBUG] 2023-04-25 01:54:40.477 [freemarker.cache] [debug] - Loading template for "commons/commons-variables.ftl"("en_IN", UTF-8, parsed) from "jar:file:/Users/amandeep.singh/.m2/repository/com/aventstack/extentreports/5.0.7/extentreports-5.0.7.jar!/com/aventstack/extentreports/templates/commons/commons-variables.ftl"
[DEBUG] 2023-04-25 01:54:40.593 [freemarker.cache] [debug] - Couldn't find template in cache for "commons/commons-macros.ftl"("en_IN", UTF-8, parsed); will try to load it.
[DEBUG] 2023-04-25 01:54:40.595 [freemarker.cache] [debug] - TemplateLoader.findTemplateSource("commons/commons-macros_en_IN.ftl"): Not found
[DEBUG] 2023-04-25 01:54:40.597 [freemarker.cache] [debug] - TemplateLoader.findTemplateSource("commons/commons-macros_en.ftl"): Not found
[DEBUG] 2023-04-25 01:54:40.602 [freemarker.cache] [debug] - TemplateLoader.findTemplateSource("commons/commons-macros.ftl"): Found
[DEBUG] 2023-04-25 01:54:40.604 [freemarker.cache] [debug] - Loading template for "commons/commons-macros.ftl"("en_IN", UTF-8, parsed) from "jar:file:/Users/amandeep.singh/.m2/repository/com/aventstack/extentreports/5.0.7/extentreports-5.0.7.jar!/com/aventstack/extentreports/templates/commons/commons-macros.ftl"
[DEBUG] 2023-04-25 01:54:40.620 [freemarker.cache] [debug] - Couldn't find template in cache for "spark/macros/attributes.ftl"("en_IN", UTF-8, parsed); will try to load it.
[DEBUG] 2023-04-25 01:54:40.622 [freemarker.cache] [debug] - TemplateLoader.findTemplateSource("spark/macros/attributes_en_IN.ftl"): Not found
[DEBUG] 2023-04-25 01:54:40.622 [freemarker.cache] [debug] - TemplateLoader.findTemplateSource("spark/macros/attributes_en.ftl"): Not found
[DEBUG] 2023-04-25 01:54:40.626 [freemarker.cache] [debug] - TemplateLoader.findTemplateSource("spark/macros/attributes.ftl"): Found
[DEBUG] 2023-04-25 01:54:40.627 [freemarker.cache] [debug] - Loading template for "spark/macros/attributes.ftl"("en_IN", UTF-8, parsed) from "jar:file:/Users/amandeep.singh/.m2/repository/com/aventstack/extentreports/5.0.7/extentreports-5.0.7.jar!/com/aventstack/extentreports/templates/spark/macros/attributes.ftl"
[DEBUG] 2023-04-25 01:54:40.634 [freemarker.cache] [debug] - Couldn't find template in cache for "spark/macros/log.ftl"("en_IN", UTF-8, parsed); will try to load it.
[DEBUG] 2023-04-25 01:54:40.640 [freemarker.cache] [debug] - TemplateLoader.findTemplateSource("spark/macros/log_en_IN.ftl"): Not found
[DEBUG] 2023-04-25 01:54:40.644 [freemarker.cache] [debug] - TemplateLoader.findTemplateSource("spark/macros/log_en.ftl"): Not found
[DEBUG] 2023-04-25 01:54:40.653 [freemarker.cache] [debug] - TemplateLoader.findTemplateSource("spark/macros/log.ftl"): Found
[DEBUG] 2023-04-25 01:54:40.655 [freemarker.cache] [debug] - Loading template for "spark/macros/log.ftl"("en_IN", UTF-8, parsed) from "jar:file:/Users/amandeep.singh/.m2/repository/com/aventstack/extentreports/5.0.7/extentreports-5.0.7.jar!/com/aventstack/extentreports/templates/spark/macros/log.ftl"
[DEBUG] 2023-04-25 01:54:40.669 [freemarker.cache] [debug] - Couldn't find template in cache for "spark/macros/recurse_nodes.ftl"("en_IN", UTF-8, parsed); will try to load it.
[DEBUG] 2023-04-25 01:54:40.670 [freemarker.cache] [debug] - TemplateLoader.findTemplateSource("spark/macros/recurse_nodes_en_IN.ftl"): Not found
[DEBUG] 2023-04-25 01:54:40.671 [freemarker.cache] [debug] - TemplateLoader.findTemplateSource("spark/macros/recurse_nodes_en.ftl"): Not found
[DEBUG] 2023-04-25 01:54:40.672 [freemarker.cache] [debug] - TemplateLoader.findTemplateSource("spark/macros/recurse_nodes.ftl"): Found
[DEBUG] 2023-04-25 01:54:40.673 [freemarker.cache] [debug] - Loading template for "spark/macros/recurse_nodes.ftl"("en_IN", UTF-8, parsed) from "jar:file:/Users/amandeep.singh/.m2/repository/com/aventstack/extentreports/5.0.7/extentreports-5.0.7.jar!/com/aventstack/extentreports/templates/spark/macros/recurse_nodes.ftl"
[DEBUG] 2023-04-25 01:54:40.690 [freemarker.cache] [debug] - "spark/macros/log.ftl"("en_IN", UTF-8, parsed) cached copy not yet stale; using cached.
[DEBUG] 2023-04-25 01:54:40.691 [freemarker.cache] [debug] - Couldn't find template in cache for "spark/macros/attr-common.ftl"("en_IN", UTF-8, parsed); will try to load it.
[DEBUG] 2023-04-25 01:54:40.691 [freemarker.cache] [debug] - TemplateLoader.findTemplateSource("spark/macros/attr-common_en_IN.ftl"): Not found
[DEBUG] 2023-04-25 01:54:40.692 [freemarker.cache] [debug] - TemplateLoader.findTemplateSource("spark/macros/attr-common_en.ftl"): Not found
[DEBUG] 2023-04-25 01:54:40.692 [freemarker.cache] [debug] - TemplateLoader.findTemplateSource("spark/macros/attr-common.ftl"): Found
[DEBUG] 2023-04-25 01:54:40.692 [freemarker.cache] [debug] - Loading template for "spark/macros/attr-common.ftl"("en_IN", UTF-8, parsed) from "jar:file:/Users/amandeep.singh/.m2/repository/com/aventstack/extentreports/5.0.7/extentreports-5.0.7.jar!/com/aventstack/extentreports/templates/spark/macros/attr-common.ftl"
[DEBUG] 2023-04-25 01:54:40.716 [freemarker.cache] [debug] - Couldn't find template in cache for "spark/partials/head.ftl"("en_IN", UTF-8, parsed); will try to load it.
[DEBUG] 2023-04-25 01:54:40.719 [freemarker.cache] [debug] - TemplateLoader.findTemplateSource("spark/partials/head_en_IN.ftl"): Not found
[DEBUG] 2023-04-25 01:54:40.719 [freemarker.cache] [debug] - TemplateLoader.findTemplateSource("spark/partials/head_en.ftl"): Not found
[DEBUG] 2023-04-25 01:54:40.719 [freemarker.cache] [debug] - TemplateLoader.findTemplateSource("spark/partials/head.ftl"): Found
[DEBUG] 2023-04-25 01:54:40.720 [freemarker.cache] [debug] - Loading template for "spark/partials/head.ftl"("en_IN", UTF-8, parsed) from "jar:file:/Users/amandeep.singh/.m2/repository/com/aventstack/extentreports/5.0.7/extentreports-5.0.7.jar!/com/aventstack/extentreports/templates/spark/partials/head.ftl"
[DEBUG] 2023-04-25 01:54:40.727 [freemarker.cache] [debug] - Couldn't find template in cache for "commons/commons-inject-css.ftl"("en_IN", UTF-8, parsed); will try to load it.
[DEBUG] 2023-04-25 01:54:40.727 [freemarker.cache] [debug] - TemplateLoader.findTemplateSource("commons/commons-inject-css_en_IN.ftl"): Not found
[DEBUG] 2023-04-25 01:54:40.727 [freemarker.cache] [debug] - TemplateLoader.findTemplateSource("commons/commons-inject-css_en.ftl"): Not found
[DEBUG] 2023-04-25 01:54:40.727 [freemarker.cache] [debug] - TemplateLoader.findTemplateSource("commons/commons-inject-css.ftl"): Found
[DEBUG] 2023-04-25 01:54:40.728 [freemarker.cache] [debug] - Loading template for "commons/commons-inject-css.ftl"("en_IN", UTF-8, parsed) from "jar:file:/Users/amandeep.singh/.m2/repository/com/aventstack/extentreports/5.0.7/extentreports-5.0.7.jar!/com/aventstack/extentreports/templates/commons/commons-inject-css.ftl"
[DEBUG] 2023-04-25 01:54:40.729 [freemarker.cache] [debug] - Couldn't find template in cache for "spark/partials/navbar.ftl"("en_IN", UTF-8, parsed); will try to load it.
[DEBUG] 2023-04-25 01:54:40.730 [freemarker.cache] [debug] - TemplateLoader.findTemplateSource("spark/partials/navbar_en_IN.ftl"): Not found
[DEBUG] 2023-04-25 01:54:40.731 [freemarker.cache] [debug] - TemplateLoader.findTemplateSource("spark/partials/navbar_en.ftl"): Not found
[DEBUG] 2023-04-25 01:54:40.731 [freemarker.cache] [debug] - TemplateLoader.findTemplateSource("spark/partials/navbar.ftl"): Found
[DEBUG] 2023-04-25 01:54:40.731 [freemarker.cache] [debug] - Loading template for "spark/partials/navbar.ftl"("en_IN", UTF-8, parsed) from "jar:file:/Users/amandeep.singh/.m2/repository/com/aventstack/extentreports/5.0.7/extentreports-5.0.7.jar!/com/aventstack/extentreports/templates/spark/partials/navbar.ftl"
[DEBUG] 2023-04-25 01:54:40.742 [freemarker.cache] [debug] - Couldn't find template in cache for "spark/partials/sidenav.ftl"("en_IN", UTF-8, parsed); will try to load it.
[DEBUG] 2023-04-25 01:54:40.743 [freemarker.cache] [debug] - TemplateLoader.findTemplateSource("spark/partials/sidenav_en_IN.ftl"): Not found
[DEBUG] 2023-04-25 01:54:40.743 [freemarker.cache] [debug] - TemplateLoader.findTemplateSource("spark/partials/sidenav_en.ftl"): Not found
[DEBUG] 2023-04-25 01:54:40.744 [freemarker.cache] [debug] - TemplateLoader.findTemplateSource("spark/partials/sidenav.ftl"): Found
[DEBUG] 2023-04-25 01:54:40.744 [freemarker.cache] [debug] - Loading template for "spark/partials/sidenav.ftl"("en_IN", UTF-8, parsed) from "jar:file:/Users/amandeep.singh/.m2/repository/com/aventstack/extentreports/5.0.7/extentreports-5.0.7.jar!/com/aventstack/extentreports/templates/spark/partials/sidenav.ftl"
[DEBUG] 2023-04-25 01:54:40.759 [freemarker.cache] [debug] - Couldn't find template in cache for "spark/partials/dashboard.ftl"("en_IN", UTF-8, parsed); will try to load it.
[DEBUG] 2023-04-25 01:54:40.761 [freemarker.cache] [debug] - TemplateLoader.findTemplateSource("spark/partials/dashboard_en_IN.ftl"): Not found
[DEBUG] 2023-04-25 01:54:40.761 [freemarker.cache] [debug] - TemplateLoader.findTemplateSource("spark/partials/dashboard_en.ftl"): Not found
[DEBUG] 2023-04-25 01:54:40.762 [freemarker.cache] [debug] - TemplateLoader.findTemplateSource("spark/partials/dashboard.ftl"): Found
[DEBUG] 2023-04-25 01:54:40.762 [freemarker.cache] [debug] - Loading template for "spark/partials/dashboard.ftl"("en_IN", UTF-8, parsed) from "jar:file:/Users/amandeep.singh/.m2/repository/com/aventstack/extentreports/5.0.7/extentreports-5.0.7.jar!/com/aventstack/extentreports/templates/spark/partials/dashboard.ftl"
[DEBUG] 2023-04-25 01:54:40.860 [freemarker.cache] [debug] - Couldn't find template in cache for "spark/partials/category.ftl"("en_IN", UTF-8, parsed); will try to load it.
[DEBUG] 2023-04-25 01:54:40.861 [freemarker.cache] [debug] - TemplateLoader.findTemplateSource("spark/partials/category_en_IN.ftl"): Not found
[DEBUG] 2023-04-25 01:54:40.861 [freemarker.cache] [debug] - TemplateLoader.findTemplateSource("spark/partials/category_en.ftl"): Not found
[DEBUG] 2023-04-25 01:54:40.862 [freemarker.cache] [debug] - TemplateLoader.findTemplateSource("spark/partials/category.ftl"): Found
[DEBUG] 2023-04-25 01:54:40.863 [freemarker.cache] [debug] - Loading template for "spark/partials/category.ftl"("en_IN", UTF-8, parsed) from "jar:file:/Users/amandeep.singh/.m2/repository/com/aventstack/extentreports/5.0.7/extentreports-5.0.7.jar!/com/aventstack/extentreports/templates/spark/partials/category.ftl"
[DEBUG] 2023-04-25 01:54:40.873 [freemarker.cache] [debug] - Couldn't find template in cache for "spark/partials/test.ftl"("en_IN", UTF-8, parsed); will try to load it.
[DEBUG] 2023-04-25 01:54:40.873 [freemarker.cache] [debug] - TemplateLoader.findTemplateSource("spark/partials/test_en_IN.ftl"): Not found
[DEBUG] 2023-04-25 01:54:40.874 [freemarker.cache] [debug] - TemplateLoader.findTemplateSource("spark/partials/test_en.ftl"): Not found
[DEBUG] 2023-04-25 01:54:40.875 [freemarker.cache] [debug] - TemplateLoader.findTemplateSource("spark/partials/test.ftl"): Found
[DEBUG] 2023-04-25 01:54:40.875 [freemarker.cache] [debug] - Loading template for "spark/partials/test.ftl"("en_IN", UTF-8, parsed) from "jar:file:/Users/amandeep.singh/.m2/repository/com/aventstack/extentreports/5.0.7/extentreports-5.0.7.jar!/com/aventstack/extentreports/templates/spark/partials/test.ftl"
[DEBUG] 2023-04-25 01:54:40.891 [freemarker.cache] [debug] - Couldn't find template in cache for "spark/partials/standard-content.ftl"("en_IN", UTF-8, parsed); will try to load it.
[DEBUG] 2023-04-25 01:54:40.891 [freemarker.cache] [debug] - TemplateLoader.findTemplateSource("spark/partials/standard-content_en_IN.ftl"): Not found
[DEBUG] 2023-04-25 01:54:40.892 [freemarker.cache] [debug] - TemplateLoader.findTemplateSource("spark/partials/standard-content_en.ftl"): Not found
[DEBUG] 2023-04-25 01:54:40.892 [freemarker.cache] [debug] - TemplateLoader.findTemplateSource("spark/partials/standard-content.ftl"): Found
[DEBUG] 2023-04-25 01:54:40.893 [freemarker.cache] [debug] - Loading template for "spark/partials/standard-content.ftl"("en_IN", UTF-8, parsed) from "jar:file:/Users/amandeep.singh/.m2/repository/com/aventstack/extentreports/5.0.7/extentreports-5.0.7.jar!/com/aventstack/extentreports/templates/spark/partials/standard-content.ftl"
[DEBUG] 2023-04-25 01:54:40.915 [freemarker.cache] [debug] - Couldn't find template in cache for "spark/partials/scripts.ftl"("en_IN", UTF-8, parsed); will try to load it.
[DEBUG] 2023-04-25 01:54:40.916 [freemarker.cache] [debug] - TemplateLoader.findTemplateSource("spark/partials/scripts_en_IN.ftl"): Not found
[DEBUG] 2023-04-25 01:54:40.918 [freemarker.cache] [debug] - TemplateLoader.findTemplateSource("spark/partials/scripts_en.ftl"): Not found
[DEBUG] 2023-04-25 01:54:40.922 [freemarker.cache] [debug] - TemplateLoader.findTemplateSource("spark/partials/scripts.ftl"): Found
[DEBUG] 2023-04-25 01:54:40.922 [freemarker.cache] [debug] - Loading template for "spark/partials/scripts.ftl"("en_IN", UTF-8, parsed) from "jar:file:/Users/amandeep.singh/.m2/repository/com/aventstack/extentreports/5.0.7/extentreports-5.0.7.jar!/com/aventstack/extentreports/templates/spark/partials/scripts.ftl"
[DEBUG] 2023-04-25 01:54:40.923 [freemarker.cache] [debug] - Couldn't find template in cache for "commons/commons-inject-js.ftl"("en_IN", UTF-8, parsed); will try to load it.
[DEBUG] 2023-04-25 01:54:40.924 [freemarker.cache] [debug] - TemplateLoader.findTemplateSource("commons/commons-inject-js_en_IN.ftl"): Not found
[DEBUG] 2023-04-25 01:54:40.924 [freemarker.cache] [debug] - TemplateLoader.findTemplateSource("commons/commons-inject-js_en.ftl"): Not found
[DEBUG] 2023-04-25 01:54:40.924 [freemarker.cache] [debug] - TemplateLoader.findTemplateSource("commons/commons-inject-js.ftl"): Found
[DEBUG] 2023-04-25 01:54:40.924 [freemarker.cache] [debug] - Loading template for "commons/commons-inject-js.ftl"("en_IN", UTF-8, parsed) from "jar:file:/Users/amandeep.singh/.m2/repository/com/aventstack/extentreports/5.0.7/extentreports-5.0.7.jar!/com/aventstack/extentreports/templates/commons/commons-inject-js.ftl"
