[INFO ] 2023-02-01 16:23:30.429 [directOrder.TG_5803_DirectOrderDeny] [VerifyUserRedirectToNewOrderFormViaDirectOrder] - Started==Verifying Confirm Job Order Details
[INFO ] 2023-02-01 16:23:33.884 [directOrder.TG_5803_DirectOrderDeny] [enterUsername] - Entering new user's first name
[INFO ] 2023-02-01 16:23:34.394 [directOrder.TG_5803_DirectOrderDeny] [enterUsername] - User's first name entered successfully
[INFO ] 2023-02-01 16:23:34.394 [directOrder.TG_5803_DirectOrderDeny] [enterPassword] - Entering new user's last name
[INFO ] 2023-02-01 16:23:34.696 [directOrder.TG_5803_DirectOrderDeny] [enterPassword] - User's last name entered successfully
[INFO ] 2023-02-01 16:23:34.697 [directOrder.TG_5803_DirectOrderDeny] [clickLoginButton] - Clicking on Login Button
[INFO ] 2023-02-01 16:23:35.074 [directOrder.TG_5803_DirectOrderDeny] [clickLoginButton] - Close Pop Up clicked successfully
[INFO ] 2023-02-01 16:23:35.074 [directOrder.TG_5803_DirectOrderDeny] [clickStaffingCompanies] - Clicking on Staffing Companies Button
[INFO ] 2023-02-01 16:23:42.409 [directOrder.TG_5803_DirectOrderDeny] [clickStaffingCompanies] - Staffing Companies Button clicked successfully
[INFO ] 2023-02-01 16:23:42.411 [directOrder.TG_5803_DirectOrderDeny] [verifyStaffingCompanyList] - Verify Staffing Company List is displayed
[INFO ] 2023-02-01 16:23:46.904 [directOrder.TG_5803_DirectOrderDeny] [verifyStaffingCompanyList] - Staffing Company List displayed successfully
[INFO ] 2023-02-01 16:23:51.908 [directOrder.TG_5803_DirectOrderDeny] [clickStaffingCompany] - Clicking on Staffing Company
[INFO ] 2023-02-01 16:23:53.115 [directOrder.TG_5803_DirectOrderDeny] [clickStaffingCompany] - Staffing Company clicked successfully
[INFO ] 2023-02-01 16:23:56.118 [directOrder.TG_5803_DirectOrderDeny] [clickPlaceOrderButton] - Clicking on Staffing Company
[INFO ] 2023-02-01 16:23:56.336 [directOrder.TG_5803_DirectOrderDeny] [clickPlaceOrderButton] - Staffing Company clicked successfully
[INFO ] 2023-02-01 16:23:56.430 [directOrder.TG_5803_DirectOrderDeny] [Tag_EndToEndFlowNewOrderHiring] - Started==Starting End To End Flow NewOrderHiring
[INFO ] 2023-02-01 16:23:56.430 [directOrder.TG_5803_DirectOrderDeny] [newDirectOrderHiring] - Entering EstDailyHours
[INFO ] 2023-02-01 16:24:04.686 [directOrder.TG_5803_DirectOrderDeny] [newDirectOrderHiring] - EstDailyHours entered successfully
[INFO ] 2023-02-01 16:24:04.687 [directOrder.TG_5803_DirectOrderDeny] [newDirectOrderHiring] - Entering StartDate
[INFO ] 2023-02-01 16:24:10.325 [directOrder.TG_5803_DirectOrderDeny] [newDirectOrderHiring] - StartDate entered successfully
[INFO ] 2023-02-01 16:24:10.327 [directOrder.TG_5803_DirectOrderDeny] [newDirectOrderHiring] - Entering EndDate
[INFO ] 2023-02-01 16:24:21.610 [directOrder.TG_5803_DirectOrderDeny] [newDirectOrderHiring] - EndDate entered successfully
[INFO ] 2023-02-01 16:24:21.613 [directOrder.TG_5803_DirectOrderDeny] [newDirectOrderHiring] - Entering StartTime
[INFO ] 2023-02-01 16:24:22.345 [directOrder.TG_5803_DirectOrderDeny] [newDirectOrderHiring] - StartTime entered successfully
[INFO ] 2023-02-01 16:24:22.346 [directOrder.TG_5803_DirectOrderDeny] [newDirectOrderHiring] - Entering Availability
[INFO ] 2023-02-01 16:24:22.580 [directOrder.TG_5803_DirectOrderDeny] [newDirectOrderHiring] - Availabilit entered successfully
[INFO ] 2023-02-01 16:24:22.581 [directOrder.TG_5803_DirectOrderDeny] [newDirectOrderHiring] - Entering JobSite
[INFO ] 2023-02-01 16:24:28.780 [directOrder.TG_5803_DirectOrderDeny] [newDirectOrderHiring] - JobSite entered successfully
[INFO ] 2023-02-01 16:24:28.782 [directOrder.TG_5803_DirectOrderDeny] [newDirectOrderHiring] - Entering JobTitle
[INFO ] 2023-02-01 16:24:37.972 [directOrder.TG_5803_DirectOrderDeny] [newDirectOrderHiring] - JobTitle entered successfully
[INFO ] 2023-02-01 16:24:37.975 [directOrder.TG_5803_DirectOrderDeny] [newDirectOrderHiring] - Entering No Of Workers
[INFO ] 2023-02-01 16:24:43.121 [directOrder.TG_5803_DirectOrderDeny] [newDirectOrderHiring] - NoOfWorkers entered successfully
[INFO ] 2023-02-01 16:24:43.122 [directOrder.TG_5803_DirectOrderDeny] [newDirectOrderHiring] - Entering ESignature
[INFO ] 2023-02-01 16:24:46.271 [directOrder.TG_5803_DirectOrderDeny] [newDirectOrderHiring] - ESignature entered successfully
[INFO ] 2023-02-01 16:24:46.272 [directOrder.TG_5803_DirectOrderDeny] [newDirectOrderHiring] - clickAgreeContract
[INFO ] 2023-02-01 16:24:46.412 [directOrder.TG_5803_DirectOrderDeny] [newDirectOrderHiring] - clickAgreeContract successfully
[INFO ] 2023-02-01 16:24:46.412 [directOrder.TG_5803_DirectOrderDeny] [newDirectOrderHiring] - clickSaveButton
[INFO ] 2023-02-01 16:24:46.657 [directOrder.TG_5803_DirectOrderDeny] [newDirectOrderHiring] - SaveButton Clicked successfully
[INFO ] 2023-02-01 16:24:55.127 [directOrder.TG_5803_DirectOrderDeny] [newDirectOrderHiring] - Job order link present on the home page clicked
[INFO ] 2023-02-01 16:25:04.185 [directOrder.TG_5803_DirectOrderDeny] [newDirectOrderHiring] - Verify Job Order Id and Email Successfully
[INFO ] 2023-02-01 16:25:18.367 [directOrder.TG_5803_DirectOrderDeny] [enterUsername] - Entering new user's first name
[INFO ] 2023-02-01 16:25:18.482 [directOrder.TG_5803_DirectOrderDeny] [enterUsername] - User's first name entered successfully
[INFO ] 2023-02-01 16:25:18.482 [directOrder.TG_5803_DirectOrderDeny] [enterPassword] - Entering new user's last name
[INFO ] 2023-02-01 16:25:18.565 [directOrder.TG_5803_DirectOrderDeny] [enterPassword] - User's last name entered successfully
[INFO ] 2023-02-01 16:25:18.565 [directOrder.TG_5803_DirectOrderDeny] [clickLoginButton] - Clicking on Login Button
[INFO ] 2023-02-01 16:25:18.636 [directOrder.TG_5803_DirectOrderDeny] [clickLoginButton] - Close Pop Up clicked successfully
[INFO ] 2023-02-01 16:25:21.645 [directOrder.TG_5803_DirectOrderDeny] [clickNotificationIcon] - Clicking on Notifications
