[INFO ] 2023-02-25 23:42:17.254 [CRM.TG_5489_Hiring_Company_Creation_Via_TAG] [TG_5461_VerifyUserIsAbleToRouteToLeadFormSuccessfully] - Logging in
[INFO ] 2023-02-25 23:42:20.885 [CRM.TG_5489_Hiring_Company_Creation_Via_TAG] [TG_5461_VerifyUserIsAbleToRouteToLeadFormSuccessfully] - Entering Username
[INFO ] 2023-02-25 23:42:20.886 [CRM.TG_5489_Hiring_Company_Creation_Via_TAG] [enterUsername] - Entering new user's first name
[INFO ] 2023-02-25 23:42:22.427 [CRM.TG_5489_Hiring_Company_Creation_Via_TAG] [enterUsername] - User's first name entered successfully
[INFO ] 2023-02-25 23:42:22.427 [CRM.TG_5489_Hiring_Company_Creation_Via_TAG] [TG_5461_VerifyUserIsAbleToRouteToLeadFormSuccessfully] - Username Entered Successfully
[INFO ] 2023-02-25 23:42:22.427 [CRM.TG_5489_Hiring_Company_Creation_Via_TAG] [TG_5461_VerifyUserIsAbleToRouteToLeadFormSuccessfully] - Entering Password
[INFO ] 2023-02-25 23:42:22.427 [CRM.TG_5489_Hiring_Company_Creation_Via_TAG] [enterPassword] - Entering new user's last name
[INFO ] 2023-02-25 23:42:22.625 [CRM.TG_5489_Hiring_Company_Creation_Via_TAG] [enterPassword] - User's last name entered successfully
[INFO ] 2023-02-25 23:42:22.625 [CRM.TG_5489_Hiring_Company_Creation_Via_TAG] [TG_5461_VerifyUserIsAbleToRouteToLeadFormSuccessfully] - Password Entered Successfully
[INFO ] 2023-02-25 23:42:22.626 [CRM.TG_5489_Hiring_Company_Creation_Via_TAG] [TG_5461_VerifyUserIsAbleToRouteToLeadFormSuccessfully] - Clicking on Login Button
[INFO ] 2023-02-25 23:42:22.626 [CRM.TG_5489_Hiring_Company_Creation_Via_TAG] [clickLoginButton] - Clicking on Login Button
[INFO ] 2023-02-25 23:42:23.156 [CRM.TG_5489_Hiring_Company_Creation_Via_TAG] [clickLoginButton] - Close Pop Up clicked successfully
[INFO ] 2023-02-25 23:42:23.162 [CRM.TG_5489_Hiring_Company_Creation_Via_TAG] [TG_5461_VerifyUserIsAbleToRouteToLeadFormSuccessfully] - Verifying CRM Icon
[INFO ] 2023-02-25 23:42:23.162 [CRM.TG_5489_Hiring_Company_Creation_Via_TAG] [verifyCRMTextOnStaffingHomepage] - Check for CRM Icon on Homepage
[INFO ] 2023-02-25 23:42:37.058 [CRM.TG_5489_Hiring_Company_Creation_Via_TAG] [verifyCRMTextOnStaffingHomepage] - CRM Icon displayed successfully
[INFO ] 2023-02-25 23:42:37.083 [CRM.TG_5489_Hiring_Company_Creation_Via_TAG] [TG_5461_VerifyUserIsAbleToRouteToLeadFormSuccessfully] - CRM Icon Verified successfully
[INFO ] 2023-02-25 23:42:37.083 [CRM.TG_5489_Hiring_Company_Creation_Via_TAG] [TG_5461_VerifyUserIsAbleToRouteToLeadFormSuccessfully] - Clicking on CRM Icon
[INFO ] 2023-02-25 23:42:37.083 [CRM.TG_5489_Hiring_Company_Creation_Via_TAG] [clickCRMIcoOnHomepage] - Clicking on CRM Button
[INFO ] 2023-02-25 23:42:37.511 [CRM.TG_5489_Hiring_Company_Creation_Via_TAG] [clickCRMIcoOnHomepage] - CRM Button clicked successfully
[INFO ] 2023-02-25 23:42:37.511 [CRM.TG_5489_Hiring_Company_Creation_Via_TAG] [TG_5461_VerifyUserIsAbleToRouteToLeadFormSuccessfully] - CRM Icon Clicked Successfully
[INFO ] 2023-02-25 23:42:39.517 [CRM.TG_5489_Hiring_Company_Creation_Via_TAG] [TG_5461_VerifyUserIsAbleToRouteToLeadFormSuccessfully] - Clicking on Lead Icon
[INFO ] 2023-02-25 23:42:39.521 [CRM.TG_5489_Hiring_Company_Creation_Via_TAG] [clickLeadIcon] - Clicking on Lead Button
[INFO ] 2023-02-25 23:42:41.994 [CRM.TG_5489_Hiring_Company_Creation_Via_TAG] [clickLeadIcon] - Lead Button clicked successfully
[INFO ] 2023-02-25 23:42:41.996 [CRM.TG_5489_Hiring_Company_Creation_Via_TAG] [TG_5461_VerifyUserIsAbleToRouteToLeadFormSuccessfully] - Lead Icon Clicked Successfully
[INFO ] 2023-02-25 23:42:44.002 [CRM.TG_5489_Hiring_Company_Creation_Via_TAG] [TG_5461_VerifyUserIsAbleToRouteToLeadFormSuccessfully] - Verify Listing Form
[INFO ] 2023-02-25 23:42:44.003 [CRM.TG_5489_Hiring_Company_Creation_Via_TAG] [verifyLeadListingForm] - Check for Lead Title
[INFO ] 2023-02-25 23:42:44.081 [CRM.TG_5489_Hiring_Company_Creation_Via_TAG] [verifyLeadListingForm] - Lead Title displayed successfully
[INFO ] 2023-02-25 23:42:44.081 [CRM.TG_5489_Hiring_Company_Creation_Via_TAG] [TG_5461_VerifyUserIsAbleToRouteToLeadFormSuccessfully] - Listing Form verified successfully
[INFO ] 2023-02-25 23:42:46.088 [CRM.TG_5489_Hiring_Company_Creation_Via_TAG] [TG_5461_VerifyUserIsAbleToRouteToLeadFormSuccessfully] - Clicking on Add Lead Button
[INFO ] 2023-02-25 23:42:46.094 [CRM.TG_5489_Hiring_Company_Creation_Via_TAG] [clickAddLeadButton] - Clicking on Lead Button
[INFO ] 2023-02-25 23:42:47.513 [CRM.TG_5489_Hiring_Company_Creation_Via_TAG] [clickAddLeadButton] - Add Lead Button clicked successfully
[INFO ] 2023-02-25 23:42:47.513 [CRM.TG_5489_Hiring_Company_Creation_Via_TAG] [TG_5461_VerifyUserIsAbleToRouteToLeadFormSuccessfully] - Add Lead Button Clicked Successfully
[INFO ] 2023-02-25 23:42:49.520 [CRM.TG_5489_Hiring_Company_Creation_Via_TAG] [TG_5461_VerifyUserIsAbleToRouteToLeadFormSuccessfully] - Verifying the Lead Form Title
[INFO ] 2023-02-25 23:42:49.526 [CRM.TG_5489_Hiring_Company_Creation_Via_TAG] [verifyLeadForm] - Check for New Lead Form
[INFO ] 2023-02-25 23:42:49.586 [CRM.TG_5489_Hiring_Company_Creation_Via_TAG] [verifyLeadForm] - New Lead Form displayed successfully
[INFO ] 2023-02-25 23:42:49.586 [CRM.TG_5489_Hiring_Company_Creation_Via_TAG] [TG_5461_VerifyUserIsAbleToRouteToLeadFormSuccessfully] - Lead Form Title is Verified Successfully
[INFO ] 2023-02-25 23:42:49.659 [CRM.TG_5489_Hiring_Company_Creation_Via_TAG] [TG_5466_VerifyLeadCreatedSuccessfully] - Verifying Mandatory Fields
[INFO ] 2023-02-25 23:42:49.659 [CRM.TG_5489_Hiring_Company_Creation_Via_TAG] [clickSaveButton] - Clicking on Save Button
[INFO ] 2023-02-25 23:42:50.186 [CRM.TG_5489_Hiring_Company_Creation_Via_TAG] [clickSaveButton] - Save Button clicked successfully
[INFO ] 2023-02-25 23:42:52.193 [CRM.TG_5489_Hiring_Company_Creation_Via_TAG] [verifyMandatoryFieldIsBlank] - Verifying the Mandatory Field Pop-Up Title
[INFO ] 2023-02-25 23:42:52.253 [CRM.TG_5489_Hiring_Company_Creation_Via_TAG] [verifyMandatoryFieldIsBlank] - Mandatory Field Pop-Up Title displayed Successfully
[INFO ] 2023-02-25 23:42:54.259 [CRM.TG_5489_Hiring_Company_Creation_Via_TAG] [TG_5466_VerifyLeadCreatedSuccessfully] - Closing the Pop-up
[INFO ] 2023-02-25 23:42:54.261 [CRM.TG_5489_Hiring_Company_Creation_Via_TAG] [closeBlankMandatoryFieldDialogBox] - Clicking on Close Pop-Up Icon
[INFO ] 2023-02-25 23:42:54.451 [CRM.TG_5489_Hiring_Company_Creation_Via_TAG] [closeBlankMandatoryFieldDialogBox] - Close Pop-Up Icon Clicked Successfully
[INFO ] 2023-02-25 23:42:54.451 [CRM.TG_5489_Hiring_Company_Creation_Via_TAG] [TG_5466_VerifyLeadCreatedSuccessfully] - Pop-up closed Successfully
[INFO ] 2023-02-25 23:42:56.458 [CRM.TG_5489_Hiring_Company_Creation_Via_TAG] [TG_5466_VerifyLeadCreatedSuccessfully] - Entering First Name
[INFO ] 2023-02-25 23:42:56.463 [CRM.TG_5489_Hiring_Company_Creation_Via_TAG] [enterFirstName] - Entering First Name
[INFO ] 2023-02-25 23:42:56.914 [CRM.TG_5489_Hiring_Company_Creation_Via_TAG] [enterFirstName] - First Name Entered Successfully
[INFO ] 2023-02-25 23:42:56.914 [CRM.TG_5489_Hiring_Company_Creation_Via_TAG] [TG_5466_VerifyLeadCreatedSuccessfully] - First Name Entered Successfully
[INFO ] 2023-02-25 23:42:56.914 [CRM.TG_5489_Hiring_Company_Creation_Via_TAG] [TG_5466_VerifyLeadCreatedSuccessfully] - Entering Last Name
[INFO ] 2023-02-25 23:42:56.915 [CRM.TG_5489_Hiring_Company_Creation_Via_TAG] [enterLastName] - Entering Last Name
[INFO ] 2023-02-25 23:42:57.056 [CRM.TG_5489_Hiring_Company_Creation_Via_TAG] [enterLastName] - Last Name Entered Successfully
[INFO ] 2023-02-25 23:42:57.057 [CRM.TG_5489_Hiring_Company_Creation_Via_TAG] [TG_5466_VerifyLeadCreatedSuccessfully] - Last Name Entered Successfully
[INFO ] 2023-02-25 23:42:57.057 [CRM.TG_5489_Hiring_Company_Creation_Via_TAG] [TG_5466_VerifyLeadCreatedSuccessfully] - Entering Company Type
[INFO ] 2023-02-25 23:42:57.057 [CRM.TG_5489_Hiring_Company_Creation_Via_TAG] [enterCompanyType] - Entering Lead
[INFO ] 2023-02-25 23:42:57.195 [CRM.TG_5489_Hiring_Company_Creation_Via_TAG] [enterCompanyType] - Lead Entered Successfully
[INFO ] 2023-02-25 23:42:57.195 [CRM.TG_5489_Hiring_Company_Creation_Via_TAG] [TG_5466_VerifyLeadCreatedSuccessfully] - Company Type Entered Successfully
[INFO ] 2023-02-25 23:42:57.196 [CRM.TG_5489_Hiring_Company_Creation_Via_TAG] [TG_5466_VerifyLeadCreatedSuccessfully] - Entering Company Name
[INFO ] 2023-02-25 23:42:57.196 [CRM.TG_5489_Hiring_Company_Creation_Via_TAG] [enterCompanyName] - Entering Company Name
[INFO ] 2023-02-25 23:42:57.316 [CRM.TG_5489_Hiring_Company_Creation_Via_TAG] [enterCompanyName] - Company Name Entered Successfully
[INFO ] 2023-02-25 23:42:57.317 [CRM.TG_5489_Hiring_Company_Creation_Via_TAG] [TG_5466_VerifyLeadCreatedSuccessfully] - Company Name Entered Successfully
[INFO ] 2023-02-25 23:42:57.317 [CRM.TG_5489_Hiring_Company_Creation_Via_TAG] [TG_5466_VerifyLeadCreatedSuccessfully] - Entering Email
[INFO ] 2023-02-25 23:42:57.317 [CRM.TG_5489_Hiring_Company_Creation_Via_TAG] [enterEmail] - Entering Email
[INFO ] 2023-02-25 23:42:57.664 [CRM.TG_5489_Hiring_Company_Creation_Via_TAG] [enterEmail] - Email Entered Successfully
[INFO ] 2023-02-25 23:42:57.665 [CRM.TG_5489_Hiring_Company_Creation_Via_TAG] [TG_5466_VerifyLeadCreatedSuccessfully] - Email Entered Successfully
[INFO ] 2023-02-25 23:42:59.671 [CRM.TG_5489_Hiring_Company_Creation_Via_TAG] [TG_5466_VerifyLeadCreatedSuccessfully] - Entering Phone Number
[INFO ] 2023-02-25 23:42:59.672 [CRM.TG_5489_Hiring_Company_Creation_Via_TAG] [enterPhoneNumber] - Entering Phone Number
[INFO ] 2023-02-25 23:42:59.800 [CRM.TG_5489_Hiring_Company_Creation_Via_TAG] [enterPhoneNumber] - Phone Number Entered Successfully
[INFO ] 2023-02-25 23:42:59.801 [CRM.TG_5489_Hiring_Company_Creation_Via_TAG] [TG_5466_VerifyLeadCreatedSuccessfully] - Phone Number Entered Successfully
[INFO ] 2023-02-25 23:43:01.807 [CRM.TG_5489_Hiring_Company_Creation_Via_TAG] [TG_5466_VerifyLeadCreatedSuccessfully] - Entering Employee Address
[INFO ] 2023-02-25 23:43:01.809 [CRM.TG_5489_Hiring_Company_Creation_Via_TAG] [enterEmployeeAddressOnMaps] - Etering employee address on maps
[INFO ] 2023-02-25 23:43:03.259 [CRM.TG_5489_Hiring_Company_Creation_Via_TAG] [enterEmployeeAddressOnMaps] - Employee entered successfully
[INFO ] 2023-02-25 23:43:03.260 [CRM.TG_5489_Hiring_Company_Creation_Via_TAG] [TG_5466_VerifyLeadCreatedSuccessfully] - Employee Address Entered Successfull
[INFO ] 2023-02-25 23:43:05.267 [CRM.TG_5489_Hiring_Company_Creation_Via_TAG] [TG_5466_VerifyLeadCreatedSuccessfully] - Clicking on Save Button
[INFO ] 2023-02-25 23:43:05.273 [CRM.TG_5489_Hiring_Company_Creation_Via_TAG] [clickSaveButton] - Clicking on Save Button
[INFO ] 2023-02-25 23:43:05.488 [CRM.TG_5489_Hiring_Company_Creation_Via_TAG] [clickSaveButton] - Save Button clicked successfully
[INFO ] 2023-02-25 23:43:05.488 [CRM.TG_5489_Hiring_Company_Creation_Via_TAG] [TG_5466_VerifyLeadCreatedSuccessfully] - Save Button Clicked Successfully
[INFO ] 2023-02-25 23:43:08.496 [CRM.TG_5489_Hiring_Company_Creation_Via_TAG] [TG_5466_VerifyLeadCreatedSuccessfully] - Verify the LEAD Status
[INFO ] 2023-02-25 23:43:08.501 [CRM.TG_5489_Hiring_Company_Creation_Via_TAG] [verifyLeadStatus] - Check for Status as Lead
[INFO ] 2023-02-25 23:43:08.619 [CRM.TG_5489_Hiring_Company_Creation_Via_TAG] [verifyLeadStatus] - Status verified as Lead successfully
[INFO ] 2023-02-25 23:43:08.619 [CRM.TG_5489_Hiring_Company_Creation_Via_TAG] [TG_5466_VerifyLeadCreatedSuccessfully] - LEAD Status verified Successfully
[INFO ] 2023-02-25 23:43:10.625 [CRM.TG_5489_Hiring_Company_Creation_Via_TAG] [TG_5466_VerifyLeadCreatedSuccessfully] - Clicking Lead Link for Listing form
[INFO ] 2023-02-25 23:43:10.627 [CRM.TG_5489_Hiring_Company_Creation_Via_TAG] [clickLeadLinkforListingForm] - Click on Lead for Listing form
[INFO ] 2023-02-25 23:43:11.012 [CRM.TG_5489_Hiring_Company_Creation_Via_TAG] [clickLeadLinkforListingForm] - Lead for Listing form clicked Successfully
[INFO ] 2023-02-25 23:43:11.012 [CRM.TG_5489_Hiring_Company_Creation_Via_TAG] [TG_5466_VerifyLeadCreatedSuccessfully] - Lead Link for Listing form clicked Successfully
[INFO ] 2023-02-25 23:43:11.012 [CRM.TG_5489_Hiring_Company_Creation_Via_TAG] [TG_5466_VerifyLeadCreatedSuccessfully] - Verify Lead created Successfully or not
[INFO ] 2023-02-25 23:43:11.012 [CRM.TG_5489_Hiring_Company_Creation_Via_TAG] [verifyCreatedLead] - Check for Created Lead
[INFO ] 2023-02-25 23:43:11.199 [CRM.TG_5489_Hiring_Company_Creation_Via_TAG] [verifyCreatedLead] - Created Lead displayed successfully
[INFO ] 2023-02-25 23:43:11.200 [CRM.TG_5489_Hiring_Company_Creation_Via_TAG] [TG_5466_VerifyLeadCreatedSuccessfully] - Lead Created Successfully 
[INFO ] 2023-02-25 23:43:13.210 [CRM.TG_5489_Hiring_Company_Creation_Via_TAG] [TG_5466_VerifyLeadCreatedSuccessfully] - Clicking Created Lead from Listing form
[INFO ] 2023-02-25 23:43:13.212 [CRM.TG_5489_Hiring_Company_Creation_Via_TAG] [clickCreatedLead] - Clicking on Created Lead
[INFO ] 2023-02-25 23:43:13.807 [CRM.TG_5489_Hiring_Company_Creation_Via_TAG] [clickCreatedLead] - Created Lead clicked successfully
[INFO ] 2023-02-25 23:43:13.810 [CRM.TG_5489_Hiring_Company_Creation_Via_TAG] [TG_5466_VerifyLeadCreatedSuccessfully] - Created Lead Clicked Successfully
[INFO ] 2023-02-25 23:43:15.816 [CRM.TG_5489_Hiring_Company_Creation_Via_TAG] [TG_5466_VerifyLeadCreatedSuccessfully] - Selecting the Open Lead Status
[INFO ] 2023-02-25 23:43:15.817 [CRM.TG_5489_Hiring_Company_Creation_Via_TAG] [clickLeadStatusOpen] - Clicking on Status dropdown
[INFO ] 2023-02-25 23:43:16.044 [CRM.TG_5489_Hiring_Company_Creation_Via_TAG] [clickLeadStatusOpen] - Open Status entered successfully
[INFO ] 2023-02-25 23:43:16.045 [CRM.TG_5489_Hiring_Company_Creation_Via_TAG] [TG_5466_VerifyLeadCreatedSuccessfully] - Open Lead Status Selected Successfully
[INFO ] 2023-02-25 23:43:18.052 [CRM.TG_5489_Hiring_Company_Creation_Via_TAG] [TG_5466_VerifyLeadCreatedSuccessfully] - Clicking Notes Tab
[INFO ] 2023-02-25 23:43:18.054 [CRM.TG_5489_Hiring_Company_Creation_Via_TAG] [clickNotesTab] - Clicking on Notes Tab
[INFO ] 2023-02-25 23:43:18.229 [CRM.TG_5489_Hiring_Company_Creation_Via_TAG] [clickNotesTab] - Notes Tab clicked successfully
[INFO ] 2023-02-25 23:43:18.230 [CRM.TG_5489_Hiring_Company_Creation_Via_TAG] [TG_5466_VerifyLeadCreatedSuccessfully] - Notes Tab Clicked Successfully
[INFO ] 2023-02-25 23:43:20.236 [CRM.TG_5489_Hiring_Company_Creation_Via_TAG] [TG_5466_VerifyLeadCreatedSuccessfully] - Entering Notes
[INFO ] 2023-02-25 23:43:20.238 [CRM.TG_5489_Hiring_Company_Creation_Via_TAG] [enterNotes] - Entering Note
[INFO ] 2023-02-25 23:43:20.628 [CRM.TG_5489_Hiring_Company_Creation_Via_TAG] [enterNotes] - Note Entered Successfully
[INFO ] 2023-02-25 23:43:20.629 [CRM.TG_5489_Hiring_Company_Creation_Via_TAG] [TG_5466_VerifyLeadCreatedSuccessfully] - Notes Entered Successfully
[INFO ] 2023-02-25 23:43:22.634 [CRM.TG_5489_Hiring_Company_Creation_Via_TAG] [TG_5466_VerifyLeadCreatedSuccessfully] - Clicking Overview Tab
[INFO ] 2023-02-25 23:43:22.635 [CRM.TG_5489_Hiring_Company_Creation_Via_TAG] [clickOverviewTab] - Clicking on Notes Tab
[INFO ] 2023-02-25 23:43:22.800 [CRM.TG_5489_Hiring_Company_Creation_Via_TAG] [clickOverviewTab] - Notes Tab clicked successfully
[INFO ] 2023-02-25 23:43:22.801 [CRM.TG_5489_Hiring_Company_Creation_Via_TAG] [TG_5466_VerifyLeadCreatedSuccessfully] - Overview Tab Clicked Successfully
[INFO ] 2023-02-25 23:43:24.807 [CRM.TG_5489_Hiring_Company_Creation_Via_TAG] [TG_5466_VerifyLeadCreatedSuccessfully] - Selecting the Contract Negotiation Lead Status
[INFO ] 2023-02-25 23:43:24.809 [CRM.TG_5489_Hiring_Company_Creation_Via_TAG] [clickLeadStatusContractNegotiation] - Clicking on Status dropdown
[INFO ] 2023-02-25 23:43:24.905 [CRM.TG_5489_Hiring_Company_Creation_Via_TAG] [clickLeadStatusContractNegotiation] - Contract Negotiation Status entered successfully
[INFO ] 2023-02-25 23:43:24.905 [CRM.TG_5489_Hiring_Company_Creation_Via_TAG] [TG_5466_VerifyLeadCreatedSuccessfully] - Contract Negotiation Lead Status Selected Successfully
[INFO ] 2023-02-25 23:43:26.911 [CRM.TG_5489_Hiring_Company_Creation_Via_TAG] [TG_5466_VerifyLeadCreatedSuccessfully] - Clicking Save Button
[INFO ] 2023-02-25 23:43:26.913 [CRM.TG_5489_Hiring_Company_Creation_Via_TAG] [clickSaveButton] - Clicking on Save Button
[INFO ] 2023-02-25 23:43:27.041 [CRM.TG_5489_Hiring_Company_Creation_Via_TAG] [clickSaveButton] - Save Button clicked successfully
[INFO ] 2023-02-25 23:43:27.041 [CRM.TG_5489_Hiring_Company_Creation_Via_TAG] [TG_5466_VerifyLeadCreatedSuccessfully] - Save Button Clicked Successfully
[INFO ] 2023-02-25 23:43:29.045 [CRM.TG_5489_Hiring_Company_Creation_Via_TAG] [TG_5466_VerifyLeadCreatedSuccessfully] - Verify Prepare Contract Button
[INFO ] 2023-02-25 23:43:29.047 [CRM.TG_5489_Hiring_Company_Creation_Via_TAG] [verifyPrepareContractButton] - Verify Prepare Contract Button
[INFO ] 2023-02-25 23:43:29.098 [CRM.TG_5489_Hiring_Company_Creation_Via_TAG] [verifyPrepareContractButton] - Prepare Contract Button displayed successfully
[INFO ] 2023-02-25 23:43:29.099 [CRM.TG_5489_Hiring_Company_Creation_Via_TAG] [TG_5466_VerifyLeadCreatedSuccessfully] - Prepare Contract Button Verified Successfully
[INFO ] 2023-02-25 23:43:29.099 [CRM.TG_5489_Hiring_Company_Creation_Via_TAG] [TG_5466_VerifyLeadCreatedSuccessfully] - Click Prepare Contract Button
[INFO ] 2023-02-25 23:43:29.100 [CRM.TG_5489_Hiring_Company_Creation_Via_TAG] [clickPrepareContractButton] - Clicking on Prepare Contract Button
[INFO ] 2023-02-25 23:43:29.184 [CRM.TG_5489_Hiring_Company_Creation_Via_TAG] [clickPrepareContractButton] - Prepare Contract Button clicked successfully
[INFO ] 2023-02-25 23:43:29.185 [CRM.TG_5489_Hiring_Company_Creation_Via_TAG] [TG_5466_VerifyLeadCreatedSuccessfully] - Prepare Contract Button Clicked Successfully
[INFO ] 2023-02-25 23:43:31.192 [CRM.TG_5489_Hiring_Company_Creation_Via_TAG] [TG_5466_VerifyLeadCreatedSuccessfully] - Verify Contract Form
[INFO ] 2023-02-25 23:43:31.199 [CRM.TG_5489_Hiring_Company_Creation_Via_TAG] [verifyContractForm] - Check for New Contract Form
[INFO ] 2023-02-25 23:43:31.303 [CRM.TG_5489_Hiring_Company_Creation_Via_TAG] [verifyContractForm] - New Contract Form displayed successfully
[INFO ] 2023-02-25 23:43:31.303 [CRM.TG_5489_Hiring_Company_Creation_Via_TAG] [TG_5466_VerifyLeadCreatedSuccessfully] - New Contract Form verified Successfully
[INFO ] 2023-02-25 23:43:31.304 [CRM.TG_5489_Hiring_Company_Creation_Via_TAG] [TG_5466_VerifyLeadCreatedSuccessfully] - Entering Start Date
[INFO ] 2023-02-25 23:43:31.304 [CRM.TG_5489_Hiring_Company_Creation_Via_TAG] [enterStartDate] - Entering the Start Date 
[INFO ] 2023-02-25 23:43:36.709 [CRM.TG_5489_Hiring_Company_Creation_Via_TAG] [enterStartDate] - Start Date Entered Successfully
[INFO ] 2023-02-25 23:43:36.717 [CRM.TG_5489_Hiring_Company_Creation_Via_TAG] [TG_5466_VerifyLeadCreatedSuccessfully] - Start Date Entered Successfully
[INFO ] 2023-02-25 23:43:38.724 [CRM.TG_5489_Hiring_Company_Creation_Via_TAG] [TG_5466_VerifyLeadCreatedSuccessfully] - Entering End Date
[INFO ] 2023-02-25 23:43:38.726 [CRM.TG_5489_Hiring_Company_Creation_Via_TAG] [enterEndDate] - Entering the End Date
[INFO ] 2023-02-25 23:43:44.027 [CRM.TG_5489_Hiring_Company_Creation_Via_TAG] [enterEndDate] - End Date Entered Successfully
[INFO ] 2023-02-25 23:43:44.029 [CRM.TG_5489_Hiring_Company_Creation_Via_TAG] [TG_5466_VerifyLeadCreatedSuccessfully] - End Date Entered Successfully
[INFO ] 2023-02-25 23:43:46.034 [CRM.TG_5489_Hiring_Company_Creation_Via_TAG] [TG_5466_VerifyLeadCreatedSuccessfully] - Clicking Add Row Button
[INFO ] 2023-02-25 23:43:46.035 [CRM.TG_5489_Hiring_Company_Creation_Via_TAG] [clickAddRowButton] - Clicking on Add Row Button
[INFO ] 2023-02-25 23:43:46.264 [CRM.TG_5489_Hiring_Company_Creation_Via_TAG] [clickAddRowButton] - Add Row Button clicked successfully
[INFO ] 2023-02-25 23:43:46.264 [CRM.TG_5489_Hiring_Company_Creation_Via_TAG] [TG_5466_VerifyLeadCreatedSuccessfully] - Add Row Button Clicked Successfully
[INFO ] 2023-02-25 23:43:48.271 [CRM.TG_5489_Hiring_Company_Creation_Via_TAG] [TG_5466_VerifyLeadCreatedSuccessfully] - Clicking Job Title
[INFO ] 2023-02-25 23:43:48.274 [CRM.TG_5489_Hiring_Company_Creation_Via_TAG] [clickJobTitleInTable] - Entering Job Title List in the Table
[INFO ] 2023-02-25 23:43:48.412 [CRM.TG_5489_Hiring_Company_Creation_Via_TAG] [clickJobTitleInTable] - Clicked Job Title in the Table successfully
[INFO ] 2023-02-25 23:43:48.412 [CRM.TG_5489_Hiring_Company_Creation_Via_TAG] [TG_5466_VerifyLeadCreatedSuccessfully] - Job Title Clicked Successfully
[INFO ] 2023-02-25 23:43:50.418 [CRM.TG_5489_Hiring_Company_Creation_Via_TAG] [TG_5466_VerifyLeadCreatedSuccessfully] - Entering Job Title
[INFO ] 2023-02-25 23:43:50.419 [CRM.TG_5489_Hiring_Company_Creation_Via_TAG] [enterTitle] - Enter Title
[INFO ] 2023-02-25 23:43:53.974 [CRM.TG_5489_Hiring_Company_Creation_Via_TAG] [enterTitle] - Entered Job Title in the Table successfully
[INFO ] 2023-02-25 23:43:53.976 [CRM.TG_5489_Hiring_Company_Creation_Via_TAG] [TG_5466_VerifyLeadCreatedSuccessfully] - Job Title Entered Successfully
[INFO ] 2023-02-25 23:43:55.977 [CRM.TG_5489_Hiring_Company_Creation_Via_TAG] [TG_5466_VerifyLeadCreatedSuccessfully] - Entering Signature
[INFO ] 2023-02-25 23:43:55.980 [CRM.TG_5489_Hiring_Company_Creation_Via_TAG] [enterSign] - Entering Sign
[INFO ] 2023-02-25 23:43:56.176 [CRM.TG_5489_Hiring_Company_Creation_Via_TAG] [enterSign] - Sign Entered Successfully
[INFO ] 2023-02-25 23:43:56.177 [CRM.TG_5489_Hiring_Company_Creation_Via_TAG] [TG_5466_VerifyLeadCreatedSuccessfully] - Signature Entered Successfully
[INFO ] 2023-02-25 23:43:58.182 [CRM.TG_5489_Hiring_Company_Creation_Via_TAG] [TG_5466_VerifyLeadCreatedSuccessfully] - Clicking Save Button in Contract
[INFO ] 2023-02-25 23:43:58.183 [CRM.TG_5489_Hiring_Company_Creation_Via_TAG] [clickSaveButtonInContract] - Clicking on Save Button
[INFO ] 2023-02-25 23:43:58.499 [CRM.TG_5489_Hiring_Company_Creation_Via_TAG] [clickSaveButtonInContract] - Save Button clicked successfully
[INFO ] 2023-02-25 23:43:58.499 [CRM.TG_5489_Hiring_Company_Creation_Via_TAG] [TG_5466_VerifyLeadCreatedSuccessfully] - Save Button Clicked Successfully
[INFO ] 2023-02-25 23:44:00.504 [CRM.TG_5489_Hiring_Company_Creation_Via_TAG] [TG_5466_VerifyLeadCreatedSuccessfully] - Verify Finalize Contract Button
[INFO ] 2023-02-25 23:44:00.509 [CRM.TG_5489_Hiring_Company_Creation_Via_TAG] [verifyFinalizeButton] - Verify Finalize Button
[INFO ] 2023-02-25 23:44:00.602 [CRM.TG_5489_Hiring_Company_Creation_Via_TAG] [verifyFinalizeButton] - Finalize Button displayed successfully
[INFO ] 2023-02-25 23:44:00.603 [CRM.TG_5489_Hiring_Company_Creation_Via_TAG] [TG_5466_VerifyLeadCreatedSuccessfully] - Finalize Contract Button verified Successfully
[INFO ] 2023-02-25 23:44:02.609 [CRM.TG_5489_Hiring_Company_Creation_Via_TAG] [TG_5466_VerifyLeadCreatedSuccessfully] - Clicking Finalize Contrac Button
[INFO ] 2023-02-25 23:44:02.616 [CRM.TG_5489_Hiring_Company_Creation_Via_TAG] [clickFinalizeButton] - Clicking Finalize button
[INFO ] 2023-02-25 23:44:02.735 [CRM.TG_5489_Hiring_Company_Creation_Via_TAG] [clickFinalizeButton] - Finalize button clicked successfully
[INFO ] 2023-02-25 23:44:02.736 [CRM.TG_5489_Hiring_Company_Creation_Via_TAG] [TG_5466_VerifyLeadCreatedSuccessfully] - Finalize Contrac Button Clicked Successfully
[INFO ] 2023-02-25 23:45:05.749 [CRM.TG_5489_Hiring_Company_Creation_Via_TAG] [TG_5466_VerifyLeadCreatedSuccessfully] - Clicking Contract Link
[INFO ] 2023-02-25 23:45:05.755 [CRM.TG_5489_Hiring_Company_Creation_Via_TAG] [clickContractLinkforListingForm] - Click on Contract for Listing form
[INFO ] 2023-02-25 23:45:06.128 [CRM.TG_5489_Hiring_Company_Creation_Via_TAG] [clickContractLinkforListingForm] - Contract for Listing form clicked Successfully
[INFO ] 2023-02-25 23:45:06.129 [CRM.TG_5489_Hiring_Company_Creation_Via_TAG] [TG_5466_VerifyLeadCreatedSuccessfully] - Contract Link Clicked Successfully
[INFO ] 2023-02-25 23:45:08.134 [CRM.TG_5489_Hiring_Company_Creation_Via_TAG] [TG_5466_VerifyLeadCreatedSuccessfully] - Verify Created Contract
[INFO ] 2023-02-25 23:45:08.136 [CRM.TG_5489_Hiring_Company_Creation_Via_TAG] [verifyCreatedContract] - Check for Created Contract
[INFO ] 2023-02-25 23:45:08.242 [CRM.TG_5489_Hiring_Company_Creation_Via_TAG] [verifyCreatedContract] - Created Contract displayed successfully
[INFO ] 2023-02-25 23:45:08.242 [CRM.TG_5489_Hiring_Company_Creation_Via_TAG] [TG_5466_VerifyLeadCreatedSuccessfully] - Created Contract Verified Successfully
[INFO ] 2023-02-25 23:45:10.248 [CRM.TG_5489_Hiring_Company_Creation_Via_TAG] [TG_5466_VerifyLeadCreatedSuccessfully] - Verifying CRM Icon
[INFO ] 2023-02-25 23:45:10.250 [CRM.TG_5489_Hiring_Company_Creation_Via_TAG] [clickCRMIcon] - Clicking on CRM Button
[INFO ] 2023-02-25 23:45:10.432 [CRM.TG_5489_Hiring_Company_Creation_Via_TAG] [clickCRMIcon] - CRM Button clicked successfully
[INFO ] 2023-02-25 23:45:10.432 [CRM.TG_5489_Hiring_Company_Creation_Via_TAG] [TG_5466_VerifyLeadCreatedSuccessfully] - CRM Icon Clicked Successfully
[INFO ] 2023-02-25 23:45:12.437 [CRM.TG_5489_Hiring_Company_Creation_Via_TAG] [TG_5466_VerifyLeadCreatedSuccessfully] - Clicking Contact Link
[INFO ] 2023-02-25 23:45:12.438 [CRM.TG_5489_Hiring_Company_Creation_Via_TAG] [clickContactIcon] - Clicking on Contact Button
[INFO ] 2023-02-25 23:45:15.570 [CRM.TG_5489_Hiring_Company_Creation_Via_TAG] [clickContactIcon] - Contact Button clicked successfully
[INFO ] 2023-02-25 23:45:15.572 [CRM.TG_5489_Hiring_Company_Creation_Via_TAG] [TG_5466_VerifyLeadCreatedSuccessfully] - Contact Link Clicked Successfully
[INFO ] 2023-02-25 23:45:15.572 [CRM.TG_5489_Hiring_Company_Creation_Via_TAG] [TG_5466_VerifyLeadCreatedSuccessfully] - Verify Created Contact
[INFO ] 2023-02-25 23:45:15.572 [CRM.TG_5489_Hiring_Company_Creation_Via_TAG] [verifyCreatedContact] - Check for Created Contact
[INFO ] 2023-02-25 23:45:17.073 [CRM.TG_5489_Hiring_Company_Creation_Via_TAG] [verifyCreatedContact] - Created Contact displayed successfully
[INFO ] 2023-02-25 23:45:17.076 [CRM.TG_5489_Hiring_Company_Creation_Via_TAG] [TG_5466_VerifyLeadCreatedSuccessfully] - Created Contact Verified Successfully
