[INFO ] 2023-03-28 23:30:08.618 [company.TG_4355_EmployeeOnboarding] [enterUsername] - Entering new user's first name
[INFO ] 2023-03-28 23:30:10.541 [company.TG_4355_EmployeeOnboarding] [enterUsername] - User's first name entered successfully
[INFO ] 2023-03-28 23:30:10.542 [company.TG_4355_EmployeeOnboarding] [enterPassword] - Entering new user's last name
[INFO ] 2023-03-28 23:30:10.793 [company.TG_4355_EmployeeOnboarding] [enterPassword] - User's last name entered successfully
[INFO ] 2023-03-28 23:30:10.793 [company.TG_4355_EmployeeOnboarding] [clickLoginButton] - Clicking on Login Button
[INFO ] 2023-03-28 23:30:11.352 [company.TG_4355_EmployeeOnboarding] [clickLoginButton] - Close Pop Up clicked successfully
[INFO ] 2023-03-28 23:30:14.395 [company.TG_4355_EmployeeOnboarding] [clickATSMenuOnStaffingHomePage] - Clicking Order menu present on the staffing homepage
[INFO ] 2023-03-28 23:30:27.777 [company.TG_4355_EmployeeOnboarding] [clickATSMenuOnStaffingHomePage] - ATS menu present on the staffing hompage clicked successfully.
[INFO ] 2023-03-28 23:30:27.780 [company.TG_4355_EmployeeOnboarding] [verifyOnboardingMenuOnStaffingHomePage] - Verify Order menu present on the staffing homepage
[INFO ] 2023-03-28 23:30:27.911 [company.TG_4355_EmployeeOnboarding] [verifyOnboardingMenuOnStaffingHomePage] - onboardingMenu displayed successfully.
[INFO ] 2023-03-28 23:30:27.914 [company.TG_4355_EmployeeOnboarding] [verifySetUpMenuOnStaffingHomePage] - Verify setup menu present on the staffing homepage
[INFO ] 2023-03-28 23:30:28.044 [company.TG_4355_EmployeeOnboarding] [verifySetUpMenuOnStaffingHomePage] - Setup menu displayed successfully.
[INFO ] 2023-03-28 23:30:28.045 [company.TG_4355_EmployeeOnboarding] [clickOnboardingMenuOnStaffingHomePage] - Clicking Onboarding menu present on the staffing homepage
[INFO ] 2023-03-28 23:30:29.098 [company.TG_4355_EmployeeOnboarding] [clickOnboardingMenuOnStaffingHomePage] - Onboarding menu present on the staffing hompage clicked successfully.
[INFO ] 2023-03-28 23:30:31.104 [company.TG_4355_EmployeeOnboarding] [verifyEmployeeOnboardingTitle] - Verify EmployeeOnboardingTitle on the employee-onboarding page
[INFO ] 2023-03-28 23:30:31.639 [company.TG_4355_EmployeeOnboarding] [verifyEmployeeOnboardingTitle] - EmployeeOnboardingTitle menu displayed successfully.
[INFO ] 2023-03-28 23:30:33.647 [company.TG_4355_EmployeeOnboarding] [clickAddEmployeeOnboarding] - Clicking AddEmployeeOnboarding present on the  employee-onboarding page
[INFO ] 2023-03-28 23:30:34.615 [company.TG_4355_EmployeeOnboarding] [clickAddEmployeeOnboarding] - Add Employee Onboarding button clicked successfully.
[INFO ] 2023-03-28 23:30:34.616 [company.TG_4355_EmployeeOnboarding] [verifyNewEmployeeOnboardingTitle] - Verify New Employee Onboarding Title while clicking add Employee Onboarding Button
[INFO ] 2023-03-28 23:30:35.056 [company.TG_4355_EmployeeOnboarding] [verifyNewEmployeeOnboardingTitle] - New Employee Onboarding Title displayed while clicking add Employee Onboarding Button successfully.
[INFO ] 2023-03-28 23:30:35.057 [company.TG_4355_EmployeeOnboarding] [clickSaveButton] - Clicking save button on New Employee Onboarding form
[INFO ] 2023-03-28 23:30:38.497 [company.TG_4355_EmployeeOnboarding] [clickSaveButton] - Save button clicked successfully
[INFO ] 2023-03-28 23:30:38.497 [company.TG_4355_EmployeeOnboarding] [verifyMissingFieldPopUp] - Verify Missing field dialog while clicking save Button
[INFO ] 2023-03-28 23:30:38.707 [company.TG_4355_EmployeeOnboarding] [verifyMissingFieldPopUp] - Missing field dialog displayed while clicking save Button successfully.
[INFO ] 2023-03-28 23:30:38.708 [company.TG_4355_EmployeeOnboarding] [clickCloseButtonMissingFieldPopUp] - Clicking close button on New Employee Onboarding form
[INFO ] 2023-03-28 23:30:41.901 [company.TG_4355_EmployeeOnboarding] [clickCloseButtonMissingFieldPopUp] - CLose button clicked successfully
[INFO ] 2023-03-28 23:30:41.902 [company.TG_4355_EmployeeOnboarding] [verifyFirstNameIsVisible] - Checking first name feild is Visible
[INFO ] 2023-03-28 23:30:41.996 [company.TG_4355_EmployeeOnboarding] [verifyFirstNameIsVisible] - First name is displayed successfully
[INFO ] 2023-03-28 23:30:41.997 [company.TG_4355_EmployeeOnboarding] [clickSaveButton] - Clicking save button on New Employee Onboarding form
[INFO ] 2023-03-28 23:30:45.196 [company.TG_4355_EmployeeOnboarding] [clickSaveButton] - Save button clicked successfully
[INFO ] 2023-03-28 23:30:47.202 [company.TG_4355_EmployeeOnboarding] [verifyMissingFieldPopUp] - Verify Missing field dialog while clicking save Button
[INFO ] 2023-03-28 23:30:47.301 [company.TG_4355_EmployeeOnboarding] [verifyMissingFieldPopUp] - Missing field dialog displayed while clicking save Button successfully.
[INFO ] 2023-03-28 23:30:47.302 [company.TG_4355_EmployeeOnboarding] [verifyMissingFieldPopUp] - Verify Missing field dialog while clicking save Button
[INFO ] 2023-03-28 23:30:47.378 [company.TG_4355_EmployeeOnboarding] [verifyMissingFieldPopUp] - Missing field dialog displayed while clicking save Button successfully.
[INFO ] 2023-03-28 23:30:47.378 [company.TG_4355_EmployeeOnboarding] [clickCloseButtonMissingFieldPopUp] - Clicking close button on New Employee Onboarding form
[INFO ] 2023-03-28 23:30:50.522 [company.TG_4355_EmployeeOnboarding] [clickCloseButtonMissingFieldPopUp] - CLose button clicked successfully
[INFO ] 2023-03-28 23:30:50.523 [company.TG_4355_EmployeeOnboarding] [enterFirstName] - Entering new user's first name
[INFO ] 2023-03-28 23:30:50.751 [company.TG_4355_EmployeeOnboarding] [enterFirstName] - User's first name entered successfully
[INFO ] 2023-03-28 23:30:53.760 [company.TG_4355_EmployeeOnboarding] [verifyLastNameIsVisible] - Checking last name feild is Visible
[INFO ] 2023-03-28 23:30:53.885 [company.TG_4355_EmployeeOnboarding] [verifyLastNameIsVisible] - last name is displayed successfully
[INFO ] 2023-03-28 23:30:53.886 [company.TG_4355_EmployeeOnboarding] [clickSaveButton] - Clicking save button on New Employee Onboarding form
[INFO ] 2023-03-28 23:30:57.005 [company.TG_4355_EmployeeOnboarding] [clickSaveButton] - Save button clicked successfully
[INFO ] 2023-03-28 23:30:59.012 [company.TG_4355_EmployeeOnboarding] [verifyMissingFieldPopUp] - Verify Missing field dialog while clicking save Button
[INFO ] 2023-03-28 23:30:59.140 [company.TG_4355_EmployeeOnboarding] [verifyMissingFieldPopUp] - Missing field dialog displayed while clicking save Button successfully.
[INFO ] 2023-03-28 23:30:59.140 [company.TG_4355_EmployeeOnboarding] [verifyMissingFieldPopUp] - Verify Missing field dialog while clicking save Button
[INFO ] 2023-03-28 23:30:59.201 [company.TG_4355_EmployeeOnboarding] [verifyMissingFieldPopUp] - Missing field dialog displayed while clicking save Button successfully.
[INFO ] 2023-03-28 23:30:59.202 [company.TG_4355_EmployeeOnboarding] [clickCloseButtonMissingFieldPopUp] - Clicking close button on New Employee Onboarding form
[INFO ] 2023-03-28 23:31:02.324 [company.TG_4355_EmployeeOnboarding] [clickCloseButtonMissingFieldPopUp] - CLose button clicked successfully
[INFO ] 2023-03-28 23:31:02.325 [company.TG_4355_EmployeeOnboarding] [enterLastName] - Entering new user's Last name
[INFO ] 2023-03-28 23:31:02.685 [company.TG_4355_EmployeeOnboarding] [enterLastName] - User's last name entered successfully
[INFO ] 2023-03-28 23:31:05.692 [company.TG_4355_EmployeeOnboarding] [verifyEmailVisible] - Checking email is Visible
[INFO ] 2023-03-28 23:31:05.811 [company.TG_4355_EmployeeOnboarding] [verifyEmailVisible] - email is displayed successfully
[INFO ] 2023-03-28 23:31:05.811 [company.TG_4355_EmployeeOnboarding] [clickSaveButton] - Clicking save button on New Employee Onboarding form
[INFO ] 2023-03-28 23:31:08.945 [company.TG_4355_EmployeeOnboarding] [clickSaveButton] - Save button clicked successfully
[INFO ] 2023-03-28 23:31:10.951 [company.TG_4355_EmployeeOnboarding] [verifyMissingFieldPopUp] - Verify Missing field dialog while clicking save Button
[INFO ] 2023-03-28 23:31:11.013 [company.TG_4355_EmployeeOnboarding] [verifyMissingFieldPopUp] - Missing field dialog displayed while clicking save Button successfully.
[INFO ] 2023-03-28 23:31:11.014 [company.TG_4355_EmployeeOnboarding] [verifyMissingFieldPopUp] - Verify Missing field dialog while clicking save Button
[INFO ] 2023-03-28 23:31:11.055 [company.TG_4355_EmployeeOnboarding] [verifyMissingFieldPopUp] - Missing field dialog displayed while clicking save Button successfully.
[INFO ] 2023-03-28 23:31:11.056 [company.TG_4355_EmployeeOnboarding] [clickCloseButtonMissingFieldPopUp] - Clicking close button on New Employee Onboarding form
[INFO ] 2023-03-28 23:31:14.156 [company.TG_4355_EmployeeOnboarding] [clickCloseButtonMissingFieldPopUp] - CLose button clicked successfully
[INFO ] 2023-03-28 23:31:14.158 [company.TG_4355_EmployeeOnboarding] [enterEmail] - Entering new email
[INFO ] 2023-03-28 23:31:14.352 [company.TG_4355_EmployeeOnboarding] [enterEmail] - email entered successfully
[INFO ] 2023-03-28 23:31:17.358 [company.TG_4355_EmployeeOnboarding] [clickSaveButton] - Clicking save button on New Employee Onboarding form
[INFO ] 2023-03-28 23:31:20.536 [company.TG_4355_EmployeeOnboarding] [clickSaveButton] - Save button clicked successfully
[INFO ] 2023-03-28 23:31:22.543 [company.TG_4355_EmployeeOnboarding] [verifyMissingFieldPopUp] - Verify Missing field dialog while clicking save Button
[INFO ] 2023-03-28 23:31:22.687 [company.TG_4355_EmployeeOnboarding] [verifyMissingFieldPopUp] - Missing field dialog displayed while clicking save Button successfully.
[INFO ] 2023-03-28 23:31:22.687 [company.TG_4355_EmployeeOnboarding] [verifyMissingFieldPopUp] - Verify Missing field dialog while clicking save Button
[INFO ] 2023-03-28 23:31:22.736 [company.TG_4355_EmployeeOnboarding] [verifyMissingFieldPopUp] - Missing field dialog displayed while clicking save Button successfully.
[INFO ] 2023-03-28 23:31:22.736 [company.TG_4355_EmployeeOnboarding] [clickCloseButtonMissingFieldPopUp] - Clicking close button on New Employee Onboarding form
[INFO ] 2023-03-28 23:31:25.858 [company.TG_4355_EmployeeOnboarding] [clickCloseButtonMissingFieldPopUp] - CLose button clicked successfully
[INFO ] 2023-03-28 23:31:25.859 [company.TG_4355_EmployeeOnboarding] [enterEmployeeOnboardingTemplateValue] - Entering 
[INFO ] 2023-03-28 23:31:26.527 [company.TG_4355_EmployeeOnboarding] [enterEmployeeOnboardingTemplateValue] - entered successfully
[INFO ] 2023-03-28 23:31:29.534 [company.TG_4355_EmployeeOnboarding] [enterDateOfBirth] - Entering DOb in  new EmployeeOnborading page
[INFO ] 2023-03-28 23:31:35.132 [company.TG_4355_EmployeeOnboarding] [enterDateOfBirth] - Entered DOb in  new EmployeeOnborading page successfully
[INFO ] 2023-03-28 23:31:35.133 [company.TG_4355_EmployeeOnboarding] [verifyBirthYearErrorMessage] - Verify birth year error message 
[INFO ] 2023-03-28 23:31:35.741 [company.TG_4355_EmployeeOnboarding] [verifyBirthYearErrorMessage] - Birth year error message verified successfully.
[INFO ] 2023-03-28 23:31:35.741 [company.TG_4355_EmployeeOnboarding] [clickCloseIcon] - Clicking on Close Icon
[INFO ] 2023-03-28 23:31:38.900 [company.TG_4355_EmployeeOnboarding] [clickCloseIcon] - Close Icon clicked successfully
[INFO ] 2023-03-28 23:31:38.902 [company.TG_4355_EmployeeOnboarding] [enterDateOfBirth] - Entering DOb in  new EmployeeOnborading page
[INFO ] 2023-03-28 23:31:44.451 [company.TG_4355_EmployeeOnboarding] [enterDateOfBirth] - Entered DOb in  new EmployeeOnborading page successfully
[INFO ] 2023-03-28 23:31:47.462 [company.TG_4355_EmployeeOnboarding] [clickSaveButton] - Clicking save button on New Employee Onboarding form
[INFO ] 2023-03-28 23:31:50.635 [company.TG_4355_EmployeeOnboarding] [clickSaveButton] - Save button clicked successfully
[INFO ] 2023-03-28 23:31:53.640 [company.TG_4355_EmployeeOnboarding] [verifyDraftStatusOnForm] - verify clicking Save button moved to Draft Status on form
[INFO ] 2023-03-28 23:31:57.490 [company.TG_4355_EmployeeOnboarding] [verifyDraftStatusOnForm] - verified clicking Save button moved to Draft Status on form successfully
[INFO ] 2023-03-28 23:32:00.498 [company.TG_4355_EmployeeOnboarding] [verifySubmitButtonOnForm] - verify clicking Submit button on Employee Onboarding form
[INFO ] 2023-03-28 23:32:00.599 [company.TG_4355_EmployeeOnboarding] [verifySubmitButtonOnForm] - verified clicking on Submit button on Employee Onboarding form successfully
[INFO ] 2023-03-28 23:32:00.600 [company.TG_4355_EmployeeOnboarding] [clickSubmitButton] - Clicking save button on New Employee Onboarding form
[INFO ] 2023-03-28 23:32:00.670 [company.TG_4355_EmployeeOnboarding] [clickSubmitButton] - Save button clicked successfully
[INFO ] 2023-03-28 23:32:03.679 [company.TG_4355_EmployeeOnboarding] [clickModalConfirmYesButton] - Clicking yes button on confirm modal Employee Onboarding form
[INFO ] 2023-03-28 23:32:03.809 [company.TG_4355_EmployeeOnboarding] [clickModalConfirmYesButton] - Yes button on confirm modal clicked successfully
[INFO ] 2023-03-28 23:32:06.818 [company.TG_4355_EmployeeOnboarding] [verifySubmittedStatusOnForm] - verify clicking submit button moved to submitted Status on form
[DEBUG] 2023-03-28 23:32:37.881 [freemarker.cache] [debug] - Couldn't find template in cache for "spark/spark.spa.ftl"("en_IN", UTF-8, parsed); will try to load it.
[DEBUG] 2023-03-28 23:32:37.885 [freemarker.cache] [debug] - TemplateLoader.findTemplateSource("spark/spark.spa_en_IN.ftl"): Not found
[DEBUG] 2023-03-28 23:32:37.887 [freemarker.cache] [debug] - TemplateLoader.findTemplateSource("spark/spark.spa_en.ftl"): Not found
[DEBUG] 2023-03-28 23:32:37.888 [freemarker.cache] [debug] - TemplateLoader.findTemplateSource("spark/spark.spa.ftl"): Found
[DEBUG] 2023-03-28 23:32:37.888 [freemarker.cache] [debug] - Loading template for "spark/spark.spa.ftl"("en_IN", UTF-8, parsed) from "jar:file:/Users/amandeep.singh/.m2/repository/com/aventstack/extentreports/5.0.7/extentreports-5.0.7.jar!/com/aventstack/extentreports/templates/spark/spark.spa.ftl"
[DEBUG] 2023-03-28 23:32:37.924 [freemarker.cache] [debug] - Couldn't find template in cache for "commons/commons-variables.ftl"("en_IN", UTF-8, parsed); will try to load it.
[DEBUG] 2023-03-28 23:32:37.925 [freemarker.cache] [debug] - TemplateLoader.findTemplateSource("commons/commons-variables_en_IN.ftl"): Not found
[DEBUG] 2023-03-28 23:32:37.925 [freemarker.cache] [debug] - TemplateLoader.findTemplateSource("commons/commons-variables_en.ftl"): Not found
[DEBUG] 2023-03-28 23:32:37.926 [freemarker.cache] [debug] - TemplateLoader.findTemplateSource("commons/commons-variables.ftl"): Found
[DEBUG] 2023-03-28 23:32:37.927 [freemarker.cache] [debug] - Loading template for "commons/commons-variables.ftl"("en_IN", UTF-8, parsed) from "jar:file:/Users/amandeep.singh/.m2/repository/com/aventstack/extentreports/5.0.7/extentreports-5.0.7.jar!/com/aventstack/extentreports/templates/commons/commons-variables.ftl"
[DEBUG] 2023-03-28 23:32:38.014 [freemarker.cache] [debug] - Couldn't find template in cache for "commons/commons-macros.ftl"("en_IN", UTF-8, parsed); will try to load it.
[DEBUG] 2023-03-28 23:32:38.016 [freemarker.cache] [debug] - TemplateLoader.findTemplateSource("commons/commons-macros_en_IN.ftl"): Not found
[DEBUG] 2023-03-28 23:32:38.017 [freemarker.cache] [debug] - TemplateLoader.findTemplateSource("commons/commons-macros_en.ftl"): Not found
[DEBUG] 2023-03-28 23:32:38.017 [freemarker.cache] [debug] - TemplateLoader.findTemplateSource("commons/commons-macros.ftl"): Found
[DEBUG] 2023-03-28 23:32:38.017 [freemarker.cache] [debug] - Loading template for "commons/commons-macros.ftl"("en_IN", UTF-8, parsed) from "jar:file:/Users/amandeep.singh/.m2/repository/com/aventstack/extentreports/5.0.7/extentreports-5.0.7.jar!/com/aventstack/extentreports/templates/commons/commons-macros.ftl"
[DEBUG] 2023-03-28 23:32:38.027 [freemarker.cache] [debug] - Couldn't find template in cache for "spark/macros/attributes.ftl"("en_IN", UTF-8, parsed); will try to load it.
[DEBUG] 2023-03-28 23:32:38.028 [freemarker.cache] [debug] - TemplateLoader.findTemplateSource("spark/macros/attributes_en_IN.ftl"): Not found
[DEBUG] 2023-03-28 23:32:38.029 [freemarker.cache] [debug] - TemplateLoader.findTemplateSource("spark/macros/attributes_en.ftl"): Not found
[DEBUG] 2023-03-28 23:32:38.030 [freemarker.cache] [debug] - TemplateLoader.findTemplateSource("spark/macros/attributes.ftl"): Found
[DEBUG] 2023-03-28 23:32:38.030 [freemarker.cache] [debug] - Loading template for "spark/macros/attributes.ftl"("en_IN", UTF-8, parsed) from "jar:file:/Users/amandeep.singh/.m2/repository/com/aventstack/extentreports/5.0.7/extentreports-5.0.7.jar!/com/aventstack/extentreports/templates/spark/macros/attributes.ftl"
[DEBUG] 2023-03-28 23:32:38.032 [freemarker.cache] [debug] - Couldn't find template in cache for "spark/macros/log.ftl"("en_IN", UTF-8, parsed); will try to load it.
[DEBUG] 2023-03-28 23:32:38.033 [freemarker.cache] [debug] - TemplateLoader.findTemplateSource("spark/macros/log_en_IN.ftl"): Not found
[DEBUG] 2023-03-28 23:32:38.033 [freemarker.cache] [debug] - TemplateLoader.findTemplateSource("spark/macros/log_en.ftl"): Not found
[DEBUG] 2023-03-28 23:32:38.034 [freemarker.cache] [debug] - TemplateLoader.findTemplateSource("spark/macros/log.ftl"): Found
[DEBUG] 2023-03-28 23:32:38.034 [freemarker.cache] [debug] - Loading template for "spark/macros/log.ftl"("en_IN", UTF-8, parsed) from "jar:file:/Users/amandeep.singh/.m2/repository/com/aventstack/extentreports/5.0.7/extentreports-5.0.7.jar!/com/aventstack/extentreports/templates/spark/macros/log.ftl"
[DEBUG] 2023-03-28 23:32:38.039 [freemarker.cache] [debug] - Couldn't find template in cache for "spark/macros/recurse_nodes.ftl"("en_IN", UTF-8, parsed); will try to load it.
[DEBUG] 2023-03-28 23:32:38.039 [freemarker.cache] [debug] - TemplateLoader.findTemplateSource("spark/macros/recurse_nodes_en_IN.ftl"): Not found
[DEBUG] 2023-03-28 23:32:38.040 [freemarker.cache] [debug] - TemplateLoader.findTemplateSource("spark/macros/recurse_nodes_en.ftl"): Not found
[DEBUG] 2023-03-28 23:32:38.040 [freemarker.cache] [debug] - TemplateLoader.findTemplateSource("spark/macros/recurse_nodes.ftl"): Found
[DEBUG] 2023-03-28 23:32:38.040 [freemarker.cache] [debug] - Loading template for "spark/macros/recurse_nodes.ftl"("en_IN", UTF-8, parsed) from "jar:file:/Users/amandeep.singh/.m2/repository/com/aventstack/extentreports/5.0.7/extentreports-5.0.7.jar!/com/aventstack/extentreports/templates/spark/macros/recurse_nodes.ftl"
[DEBUG] 2023-03-28 23:32:38.052 [freemarker.cache] [debug] - "spark/macros/log.ftl"("en_IN", UTF-8, parsed) cached copy not yet stale; using cached.
[DEBUG] 2023-03-28 23:32:38.052 [freemarker.cache] [debug] - Couldn't find template in cache for "spark/macros/attr-common.ftl"("en_IN", UTF-8, parsed); will try to load it.
[DEBUG] 2023-03-28 23:32:38.053 [freemarker.cache] [debug] - TemplateLoader.findTemplateSource("spark/macros/attr-common_en_IN.ftl"): Not found
[DEBUG] 2023-03-28 23:32:38.053 [freemarker.cache] [debug] - TemplateLoader.findTemplateSource("spark/macros/attr-common_en.ftl"): Not found
[DEBUG] 2023-03-28 23:32:38.054 [freemarker.cache] [debug] - TemplateLoader.findTemplateSource("spark/macros/attr-common.ftl"): Found
[DEBUG] 2023-03-28 23:32:38.054 [freemarker.cache] [debug] - Loading template for "spark/macros/attr-common.ftl"("en_IN", UTF-8, parsed) from "jar:file:/Users/amandeep.singh/.m2/repository/com/aventstack/extentreports/5.0.7/extentreports-5.0.7.jar!/com/aventstack/extentreports/templates/spark/macros/attr-common.ftl"
[DEBUG] 2023-03-28 23:32:38.062 [freemarker.cache] [debug] - Couldn't find template in cache for "spark/partials/head.ftl"("en_IN", UTF-8, parsed); will try to load it.
[DEBUG] 2023-03-28 23:32:38.064 [freemarker.cache] [debug] - TemplateLoader.findTemplateSource("spark/partials/head_en_IN.ftl"): Not found
[DEBUG] 2023-03-28 23:32:38.064 [freemarker.cache] [debug] - TemplateLoader.findTemplateSource("spark/partials/head_en.ftl"): Not found
[DEBUG] 2023-03-28 23:32:38.064 [freemarker.cache] [debug] - TemplateLoader.findTemplateSource("spark/partials/head.ftl"): Found
[DEBUG] 2023-03-28 23:32:38.064 [freemarker.cache] [debug] - Loading template for "spark/partials/head.ftl"("en_IN", UTF-8, parsed) from "jar:file:/Users/amandeep.singh/.m2/repository/com/aventstack/extentreports/5.0.7/extentreports-5.0.7.jar!/com/aventstack/extentreports/templates/spark/partials/head.ftl"
[DEBUG] 2023-03-28 23:32:38.068 [freemarker.cache] [debug] - Couldn't find template in cache for "commons/commons-inject-css.ftl"("en_IN", UTF-8, parsed); will try to load it.
[DEBUG] 2023-03-28 23:32:38.068 [freemarker.cache] [debug] - TemplateLoader.findTemplateSource("commons/commons-inject-css_en_IN.ftl"): Not found
[DEBUG] 2023-03-28 23:32:38.069 [freemarker.cache] [debug] - TemplateLoader.findTemplateSource("commons/commons-inject-css_en.ftl"): Not found
[DEBUG] 2023-03-28 23:32:38.069 [freemarker.cache] [debug] - TemplateLoader.findTemplateSource("commons/commons-inject-css.ftl"): Found
[DEBUG] 2023-03-28 23:32:38.069 [freemarker.cache] [debug] - Loading template for "commons/commons-inject-css.ftl"("en_IN", UTF-8, parsed) from "jar:file:/Users/amandeep.singh/.m2/repository/com/aventstack/extentreports/5.0.7/extentreports-5.0.7.jar!/com/aventstack/extentreports/templates/commons/commons-inject-css.ftl"
[DEBUG] 2023-03-28 23:32:38.070 [freemarker.cache] [debug] - Couldn't find template in cache for "spark/partials/navbar.ftl"("en_IN", UTF-8, parsed); will try to load it.
[DEBUG] 2023-03-28 23:32:38.070 [freemarker.cache] [debug] - TemplateLoader.findTemplateSource("spark/partials/navbar_en_IN.ftl"): Not found
[DEBUG] 2023-03-28 23:32:38.072 [freemarker.cache] [debug] - TemplateLoader.findTemplateSource("spark/partials/navbar_en.ftl"): Not found
[DEBUG] 2023-03-28 23:32:38.073 [freemarker.cache] [debug] - TemplateLoader.findTemplateSource("spark/partials/navbar.ftl"): Found
[DEBUG] 2023-03-28 23:32:38.073 [freemarker.cache] [debug] - Loading template for "spark/partials/navbar.ftl"("en_IN", UTF-8, parsed) from "jar:file:/Users/amandeep.singh/.m2/repository/com/aventstack/extentreports/5.0.7/extentreports-5.0.7.jar!/com/aventstack/extentreports/templates/spark/partials/navbar.ftl"
[DEBUG] 2023-03-28 23:32:38.078 [freemarker.cache] [debug] - Couldn't find template in cache for "spark/partials/sidenav.ftl"("en_IN", UTF-8, parsed); will try to load it.
[DEBUG] 2023-03-28 23:32:38.079 [freemarker.cache] [debug] - TemplateLoader.findTemplateSource("spark/partials/sidenav_en_IN.ftl"): Not found
[DEBUG] 2023-03-28 23:32:38.080 [freemarker.cache] [debug] - TemplateLoader.findTemplateSource("spark/partials/sidenav_en.ftl"): Not found
[DEBUG] 2023-03-28 23:32:38.080 [freemarker.cache] [debug] - TemplateLoader.findTemplateSource("spark/partials/sidenav.ftl"): Found
[DEBUG] 2023-03-28 23:32:38.081 [freemarker.cache] [debug] - Loading template for "spark/partials/sidenav.ftl"("en_IN", UTF-8, parsed) from "jar:file:/Users/amandeep.singh/.m2/repository/com/aventstack/extentreports/5.0.7/extentreports-5.0.7.jar!/com/aventstack/extentreports/templates/spark/partials/sidenav.ftl"
[DEBUG] 2023-03-28 23:32:38.094 [freemarker.cache] [debug] - Couldn't find template in cache for "spark/partials/dashboard.ftl"("en_IN", UTF-8, parsed); will try to load it.
[DEBUG] 2023-03-28 23:32:38.094 [freemarker.cache] [debug] - TemplateLoader.findTemplateSource("spark/partials/dashboard_en_IN.ftl"): Not found
[DEBUG] 2023-03-28 23:32:38.095 [freemarker.cache] [debug] - TemplateLoader.findTemplateSource("spark/partials/dashboard_en.ftl"): Not found
[DEBUG] 2023-03-28 23:32:38.096 [freemarker.cache] [debug] - TemplateLoader.findTemplateSource("spark/partials/dashboard.ftl"): Found
[DEBUG] 2023-03-28 23:32:38.096 [freemarker.cache] [debug] - Loading template for "spark/partials/dashboard.ftl"("en_IN", UTF-8, parsed) from "jar:file:/Users/amandeep.singh/.m2/repository/com/aventstack/extentreports/5.0.7/extentreports-5.0.7.jar!/com/aventstack/extentreports/templates/spark/partials/dashboard.ftl"
[DEBUG] 2023-03-28 23:32:38.164 [freemarker.cache] [debug] - Couldn't find template in cache for "spark/partials/category.ftl"("en_IN", UTF-8, parsed); will try to load it.
[DEBUG] 2023-03-28 23:32:38.165 [freemarker.cache] [debug] - TemplateLoader.findTemplateSource("spark/partials/category_en_IN.ftl"): Not found
[DEBUG] 2023-03-28 23:32:38.165 [freemarker.cache] [debug] - TemplateLoader.findTemplateSource("spark/partials/category_en.ftl"): Not found
[DEBUG] 2023-03-28 23:32:38.166 [freemarker.cache] [debug] - TemplateLoader.findTemplateSource("spark/partials/category.ftl"): Found
[DEBUG] 2023-03-28 23:32:38.168 [freemarker.cache] [debug] - Loading template for "spark/partials/category.ftl"("en_IN", UTF-8, parsed) from "jar:file:/Users/amandeep.singh/.m2/repository/com/aventstack/extentreports/5.0.7/extentreports-5.0.7.jar!/com/aventstack/extentreports/templates/spark/partials/category.ftl"
[DEBUG] 2023-03-28 23:32:38.176 [freemarker.cache] [debug] - Couldn't find template in cache for "spark/partials/test.ftl"("en_IN", UTF-8, parsed); will try to load it.
[DEBUG] 2023-03-28 23:32:38.176 [freemarker.cache] [debug] - TemplateLoader.findTemplateSource("spark/partials/test_en_IN.ftl"): Not found
[DEBUG] 2023-03-28 23:32:38.176 [freemarker.cache] [debug] - TemplateLoader.findTemplateSource("spark/partials/test_en.ftl"): Not found
[DEBUG] 2023-03-28 23:32:38.176 [freemarker.cache] [debug] - TemplateLoader.findTemplateSource("spark/partials/test.ftl"): Found
[DEBUG] 2023-03-28 23:32:38.177 [freemarker.cache] [debug] - Loading template for "spark/partials/test.ftl"("en_IN", UTF-8, parsed) from "jar:file:/Users/amandeep.singh/.m2/repository/com/aventstack/extentreports/5.0.7/extentreports-5.0.7.jar!/com/aventstack/extentreports/templates/spark/partials/test.ftl"
[DEBUG] 2023-03-28 23:32:38.188 [freemarker.cache] [debug] - Couldn't find template in cache for "spark/partials/standard-content.ftl"("en_IN", UTF-8, parsed); will try to load it.
[DEBUG] 2023-03-28 23:32:38.188 [freemarker.cache] [debug] - TemplateLoader.findTemplateSource("spark/partials/standard-content_en_IN.ftl"): Not found
[DEBUG] 2023-03-28 23:32:38.189 [freemarker.cache] [debug] - TemplateLoader.findTemplateSource("spark/partials/standard-content_en.ftl"): Not found
[DEBUG] 2023-03-28 23:32:38.189 [freemarker.cache] [debug] - TemplateLoader.findTemplateSource("spark/partials/standard-content.ftl"): Found
[DEBUG] 2023-03-28 23:32:38.189 [freemarker.cache] [debug] - Loading template for "spark/partials/standard-content.ftl"("en_IN", UTF-8, parsed) from "jar:file:/Users/amandeep.singh/.m2/repository/com/aventstack/extentreports/5.0.7/extentreports-5.0.7.jar!/com/aventstack/extentreports/templates/spark/partials/standard-content.ftl"
[DEBUG] 2023-03-28 23:32:38.202 [freemarker.cache] [debug] - Couldn't find template in cache for "spark/partials/scripts.ftl"("en_IN", UTF-8, parsed); will try to load it.
[DEBUG] 2023-03-28 23:32:38.202 [freemarker.cache] [debug] - TemplateLoader.findTemplateSource("spark/partials/scripts_en_IN.ftl"): Not found
[DEBUG] 2023-03-28 23:32:38.202 [freemarker.cache] [debug] - TemplateLoader.findTemplateSource("spark/partials/scripts_en.ftl"): Not found
[DEBUG] 2023-03-28 23:32:38.203 [freemarker.cache] [debug] - TemplateLoader.findTemplateSource("spark/partials/scripts.ftl"): Found
[DEBUG] 2023-03-28 23:32:38.203 [freemarker.cache] [debug] - Loading template for "spark/partials/scripts.ftl"("en_IN", UTF-8, parsed) from "jar:file:/Users/amandeep.singh/.m2/repository/com/aventstack/extentreports/5.0.7/extentreports-5.0.7.jar!/com/aventstack/extentreports/templates/spark/partials/scripts.ftl"
[DEBUG] 2023-03-28 23:32:38.204 [freemarker.cache] [debug] - Couldn't find template in cache for "commons/commons-inject-js.ftl"("en_IN", UTF-8, parsed); will try to load it.
[DEBUG] 2023-03-28 23:32:38.205 [freemarker.cache] [debug] - TemplateLoader.findTemplateSource("commons/commons-inject-js_en_IN.ftl"): Not found
[DEBUG] 2023-03-28 23:32:38.205 [freemarker.cache] [debug] - TemplateLoader.findTemplateSource("commons/commons-inject-js_en.ftl"): Not found
[DEBUG] 2023-03-28 23:32:38.205 [freemarker.cache] [debug] - TemplateLoader.findTemplateSource("commons/commons-inject-js.ftl"): Found
[DEBUG] 2023-03-28 23:32:38.206 [freemarker.cache] [debug] - Loading template for "commons/commons-inject-js.ftl"("en_IN", UTF-8, parsed) from "jar:file:/Users/amandeep.singh/.m2/repository/com/aventstack/extentreports/5.0.7/extentreports-5.0.7.jar!/com/aventstack/extentreports/templates/commons/commons-inject-js.ftl"
