[INFO ] 2023-02-11 01:27:17.769 [directOrder.TG_5803_DirectOrderDeny] [VerifyUserRedirectToNewOrderFormViaDirectOrder] - Started==Verifying Confirm Job Order Details
[INFO ] 2023-02-11 01:27:21.444 [directOrder.TG_5803_DirectOrderDeny] [VerifyUserRedirectToNewOrderFormViaDirectOrder] - Entering Username
[INFO ] 2023-02-11 01:27:21.446 [directOrder.TG_5803_DirectOrderDeny] [enterUsername] - Entering new user's first name
[INFO ] 2023-02-11 01:27:22.764 [directOrder.TG_5803_DirectOrderDeny] [enterUsername] - User's first name entered successfully
[INFO ] 2023-02-11 01:27:22.764 [directOrder.TG_5803_DirectOrderDeny] [VerifyUserRedirectToNewOrderFormViaDirectOrder] - Username Entered Successfully
[INFO ] 2023-02-11 01:27:22.765 [directOrder.TG_5803_DirectOrderDeny] [VerifyUserRedirectToNewOrderFormViaDirectOrder] - Entering Password
[INFO ] 2023-02-11 01:27:22.765 [directOrder.TG_5803_DirectOrderDeny] [enterPassword] - Entering new user's last name
[INFO ] 2023-02-11 01:27:22.956 [directOrder.TG_5803_DirectOrderDeny] [enterPassword] - User's last name entered successfully
[INFO ] 2023-02-11 01:27:22.957 [directOrder.TG_5803_DirectOrderDeny] [VerifyUserRedirectToNewOrderFormViaDirectOrder] - Password Entered Successfully
[INFO ] 2023-02-11 01:27:22.957 [directOrder.TG_5803_DirectOrderDeny] [VerifyUserRedirectToNewOrderFormViaDirectOrder] - Clicking on Login Button
[INFO ] 2023-02-11 01:27:22.957 [directOrder.TG_5803_DirectOrderDeny] [clickLoginButton] - Clicking on Login Button
[INFO ] 2023-02-11 01:27:23.415 [directOrder.TG_5803_DirectOrderDeny] [clickLoginButton] - Close Pop Up clicked successfully
[INFO ] 2023-02-11 01:27:23.416 [directOrder.TG_5803_DirectOrderDeny] [VerifyUserRedirectToNewOrderFormViaDirectOrder] - Login Button Clicked Successfully
[INFO ] 2023-02-11 01:27:23.416 [directOrder.TG_5803_DirectOrderDeny] [VerifyUserRedirectToNewOrderFormViaDirectOrder] - Clicking on Staffing Companies
[INFO ] 2023-02-11 01:27:23.416 [directOrder.TG_5803_DirectOrderDeny] [clickStaffingCompanies] - Clicking on Staffing Companies Button
[INFO ] 2023-02-11 01:27:37.586 [directOrder.TG_5803_DirectOrderDeny] [clickStaffingCompanies] - Staffing Companies Button clicked successfully
[INFO ] 2023-02-11 01:27:37.588 [directOrder.TG_5803_DirectOrderDeny] [VerifyUserRedirectToNewOrderFormViaDirectOrder] - Staffing Companies Clickied Successfully
[INFO ] 2023-02-11 01:27:37.588 [directOrder.TG_5803_DirectOrderDeny] [VerifyUserRedirectToNewOrderFormViaDirectOrder] - Verifying Staffing Companies List
[INFO ] 2023-02-11 01:27:37.588 [directOrder.TG_5803_DirectOrderDeny] [verifyStaffingCompanyList] - Verify Staffing Company List is displayed
[INFO ] 2023-02-11 01:27:38.147 [directOrder.TG_5803_DirectOrderDeny] [verifyStaffingCompanyList] - Staffing Company List displayed successfully
[INFO ] 2023-02-11 01:27:38.147 [directOrder.TG_5803_DirectOrderDeny] [VerifyUserRedirectToNewOrderFormViaDirectOrder] - Staffing Companies List verified successfully
[INFO ] 2023-02-11 01:27:46.153 [directOrder.TG_5803_DirectOrderDeny] [clickHunderedFilter] - Clicking on 100 records button
[INFO ] 2023-02-11 01:27:46.389 [directOrder.TG_5803_DirectOrderDeny] [clickHunderedFilter] - 100 records button clicked Successfully
[INFO ] 2023-02-11 01:27:51.394 [directOrder.TG_5803_DirectOrderDeny] [VerifyUserRedirectToNewOrderFormViaDirectOrder] - Clicking Staffing Company
[INFO ] 2023-02-11 01:27:51.399 [directOrder.TG_5803_DirectOrderDeny] [clickStaffingCompanyDirectOrder] - Clicking on Staffing Companies Button
[INFO ] 2023-02-11 01:27:53.537 [directOrder.TG_5803_DirectOrderDeny] [clickStaffingCompanyDirectOrder] - Staffing Companies Button clicked successfully
[INFO ] 2023-02-11 01:27:53.539 [directOrder.TG_5803_DirectOrderDeny] [VerifyUserRedirectToNewOrderFormViaDirectOrder] - Staffing Company Clickied Successfully
[INFO ] 2023-02-11 01:27:56.546 [directOrder.TG_5803_DirectOrderDeny] [VerifyUserRedirectToNewOrderFormViaDirectOrder] - Clicking on Place Order Button
[INFO ] 2023-02-11 01:27:56.550 [directOrder.TG_5803_DirectOrderDeny] [clickPlaceOrderButton] - Clicking on Staffing Company
[INFO ] 2023-02-11 01:27:56.754 [directOrder.TG_5803_DirectOrderDeny] [clickPlaceOrderButton] - Staffing Company clicked successfully
[INFO ] 2023-02-11 01:27:56.755 [directOrder.TG_5803_DirectOrderDeny] [VerifyUserRedirectToNewOrderFormViaDirectOrder] - Place Order Button Clickied Successfully
[INFO ] 2023-02-11 01:27:56.838 [directOrder.TG_5803_DirectOrderDeny] [Tag_VerifyConfirmJobOrderDetails] - Started==Verifying Confirm Job Order Details
[INFO ] 2023-02-11 01:27:56.838 [directOrder.TG_5803_DirectOrderDeny] [enterEstDailyHours] - Entering EstDailyHours
[INFO ] 2023-02-11 01:28:05.206 [directOrder.TG_5803_DirectOrderDeny] [enterEstDailyHours] - EstDailyHours entered successfully
[INFO ] 2023-02-11 01:28:07.209 [directOrder.TG_5803_DirectOrderDeny] [enterStartDate] - Entering StartDate
[INFO ] 2023-02-11 01:28:12.744 [directOrder.TG_5803_DirectOrderDeny] [enterStartDate] - StartDate entered successfully
[INFO ] 2023-02-11 01:28:14.751 [directOrder.TG_5803_DirectOrderDeny] [enterEndDate] - Entering EndDate
[INFO ] 2023-02-11 01:28:20.262 [directOrder.TG_5803_DirectOrderDeny] [enterEndDate] - EndDate entered successfully
[INFO ] 2023-02-11 01:28:22.274 [directOrder.TG_5803_DirectOrderDeny] [enterStartTime] - Entering StartTime
[INFO ] 2023-02-11 01:28:23.216 [directOrder.TG_5803_DirectOrderDeny] [enterStartTime] - StartTime entered successfully
[INFO ] 2023-02-11 01:28:25.222 [directOrder.TG_5803_DirectOrderDeny] [enterAvailability] - Entering Availability
[INFO ] 2023-02-11 01:28:25.545 [directOrder.TG_5803_DirectOrderDeny] [enterAvailability] - Availabilit entered successfully
[INFO ] 2023-02-11 01:28:25.546 [directOrder.TG_5803_DirectOrderDeny] [enterJobSite] - Entering JobSite
[INFO ] 2023-02-11 01:28:29.895 [directOrder.TG_5803_DirectOrderDeny] [enterJobSite] - JobSite entered successfully
[INFO ] 2023-02-11 01:28:31.902 [directOrder.TG_5803_DirectOrderDeny] [enterJobTitle] - Entering JobTitle
[INFO ] 2023-02-11 01:28:33.101 [directOrder.TG_5803_DirectOrderDeny] [enterJobTitle] - JobTitle entered successfully
[INFO ] 2023-02-11 01:28:35.108 [directOrder.TG_5803_DirectOrderDeny] [enterNoOfWorker] - Entering No Of Workers
[INFO ] 2023-02-11 01:28:35.256 [directOrder.TG_5803_DirectOrderDeny] [enterNoOfWorker] - NoOfWorkers entered successfully
[INFO ] 2023-02-11 01:28:37.261 [directOrder.TG_5803_DirectOrderDeny] [enterESignature] - Entering ESignature
[INFO ] 2023-02-11 01:28:37.430 [directOrder.TG_5803_DirectOrderDeny] [enterESignature] - ESignature entered successfully
[INFO ] 2023-02-11 01:28:37.431 [directOrder.TG_5803_DirectOrderDeny] [clickAgreeContract] - clickAgreeContract
[INFO ] 2023-02-11 01:28:37.594 [directOrder.TG_5803_DirectOrderDeny] [clickAgreeContract] - clickAgreeContract successfully
[INFO ] 2023-02-11 01:28:40.677 [directOrder.TG_5803_DirectOrderDeny] [Tag_VerifyJobOrderIdAndPopupEmailSentSuccessfully] - Started==Verifying Job Order Id And Popup that Email Sent Successfully
