[INFO ] 2023-03-29 00:17:28.271 [CRM.TG_5353_Contact_Creation] [TG_5322_VerifyContactCreationForm] - Logging in
[INFO ] 2023-03-29 00:17:31.500 [CRM.TG_5353_Contact_Creation] [TG_5322_VerifyContactCreationForm] - Entering Username
[INFO ] 2023-03-29 00:17:31.506 [CRM.TG_5353_Contact_Creation] [enterUsername] - Entering new user's first name
[INFO ] 2023-03-29 00:17:33.630 [CRM.TG_5353_Contact_Creation] [enterUsername] - User's first name entered successfully
[INFO ] 2023-03-29 00:17:33.631 [CRM.TG_5353_Contact_Creation] [TG_5322_VerifyContactCreationForm] - Username Entered Successfully
[INFO ] 2023-03-29 00:17:33.631 [CRM.TG_5353_Contact_Creation] [TG_5322_VerifyContactCreationForm] - Entering Password
[INFO ] 2023-03-29 00:17:33.633 [CRM.TG_5353_Contact_Creation] [enterPassword] - Entering new user's last name
[INFO ] 2023-03-29 00:17:34.034 [CRM.TG_5353_Contact_Creation] [enterPassword] - User's last name entered successfully
[INFO ] 2023-03-29 00:17:34.035 [CRM.TG_5353_Contact_Creation] [TG_5322_VerifyContactCreationForm] - Password Entered Successfully
[INFO ] 2023-03-29 00:17:34.035 [CRM.TG_5353_Contact_Creation] [TG_5322_VerifyContactCreationForm] - Clicking on Login Button
[INFO ] 2023-03-29 00:17:34.035 [CRM.TG_5353_Contact_Creation] [clickLoginButton] - Clicking on Login Button
[INFO ] 2023-03-29 00:17:34.611 [CRM.TG_5353_Contact_Creation] [clickLoginButton] - Close Pop Up clicked successfully
[INFO ] 2023-03-29 00:17:34.628 [CRM.TG_5353_Contact_Creation] [TG_5322_VerifyContactCreationForm] - Verifying CRM Icon
[INFO ] 2023-03-29 00:17:34.628 [CRM.TG_5353_Contact_Creation] [verifyCRMTextOnHomepage] - Check for CRM Icon on Homepage
[INFO ] 2023-03-29 00:17:50.943 [CRM.TG_5353_Contact_Creation] [verifyCRMTextOnHomepage] - CRM Icon displayed successfully
[INFO ] 2023-03-29 00:17:50.948 [CRM.TG_5353_Contact_Creation] [TG_5322_VerifyContactCreationForm] - CRM Icon Clicked Successfully
[INFO ] 2023-03-29 00:17:50.948 [CRM.TG_5353_Contact_Creation] [TG_5322_VerifyContactCreationForm] - Clicking on CRM Icon
[INFO ] 2023-03-29 00:17:50.948 [CRM.TG_5353_Contact_Creation] [clickCRMIcon] - Clicking on CRM Button
[INFO ] 2023-03-29 00:17:51.477 [CRM.TG_5353_Contact_Creation] [clickCRMIcon] - CRM Button clicked successfully
[INFO ] 2023-03-29 00:17:51.477 [CRM.TG_5353_Contact_Creation] [TG_5322_VerifyContactCreationForm] - CRM Icon Clicked Successfully
[INFO ] 2023-03-29 00:17:53.485 [CRM.TG_5353_Contact_Creation] [TG_5322_VerifyContactCreationForm] - Clicking on Contact Icon
[INFO ] 2023-03-29 00:17:53.486 [CRM.TG_5353_Contact_Creation] [clickContactIcon] - Clicking on Contact Button
[INFO ] 2023-03-29 00:17:54.835 [CRM.TG_5353_Contact_Creation] [clickContactIcon] - Contact Button clicked successfully
[INFO ] 2023-03-29 00:17:54.835 [CRM.TG_5353_Contact_Creation] [TG_5322_VerifyContactCreationForm] - Contact Icon Clicked Successfully
[INFO ] 2023-03-29 00:17:56.841 [CRM.TG_5353_Contact_Creation] [TG_5322_VerifyContactCreationForm] - Verify Listing Form
[INFO ] 2023-03-29 00:17:56.841 [CRM.TG_5353_Contact_Creation] [verifyContactListingForm] - Check for Contact Title
[INFO ] 2023-03-29 00:17:57.578 [CRM.TG_5353_Contact_Creation] [verifyContactListingForm] - Contact Title displayed successfully
[INFO ] 2023-03-29 00:17:57.579 [CRM.TG_5353_Contact_Creation] [TG_5322_VerifyContactCreationForm] - Listing Form verified successfully
[INFO ] 2023-03-29 00:17:59.587 [CRM.TG_5353_Contact_Creation] [TG_5322_VerifyContactCreationForm] - Clicking on Add Contact Button
[INFO ] 2023-03-29 00:17:59.589 [CRM.TG_5353_Contact_Creation] [clickAddContactButton] - Clicking on Contact Button
[INFO ] 2023-03-29 00:18:00.678 [CRM.TG_5353_Contact_Creation] [clickAddContactButton] - Add Contact Button clicked successfully
[INFO ] 2023-03-29 00:18:00.681 [CRM.TG_5353_Contact_Creation] [TG_5322_VerifyContactCreationForm] - Add Contact Button Clicked Successfully
[INFO ] 2023-03-29 00:18:02.689 [CRM.TG_5353_Contact_Creation] [TG_5322_VerifyContactCreationForm] - Verifying the Contact Form Title
[INFO ] 2023-03-29 00:18:02.691 [CRM.TG_5353_Contact_Creation] [verifyContactForm] - Check for New Contact Form
[INFO ] 2023-03-29 00:18:02.807 [CRM.TG_5353_Contact_Creation] [verifyContactForm] - New Contact Form displayed successfully
[INFO ] 2023-03-29 00:18:02.808 [CRM.TG_5353_Contact_Creation] [TG_5322_VerifyContactCreationForm] - Contact Form Title is Verified Successfully
[INFO ] 2023-03-29 00:18:02.808 [CRM.TG_5353_Contact_Creation] [TG_5322_VerifyContactCreationForm] - Verify Mandatory Fields and Creation of Contact
[INFO ] 2023-03-29 00:18:02.808 [CRM.TG_5353_Contact_Creation] [clickSaveButton] - Clicking on Contact Button
[INFO ] 2023-03-29 00:18:03.034 [CRM.TG_5353_Contact_Creation] [clickSaveButton] - Add Contact Button clicked successfully
[INFO ] 2023-03-29 00:18:05.045 [CRM.TG_5353_Contact_Creation] [verifyMandatoryFieldIsBlank] - Verifying the Mandatory Field Pop-Up Title
[INFO ] 2023-03-29 00:18:05.149 [CRM.TG_5353_Contact_Creation] [verifyMandatoryFieldIsBlank] - Mandatory Field Pop-Up Title displayed Successfully
[INFO ] 2023-03-29 00:18:07.157 [CRM.TG_5353_Contact_Creation] [TG_5322_VerifyContactCreationForm] - Closing the Pop-up
[INFO ] 2023-03-29 00:18:07.159 [CRM.TG_5353_Contact_Creation] [closeBlankMandatoryFieldDialogBox] - Clicking on Close Pop-Up Icon
[INFO ] 2023-03-29 00:18:07.432 [CRM.TG_5353_Contact_Creation] [closeBlankMandatoryFieldDialogBox] - Close Pop-Up Icon Clicked Successfully
[INFO ] 2023-03-29 00:18:07.432 [CRM.TG_5353_Contact_Creation] [TG_5322_VerifyContactCreationForm] - Pop-up closed Successfully
[INFO ] 2023-03-29 00:18:09.442 [CRM.TG_5353_Contact_Creation] [TG_5322_VerifyContactCreationForm] - Closing the Pop-up
[INFO ] 2023-03-29 00:18:09.464 [CRM.TG_5353_Contact_Creation] [TG_5322_VerifyContactCreationForm] - Entering Contact Name
[INFO ] 2023-03-29 00:18:09.464 [CRM.TG_5353_Contact_Creation] [enterContactName] - Entering Contact Name
[INFO ] 2023-03-29 00:18:09.687 [CRM.TG_5353_Contact_Creation] [enterContactName] - Contact Name Entered Successfully
[INFO ] 2023-03-29 00:18:09.688 [CRM.TG_5353_Contact_Creation] [TG_5322_VerifyContactCreationForm] - Contact Name Entered Succesfully
[INFO ] 2023-03-29 00:18:11.694 [CRM.TG_5353_Contact_Creation] [TG_5322_VerifyContactCreationForm] - Entering Email
[INFO ] 2023-03-29 00:18:11.694 [CRM.TG_5353_Contact_Creation] [enterEmail] - Entering Email
[INFO ] 2023-03-29 00:18:11.874 [CRM.TG_5353_Contact_Creation] [enterEmail] - Email Entered Successfully
[INFO ] 2023-03-29 00:18:11.874 [CRM.TG_5353_Contact_Creation] [TG_5322_VerifyContactCreationForm] - Email Entered Successfully
[INFO ] 2023-03-29 00:18:13.883 [CRM.TG_5353_Contact_Creation] [TG_5322_VerifyContactCreationForm] - Entering Phone Number
[INFO ] 2023-03-29 00:18:13.888 [CRM.TG_5353_Contact_Creation] [enterPhoneNumber] - Entering Phone Number
[INFO ] 2023-03-29 00:18:14.164 [CRM.TG_5353_Contact_Creation] [enterPhoneNumber] - Phone Number Entered Successfully
[INFO ] 2023-03-29 00:18:14.165 [CRM.TG_5353_Contact_Creation] [TG_5322_VerifyContactCreationForm] - Phone Number Entered Successfully
[INFO ] 2023-03-29 00:18:16.174 [CRM.TG_5353_Contact_Creation] [TG_5322_VerifyContactCreationForm] - Entering Lead
[INFO ] 2023-03-29 00:18:16.179 [CRM.TG_5353_Contact_Creation] [enterLead] - Entering Lead
[INFO ] 2023-03-29 00:18:16.477 [CRM.TG_5353_Contact_Creation] [enterLead] - Lead Entered Successfully
[INFO ] 2023-03-29 00:18:16.478 [CRM.TG_5353_Contact_Creation] [TG_5322_VerifyContactCreationForm] - Lead Entered Successfully
[INFO ] 2023-03-29 00:18:18.492 [CRM.TG_5353_Contact_Creation] [TG_5322_VerifyContactCreationForm] - Entering Address
[INFO ] 2023-03-29 00:18:18.500 [CRM.TG_5353_Contact_Creation] [enterEmployeeAddressOnMaps] - Etering employee address on maps
[INFO ] 2023-03-29 00:18:19.835 [CRM.TG_5353_Contact_Creation] [enterEmployeeAddressOnMaps] - Employee entered successfully
[INFO ] 2023-03-29 00:18:19.838 [CRM.TG_5353_Contact_Creation] [TG_5322_VerifyContactCreationForm] - Address Entered Successfully
[INFO ] 2023-03-29 00:18:21.845 [CRM.TG_5353_Contact_Creation] [TG_5322_VerifyContactCreationForm] - Clicking on Save Button
[INFO ] 2023-03-29 00:18:21.847 [CRM.TG_5353_Contact_Creation] [clickSaveButton] - Clicking on Contact Button
[INFO ] 2023-03-29 00:18:22.083 [CRM.TG_5353_Contact_Creation] [clickSaveButton] - Add Contact Button clicked successfully
[INFO ] 2023-03-29 00:18:22.084 [CRM.TG_5353_Contact_Creation] [TG_5322_VerifyContactCreationForm] - Save Button Clicked Successfully
[INFO ] 2023-03-29 00:18:25.091 [CRM.TG_5353_Contact_Creation] [TG_5322_VerifyContactCreationForm] - Clicking Contact Link
[INFO ] 2023-03-29 00:18:25.098 [CRM.TG_5353_Contact_Creation] [clickContactLinkforListingForm] - Click on Contact for Listing form
[INFO ] 2023-03-29 00:18:25.461 [CRM.TG_5353_Contact_Creation] [clickContactLinkforListingForm] - Contact for Listing form clicked Successfully
[INFO ] 2023-03-29 00:18:25.461 [CRM.TG_5353_Contact_Creation] [TG_5322_VerifyContactCreationForm] - Contact Link Clicked Successfully
[INFO ] 2023-03-29 00:18:25.461 [CRM.TG_5353_Contact_Creation] [clickFiveHundredFilter] - Clicking on 500 filter
[INFO ] 2023-03-29 00:18:25.704 [CRM.TG_5353_Contact_Creation] [clickFiveHundredFilter] - 500 filter clicked successfully
[INFO ] 2023-03-29 00:18:30.711 [CRM.TG_5353_Contact_Creation] [TG_5322_VerifyContactCreationForm] - Verify Created Contact
[INFO ] 2023-03-29 00:18:30.715 [CRM.TG_5353_Contact_Creation] [verifyContactCreatedOnListingPage] - Check for Created Contact
[INFO ] 2023-03-29 00:18:30.920 [CRM.TG_5353_Contact_Creation] [verifyContactCreatedOnListingPage] - Created Contact displayed successfully
[INFO ] 2023-03-29 00:18:30.920 [CRM.TG_5353_Contact_Creation] [TG_5322_VerifyContactCreationForm] - Created Contact Verified Successfully
[DEBUG] 2023-03-29 00:18:31.200 [freemarker.cache] [debug] - Couldn't find template in cache for "spark/spark.spa.ftl"("en_IN", UTF-8, parsed); will try to load it.
[DEBUG] 2023-03-29 00:18:31.201 [freemarker.cache] [debug] - TemplateLoader.findTemplateSource("spark/spark.spa_en_IN.ftl"): Not found
[DEBUG] 2023-03-29 00:18:31.203 [freemarker.cache] [debug] - TemplateLoader.findTemplateSource("spark/spark.spa_en.ftl"): Not found
[DEBUG] 2023-03-29 00:18:31.204 [freemarker.cache] [debug] - TemplateLoader.findTemplateSource("spark/spark.spa.ftl"): Found
[DEBUG] 2023-03-29 00:18:31.204 [freemarker.cache] [debug] - Loading template for "spark/spark.spa.ftl"("en_IN", UTF-8, parsed) from "jar:file:/Users/amandeep.singh/.m2/repository/com/aventstack/extentreports/5.0.7/extentreports-5.0.7.jar!/com/aventstack/extentreports/templates/spark/spark.spa.ftl"
[DEBUG] 2023-03-29 00:18:31.246 [freemarker.cache] [debug] - Couldn't find template in cache for "commons/commons-variables.ftl"("en_IN", UTF-8, parsed); will try to load it.
[DEBUG] 2023-03-29 00:18:31.248 [freemarker.cache] [debug] - TemplateLoader.findTemplateSource("commons/commons-variables_en_IN.ftl"): Not found
[DEBUG] 2023-03-29 00:18:31.249 [freemarker.cache] [debug] - TemplateLoader.findTemplateSource("commons/commons-variables_en.ftl"): Not found
[DEBUG] 2023-03-29 00:18:31.249 [freemarker.cache] [debug] - TemplateLoader.findTemplateSource("commons/commons-variables.ftl"): Found
[DEBUG] 2023-03-29 00:18:31.249 [freemarker.cache] [debug] - Loading template for "commons/commons-variables.ftl"("en_IN", UTF-8, parsed) from "jar:file:/Users/amandeep.singh/.m2/repository/com/aventstack/extentreports/5.0.7/extentreports-5.0.7.jar!/com/aventstack/extentreports/templates/commons/commons-variables.ftl"
[DEBUG] 2023-03-29 00:18:31.352 [freemarker.cache] [debug] - Couldn't find template in cache for "commons/commons-macros.ftl"("en_IN", UTF-8, parsed); will try to load it.
[DEBUG] 2023-03-29 00:18:31.353 [freemarker.cache] [debug] - TemplateLoader.findTemplateSource("commons/commons-macros_en_IN.ftl"): Not found
[DEBUG] 2023-03-29 00:18:31.353 [freemarker.cache] [debug] - TemplateLoader.findTemplateSource("commons/commons-macros_en.ftl"): Not found
[DEBUG] 2023-03-29 00:18:31.354 [freemarker.cache] [debug] - TemplateLoader.findTemplateSource("commons/commons-macros.ftl"): Found
[DEBUG] 2023-03-29 00:18:31.354 [freemarker.cache] [debug] - Loading template for "commons/commons-macros.ftl"("en_IN", UTF-8, parsed) from "jar:file:/Users/amandeep.singh/.m2/repository/com/aventstack/extentreports/5.0.7/extentreports-5.0.7.jar!/com/aventstack/extentreports/templates/commons/commons-macros.ftl"
[DEBUG] 2023-03-29 00:18:31.363 [freemarker.cache] [debug] - Couldn't find template in cache for "spark/macros/attributes.ftl"("en_IN", UTF-8, parsed); will try to load it.
[DEBUG] 2023-03-29 00:18:31.364 [freemarker.cache] [debug] - TemplateLoader.findTemplateSource("spark/macros/attributes_en_IN.ftl"): Not found
[DEBUG] 2023-03-29 00:18:31.364 [freemarker.cache] [debug] - TemplateLoader.findTemplateSource("spark/macros/attributes_en.ftl"): Not found
[DEBUG] 2023-03-29 00:18:31.367 [freemarker.cache] [debug] - TemplateLoader.findTemplateSource("spark/macros/attributes.ftl"): Found
[DEBUG] 2023-03-29 00:18:31.367 [freemarker.cache] [debug] - Loading template for "spark/macros/attributes.ftl"("en_IN", UTF-8, parsed) from "jar:file:/Users/amandeep.singh/.m2/repository/com/aventstack/extentreports/5.0.7/extentreports-5.0.7.jar!/com/aventstack/extentreports/templates/spark/macros/attributes.ftl"
[DEBUG] 2023-03-29 00:18:31.371 [freemarker.cache] [debug] - Couldn't find template in cache for "spark/macros/log.ftl"("en_IN", UTF-8, parsed); will try to load it.
[DEBUG] 2023-03-29 00:18:31.372 [freemarker.cache] [debug] - TemplateLoader.findTemplateSource("spark/macros/log_en_IN.ftl"): Not found
[DEBUG] 2023-03-29 00:18:31.373 [freemarker.cache] [debug] - TemplateLoader.findTemplateSource("spark/macros/log_en.ftl"): Not found
[DEBUG] 2023-03-29 00:18:31.373 [freemarker.cache] [debug] - TemplateLoader.findTemplateSource("spark/macros/log.ftl"): Found
[DEBUG] 2023-03-29 00:18:31.374 [freemarker.cache] [debug] - Loading template for "spark/macros/log.ftl"("en_IN", UTF-8, parsed) from "jar:file:/Users/amandeep.singh/.m2/repository/com/aventstack/extentreports/5.0.7/extentreports-5.0.7.jar!/com/aventstack/extentreports/templates/spark/macros/log.ftl"
[DEBUG] 2023-03-29 00:18:31.391 [freemarker.cache] [debug] - Couldn't find template in cache for "spark/macros/recurse_nodes.ftl"("en_IN", UTF-8, parsed); will try to load it.
[DEBUG] 2023-03-29 00:18:31.391 [freemarker.cache] [debug] - TemplateLoader.findTemplateSource("spark/macros/recurse_nodes_en_IN.ftl"): Not found
[DEBUG] 2023-03-29 00:18:31.392 [freemarker.cache] [debug] - TemplateLoader.findTemplateSource("spark/macros/recurse_nodes_en.ftl"): Not found
[DEBUG] 2023-03-29 00:18:31.392 [freemarker.cache] [debug] - TemplateLoader.findTemplateSource("spark/macros/recurse_nodes.ftl"): Found
[DEBUG] 2023-03-29 00:18:31.393 [freemarker.cache] [debug] - Loading template for "spark/macros/recurse_nodes.ftl"("en_IN", UTF-8, parsed) from "jar:file:/Users/amandeep.singh/.m2/repository/com/aventstack/extentreports/5.0.7/extentreports-5.0.7.jar!/com/aventstack/extentreports/templates/spark/macros/recurse_nodes.ftl"
[DEBUG] 2023-03-29 00:18:31.403 [freemarker.cache] [debug] - "spark/macros/log.ftl"("en_IN", UTF-8, parsed) cached copy not yet stale; using cached.
[DEBUG] 2023-03-29 00:18:31.404 [freemarker.cache] [debug] - Couldn't find template in cache for "spark/macros/attr-common.ftl"("en_IN", UTF-8, parsed); will try to load it.
[DEBUG] 2023-03-29 00:18:31.406 [freemarker.cache] [debug] - TemplateLoader.findTemplateSource("spark/macros/attr-common_en_IN.ftl"): Not found
[DEBUG] 2023-03-29 00:18:31.407 [freemarker.cache] [debug] - TemplateLoader.findTemplateSource("spark/macros/attr-common_en.ftl"): Not found
[DEBUG] 2023-03-29 00:18:31.408 [freemarker.cache] [debug] - TemplateLoader.findTemplateSource("spark/macros/attr-common.ftl"): Found
[DEBUG] 2023-03-29 00:18:31.408 [freemarker.cache] [debug] - Loading template for "spark/macros/attr-common.ftl"("en_IN", UTF-8, parsed) from "jar:file:/Users/amandeep.singh/.m2/repository/com/aventstack/extentreports/5.0.7/extentreports-5.0.7.jar!/com/aventstack/extentreports/templates/spark/macros/attr-common.ftl"
[DEBUG] 2023-03-29 00:18:31.418 [freemarker.cache] [debug] - Couldn't find template in cache for "spark/partials/head.ftl"("en_IN", UTF-8, parsed); will try to load it.
[DEBUG] 2023-03-29 00:18:31.419 [freemarker.cache] [debug] - TemplateLoader.findTemplateSource("spark/partials/head_en_IN.ftl"): Not found
[DEBUG] 2023-03-29 00:18:31.419 [freemarker.cache] [debug] - TemplateLoader.findTemplateSource("spark/partials/head_en.ftl"): Not found
[DEBUG] 2023-03-29 00:18:31.420 [freemarker.cache] [debug] - TemplateLoader.findTemplateSource("spark/partials/head.ftl"): Found
[DEBUG] 2023-03-29 00:18:31.420 [freemarker.cache] [debug] - Loading template for "spark/partials/head.ftl"("en_IN", UTF-8, parsed) from "jar:file:/Users/amandeep.singh/.m2/repository/com/aventstack/extentreports/5.0.7/extentreports-5.0.7.jar!/com/aventstack/extentreports/templates/spark/partials/head.ftl"
[DEBUG] 2023-03-29 00:18:31.424 [freemarker.cache] [debug] - Couldn't find template in cache for "commons/commons-inject-css.ftl"("en_IN", UTF-8, parsed); will try to load it.
[DEBUG] 2023-03-29 00:18:31.424 [freemarker.cache] [debug] - TemplateLoader.findTemplateSource("commons/commons-inject-css_en_IN.ftl"): Not found
[DEBUG] 2023-03-29 00:18:31.425 [freemarker.cache] [debug] - TemplateLoader.findTemplateSource("commons/commons-inject-css_en.ftl"): Not found
[DEBUG] 2023-03-29 00:18:31.425 [freemarker.cache] [debug] - TemplateLoader.findTemplateSource("commons/commons-inject-css.ftl"): Found
[DEBUG] 2023-03-29 00:18:31.425 [freemarker.cache] [debug] - Loading template for "commons/commons-inject-css.ftl"("en_IN", UTF-8, parsed) from "jar:file:/Users/amandeep.singh/.m2/repository/com/aventstack/extentreports/5.0.7/extentreports-5.0.7.jar!/com/aventstack/extentreports/templates/commons/commons-inject-css.ftl"
[DEBUG] 2023-03-29 00:18:31.426 [freemarker.cache] [debug] - Couldn't find template in cache for "spark/partials/navbar.ftl"("en_IN", UTF-8, parsed); will try to load it.
[DEBUG] 2023-03-29 00:18:31.426 [freemarker.cache] [debug] - TemplateLoader.findTemplateSource("spark/partials/navbar_en_IN.ftl"): Not found
[DEBUG] 2023-03-29 00:18:31.427 [freemarker.cache] [debug] - TemplateLoader.findTemplateSource("spark/partials/navbar_en.ftl"): Not found
[DEBUG] 2023-03-29 00:18:31.427 [freemarker.cache] [debug] - TemplateLoader.findTemplateSource("spark/partials/navbar.ftl"): Found
[DEBUG] 2023-03-29 00:18:31.428 [freemarker.cache] [debug] - Loading template for "spark/partials/navbar.ftl"("en_IN", UTF-8, parsed) from "jar:file:/Users/amandeep.singh/.m2/repository/com/aventstack/extentreports/5.0.7/extentreports-5.0.7.jar!/com/aventstack/extentreports/templates/spark/partials/navbar.ftl"
[DEBUG] 2023-03-29 00:18:31.434 [freemarker.cache] [debug] - Couldn't find template in cache for "spark/partials/sidenav.ftl"("en_IN", UTF-8, parsed); will try to load it.
[DEBUG] 2023-03-29 00:18:31.434 [freemarker.cache] [debug] - TemplateLoader.findTemplateSource("spark/partials/sidenav_en_IN.ftl"): Not found
[DEBUG] 2023-03-29 00:18:31.434 [freemarker.cache] [debug] - TemplateLoader.findTemplateSource("spark/partials/sidenav_en.ftl"): Not found
[DEBUG] 2023-03-29 00:18:31.435 [freemarker.cache] [debug] - TemplateLoader.findTemplateSource("spark/partials/sidenav.ftl"): Found
[DEBUG] 2023-03-29 00:18:31.435 [freemarker.cache] [debug] - Loading template for "spark/partials/sidenav.ftl"("en_IN", UTF-8, parsed) from "jar:file:/Users/amandeep.singh/.m2/repository/com/aventstack/extentreports/5.0.7/extentreports-5.0.7.jar!/com/aventstack/extentreports/templates/spark/partials/sidenav.ftl"
[DEBUG] 2023-03-29 00:18:31.445 [freemarker.cache] [debug] - Couldn't find template in cache for "spark/partials/dashboard.ftl"("en_IN", UTF-8, parsed); will try to load it.
[DEBUG] 2023-03-29 00:18:31.445 [freemarker.cache] [debug] - TemplateLoader.findTemplateSource("spark/partials/dashboard_en_IN.ftl"): Not found
[DEBUG] 2023-03-29 00:18:31.445 [freemarker.cache] [debug] - TemplateLoader.findTemplateSource("spark/partials/dashboard_en.ftl"): Not found
[DEBUG] 2023-03-29 00:18:31.446 [freemarker.cache] [debug] - TemplateLoader.findTemplateSource("spark/partials/dashboard.ftl"): Found
[DEBUG] 2023-03-29 00:18:31.446 [freemarker.cache] [debug] - Loading template for "spark/partials/dashboard.ftl"("en_IN", UTF-8, parsed) from "jar:file:/Users/amandeep.singh/.m2/repository/com/aventstack/extentreports/5.0.7/extentreports-5.0.7.jar!/com/aventstack/extentreports/templates/spark/partials/dashboard.ftl"
[DEBUG] 2023-03-29 00:18:31.511 [freemarker.cache] [debug] - Couldn't find template in cache for "spark/partials/category.ftl"("en_IN", UTF-8, parsed); will try to load it.
[DEBUG] 2023-03-29 00:18:31.513 [freemarker.cache] [debug] - TemplateLoader.findTemplateSource("spark/partials/category_en_IN.ftl"): Not found
[DEBUG] 2023-03-29 00:18:31.514 [freemarker.cache] [debug] - TemplateLoader.findTemplateSource("spark/partials/category_en.ftl"): Not found
[DEBUG] 2023-03-29 00:18:31.514 [freemarker.cache] [debug] - TemplateLoader.findTemplateSource("spark/partials/category.ftl"): Found
[DEBUG] 2023-03-29 00:18:31.514 [freemarker.cache] [debug] - Loading template for "spark/partials/category.ftl"("en_IN", UTF-8, parsed) from "jar:file:/Users/amandeep.singh/.m2/repository/com/aventstack/extentreports/5.0.7/extentreports-5.0.7.jar!/com/aventstack/extentreports/templates/spark/partials/category.ftl"
[DEBUG] 2023-03-29 00:18:31.519 [freemarker.cache] [debug] - Couldn't find template in cache for "spark/partials/test.ftl"("en_IN", UTF-8, parsed); will try to load it.
[DEBUG] 2023-03-29 00:18:31.519 [freemarker.cache] [debug] - TemplateLoader.findTemplateSource("spark/partials/test_en_IN.ftl"): Not found
[DEBUG] 2023-03-29 00:18:31.519 [freemarker.cache] [debug] - TemplateLoader.findTemplateSource("spark/partials/test_en.ftl"): Not found
[DEBUG] 2023-03-29 00:18:31.519 [freemarker.cache] [debug] - TemplateLoader.findTemplateSource("spark/partials/test.ftl"): Found
[DEBUG] 2023-03-29 00:18:31.520 [freemarker.cache] [debug] - Loading template for "spark/partials/test.ftl"("en_IN", UTF-8, parsed) from "jar:file:/Users/amandeep.singh/.m2/repository/com/aventstack/extentreports/5.0.7/extentreports-5.0.7.jar!/com/aventstack/extentreports/templates/spark/partials/test.ftl"
[DEBUG] 2023-03-29 00:18:31.530 [freemarker.cache] [debug] - Couldn't find template in cache for "spark/partials/standard-content.ftl"("en_IN", UTF-8, parsed); will try to load it.
[DEBUG] 2023-03-29 00:18:31.530 [freemarker.cache] [debug] - TemplateLoader.findTemplateSource("spark/partials/standard-content_en_IN.ftl"): Not found
[DEBUG] 2023-03-29 00:18:31.530 [freemarker.cache] [debug] - TemplateLoader.findTemplateSource("spark/partials/standard-content_en.ftl"): Not found
[DEBUG] 2023-03-29 00:18:31.530 [freemarker.cache] [debug] - TemplateLoader.findTemplateSource("spark/partials/standard-content.ftl"): Found
[DEBUG] 2023-03-29 00:18:31.530 [freemarker.cache] [debug] - Loading template for "spark/partials/standard-content.ftl"("en_IN", UTF-8, parsed) from "jar:file:/Users/amandeep.singh/.m2/repository/com/aventstack/extentreports/5.0.7/extentreports-5.0.7.jar!/com/aventstack/extentreports/templates/spark/partials/standard-content.ftl"
[DEBUG] 2023-03-29 00:18:31.541 [freemarker.cache] [debug] - Couldn't find template in cache for "spark/partials/scripts.ftl"("en_IN", UTF-8, parsed); will try to load it.
[DEBUG] 2023-03-29 00:18:31.541 [freemarker.cache] [debug] - TemplateLoader.findTemplateSource("spark/partials/scripts_en_IN.ftl"): Not found
[DEBUG] 2023-03-29 00:18:31.541 [freemarker.cache] [debug] - TemplateLoader.findTemplateSource("spark/partials/scripts_en.ftl"): Not found
[DEBUG] 2023-03-29 00:18:31.541 [freemarker.cache] [debug] - TemplateLoader.findTemplateSource("spark/partials/scripts.ftl"): Found
[DEBUG] 2023-03-29 00:18:31.542 [freemarker.cache] [debug] - Loading template for "spark/partials/scripts.ftl"("en_IN", UTF-8, parsed) from "jar:file:/Users/amandeep.singh/.m2/repository/com/aventstack/extentreports/5.0.7/extentreports-5.0.7.jar!/com/aventstack/extentreports/templates/spark/partials/scripts.ftl"
[DEBUG] 2023-03-29 00:18:31.542 [freemarker.cache] [debug] - Couldn't find template in cache for "commons/commons-inject-js.ftl"("en_IN", UTF-8, parsed); will try to load it.
[DEBUG] 2023-03-29 00:18:31.542 [freemarker.cache] [debug] - TemplateLoader.findTemplateSource("commons/commons-inject-js_en_IN.ftl"): Not found
[DEBUG] 2023-03-29 00:18:31.543 [freemarker.cache] [debug] - TemplateLoader.findTemplateSource("commons/commons-inject-js_en.ftl"): Not found
[DEBUG] 2023-03-29 00:18:31.543 [freemarker.cache] [debug] - TemplateLoader.findTemplateSource("commons/commons-inject-js.ftl"): Found
[DEBUG] 2023-03-29 00:18:31.543 [freemarker.cache] [debug] - Loading template for "commons/commons-inject-js.ftl"("en_IN", UTF-8, parsed) from "jar:file:/Users/amandeep.singh/.m2/repository/com/aventstack/extentreports/5.0.7/extentreports-5.0.7.jar!/com/aventstack/extentreports/templates/commons/commons-inject-js.ftl"
