[INFO ] 2023-02-11 17:20:51.029 [directOrder.TG_5802_DirectOrderParialClaim] [VerifyUserRedirectToNewOrderFormViaDirectOrder] - Started==Verifying Confirm Job Order Details
[INFO ] 2023-02-11 17:20:54.661 [directOrder.TG_5802_DirectOrderParialClaim] [VerifyUserRedirectToNewOrderFormViaDirectOrder] - Entering Username
[INFO ] 2023-02-11 17:20:54.663 [directOrder.TG_5802_DirectOrderParialClaim] [enterUsername] - Entering new user's first name
[INFO ] 2023-02-11 17:20:55.981 [directOrder.TG_5802_DirectOrderParialClaim] [enterUsername] - User's first name entered successfully
[INFO ] 2023-02-11 17:20:55.981 [directOrder.TG_5802_DirectOrderParialClaim] [VerifyUserRedirectToNewOrderFormViaDirectOrder] - Username Entered Successfully
[INFO ] 2023-02-11 17:20:55.981 [directOrder.TG_5802_DirectOrderParialClaim] [VerifyUserRedirectToNewOrderFormViaDirectOrder] - Entering Password
[INFO ] 2023-02-11 17:20:55.981 [directOrder.TG_5802_DirectOrderParialClaim] [enterPassword] - Entering new user's last name
[INFO ] 2023-02-11 17:20:56.193 [directOrder.TG_5802_DirectOrderParialClaim] [enterPassword] - User's last name entered successfully
[INFO ] 2023-02-11 17:20:56.193 [directOrder.TG_5802_DirectOrderParialClaim] [VerifyUserRedirectToNewOrderFormViaDirectOrder] - Password Entered Successfully
[INFO ] 2023-02-11 17:20:56.193 [directOrder.TG_5802_DirectOrderParialClaim] [VerifyUserRedirectToNewOrderFormViaDirectOrder] - Clicking on Login Button
[INFO ] 2023-02-11 17:20:56.193 [directOrder.TG_5802_DirectOrderParialClaim] [clickLoginButton] - Clicking on Login Button
[INFO ] 2023-02-11 17:20:56.593 [directOrder.TG_5802_DirectOrderParialClaim] [clickLoginButton] - Close Pop Up clicked successfully
[INFO ] 2023-02-11 17:20:56.594 [directOrder.TG_5802_DirectOrderParialClaim] [VerifyUserRedirectToNewOrderFormViaDirectOrder] - Login Button Clicked Successfully
[INFO ] 2023-02-11 17:20:56.594 [directOrder.TG_5802_DirectOrderParialClaim] [VerifyUserRedirectToNewOrderFormViaDirectOrder] - Clicking on Staffing Companies
[INFO ] 2023-02-11 17:20:56.594 [directOrder.TG_5802_DirectOrderParialClaim] [clickStaffingCompanies] - Clicking on Staffing Companies Button
[INFO ] 2023-02-11 17:21:04.658 [directOrder.TG_5802_DirectOrderParialClaim] [clickStaffingCompanies] - Staffing Companies Button clicked successfully
[INFO ] 2023-02-11 17:21:04.659 [directOrder.TG_5802_DirectOrderParialClaim] [VerifyUserRedirectToNewOrderFormViaDirectOrder] - Staffing Companies Clickied Successfully
[INFO ] 2023-02-11 17:21:04.659 [directOrder.TG_5802_DirectOrderParialClaim] [VerifyUserRedirectToNewOrderFormViaDirectOrder] - Verifying Staffing Companies List
[INFO ] 2023-02-11 17:21:04.659 [directOrder.TG_5802_DirectOrderParialClaim] [verifyStaffingCompanyList] - Verify Staffing Company List is displayed
[INFO ] 2023-02-11 17:21:10.563 [directOrder.TG_5802_DirectOrderParialClaim] [verifyStaffingCompanyList] - Staffing Company List displayed successfully
[INFO ] 2023-02-11 17:21:10.563 [directOrder.TG_5802_DirectOrderParialClaim] [VerifyUserRedirectToNewOrderFormViaDirectOrder] - Staffing Companies List verified successfully
[INFO ] 2023-02-11 17:21:18.570 [directOrder.TG_5802_DirectOrderParialClaim] [clickHunderedFilter] - Clicking on 100 records button
[INFO ] 2023-02-11 17:21:18.883 [directOrder.TG_5802_DirectOrderParialClaim] [clickHunderedFilter] - 100 records button clicked Successfully
[INFO ] 2023-02-11 17:21:23.890 [directOrder.TG_5802_DirectOrderParialClaim] [VerifyUserRedirectToNewOrderFormViaDirectOrder] - Clicking Staffing Company
[INFO ] 2023-02-11 17:21:23.891 [directOrder.TG_5802_DirectOrderParialClaim] [clickStaffingCompanyDirectOrder] - Clicking on Staffing Companies Button
[INFO ] 2023-02-11 17:21:25.787 [directOrder.TG_5802_DirectOrderParialClaim] [clickStaffingCompanyDirectOrder] - Staffing Companies Button clicked successfully
[INFO ] 2023-02-11 17:21:25.788 [directOrder.TG_5802_DirectOrderParialClaim] [VerifyUserRedirectToNewOrderFormViaDirectOrder] - Staffing Company Clickied Successfully
[INFO ] 2023-02-11 17:21:28.794 [directOrder.TG_5802_DirectOrderParialClaim] [VerifyUserRedirectToNewOrderFormViaDirectOrder] - Clicking on Place Order Button
[INFO ] 2023-02-11 17:21:28.797 [directOrder.TG_5802_DirectOrderParialClaim] [clickPlaceOrderButton] - Clicking on Staffing Company
[INFO ] 2023-02-11 17:21:28.991 [directOrder.TG_5802_DirectOrderParialClaim] [clickPlaceOrderButton] - Staffing Company clicked successfully
[INFO ] 2023-02-11 17:21:28.991 [directOrder.TG_5802_DirectOrderParialClaim] [VerifyUserRedirectToNewOrderFormViaDirectOrder] - Place Order Button Clickied Successfully
[INFO ] 2023-02-11 17:21:29.063 [directOrder.TG_5802_DirectOrderParialClaim] [Tag_VerifyConfirmJobOrderDetails] - Started==Starting End To End Flow NewOrderHiring
[INFO ] 2023-02-11 17:21:29.063 [directOrder.TG_5802_DirectOrderParialClaim] [enterEstDailyHours] - Entering EstDailyHours
[INFO ] 2023-02-11 17:21:37.517 [directOrder.TG_5802_DirectOrderParialClaim] [enterEstDailyHours] - EstDailyHours entered successfully
[INFO ] 2023-02-11 17:21:39.525 [directOrder.TG_5802_DirectOrderParialClaim] [enterStartDate] - Entering StartDate
[INFO ] 2023-02-11 17:21:45.104 [directOrder.TG_5802_DirectOrderParialClaim] [enterStartDate] - StartDate entered successfully
[INFO ] 2023-02-11 17:21:47.111 [directOrder.TG_5802_DirectOrderParialClaim] [enterEndDate] - Entering EndDate
[INFO ] 2023-02-11 17:21:52.493 [directOrder.TG_5802_DirectOrderParialClaim] [enterEndDate] - EndDate entered successfully
[INFO ] 2023-02-11 17:21:54.499 [directOrder.TG_5802_DirectOrderParialClaim] [enterStartTime] - Entering StartTime
[INFO ] 2023-02-11 17:21:55.556 [directOrder.TG_5802_DirectOrderParialClaim] [enterStartTime] - StartTime entered successfully
[INFO ] 2023-02-11 17:21:57.559 [directOrder.TG_5802_DirectOrderParialClaim] [enterAvailability] - Entering Availability
[INFO ] 2023-02-11 17:21:57.854 [directOrder.TG_5802_DirectOrderParialClaim] [enterAvailability] - Availabilit entered successfully
[INFO ] 2023-02-11 17:21:57.855 [directOrder.TG_5802_DirectOrderParialClaim] [enterJobSite] - Entering JobSite
[INFO ] 2023-02-11 17:22:01.990 [directOrder.TG_5802_DirectOrderParialClaim] [enterJobSite] - JobSite entered successfully
[INFO ] 2023-02-11 17:22:03.996 [directOrder.TG_5802_DirectOrderParialClaim] [enterJobTitle] - Entering JobTitle
[INFO ] 2023-02-11 17:22:05.077 [directOrder.TG_5802_DirectOrderParialClaim] [enterJobTitle] - JobTitle entered successfully
[INFO ] 2023-02-11 17:22:07.079 [directOrder.TG_5802_DirectOrderParialClaim] [enterNoOfWorker] - Entering No Of Workers
[INFO ] 2023-02-11 17:22:07.238 [directOrder.TG_5802_DirectOrderParialClaim] [enterNoOfWorker] - NoOfWorkers entered successfully
[INFO ] 2023-02-11 17:22:09.245 [directOrder.TG_5802_DirectOrderParialClaim] [enterESignature] - Entering ESignature
[INFO ] 2023-02-11 17:22:09.417 [directOrder.TG_5802_DirectOrderParialClaim] [enterESignature] - ESignature entered successfully
[INFO ] 2023-02-11 17:22:09.417 [directOrder.TG_5802_DirectOrderParialClaim] [clickAgreeContract] - clickAgreeContract
[INFO ] 2023-02-11 17:22:09.584 [directOrder.TG_5802_DirectOrderParialClaim] [clickAgreeContract] - clickAgreeContract successfully
[INFO ] 2023-02-11 17:22:22.832 [directOrder.TG_5802_DirectOrderParialClaim] [TG_3869_VerifyUserclicksJobOrderItNavigatestoJobOrderForm] - Entering Username
[INFO ] 2023-02-11 17:22:22.835 [directOrder.TG_5802_DirectOrderParialClaim] [enterUsername] - Entering new user's first name
[INFO ] 2023-02-11 17:22:22.922 [directOrder.TG_5802_DirectOrderParialClaim] [enterUsername] - User's first name entered successfully
[INFO ] 2023-02-11 17:22:22.923 [directOrder.TG_5802_DirectOrderParialClaim] [TG_3869_VerifyUserclicksJobOrderItNavigatestoJobOrderForm] - Username Entered Successfully
[INFO ] 2023-02-11 17:22:22.923 [directOrder.TG_5802_DirectOrderParialClaim] [TG_3869_VerifyUserclicksJobOrderItNavigatestoJobOrderForm] - Entering Password
[INFO ] 2023-02-11 17:22:22.923 [directOrder.TG_5802_DirectOrderParialClaim] [enterPassword] - Entering new user's last name
[INFO ] 2023-02-11 17:22:23.003 [directOrder.TG_5802_DirectOrderParialClaim] [enterPassword] - User's last name entered successfully
[INFO ] 2023-02-11 17:22:23.004 [directOrder.TG_5802_DirectOrderParialClaim] [TG_3869_VerifyUserclicksJobOrderItNavigatestoJobOrderForm] - Password Entered Successfully
[INFO ] 2023-02-11 17:22:23.004 [directOrder.TG_5802_DirectOrderParialClaim] [TG_3869_VerifyUserclicksJobOrderItNavigatestoJobOrderForm] - Clicking on Login Button
[INFO ] 2023-02-11 17:22:23.004 [directOrder.TG_5802_DirectOrderParialClaim] [clickLoginButton] - Clicking on Login Button
[INFO ] 2023-02-11 17:22:23.214 [directOrder.TG_5802_DirectOrderParialClaim] [clickLoginButton] - Close Pop Up clicked successfully
[INFO ] 2023-02-11 17:22:23.214 [directOrder.TG_5802_DirectOrderParialClaim] [TG_3869_VerifyUserclicksJobOrderItNavigatestoJobOrderForm] - Login Button Clicked Successfully
[INFO ] 2023-02-11 17:22:26.220 [directOrder.TG_5802_DirectOrderParialClaim] [TG_3869_VerifyUserclicksJobOrderItNavigatestoJobOrderForm] - Clicking on Notifications Icon
[INFO ] 2023-02-11 17:22:26.222 [directOrder.TG_5802_DirectOrderParialClaim] [clickNotificationIcon] - Clicking on Notifications
