[INFO ] 2023-01-17 13:13:24.387 [users.AddNewUserHiring] [VerifyMandatoryFields] - Started==Verifying mandatory fields in Add New User form
[INFO ] 2023-01-17 13:13:30.820 [users.AddNewUserHiring] [VerifyMandatoryFields] - Logging into the application using username: ankit_tag@yopmail.com
[INFO ] 2023-01-17 13:13:30.825 [users.AddNewUserHiring] [enterUsername] - Entering new user's first name
[INFO ] 2023-01-17 13:13:32.190 [users.AddNewUserHiring] [enterUsername] - User's first name entered successfully
[INFO ] 2023-01-17 13:13:32.191 [users.AddNewUserHiring] [enterPassword] - Entering new user's last name
[INFO ] 2023-01-17 13:13:32.431 [users.AddNewUserHiring] [enterPassword] - User's last name entered successfully
[INFO ] 2023-01-17 13:13:32.431 [users.AddNewUserHiring] [clickLoginButton] - Clicking on Login Button
[INFO ] 2023-01-17 13:13:32.857 [users.AddNewUserHiring] [clickLoginButton] - Close Pop Up clicked successfully
[INFO ] 2023-01-17 13:13:32.858 [users.AddNewUserHiring] [VerifyMandatoryFields] - User: ankit_tag@yopmail.com logged in successfully
[INFO ] 2023-01-17 13:13:35.863 [users.AddNewUserHiring] [clickUsersLinkOnHomePage] - Clicking Users link present on the homepage
[INFO ] 2023-01-17 13:13:41.952 [users.AddNewUserHiring] [clickUsersLinkOnHomePage] - Users link present on the hompage clicked successfully.
[INFO ] 2023-01-17 13:13:57.325 [users.AddNewUserHiring] [clearCompanyTypeField] - Clearing company type field
[INFO ] 2023-01-17 13:13:57.465 [users.AddNewUserHiring] [clearCompanyTypeField] - Company Type field cleared Successfully
[INFO ] 2023-01-17 13:13:57.465 [users.AddNewUserHiring] [clickLastNameField] - Clicking Last Name field
[INFO ] 2023-01-17 13:13:57.726 [users.AddNewUserHiring] [clickLastNameField] - Last Name  field clicked successfully
[INFO ] 2023-01-17 13:13:57.726 [users.AddNewUserHiring] [clickSavebutton] - Clicking save button
[INFO ] 2023-01-17 13:13:58.010 [users.AddNewUserHiring] [clickSavebutton] - Save button clicked successfully
[INFO ] 2023-01-17 13:14:01.675 [users.AddNewUserHiring] [verifyCreateNewUser] - Started==Verify user creation
[INFO ] 2023-01-17 13:14:01.676 [users.AddNewUserHiring] [enterCompanyType] - Entering Company Type
[INFO ] 2023-01-17 13:14:02.134 [users.AddNewUserHiring] [enterCompanyType] - Company Type Entered Successfully
[INFO ] 2023-01-17 13:14:02.135 [users.AddNewUserHiring] [clickLastNameField] - Clicking Last Name field
[INFO ] 2023-01-17 13:14:02.238 [users.AddNewUserHiring] [clickLastNameField] - Last Name  field clicked successfully
[INFO ] 2023-01-17 13:14:05.246 [users.AddNewUserHiring] [enterUserEmail] - Entering user email address
[INFO ] 2023-01-17 13:14:05.600 [users.AddNewUserHiring] [enterUserEmail] - Email entered successfully
[INFO ] 2023-01-17 13:14:05.600 [users.AddNewUserHiring] [enterFirstNameField] - Entering First Name field
[INFO ] 2023-01-17 13:14:05.823 [users.AddNewUserHiring] [enterFirstNameField] - First Name  entered successfully
[INFO ] 2023-01-17 13:14:05.824 [users.AddNewUserHiring] [enterLastNameField] - Entering Last Name field
[INFO ] 2023-01-17 13:14:06.043 [users.AddNewUserHiring] [enterLastNameField] - Last Name entered successfully
[INFO ] 2023-01-17 13:14:10.515 [users.AddNewUserHiring] [clickLastNameField] - Clicking Last Name field
[INFO ] 2023-01-17 13:14:10.661 [users.AddNewUserHiring] [clickLastNameField] - Last Name  field clicked successfully
[INFO ] 2023-01-17 13:14:10.662 [users.AddNewUserHiring] [clickSavebutton] - Clicking save button
[INFO ] 2023-01-17 13:14:10.765 [users.AddNewUserHiring] [clickSavebutton] - Save button clicked successfully
