[INFO ] 2023-01-19 11:57:18.490 [users.AddNewUserHiring] [VerifyMandatoryFields] - Started==Verifying mandatory fields in Add New User form
[INFO ] 2023-01-19 11:57:21.756 [users.AddNewUserHiring] [VerifyMandatoryFields] - Logging into the application using username: ankit_tag@yopmail.com
[INFO ] 2023-01-19 11:57:21.757 [users.AddNewUserHiring] [enterUsername] - Entering new user's first name
[INFO ] 2023-01-19 11:57:22.732 [users.AddNewUserHiring] [enterUsername] - User's first name entered successfully
[INFO ] 2023-01-19 11:57:22.732 [users.AddNewUserHiring] [enterPassword] - Entering new user's last name
[INFO ] 2023-01-19 11:57:23.007 [users.AddNewUserHiring] [enterPassword] - User's last name entered successfully
[INFO ] 2023-01-19 11:57:23.008 [users.AddNewUserHiring] [clickLoginButton] - Clicking on Login Button
[INFO ] 2023-01-19 11:57:23.502 [users.AddNewUserHiring] [clickLoginButton] - Close Pop Up clicked successfully
[INFO ] 2023-01-19 11:57:23.502 [users.AddNewUserHiring] [VerifyMandatoryFields] - User: ankit_tag@yopmail.com logged in successfully
[INFO ] 2023-01-19 11:57:26.507 [users.AddNewUserHiring] [clickUsersLinkOnHomePage] - Clicking Users link present on the homepage
[INFO ] 2023-01-19 11:57:32.072 [users.AddNewUserHiring] [clickUsersLinkOnHomePage] - Users link present on the hompage clicked successfully.
[INFO ] 2023-01-19 11:57:47.156 [users.AddNewUserHiring] [clearCompanyTypeField] - Clearing company type field
[INFO ] 2023-01-19 11:57:47.379 [users.AddNewUserHiring] [clearCompanyTypeField] - Company Type field cleared Successfully
[INFO ] 2023-01-19 11:57:47.380 [users.AddNewUserHiring] [clickLastNameField] - Clicking Last Name field
[INFO ] 2023-01-19 11:57:47.774 [users.AddNewUserHiring] [clickLastNameField] - Last Name  field clicked successfully
[INFO ] 2023-01-19 11:57:47.774 [users.AddNewUserHiring] [clickSavebutton] - Clicking save button
[INFO ] 2023-01-19 11:57:48.391 [users.AddNewUserHiring] [clickSavebutton] - Save button clicked successfully
[INFO ] 2023-01-19 11:57:52.235 [users.AddNewUserHiring] [verifyCreateNewUser] - Started==Verify user creation
[INFO ] 2023-01-19 11:57:52.237 [users.AddNewUserHiring] [enterCompanyType] - Entering Company Type
[INFO ] 2023-01-19 11:57:53.062 [users.AddNewUserHiring] [enterCompanyType] - Company Type Entered Successfully
[INFO ] 2023-01-19 11:57:53.064 [users.AddNewUserHiring] [clickLastNameField] - Clicking Last Name field
[INFO ] 2023-01-19 11:57:53.225 [users.AddNewUserHiring] [clickLastNameField] - Last Name  field clicked successfully
[INFO ] 2023-01-19 11:57:56.233 [users.AddNewUserHiring] [enterUserEmail] - Entering user email address
[INFO ] 2023-01-19 11:57:56.502 [users.AddNewUserHiring] [enterUserEmail] - Email entered successfully
[INFO ] 2023-01-19 11:57:56.502 [users.AddNewUserHiring] [enterFirstNameField] - Entering First Name field
[INFO ] 2023-01-19 11:57:57.030 [users.AddNewUserHiring] [enterFirstNameField] - First Name  entered successfully
[INFO ] 2023-01-19 11:57:57.032 [users.AddNewUserHiring] [enterLastNameField] - Entering Last Name field
[INFO ] 2023-01-19 11:57:57.282 [users.AddNewUserHiring] [enterLastNameField] - Last Name entered successfully
[INFO ] 2023-01-19 11:58:02.420 [users.AddNewUserHiring] [clickLastNameField] - Clicking Last Name field
[INFO ] 2023-01-19 11:58:02.615 [users.AddNewUserHiring] [clickLastNameField] - Last Name  field clicked successfully
[INFO ] 2023-01-19 11:58:02.616 [users.AddNewUserHiring] [clickSavebutton] - Clicking save button
[INFO ] 2023-01-19 11:58:02.862 [users.AddNewUserHiring] [clickSavebutton] - Save button clicked successfully
