[INFO ] 2023-01-13 08:44:43.651 [CRM.TG_5352_Lead_Creation] [TG_5303_VerifyNewLeadFormIsOpened] - Logging in
[INFO ] 2023-01-13 08:44:48.121 [CRM.TG_5352_Lead_Creation] [TG_5303_VerifyNewLeadFormIsOpened] - Entering Username
[INFO ] 2023-01-13 08:44:48.131 [CRM.TG_5352_Lead_Creation] [enterUsername] - Entering new user's first name
[INFO ] 2023-01-13 08:44:48.988 [CRM.TG_5352_Lead_Creation] [enterUsername] - User's first name entered successfully
[INFO ] 2023-01-13 08:44:48.988 [CRM.TG_5352_Lead_Creation] [TG_5303_VerifyNewLeadFormIsOpened] - Username Entered Successfully
[INFO ] 2023-01-13 08:44:48.988 [CRM.TG_5352_Lead_Creation] [TG_5303_VerifyNewLeadFormIsOpened] - Entering Password
[INFO ] 2023-01-13 08:44:48.988 [CRM.TG_5352_Lead_Creation] [enterPassword] - Entering new user's last name
[INFO ] 2023-01-13 08:44:49.160 [CRM.TG_5352_Lead_Creation] [enterPassword] - User's last name entered successfully
[INFO ] 2023-01-13 08:44:49.161 [CRM.TG_5352_Lead_Creation] [TG_5303_VerifyNewLeadFormIsOpened] - Password Entered Successfully
[INFO ] 2023-01-13 08:44:49.161 [CRM.TG_5352_Lead_Creation] [TG_5303_VerifyNewLeadFormIsOpened] - Clicking on Login Button
[INFO ] 2023-01-13 08:44:49.161 [CRM.TG_5352_Lead_Creation] [clickLoginButton] - Clicking on Login Button
[INFO ] 2023-01-13 08:44:49.613 [CRM.TG_5352_Lead_Creation] [clickLoginButton] - Close Pop Up clicked successfully
[INFO ] 2023-01-13 08:44:49.622 [CRM.TG_5352_Lead_Creation] [TG_5303_VerifyNewLeadFormIsOpened] - Verifying CRM Icon
[INFO ] 2023-01-13 08:44:49.622 [CRM.TG_5352_Lead_Creation] [verifyCRMTextOnHomepage] - Check for CRM Icon on Homepage
[INFO ] 2023-01-13 08:45:04.753 [CRM.TG_5352_Lead_Creation] [verifyCRMTextOnHomepage] - CRM Icon displayed successfully
[INFO ] 2023-01-13 08:45:04.764 [CRM.TG_5352_Lead_Creation] [TG_5303_VerifyNewLeadFormIsOpened] - Clicking on CRM Icon
[INFO ] 2023-01-13 08:45:04.764 [CRM.TG_5352_Lead_Creation] [clickCRMIcon] - Clicking on CRM Button
[INFO ] 2023-01-13 08:45:05.646 [CRM.TG_5352_Lead_Creation] [clickCRMIcon] - CRM Button clicked successfully
[INFO ] 2023-01-13 08:45:05.646 [CRM.TG_5352_Lead_Creation] [TG_5303_VerifyNewLeadFormIsOpened] - CRM Icon Clicked Successfully
[INFO ] 2023-01-13 08:45:07.652 [CRM.TG_5352_Lead_Creation] [TG_5303_VerifyNewLeadFormIsOpened] - Clicking on Lead Icon
[INFO ] 2023-01-13 08:45:07.653 [CRM.TG_5352_Lead_Creation] [clickLeadIcon] - Clicking on Lead Button
[INFO ] 2023-01-13 08:45:08.776 [CRM.TG_5352_Lead_Creation] [clickLeadIcon] - Lead Button clicked successfully
[INFO ] 2023-01-13 08:45:08.776 [CRM.TG_5352_Lead_Creation] [TG_5303_VerifyNewLeadFormIsOpened] - Lead Icon Clicked Successfully
[INFO ] 2023-01-13 08:45:10.778 [CRM.TG_5352_Lead_Creation] [TG_5303_VerifyNewLeadFormIsOpened] - Verify Listing Form
[INFO ] 2023-01-13 08:45:10.781 [CRM.TG_5352_Lead_Creation] [verifyLeadListingForm] - Check for Lead Title
[INFO ] 2023-01-13 08:45:10.867 [CRM.TG_5352_Lead_Creation] [verifyLeadListingForm] - Lead Title displayed successfully
[INFO ] 2023-01-13 08:45:10.867 [CRM.TG_5352_Lead_Creation] [TG_5303_VerifyNewLeadFormIsOpened] - Listing Form verified successfully
[INFO ] 2023-01-13 08:45:12.881 [CRM.TG_5352_Lead_Creation] [TG_5303_VerifyNewLeadFormIsOpened] - Clicking on Add Lead Button
[INFO ] 2023-01-13 08:45:12.886 [CRM.TG_5352_Lead_Creation] [clickAddLeadButton] - Clicking on Lead Button
[INFO ] 2023-01-13 08:45:13.959 [CRM.TG_5352_Lead_Creation] [clickAddLeadButton] - Add Lead Button clicked successfully
[INFO ] 2023-01-13 08:45:13.961 [CRM.TG_5352_Lead_Creation] [TG_5303_VerifyNewLeadFormIsOpened] - Add Lead Button Clicked Successfully
[INFO ] 2023-01-13 08:45:15.969 [CRM.TG_5352_Lead_Creation] [TG_5303_VerifyNewLeadFormIsOpened] - Verifying the Lead Form Title
[INFO ] 2023-01-13 08:45:15.972 [CRM.TG_5352_Lead_Creation] [verifyLeadForm] - Check for New Lead Form
[INFO ] 2023-01-13 08:45:16.058 [CRM.TG_5352_Lead_Creation] [verifyLeadForm] - New Lead Form displayed successfully
[INFO ] 2023-01-13 08:45:16.059 [CRM.TG_5352_Lead_Creation] [TG_5303_VerifyNewLeadFormIsOpened] - Lead Form Title is Verified Successfully
[INFO ] 2023-01-13 08:45:16.114 [CRM.TG_5352_Lead_Creation] [TG_5318_VerifyLeadIsCreated] - Verifying Mandatory Fields
[INFO ] 2023-01-13 08:45:16.114 [CRM.TG_5352_Lead_Creation] [clickSaveButton] - Clicking on Save Button
[INFO ] 2023-01-13 08:45:16.615 [CRM.TG_5352_Lead_Creation] [clickSaveButton] - Save Button clicked successfully
[INFO ] 2023-01-13 08:45:18.623 [CRM.TG_5352_Lead_Creation] [verifyMandatoryFieldIsBlank] - Verifying the Mandatory Field Pop-Up Title
[INFO ] 2023-01-13 08:45:18.680 [CRM.TG_5352_Lead_Creation] [verifyMandatoryFieldIsBlank] - Mandatory Field Pop-Up Title displayed Successfully
[INFO ] 2023-01-13 08:45:20.687 [CRM.TG_5352_Lead_Creation] [TG_5318_VerifyLeadIsCreated] - Closing the Pop-up
[INFO ] 2023-01-13 08:45:20.688 [CRM.TG_5352_Lead_Creation] [closeBlankMandatoryFieldDialogBox] - Clicking on Close Pop-Up Icon
[INFO ] 2023-01-13 08:45:20.895 [CRM.TG_5352_Lead_Creation] [closeBlankMandatoryFieldDialogBox] - Close Pop-Up Icon Clicked Successfully
[INFO ] 2023-01-13 08:45:20.897 [CRM.TG_5352_Lead_Creation] [TG_5318_VerifyLeadIsCreated] - Pop-up closed Successfully
[INFO ] 2023-01-13 08:45:22.903 [CRM.TG_5352_Lead_Creation] [TG_5318_VerifyLeadIsCreated] - Entering First Name
[INFO ] 2023-01-13 08:45:22.906 [CRM.TG_5352_Lead_Creation] [enterFirstName] - Entering First Name
[INFO ] 2023-01-13 08:45:23.358 [CRM.TG_5352_Lead_Creation] [enterFirstName] - First Name Entered Successfully
[INFO ] 2023-01-13 08:45:23.359 [CRM.TG_5352_Lead_Creation] [TG_5318_VerifyLeadIsCreated] - First Name Entered Successfully
[INFO ] 2023-01-13 08:45:23.360 [CRM.TG_5352_Lead_Creation] [TG_5318_VerifyLeadIsCreated] - Entering Last Name
[INFO ] 2023-01-13 08:45:23.360 [CRM.TG_5352_Lead_Creation] [enterLastName] - Entering Last Name
[INFO ] 2023-01-13 08:45:23.502 [CRM.TG_5352_Lead_Creation] [enterLastName] - Last Name Entered Successfully
[INFO ] 2023-01-13 08:45:23.723 [CRM.TG_5352_Lead_Creation] [TG_5318_VerifyLeadIsCreated] - Last Name Entered Successfully
[INFO ] 2023-01-13 08:45:23.735 [CRM.TG_5352_Lead_Creation] [TG_5318_VerifyLeadIsCreated] - Entering Company Name
[INFO ] 2023-01-13 08:45:23.736 [CRM.TG_5352_Lead_Creation] [enterCompanyName] - Entering Company Name
[INFO ] 2023-01-13 08:45:23.913 [CRM.TG_5352_Lead_Creation] [enterCompanyName] - Company Name Entered Successfully
[INFO ] 2023-01-13 08:45:23.914 [CRM.TG_5352_Lead_Creation] [TG_5318_VerifyLeadIsCreated] - Company Name Entered Successfully
[INFO ] 2023-01-13 08:45:23.914 [CRM.TG_5352_Lead_Creation] [TG_5318_VerifyLeadIsCreated] - Entering Email
[INFO ] 2023-01-13 08:45:23.915 [CRM.TG_5352_Lead_Creation] [enterEmail] - Entering Email
[INFO ] 2023-01-13 08:45:24.367 [CRM.TG_5352_Lead_Creation] [enterEmail] - Email Entered Successfully
[INFO ] 2023-01-13 08:45:24.368 [CRM.TG_5352_Lead_Creation] [TG_5318_VerifyLeadIsCreated] - Email Entered Successfully
[INFO ] 2023-01-13 08:45:26.372 [CRM.TG_5352_Lead_Creation] [TG_5318_VerifyLeadIsCreated] - Entering Phone Number
[INFO ] 2023-01-13 08:45:26.379 [CRM.TG_5352_Lead_Creation] [enterPhoneNumber] - Entering Phone Number
[INFO ] 2023-01-13 08:45:26.501 [CRM.TG_5352_Lead_Creation] [enterPhoneNumber] - Phone Number Entered Successfully
[INFO ] 2023-01-13 08:45:26.501 [CRM.TG_5352_Lead_Creation] [TG_5318_VerifyLeadIsCreated] - Phone Number Entered Successfully
[INFO ] 2023-01-13 08:45:26.501 [CRM.TG_5352_Lead_Creation] [TG_5318_VerifyLeadIsCreated] - Selecting the Search on Maps Checkbox
[INFO ] 2023-01-13 08:45:26.502 [CRM.TG_5352_Lead_Creation] [selectSearchOnMapsCheckbox] - Selecting search on Maps checkbox
[INFO ] 2023-01-13 08:45:28.827 [CRM.TG_5352_Lead_Creation] [selectSearchOnMapsCheckbox] - Search on maps checkbox selected
[INFO ] 2023-01-13 08:45:28.828 [CRM.TG_5352_Lead_Creation] [TG_5318_VerifyLeadIsCreated] - Search on Maps Checkbox selected Successfully
[INFO ] 2023-01-13 08:45:30.834 [CRM.TG_5352_Lead_Creation] [TG_5318_VerifyLeadIsCreated] - Entering Employee Address
[INFO ] 2023-01-13 08:45:30.836 [CRM.TG_5352_Lead_Creation] [enterEmployeeAddressOnMaps] - Etering employee address on maps
[INFO ] 2023-01-13 08:45:32.273 [CRM.TG_5352_Lead_Creation] [enterEmployeeAddressOnMaps] - Employee entered successfully
[INFO ] 2023-01-13 08:45:32.273 [CRM.TG_5352_Lead_Creation] [TG_5318_VerifyLeadIsCreated] - Employee Address Entered Successfull
[INFO ] 2023-01-13 08:45:34.277 [CRM.TG_5352_Lead_Creation] [TG_5318_VerifyLeadIsCreated] - Clicking on Save Button
[INFO ] 2023-01-13 08:45:34.285 [CRM.TG_5352_Lead_Creation] [clickSaveButton] - Clicking on Save Button
[INFO ] 2023-01-13 08:45:34.444 [CRM.TG_5352_Lead_Creation] [clickSaveButton] - Save Button clicked successfully
[INFO ] 2023-01-13 08:45:34.444 [CRM.TG_5352_Lead_Creation] [TG_5318_VerifyLeadIsCreated] - Save Button Clicked Successfully
[INFO ] 2023-01-13 08:45:37.451 [CRM.TG_5352_Lead_Creation] [TG_5318_VerifyLeadIsCreated] - Verify the LEAD Status
[INFO ] 2023-01-13 08:45:37.455 [CRM.TG_5352_Lead_Creation] [verifyLeadStatus] - Check for Status as Lead
[INFO ] 2023-01-13 08:45:37.542 [CRM.TG_5352_Lead_Creation] [verifyLeadStatus] - Status verified as Lead successfully
[INFO ] 2023-01-13 08:45:37.543 [CRM.TG_5352_Lead_Creation] [TG_5318_VerifyLeadIsCreated] - LEAD Status verified Successfully
[INFO ] 2023-01-13 08:45:39.548 [CRM.TG_5352_Lead_Creation] [TG_5318_VerifyLeadIsCreated] - Clicking Lead Link for Listing form
[INFO ] 2023-01-13 08:45:39.550 [CRM.TG_5352_Lead_Creation] [clickLeadLinkforListingForm] - Click on Lead for Listing form
[INFO ] 2023-01-13 08:45:39.829 [CRM.TG_5352_Lead_Creation] [clickLeadLinkforListingForm] - Lead for Listing form clicked Successfully
[INFO ] 2023-01-13 08:45:39.830 [CRM.TG_5352_Lead_Creation] [TG_5318_VerifyLeadIsCreated] - Lead Link for Listing form clicked Successfully
[INFO ] 2023-01-13 08:45:39.830 [CRM.TG_5352_Lead_Creation] [TG_5318_VerifyLeadIsCreated] - Verify Lead created Successfully or not
[INFO ] 2023-01-13 08:45:39.830 [CRM.TG_5352_Lead_Creation] [verifyCreatedLead] - Check for Created Lead
[INFO ] 2023-01-13 08:45:39.944 [CRM.TG_5352_Lead_Creation] [verifyCreatedLead] - Created Lead displayed successfully
[INFO ] 2023-01-13 08:45:39.945 [CRM.TG_5352_Lead_Creation] [TG_5318_VerifyLeadIsCreated] - Lead Created Successfully 
[INFO ] 2023-01-13 08:45:41.950 [CRM.TG_5352_Lead_Creation] [TG_5318_VerifyLeadIsCreated] - Clicking Created Lead from Listing form
[INFO ] 2023-01-13 08:45:41.951 [CRM.TG_5352_Lead_Creation] [clickCreatedLead] - Clicking on Created Lead
[INFO ] 2023-01-13 08:45:42.318 [CRM.TG_5352_Lead_Creation] [clickCreatedLead] - Created Lead clicked successfully
[INFO ] 2023-01-13 08:45:42.318 [CRM.TG_5352_Lead_Creation] [TG_5318_VerifyLeadIsCreated] - Created Lead Clicked Successfully
[INFO ] 2023-01-13 08:45:44.325 [CRM.TG_5352_Lead_Creation] [TG_5318_VerifyLeadIsCreated] - Selecting the Open Lead Status
[INFO ] 2023-01-13 08:45:44.330 [CRM.TG_5352_Lead_Creation] [clickLeadStatusOpen] - Clicking on Status dropdown
[INFO ] 2023-01-13 08:45:44.530 [CRM.TG_5352_Lead_Creation] [clickLeadStatusOpen] - Open Status entered successfully
[INFO ] 2023-01-13 08:45:44.531 [CRM.TG_5352_Lead_Creation] [TG_5318_VerifyLeadIsCreated] - Open Lead Status Selected Successfully
[INFO ] 2023-01-13 08:45:46.537 [CRM.TG_5352_Lead_Creation] [TG_5318_VerifyLeadIsCreated] - Clicking Notes Tab
[INFO ] 2023-01-13 08:45:46.539 [CRM.TG_5352_Lead_Creation] [clickNotesTab] - Clicking on Notes Tab
[INFO ] 2023-01-13 08:45:46.685 [CRM.TG_5352_Lead_Creation] [clickNotesTab] - Notes Tab clicked successfully
[INFO ] 2023-01-13 08:45:46.685 [CRM.TG_5352_Lead_Creation] [TG_5318_VerifyLeadIsCreated] - Notes Tab Clicked Successfully
[INFO ] 2023-01-13 08:45:48.692 [CRM.TG_5352_Lead_Creation] [TG_5318_VerifyLeadIsCreated] - Entering Notes
[INFO ] 2023-01-13 08:45:48.696 [CRM.TG_5352_Lead_Creation] [enterNotes] - Entering Note
[INFO ] 2023-01-13 08:45:49.060 [CRM.TG_5352_Lead_Creation] [enterNotes] - Note Entered Successfully
[INFO ] 2023-01-13 08:45:49.060 [CRM.TG_5352_Lead_Creation] [TG_5318_VerifyLeadIsCreated] - Notes Entered Successfully
[INFO ] 2023-01-13 08:45:51.066 [CRM.TG_5352_Lead_Creation] [TG_5318_VerifyLeadIsCreated] - Clicking Overview Tab
[INFO ] 2023-01-13 08:45:51.067 [CRM.TG_5352_Lead_Creation] [clickOverviewTab] - Clicking on Notes Tab
[INFO ] 2023-01-13 08:45:51.188 [CRM.TG_5352_Lead_Creation] [clickOverviewTab] - Notes Tab clicked successfully
[INFO ] 2023-01-13 08:45:51.189 [CRM.TG_5352_Lead_Creation] [TG_5318_VerifyLeadIsCreated] - Overview Tab Clicked Successfully
[INFO ] 2023-01-13 08:45:53.200 [CRM.TG_5352_Lead_Creation] [TG_5318_VerifyLeadIsCreated] - Selecting the Contract Negotiation Lead Status
[INFO ] 2023-01-13 08:45:53.216 [CRM.TG_5352_Lead_Creation] [clickLeadStatusContractNegotiation] - Clicking on Status dropdown
[INFO ] 2023-01-13 08:45:53.361 [CRM.TG_5352_Lead_Creation] [clickLeadStatusContractNegotiation] - Contract Negotiation Status entered successfully
[INFO ] 2023-01-13 08:45:53.361 [CRM.TG_5352_Lead_Creation] [TG_5318_VerifyLeadIsCreated] - Contract Negotiation Lead Status Selected Successfully
[INFO ] 2023-01-13 08:45:55.367 [CRM.TG_5352_Lead_Creation] [TG_5318_VerifyLeadIsCreated] - Clicking Save Button
[INFO ] 2023-01-13 08:45:55.369 [CRM.TG_5352_Lead_Creation] [clickSaveButton] - Clicking on Save Button
[INFO ] 2023-01-13 08:45:55.468 [CRM.TG_5352_Lead_Creation] [clickSaveButton] - Save Button clicked successfully
[INFO ] 2023-01-13 08:45:55.468 [CRM.TG_5352_Lead_Creation] [TG_5318_VerifyLeadIsCreated] - Save Button Clicked Successfully
[INFO ] 2023-01-13 08:45:57.474 [CRM.TG_5352_Lead_Creation] [TG_5318_VerifyLeadIsCreated] - Verify Prepare Contract Button
[INFO ] 2023-01-13 08:45:57.477 [CRM.TG_5352_Lead_Creation] [verifyPrepareContractButton] - Verify Prepare Contract Button
[INFO ] 2023-01-13 08:45:57.532 [CRM.TG_5352_Lead_Creation] [verifyPrepareContractButton] - Prepare Contract Button displayed successfully
[INFO ] 2023-01-13 08:45:57.533 [CRM.TG_5352_Lead_Creation] [TG_5318_VerifyLeadIsCreated] - Prepare Contract Button Verified Successfully
[INFO ] 2023-01-13 08:45:57.533 [CRM.TG_5352_Lead_Creation] [TG_5318_VerifyLeadIsCreated] - Click Prepare Contract Button
[INFO ] 2023-01-13 08:45:57.533 [CRM.TG_5352_Lead_Creation] [clickPrepareContractButton] - Clicking on Prepare Contract Button
[INFO ] 2023-01-13 08:45:57.625 [CRM.TG_5352_Lead_Creation] [clickPrepareContractButton] - Prepare Contract Button clicked successfully
[INFO ] 2023-01-13 08:45:57.625 [CRM.TG_5352_Lead_Creation] [TG_5318_VerifyLeadIsCreated] - Prepare Contract Button Clicked Successfully
[INFO ] 2023-01-13 08:45:59.631 [CRM.TG_5352_Lead_Creation] [TG_5318_VerifyLeadIsCreated] - Verify Contract Form
[INFO ] 2023-01-13 08:45:59.633 [CRM.TG_5352_Lead_Creation] [verifyContractForm] - Check for New Contract Form
[INFO ] 2023-01-13 08:45:59.726 [CRM.TG_5352_Lead_Creation] [verifyContractForm] - New Contract Form displayed successfully
[INFO ] 2023-01-13 08:45:59.727 [CRM.TG_5352_Lead_Creation] [TG_5318_VerifyLeadIsCreated] - New Contract Form verified Successfully
[INFO ] 2023-01-13 08:45:59.727 [CRM.TG_5352_Lead_Creation] [TG_5318_VerifyLeadIsCreated] - Entering Start Date
[INFO ] 2023-01-13 08:45:59.727 [CRM.TG_5352_Lead_Creation] [enterStartDate] - Entering the Start Date 
[INFO ] 2023-01-13 08:46:05.073 [CRM.TG_5352_Lead_Creation] [enterStartDate] - Start Date Entered Successfully
[INFO ] 2023-01-13 08:46:05.087 [CRM.TG_5352_Lead_Creation] [TG_5318_VerifyLeadIsCreated] - Start Date Entered Successfully
[INFO ] 2023-01-13 08:46:07.093 [CRM.TG_5352_Lead_Creation] [TG_5318_VerifyLeadIsCreated] - Entering End Date
[INFO ] 2023-01-13 08:46:07.094 [CRM.TG_5352_Lead_Creation] [enterEndDate] - Entering the End Date
[INFO ] 2023-01-13 08:46:12.557 [CRM.TG_5352_Lead_Creation] [enterEndDate] - End Date Entered Successfully
[INFO ] 2023-01-13 08:46:12.563 [CRM.TG_5352_Lead_Creation] [TG_5318_VerifyLeadIsCreated] - End Date Entered Successfully
[INFO ] 2023-01-13 08:46:14.565 [CRM.TG_5352_Lead_Creation] [TG_5318_VerifyLeadIsCreated] - Clicking Add Row Button
[INFO ] 2023-01-13 08:46:14.567 [CRM.TG_5352_Lead_Creation] [clickAddRowButton] - Clicking on Add Row Button
