[INFO ] 2023-03-08 01:59:39.459 [jobTitle_jobSite.TG_4863_JobSiteCreation] [enterUsername] - Entering new user's first name
[INFO ] 2023-03-08 01:59:41.264 [jobTitle_jobSite.TG_4863_JobSiteCreation] [enterUsername] - User's first name entered successfully
[INFO ] 2023-03-08 01:59:41.264 [jobTitle_jobSite.TG_4863_JobSiteCreation] [enterPassword] - Entering new user's last name
[INFO ] 2023-03-08 01:59:41.434 [jobTitle_jobSite.TG_4863_JobSiteCreation] [enterPassword] - User's last name entered successfully
[INFO ] 2023-03-08 01:59:41.434 [jobTitle_jobSite.TG_4863_JobSiteCreation] [clickLoginButton] - Clicking on Login Button
[INFO ] 2023-03-08 01:59:41.965 [jobTitle_jobSite.TG_4863_JobSiteCreation] [clickLoginButton] - Close Pop Up clicked successfully
[INFO ] 2023-03-08 01:59:44.968 [jobTitle_jobSite.TG_4863_JobSiteCreation] [clickJobSiteOnHomepage] - Clicking on Job Site on Homepage
[INFO ] 2023-03-08 01:59:59.649 [jobTitle_jobSite.TG_4863_JobSiteCreation] [clickJobSiteOnHomepage] - Job Site Listing opened successfully
[INFO ] 2023-03-08 02:00:04.662 [jobTitle_jobSite.TG_4863_JobSiteCreation] [clickAddJobSiteButton] - Clicking Add Job Site Button
[INFO ] 2023-03-08 02:00:05.840 [jobTitle_jobSite.TG_4863_JobSiteCreation] [clickAddJobSiteButton] - Add Job Site clicked successfully
[INFO ] 2023-03-08 02:00:08.848 [jobTitle_jobSite.TG_4863_JobSiteCreation] [clickCreateNewUserOption] - Clicking New User Option in Job site Contact
[INFO ] 2023-03-08 02:00:09.419 [jobTitle_jobSite.TG_4863_JobSiteCreation] [clickCreateNewUserOption] - New User Option in Job site Contactclicked successfully
[INFO ] 2023-03-08 02:00:11.426 [jobTitle_jobSite.TG_4863_JobSiteCreation] [enterCompanyType] - Entering Company Type
[INFO ] 2023-03-08 02:00:11.674 [jobTitle_jobSite.TG_4863_JobSiteCreation] [enterCompanyType] - Company Type Entered Successfully
[INFO ] 2023-03-08 02:00:11.674 [jobTitle_jobSite.TG_4863_JobSiteCreation] [clickLastNameField] - Clicking Last Name field
[INFO ] 2023-03-08 02:00:11.738 [jobTitle_jobSite.TG_4863_JobSiteCreation] [clickLastNameField] - Last Name  field clicked successfully
[INFO ] 2023-03-08 02:00:14.743 [jobTitle_jobSite.TG_4863_JobSiteCreation] [enterUserEmail] - Entering user email address
[INFO ] 2023-03-08 02:00:15.049 [jobTitle_jobSite.TG_4863_JobSiteCreation] [enterUserEmail] - Email entered successfully
[INFO ] 2023-03-08 02:00:15.050 [jobTitle_jobSite.TG_4863_JobSiteCreation] [enterFirstNameField] - Entering First Name field
[INFO ] 2023-03-08 02:00:15.247 [jobTitle_jobSite.TG_4863_JobSiteCreation] [enterFirstNameField] - First Name  entered successfully
[INFO ] 2023-03-08 02:00:15.247 [jobTitle_jobSite.TG_4863_JobSiteCreation] [enterLastNameField] - Entering Last Name field
[INFO ] 2023-03-08 02:00:15.380 [jobTitle_jobSite.TG_4863_JobSiteCreation] [enterLastNameField] - Last Name entered successfully
[INFO ] 2023-03-08 02:00:15.501 [jobTitle_jobSite.TG_4863_JobSiteCreation] [enterMobile] - Entering Mobile Number
[INFO ] 2023-03-08 02:00:15.623 [jobTitle_jobSite.TG_4863_JobSiteCreation] [enterMobile] - Mobile Number Entered Successfully
[INFO ] 2023-03-08 02:00:16.629 [jobTitle_jobSite.TG_4863_JobSiteCreation] [clickSavebuttonInAddUser] - Clicking Save Button
[INFO ] 2023-03-08 02:00:16.802 [jobTitle_jobSite.TG_4863_JobSiteCreation] [clickSavebuttonInAddUser] - Save Button clicked successfully
[INFO ] 2023-03-08 02:00:46.809 [jobTitle_jobSite.TG_4863_JobSiteCreation] [clickClosePopUp] - Clicking on close icon in pop up
[INFO ] 2023-03-08 02:00:47.071 [jobTitle_jobSite.TG_4863_JobSiteCreation] [clickClosePopUp] - pop up closed successfully
[INFO ] 2023-03-08 02:00:50.188 [jobTitle_jobSite.TG_4863_JobSiteCreation] [enterJobTitleInTable] - Entering Job Title List in the Table
[INFO ] 2023-03-08 02:00:50.497 [jobTitle_jobSite.TG_4863_JobSiteCreation] [enterJobTitleInTable] - Clicked Job Title in the Table successfully
[INFO ] 2023-03-08 02:00:50.497 [jobTitle_jobSite.TG_4863_JobSiteCreation] [enterTitle] - Enter Title
[INFO ] 2023-03-08 02:00:54.084 [jobTitle_jobSite.TG_4863_JobSiteCreation] [enterTitle] - Entered Job Title in the Table successfully
[INFO ] 2023-03-08 02:00:56.092 [jobTitle_jobSite.TG_4863_JobSiteCreation] [enterEmployeeAddressOnMaps] - Etering employee address on maps
[INFO ] 2023-03-08 02:00:57.362 [jobTitle_jobSite.TG_4863_JobSiteCreation] [enterEmployeeAddressOnMaps] - Employee entered successfully
[INFO ] 2023-03-08 02:00:57.363 [jobTitle_jobSite.TG_4863_JobSiteCreation] [clickSaveButton] - Clicking Save Button
[INFO ] 2023-03-08 02:00:57.472 [jobTitle_jobSite.TG_4863_JobSiteCreation] [clickSaveButton] - Save Button clicked successfully
[INFO ] 2023-03-08 02:00:57.473 [jobTitle_jobSite.TG_4863_JobSiteCreation] [verifyCreatedSite] - Verify Job Site created Successfully
[INFO ] 2023-03-08 02:01:17.885 [jobTitle_jobSite.TG_4863_JobSiteCreation] [verifyCreatedSite] - Job Site Created successfully.
