[INFO ] 2023-03-10 20:32:03.242 [CRM.TG_5558_Staffing_Company_Creation_Via_TAG] [TG_5461_VerifyUserIsAbleToRouteToLeadFormSuccessfully] - Logging in
[INFO ] 2023-03-10 20:32:06.426 [CRM.TG_5558_Staffing_Company_Creation_Via_TAG] [TG_5461_VerifyUserIsAbleToRouteToLeadFormSuccessfully] - Entering Username
[INFO ] 2023-03-10 20:32:06.427 [CRM.TG_5558_Staffing_Company_Creation_Via_TAG] [enterUsername] - Entering new user's first name
[INFO ] 2023-03-10 20:32:08.299 [CRM.TG_5558_Staffing_Company_Creation_Via_TAG] [enterUsername] - User's first name entered successfully
[INFO ] 2023-03-10 20:32:08.300 [CRM.TG_5558_Staffing_Company_Creation_Via_TAG] [TG_5461_VerifyUserIsAbleToRouteToLeadFormSuccessfully] - Username Entered Successfully
[INFO ] 2023-03-10 20:32:08.300 [CRM.TG_5558_Staffing_Company_Creation_Via_TAG] [TG_5461_VerifyUserIsAbleToRouteToLeadFormSuccessfully] - Entering Password
[INFO ] 2023-03-10 20:32:08.300 [CRM.TG_5558_Staffing_Company_Creation_Via_TAG] [enterPassword] - Entering new user's last name
[INFO ] 2023-03-10 20:32:08.526 [CRM.TG_5558_Staffing_Company_Creation_Via_TAG] [enterPassword] - User's last name entered successfully
[INFO ] 2023-03-10 20:32:08.526 [CRM.TG_5558_Staffing_Company_Creation_Via_TAG] [TG_5461_VerifyUserIsAbleToRouteToLeadFormSuccessfully] - Password Entered Successfully
[INFO ] 2023-03-10 20:32:08.527 [CRM.TG_5558_Staffing_Company_Creation_Via_TAG] [TG_5461_VerifyUserIsAbleToRouteToLeadFormSuccessfully] - Clicking on Login Button
[INFO ] 2023-03-10 20:32:08.527 [CRM.TG_5558_Staffing_Company_Creation_Via_TAG] [clickLoginButton] - Clicking on Login Button
[INFO ] 2023-03-10 20:32:09.038 [CRM.TG_5558_Staffing_Company_Creation_Via_TAG] [clickLoginButton] - Close Pop Up clicked successfully
[INFO ] 2023-03-10 20:32:09.042 [CRM.TG_5558_Staffing_Company_Creation_Via_TAG] [TG_5461_VerifyUserIsAbleToRouteToLeadFormSuccessfully] - Verifying CRM Icon
[INFO ] 2023-03-10 20:32:09.043 [CRM.TG_5558_Staffing_Company_Creation_Via_TAG] [verifyCRMTextOnStaffingHomepage] - Check for CRM Icon on Homepage
[INFO ] 2023-03-10 20:32:17.667 [CRM.TG_5558_Staffing_Company_Creation_Via_TAG] [verifyCRMTextOnStaffingHomepage] - CRM Icon displayed successfully
[INFO ] 2023-03-10 20:32:17.679 [CRM.TG_5558_Staffing_Company_Creation_Via_TAG] [TG_5461_VerifyUserIsAbleToRouteToLeadFormSuccessfully] - CRM Icon Verified successfully
[INFO ] 2023-03-10 20:32:17.680 [CRM.TG_5558_Staffing_Company_Creation_Via_TAG] [TG_5461_VerifyUserIsAbleToRouteToLeadFormSuccessfully] - Clicking on CRM Icon
[INFO ] 2023-03-10 20:32:17.680 [CRM.TG_5558_Staffing_Company_Creation_Via_TAG] [clickCRMIcoOnHomepage] - Clicking on CRM Button
[INFO ] 2023-03-10 20:32:22.050 [CRM.TG_5558_Staffing_Company_Creation_Via_TAG] [clickCRMIcoOnHomepage] - CRM Button clicked successfully
[INFO ] 2023-03-10 20:32:22.051 [CRM.TG_5558_Staffing_Company_Creation_Via_TAG] [TG_5461_VerifyUserIsAbleToRouteToLeadFormSuccessfully] - CRM Icon Clicked Successfully
[INFO ] 2023-03-10 20:32:24.056 [CRM.TG_5558_Staffing_Company_Creation_Via_TAG] [TG_5461_VerifyUserIsAbleToRouteToLeadFormSuccessfully] - Clicking on Lead Icon
[INFO ] 2023-03-10 20:32:24.058 [CRM.TG_5558_Staffing_Company_Creation_Via_TAG] [clickLeadIcon] - Clicking on Lead Button
[INFO ] 2023-03-10 20:32:25.366 [CRM.TG_5558_Staffing_Company_Creation_Via_TAG] [clickLeadIcon] - Lead Button clicked successfully
[INFO ] 2023-03-10 20:32:25.367 [CRM.TG_5558_Staffing_Company_Creation_Via_TAG] [TG_5461_VerifyUserIsAbleToRouteToLeadFormSuccessfully] - Lead Icon Clicked Successfully
[INFO ] 2023-03-10 20:32:27.372 [CRM.TG_5558_Staffing_Company_Creation_Via_TAG] [TG_5461_VerifyUserIsAbleToRouteToLeadFormSuccessfully] - Verify Listing Form
[INFO ] 2023-03-10 20:32:27.373 [CRM.TG_5558_Staffing_Company_Creation_Via_TAG] [verifyLeadListingForm] - Check for Lead Title
[INFO ] 2023-03-10 20:32:27.648 [CRM.TG_5558_Staffing_Company_Creation_Via_TAG] [verifyLeadListingForm] - Lead Title displayed successfully
[INFO ] 2023-03-10 20:32:27.648 [CRM.TG_5558_Staffing_Company_Creation_Via_TAG] [TG_5461_VerifyUserIsAbleToRouteToLeadFormSuccessfully] - Listing Form verified successfully
[INFO ] 2023-03-10 20:32:29.654 [CRM.TG_5558_Staffing_Company_Creation_Via_TAG] [TG_5461_VerifyUserIsAbleToRouteToLeadFormSuccessfully] - Clicking on Add Lead Button
[INFO ] 2023-03-10 20:32:29.656 [CRM.TG_5558_Staffing_Company_Creation_Via_TAG] [clickAddLeadButton] - Clicking on Lead Button
[INFO ] 2023-03-10 20:32:30.955 [CRM.TG_5558_Staffing_Company_Creation_Via_TAG] [clickAddLeadButton] - Add Lead Button clicked successfully
[INFO ] 2023-03-10 20:32:30.955 [CRM.TG_5558_Staffing_Company_Creation_Via_TAG] [TG_5461_VerifyUserIsAbleToRouteToLeadFormSuccessfully] - Add Lead Button Clicked Successfully
[INFO ] 2023-03-10 20:32:32.961 [CRM.TG_5558_Staffing_Company_Creation_Via_TAG] [TG_5461_VerifyUserIsAbleToRouteToLeadFormSuccessfully] - Verifying the Lead Form Title
[INFO ] 2023-03-10 20:32:32.963 [CRM.TG_5558_Staffing_Company_Creation_Via_TAG] [verifyLeadForm] - Check for New Lead Form
[INFO ] 2023-03-10 20:32:33.050 [CRM.TG_5558_Staffing_Company_Creation_Via_TAG] [verifyLeadForm] - New Lead Form displayed successfully
[INFO ] 2023-03-10 20:32:33.051 [CRM.TG_5558_Staffing_Company_Creation_Via_TAG] [TG_5461_VerifyUserIsAbleToRouteToLeadFormSuccessfully] - Lead Form Title is Verified Successfully
[INFO ] 2023-03-10 20:32:33.176 [CRM.TG_5558_Staffing_Company_Creation_Via_TAG] [TG_5466_VerifyLeadCreatedSuccessfully] - Verifying Mandatory Fields
[INFO ] 2023-03-10 20:32:33.177 [CRM.TG_5558_Staffing_Company_Creation_Via_TAG] [clickSaveButton] - Clicking on Save Button
[INFO ] 2023-03-10 20:32:33.729 [CRM.TG_5558_Staffing_Company_Creation_Via_TAG] [clickSaveButton] - Save Button clicked successfully
[INFO ] 2023-03-10 20:32:35.735 [CRM.TG_5558_Staffing_Company_Creation_Via_TAG] [verifyMandatoryFieldIsBlank] - Verifying the Mandatory Field Pop-Up Title
[INFO ] 2023-03-10 20:32:35.802 [CRM.TG_5558_Staffing_Company_Creation_Via_TAG] [verifyMandatoryFieldIsBlank] - Mandatory Field Pop-Up Title displayed Successfully
[INFO ] 2023-03-10 20:32:37.808 [CRM.TG_5558_Staffing_Company_Creation_Via_TAG] [TG_5466_VerifyLeadCreatedSuccessfully] - Closing the Pop-up
[INFO ] 2023-03-10 20:32:37.808 [CRM.TG_5558_Staffing_Company_Creation_Via_TAG] [closeBlankMandatoryFieldDialogBox] - Clicking on Close Pop-Up Icon
[INFO ] 2023-03-10 20:32:38.006 [CRM.TG_5558_Staffing_Company_Creation_Via_TAG] [closeBlankMandatoryFieldDialogBox] - Close Pop-Up Icon Clicked Successfully
[INFO ] 2023-03-10 20:32:38.006 [CRM.TG_5558_Staffing_Company_Creation_Via_TAG] [TG_5466_VerifyLeadCreatedSuccessfully] - Pop-up closed Successfully
[INFO ] 2023-03-10 20:32:40.012 [CRM.TG_5558_Staffing_Company_Creation_Via_TAG] [TG_5466_VerifyLeadCreatedSuccessfully] - Entering First Name
[INFO ] 2023-03-10 20:32:40.016 [CRM.TG_5558_Staffing_Company_Creation_Via_TAG] [enterFirstName] - Entering First Name
[INFO ] 2023-03-10 20:32:40.290 [CRM.TG_5558_Staffing_Company_Creation_Via_TAG] [enterFirstName] - First Name Entered Successfully
[INFO ] 2023-03-10 20:32:40.291 [CRM.TG_5558_Staffing_Company_Creation_Via_TAG] [TG_5466_VerifyLeadCreatedSuccessfully] - First Name Entered Successfully
[INFO ] 2023-03-10 20:32:40.291 [CRM.TG_5558_Staffing_Company_Creation_Via_TAG] [TG_5466_VerifyLeadCreatedSuccessfully] - Entering Last Name
[INFO ] 2023-03-10 20:32:40.291 [CRM.TG_5558_Staffing_Company_Creation_Via_TAG] [enterLastName] - Entering Last Name
[INFO ] 2023-03-10 20:32:40.370 [CRM.TG_5558_Staffing_Company_Creation_Via_TAG] [enterLastName] - Last Name Entered Successfully
[INFO ] 2023-03-10 20:32:40.371 [CRM.TG_5558_Staffing_Company_Creation_Via_TAG] [TG_5466_VerifyLeadCreatedSuccessfully] - Last Name Entered Successfully
[INFO ] 2023-03-10 20:32:40.371 [CRM.TG_5558_Staffing_Company_Creation_Via_TAG] [TG_5466_VerifyLeadCreatedSuccessfully] - Entering Company Type
[INFO ] 2023-03-10 20:32:40.371 [CRM.TG_5558_Staffing_Company_Creation_Via_TAG] [enterCompanyType] - Entering Lead
[INFO ] 2023-03-10 20:32:40.501 [CRM.TG_5558_Staffing_Company_Creation_Via_TAG] [enterCompanyType] - Lead Entered Successfully
[INFO ] 2023-03-10 20:32:40.501 [CRM.TG_5558_Staffing_Company_Creation_Via_TAG] [TG_5466_VerifyLeadCreatedSuccessfully] - Company Type Entered Successfully
[INFO ] 2023-03-10 20:32:40.501 [CRM.TG_5558_Staffing_Company_Creation_Via_TAG] [TG_5466_VerifyLeadCreatedSuccessfully] - Entering Company Name
[INFO ] 2023-03-10 20:32:40.501 [CRM.TG_5558_Staffing_Company_Creation_Via_TAG] [enterCompanyName] - Entering Company Name
[INFO ] 2023-03-10 20:32:40.618 [CRM.TG_5558_Staffing_Company_Creation_Via_TAG] [enterCompanyName] - Company Name Entered Successfully
[INFO ] 2023-03-10 20:32:40.619 [CRM.TG_5558_Staffing_Company_Creation_Via_TAG] [TG_5466_VerifyLeadCreatedSuccessfully] - Company Name Entered Successfully
[INFO ] 2023-03-10 20:32:40.619 [CRM.TG_5558_Staffing_Company_Creation_Via_TAG] [TG_5466_VerifyLeadCreatedSuccessfully] - Entering Email
[INFO ] 2023-03-10 20:32:40.619 [CRM.TG_5558_Staffing_Company_Creation_Via_TAG] [enterEmail] - Entering Email
[INFO ] 2023-03-10 20:32:40.943 [CRM.TG_5558_Staffing_Company_Creation_Via_TAG] [enterEmail] - Email Entered Successfully
[INFO ] 2023-03-10 20:32:40.943 [CRM.TG_5558_Staffing_Company_Creation_Via_TAG] [TG_5466_VerifyLeadCreatedSuccessfully] - Email Entered Successfully
[INFO ] 2023-03-10 20:32:42.948 [CRM.TG_5558_Staffing_Company_Creation_Via_TAG] [TG_5466_VerifyLeadCreatedSuccessfully] - Entering Phone Number
[INFO ] 2023-03-10 20:32:42.949 [CRM.TG_5558_Staffing_Company_Creation_Via_TAG] [enterPhoneNumber] - Entering Phone Number
[INFO ] 2023-03-10 20:32:43.071 [CRM.TG_5558_Staffing_Company_Creation_Via_TAG] [enterPhoneNumber] - Phone Number Entered Successfully
[INFO ] 2023-03-10 20:32:43.072 [CRM.TG_5558_Staffing_Company_Creation_Via_TAG] [TG_5466_VerifyLeadCreatedSuccessfully] - Phone Number Entered Successfully
[INFO ] 2023-03-10 20:32:45.077 [CRM.TG_5558_Staffing_Company_Creation_Via_TAG] [TG_5466_VerifyLeadCreatedSuccessfully] - Entering Employee Address
[INFO ] 2023-03-10 20:32:45.078 [CRM.TG_5558_Staffing_Company_Creation_Via_TAG] [enterEmployeeAddressOnMaps] - Etering employee address on maps
[INFO ] 2023-03-10 20:32:46.342 [CRM.TG_5558_Staffing_Company_Creation_Via_TAG] [enterEmployeeAddressOnMaps] - Employee entered successfully
[INFO ] 2023-03-10 20:32:46.343 [CRM.TG_5558_Staffing_Company_Creation_Via_TAG] [TG_5466_VerifyLeadCreatedSuccessfully] - Employee Address Entered Successfull
[INFO ] 2023-03-10 20:32:48.348 [CRM.TG_5558_Staffing_Company_Creation_Via_TAG] [TG_5466_VerifyLeadCreatedSuccessfully] - Clicking on Save Button
[INFO ] 2023-03-10 20:32:48.350 [CRM.TG_5558_Staffing_Company_Creation_Via_TAG] [clickSaveButton] - Clicking on Save Button
[INFO ] 2023-03-10 20:32:48.470 [CRM.TG_5558_Staffing_Company_Creation_Via_TAG] [clickSaveButton] - Save Button clicked successfully
[INFO ] 2023-03-10 20:32:48.470 [CRM.TG_5558_Staffing_Company_Creation_Via_TAG] [TG_5466_VerifyLeadCreatedSuccessfully] - Save Button Clicked Successfully
[INFO ] 2023-03-10 20:32:51.476 [CRM.TG_5558_Staffing_Company_Creation_Via_TAG] [TG_5466_VerifyLeadCreatedSuccessfully] - Verify the LEAD Status
[INFO ] 2023-03-10 20:32:51.479 [CRM.TG_5558_Staffing_Company_Creation_Via_TAG] [verifyLeadStatus] - Check for Status as Lead
[INFO ] 2023-03-10 20:32:51.620 [CRM.TG_5558_Staffing_Company_Creation_Via_TAG] [verifyLeadStatus] - Status verified as Lead successfully
[INFO ] 2023-03-10 20:32:51.620 [CRM.TG_5558_Staffing_Company_Creation_Via_TAG] [TG_5466_VerifyLeadCreatedSuccessfully] - LEAD Status verified Successfully
[INFO ] 2023-03-10 20:32:53.625 [CRM.TG_5558_Staffing_Company_Creation_Via_TAG] [TG_5466_VerifyLeadCreatedSuccessfully] - Clicking Lead Link for Listing form
[INFO ] 2023-03-10 20:32:53.627 [CRM.TG_5558_Staffing_Company_Creation_Via_TAG] [clickLeadLinkforListingForm] - Click on Lead for Listing form
[INFO ] 2023-03-10 20:32:53.925 [CRM.TG_5558_Staffing_Company_Creation_Via_TAG] [clickLeadLinkforListingForm] - Lead for Listing form clicked Successfully
[INFO ] 2023-03-10 20:32:53.925 [CRM.TG_5558_Staffing_Company_Creation_Via_TAG] [TG_5466_VerifyLeadCreatedSuccessfully] - Lead Link for Listing form clicked Successfully
[INFO ] 2023-03-10 20:32:53.925 [CRM.TG_5558_Staffing_Company_Creation_Via_TAG] [TG_5466_VerifyLeadCreatedSuccessfully] - Verify Lead created Successfully or not
[INFO ] 2023-03-10 20:32:53.926 [CRM.TG_5558_Staffing_Company_Creation_Via_TAG] [verifyCreatedLead] - Check for Created Lead
[INFO ] 2023-03-10 20:32:54.041 [CRM.TG_5558_Staffing_Company_Creation_Via_TAG] [verifyCreatedLead] - Created Lead displayed successfully
[INFO ] 2023-03-10 20:32:54.043 [CRM.TG_5558_Staffing_Company_Creation_Via_TAG] [TG_5466_VerifyLeadCreatedSuccessfully] - Lead Created Successfully 
[INFO ] 2023-03-10 20:32:56.044 [CRM.TG_5558_Staffing_Company_Creation_Via_TAG] [TG_5466_VerifyLeadCreatedSuccessfully] - Clicking Created Lead from Listing form
[INFO ] 2023-03-10 20:32:56.046 [CRM.TG_5558_Staffing_Company_Creation_Via_TAG] [clickCreatedLead] - Clicking on Created Lead
[INFO ] 2023-03-10 20:32:56.424 [CRM.TG_5558_Staffing_Company_Creation_Via_TAG] [clickCreatedLead] - Created Lead clicked successfully
[INFO ] 2023-03-10 20:32:56.426 [CRM.TG_5558_Staffing_Company_Creation_Via_TAG] [TG_5466_VerifyLeadCreatedSuccessfully] - Created Lead Clicked Successfully
[INFO ] 2023-03-10 20:32:58.431 [CRM.TG_5558_Staffing_Company_Creation_Via_TAG] [TG_5466_VerifyLeadCreatedSuccessfully] - Selecting the Open Lead Status
[INFO ] 2023-03-10 20:32:58.433 [CRM.TG_5558_Staffing_Company_Creation_Via_TAG] [clickLeadStatusOpen] - Clicking on Status dropdown
[INFO ] 2023-03-10 20:32:58.634 [CRM.TG_5558_Staffing_Company_Creation_Via_TAG] [clickLeadStatusOpen] - Open Status entered successfully
[INFO ] 2023-03-10 20:32:58.635 [CRM.TG_5558_Staffing_Company_Creation_Via_TAG] [TG_5466_VerifyLeadCreatedSuccessfully] - Open Lead Status Selected Successfully
[INFO ] 2023-03-10 20:33:00.641 [CRM.TG_5558_Staffing_Company_Creation_Via_TAG] [TG_5466_VerifyLeadCreatedSuccessfully] - Clicking Notes Tab
[INFO ] 2023-03-10 20:33:00.643 [CRM.TG_5558_Staffing_Company_Creation_Via_TAG] [clickNotesTab] - Clicking on Notes Tab
[INFO ] 2023-03-10 20:33:00.775 [CRM.TG_5558_Staffing_Company_Creation_Via_TAG] [clickNotesTab] - Notes Tab clicked successfully
[INFO ] 2023-03-10 20:33:00.775 [CRM.TG_5558_Staffing_Company_Creation_Via_TAG] [TG_5466_VerifyLeadCreatedSuccessfully] - Notes Tab Clicked Successfully
[INFO ] 2023-03-10 20:33:02.779 [CRM.TG_5558_Staffing_Company_Creation_Via_TAG] [TG_5466_VerifyLeadCreatedSuccessfully] - Entering Notes
[INFO ] 2023-03-10 20:33:02.780 [CRM.TG_5558_Staffing_Company_Creation_Via_TAG] [enterNotes] - Entering Note
[INFO ] 2023-03-10 20:33:03.101 [CRM.TG_5558_Staffing_Company_Creation_Via_TAG] [enterNotes] - Note Entered Successfully
[INFO ] 2023-03-10 20:33:03.101 [CRM.TG_5558_Staffing_Company_Creation_Via_TAG] [TG_5466_VerifyLeadCreatedSuccessfully] - Notes Entered Successfully
[INFO ] 2023-03-10 20:33:05.106 [CRM.TG_5558_Staffing_Company_Creation_Via_TAG] [TG_5466_VerifyLeadCreatedSuccessfully] - Clicking Overview Tab
[INFO ] 2023-03-10 20:33:05.110 [CRM.TG_5558_Staffing_Company_Creation_Via_TAG] [clickOverviewTab] - Clicking on Notes Tab
[INFO ] 2023-03-10 20:33:05.216 [CRM.TG_5558_Staffing_Company_Creation_Via_TAG] [clickOverviewTab] - Notes Tab clicked successfully
[INFO ] 2023-03-10 20:33:05.216 [CRM.TG_5558_Staffing_Company_Creation_Via_TAG] [TG_5466_VerifyLeadCreatedSuccessfully] - Overview Tab Clicked Successfully
[INFO ] 2023-03-10 20:33:07.222 [CRM.TG_5558_Staffing_Company_Creation_Via_TAG] [TG_5466_VerifyLeadCreatedSuccessfully] - Selecting the Contract Negotiation Lead Status
[INFO ] 2023-03-10 20:33:07.224 [CRM.TG_5558_Staffing_Company_Creation_Via_TAG] [clickLeadStatusContractNegotiation] - Clicking on Status dropdown
[INFO ] 2023-03-10 20:33:07.331 [CRM.TG_5558_Staffing_Company_Creation_Via_TAG] [clickLeadStatusContractNegotiation] - Contract Negotiation Status entered successfully
[INFO ] 2023-03-10 20:33:07.332 [CRM.TG_5558_Staffing_Company_Creation_Via_TAG] [TG_5466_VerifyLeadCreatedSuccessfully] - Contract Negotiation Lead Status Selected Successfully
[INFO ] 2023-03-10 20:33:09.338 [CRM.TG_5558_Staffing_Company_Creation_Via_TAG] [TG_5466_VerifyLeadCreatedSuccessfully] - Clicking Save Button
[INFO ] 2023-03-10 20:33:09.340 [CRM.TG_5558_Staffing_Company_Creation_Via_TAG] [clickSaveButton] - Clicking on Save Button
[INFO ] 2023-03-10 20:33:09.425 [CRM.TG_5558_Staffing_Company_Creation_Via_TAG] [clickSaveButton] - Save Button clicked successfully
[INFO ] 2023-03-10 20:33:09.426 [CRM.TG_5558_Staffing_Company_Creation_Via_TAG] [TG_5466_VerifyLeadCreatedSuccessfully] - Save Button Clicked Successfully
[INFO ] 2023-03-10 20:33:11.427 [CRM.TG_5558_Staffing_Company_Creation_Via_TAG] [TG_5466_VerifyLeadCreatedSuccessfully] - Verify Prepare Contract Button
[INFO ] 2023-03-10 20:33:11.428 [CRM.TG_5558_Staffing_Company_Creation_Via_TAG] [verifyPrepareContractButton] - Verify Prepare Contract Button
[INFO ] 2023-03-10 20:33:11.454 [CRM.TG_5558_Staffing_Company_Creation_Via_TAG] [verifyPrepareContractButton] - Prepare Contract Button displayed successfully
[INFO ] 2023-03-10 20:33:11.454 [CRM.TG_5558_Staffing_Company_Creation_Via_TAG] [TG_5466_VerifyLeadCreatedSuccessfully] - Prepare Contract Button Verified Successfully
[INFO ] 2023-03-10 20:33:11.454 [CRM.TG_5558_Staffing_Company_Creation_Via_TAG] [TG_5466_VerifyLeadCreatedSuccessfully] - Click Prepare Contract Button
[INFO ] 2023-03-10 20:33:11.455 [CRM.TG_5558_Staffing_Company_Creation_Via_TAG] [clickPrepareContractButton] - Clicking on Prepare Contract Button
[INFO ] 2023-03-10 20:33:11.525 [CRM.TG_5558_Staffing_Company_Creation_Via_TAG] [clickPrepareContractButton] - Prepare Contract Button clicked successfully
[INFO ] 2023-03-10 20:33:11.525 [CRM.TG_5558_Staffing_Company_Creation_Via_TAG] [TG_5466_VerifyLeadCreatedSuccessfully] - Prepare Contract Button Clicked Successfully
[INFO ] 2023-03-10 20:33:13.531 [CRM.TG_5558_Staffing_Company_Creation_Via_TAG] [TG_5466_VerifyLeadCreatedSuccessfully] - Verify Contract Form
[INFO ] 2023-03-10 20:33:13.533 [CRM.TG_5558_Staffing_Company_Creation_Via_TAG] [verifyContractForm] - Check for New Contract Form
[INFO ] 2023-03-10 20:33:13.617 [CRM.TG_5558_Staffing_Company_Creation_Via_TAG] [verifyContractForm] - New Contract Form displayed successfully
[INFO ] 2023-03-10 20:33:13.618 [CRM.TG_5558_Staffing_Company_Creation_Via_TAG] [TG_5466_VerifyLeadCreatedSuccessfully] - New Contract Form verified Successfully
[INFO ] 2023-03-10 20:33:13.618 [CRM.TG_5558_Staffing_Company_Creation_Via_TAG] [TG_5466_VerifyLeadCreatedSuccessfully] - Entering Start Date
[INFO ] 2023-03-10 20:33:13.618 [CRM.TG_5558_Staffing_Company_Creation_Via_TAG] [enterStartDate] - Entering the Start Date 
[INFO ] 2023-03-10 20:33:18.912 [CRM.TG_5558_Staffing_Company_Creation_Via_TAG] [enterStartDate] - Start Date Entered Successfully
[INFO ] 2023-03-10 20:33:18.915 [CRM.TG_5558_Staffing_Company_Creation_Via_TAG] [TG_5466_VerifyLeadCreatedSuccessfully] - Start Date Entered Successfully
[INFO ] 2023-03-10 20:33:20.921 [CRM.TG_5558_Staffing_Company_Creation_Via_TAG] [TG_5466_VerifyLeadCreatedSuccessfully] - Entering End Date
[INFO ] 2023-03-10 20:33:20.923 [CRM.TG_5558_Staffing_Company_Creation_Via_TAG] [enterEndDate] - Entering the End Date
[INFO ] 2023-03-10 20:33:26.162 [CRM.TG_5558_Staffing_Company_Creation_Via_TAG] [enterEndDate] - End Date Entered Successfully
[INFO ] 2023-03-10 20:33:26.163 [CRM.TG_5558_Staffing_Company_Creation_Via_TAG] [TG_5466_VerifyLeadCreatedSuccessfully] - End Date Entered Successfully
[INFO ] 2023-03-10 20:33:28.168 [CRM.TG_5558_Staffing_Company_Creation_Via_TAG] [TG_5466_VerifyLeadCreatedSuccessfully] - Clicking Add Row Button
[INFO ] 2023-03-10 20:33:28.170 [CRM.TG_5558_Staffing_Company_Creation_Via_TAG] [clickAddRowButton1] - Clicking on Add Row Button
[INFO ] 2023-03-10 20:33:28.406 [CRM.TG_5558_Staffing_Company_Creation_Via_TAG] [clickAddRowButton1] - Add Row Button clicked successfully
[INFO ] 2023-03-10 20:33:28.407 [CRM.TG_5558_Staffing_Company_Creation_Via_TAG] [TG_5466_VerifyLeadCreatedSuccessfully] - Add Row Button Clicked Successfully
[INFO ] 2023-03-10 20:33:30.413 [CRM.TG_5558_Staffing_Company_Creation_Via_TAG] [TG_5466_VerifyLeadCreatedSuccessfully] - Clicking Job Industry
[INFO ] 2023-03-10 20:33:30.414 [CRM.TG_5558_Staffing_Company_Creation_Via_TAG] [clickJobIndustryInTable] - Entering Job Industry List in the Table
[INFO ] 2023-03-10 20:33:30.593 [CRM.TG_5558_Staffing_Company_Creation_Via_TAG] [clickJobIndustryInTable] - Clicked Job Industry in the Table successfully
[INFO ] 2023-03-10 20:33:30.593 [CRM.TG_5558_Staffing_Company_Creation_Via_TAG] [TG_5466_VerifyLeadCreatedSuccessfully] - Job Industry Clicked Successfully
[INFO ] 2023-03-10 20:33:32.599 [CRM.TG_5558_Staffing_Company_Creation_Via_TAG] [TG_5466_VerifyLeadCreatedSuccessfully] - Entering Job Industry
[INFO ] 2023-03-10 20:33:32.600 [CRM.TG_5558_Staffing_Company_Creation_Via_TAG] [enterIndustry] - Enter Title
[INFO ] 2023-03-10 20:33:35.869 [CRM.TG_5558_Staffing_Company_Creation_Via_TAG] [enterIndustry] - Entered Job Title in the Table successfully
[INFO ] 2023-03-10 20:33:35.870 [CRM.TG_5558_Staffing_Company_Creation_Via_TAG] [TG_5466_VerifyLeadCreatedSuccessfully] - Job Industry Entered Successfully
[INFO ] 2023-03-10 20:33:37.875 [CRM.TG_5558_Staffing_Company_Creation_Via_TAG] [TG_5466_VerifyLeadCreatedSuccessfully] - Entering Signature
[INFO ] 2023-03-10 20:33:37.877 [CRM.TG_5558_Staffing_Company_Creation_Via_TAG] [enterSign] - Entering Sign
[INFO ] 2023-03-10 20:33:38.022 [CRM.TG_5558_Staffing_Company_Creation_Via_TAG] [enterSign] - Sign Entered Successfully
[INFO ] 2023-03-10 20:33:38.022 [CRM.TG_5558_Staffing_Company_Creation_Via_TAG] [TG_5466_VerifyLeadCreatedSuccessfully] - Signature Entered Successfully
[INFO ] 2023-03-10 20:33:40.028 [CRM.TG_5558_Staffing_Company_Creation_Via_TAG] [TG_5466_VerifyLeadCreatedSuccessfully] - Clicking Save Button in Contract
[INFO ] 2023-03-10 20:33:40.029 [CRM.TG_5558_Staffing_Company_Creation_Via_TAG] [clickSaveButtonInContract] - Clicking on Save Button
[INFO ] 2023-03-10 20:33:40.112 [CRM.TG_5558_Staffing_Company_Creation_Via_TAG] [clickSaveButtonInContract] - Save Button clicked successfully
[INFO ] 2023-03-10 20:33:40.113 [CRM.TG_5558_Staffing_Company_Creation_Via_TAG] [TG_5466_VerifyLeadCreatedSuccessfully] - Save Button Clicked Successfully
[INFO ] 2023-03-10 20:33:42.114 [CRM.TG_5558_Staffing_Company_Creation_Via_TAG] [TG_5466_VerifyLeadCreatedSuccessfully] - Verify Finalize Contract Button
[INFO ] 2023-03-10 20:33:42.116 [CRM.TG_5558_Staffing_Company_Creation_Via_TAG] [verifyFinalizeButton] - Verify Finalize Button
[INFO ] 2023-03-10 20:33:42.187 [CRM.TG_5558_Staffing_Company_Creation_Via_TAG] [verifyFinalizeButton] - Finalize Button displayed successfully
[INFO ] 2023-03-10 20:33:42.188 [CRM.TG_5558_Staffing_Company_Creation_Via_TAG] [TG_5466_VerifyLeadCreatedSuccessfully] - Finalize Contract Button verified Successfully
[INFO ] 2023-03-10 20:33:44.193 [CRM.TG_5558_Staffing_Company_Creation_Via_TAG] [TG_5466_VerifyLeadCreatedSuccessfully] - Clicking Finalize Contrac Button
[INFO ] 2023-03-10 20:33:44.195 [CRM.TG_5558_Staffing_Company_Creation_Via_TAG] [clickFinalizeButton] - Clicking Finalize button
[INFO ] 2023-03-10 20:33:44.288 [CRM.TG_5558_Staffing_Company_Creation_Via_TAG] [clickFinalizeButton] - Finalize button clicked successfully
[INFO ] 2023-03-10 20:33:44.289 [CRM.TG_5558_Staffing_Company_Creation_Via_TAG] [TG_5466_VerifyLeadCreatedSuccessfully] - Finalize Contrac Button Clicked Successfully
[INFO ] 2023-03-10 20:35:07.307 [CRM.TG_5558_Staffing_Company_Creation_Via_TAG] [TG_5466_VerifyLeadCreatedSuccessfully] - Clicking Contract Link
[INFO ] 2023-03-10 20:35:07.324 [CRM.TG_5558_Staffing_Company_Creation_Via_TAG] [clickContractLinkforListingForm] - Click on Contract for Listing form
[INFO ] 2023-03-10 20:35:07.481 [CRM.TG_5558_Staffing_Company_Creation_Via_TAG] [clickContractLinkforListingForm] - Contract for Listing form clicked Successfully
[INFO ] 2023-03-10 20:35:07.482 [CRM.TG_5558_Staffing_Company_Creation_Via_TAG] [TG_5466_VerifyLeadCreatedSuccessfully] - Contract Link Clicked Successfully
[INFO ] 2023-03-10 20:35:09.488 [CRM.TG_5558_Staffing_Company_Creation_Via_TAG] [TG_5466_VerifyLeadCreatedSuccessfully] - Verify Created Contract
[INFO ] 2023-03-10 20:35:09.490 [CRM.TG_5558_Staffing_Company_Creation_Via_TAG] [verifyCreatedContract] - Check for Created Contract
[INFO ] 2023-03-10 20:35:09.568 [CRM.TG_5558_Staffing_Company_Creation_Via_TAG] [verifyCreatedContract] - Created Contract displayed successfully
[INFO ] 2023-03-10 20:35:09.569 [CRM.TG_5558_Staffing_Company_Creation_Via_TAG] [TG_5466_VerifyLeadCreatedSuccessfully] - Created Contract Verified Successfully
[INFO ] 2023-03-10 20:35:11.575 [CRM.TG_5558_Staffing_Company_Creation_Via_TAG] [TG_5466_VerifyLeadCreatedSuccessfully] - Verifying CRM Icon
[INFO ] 2023-03-10 20:35:11.579 [CRM.TG_5558_Staffing_Company_Creation_Via_TAG] [clickCRMIcon] - Clicking on CRM Button
[INFO ] 2023-03-10 20:35:11.718 [CRM.TG_5558_Staffing_Company_Creation_Via_TAG] [clickCRMIcon] - CRM Button clicked successfully
[INFO ] 2023-03-10 20:35:11.718 [CRM.TG_5558_Staffing_Company_Creation_Via_TAG] [TG_5466_VerifyLeadCreatedSuccessfully] - CRM Icon Clicked Successfully
[INFO ] 2023-03-10 20:35:13.727 [CRM.TG_5558_Staffing_Company_Creation_Via_TAG] [TG_5466_VerifyLeadCreatedSuccessfully] - Clicking Contact Link
[INFO ] 2023-03-10 20:35:13.731 [CRM.TG_5558_Staffing_Company_Creation_Via_TAG] [clickContactIcon] - Clicking on Contact Button
[INFO ] 2023-03-10 20:35:14.620 [CRM.TG_5558_Staffing_Company_Creation_Via_TAG] [clickContactIcon] - Contact Button clicked successfully
[INFO ] 2023-03-10 20:35:14.621 [CRM.TG_5558_Staffing_Company_Creation_Via_TAG] [TG_5466_VerifyLeadCreatedSuccessfully] - Contact Link Clicked Successfully
[INFO ] 2023-03-10 20:35:14.621 [CRM.TG_5558_Staffing_Company_Creation_Via_TAG] [TG_5466_VerifyLeadCreatedSuccessfully] - Verify Created Contact
[INFO ] 2023-03-10 20:35:14.621 [CRM.TG_5558_Staffing_Company_Creation_Via_TAG] [verifyCreatedContact] - Check for Created Contact
[INFO ] 2023-03-10 20:35:15.629 [CRM.TG_5558_Staffing_Company_Creation_Via_TAG] [verifyCreatedContact] - Created Contact displayed successfully
[INFO ] 2023-03-10 20:35:15.629 [CRM.TG_5558_Staffing_Company_Creation_Via_TAG] [TG_5466_VerifyLeadCreatedSuccessfully] - Created Contact Verified Successfully
