[INFO ] 2023-01-24 15:12:34.341 [CRM.TG_5748_Exclusive_Hiring_Company_Creation_Via_Staffing] [TG_5461_VerifyUserIsAbleToRouteToLeadFormSuccessfully] - Logging in
[INFO ] 2023-01-24 15:12:38.778 [CRM.TG_5748_Exclusive_Hiring_Company_Creation_Via_Staffing] [TG_5461_VerifyUserIsAbleToRouteToLeadFormSuccessfully] - Entering Username
[INFO ] 2023-01-24 15:12:38.781 [CRM.TG_5748_Exclusive_Hiring_Company_Creation_Via_Staffing] [enterUsername] - Entering new user's first name
[INFO ] 2023-01-24 15:12:40.418 [CRM.TG_5748_Exclusive_Hiring_Company_Creation_Via_Staffing] [enterUsername] - User's first name entered successfully
[INFO ] 2023-01-24 15:12:40.418 [CRM.TG_5748_Exclusive_Hiring_Company_Creation_Via_Staffing] [TG_5461_VerifyUserIsAbleToRouteToLeadFormSuccessfully] - Username Entered Successfully
[INFO ] 2023-01-24 15:12:40.419 [CRM.TG_5748_Exclusive_Hiring_Company_Creation_Via_Staffing] [TG_5461_VerifyUserIsAbleToRouteToLeadFormSuccessfully] - Entering Password
[INFO ] 2023-01-24 15:12:40.420 [CRM.TG_5748_Exclusive_Hiring_Company_Creation_Via_Staffing] [enterPassword] - Entering new user's last name
[INFO ] 2023-01-24 15:12:40.609 [CRM.TG_5748_Exclusive_Hiring_Company_Creation_Via_Staffing] [enterPassword] - User's last name entered successfully
[INFO ] 2023-01-24 15:12:40.609 [CRM.TG_5748_Exclusive_Hiring_Company_Creation_Via_Staffing] [TG_5461_VerifyUserIsAbleToRouteToLeadFormSuccessfully] - Password Entered Successfully
[INFO ] 2023-01-24 15:12:40.609 [CRM.TG_5748_Exclusive_Hiring_Company_Creation_Via_Staffing] [TG_5461_VerifyUserIsAbleToRouteToLeadFormSuccessfully] - Clicking on Login Button
[INFO ] 2023-01-24 15:12:40.610 [CRM.TG_5748_Exclusive_Hiring_Company_Creation_Via_Staffing] [clickLoginButton] - Clicking on Login Button
[INFO ] 2023-01-24 15:12:41.220 [CRM.TG_5748_Exclusive_Hiring_Company_Creation_Via_Staffing] [clickLoginButton] - Close Pop Up clicked successfully
[INFO ] 2023-01-24 15:12:41.226 [CRM.TG_5748_Exclusive_Hiring_Company_Creation_Via_Staffing] [TG_5461_VerifyUserIsAbleToRouteToLeadFormSuccessfully] - Verifying CRM Icon
[INFO ] 2023-01-24 15:12:41.226 [CRM.TG_5748_Exclusive_Hiring_Company_Creation_Via_Staffing] [verifyCRMTextOnStaffingHomepage] - Check for CRM Icon on Homepage
[INFO ] 2023-01-24 15:12:53.324 [CRM.TG_5748_Exclusive_Hiring_Company_Creation_Via_Staffing] [verifyCRMTextOnStaffingHomepage] - CRM Icon displayed successfully
[INFO ] 2023-01-24 15:12:53.332 [CRM.TG_5748_Exclusive_Hiring_Company_Creation_Via_Staffing] [TG_5461_VerifyUserIsAbleToRouteToLeadFormSuccessfully] - CRM Icon Verified successfully
[INFO ] 2023-01-24 15:12:53.332 [CRM.TG_5748_Exclusive_Hiring_Company_Creation_Via_Staffing] [TG_5461_VerifyUserIsAbleToRouteToLeadFormSuccessfully] - Clicking on CRM Icon
[INFO ] 2023-01-24 15:12:53.332 [CRM.TG_5748_Exclusive_Hiring_Company_Creation_Via_Staffing] [clickCRMIcoOnHomepage] - Clicking on CRM Button
[INFO ] 2023-01-24 15:12:54.553 [CRM.TG_5748_Exclusive_Hiring_Company_Creation_Via_Staffing] [clickCRMIcoOnHomepage] - CRM Button clicked successfully
[INFO ] 2023-01-24 15:12:54.554 [CRM.TG_5748_Exclusive_Hiring_Company_Creation_Via_Staffing] [TG_5461_VerifyUserIsAbleToRouteToLeadFormSuccessfully] - CRM Icon Clicked Successfully
[INFO ] 2023-01-24 15:12:56.559 [CRM.TG_5748_Exclusive_Hiring_Company_Creation_Via_Staffing] [TG_5461_VerifyUserIsAbleToRouteToLeadFormSuccessfully] - Clicking on Lead Icon
[INFO ] 2023-01-24 15:12:56.560 [CRM.TG_5748_Exclusive_Hiring_Company_Creation_Via_Staffing] [clickLeadIcon] - Clicking on Lead Button
[INFO ] 2023-01-24 15:12:59.254 [CRM.TG_5748_Exclusive_Hiring_Company_Creation_Via_Staffing] [clickLeadIcon] - Lead Button clicked successfully
[INFO ] 2023-01-24 15:12:59.254 [CRM.TG_5748_Exclusive_Hiring_Company_Creation_Via_Staffing] [TG_5461_VerifyUserIsAbleToRouteToLeadFormSuccessfully] - Lead Icon Clicked Successfully
[INFO ] 2023-01-24 15:13:01.259 [CRM.TG_5748_Exclusive_Hiring_Company_Creation_Via_Staffing] [TG_5461_VerifyUserIsAbleToRouteToLeadFormSuccessfully] - Verify Listing Form
[INFO ] 2023-01-24 15:13:01.260 [CRM.TG_5748_Exclusive_Hiring_Company_Creation_Via_Staffing] [verifyLeadListingForm] - Check for Lead Title
[INFO ] 2023-01-24 15:13:01.631 [CRM.TG_5748_Exclusive_Hiring_Company_Creation_Via_Staffing] [verifyLeadListingForm] - Lead Title displayed successfully
[INFO ] 2023-01-24 15:13:01.632 [CRM.TG_5748_Exclusive_Hiring_Company_Creation_Via_Staffing] [TG_5461_VerifyUserIsAbleToRouteToLeadFormSuccessfully] - Listing Form verified successfully
[INFO ] 2023-01-24 15:13:03.637 [CRM.TG_5748_Exclusive_Hiring_Company_Creation_Via_Staffing] [TG_5461_VerifyUserIsAbleToRouteToLeadFormSuccessfully] - Clicking on Add Lead Button
[INFO ] 2023-01-24 15:13:03.644 [CRM.TG_5748_Exclusive_Hiring_Company_Creation_Via_Staffing] [clickAddLeadButton] - Clicking on Lead Button
[INFO ] 2023-01-24 15:13:04.519 [CRM.TG_5748_Exclusive_Hiring_Company_Creation_Via_Staffing] [clickAddLeadButton] - Add Lead Button clicked successfully
[INFO ] 2023-01-24 15:13:04.519 [CRM.TG_5748_Exclusive_Hiring_Company_Creation_Via_Staffing] [TG_5461_VerifyUserIsAbleToRouteToLeadFormSuccessfully] - Add Lead Button Clicked Successfully
[INFO ] 2023-01-24 15:13:06.524 [CRM.TG_5748_Exclusive_Hiring_Company_Creation_Via_Staffing] [TG_5461_VerifyUserIsAbleToRouteToLeadFormSuccessfully] - Verifying the Lead Form Title
[INFO ] 2023-01-24 15:13:06.525 [CRM.TG_5748_Exclusive_Hiring_Company_Creation_Via_Staffing] [verifyLeadForm] - Check for New Lead Form
[INFO ] 2023-01-24 15:13:06.583 [CRM.TG_5748_Exclusive_Hiring_Company_Creation_Via_Staffing] [verifyLeadForm] - New Lead Form displayed successfully
[INFO ] 2023-01-24 15:13:06.583 [CRM.TG_5748_Exclusive_Hiring_Company_Creation_Via_Staffing] [TG_5461_VerifyUserIsAbleToRouteToLeadFormSuccessfully] - Lead Form Title is Verified Successfully
[INFO ] 2023-01-24 15:13:06.630 [CRM.TG_5748_Exclusive_Hiring_Company_Creation_Via_Staffing] [TG_5466_VerifyLeadCreatedSuccessfully] - Verifying Mandatory Fields
[INFO ] 2023-01-24 15:13:06.631 [CRM.TG_5748_Exclusive_Hiring_Company_Creation_Via_Staffing] [clickSaveButton] - Clicking on Save Button
[INFO ] 2023-01-24 15:13:07.080 [CRM.TG_5748_Exclusive_Hiring_Company_Creation_Via_Staffing] [clickSaveButton] - Save Button clicked successfully
[INFO ] 2023-01-24 15:13:09.086 [CRM.TG_5748_Exclusive_Hiring_Company_Creation_Via_Staffing] [verifyMandatoryFieldIsBlank] - Verifying the Mandatory Field Pop-Up Title
[INFO ] 2023-01-24 15:13:09.149 [CRM.TG_5748_Exclusive_Hiring_Company_Creation_Via_Staffing] [verifyMandatoryFieldIsBlank] - Mandatory Field Pop-Up Title displayed Successfully
[INFO ] 2023-01-24 15:13:11.155 [CRM.TG_5748_Exclusive_Hiring_Company_Creation_Via_Staffing] [TG_5466_VerifyLeadCreatedSuccessfully] - Closing the Pop-up
[INFO ] 2023-01-24 15:13:11.157 [CRM.TG_5748_Exclusive_Hiring_Company_Creation_Via_Staffing] [closeBlankMandatoryFieldDialogBox] - Clicking on Close Pop-Up Icon
[INFO ] 2023-01-24 15:13:11.305 [CRM.TG_5748_Exclusive_Hiring_Company_Creation_Via_Staffing] [closeBlankMandatoryFieldDialogBox] - Close Pop-Up Icon Clicked Successfully
[INFO ] 2023-01-24 15:13:11.306 [CRM.TG_5748_Exclusive_Hiring_Company_Creation_Via_Staffing] [TG_5466_VerifyLeadCreatedSuccessfully] - Pop-up closed Successfully
[INFO ] 2023-01-24 15:13:13.311 [CRM.TG_5748_Exclusive_Hiring_Company_Creation_Via_Staffing] [TG_5466_VerifyLeadCreatedSuccessfully] - Entering First Name
[INFO ] 2023-01-24 15:13:13.314 [CRM.TG_5748_Exclusive_Hiring_Company_Creation_Via_Staffing] [enterFirstName] - Entering First Name
[INFO ] 2023-01-24 15:13:13.498 [CRM.TG_5748_Exclusive_Hiring_Company_Creation_Via_Staffing] [enterFirstName] - First Name Entered Successfully
[INFO ] 2023-01-24 15:13:13.499 [CRM.TG_5748_Exclusive_Hiring_Company_Creation_Via_Staffing] [TG_5466_VerifyLeadCreatedSuccessfully] - First Name Entered Successfully
[INFO ] 2023-01-24 15:13:13.499 [CRM.TG_5748_Exclusive_Hiring_Company_Creation_Via_Staffing] [TG_5466_VerifyLeadCreatedSuccessfully] - Entering Last Name
[INFO ] 2023-01-24 15:13:13.499 [CRM.TG_5748_Exclusive_Hiring_Company_Creation_Via_Staffing] [enterLastName] - Entering Last Name
[INFO ] 2023-01-24 15:13:13.617 [CRM.TG_5748_Exclusive_Hiring_Company_Creation_Via_Staffing] [enterLastName] - Last Name Entered Successfully
[INFO ] 2023-01-24 15:13:13.618 [CRM.TG_5748_Exclusive_Hiring_Company_Creation_Via_Staffing] [TG_5466_VerifyLeadCreatedSuccessfully] - Last Name Entered Successfully
[INFO ] 2023-01-24 15:13:13.618 [CRM.TG_5748_Exclusive_Hiring_Company_Creation_Via_Staffing] [TG_5466_VerifyLeadCreatedSuccessfully] - Entering Company Name
[INFO ] 2023-01-24 15:13:13.618 [CRM.TG_5748_Exclusive_Hiring_Company_Creation_Via_Staffing] [enterCompanyName] - Entering Company Name
[INFO ] 2023-01-24 15:13:13.767 [CRM.TG_5748_Exclusive_Hiring_Company_Creation_Via_Staffing] [enterCompanyName] - Company Name Entered Successfully
[INFO ] 2023-01-24 15:13:13.768 [CRM.TG_5748_Exclusive_Hiring_Company_Creation_Via_Staffing] [TG_5466_VerifyLeadCreatedSuccessfully] - Company Name Entered Successfully
[INFO ] 2023-01-24 15:13:13.768 [CRM.TG_5748_Exclusive_Hiring_Company_Creation_Via_Staffing] [TG_5466_VerifyLeadCreatedSuccessfully] - Entering Email
[INFO ] 2023-01-24 15:13:13.768 [CRM.TG_5748_Exclusive_Hiring_Company_Creation_Via_Staffing] [enterEmail] - Entering Email
[INFO ] 2023-01-24 15:13:14.081 [CRM.TG_5748_Exclusive_Hiring_Company_Creation_Via_Staffing] [enterEmail] - Email Entered Successfully
[INFO ] 2023-01-24 15:13:14.082 [CRM.TG_5748_Exclusive_Hiring_Company_Creation_Via_Staffing] [TG_5466_VerifyLeadCreatedSuccessfully] - Email Entered Successfully
[INFO ] 2023-01-24 15:13:16.087 [CRM.TG_5748_Exclusive_Hiring_Company_Creation_Via_Staffing] [TG_5466_VerifyLeadCreatedSuccessfully] - Entering Phone Number
[INFO ] 2023-01-24 15:13:16.090 [CRM.TG_5748_Exclusive_Hiring_Company_Creation_Via_Staffing] [enterPhoneNumber] - Entering Phone Number
[INFO ] 2023-01-24 15:13:16.250 [CRM.TG_5748_Exclusive_Hiring_Company_Creation_Via_Staffing] [enterPhoneNumber] - Phone Number Entered Successfully
[INFO ] 2023-01-24 15:13:16.250 [CRM.TG_5748_Exclusive_Hiring_Company_Creation_Via_Staffing] [TG_5466_VerifyLeadCreatedSuccessfully] - Phone Number Entered Successfully
[INFO ] 2023-01-24 15:13:16.250 [CRM.TG_5748_Exclusive_Hiring_Company_Creation_Via_Staffing] [TG_5466_VerifyLeadCreatedSuccessfully] - Selecting the Search on Maps Checkbox
[INFO ] 2023-01-24 15:13:16.251 [CRM.TG_5748_Exclusive_Hiring_Company_Creation_Via_Staffing] [selectSearchOnMapsCheckbox] - Selecting search on Maps checkbox
[INFO ] 2023-01-24 15:13:18.484 [CRM.TG_5748_Exclusive_Hiring_Company_Creation_Via_Staffing] [selectSearchOnMapsCheckbox] - Search on maps checkbox selected
[INFO ] 2023-01-24 15:13:18.484 [CRM.TG_5748_Exclusive_Hiring_Company_Creation_Via_Staffing] [TG_5466_VerifyLeadCreatedSuccessfully] - Search on Maps Checkbox selected Successfully
[INFO ] 2023-01-24 15:13:20.491 [CRM.TG_5748_Exclusive_Hiring_Company_Creation_Via_Staffing] [TG_5466_VerifyLeadCreatedSuccessfully] - Entering Employee Address
[INFO ] 2023-01-24 15:13:20.494 [CRM.TG_5748_Exclusive_Hiring_Company_Creation_Via_Staffing] [enterEmployeeAddressOnMaps] - Etering employee address on maps
[INFO ] 2023-01-24 15:13:21.917 [CRM.TG_5748_Exclusive_Hiring_Company_Creation_Via_Staffing] [enterEmployeeAddressOnMaps] - Employee entered successfully
[INFO ] 2023-01-24 15:13:21.918 [CRM.TG_5748_Exclusive_Hiring_Company_Creation_Via_Staffing] [TG_5466_VerifyLeadCreatedSuccessfully] - Employee Address Entered Successfull
[INFO ] 2023-01-24 15:13:23.924 [CRM.TG_5748_Exclusive_Hiring_Company_Creation_Via_Staffing] [TG_5466_VerifyLeadCreatedSuccessfully] - Clicking on Save Button
[INFO ] 2023-01-24 15:13:23.926 [CRM.TG_5748_Exclusive_Hiring_Company_Creation_Via_Staffing] [clickSaveButton] - Clicking on Save Button
[INFO ] 2023-01-24 15:13:24.043 [CRM.TG_5748_Exclusive_Hiring_Company_Creation_Via_Staffing] [clickSaveButton] - Save Button clicked successfully
[INFO ] 2023-01-24 15:13:24.043 [CRM.TG_5748_Exclusive_Hiring_Company_Creation_Via_Staffing] [TG_5466_VerifyLeadCreatedSuccessfully] - Save Button Clicked Successfully
[INFO ] 2023-01-24 15:13:27.051 [CRM.TG_5748_Exclusive_Hiring_Company_Creation_Via_Staffing] [TG_5466_VerifyLeadCreatedSuccessfully] - Verify the LEAD Status
[INFO ] 2023-01-24 15:13:27.056 [CRM.TG_5748_Exclusive_Hiring_Company_Creation_Via_Staffing] [verifyLeadStatus] - Check for Status as Lead
[INFO ] 2023-01-24 15:13:27.138 [CRM.TG_5748_Exclusive_Hiring_Company_Creation_Via_Staffing] [verifyLeadStatus] - Status verified as Lead successfully
[INFO ] 2023-01-24 15:13:27.139 [CRM.TG_5748_Exclusive_Hiring_Company_Creation_Via_Staffing] [TG_5466_VerifyLeadCreatedSuccessfully] - LEAD Status verified Successfully
[INFO ] 2023-01-24 15:13:29.144 [CRM.TG_5748_Exclusive_Hiring_Company_Creation_Via_Staffing] [TG_5466_VerifyLeadCreatedSuccessfully] - Clicking Lead Link for Listing form
[INFO ] 2023-01-24 15:13:29.146 [CRM.TG_5748_Exclusive_Hiring_Company_Creation_Via_Staffing] [clickLeadLinkforListingForm] - Click on Lead for Listing form
[INFO ] 2023-01-24 15:13:29.436 [CRM.TG_5748_Exclusive_Hiring_Company_Creation_Via_Staffing] [clickLeadLinkforListingForm] - Lead for Listing form clicked Successfully
[INFO ] 2023-01-24 15:13:29.436 [CRM.TG_5748_Exclusive_Hiring_Company_Creation_Via_Staffing] [TG_5466_VerifyLeadCreatedSuccessfully] - Lead Link for Listing form clicked Successfully
[INFO ] 2023-01-24 15:13:29.436 [CRM.TG_5748_Exclusive_Hiring_Company_Creation_Via_Staffing] [TG_5466_VerifyLeadCreatedSuccessfully] - Verify Lead created Successfully or not
[INFO ] 2023-01-24 15:13:29.436 [CRM.TG_5748_Exclusive_Hiring_Company_Creation_Via_Staffing] [verifyCreatedLead] - Check for Created Lead
[INFO ] 2023-01-24 15:13:29.592 [CRM.TG_5748_Exclusive_Hiring_Company_Creation_Via_Staffing] [verifyCreatedLead] - Created Lead displayed successfully
[INFO ] 2023-01-24 15:13:29.593 [CRM.TG_5748_Exclusive_Hiring_Company_Creation_Via_Staffing] [TG_5466_VerifyLeadCreatedSuccessfully] - Lead Created Successfully 
[INFO ] 2023-01-24 15:13:31.599 [CRM.TG_5748_Exclusive_Hiring_Company_Creation_Via_Staffing] [TG_5466_VerifyLeadCreatedSuccessfully] - Clicking Created Lead from Listing form
[INFO ] 2023-01-24 15:13:31.600 [CRM.TG_5748_Exclusive_Hiring_Company_Creation_Via_Staffing] [clickCreatedLead] - Clicking on Created Lead
[INFO ] 2023-01-24 15:13:31.948 [CRM.TG_5748_Exclusive_Hiring_Company_Creation_Via_Staffing] [clickCreatedLead] - Created Lead clicked successfully
[INFO ] 2023-01-24 15:13:31.949 [CRM.TG_5748_Exclusive_Hiring_Company_Creation_Via_Staffing] [TG_5466_VerifyLeadCreatedSuccessfully] - Created Lead Clicked Successfully
[INFO ] 2023-01-24 15:13:33.955 [CRM.TG_5748_Exclusive_Hiring_Company_Creation_Via_Staffing] [TG_5466_VerifyLeadCreatedSuccessfully] - Selecting the Open Lead Status
[INFO ] 2023-01-24 15:13:33.958 [CRM.TG_5748_Exclusive_Hiring_Company_Creation_Via_Staffing] [clickLeadStatusOpen] - Clicking on Status dropdown
[INFO ] 2023-01-24 15:13:34.157 [CRM.TG_5748_Exclusive_Hiring_Company_Creation_Via_Staffing] [clickLeadStatusOpen] - Open Status entered successfully
[INFO ] 2023-01-24 15:13:34.158 [CRM.TG_5748_Exclusive_Hiring_Company_Creation_Via_Staffing] [TG_5466_VerifyLeadCreatedSuccessfully] - Open Lead Status Selected Successfully
[INFO ] 2023-01-24 15:13:36.163 [CRM.TG_5748_Exclusive_Hiring_Company_Creation_Via_Staffing] [TG_5466_VerifyLeadCreatedSuccessfully] - Clicking Notes Tab
[INFO ] 2023-01-24 15:13:36.166 [CRM.TG_5748_Exclusive_Hiring_Company_Creation_Via_Staffing] [clickNotesTab] - Clicking on Notes Tab
[INFO ] 2023-01-24 15:13:36.284 [CRM.TG_5748_Exclusive_Hiring_Company_Creation_Via_Staffing] [clickNotesTab] - Notes Tab clicked successfully
[INFO ] 2023-01-24 15:13:36.285 [CRM.TG_5748_Exclusive_Hiring_Company_Creation_Via_Staffing] [TG_5466_VerifyLeadCreatedSuccessfully] - Notes Tab Clicked Successfully
[INFO ] 2023-01-24 15:13:38.290 [CRM.TG_5748_Exclusive_Hiring_Company_Creation_Via_Staffing] [TG_5466_VerifyLeadCreatedSuccessfully] - Entering Notes
[INFO ] 2023-01-24 15:13:38.292 [CRM.TG_5748_Exclusive_Hiring_Company_Creation_Via_Staffing] [enterNotes] - Entering Note
[INFO ] 2023-01-24 15:13:38.650 [CRM.TG_5748_Exclusive_Hiring_Company_Creation_Via_Staffing] [enterNotes] - Note Entered Successfully
[INFO ] 2023-01-24 15:13:38.651 [CRM.TG_5748_Exclusive_Hiring_Company_Creation_Via_Staffing] [TG_5466_VerifyLeadCreatedSuccessfully] - Notes Entered Successfully
[INFO ] 2023-01-24 15:13:40.657 [CRM.TG_5748_Exclusive_Hiring_Company_Creation_Via_Staffing] [TG_5466_VerifyLeadCreatedSuccessfully] - Clicking Overview Tab
[INFO ] 2023-01-24 15:13:40.660 [CRM.TG_5748_Exclusive_Hiring_Company_Creation_Via_Staffing] [clickOverviewTab] - Clicking on Notes Tab
[INFO ] 2023-01-24 15:13:40.797 [CRM.TG_5748_Exclusive_Hiring_Company_Creation_Via_Staffing] [clickOverviewTab] - Notes Tab clicked successfully
[INFO ] 2023-01-24 15:13:40.798 [CRM.TG_5748_Exclusive_Hiring_Company_Creation_Via_Staffing] [TG_5466_VerifyLeadCreatedSuccessfully] - Overview Tab Clicked Successfully
[INFO ] 2023-01-24 15:13:42.804 [CRM.TG_5748_Exclusive_Hiring_Company_Creation_Via_Staffing] [TG_5466_VerifyLeadCreatedSuccessfully] - Selecting the Contract Negotiation Lead Status
[INFO ] 2023-01-24 15:13:42.805 [CRM.TG_5748_Exclusive_Hiring_Company_Creation_Via_Staffing] [clickLeadStatusContractNegotiation] - Clicking on Status dropdown
[INFO ] 2023-01-24 15:13:42.906 [CRM.TG_5748_Exclusive_Hiring_Company_Creation_Via_Staffing] [clickLeadStatusContractNegotiation] - Contract Negotiation Status entered successfully
[INFO ] 2023-01-24 15:13:42.907 [CRM.TG_5748_Exclusive_Hiring_Company_Creation_Via_Staffing] [TG_5466_VerifyLeadCreatedSuccessfully] - Contract Negotiation Lead Status Selected Successfully
[INFO ] 2023-01-24 15:13:44.912 [CRM.TG_5748_Exclusive_Hiring_Company_Creation_Via_Staffing] [TG_5466_VerifyLeadCreatedSuccessfully] - Clicking Save Button
[INFO ] 2023-01-24 15:13:44.913 [CRM.TG_5748_Exclusive_Hiring_Company_Creation_Via_Staffing] [clickSaveButton] - Clicking on Save Button
[INFO ] 2023-01-24 15:13:45.014 [CRM.TG_5748_Exclusive_Hiring_Company_Creation_Via_Staffing] [clickSaveButton] - Save Button clicked successfully
[INFO ] 2023-01-24 15:13:45.014 [CRM.TG_5748_Exclusive_Hiring_Company_Creation_Via_Staffing] [TG_5466_VerifyLeadCreatedSuccessfully] - Save Button Clicked Successfully
[INFO ] 2023-01-24 15:13:47.020 [CRM.TG_5748_Exclusive_Hiring_Company_Creation_Via_Staffing] [TG_5466_VerifyLeadCreatedSuccessfully] - Verify Prepare Contract Button
[INFO ] 2023-01-24 15:13:47.021 [CRM.TG_5748_Exclusive_Hiring_Company_Creation_Via_Staffing] [verifyPrepareContractButton] - Verify Prepare Contract Button
[INFO ] 2023-01-24 15:13:47.057 [CRM.TG_5748_Exclusive_Hiring_Company_Creation_Via_Staffing] [verifyPrepareContractButton] - Prepare Contract Button displayed successfully
[INFO ] 2023-01-24 15:13:47.057 [CRM.TG_5748_Exclusive_Hiring_Company_Creation_Via_Staffing] [TG_5466_VerifyLeadCreatedSuccessfully] - Prepare Contract Button Verified Successfully
[INFO ] 2023-01-24 15:13:47.057 [CRM.TG_5748_Exclusive_Hiring_Company_Creation_Via_Staffing] [TG_5466_VerifyLeadCreatedSuccessfully] - Click Prepare Contract Button
[INFO ] 2023-01-24 15:13:47.058 [CRM.TG_5748_Exclusive_Hiring_Company_Creation_Via_Staffing] [clickPrepareContractButton] - Clicking on Prepare Contract Button
[INFO ] 2023-01-24 15:13:47.225 [CRM.TG_5748_Exclusive_Hiring_Company_Creation_Via_Staffing] [clickPrepareContractButton] - Prepare Contract Button clicked successfully
[INFO ] 2023-01-24 15:13:47.226 [CRM.TG_5748_Exclusive_Hiring_Company_Creation_Via_Staffing] [TG_5466_VerifyLeadCreatedSuccessfully] - Prepare Contract Button Clicked Successfully
[INFO ] 2023-01-24 15:13:49.231 [CRM.TG_5748_Exclusive_Hiring_Company_Creation_Via_Staffing] [TG_5466_VerifyLeadCreatedSuccessfully] - Verify Contract Form
[INFO ] 2023-01-24 15:13:49.233 [CRM.TG_5748_Exclusive_Hiring_Company_Creation_Via_Staffing] [verifyContractForm] - Check for New Contract Form
[INFO ] 2023-01-24 15:13:49.306 [CRM.TG_5748_Exclusive_Hiring_Company_Creation_Via_Staffing] [verifyContractForm] - New Contract Form displayed successfully
[INFO ] 2023-01-24 15:13:49.307 [CRM.TG_5748_Exclusive_Hiring_Company_Creation_Via_Staffing] [TG_5466_VerifyLeadCreatedSuccessfully] - New Contract Form verified Successfully
[INFO ] 2023-01-24 15:13:49.307 [CRM.TG_5748_Exclusive_Hiring_Company_Creation_Via_Staffing] [TG_5466_VerifyLeadCreatedSuccessfully] - Entering Start Date
[INFO ] 2023-01-24 15:13:49.307 [CRM.TG_5748_Exclusive_Hiring_Company_Creation_Via_Staffing] [enterStartDate] - Entering the Start Date 
[INFO ] 2023-01-24 15:13:54.675 [CRM.TG_5748_Exclusive_Hiring_Company_Creation_Via_Staffing] [enterStartDate] - Start Date Entered Successfully
[INFO ] 2023-01-24 15:13:54.677 [CRM.TG_5748_Exclusive_Hiring_Company_Creation_Via_Staffing] [TG_5466_VerifyLeadCreatedSuccessfully] - Start Date Entered Successfully
[INFO ] 2023-01-24 15:13:56.682 [CRM.TG_5748_Exclusive_Hiring_Company_Creation_Via_Staffing] [TG_5466_VerifyLeadCreatedSuccessfully] - Entering End Date
[INFO ] 2023-01-24 15:13:56.683 [CRM.TG_5748_Exclusive_Hiring_Company_Creation_Via_Staffing] [enterEndDate] - Entering the End Date
[INFO ] 2023-01-24 15:14:01.939 [CRM.TG_5748_Exclusive_Hiring_Company_Creation_Via_Staffing] [enterEndDate] - End Date Entered Successfully
[INFO ] 2023-01-24 15:14:01.942 [CRM.TG_5748_Exclusive_Hiring_Company_Creation_Via_Staffing] [TG_5466_VerifyLeadCreatedSuccessfully] - End Date Entered Successfully
[INFO ] 2023-01-24 15:14:03.948 [CRM.TG_5748_Exclusive_Hiring_Company_Creation_Via_Staffing] [TG_5466_VerifyLeadCreatedSuccessfully] - Clicking Add Row Button
[INFO ] 2023-01-24 15:14:03.950 [CRM.TG_5748_Exclusive_Hiring_Company_Creation_Via_Staffing] [clickAddRowButton] - Clicking on Add Row Button
[INFO ] 2023-01-24 15:14:04.300 [CRM.TG_5748_Exclusive_Hiring_Company_Creation_Via_Staffing] [clickAddRowButton] - Add Row Button clicked successfully
[INFO ] 2023-01-24 15:14:04.301 [CRM.TG_5748_Exclusive_Hiring_Company_Creation_Via_Staffing] [TG_5466_VerifyLeadCreatedSuccessfully] - Add Row Button Clicked Successfully
[INFO ] 2023-01-24 15:14:06.306 [CRM.TG_5748_Exclusive_Hiring_Company_Creation_Via_Staffing] [TG_5466_VerifyLeadCreatedSuccessfully] - Clicking Job Title
[INFO ] 2023-01-24 15:14:06.308 [CRM.TG_5748_Exclusive_Hiring_Company_Creation_Via_Staffing] [clickJobTitleInTable] - Entering Job Title List in the Table
[INFO ] 2023-01-24 15:14:06.422 [CRM.TG_5748_Exclusive_Hiring_Company_Creation_Via_Staffing] [clickJobTitleInTable] - Clicked Job Title in the Table successfully
[INFO ] 2023-01-24 15:14:06.422 [CRM.TG_5748_Exclusive_Hiring_Company_Creation_Via_Staffing] [TG_5466_VerifyLeadCreatedSuccessfully] - Job Title Clicked Successfully
[INFO ] 2023-01-24 15:14:08.428 [CRM.TG_5748_Exclusive_Hiring_Company_Creation_Via_Staffing] [TG_5466_VerifyLeadCreatedSuccessfully] - Entering Job Title
[INFO ] 2023-01-24 15:14:08.431 [CRM.TG_5748_Exclusive_Hiring_Company_Creation_Via_Staffing] [enterTitle] - Enter Title
[INFO ] 2023-01-24 15:14:11.695 [CRM.TG_5748_Exclusive_Hiring_Company_Creation_Via_Staffing] [enterTitle] - Entered Job Title in the Table successfully
[INFO ] 2023-01-24 15:14:11.695 [CRM.TG_5748_Exclusive_Hiring_Company_Creation_Via_Staffing] [TG_5466_VerifyLeadCreatedSuccessfully] - Job Title Entered Successfully
[INFO ] 2023-01-24 15:14:13.701 [CRM.TG_5748_Exclusive_Hiring_Company_Creation_Via_Staffing] [TG_5466_VerifyLeadCreatedSuccessfully] - Entering Signature
[INFO ] 2023-01-24 15:14:13.703 [CRM.TG_5748_Exclusive_Hiring_Company_Creation_Via_Staffing] [enterSign] - Entering Sign
[INFO ] 2023-01-24 15:14:13.860 [CRM.TG_5748_Exclusive_Hiring_Company_Creation_Via_Staffing] [enterSign] - Sign Entered Successfully
[INFO ] 2023-01-24 15:14:13.861 [CRM.TG_5748_Exclusive_Hiring_Company_Creation_Via_Staffing] [TG_5466_VerifyLeadCreatedSuccessfully] - Signature Entered Successfully
[INFO ] 2023-01-24 15:14:15.866 [CRM.TG_5748_Exclusive_Hiring_Company_Creation_Via_Staffing] [TG_5466_VerifyLeadCreatedSuccessfully] - Clicking Save Button in Contract
[INFO ] 2023-01-24 15:14:15.868 [CRM.TG_5748_Exclusive_Hiring_Company_Creation_Via_Staffing] [clickSaveButtonInContract] - Clicking on Save Button
[INFO ] 2023-01-24 15:14:15.964 [CRM.TG_5748_Exclusive_Hiring_Company_Creation_Via_Staffing] [clickSaveButtonInContract] - Save Button clicked successfully
[INFO ] 2023-01-24 15:14:15.964 [CRM.TG_5748_Exclusive_Hiring_Company_Creation_Via_Staffing] [TG_5466_VerifyLeadCreatedSuccessfully] - Save Button Clicked Successfully
[INFO ] 2023-01-24 15:14:17.970 [CRM.TG_5748_Exclusive_Hiring_Company_Creation_Via_Staffing] [TG_5466_VerifyLeadCreatedSuccessfully] - Verify Finalize Contract Button
[INFO ] 2023-01-24 15:14:17.972 [CRM.TG_5748_Exclusive_Hiring_Company_Creation_Via_Staffing] [verifyFinalizeButton] - Verify Finalize Button
[INFO ] 2023-01-24 15:14:18.029 [CRM.TG_5748_Exclusive_Hiring_Company_Creation_Via_Staffing] [verifyFinalizeButton] - Finalize Button displayed successfully
[INFO ] 2023-01-24 15:14:18.029 [CRM.TG_5748_Exclusive_Hiring_Company_Creation_Via_Staffing] [TG_5466_VerifyLeadCreatedSuccessfully] - Finalize Contract Button verified Successfully
[INFO ] 2023-01-24 15:14:20.035 [CRM.TG_5748_Exclusive_Hiring_Company_Creation_Via_Staffing] [TG_5466_VerifyLeadCreatedSuccessfully] - Clicking Finalize Contrac Button
[INFO ] 2023-01-24 15:14:20.041 [CRM.TG_5748_Exclusive_Hiring_Company_Creation_Via_Staffing] [clickFinalizeButton] - Clicking Finalize button
[INFO ] 2023-01-24 15:14:20.161 [CRM.TG_5748_Exclusive_Hiring_Company_Creation_Via_Staffing] [clickFinalizeButton] - Finalize button clicked successfully
[INFO ] 2023-01-24 15:14:20.161 [CRM.TG_5748_Exclusive_Hiring_Company_Creation_Via_Staffing] [TG_5466_VerifyLeadCreatedSuccessfully] - Finalize Contrac Button Clicked Successfully
[INFO ] 2023-01-24 15:14:50.168 [CRM.TG_5748_Exclusive_Hiring_Company_Creation_Via_Staffing] [TG_5466_VerifyLeadCreatedSuccessfully] - Verify Success Email Sent Pop-up Message
[INFO ] 2023-01-24 15:14:50.173 [CRM.TG_5748_Exclusive_Hiring_Company_Creation_Via_Staffing] [verifyPopUpSuccessMsg] - Verifying pop up msg
[INFO ] 2023-01-24 15:14:58.798 [CRM.TG_5748_Exclusive_Hiring_Company_Creation_Via_Staffing] [verifyPopUpSuccessMsg] - pop up msg displayed successfully
[INFO ] 2023-01-24 15:14:58.801 [CRM.TG_5748_Exclusive_Hiring_Company_Creation_Via_Staffing] [TG_5466_VerifyLeadCreatedSuccessfully] -  Success Email Sent Pop-up Message Displayed Successfully
[INFO ] 2023-01-24 15:15:16.809 [CRM.TG_5748_Exclusive_Hiring_Company_Creation_Via_Staffing] [TG_5466_VerifyLeadCreatedSuccessfully] - Clicking Contract Link
[INFO ] 2023-01-24 15:15:16.815 [CRM.TG_5748_Exclusive_Hiring_Company_Creation_Via_Staffing] [clickContractLinkforListingForm] - Click on Contract for Listing form
[INFO ] 2023-01-24 15:15:24.052 [CRM.TG_5748_Exclusive_Hiring_Company_Creation_Via_Staffing] [clickContractLinkforListingForm] - Contract for Listing form clicked Successfully
[INFO ] 2023-01-24 15:15:24.054 [CRM.TG_5748_Exclusive_Hiring_Company_Creation_Via_Staffing] [TG_5466_VerifyLeadCreatedSuccessfully] - Contract Link Clicked Successfully
[INFO ] 2023-01-24 15:15:26.060 [CRM.TG_5748_Exclusive_Hiring_Company_Creation_Via_Staffing] [TG_5466_VerifyLeadCreatedSuccessfully] - Verify Created Contract
[INFO ] 2023-01-24 15:15:26.062 [CRM.TG_5748_Exclusive_Hiring_Company_Creation_Via_Staffing] [verifyCreatedContract] - Check for Created Contract
[INFO ] 2023-01-24 15:15:26.126 [CRM.TG_5748_Exclusive_Hiring_Company_Creation_Via_Staffing] [verifyCreatedContract] - Created Contract displayed successfully
[INFO ] 2023-01-24 15:15:26.126 [CRM.TG_5748_Exclusive_Hiring_Company_Creation_Via_Staffing] [TG_5466_VerifyLeadCreatedSuccessfully] - Created Contract Verified Successfully
[INFO ] 2023-01-24 15:15:28.131 [CRM.TG_5748_Exclusive_Hiring_Company_Creation_Via_Staffing] [TG_5466_VerifyLeadCreatedSuccessfully] - Verifying CRM Icon
[INFO ] 2023-01-24 15:15:28.132 [CRM.TG_5748_Exclusive_Hiring_Company_Creation_Via_Staffing] [clickCRMIcon] - Clicking on CRM Button
[INFO ] 2023-01-24 15:15:28.231 [CRM.TG_5748_Exclusive_Hiring_Company_Creation_Via_Staffing] [clickCRMIcon] - CRM Button clicked successfully
[INFO ] 2023-01-24 15:15:28.231 [CRM.TG_5748_Exclusive_Hiring_Company_Creation_Via_Staffing] [TG_5466_VerifyLeadCreatedSuccessfully] - CRM Icon Clicked Successfully
[INFO ] 2023-01-24 15:15:30.238 [CRM.TG_5748_Exclusive_Hiring_Company_Creation_Via_Staffing] [TG_5466_VerifyLeadCreatedSuccessfully] - Clicking Contact Link
[INFO ] 2023-01-24 15:15:30.242 [CRM.TG_5748_Exclusive_Hiring_Company_Creation_Via_Staffing] [clickContactIcon] - Clicking on Contact Button
[INFO ] 2023-01-24 15:15:31.281 [CRM.TG_5748_Exclusive_Hiring_Company_Creation_Via_Staffing] [clickContactIcon] - Contact Button clicked successfully
[INFO ] 2023-01-24 15:15:31.282 [CRM.TG_5748_Exclusive_Hiring_Company_Creation_Via_Staffing] [TG_5466_VerifyLeadCreatedSuccessfully] - Contact Link Clicked Successfully
[INFO ] 2023-01-24 15:15:31.282 [CRM.TG_5748_Exclusive_Hiring_Company_Creation_Via_Staffing] [TG_5466_VerifyLeadCreatedSuccessfully] - Verify Created Contact
[INFO ] 2023-01-24 15:15:31.282 [CRM.TG_5748_Exclusive_Hiring_Company_Creation_Via_Staffing] [verifyCreatedContact] - Check for Created Contact
[INFO ] 2023-01-24 15:15:32.820 [CRM.TG_5748_Exclusive_Hiring_Company_Creation_Via_Staffing] [verifyCreatedContact] - Created Contact displayed successfully
[INFO ] 2023-01-24 15:15:32.821 [CRM.TG_5748_Exclusive_Hiring_Company_Creation_Via_Staffing] [TG_5466_VerifyLeadCreatedSuccessfully] - Created Contact Verified Successfully
