[INFO ] 2023-04-26 14:43:30.356 [timesheets.TG_4290_TimesheetCreation] [Tag_EndToEndFlowNewOrderHiring] - Started==Starting End To End Flow NewOrderHiring
[INFO ] 2023-04-26 14:43:33.437 [timesheets.TG_4290_TimesheetCreation] [enterUsername] - Entering new user's first name
[INFO ] 2023-04-26 14:43:36.101 [timesheets.TG_4290_TimesheetCreation] [enterUsername] - User's first name entered successfully
[INFO ] 2023-04-26 14:43:36.103 [timesheets.TG_4290_TimesheetCreation] [enterPassword] - Entering new user's last name
[INFO ] 2023-04-26 14:43:36.417 [timesheets.TG_4290_TimesheetCreation] [enterPassword] - User's last name entered successfully
[INFO ] 2023-04-26 14:43:36.418 [timesheets.TG_4290_TimesheetCreation] [clickLoginButton] - Clicking on Login Button
[INFO ] 2023-04-26 14:43:36.891 [timesheets.TG_4290_TimesheetCreation] [clickLoginButton] - Close Pop Up clicked successfully
[INFO ] 2023-04-26 14:43:36.894 [timesheets.TG_4290_TimesheetCreation] [newOrderHiring] - Clicking on New Order Button
[INFO ] 2023-04-26 14:43:52.887 [timesheets.TG_4290_TimesheetCreation] [newOrderHiring] - New Order Button clicked successfully
[INFO ] 2023-04-26 14:43:52.890 [timesheets.TG_4290_TimesheetCreation] [newOrderHiring] - Entering EstDailyHours
[INFO ] 2023-04-26 14:44:01.805 [timesheets.TG_4290_TimesheetCreation] [newOrderHiring] - EstDailyHours entered successfully
[INFO ] 2023-04-26 14:44:01.806 [timesheets.TG_4290_TimesheetCreation] [newOrderHiring] - Entering StartDate
[INFO ] 2023-04-26 14:44:07.550 [timesheets.TG_4290_TimesheetCreation] [newOrderHiring] - StartDate entered successfully
[INFO ] 2023-04-26 14:44:07.554 [timesheets.TG_4290_TimesheetCreation] [newOrderHiring] - Entering EndDate
[INFO ] 2023-04-26 14:44:18.931 [timesheets.TG_4290_TimesheetCreation] [newOrderHiring] - EndDate entered successfully
[INFO ] 2023-04-26 14:44:18.934 [timesheets.TG_4290_TimesheetCreation] [newOrderHiring] - Entering StartTime
[INFO ] 2023-04-26 14:44:19.848 [timesheets.TG_4290_TimesheetCreation] [newOrderHiring] - StartTime entered successfully
[INFO ] 2023-04-26 14:44:19.848 [timesheets.TG_4290_TimesheetCreation] [newOrderHiring] - Entering Availability
[INFO ] 2023-04-26 14:44:20.158 [timesheets.TG_4290_TimesheetCreation] [newOrderHiring] - Availabilit entered successfully
[INFO ] 2023-04-26 14:44:20.158 [timesheets.TG_4290_TimesheetCreation] [newOrderHiring] - Entering JobSite
[INFO ] 2023-04-26 14:44:26.470 [timesheets.TG_4290_TimesheetCreation] [newOrderHiring] - JobSite entered successfully
[INFO ] 2023-04-26 14:44:26.470 [timesheets.TG_4290_TimesheetCreation] [newOrderHiring] - Entering JobTitle
[INFO ] 2023-04-26 14:44:35.508 [timesheets.TG_4290_TimesheetCreation] [newOrderHiring] - JobTitle entered successfully
[INFO ] 2023-04-26 14:44:35.511 [timesheets.TG_4290_TimesheetCreation] [newOrderHiring] - Entering No Of Workers
[INFO ] 2023-04-26 14:44:40.716 [timesheets.TG_4290_TimesheetCreation] [newOrderHiring] - NoOfWorkers entered successfully
[INFO ] 2023-04-26 14:44:40.717 [timesheets.TG_4290_TimesheetCreation] [newOrderHiring] - Entering ESignature
[INFO ] 2023-04-26 14:44:44.190 [timesheets.TG_4290_TimesheetCreation] [newOrderHiring] - ESignature entered successfully
[INFO ] 2023-04-26 14:44:44.194 [timesheets.TG_4290_TimesheetCreation] [newOrderHiring] - clickAgreeContract
[INFO ] 2023-04-26 14:44:44.435 [timesheets.TG_4290_TimesheetCreation] [newOrderHiring] - clickAgreeContract successfully
[INFO ] 2023-04-26 14:44:44.436 [timesheets.TG_4290_TimesheetCreation] [newOrderHiring] - clickSaveButton
[INFO ] 2023-04-26 14:44:44.717 [timesheets.TG_4290_TimesheetCreation] [newOrderHiring] - SaveButton Clicked successfully
[INFO ] 2023-04-26 14:44:53.234 [timesheets.TG_4290_TimesheetCreation] [newOrderHiring] - Job order link present on the home page clicked
[INFO ] 2023-04-26 14:45:01.538 [timesheets.TG_4290_TimesheetCreation] [newOrderHiring] - Verify Job Order Id and Email Successfully
[INFO ] 2023-04-26 14:45:13.136 [timesheets.TG_4290_TimesheetCreation] [Tag_EndToEndFlowNewOrderHiring] - Started==Starting End To End Flow CreateEmployeeFromStaffing
[INFO ] 2023-04-26 14:45:22.027 [timesheets.TG_4290_TimesheetCreation] [enterUsername] - Entering new user's first name
[INFO ] 2023-04-26 14:45:22.184 [timesheets.TG_4290_TimesheetCreation] [enterUsername] - User's first name entered successfully
[INFO ] 2023-04-26 14:45:22.185 [timesheets.TG_4290_TimesheetCreation] [enterPassword] - Entering new user's last name
[INFO ] 2023-04-26 14:45:22.322 [timesheets.TG_4290_TimesheetCreation] [enterPassword] - User's last name entered successfully
[INFO ] 2023-04-26 14:45:22.323 [timesheets.TG_4290_TimesheetCreation] [clickLoginButton] - Clicking on Login Button
[INFO ] 2023-04-26 14:45:22.430 [timesheets.TG_4290_TimesheetCreation] [clickLoginButton] - Close Pop Up clicked successfully
[INFO ] 2023-04-26 14:45:52.869 [timesheets.TG_4290_TimesheetCreation] [clickAddNewEployeeButton] - Clicking on Add New Employee Button
[INFO ] 2023-04-26 14:45:53.556 [timesheets.TG_4290_TimesheetCreation] [clickAddNewEployeeButton] - Employee button clicked successfully
[INFO ] 2023-04-26 14:45:58.566 [timesheets.TG_4290_TimesheetCreation] [enterCompanyName] - Entering Company Name
[INFO ] 2023-04-26 14:45:58.917 [timesheets.TG_4290_TimesheetCreation] [enterCompanyName] - Company Name entered successfully
[INFO ] 2023-04-26 14:46:00.923 [timesheets.TG_4290_TimesheetCreation] [enterFirstName] - Entering First Name
[INFO ] 2023-04-26 14:46:01.046 [timesheets.TG_4290_TimesheetCreation] [enterFirstName] - First Name entered successfully
[INFO ] 2023-04-26 14:46:03.055 [timesheets.TG_4290_TimesheetCreation] [enterLastName] - Entering Last Name
[INFO ] 2023-04-26 14:46:03.269 [timesheets.TG_4290_TimesheetCreation] [enterLastName] - Last Name entered successfully
[INFO ] 2023-04-26 14:46:05.279 [timesheets.TG_4290_TimesheetCreation] [enterDateOfBirthField] - Entering date of birth
[INFO ] 2023-04-26 14:46:06.489 [timesheets.TG_4290_TimesheetCreation] [enterDateOfBirthField] - Date of birth entered successfully
[INFO ] 2023-04-26 14:46:08.495 [timesheets.TG_4290_TimesheetCreation] [enterEmail] - Entering email
[INFO ] 2023-04-26 14:46:08.766 [timesheets.TG_4290_TimesheetCreation] [enterEmail] - Email entered successfully
[INFO ] 2023-04-26 14:46:10.775 [timesheets.TG_4290_TimesheetCreation] [selectAddressTab] - Clicking Address Tab
[INFO ] 2023-04-26 14:46:12.965 [timesheets.TG_4290_TimesheetCreation] [selectAddressTab] - Address Tab clicked successfully
[INFO ] 2023-04-26 14:46:14.971 [timesheets.TG_4290_TimesheetCreation] [enterEmployeeAddressOnMaps] - Etering employee address on maps
[INFO ] 2023-04-26 14:46:16.268 [timesheets.TG_4290_TimesheetCreation] [enterEmployeeAddressOnMaps] - Employee entered successfully
[INFO ] 2023-04-26 14:46:18.276 [timesheets.TG_4290_TimesheetCreation] [clickSaveButton] - Clicking Save button
[INFO ] 2023-04-26 14:46:18.525 [timesheets.TG_4290_TimesheetCreation] [clickSaveButton] - Save button clicked successfully
[INFO ] 2023-04-26 14:46:58.540 [timesheets.TG_4290_TimesheetCreation] [getEmployeeNameFromEmaployeeDetailsPage] - Fetching employee Name
[INFO ] 2023-04-26 14:46:58.718 [timesheets.TG_4290_TimesheetCreation] [getEmployeeNameFromEmaployeeDetailsPage] - Employee Name fetched successfully
[INFO ] 2023-04-26 14:46:58.859 [timesheets.TG_4290_TimesheetCreation] [Tag_EndToEndFlowNewOrderHiring] - Started==Starting End To End Flow ClaimFromStaffing
[INFO ] 2023-04-26 14:46:58.859 [timesheets.TG_4290_TimesheetCreation] [ClaimOrderForStaffing] - Clicking Job orders menu present on the staffing homepage navigates to joborder listing form 
[INFO ] 2023-04-26 14:47:14.768 [timesheets.TG_4290_TimesheetCreation] [selectParticularJobOrderFromListingStaffing] - Selecting Particular Joborder on the listing
[INFO ] 2023-04-26 14:47:25.039 [timesheets.TG_4290_TimesheetCreation] [selectParticularJobOrderFromListingStaffing] - Particular Joborder on the listing selected successfully
[INFO ] 2023-04-26 14:47:25.040 [timesheets.TG_4290_TimesheetCreation] [ClaimOrderForStaffing] - Clicking on Claim order Button
[INFO ] 2023-04-26 14:47:36.878 [timesheets.TG_4290_TimesheetCreation] [ClaimOrderForStaffing] - Claim order button clicked successfully
[INFO ] 2023-04-26 14:47:36.879 [timesheets.TG_4290_TimesheetCreation] [ClaimOrderForStaffing] - Entering the No. of Employees Claim
[INFO ] 2023-04-26 14:47:42.169 [timesheets.TG_4290_TimesheetCreation] [ClaimOrderForStaffing] - No. of Employees Claim entered successfully
[INFO ] 2023-04-26 14:47:47.182 [timesheets.TG_4290_TimesheetCreation] [ClaimOrderForStaffing] - Entering the E-Signature
[INFO ] 2023-04-26 14:47:49.441 [timesheets.TG_4290_TimesheetCreation] [ClaimOrderForStaffing] - E-Signature entered successfully
[INFO ] 2023-04-26 14:47:49.442 [timesheets.TG_4290_TimesheetCreation] [ClaimOrderForStaffing] - Clicking on Agree to Contract Button
[INFO ] 2023-04-26 14:47:51.630 [timesheets.TG_4290_TimesheetCreation] [ClaimOrderForStaffing] - Agree to Contract Button clicked successfully
[INFO ] 2023-04-26 14:47:51.632 [timesheets.TG_4290_TimesheetCreation] [ClaimOrderForStaffing] - Clicking on Submit Claim Button
[INFO ] 2023-04-26 14:47:58.823 [timesheets.TG_4290_TimesheetCreation] [ClaimOrderForStaffing] - Submit Claim Button clicked successfully
[INFO ] 2023-04-26 14:48:42.955 [timesheets.TG_4290_TimesheetCreation] [Tag_EndToEndFlowNewOrderHiring] - Started==Starting End To End Flow ApproveHiring
[INFO ] 2023-04-26 14:48:50.549 [timesheets.TG_4290_TimesheetCreation] [enterUsername] - Entering new user's first name
[INFO ] 2023-04-26 14:48:50.880 [timesheets.TG_4290_TimesheetCreation] [enterUsername] - User's first name entered successfully
[INFO ] 2023-04-26 14:48:50.880 [timesheets.TG_4290_TimesheetCreation] [enterPassword] - Entering new user's last name
[INFO ] 2023-04-26 14:48:51.210 [timesheets.TG_4290_TimesheetCreation] [enterPassword] - User's last name entered successfully
[INFO ] 2023-04-26 14:48:51.212 [timesheets.TG_4290_TimesheetCreation] [clickLoginButton] - Clicking on Login Button
[INFO ] 2023-04-26 14:48:51.334 [timesheets.TG_4290_TimesheetCreation] [clickLoginButton] - Close Pop Up clicked successfully
[INFO ] 2023-04-26 14:48:51.335 [timesheets.TG_4290_TimesheetCreation] [ApproveClaimFromHiring] - Clicking Order menu present on the staffing homepage
[INFO ] 2023-04-26 14:49:01.835 [timesheets.TG_4290_TimesheetCreation] [ApproveClaimFromHiring] - Order menu present on the staffing hompage clicked successfully.
[INFO ] 2023-04-26 14:49:01.836 [timesheets.TG_4290_TimesheetCreation] [ApproveClaimFromHiring] - Clicking All orders menu present on the staffing homepage
[INFO ] 2023-04-26 14:49:16.070 [timesheets.TG_4290_TimesheetCreation] [ApproveClaimFromHiring] - Clicking on the claim button navigates to claim order form 
[INFO ] 2023-04-26 14:49:19.221 [timesheets.TG_4290_TimesheetCreation] [ApproveClaimFromHiring] - Clicking on the claim button navigates to claim order form successfully
[INFO ] 2023-04-26 14:49:19.221 [timesheets.TG_4290_TimesheetCreation] [ApproveClaimFromHiring] - Clicking the select head count button on the claim order form
[INFO ] 2023-04-26 14:49:20.268 [timesheets.TG_4290_TimesheetCreation] [ApproveClaimFromHiring] - Clicked the select head count button on the claim order form successfully
[INFO ] 2023-04-26 14:49:20.270 [timesheets.TG_4290_TimesheetCreation] [ApproveClaimFromHiring] - Entering Approve count should not be greater than Workerscount
[INFO ] 2023-04-26 14:49:26.890 [timesheets.TG_4290_TimesheetCreation] [ApproveClaimFromHiring] - Approve count is not more than the workers count
[INFO ] 2023-04-26 14:49:26.893 [timesheets.TG_4290_TimesheetCreation] [ApproveClaimFromHiring] - Clicking on modal submit Button
[INFO ] 2023-04-26 14:49:32.033 [timesheets.TG_4290_TimesheetCreation] [ApproveClaimFromHiring] - Modal submit button clicked successfully
[INFO ] 2023-04-26 14:49:44.675 [timesheets.TG_4290_TimesheetCreation] [Tag_EndToEndFlowNewOrderHiring] - Started==Starting End To End Flow AssignEmployee
[INFO ] 2023-04-26 14:49:50.423 [timesheets.TG_4290_TimesheetCreation] [enterUsername] - Entering new user's first name
[INFO ] 2023-04-26 14:49:50.576 [timesheets.TG_4290_TimesheetCreation] [enterUsername] - User's first name entered successfully
[INFO ] 2023-04-26 14:49:50.577 [timesheets.TG_4290_TimesheetCreation] [enterPassword] - Entering new user's last name
[INFO ] 2023-04-26 14:49:50.771 [timesheets.TG_4290_TimesheetCreation] [enterPassword] - User's last name entered successfully
[INFO ] 2023-04-26 14:49:50.773 [timesheets.TG_4290_TimesheetCreation] [clickLoginButton] - Clicking on Login Button
[INFO ] 2023-04-26 14:49:50.978 [timesheets.TG_4290_TimesheetCreation] [clickLoginButton] - Close Pop Up clicked successfully
[INFO ] 2023-04-26 14:49:50.980 [timesheets.TG_4290_TimesheetCreation] [AssignEmployee] - Clicking Order menu present on the staffing homepage
[INFO ] 2023-04-26 14:50:04.412 [timesheets.TG_4290_TimesheetCreation] [AssignEmployee] - Order menu present on the staffing hompage clicked successfully.
[INFO ] 2023-04-26 14:50:04.415 [timesheets.TG_4290_TimesheetCreation] [AssignEmployee] - Clicking All orders menu present on the staffing homepage
[INFO ] 2023-04-26 14:50:08.207 [timesheets.TG_4290_TimesheetCreation] [AssignEmployee] - All orders menu present on the staffing hompage clicked successfully.
[INFO ] 2023-04-26 14:50:15.218 [timesheets.TG_4290_TimesheetCreation] [selectParticularJobOrderFromListingStaffing] - Selecting Particular Joborder on the listing
[INFO ] 2023-04-26 14:50:25.423 [timesheets.TG_4290_TimesheetCreation] [selectParticularJobOrderFromListingStaffing] - Particular Joborder on the listing selected successfully
[INFO ] 2023-04-26 14:50:25.424 [timesheets.TG_4290_TimesheetCreation] [AssignEmployee] - Clicking Assign employees under the related section
[INFO ] 2023-04-26 14:50:34.090 [timesheets.TG_4290_TimesheetCreation] [AssignEmployee] - Clicked assign employees on job order form successfully
[INFO ] 2023-04-26 14:50:34.093 [timesheets.TG_4290_TimesheetCreation] [AssignEmployee] - Entering Distance radius in new Assign Employee form 
[INFO ] 2023-04-26 14:50:34.332 [timesheets.TG_4290_TimesheetCreation] [AssignEmployee] - Distance radius in new Assign Employee form entered successfully
[INFO ] 2023-04-26 14:50:34.333 [timesheets.TG_4290_TimesheetCreation] [AssignEmployee] - Clicking CheckBox ShowAllEmployees
[INFO ] 2023-04-26 14:50:36.469 [timesheets.TG_4290_TimesheetCreation] [AssignEmployee] -  ShowAllEmployees CheckBox clicked successfully
[INFO ] 2023-04-26 14:50:36.469 [timesheets.TG_4290_TimesheetCreation] [AssignEmployee] - Clicking AddRow in new Assign Employee form 
[INFO ] 2023-04-26 14:50:43.795 [timesheets.TG_4290_TimesheetCreation] [AssignEmployee] - AddRow button in new Assign Employee form clicked successfully
[INFO ] 2023-04-26 14:50:43.798 [timesheets.TG_4290_TimesheetCreation] [AssignEmployee] - Clicking edit button on the form under the EmployeeDetails
[INFO ] 2023-04-26 14:50:44.010 [timesheets.TG_4290_TimesheetCreation] [AssignEmployee] - Clicked edit button on the form under the EmployeeDetails successfully
[INFO ] 2023-04-26 14:50:44.294 [timesheets.TG_4290_TimesheetCreation] [AssignEmployee] - employeeId in new Assign Employee form entered successfully
[INFO ] 2023-04-26 14:50:44.296 [timesheets.TG_4290_TimesheetCreation] [AssignEmployee] - Clicking Searched Employee
[INFO ] 2023-04-26 14:50:49.306 [timesheets.TG_4290_TimesheetCreation] [clickSearchedEmployee] - Clicking Searched Employee
[INFO ] 2023-04-26 14:50:49.475 [timesheets.TG_4290_TimesheetCreation] [clickSearchedEmployee] - Searched Employee clicked Successfully
[INFO ] 2023-04-26 14:50:49.475 [timesheets.TG_4290_TimesheetCreation] [AssignEmployee] - Searched Employee Clicked Successfully
[INFO ] 2023-04-26 14:50:49.476 [timesheets.TG_4290_TimesheetCreation] [AssignEmployee] - Clicking Dropdown arrow in the modal
[INFO ] 2023-04-26 14:50:49.652 [timesheets.TG_4290_TimesheetCreation] [AssignEmployee] - Clicked Dropdown arrow in the modal successfully
[INFO ] 2023-04-26 14:50:51.661 [timesheets.TG_4290_TimesheetCreation] [AssignEmployee] - Clicking save new Assign Employee form
[INFO ] 2023-04-26 14:50:55.884 [timesheets.TG_4290_TimesheetCreation] [AssignEmployee] - save button in new Assign Employee form clicked successfully
[INFO ] 2023-04-26 14:52:43.253 [timesheets.TG_4290_TimesheetCreation] [Tag_EndToEndFlowNewOrderHiring] - Started==Verifying Hiring Admin Able To View Employees Have Been Assigned Please Submit Their Timesheets
[INFO ] 2023-04-26 14:52:48.999 [timesheets.TG_4290_TimesheetCreation] [enterUsername] - Entering new user's first name
[INFO ] 2023-04-26 14:52:49.128 [timesheets.TG_4290_TimesheetCreation] [enterUsername] - User's first name entered successfully
[INFO ] 2023-04-26 14:52:49.129 [timesheets.TG_4290_TimesheetCreation] [enterPassword] - Entering new user's last name
[INFO ] 2023-04-26 14:52:49.296 [timesheets.TG_4290_TimesheetCreation] [enterPassword] - User's last name entered successfully
[INFO ] 2023-04-26 14:52:49.297 [timesheets.TG_4290_TimesheetCreation] [clickLoginButton] - Clicking on Login Button
[INFO ] 2023-04-26 14:52:49.416 [timesheets.TG_4290_TimesheetCreation] [clickLoginButton] - Close Pop Up clicked successfully
[INFO ] 2023-04-26 14:52:52.436 [timesheets.TG_4290_TimesheetCreation] [clickOrderOption] - Clicking on  order Button
[INFO ] 2023-04-26 14:52:56.676 [timesheets.TG_4290_TimesheetCreation] [clickOrderOption] -  Order Button clicked successfully
[INFO ] 2023-04-26 14:53:14.944 [timesheets.TG_4290_TimesheetCreation] [verifyPleaseReviewTimesheetMessage] - Check for 'submit their timesheets' message Displayed
[INFO ] 2023-04-26 14:53:15.091 [timesheets.TG_4290_TimesheetCreation] [verifyPleaseReviewTimesheetMessage] - Message displayed successfully
[INFO ] 2023-04-26 14:53:15.130 [timesheets.TG_4290_TimesheetCreation] [Tag_EndToEndFlowNewOrderHiring] - Started==Verifying Add Edit Timesheet Button Visible On Clicking On Timesheet
[INFO ] 2023-04-26 14:53:15.131 [timesheets.TG_4290_TimesheetCreation] [ClickingOnTimesheet] - Verifying Add Edit Timesheet Button Visible On Clicking On Timesheet
[INFO ] 2023-04-26 14:53:20.254 [timesheets.TG_4290_TimesheetCreation] [clickaddEditButton] - Clicking on addEditButton 
[INFO ] 2023-04-26 14:53:22.432 [timesheets.TG_4290_TimesheetCreation] [clickaddEditButton] - AddEditButton Clicked Successfully 
[INFO ] 2023-04-26 14:53:22.433 [timesheets.TG_4290_TimesheetCreation] [Tag_EndToEndFlowNewOrderHiring] - Started==Verifying Navigated To Add Timesheet Form By Clicking On Add Edit Timesheet Button On Clicking On Timesheet
[INFO ] 2023-04-26 14:53:22.434 [timesheets.TG_4290_TimesheetCreation] [verifyNavigatedToAddTimesheetFormByClickingOnAddEditTimesheetButtonOnClickingOnTimesheet] - Verifying Navigated To Add Timesheet Form By Clicking On Add Edit Timesheet Button On Clicking On Timesheet
[INFO ] 2023-04-26 14:53:25.517 [timesheets.TG_4290_TimesheetCreation] [verifyNavigatedToAddTimesheetFormByClickingOnAddEditTimesheetButtonOnClickingOnTimesheet] - Verify Navigated To Add Timesheet Form By Clicking On Add Edit Timesheet Button On Clicking On Timesheet successfully
[INFO ] 2023-04-26 14:53:28.525 [timesheets.TG_4290_TimesheetCreation] [Tag_EndToEndFlowNewOrderHiring] - Started==Verifying Timesheet Detail Should Get Auto-Fetched
[INFO ] 2023-04-26 14:53:28.528 [timesheets.TG_4290_TimesheetCreation] [verifyTimesheetDetailShouldGetAutoFetched] - Verifying Timesheet Detail Should Get Auto-Fetched
[INFO ] 2023-04-26 14:53:31.587 [timesheets.TG_4290_TimesheetCreation] [verifyTimesheetDetailShouldGetAutoFetched] - Verify Timesheet Detail Should Get Auto-Fetched successfully
[INFO ] 2023-04-26 14:53:31.589 [timesheets.TG_4290_TimesheetCreation] [Tag_EndToEndFlowNewOrderHiring] - Started==Verifying Hiring Role Should Not Able To Select Future Date And Gets Popup
[INFO ] 2023-04-26 14:53:34.603 [timesheets.TG_4290_TimesheetCreation] [enterDate] - Verify Future date 
[INFO ] 2023-04-26 14:53:40.371 [timesheets.TG_4290_TimesheetCreation] [enterDate] - Verify Future date successfully
[INFO ] 2023-04-26 14:53:43.384 [timesheets.TG_4290_TimesheetCreation] [verifyHiringRoleShouldNotAbleToSelectFutureDateAndGetsPopup] - Verifying Hiring Role Should Not Able To Select Future Date And Gets Popup
[INFO ] 2023-04-26 14:53:43.530 [timesheets.TG_4290_TimesheetCreation] [verifyHiringRoleShouldNotAbleToSelectFutureDateAndGetsPopup] - Verify Hiring Role Should Not Able To Select Future Date And Gets Popup successfully 
[INFO ] 2023-04-26 14:53:48.547 [timesheets.TG_4290_TimesheetCreation] [closeBlankMandatoryFieldDialogBox] - closing Future Date DialogBox
[INFO ] 2023-04-26 14:53:48.859 [timesheets.TG_4290_TimesheetCreation] [closeBlankMandatoryFieldDialogBox] - Future Date DialogBox close Successfully
[INFO ] 2023-04-26 14:53:48.861 [timesheets.TG_4290_TimesheetCreation] [Tag_EndToEndFlowNewOrderHiring] - Started==Verifying Hiring Role Should Able To Select Date As Current Day
[INFO ] 2023-04-26 14:53:48.861 [timesheets.TG_4290_TimesheetCreation] [verifyHiringRoleShouldAbleToSelectDateAsCurrentDay] - Entering current date in Timesheet
[INFO ] 2023-04-26 14:53:56.455 [timesheets.TG_4290_TimesheetCreation] [verifyHiringRoleShouldAbleToSelectDateAsCurrentDay] - Entered current date in Timesheet successfully
[INFO ] 2023-04-26 14:53:59.467 [timesheets.TG_4290_TimesheetCreation] [enterStartTime] - Verify Start Time 
[INFO ] 2023-04-26 14:53:59.925 [timesheets.TG_4290_TimesheetCreation] [enterStartTime] - Verify Start Time Field successfully
[INFO ] 2023-04-26 14:54:02.934 [timesheets.TG_4290_TimesheetCreation] [enterEndTime] - Verify End Time 
[INFO ] 2023-04-26 14:54:03.479 [timesheets.TG_4290_TimesheetCreation] [enterEndTime] - Verify End Time Field successfully
[INFO ] 2023-04-26 14:54:03.481 [timesheets.TG_4290_TimesheetCreation] [Tag_EndToEndFlowNewOrderHiring] - Started==Verifying User Should Able To Select From Time And To Time Successfully And Total Hours Should Get Calculate
[INFO ] 2023-04-26 14:54:05.489 [timesheets.TG_4290_TimesheetCreation] [verifyUserShouldAbleToSelectFromTimeAndToTimeSuccessfullyAndTotalHoursShouldGetCalculate] - Verify User Should Able To Select From Time And To Time Successfully And Total Hours Should Get Calculate
[INFO ] 2023-04-26 14:54:08.598 [timesheets.TG_4290_TimesheetCreation] [verifyUserShouldAbleToSelectFromTimeAndToTimeSuccessfullyAndTotalHoursShouldGetCalculate] - Verify User Should Able To Select From Time And To Time Successfully And Total Hours Should Get Calculate successfully
[INFO ] 2023-04-26 14:54:08.599 [timesheets.TG_4290_TimesheetCreation] [Tag_EndToEndFlowNewOrderHiring] - Started==Verifying Selecting Valid Date Employees Details Should Get Fetched Automatically
[INFO ] 2023-04-26 14:54:11.607 [timesheets.TG_4290_TimesheetCreation] [verifyEmployeesDetailsShouldGetFetchedAutomatically] - Verify Employees Details Should Get Fetched Automatically
[INFO ] 2023-04-26 14:54:11.672 [timesheets.TG_4290_TimesheetCreation] [verifyEmployeesDetailsShouldGetFetchedAutomatically] - Verify Employees Details Should Get Fetched Automatically successfully
[INFO ] 2023-04-26 14:54:11.672 [timesheets.TG_4290_TimesheetCreation] [Tag_EndToEndFlowNewOrderHiring] - Started==Verifying Selecting Valid Date Employees Details Should Get Fetched Automatically
[INFO ] 2023-04-26 14:54:13.679 [timesheets.TG_4290_TimesheetCreation] [verifyUserShouldAableViewPopupTimesheetAddedSuccessfully] - Submitting Timesheet 
[INFO ] 2023-04-26 14:54:15.852 [timesheets.TG_4290_TimesheetCreation] [verifyUserShouldAableViewPopupTimesheetAddedSuccessfully] -  Timesheet Submit successfully
[INFO ] 2023-04-26 14:54:15.853 [timesheets.TG_4290_TimesheetCreation] [verifyUserShouldAableViewPopupTimesheetAddedSuccessfully] - Verify Pop-up for Timesheet Added Successfullysuccessfully 
[DEBUG] 2023-04-26 14:55:10.378 [freemarker.cache] [debug] - Couldn't find template in cache for "spark/spark.spa.ftl"("en_IN", UTF-8, parsed); will try to load it.
[DEBUG] 2023-04-26 14:55:10.385 [freemarker.cache] [debug] - TemplateLoader.findTemplateSource("spark/spark.spa_en_IN.ftl"): Not found
[DEBUG] 2023-04-26 14:55:10.386 [freemarker.cache] [debug] - TemplateLoader.findTemplateSource("spark/spark.spa_en.ftl"): Not found
[DEBUG] 2023-04-26 14:55:10.387 [freemarker.cache] [debug] - TemplateLoader.findTemplateSource("spark/spark.spa.ftl"): Found
[DEBUG] 2023-04-26 14:55:10.387 [freemarker.cache] [debug] - Loading template for "spark/spark.spa.ftl"("en_IN", UTF-8, parsed) from "jar:file:/Users/amandeep.singh/.m2/repository/com/aventstack/extentreports/5.0.7/extentreports-5.0.7.jar!/com/aventstack/extentreports/templates/spark/spark.spa.ftl"
[DEBUG] 2023-04-26 14:55:10.431 [freemarker.cache] [debug] - Couldn't find template in cache for "commons/commons-variables.ftl"("en_IN", UTF-8, parsed); will try to load it.
[DEBUG] 2023-04-26 14:55:10.432 [freemarker.cache] [debug] - TemplateLoader.findTemplateSource("commons/commons-variables_en_IN.ftl"): Not found
[DEBUG] 2023-04-26 14:55:10.433 [freemarker.cache] [debug] - TemplateLoader.findTemplateSource("commons/commons-variables_en.ftl"): Not found
[DEBUG] 2023-04-26 14:55:10.434 [freemarker.cache] [debug] - TemplateLoader.findTemplateSource("commons/commons-variables.ftl"): Found
[DEBUG] 2023-04-26 14:55:10.434 [freemarker.cache] [debug] - Loading template for "commons/commons-variables.ftl"("en_IN", UTF-8, parsed) from "jar:file:/Users/amandeep.singh/.m2/repository/com/aventstack/extentreports/5.0.7/extentreports-5.0.7.jar!/com/aventstack/extentreports/templates/commons/commons-variables.ftl"
[DEBUG] 2023-04-26 14:55:10.545 [freemarker.cache] [debug] - Couldn't find template in cache for "commons/commons-macros.ftl"("en_IN", UTF-8, parsed); will try to load it.
[DEBUG] 2023-04-26 14:55:10.546 [freemarker.cache] [debug] - TemplateLoader.findTemplateSource("commons/commons-macros_en_IN.ftl"): Not found
[DEBUG] 2023-04-26 14:55:10.547 [freemarker.cache] [debug] - TemplateLoader.findTemplateSource("commons/commons-macros_en.ftl"): Not found
[DEBUG] 2023-04-26 14:55:10.548 [freemarker.cache] [debug] - TemplateLoader.findTemplateSource("commons/commons-macros.ftl"): Found
[DEBUG] 2023-04-26 14:55:10.548 [freemarker.cache] [debug] - Loading template for "commons/commons-macros.ftl"("en_IN", UTF-8, parsed) from "jar:file:/Users/amandeep.singh/.m2/repository/com/aventstack/extentreports/5.0.7/extentreports-5.0.7.jar!/com/aventstack/extentreports/templates/commons/commons-macros.ftl"
[DEBUG] 2023-04-26 14:55:10.559 [freemarker.cache] [debug] - Couldn't find template in cache for "spark/macros/attributes.ftl"("en_IN", UTF-8, parsed); will try to load it.
[DEBUG] 2023-04-26 14:55:10.562 [freemarker.cache] [debug] - TemplateLoader.findTemplateSource("spark/macros/attributes_en_IN.ftl"): Not found
[DEBUG] 2023-04-26 14:55:10.563 [freemarker.cache] [debug] - TemplateLoader.findTemplateSource("spark/macros/attributes_en.ftl"): Not found
[DEBUG] 2023-04-26 14:55:10.564 [freemarker.cache] [debug] - TemplateLoader.findTemplateSource("spark/macros/attributes.ftl"): Found
[DEBUG] 2023-04-26 14:55:10.564 [freemarker.cache] [debug] - Loading template for "spark/macros/attributes.ftl"("en_IN", UTF-8, parsed) from "jar:file:/Users/amandeep.singh/.m2/repository/com/aventstack/extentreports/5.0.7/extentreports-5.0.7.jar!/com/aventstack/extentreports/templates/spark/macros/attributes.ftl"
[DEBUG] 2023-04-26 14:55:10.567 [freemarker.cache] [debug] - Couldn't find template in cache for "spark/macros/log.ftl"("en_IN", UTF-8, parsed); will try to load it.
[DEBUG] 2023-04-26 14:55:10.568 [freemarker.cache] [debug] - TemplateLoader.findTemplateSource("spark/macros/log_en_IN.ftl"): Not found
[DEBUG] 2023-04-26 14:55:10.568 [freemarker.cache] [debug] - TemplateLoader.findTemplateSource("spark/macros/log_en.ftl"): Not found
[DEBUG] 2023-04-26 14:55:10.569 [freemarker.cache] [debug] - TemplateLoader.findTemplateSource("spark/macros/log.ftl"): Found
[DEBUG] 2023-04-26 14:55:10.569 [freemarker.cache] [debug] - Loading template for "spark/macros/log.ftl"("en_IN", UTF-8, parsed) from "jar:file:/Users/amandeep.singh/.m2/repository/com/aventstack/extentreports/5.0.7/extentreports-5.0.7.jar!/com/aventstack/extentreports/templates/spark/macros/log.ftl"
[DEBUG] 2023-04-26 14:55:10.574 [freemarker.cache] [debug] - Couldn't find template in cache for "spark/macros/recurse_nodes.ftl"("en_IN", UTF-8, parsed); will try to load it.
[DEBUG] 2023-04-26 14:55:10.574 [freemarker.cache] [debug] - TemplateLoader.findTemplateSource("spark/macros/recurse_nodes_en_IN.ftl"): Not found
[DEBUG] 2023-04-26 14:55:10.574 [freemarker.cache] [debug] - TemplateLoader.findTemplateSource("spark/macros/recurse_nodes_en.ftl"): Not found
[DEBUG] 2023-04-26 14:55:10.575 [freemarker.cache] [debug] - TemplateLoader.findTemplateSource("spark/macros/recurse_nodes.ftl"): Found
[DEBUG] 2023-04-26 14:55:10.575 [freemarker.cache] [debug] - Loading template for "spark/macros/recurse_nodes.ftl"("en_IN", UTF-8, parsed) from "jar:file:/Users/amandeep.singh/.m2/repository/com/aventstack/extentreports/5.0.7/extentreports-5.0.7.jar!/com/aventstack/extentreports/templates/spark/macros/recurse_nodes.ftl"
[DEBUG] 2023-04-26 14:55:10.588 [freemarker.cache] [debug] - "spark/macros/log.ftl"("en_IN", UTF-8, parsed) cached copy not yet stale; using cached.
[DEBUG] 2023-04-26 14:55:10.588 [freemarker.cache] [debug] - Couldn't find template in cache for "spark/macros/attr-common.ftl"("en_IN", UTF-8, parsed); will try to load it.
[DEBUG] 2023-04-26 14:55:10.588 [freemarker.cache] [debug] - TemplateLoader.findTemplateSource("spark/macros/attr-common_en_IN.ftl"): Not found
[DEBUG] 2023-04-26 14:55:10.589 [freemarker.cache] [debug] - TemplateLoader.findTemplateSource("spark/macros/attr-common_en.ftl"): Not found
[DEBUG] 2023-04-26 14:55:10.589 [freemarker.cache] [debug] - TemplateLoader.findTemplateSource("spark/macros/attr-common.ftl"): Found
[DEBUG] 2023-04-26 14:55:10.589 [freemarker.cache] [debug] - Loading template for "spark/macros/attr-common.ftl"("en_IN", UTF-8, parsed) from "jar:file:/Users/amandeep.singh/.m2/repository/com/aventstack/extentreports/5.0.7/extentreports-5.0.7.jar!/com/aventstack/extentreports/templates/spark/macros/attr-common.ftl"
[DEBUG] 2023-04-26 14:55:10.600 [freemarker.cache] [debug] - Couldn't find template in cache for "spark/partials/head.ftl"("en_IN", UTF-8, parsed); will try to load it.
[DEBUG] 2023-04-26 14:55:10.601 [freemarker.cache] [debug] - TemplateLoader.findTemplateSource("spark/partials/head_en_IN.ftl"): Not found
[DEBUG] 2023-04-26 14:55:10.601 [freemarker.cache] [debug] - TemplateLoader.findTemplateSource("spark/partials/head_en.ftl"): Not found
[DEBUG] 2023-04-26 14:55:10.601 [freemarker.cache] [debug] - TemplateLoader.findTemplateSource("spark/partials/head.ftl"): Found
[DEBUG] 2023-04-26 14:55:10.601 [freemarker.cache] [debug] - Loading template for "spark/partials/head.ftl"("en_IN", UTF-8, parsed) from "jar:file:/Users/amandeep.singh/.m2/repository/com/aventstack/extentreports/5.0.7/extentreports-5.0.7.jar!/com/aventstack/extentreports/templates/spark/partials/head.ftl"
[DEBUG] 2023-04-26 14:55:10.605 [freemarker.cache] [debug] - Couldn't find template in cache for "commons/commons-inject-css.ftl"("en_IN", UTF-8, parsed); will try to load it.
[DEBUG] 2023-04-26 14:55:10.605 [freemarker.cache] [debug] - TemplateLoader.findTemplateSource("commons/commons-inject-css_en_IN.ftl"): Not found
[DEBUG] 2023-04-26 14:55:10.606 [freemarker.cache] [debug] - TemplateLoader.findTemplateSource("commons/commons-inject-css_en.ftl"): Not found
[DEBUG] 2023-04-26 14:55:10.606 [freemarker.cache] [debug] - TemplateLoader.findTemplateSource("commons/commons-inject-css.ftl"): Found
[DEBUG] 2023-04-26 14:55:10.606 [freemarker.cache] [debug] - Loading template for "commons/commons-inject-css.ftl"("en_IN", UTF-8, parsed) from "jar:file:/Users/amandeep.singh/.m2/repository/com/aventstack/extentreports/5.0.7/extentreports-5.0.7.jar!/com/aventstack/extentreports/templates/commons/commons-inject-css.ftl"
[DEBUG] 2023-04-26 14:55:10.607 [freemarker.cache] [debug] - Couldn't find template in cache for "spark/partials/navbar.ftl"("en_IN", UTF-8, parsed); will try to load it.
[DEBUG] 2023-04-26 14:55:10.607 [freemarker.cache] [debug] - TemplateLoader.findTemplateSource("spark/partials/navbar_en_IN.ftl"): Not found
[DEBUG] 2023-04-26 14:55:10.607 [freemarker.cache] [debug] - TemplateLoader.findTemplateSource("spark/partials/navbar_en.ftl"): Not found
[DEBUG] 2023-04-26 14:55:10.608 [freemarker.cache] [debug] - TemplateLoader.findTemplateSource("spark/partials/navbar.ftl"): Found
[DEBUG] 2023-04-26 14:55:10.608 [freemarker.cache] [debug] - Loading template for "spark/partials/navbar.ftl"("en_IN", UTF-8, parsed) from "jar:file:/Users/amandeep.singh/.m2/repository/com/aventstack/extentreports/5.0.7/extentreports-5.0.7.jar!/com/aventstack/extentreports/templates/spark/partials/navbar.ftl"
[DEBUG] 2023-04-26 14:55:10.613 [freemarker.cache] [debug] - Couldn't find template in cache for "spark/partials/sidenav.ftl"("en_IN", UTF-8, parsed); will try to load it.
[DEBUG] 2023-04-26 14:55:10.613 [freemarker.cache] [debug] - TemplateLoader.findTemplateSource("spark/partials/sidenav_en_IN.ftl"): Not found
[DEBUG] 2023-04-26 14:55:10.613 [freemarker.cache] [debug] - TemplateLoader.findTemplateSource("spark/partials/sidenav_en.ftl"): Not found
[DEBUG] 2023-04-26 14:55:10.614 [freemarker.cache] [debug] - TemplateLoader.findTemplateSource("spark/partials/sidenav.ftl"): Found
[DEBUG] 2023-04-26 14:55:10.614 [freemarker.cache] [debug] - Loading template for "spark/partials/sidenav.ftl"("en_IN", UTF-8, parsed) from "jar:file:/Users/amandeep.singh/.m2/repository/com/aventstack/extentreports/5.0.7/extentreports-5.0.7.jar!/com/aventstack/extentreports/templates/spark/partials/sidenav.ftl"
[DEBUG] 2023-04-26 14:55:10.628 [freemarker.cache] [debug] - Couldn't find template in cache for "spark/partials/dashboard.ftl"("en_IN", UTF-8, parsed); will try to load it.
[DEBUG] 2023-04-26 14:55:10.629 [freemarker.cache] [debug] - TemplateLoader.findTemplateSource("spark/partials/dashboard_en_IN.ftl"): Not found
[DEBUG] 2023-04-26 14:55:10.630 [freemarker.cache] [debug] - TemplateLoader.findTemplateSource("spark/partials/dashboard_en.ftl"): Not found
[DEBUG] 2023-04-26 14:55:10.630 [freemarker.cache] [debug] - TemplateLoader.findTemplateSource("spark/partials/dashboard.ftl"): Found
[DEBUG] 2023-04-26 14:55:10.630 [freemarker.cache] [debug] - Loading template for "spark/partials/dashboard.ftl"("en_IN", UTF-8, parsed) from "jar:file:/Users/amandeep.singh/.m2/repository/com/aventstack/extentreports/5.0.7/extentreports-5.0.7.jar!/com/aventstack/extentreports/templates/spark/partials/dashboard.ftl"
[DEBUG] 2023-04-26 14:55:10.708 [freemarker.cache] [debug] - Couldn't find template in cache for "spark/partials/category.ftl"("en_IN", UTF-8, parsed); will try to load it.
[DEBUG] 2023-04-26 14:55:10.709 [freemarker.cache] [debug] - TemplateLoader.findTemplateSource("spark/partials/category_en_IN.ftl"): Not found
[DEBUG] 2023-04-26 14:55:10.709 [freemarker.cache] [debug] - TemplateLoader.findTemplateSource("spark/partials/category_en.ftl"): Not found
[DEBUG] 2023-04-26 14:55:10.710 [freemarker.cache] [debug] - TemplateLoader.findTemplateSource("spark/partials/category.ftl"): Found
[DEBUG] 2023-04-26 14:55:10.710 [freemarker.cache] [debug] - Loading template for "spark/partials/category.ftl"("en_IN", UTF-8, parsed) from "jar:file:/Users/amandeep.singh/.m2/repository/com/aventstack/extentreports/5.0.7/extentreports-5.0.7.jar!/com/aventstack/extentreports/templates/spark/partials/category.ftl"
[DEBUG] 2023-04-26 14:55:10.721 [freemarker.cache] [debug] - Couldn't find template in cache for "spark/partials/test.ftl"("en_IN", UTF-8, parsed); will try to load it.
[DEBUG] 2023-04-26 14:55:10.721 [freemarker.cache] [debug] - TemplateLoader.findTemplateSource("spark/partials/test_en_IN.ftl"): Not found
[DEBUG] 2023-04-26 14:55:10.722 [freemarker.cache] [debug] - TemplateLoader.findTemplateSource("spark/partials/test_en.ftl"): Not found
[DEBUG] 2023-04-26 14:55:10.722 [freemarker.cache] [debug] - TemplateLoader.findTemplateSource("spark/partials/test.ftl"): Found
[DEBUG] 2023-04-26 14:55:10.722 [freemarker.cache] [debug] - Loading template for "spark/partials/test.ftl"("en_IN", UTF-8, parsed) from "jar:file:/Users/amandeep.singh/.m2/repository/com/aventstack/extentreports/5.0.7/extentreports-5.0.7.jar!/com/aventstack/extentreports/templates/spark/partials/test.ftl"
[DEBUG] 2023-04-26 14:55:10.736 [freemarker.cache] [debug] - Couldn't find template in cache for "spark/partials/standard-content.ftl"("en_IN", UTF-8, parsed); will try to load it.
[DEBUG] 2023-04-26 14:55:10.737 [freemarker.cache] [debug] - TemplateLoader.findTemplateSource("spark/partials/standard-content_en_IN.ftl"): Not found
[DEBUG] 2023-04-26 14:55:10.737 [freemarker.cache] [debug] - TemplateLoader.findTemplateSource("spark/partials/standard-content_en.ftl"): Not found
[DEBUG] 2023-04-26 14:55:10.737 [freemarker.cache] [debug] - TemplateLoader.findTemplateSource("spark/partials/standard-content.ftl"): Found
[DEBUG] 2023-04-26 14:55:10.737 [freemarker.cache] [debug] - Loading template for "spark/partials/standard-content.ftl"("en_IN", UTF-8, parsed) from "jar:file:/Users/amandeep.singh/.m2/repository/com/aventstack/extentreports/5.0.7/extentreports-5.0.7.jar!/com/aventstack/extentreports/templates/spark/partials/standard-content.ftl"
[DEBUG] 2023-04-26 14:55:10.762 [freemarker.cache] [debug] - Couldn't find template in cache for "spark/partials/scripts.ftl"("en_IN", UTF-8, parsed); will try to load it.
[DEBUG] 2023-04-26 14:55:10.762 [freemarker.cache] [debug] - TemplateLoader.findTemplateSource("spark/partials/scripts_en_IN.ftl"): Not found
[DEBUG] 2023-04-26 14:55:10.763 [freemarker.cache] [debug] - TemplateLoader.findTemplateSource("spark/partials/scripts_en.ftl"): Not found
[DEBUG] 2023-04-26 14:55:10.763 [freemarker.cache] [debug] - TemplateLoader.findTemplateSource("spark/partials/scripts.ftl"): Found
[DEBUG] 2023-04-26 14:55:10.763 [freemarker.cache] [debug] - Loading template for "spark/partials/scripts.ftl"("en_IN", UTF-8, parsed) from "jar:file:/Users/amandeep.singh/.m2/repository/com/aventstack/extentreports/5.0.7/extentreports-5.0.7.jar!/com/aventstack/extentreports/templates/spark/partials/scripts.ftl"
[DEBUG] 2023-04-26 14:55:10.764 [freemarker.cache] [debug] - Couldn't find template in cache for "commons/commons-inject-js.ftl"("en_IN", UTF-8, parsed); will try to load it.
[DEBUG] 2023-04-26 14:55:10.765 [freemarker.cache] [debug] - TemplateLoader.findTemplateSource("commons/commons-inject-js_en_IN.ftl"): Not found
[DEBUG] 2023-04-26 14:55:10.765 [freemarker.cache] [debug] - TemplateLoader.findTemplateSource("commons/commons-inject-js_en.ftl"): Not found
[DEBUG] 2023-04-26 14:55:10.766 [freemarker.cache] [debug] - TemplateLoader.findTemplateSource("commons/commons-inject-js.ftl"): Found
[DEBUG] 2023-04-26 14:55:10.766 [freemarker.cache] [debug] - Loading template for "commons/commons-inject-js.ftl"("en_IN", UTF-8, parsed) from "jar:file:/Users/amandeep.singh/.m2/repository/com/aventstack/extentreports/5.0.7/extentreports-5.0.7.jar!/com/aventstack/extentreports/templates/commons/commons-inject-js.ftl"
