[INFO ] 2023-02-26 19:52:41.965 [directOrder.TG_5802_DirectOrderPartialClaim] [enterUsername] - Entering new user's first name
[INFO ] 2023-02-26 19:52:43.589 [directOrder.TG_5802_DirectOrderPartialClaim] [enterUsername] - User's first name entered successfully
[INFO ] 2023-02-26 19:52:43.589 [directOrder.TG_5802_DirectOrderPartialClaim] [enterPassword] - Entering new user's last name
[INFO ] 2023-02-26 19:52:43.801 [directOrder.TG_5802_DirectOrderPartialClaim] [enterPassword] - User's last name entered successfully
[INFO ] 2023-02-26 19:52:43.802 [directOrder.TG_5802_DirectOrderPartialClaim] [clickLoginButton] - Clicking on Login Button
[INFO ] 2023-02-26 19:52:44.241 [directOrder.TG_5802_DirectOrderPartialClaim] [clickLoginButton] - Close Pop Up clicked successfully
[INFO ] 2023-02-26 19:52:44.242 [directOrder.TG_5802_DirectOrderPartialClaim] [clickStaffingCompanies] - Clicking on Staffing Companies Button
[INFO ] 2023-02-26 19:52:59.884 [directOrder.TG_5802_DirectOrderPartialClaim] [clickStaffingCompanies] - Staffing Companies Button clicked successfully
[INFO ] 2023-02-26 19:52:59.887 [directOrder.TG_5802_DirectOrderPartialClaim] [verifyStaffingCompanyList] - Verify Staffing Company List is displayed
[INFO ] 2023-02-26 19:53:00.655 [directOrder.TG_5802_DirectOrderPartialClaim] [verifyStaffingCompanyList] - Staffing Company List displayed successfully
[INFO ] 2023-02-26 19:53:00.656 [directOrder.TG_5802_DirectOrderPartialClaim] [clickDistanceFilter] - Clicking on Deny Button
[INFO ] 2023-02-26 19:53:01.215 [directOrder.TG_5802_DirectOrderPartialClaim] [clickDistanceFilter] - Deny Button clicked successfully
[INFO ] 2023-02-26 19:53:04.224 [directOrder.TG_5802_DirectOrderPartialClaim] [clickClearFilter] - Clicking on Deny Button
[INFO ] 2023-02-26 19:53:04.527 [directOrder.TG_5802_DirectOrderPartialClaim] [clickClearFilter] - Deny Button clicked successfully
[INFO ] 2023-02-26 19:53:15.534 [directOrder.TG_5802_DirectOrderPartialClaim] [clickHundredFilter] - Clicking on 100 records button
[INFO ] 2023-02-26 19:53:15.739 [directOrder.TG_5802_DirectOrderPartialClaim] [clickHundredFilter] - 100 records button clicked Successfully
[INFO ] 2023-02-26 19:53:20.747 [directOrder.TG_5802_DirectOrderPartialClaim] [clickStaffingCompanyDirectOrder] - Clicking on Staffing Companies Button
[INFO ] 2023-02-26 19:53:22.565 [directOrder.TG_5802_DirectOrderPartialClaim] [clickStaffingCompanyDirectOrder] - Staffing Companies Button clicked successfully
[INFO ] 2023-02-26 19:53:25.572 [directOrder.TG_5802_DirectOrderPartialClaim] [clickPlaceOrderButton] - Clicking on Staffing Company
[INFO ] 2023-02-26 19:53:25.750 [directOrder.TG_5802_DirectOrderPartialClaim] [clickPlaceOrderButton] - Staffing Company clicked successfully
[INFO ] 2023-02-26 19:53:25.752 [directOrder.TG_5802_DirectOrderPartialClaim] [enterEstDailyHours] - Entering EstDailyHours
[INFO ] 2023-02-26 19:53:34.117 [directOrder.TG_5802_DirectOrderPartialClaim] [enterEstDailyHours] - EstDailyHours entered successfully
[INFO ] 2023-02-26 19:53:36.125 [directOrder.TG_5802_DirectOrderPartialClaim] [enterStartDate] - Entering StartDate
[INFO ] 2023-02-26 19:53:41.489 [directOrder.TG_5802_DirectOrderPartialClaim] [enterStartDate] - StartDate entered successfully
[INFO ] 2023-02-26 19:53:43.516 [directOrder.TG_5802_DirectOrderPartialClaim] [enterEndDate] - Entering EndDate
[INFO ] 2023-02-26 19:53:49.156 [directOrder.TG_5802_DirectOrderPartialClaim] [enterEndDate] - EndDate entered successfully
[INFO ] 2023-02-26 19:53:51.171 [directOrder.TG_5802_DirectOrderPartialClaim] [enterStartTime] - Entering StartTime
[INFO ] 2023-02-26 19:53:52.116 [directOrder.TG_5802_DirectOrderPartialClaim] [enterStartTime] - StartTime entered successfully
[INFO ] 2023-02-26 19:53:54.123 [directOrder.TG_5802_DirectOrderPartialClaim] [enterAvailability] - Entering Availability
[INFO ] 2023-02-26 19:53:54.431 [directOrder.TG_5802_DirectOrderPartialClaim] [enterAvailability] - Availabilit entered successfully
[INFO ] 2023-02-26 19:53:54.438 [directOrder.TG_5802_DirectOrderPartialClaim] [enterJobSite] - Entering JobSite
[INFO ] 2023-02-26 19:53:58.702 [directOrder.TG_5802_DirectOrderPartialClaim] [enterJobSite] - JobSite entered successfully
[INFO ] 2023-02-26 19:54:00.710 [directOrder.TG_5802_DirectOrderPartialClaim] [enterJobTitle] - Entering JobTitle
[INFO ] 2023-02-26 19:54:01.751 [directOrder.TG_5802_DirectOrderPartialClaim] [enterJobTitle] - JobTitle entered successfully
[INFO ] 2023-02-26 19:54:03.756 [directOrder.TG_5802_DirectOrderPartialClaim] [enterNoOfWorker] - Entering No Of Workers
[INFO ] 2023-02-26 19:54:03.878 [directOrder.TG_5802_DirectOrderPartialClaim] [enterNoOfWorker] - NoOfWorkers entered successfully
[INFO ] 2023-02-26 19:54:05.885 [directOrder.TG_5802_DirectOrderPartialClaim] [enterESignature] - Entering ESignature
[INFO ] 2023-02-26 19:54:06.031 [directOrder.TG_5802_DirectOrderPartialClaim] [enterESignature] - ESignature entered successfully
[INFO ] 2023-02-26 19:54:06.031 [directOrder.TG_5802_DirectOrderPartialClaim] [clickAgreeContract] - clickAgreeContract
[INFO ] 2023-02-26 19:54:06.214 [directOrder.TG_5802_DirectOrderPartialClaim] [clickAgreeContract] - clickAgreeContract successfully
[INFO ] 2023-02-26 19:54:09.220 [directOrder.TG_5802_DirectOrderPartialClaim] [VerifyUserRedirectToNewOrderFormViaDirectOrder] - Started==Verifying Job Order Id And Popup that Email Sent Successfully
