[INFO ] 2023-02-24 18:39:25.837 [timesheets.TG_4301_Timesheet_Approval] [Tag_EndToEndFlowNewOrderHiring] - Started==Starting End To End Flow NewOrderHiring
[INFO ] 2023-02-24 18:39:29.156 [timesheets.TG_4301_Timesheet_Approval] [enterUsername] - Entering new user's first name
[INFO ] 2023-02-24 18:39:31.001 [timesheets.TG_4301_Timesheet_Approval] [enterUsername] - User's first name entered successfully
[INFO ] 2023-02-24 18:39:31.002 [timesheets.TG_4301_Timesheet_Approval] [enterPassword] - Entering new user's last name
[INFO ] 2023-02-24 18:39:31.184 [timesheets.TG_4301_Timesheet_Approval] [enterPassword] - User's last name entered successfully
[INFO ] 2023-02-24 18:39:31.185 [timesheets.TG_4301_Timesheet_Approval] [clickLoginButton] - Clicking on Login Button
[INFO ] 2023-02-24 18:39:31.655 [timesheets.TG_4301_Timesheet_Approval] [clickLoginButton] - Close Pop Up clicked successfully
[INFO ] 2023-02-24 18:39:31.656 [timesheets.TG_4301_Timesheet_Approval] [newOrderHiring] - Clicking on New Order Button
[INFO ] 2023-02-24 18:39:48.489 [timesheets.TG_4301_Timesheet_Approval] [newOrderHiring] - New Order Button clicked successfully
[INFO ] 2023-02-24 18:39:48.490 [timesheets.TG_4301_Timesheet_Approval] [newOrderHiring] - Entering EstDailyHours
[INFO ] 2023-02-24 18:39:57.565 [timesheets.TG_4301_Timesheet_Approval] [newOrderHiring] - EstDailyHours entered successfully
[INFO ] 2023-02-24 18:39:57.567 [timesheets.TG_4301_Timesheet_Approval] [newOrderHiring] - Entering StartDate
[INFO ] 2023-02-24 18:40:03.093 [timesheets.TG_4301_Timesheet_Approval] [newOrderHiring] - StartDate entered successfully
[INFO ] 2023-02-24 18:40:03.096 [timesheets.TG_4301_Timesheet_Approval] [newOrderHiring] - Entering EndDate
[INFO ] 2023-02-24 18:40:14.457 [timesheets.TG_4301_Timesheet_Approval] [newOrderHiring] - EndDate entered successfully
[INFO ] 2023-02-24 18:40:14.461 [timesheets.TG_4301_Timesheet_Approval] [newOrderHiring] - Entering StartTime
[INFO ] 2023-02-24 18:40:15.538 [timesheets.TG_4301_Timesheet_Approval] [newOrderHiring] - StartTime entered successfully
[INFO ] 2023-02-24 18:40:15.539 [timesheets.TG_4301_Timesheet_Approval] [newOrderHiring] - Entering Availability
[INFO ] 2023-02-24 18:40:15.815 [timesheets.TG_4301_Timesheet_Approval] [newOrderHiring] - Availabilit entered successfully
[INFO ] 2023-02-24 18:40:15.815 [timesheets.TG_4301_Timesheet_Approval] [newOrderHiring] - Entering JobSite
[INFO ] 2023-02-24 18:40:51.167 [timesheets.TG_4301_Timesheet_Approval] [newOrderHiring] - JobSite entered successfully
[INFO ] 2023-02-24 18:40:51.174 [timesheets.TG_4301_Timesheet_Approval] [newOrderHiring] - Entering JobTitle
[INFO ] 2023-02-24 18:41:01.877 [timesheets.TG_4301_Timesheet_Approval] [newOrderHiring] - JobTitle entered successfully
[INFO ] 2023-02-24 18:41:01.882 [timesheets.TG_4301_Timesheet_Approval] [newOrderHiring] - Entering No Of Workers
[INFO ] 2023-02-24 18:41:07.095 [timesheets.TG_4301_Timesheet_Approval] [newOrderHiring] - NoOfWorkers entered successfully
[INFO ] 2023-02-24 18:41:07.096 [timesheets.TG_4301_Timesheet_Approval] [newOrderHiring] - Entering ESignature
[INFO ] 2023-02-24 18:41:10.227 [timesheets.TG_4301_Timesheet_Approval] [newOrderHiring] - ESignature entered successfully
[INFO ] 2023-02-24 18:41:10.228 [timesheets.TG_4301_Timesheet_Approval] [newOrderHiring] - clickAgreeContract
[INFO ] 2023-02-24 18:41:10.403 [timesheets.TG_4301_Timesheet_Approval] [newOrderHiring] - clickAgreeContract successfully
[INFO ] 2023-02-24 18:41:10.403 [timesheets.TG_4301_Timesheet_Approval] [newOrderHiring] - clickSaveButton
[INFO ] 2023-02-24 18:41:10.600 [timesheets.TG_4301_Timesheet_Approval] [newOrderHiring] - SaveButton Clicked successfully
[INFO ] 2023-02-24 18:41:19.360 [timesheets.TG_4301_Timesheet_Approval] [newOrderHiring] - Job order link present on the home page clicked
[INFO ] 2023-02-24 18:41:27.568 [timesheets.TG_4301_Timesheet_Approval] [newOrderHiring] - Verify Job Order Id and Email Successfully
[INFO ] 2023-02-24 18:41:38.987 [timesheets.TG_4301_Timesheet_Approval] [Tag_EndToEndFlowNewOrderHiring] - Started==Starting End To End Flow CreateEmployeeFromStaffing
[INFO ] 2023-02-24 18:41:51.917 [timesheets.TG_4301_Timesheet_Approval] [enterUsername] - Entering new user's first name
[INFO ] 2023-02-24 18:41:52.093 [timesheets.TG_4301_Timesheet_Approval] [enterUsername] - User's first name entered successfully
[INFO ] 2023-02-24 18:41:52.093 [timesheets.TG_4301_Timesheet_Approval] [enterPassword] - Entering new user's last name
[INFO ] 2023-02-24 18:41:52.161 [timesheets.TG_4301_Timesheet_Approval] [enterPassword] - User's last name entered successfully
[INFO ] 2023-02-24 18:41:52.161 [timesheets.TG_4301_Timesheet_Approval] [clickLoginButton] - Clicking on Login Button
[INFO ] 2023-02-24 18:41:52.236 [timesheets.TG_4301_Timesheet_Approval] [clickLoginButton] - Close Pop Up clicked successfully
[INFO ] 2023-02-24 18:42:22.562 [timesheets.TG_4301_Timesheet_Approval] [clickAddNewEployeeButton] - Clicking on Add New Employee Button
[INFO ] 2023-02-24 18:42:23.473 [timesheets.TG_4301_Timesheet_Approval] [clickAddNewEployeeButton] - Employee button clicked successfully
[INFO ] 2023-02-24 18:42:28.481 [timesheets.TG_4301_Timesheet_Approval] [enterCompanyName] - Entering Company Name
[INFO ] 2023-02-24 18:42:28.738 [timesheets.TG_4301_Timesheet_Approval] [enterCompanyName] - Company Name entered successfully
[INFO ] 2023-02-24 18:42:30.744 [timesheets.TG_4301_Timesheet_Approval] [enterFirstName] - Entering First Name
[INFO ] 2023-02-24 18:42:30.898 [timesheets.TG_4301_Timesheet_Approval] [enterFirstName] - First Name entered successfully
[INFO ] 2023-02-24 18:42:32.906 [timesheets.TG_4301_Timesheet_Approval] [enterLastName] - Entering Last Name
[INFO ] 2023-02-24 18:42:33.024 [timesheets.TG_4301_Timesheet_Approval] [enterLastName] - Last Name entered successfully
[INFO ] 2023-02-24 18:42:35.029 [timesheets.TG_4301_Timesheet_Approval] [enterDateOfBirthField] - Entering date of birth
[INFO ] 2023-02-24 18:42:36.213 [timesheets.TG_4301_Timesheet_Approval] [enterDateOfBirthField] - Date of birth entered successfully
[INFO ] 2023-02-24 18:42:38.217 [timesheets.TG_4301_Timesheet_Approval] [enterEmail] - Entering email
[INFO ] 2023-02-24 18:42:38.505 [timesheets.TG_4301_Timesheet_Approval] [enterEmail] - Email entered successfully
[INFO ] 2023-02-24 18:42:40.514 [timesheets.TG_4301_Timesheet_Approval] [selectAddressTab] - Clicking Address Tab
[INFO ] 2023-02-24 18:42:42.700 [timesheets.TG_4301_Timesheet_Approval] [selectAddressTab] - Address Tab clicked successfully
[INFO ] 2023-02-24 18:42:44.706 [timesheets.TG_4301_Timesheet_Approval] [enterEmployeeAddressOnMaps] - Etering employee address on maps
[INFO ] 2023-02-24 18:42:46.074 [timesheets.TG_4301_Timesheet_Approval] [enterEmployeeAddressOnMaps] - Employee entered successfully
[INFO ] 2023-02-24 18:42:48.081 [timesheets.TG_4301_Timesheet_Approval] [clickSaveButton] - Clicking Save button
[INFO ] 2023-02-24 18:42:48.284 [timesheets.TG_4301_Timesheet_Approval] [clickSaveButton] - Save button clicked successfully
[INFO ] 2023-02-24 18:43:28.292 [timesheets.TG_4301_Timesheet_Approval] [getEmployeeNameFromEmaployeeDetailsPage] - Fetching employee Name
[INFO ] 2023-02-24 18:43:28.384 [timesheets.TG_4301_Timesheet_Approval] [getEmployeeNameFromEmaployeeDetailsPage] - Employee Name fetched successfully
[INFO ] 2023-02-24 18:43:28.494 [timesheets.TG_4301_Timesheet_Approval] [Tag_EndToEndFlowNewOrderHiring] - Started==Starting End To End Flow ClaimFromStaffing
[INFO ] 2023-02-24 18:43:28.494 [timesheets.TG_4301_Timesheet_Approval] [ClaimOrderForStaffing] - Clicking Job orders menu present on the staffing homepage navigates to joborder listing form 
[INFO ] 2023-02-24 18:43:44.876 [timesheets.TG_4301_Timesheet_Approval] [selectParticularJobOrderFromListingStaffing] - Selecting Particular Joborder on the listing
[INFO ] 2023-02-24 18:43:55.154 [timesheets.TG_4301_Timesheet_Approval] [selectParticularJobOrderFromListingStaffing] - Particular Joborder on the listing selected successfully
[INFO ] 2023-02-24 18:43:55.155 [timesheets.TG_4301_Timesheet_Approval] [ClaimOrderForStaffing] - Clicking on Claim order Button
[INFO ] 2023-02-24 18:44:08.350 [timesheets.TG_4301_Timesheet_Approval] [ClaimOrderForStaffing] - Claim order button clicked successfully
[INFO ] 2023-02-24 18:44:08.351 [timesheets.TG_4301_Timesheet_Approval] [ClaimOrderForStaffing] - Entering the No. of Employees Claim
[INFO ] 2023-02-24 18:44:13.635 [timesheets.TG_4301_Timesheet_Approval] [ClaimOrderForStaffing] - No. of Employees Claim entered successfully
[INFO ] 2023-02-24 18:44:18.640 [timesheets.TG_4301_Timesheet_Approval] [ClaimOrderForStaffing] - Entering the E-Signature
[INFO ] 2023-02-24 18:44:20.937 [timesheets.TG_4301_Timesheet_Approval] [ClaimOrderForStaffing] - E-Signature entered successfully
[INFO ] 2023-02-24 18:44:20.937 [timesheets.TG_4301_Timesheet_Approval] [ClaimOrderForStaffing] - Clicking on Agree to Contract Button
[INFO ] 2023-02-24 18:44:23.059 [timesheets.TG_4301_Timesheet_Approval] [ClaimOrderForStaffing] - Agree to Contract Button clicked successfully
[INFO ] 2023-02-24 18:44:23.059 [timesheets.TG_4301_Timesheet_Approval] [ClaimOrderForStaffing] - Clicking on Submit Claim Button
[INFO ] 2023-02-24 18:44:30.194 [timesheets.TG_4301_Timesheet_Approval] [ClaimOrderForStaffing] - Submit Claim Button clicked successfully
[INFO ] 2023-02-24 18:45:02.509 [timesheets.TG_4301_Timesheet_Approval] [Tag_EndToEndFlowNewOrderHiring] - Started==Starting End To End Flow ApproveHiring
[INFO ] 2023-02-24 18:45:13.251 [timesheets.TG_4301_Timesheet_Approval] [enterUsername] - Entering new user's first name
[INFO ] 2023-02-24 18:45:13.451 [timesheets.TG_4301_Timesheet_Approval] [enterUsername] - User's first name entered successfully
[INFO ] 2023-02-24 18:45:13.451 [timesheets.TG_4301_Timesheet_Approval] [enterPassword] - Entering new user's last name
[INFO ] 2023-02-24 18:45:13.578 [timesheets.TG_4301_Timesheet_Approval] [enterPassword] - User's last name entered successfully
[INFO ] 2023-02-24 18:45:13.578 [timesheets.TG_4301_Timesheet_Approval] [clickLoginButton] - Clicking on Login Button
[INFO ] 2023-02-24 18:45:13.680 [timesheets.TG_4301_Timesheet_Approval] [clickLoginButton] - Close Pop Up clicked successfully
[INFO ] 2023-02-24 18:45:13.681 [timesheets.TG_4301_Timesheet_Approval] [ApproveClaimFromHiring] - Clicking Order menu present on the staffing homepage
[INFO ] 2023-02-24 18:45:23.729 [timesheets.TG_4301_Timesheet_Approval] [ApproveClaimFromHiring] - Order menu present on the staffing hompage clicked successfully.
[INFO ] 2023-02-24 18:45:23.730 [timesheets.TG_4301_Timesheet_Approval] [ApproveClaimFromHiring] - Clicking All orders menu present on the staffing homepage
[INFO ] 2023-02-24 18:45:37.946 [timesheets.TG_4301_Timesheet_Approval] [ApproveClaimFromHiring] - Clicking on the claim button navigates to claim order form 
[INFO ] 2023-02-24 18:45:41.127 [timesheets.TG_4301_Timesheet_Approval] [ApproveClaimFromHiring] - Clicking on the claim button navigates to claim order form successfully
[INFO ] 2023-02-24 18:45:41.128 [timesheets.TG_4301_Timesheet_Approval] [ApproveClaimFromHiring] - Clicking the select head count button on the claim order form
[INFO ] 2023-02-24 18:45:42.000 [timesheets.TG_4301_Timesheet_Approval] [ApproveClaimFromHiring] - Clicked the select head count button on the claim order form successfully
[INFO ] 2023-02-24 18:45:42.001 [timesheets.TG_4301_Timesheet_Approval] [ApproveClaimFromHiring] - Entering Approve count should not be greater than Workerscount
[INFO ] 2023-02-24 18:45:50.334 [timesheets.TG_4301_Timesheet_Approval] [ApproveClaimFromHiring] - Approve count is not more than the workers count
[INFO ] 2023-02-24 18:45:50.338 [timesheets.TG_4301_Timesheet_Approval] [ApproveClaimFromHiring] - Clicking on modal submit Button
[INFO ] 2023-02-24 18:45:55.469 [timesheets.TG_4301_Timesheet_Approval] [ApproveClaimFromHiring] - Modal submit button clicked successfully
[INFO ] 2023-02-24 18:46:06.727 [timesheets.TG_4301_Timesheet_Approval] [Tag_EndToEndFlowNewOrderHiring] - Started==Starting End To End Flow AssignEmployee
[INFO ] 2023-02-24 18:46:17.500 [timesheets.TG_4301_Timesheet_Approval] [enterUsername] - Entering new user's first name
[INFO ] 2023-02-24 18:46:17.624 [timesheets.TG_4301_Timesheet_Approval] [enterUsername] - User's first name entered successfully
[INFO ] 2023-02-24 18:46:17.624 [timesheets.TG_4301_Timesheet_Approval] [enterPassword] - Entering new user's last name
[INFO ] 2023-02-24 18:46:17.701 [timesheets.TG_4301_Timesheet_Approval] [enterPassword] - User's last name entered successfully
[INFO ] 2023-02-24 18:46:17.702 [timesheets.TG_4301_Timesheet_Approval] [clickLoginButton] - Clicking on Login Button
[INFO ] 2023-02-24 18:46:17.778 [timesheets.TG_4301_Timesheet_Approval] [clickLoginButton] - Close Pop Up clicked successfully
[INFO ] 2023-02-24 18:46:17.778 [timesheets.TG_4301_Timesheet_Approval] [AssignEmployee] - Clicking Order menu present on the staffing homepage
[INFO ] 2023-02-24 18:46:30.869 [timesheets.TG_4301_Timesheet_Approval] [AssignEmployee] - Order menu present on the staffing hompage clicked successfully.
[INFO ] 2023-02-24 18:46:30.874 [timesheets.TG_4301_Timesheet_Approval] [AssignEmployee] - Clicking All orders menu present on the staffing homepage
[INFO ] 2023-02-24 18:46:34.882 [timesheets.TG_4301_Timesheet_Approval] [AssignEmployee] - All orders menu present on the staffing hompage clicked successfully.
[INFO ] 2023-02-24 18:46:41.888 [timesheets.TG_4301_Timesheet_Approval] [selectParticularJobOrderFromListingStaffing] - Selecting Particular Joborder on the listing
[INFO ] 2023-02-24 18:46:52.017 [timesheets.TG_4301_Timesheet_Approval] [selectParticularJobOrderFromListingStaffing] - Particular Joborder on the listing selected successfully
[INFO ] 2023-02-24 18:46:52.019 [timesheets.TG_4301_Timesheet_Approval] [AssignEmployee] - Clicking Assign employees under the related section
[INFO ] 2023-02-24 18:47:01.987 [timesheets.TG_4301_Timesheet_Approval] [AssignEmployee] - Clicked assign employees on job order form successfully
[INFO ] 2023-02-24 18:47:01.992 [timesheets.TG_4301_Timesheet_Approval] [AssignEmployee] - Entering Distance radius in new Assign Employee form 
[INFO ] 2023-02-24 18:47:02.129 [timesheets.TG_4301_Timesheet_Approval] [AssignEmployee] - Distance radius in new Assign Employee form entered successfully
[INFO ] 2023-02-24 18:47:02.130 [timesheets.TG_4301_Timesheet_Approval] [AssignEmployee] - Clicking CheckBox ShowAllEmployees
[INFO ] 2023-02-24 18:47:04.264 [timesheets.TG_4301_Timesheet_Approval] [AssignEmployee] -  ShowAllEmployees CheckBox clicked successfully
[INFO ] 2023-02-24 18:47:04.264 [timesheets.TG_4301_Timesheet_Approval] [AssignEmployee] - Clicking AddRow in new Assign Employee form 
[INFO ] 2023-02-24 18:47:11.522 [timesheets.TG_4301_Timesheet_Approval] [AssignEmployee] - AddRow button in new Assign Employee form clicked successfully
[INFO ] 2023-02-24 18:47:11.522 [timesheets.TG_4301_Timesheet_Approval] [AssignEmployee] - Clicking edit button on the form under the EmployeeDetails
[INFO ] 2023-02-24 18:47:11.692 [timesheets.TG_4301_Timesheet_Approval] [AssignEmployee] - Clicked edit button on the form under the EmployeeDetails successfully
[INFO ] 2023-02-24 18:47:11.865 [timesheets.TG_4301_Timesheet_Approval] [AssignEmployee] - employeeId in new Assign Employee form entered successfully
[INFO ] 2023-02-24 18:47:11.865 [timesheets.TG_4301_Timesheet_Approval] [AssignEmployee] - Clicking Searched Employee
[INFO ] 2023-02-24 18:47:16.871 [timesheets.TG_4301_Timesheet_Approval] [clickSearchedEmployee] - Clicking Searched Employee
[INFO ] 2023-02-24 18:47:17.485 [timesheets.TG_4301_Timesheet_Approval] [clickSearchedEmployee] - Searched Employee clicked Successfully
[INFO ] 2023-02-24 18:47:17.486 [timesheets.TG_4301_Timesheet_Approval] [AssignEmployee] - Searched Employee Clicked Successfully
[INFO ] 2023-02-24 18:47:17.486 [timesheets.TG_4301_Timesheet_Approval] [AssignEmployee] - Clicking Dropdown arrow in the modal
[INFO ] 2023-02-24 18:47:17.696 [timesheets.TG_4301_Timesheet_Approval] [AssignEmployee] - Clicked Dropdown arrow in the modal successfully
[INFO ] 2023-02-24 18:47:19.703 [timesheets.TG_4301_Timesheet_Approval] [AssignEmployee] - Clicking save new Assign Employee form
[INFO ] 2023-02-24 18:47:23.848 [timesheets.TG_4301_Timesheet_Approval] [AssignEmployee] - save button in new Assign Employee form clicked successfully
[INFO ] 2023-02-24 18:49:10.156 [timesheets.TG_4301_Timesheet_Approval] [Tag_EndToEndFlowNewOrderHiring] - Started==Starting End To End Flow TimesheetCreation
[INFO ] 2023-02-24 18:49:17.911 [timesheets.TG_4301_Timesheet_Approval] [enterUsername] - Entering new user's first name
[INFO ] 2023-02-24 18:49:18.033 [timesheets.TG_4301_Timesheet_Approval] [enterUsername] - User's first name entered successfully
[INFO ] 2023-02-24 18:49:18.034 [timesheets.TG_4301_Timesheet_Approval] [enterPassword] - Entering new user's last name
[INFO ] 2023-02-24 18:49:18.093 [timesheets.TG_4301_Timesheet_Approval] [enterPassword] - User's last name entered successfully
[INFO ] 2023-02-24 18:49:18.094 [timesheets.TG_4301_Timesheet_Approval] [clickLoginButton] - Clicking on Login Button
[INFO ] 2023-02-24 18:49:18.201 [timesheets.TG_4301_Timesheet_Approval] [clickLoginButton] - Close Pop Up clicked successfully
[INFO ] 2023-02-24 18:49:23.212 [timesheets.TG_4301_Timesheet_Approval] [createTimesheetHiring] - Clicking on order Button
[INFO ] 2023-02-24 18:49:26.102 [timesheets.TG_4301_Timesheet_Approval] [createTimesheetHiring] -  Order Button clicked successfully
[INFO ] 2023-02-24 18:49:42.284 [timesheets.TG_4301_Timesheet_Approval] [createTimesheetHiring] -  Clicking On Timesheet Button
[INFO ] 2023-02-24 18:49:45.418 [timesheets.TG_4301_Timesheet_Approval] [createTimesheetHiring] - Clicked On Timesheet Button successfully
[INFO ] 2023-02-24 18:49:45.420 [timesheets.TG_4301_Timesheet_Approval] [createTimesheetHiring] - Clicking on addEditButton 
[INFO ] 2023-02-24 18:49:47.567 [timesheets.TG_4301_Timesheet_Approval] [createTimesheetHiring] - AddEditButton Clicked Successfully 
[INFO ] 2023-02-24 18:49:47.568 [timesheets.TG_4301_Timesheet_Approval] [createTimesheetHiring] - Entering current date in Timesheet
[INFO ] 2023-02-24 18:49:54.804 [timesheets.TG_4301_Timesheet_Approval] [createTimesheetHiring] - Entered current date in Timesheet successfully
[INFO ] 2023-02-24 18:49:54.808 [timesheets.TG_4301_Timesheet_Approval] [createTimesheetHiring] - Verify Start Time 
[INFO ] 2023-02-24 18:50:02.165 [timesheets.TG_4301_Timesheet_Approval] [createTimesheetHiring] - Verify Start Time Field successfully
[INFO ] 2023-02-24 18:50:02.166 [timesheets.TG_4301_Timesheet_Approval] [createTimesheetHiring] - Verify End Time 
[INFO ] 2023-02-24 18:50:09.736 [timesheets.TG_4301_Timesheet_Approval] [createTimesheetHiring] - Verify End Time Field successfully
[INFO ] 2023-02-24 18:50:09.737 [timesheets.TG_4301_Timesheet_Approval] [createTimesheetHiring] - Submitting Timesheet 
[INFO ] 2023-02-24 18:50:12.891 [timesheets.TG_4301_Timesheet_Approval] [createTimesheetHiring] -  Timesheet Submit successfully
[INFO ] 2023-02-24 18:50:20.300 [timesheets.TG_4301_Timesheet_Approval] [Tag_VerifyTimesheetAvailableForApprovalPopup] - Started==Verifying Timesheet Available For Approval Popup
[INFO ] 2023-02-24 18:50:28.217 [timesheets.TG_4301_Timesheet_Approval] [enterUsername] - Entering new user's first name
[INFO ] 2023-02-24 18:50:28.341 [timesheets.TG_4301_Timesheet_Approval] [enterUsername] - User's first name entered successfully
[INFO ] 2023-02-24 18:50:28.342 [timesheets.TG_4301_Timesheet_Approval] [enterPassword] - Entering new user's last name
[INFO ] 2023-02-24 18:50:28.399 [timesheets.TG_4301_Timesheet_Approval] [enterPassword] - User's last name entered successfully
[INFO ] 2023-02-24 18:50:28.400 [timesheets.TG_4301_Timesheet_Approval] [clickLoginButton] - Clicking on Login Button
[INFO ] 2023-02-24 18:50:28.460 [timesheets.TG_4301_Timesheet_Approval] [clickLoginButton] - Close Pop Up clicked successfully
[INFO ] 2023-02-24 18:50:31.467 [timesheets.TG_4301_Timesheet_Approval] [clickOrder] - Clicking Order menu present on the staffing homepage
[INFO ] 2023-02-24 18:50:39.942 [timesheets.TG_4301_Timesheet_Approval] [clickOrder] - Order menu present on the staffing hompage clicked successfully.
[INFO ] 2023-02-24 18:50:42.955 [timesheets.TG_4301_Timesheet_Approval] [selectAllOption] - Clicking All orders menu present on the staffing homepage
[INFO ] 2023-02-24 18:50:49.879 [timesheets.TG_4301_Timesheet_Approval] [selectAllOption] - All orders menu present on the staffing hompage clicked successfully.
[INFO ] 2023-02-24 18:50:52.891 [timesheets.TG_4301_Timesheet_Approval] [selectParticularJobOrderFromListingStaffing] - Selecting Particular Joborder on the listing
[INFO ] 2023-02-24 18:51:03.047 [timesheets.TG_4301_Timesheet_Approval] [selectParticularJobOrderFromListingStaffing] - Particular Joborder on the listing selected successfully
[INFO ] 2023-02-24 18:51:06.061 [timesheets.TG_4301_Timesheet_Approval] [ClickingOnTimesheet] -  Clicking On Timesheet
[INFO ] 2023-02-24 18:51:13.815 [timesheets.TG_4301_Timesheet_Approval] [Tag_VerifyTimesheetAvailableForApprovalPopup] - Started==Verifying User Should Navigated To Timesheet Approval Form
[INFO ] 2023-02-24 18:51:13.818 [timesheets.TG_4301_Timesheet_Approval] [timesheetTitleDisplay] - Verify Timesheet Title
[INFO ] 2023-02-24 18:51:13.962 [timesheets.TG_4301_Timesheet_Approval] [timesheetTitleDisplay] - Timesheet Title verified
[INFO ] 2023-02-24 18:51:13.967 [timesheets.TG_4301_Timesheet_Approval] [Tag_VerifyTimesheetAvailableForApprovalPopup] - Started==Verifying User Should Get Popup If Try To approve From Actions Button
[INFO ] 2023-02-24 18:51:13.967 [timesheets.TG_4301_Timesheet_Approval] [clickApprovalRequestGrid] - Clicking on Approval Grid
