[INFO ] 2023-03-10 23:12:38.406 [timesheets.TG_4301_Timesheet_Approval] [Tag_EndToEndFlowNewOrderHiring] - Started==Starting End To End Flow NewOrderHiring
[INFO ] 2023-03-10 23:12:41.473 [timesheets.TG_4301_Timesheet_Approval] [enterUsername] - Entering new user's first name
[INFO ] 2023-03-10 23:12:43.469 [timesheets.TG_4301_Timesheet_Approval] [enterUsername] - User's first name entered successfully
[INFO ] 2023-03-10 23:12:43.470 [timesheets.TG_4301_Timesheet_Approval] [enterPassword] - Entering new user's last name
[INFO ] 2023-03-10 23:12:43.682 [timesheets.TG_4301_Timesheet_Approval] [enterPassword] - User's last name entered successfully
[INFO ] 2023-03-10 23:12:43.682 [timesheets.TG_4301_Timesheet_Approval] [clickLoginButton] - Clicking on Login Button
[INFO ] 2023-03-10 23:12:44.131 [timesheets.TG_4301_Timesheet_Approval] [clickLoginButton] - Close Pop Up clicked successfully
[INFO ] 2023-03-10 23:12:44.131 [timesheets.TG_4301_Timesheet_Approval] [newOrderHiring] - Clicking on New Order Button
[INFO ] 2023-03-10 23:13:00.221 [timesheets.TG_4301_Timesheet_Approval] [newOrderHiring] - New Order Button clicked successfully
[INFO ] 2023-03-10 23:13:00.223 [timesheets.TG_4301_Timesheet_Approval] [newOrderHiring] - Entering EstDailyHours
[INFO ] 2023-03-10 23:13:09.218 [timesheets.TG_4301_Timesheet_Approval] [newOrderHiring] - EstDailyHours entered successfully
[INFO ] 2023-03-10 23:13:09.219 [timesheets.TG_4301_Timesheet_Approval] [newOrderHiring] - Entering StartDate
[INFO ] 2023-03-10 23:13:14.856 [timesheets.TG_4301_Timesheet_Approval] [newOrderHiring] - StartDate entered successfully
[INFO ] 2023-03-10 23:13:14.858 [timesheets.TG_4301_Timesheet_Approval] [newOrderHiring] - Entering EndDate
[INFO ] 2023-03-10 23:13:26.121 [timesheets.TG_4301_Timesheet_Approval] [newOrderHiring] - EndDate entered successfully
[INFO ] 2023-03-10 23:13:26.124 [timesheets.TG_4301_Timesheet_Approval] [newOrderHiring] - Entering StartTime
[INFO ] 2023-03-10 23:13:27.135 [timesheets.TG_4301_Timesheet_Approval] [newOrderHiring] - StartTime entered successfully
[INFO ] 2023-03-10 23:13:27.135 [timesheets.TG_4301_Timesheet_Approval] [newOrderHiring] - Entering Availability
[INFO ] 2023-03-10 23:13:27.320 [timesheets.TG_4301_Timesheet_Approval] [newOrderHiring] - Availabilit entered successfully
[INFO ] 2023-03-10 23:13:27.320 [timesheets.TG_4301_Timesheet_Approval] [newOrderHiring] - Entering JobSite
[INFO ] 2023-03-10 23:13:33.605 [timesheets.TG_4301_Timesheet_Approval] [newOrderHiring] - JobSite entered successfully
[INFO ] 2023-03-10 23:13:33.606 [timesheets.TG_4301_Timesheet_Approval] [newOrderHiring] - Entering JobTitle
[INFO ] 2023-03-10 23:13:42.840 [timesheets.TG_4301_Timesheet_Approval] [newOrderHiring] - JobTitle entered successfully
[INFO ] 2023-03-10 23:13:42.846 [timesheets.TG_4301_Timesheet_Approval] [newOrderHiring] - Entering No Of Workers
[INFO ] 2023-03-10 23:13:48.051 [timesheets.TG_4301_Timesheet_Approval] [newOrderHiring] - NoOfWorkers entered successfully
[INFO ] 2023-03-10 23:13:48.052 [timesheets.TG_4301_Timesheet_Approval] [newOrderHiring] - Entering ESignature
[INFO ] 2023-03-10 23:13:51.233 [timesheets.TG_4301_Timesheet_Approval] [newOrderHiring] - ESignature entered successfully
[INFO ] 2023-03-10 23:13:51.234 [timesheets.TG_4301_Timesheet_Approval] [newOrderHiring] - clickAgreeContract
[INFO ] 2023-03-10 23:13:51.455 [timesheets.TG_4301_Timesheet_Approval] [newOrderHiring] - clickAgreeContract successfully
[INFO ] 2023-03-10 23:13:51.455 [timesheets.TG_4301_Timesheet_Approval] [newOrderHiring] - clickSaveButton
[INFO ] 2023-03-10 23:13:51.651 [timesheets.TG_4301_Timesheet_Approval] [newOrderHiring] - SaveButton Clicked successfully
[INFO ] 2023-03-10 23:14:00.145 [timesheets.TG_4301_Timesheet_Approval] [newOrderHiring] - Job order link present on the home page clicked
[INFO ] 2023-03-10 23:14:08.330 [timesheets.TG_4301_Timesheet_Approval] [newOrderHiring] - Verify Job Order Id and Email Successfully
[INFO ] 2023-03-10 23:14:19.713 [timesheets.TG_4301_Timesheet_Approval] [Tag_EndToEndFlowNewOrderHiring] - Started==Starting End To End Flow CreateEmployeeFromStaffing
[INFO ] 2023-03-10 23:14:32.786 [timesheets.TG_4301_Timesheet_Approval] [enterUsername] - Entering new user's first name
[INFO ] 2023-03-10 23:14:32.909 [timesheets.TG_4301_Timesheet_Approval] [enterUsername] - User's first name entered successfully
[INFO ] 2023-03-10 23:14:32.910 [timesheets.TG_4301_Timesheet_Approval] [enterPassword] - Entering new user's last name
[INFO ] 2023-03-10 23:14:32.981 [timesheets.TG_4301_Timesheet_Approval] [enterPassword] - User's last name entered successfully
[INFO ] 2023-03-10 23:14:32.981 [timesheets.TG_4301_Timesheet_Approval] [clickLoginButton] - Clicking on Login Button
[INFO ] 2023-03-10 23:14:33.050 [timesheets.TG_4301_Timesheet_Approval] [clickLoginButton] - Close Pop Up clicked successfully
[INFO ] 2023-03-10 23:15:02.896 [timesheets.TG_4301_Timesheet_Approval] [clickAddNewEployeeButton] - Clicking on Add New Employee Button
[INFO ] 2023-03-10 23:15:03.835 [timesheets.TG_4301_Timesheet_Approval] [clickAddNewEployeeButton] - Employee button clicked successfully
[INFO ] 2023-03-10 23:15:08.841 [timesheets.TG_4301_Timesheet_Approval] [enterCompanyName] - Entering Company Name
[INFO ] 2023-03-10 23:15:09.001 [timesheets.TG_4301_Timesheet_Approval] [enterCompanyName] - Company Name entered successfully
[INFO ] 2023-03-10 23:15:11.007 [timesheets.TG_4301_Timesheet_Approval] [enterFirstName] - Entering First Name
[INFO ] 2023-03-10 23:15:11.124 [timesheets.TG_4301_Timesheet_Approval] [enterFirstName] - First Name entered successfully
[INFO ] 2023-03-10 23:15:13.131 [timesheets.TG_4301_Timesheet_Approval] [enterLastName] - Entering Last Name
[INFO ] 2023-03-10 23:15:13.243 [timesheets.TG_4301_Timesheet_Approval] [enterLastName] - Last Name entered successfully
[INFO ] 2023-03-10 23:15:15.249 [timesheets.TG_4301_Timesheet_Approval] [enterDateOfBirthField] - Entering date of birth
[INFO ] 2023-03-10 23:15:16.445 [timesheets.TG_4301_Timesheet_Approval] [enterDateOfBirthField] - Date of birth entered successfully
[INFO ] 2023-03-10 23:15:18.451 [timesheets.TG_4301_Timesheet_Approval] [enterEmail] - Entering email
[INFO ] 2023-03-10 23:15:18.604 [timesheets.TG_4301_Timesheet_Approval] [enterEmail] - Email entered successfully
[INFO ] 2023-03-10 23:15:20.610 [timesheets.TG_4301_Timesheet_Approval] [selectAddressTab] - Clicking Address Tab
[INFO ] 2023-03-10 23:15:22.739 [timesheets.TG_4301_Timesheet_Approval] [selectAddressTab] - Address Tab clicked successfully
[INFO ] 2023-03-10 23:15:24.745 [timesheets.TG_4301_Timesheet_Approval] [enterEmployeeAddressOnMaps] - Etering employee address on maps
[INFO ] 2023-03-10 23:15:26.002 [timesheets.TG_4301_Timesheet_Approval] [enterEmployeeAddressOnMaps] - Employee entered successfully
[INFO ] 2023-03-10 23:15:28.008 [timesheets.TG_4301_Timesheet_Approval] [clickSaveButton] - Clicking Save button
[INFO ] 2023-03-10 23:15:28.212 [timesheets.TG_4301_Timesheet_Approval] [clickSaveButton] - Save button clicked successfully
[INFO ] 2023-03-10 23:16:08.221 [timesheets.TG_4301_Timesheet_Approval] [getEmployeeNameFromEmaployeeDetailsPage] - Fetching employee Name
[INFO ] 2023-03-10 23:16:08.316 [timesheets.TG_4301_Timesheet_Approval] [getEmployeeNameFromEmaployeeDetailsPage] - Employee Name fetched successfully
[INFO ] 2023-03-10 23:16:08.470 [timesheets.TG_4301_Timesheet_Approval] [Tag_EndToEndFlowNewOrderHiring] - Started==Starting End To End Flow ClaimFromStaffing
[INFO ] 2023-03-10 23:16:08.470 [timesheets.TG_4301_Timesheet_Approval] [ClaimOrderForStaffing] - Clicking Job orders menu present on the staffing homepage navigates to joborder listing form 
[INFO ] 2023-03-10 23:16:24.844 [timesheets.TG_4301_Timesheet_Approval] [selectParticularJobOrderFromListingStaffing] - Selecting Particular Joborder on the listing
[INFO ] 2023-03-10 23:16:35.014 [timesheets.TG_4301_Timesheet_Approval] [selectParticularJobOrderFromListingStaffing] - Particular Joborder on the listing selected successfully
[INFO ] 2023-03-10 23:16:35.014 [timesheets.TG_4301_Timesheet_Approval] [ClaimOrderForStaffing] - Clicking on Claim order Button
[INFO ] 2023-03-10 23:16:50.349 [timesheets.TG_4301_Timesheet_Approval] [ClaimOrderForStaffing] - Claim order button clicked successfully
[INFO ] 2023-03-10 23:16:50.350 [timesheets.TG_4301_Timesheet_Approval] [ClaimOrderForStaffing] - Entering the No. of Employees Claim
[INFO ] 2023-03-10 23:16:55.593 [timesheets.TG_4301_Timesheet_Approval] [ClaimOrderForStaffing] - No. of Employees Claim entered successfully
[INFO ] 2023-03-10 23:17:00.606 [timesheets.TG_4301_Timesheet_Approval] [ClaimOrderForStaffing] - Entering the E-Signature
[INFO ] 2023-03-10 23:17:02.744 [timesheets.TG_4301_Timesheet_Approval] [ClaimOrderForStaffing] - E-Signature entered successfully
[INFO ] 2023-03-10 23:17:02.744 [timesheets.TG_4301_Timesheet_Approval] [ClaimOrderForStaffing] - Clicking on Agree to Contract Button
[INFO ] 2023-03-10 23:17:04.869 [timesheets.TG_4301_Timesheet_Approval] [ClaimOrderForStaffing] - Agree to Contract Button clicked successfully
[INFO ] 2023-03-10 23:17:04.869 [timesheets.TG_4301_Timesheet_Approval] [ClaimOrderForStaffing] - Clicking on Submit Claim Button
[INFO ] 2023-03-10 23:17:11.984 [timesheets.TG_4301_Timesheet_Approval] [ClaimOrderForStaffing] - Submit Claim Button clicked successfully
[INFO ] 2023-03-10 23:17:45.473 [timesheets.TG_4301_Timesheet_Approval] [Tag_EndToEndFlowNewOrderHiring] - Started==Starting End To End Flow ApproveHiring
[INFO ] 2023-03-10 23:17:56.257 [timesheets.TG_4301_Timesheet_Approval] [enterUsername] - Entering new user's first name
[INFO ] 2023-03-10 23:17:56.389 [timesheets.TG_4301_Timesheet_Approval] [enterUsername] - User's first name entered successfully
[INFO ] 2023-03-10 23:17:56.390 [timesheets.TG_4301_Timesheet_Approval] [enterPassword] - Entering new user's last name
[INFO ] 2023-03-10 23:17:56.516 [timesheets.TG_4301_Timesheet_Approval] [enterPassword] - User's last name entered successfully
[INFO ] 2023-03-10 23:17:56.516 [timesheets.TG_4301_Timesheet_Approval] [clickLoginButton] - Clicking on Login Button
[INFO ] 2023-03-10 23:17:56.610 [timesheets.TG_4301_Timesheet_Approval] [clickLoginButton] - Close Pop Up clicked successfully
[INFO ] 2023-03-10 23:17:56.610 [timesheets.TG_4301_Timesheet_Approval] [ApproveClaimFromHiring] - Clicking Order menu present on the staffing homepage
[INFO ] 2023-03-10 23:18:07.144 [timesheets.TG_4301_Timesheet_Approval] [ApproveClaimFromHiring] - Order menu present on the staffing hompage clicked successfully.
[INFO ] 2023-03-10 23:18:07.144 [timesheets.TG_4301_Timesheet_Approval] [ApproveClaimFromHiring] - Clicking All orders menu present on the staffing homepage
[INFO ] 2023-03-10 23:18:21.321 [timesheets.TG_4301_Timesheet_Approval] [ApproveClaimFromHiring] - Clicking on the claim button navigates to claim order form 
[INFO ] 2023-03-10 23:18:24.453 [timesheets.TG_4301_Timesheet_Approval] [ApproveClaimFromHiring] - Clicking on the claim button navigates to claim order form successfully
[INFO ] 2023-03-10 23:18:24.454 [timesheets.TG_4301_Timesheet_Approval] [ApproveClaimFromHiring] - Clicking the select head count button on the claim order form
[INFO ] 2023-03-10 23:18:25.361 [timesheets.TG_4301_Timesheet_Approval] [ApproveClaimFromHiring] - Clicked the select head count button on the claim order form successfully
[INFO ] 2023-03-10 23:18:25.363 [timesheets.TG_4301_Timesheet_Approval] [ApproveClaimFromHiring] - Entering Approve count should not be greater than Workerscount
[INFO ] 2023-03-10 23:18:33.397 [timesheets.TG_4301_Timesheet_Approval] [ApproveClaimFromHiring] - Approve count is not more than the workers count
[INFO ] 2023-03-10 23:18:33.401 [timesheets.TG_4301_Timesheet_Approval] [ApproveClaimFromHiring] - Clicking on modal submit Button
[INFO ] 2023-03-10 23:18:38.585 [timesheets.TG_4301_Timesheet_Approval] [ApproveClaimFromHiring] - Modal submit button clicked successfully
[INFO ] 2023-03-10 23:18:50.604 [timesheets.TG_4301_Timesheet_Approval] [Tag_EndToEndFlowNewOrderHiring] - Started==Starting End To End Flow AssignEmployee
[INFO ] 2023-03-10 23:19:01.346 [timesheets.TG_4301_Timesheet_Approval] [enterUsername] - Entering new user's first name
[INFO ] 2023-03-10 23:19:01.440 [timesheets.TG_4301_Timesheet_Approval] [enterUsername] - User's first name entered successfully
[INFO ] 2023-03-10 23:19:01.441 [timesheets.TG_4301_Timesheet_Approval] [enterPassword] - Entering new user's last name
[INFO ] 2023-03-10 23:19:01.501 [timesheets.TG_4301_Timesheet_Approval] [enterPassword] - User's last name entered successfully
[INFO ] 2023-03-10 23:19:01.501 [timesheets.TG_4301_Timesheet_Approval] [clickLoginButton] - Clicking on Login Button
[INFO ] 2023-03-10 23:19:01.572 [timesheets.TG_4301_Timesheet_Approval] [clickLoginButton] - Close Pop Up clicked successfully
[INFO ] 2023-03-10 23:19:01.572 [timesheets.TG_4301_Timesheet_Approval] [AssignEmployee] - Clicking Order menu present on the staffing homepage
[INFO ] 2023-03-10 23:19:15.389 [timesheets.TG_4301_Timesheet_Approval] [AssignEmployee] - Order menu present on the staffing hompage clicked successfully.
[INFO ] 2023-03-10 23:19:15.393 [timesheets.TG_4301_Timesheet_Approval] [AssignEmployee] - Clicking All orders menu present on the staffing homepage
[INFO ] 2023-03-10 23:19:19.179 [timesheets.TG_4301_Timesheet_Approval] [AssignEmployee] - All orders menu present on the staffing hompage clicked successfully.
[INFO ] 2023-03-10 23:19:26.187 [timesheets.TG_4301_Timesheet_Approval] [selectParticularJobOrderFromListingStaffing] - Selecting Particular Joborder on the listing
[INFO ] 2023-03-10 23:19:36.330 [timesheets.TG_4301_Timesheet_Approval] [selectParticularJobOrderFromListingStaffing] - Particular Joborder on the listing selected successfully
[INFO ] 2023-03-10 23:19:36.330 [timesheets.TG_4301_Timesheet_Approval] [AssignEmployee] - Clicking Assign employees under the related section
[INFO ] 2023-03-10 23:19:47.272 [timesheets.TG_4301_Timesheet_Approval] [AssignEmployee] - Clicked assign employees on job order form successfully
[INFO ] 2023-03-10 23:19:47.277 [timesheets.TG_4301_Timesheet_Approval] [AssignEmployee] - Entering Distance radius in new Assign Employee form 
[INFO ] 2023-03-10 23:19:47.419 [timesheets.TG_4301_Timesheet_Approval] [AssignEmployee] - Distance radius in new Assign Employee form entered successfully
[INFO ] 2023-03-10 23:19:47.419 [timesheets.TG_4301_Timesheet_Approval] [AssignEmployee] - Clicking CheckBox ShowAllEmployees
[INFO ] 2023-03-10 23:19:49.539 [timesheets.TG_4301_Timesheet_Approval] [AssignEmployee] -  ShowAllEmployees CheckBox clicked successfully
[INFO ] 2023-03-10 23:19:49.539 [timesheets.TG_4301_Timesheet_Approval] [AssignEmployee] - Clicking AddRow in new Assign Employee form 
[INFO ] 2023-03-10 23:19:56.763 [timesheets.TG_4301_Timesheet_Approval] [AssignEmployee] - AddRow button in new Assign Employee form clicked successfully
[INFO ] 2023-03-10 23:19:56.764 [timesheets.TG_4301_Timesheet_Approval] [AssignEmployee] - Clicking edit button on the form under the EmployeeDetails
[INFO ] 2023-03-10 23:19:56.950 [timesheets.TG_4301_Timesheet_Approval] [AssignEmployee] - Clicked edit button on the form under the EmployeeDetails successfully
[INFO ] 2023-03-10 23:19:57.687 [timesheets.TG_4301_Timesheet_Approval] [AssignEmployee] - employeeId in new Assign Employee form entered successfully
[INFO ] 2023-03-10 23:19:57.688 [timesheets.TG_4301_Timesheet_Approval] [AssignEmployee] - Clicking Searched Employee
[INFO ] 2023-03-10 23:20:02.694 [timesheets.TG_4301_Timesheet_Approval] [clickSearchedEmployee] - Clicking Searched Employee
[INFO ] 2023-03-10 23:20:02.807 [timesheets.TG_4301_Timesheet_Approval] [clickSearchedEmployee] - Searched Employee clicked Successfully
[INFO ] 2023-03-10 23:20:02.807 [timesheets.TG_4301_Timesheet_Approval] [AssignEmployee] - Searched Employee Clicked Successfully
[INFO ] 2023-03-10 23:20:02.807 [timesheets.TG_4301_Timesheet_Approval] [AssignEmployee] - Clicking Dropdown arrow in the modal
[INFO ] 2023-03-10 23:20:02.996 [timesheets.TG_4301_Timesheet_Approval] [AssignEmployee] - Clicked Dropdown arrow in the modal successfully
[INFO ] 2023-03-10 23:20:05.003 [timesheets.TG_4301_Timesheet_Approval] [AssignEmployee] - Clicking save new Assign Employee form
[INFO ] 2023-03-10 23:20:09.161 [timesheets.TG_4301_Timesheet_Approval] [AssignEmployee] - save button in new Assign Employee form clicked successfully
[INFO ] 2023-03-10 23:21:55.439 [timesheets.TG_4301_Timesheet_Approval] [Tag_EndToEndFlowNewOrderHiring] - Started==Starting End To End Flow TimesheetCreation
[INFO ] 2023-03-10 23:22:03.299 [timesheets.TG_4301_Timesheet_Approval] [enterUsername] - Entering new user's first name
[INFO ] 2023-03-10 23:22:03.407 [timesheets.TG_4301_Timesheet_Approval] [enterUsername] - User's first name entered successfully
[INFO ] 2023-03-10 23:22:03.408 [timesheets.TG_4301_Timesheet_Approval] [enterPassword] - Entering new user's last name
[INFO ] 2023-03-10 23:22:03.478 [timesheets.TG_4301_Timesheet_Approval] [enterPassword] - User's last name entered successfully
[INFO ] 2023-03-10 23:22:03.479 [timesheets.TG_4301_Timesheet_Approval] [clickLoginButton] - Clicking on Login Button
[INFO ] 2023-03-10 23:22:03.542 [timesheets.TG_4301_Timesheet_Approval] [clickLoginButton] - Close Pop Up clicked successfully
[INFO ] 2023-03-10 23:22:08.554 [timesheets.TG_4301_Timesheet_Approval] [createTimesheetHiring] - Clicking on order Button
[INFO ] 2023-03-10 23:22:11.244 [timesheets.TG_4301_Timesheet_Approval] [createTimesheetHiring] -  Order Button clicked successfully
[INFO ] 2023-03-10 23:22:27.410 [timesheets.TG_4301_Timesheet_Approval] [createTimesheetHiring] -  Clicking On Timesheet Button
[INFO ] 2023-03-10 23:22:30.503 [timesheets.TG_4301_Timesheet_Approval] [createTimesheetHiring] - Clicked On Timesheet Button successfully
[INFO ] 2023-03-10 23:22:30.504 [timesheets.TG_4301_Timesheet_Approval] [createTimesheetHiring] - Clicking on addEditButton 
[INFO ] 2023-03-10 23:22:32.646 [timesheets.TG_4301_Timesheet_Approval] [createTimesheetHiring] - AddEditButton Clicked Successfully 
[INFO ] 2023-03-10 23:22:32.646 [timesheets.TG_4301_Timesheet_Approval] [createTimesheetHiring] - Entering current date in Timesheet
[INFO ] 2023-03-10 23:22:45.019 [timesheets.TG_4301_Timesheet_Approval] [createTimesheetHiring] - Entered current date in Timesheet successfully
[INFO ] 2023-03-10 23:22:45.024 [timesheets.TG_4301_Timesheet_Approval] [createTimesheetHiring] - Verify Start Time 
[INFO ] 2023-03-10 23:22:52.421 [timesheets.TG_4301_Timesheet_Approval] [createTimesheetHiring] - Verify Start Time Field successfully
[INFO ] 2023-03-10 23:22:52.422 [timesheets.TG_4301_Timesheet_Approval] [createTimesheetHiring] - Verify End Time 
[INFO ] 2023-03-10 23:23:00.026 [timesheets.TG_4301_Timesheet_Approval] [createTimesheetHiring] - Verify End Time Field successfully
[INFO ] 2023-03-10 23:23:00.029 [timesheets.TG_4301_Timesheet_Approval] [createTimesheetHiring] - Submitting Timesheet 
[INFO ] 2023-03-10 23:23:04.464 [timesheets.TG_4301_Timesheet_Approval] [createTimesheetHiring] -  Timesheet Submit successfully
[INFO ] 2023-03-10 23:23:10.851 [timesheets.TG_4301_Timesheet_Approval] [Tag_VerifyTimesheetAvailableForApprovalPopup] - Started==Verifying Timesheet Available For Approval Popup
[INFO ] 2023-03-10 23:23:18.672 [timesheets.TG_4301_Timesheet_Approval] [enterUsername] - Entering new user's first name
[INFO ] 2023-03-10 23:23:18.767 [timesheets.TG_4301_Timesheet_Approval] [enterUsername] - User's first name entered successfully
[INFO ] 2023-03-10 23:23:18.768 [timesheets.TG_4301_Timesheet_Approval] [enterPassword] - Entering new user's last name
[INFO ] 2023-03-10 23:23:18.884 [timesheets.TG_4301_Timesheet_Approval] [enterPassword] - User's last name entered successfully
[INFO ] 2023-03-10 23:23:18.884 [timesheets.TG_4301_Timesheet_Approval] [clickLoginButton] - Clicking on Login Button
[INFO ] 2023-03-10 23:23:18.955 [timesheets.TG_4301_Timesheet_Approval] [clickLoginButton] - Close Pop Up clicked successfully
[INFO ] 2023-03-10 23:23:21.960 [timesheets.TG_4301_Timesheet_Approval] [clickOrder] - Clicking Order menu present on the staffing homepage
[INFO ] 2023-03-10 23:23:30.656 [timesheets.TG_4301_Timesheet_Approval] [clickOrder] - Order menu present on the staffing hompage clicked successfully.
[INFO ] 2023-03-10 23:23:33.663 [timesheets.TG_4301_Timesheet_Approval] [selectAllOption] - Clicking All orders menu present on the staffing homepage
[INFO ] 2023-03-10 23:23:40.515 [timesheets.TG_4301_Timesheet_Approval] [selectAllOption] - All orders menu present on the staffing hompage clicked successfully.
[INFO ] 2023-03-10 23:23:43.524 [timesheets.TG_4301_Timesheet_Approval] [selectParticularJobOrderFromListingStaffing] - Selecting Particular Joborder on the listing
[INFO ] 2023-03-10 23:23:53.663 [timesheets.TG_4301_Timesheet_Approval] [selectParticularJobOrderFromListingStaffing] - Particular Joborder on the listing selected successfully
[INFO ] 2023-03-10 23:23:56.674 [timesheets.TG_4301_Timesheet_Approval] [ClickingOnTimesheet] -  Clicking On Timesheet
[INFO ] 2023-03-10 23:24:05.472 [timesheets.TG_4301_Timesheet_Approval] [Tag_VerifyTimesheetAvailableForApprovalPopup] - Started==Verifying User Should Navigated To Timesheet Approval Form
[INFO ] 2023-03-10 23:24:05.475 [timesheets.TG_4301_Timesheet_Approval] [timesheetTitleDisplay] - Verify Timesheet Title
[INFO ] 2023-03-10 23:24:05.623 [timesheets.TG_4301_Timesheet_Approval] [timesheetTitleDisplay] - Timesheet Title verified
[INFO ] 2023-03-10 23:24:05.630 [timesheets.TG_4301_Timesheet_Approval] [Tag_VerifyTimesheetAvailableForApprovalPopup] - Started==Verifying User Should Get Popup If Try To approve From Actions Button
[INFO ] 2023-03-10 23:24:05.631 [timesheets.TG_4301_Timesheet_Approval] [clickApprovalRequestGrid] - Clicking on Approval Grid
[INFO ] 2023-03-10 23:24:05.711 [timesheets.TG_4301_Timesheet_Approval] [clickApprovalRequestGrid] - Timesheet Approval Grid Clicked Successfully
[INFO ] 2023-03-10 23:24:05.712 [timesheets.TG_4301_Timesheet_Approval] [clickCheckBox] - Clicking on checkbox
[INFO ] 2023-03-10 23:24:09.355 [timesheets.TG_4301_Timesheet_Approval] [clickCheckBox] - checkbox Clicked Successfully
[INFO ] 2023-03-10 23:24:09.360 [timesheets.TG_4301_Timesheet_Approval] [verifyEmployeeDetails] - Verify Employee Details
[INFO ] 2023-03-10 23:24:09.508 [timesheets.TG_4301_Timesheet_Approval] [verifyEmployeeDetails] - Employee Details verified
[INFO ] 2023-03-10 23:24:09.553 [timesheets.TG_4301_Timesheet_Approval] [Tag_VerifyUserShouldGetPopupIfTryToapproveFromActionsButton] - Started==Verifying User Should Get Popup If Try To approve From Actions Button
[INFO ] 2023-03-10 23:24:09.553 [timesheets.TG_4301_Timesheet_Approval] [clickActionsButton] - Clicking on Action Button
[INFO ] 2023-03-10 23:24:09.642 [timesheets.TG_4301_Timesheet_Approval] [clickActionsButton] - Action Button Clicked Successfully
[INFO ] 2023-03-10 23:24:09.642 [timesheets.TG_4301_Timesheet_Approval] [clickApproveButton] - Clicking on approve Button
[INFO ] 2023-03-10 23:24:09.721 [timesheets.TG_4301_Timesheet_Approval] [clickApproveButton] - approve Button Clicked Successfully
[INFO ] 2023-03-10 23:24:09.722 [timesheets.TG_4301_Timesheet_Approval] [verifyTimesheetUpdatedMessage] - Check for 'Timesheet Updated' message Displayed
[INFO ] 2023-03-10 23:24:10.743 [timesheets.TG_4301_Timesheet_Approval] [verifyTimesheetUpdatedMessage] - Message displayed successfully
[INFO ] 2023-03-10 23:24:10.743 [timesheets.TG_4301_Timesheet_Approval] [closePopupApproveButton] - Clicking on close Popup approve Button
[INFO ] 2023-03-10 23:24:10.812 [timesheets.TG_4301_Timesheet_Approval] [closePopupApproveButton] - Clicked on close Popup approve Button Successfully
[INFO ] 2023-03-10 23:24:35.592 [timesheets.TG_4301_Timesheet_Approval] [enterUsername] - Entering new user's first name
[INFO ] 2023-03-10 23:24:35.694 [timesheets.TG_4301_Timesheet_Approval] [enterUsername] - User's first name entered successfully
[INFO ] 2023-03-10 23:24:35.694 [timesheets.TG_4301_Timesheet_Approval] [enterPassword] - Entering new user's last name
[INFO ] 2023-03-10 23:24:35.773 [timesheets.TG_4301_Timesheet_Approval] [enterPassword] - User's last name entered successfully
[INFO ] 2023-03-10 23:24:35.773 [timesheets.TG_4301_Timesheet_Approval] [clickLoginButton] - Clicking on Login Button
[INFO ] 2023-03-10 23:24:35.854 [timesheets.TG_4301_Timesheet_Approval] [clickLoginButton] - Close Pop Up clicked successfully
[INFO ] 2023-03-10 23:24:42.866 [timesheets.TG_4301_Timesheet_Approval] [clickOrdersMenuOnHiringHomePage] - Clicking Order menu present on the Hiring homepage
[INFO ] 2023-03-10 23:24:43.526 [timesheets.TG_4301_Timesheet_Approval] [clickOrdersMenuOnHiringHomePage] - Order menu present on the Hiring hompage clicked successfully.
[INFO ] 2023-03-10 23:25:01.688 [timesheets.TG_4301_Timesheet_Approval] [clickDeleteJobOrderButton] - Clicking on delete button present on Job Order detials page
[INFO ] 2023-03-10 23:25:01.820 [timesheets.TG_4301_Timesheet_Approval] [clickDeleteJobOrderButton] - Delete button present on Job Order detials page clicked
[INFO ] 2023-03-10 23:25:05.015 [timesheets.TG_4301_Timesheet_Approval] [clickAcceptDeleteJobOrderRequestButton] - Clicking on confirm deletion button
[INFO ] 2023-03-10 23:25:05.108 [timesheets.TG_4301_Timesheet_Approval] [clickAcceptDeleteJobOrderRequestButton] - Confirm deletion button clicked
[INFO ] 2023-03-10 23:25:05.109 [timesheets.TG_4301_Timesheet_Approval] [verifyJobOrderDeleted] - Verifying that job order deleted via pop-up
[INFO ] 2023-03-10 23:25:06.004 [timesheets.TG_4301_Timesheet_Approval] [verifyJobOrderDeleted] - Verified that order deleted successfully
