[INFO ] 2023-02-10 16:37:04.777 [directOrder.TG_5803_DirectOrderDeny] [VerifyUserRedirectToNewOrderFormViaDirectOrder] - Started==Verifying Confirm Job Order Details
[INFO ] 2023-02-10 16:37:08.228 [directOrder.TG_5803_DirectOrderDeny] [VerifyUserRedirectToNewOrderFormViaDirectOrder] - Entering Username
[INFO ] 2023-02-10 16:37:08.229 [directOrder.TG_5803_DirectOrderDeny] [enterUsername] - Entering new user's first name
[INFO ] 2023-02-10 16:37:09.590 [directOrder.TG_5803_DirectOrderDeny] [enterUsername] - User's first name entered successfully
[INFO ] 2023-02-10 16:37:09.590 [directOrder.TG_5803_DirectOrderDeny] [VerifyUserRedirectToNewOrderFormViaDirectOrder] - Username Entered Successfully
[INFO ] 2023-02-10 16:37:09.590 [directOrder.TG_5803_DirectOrderDeny] [VerifyUserRedirectToNewOrderFormViaDirectOrder] - Entering Password
[INFO ] 2023-02-10 16:37:09.590 [directOrder.TG_5803_DirectOrderDeny] [enterPassword] - Entering new user's last name
[INFO ] 2023-02-10 16:37:09.760 [directOrder.TG_5803_DirectOrderDeny] [enterPassword] - User's last name entered successfully
[INFO ] 2023-02-10 16:37:09.761 [directOrder.TG_5803_DirectOrderDeny] [VerifyUserRedirectToNewOrderFormViaDirectOrder] - Password Entered Successfully
[INFO ] 2023-02-10 16:37:09.761 [directOrder.TG_5803_DirectOrderDeny] [VerifyUserRedirectToNewOrderFormViaDirectOrder] - Clicking on Login Button
[INFO ] 2023-02-10 16:37:09.761 [directOrder.TG_5803_DirectOrderDeny] [clickLoginButton] - Clicking on Login Button
[INFO ] 2023-02-10 16:37:10.212 [directOrder.TG_5803_DirectOrderDeny] [clickLoginButton] - Close Pop Up clicked successfully
[INFO ] 2023-02-10 16:37:10.213 [directOrder.TG_5803_DirectOrderDeny] [VerifyUserRedirectToNewOrderFormViaDirectOrder] - Login Button Clicked Successfully
[INFO ] 2023-02-10 16:37:10.213 [directOrder.TG_5803_DirectOrderDeny] [VerifyUserRedirectToNewOrderFormViaDirectOrder] - Clicking on Staffing Companies
[INFO ] 2023-02-10 16:37:10.213 [directOrder.TG_5803_DirectOrderDeny] [clickStaffingCompanies] - Clicking on Staffing Companies Button
[INFO ] 2023-02-10 16:37:24.261 [directOrder.TG_5803_DirectOrderDeny] [clickStaffingCompanies] - Staffing Companies Button clicked successfully
[INFO ] 2023-02-10 16:37:24.262 [directOrder.TG_5803_DirectOrderDeny] [VerifyUserRedirectToNewOrderFormViaDirectOrder] - Staffing Companies Clickied Successfully
[INFO ] 2023-02-10 16:37:24.262 [directOrder.TG_5803_DirectOrderDeny] [VerifyUserRedirectToNewOrderFormViaDirectOrder] - Verifying Staffing Companies List
[INFO ] 2023-02-10 16:37:24.262 [directOrder.TG_5803_DirectOrderDeny] [verifyStaffingCompanyList] - Verify Staffing Company List is displayed
[INFO ] 2023-02-10 16:37:24.841 [directOrder.TG_5803_DirectOrderDeny] [verifyStaffingCompanyList] - Staffing Company List displayed successfully
[INFO ] 2023-02-10 16:37:24.842 [directOrder.TG_5803_DirectOrderDeny] [VerifyUserRedirectToNewOrderFormViaDirectOrder] - Staffing Companies List verified successfully
[INFO ] 2023-02-10 16:37:32.849 [directOrder.TG_5803_DirectOrderDeny] [clickHunderedFilter] - Clicking on 100 records button
[INFO ] 2023-02-10 16:37:33.089 [directOrder.TG_5803_DirectOrderDeny] [clickHunderedFilter] - 100 records button clicked Successfully
[INFO ] 2023-02-10 16:37:36.095 [directOrder.TG_5803_DirectOrderDeny] [VerifyUserRedirectToNewOrderFormViaDirectOrder] - Clicking Staffing Company
[INFO ] 2023-02-10 16:37:36.097 [directOrder.TG_5803_DirectOrderDeny] [clickStaffingCompany] - Clicking on Staffing Company
[INFO ] 2023-02-10 16:37:39.742 [directOrder.TG_5803_DirectOrderDeny] [clickStaffingCompany] - Staffing Company clicked successfully
[INFO ] 2023-02-10 16:37:39.743 [directOrder.TG_5803_DirectOrderDeny] [VerifyUserRedirectToNewOrderFormViaDirectOrder] - Staffing Company Clickied Successfully
[INFO ] 2023-02-10 16:37:42.749 [directOrder.TG_5803_DirectOrderDeny] [VerifyUserRedirectToNewOrderFormViaDirectOrder] - Clicking on Place Order Button
[INFO ] 2023-02-10 16:37:42.750 [directOrder.TG_5803_DirectOrderDeny] [clickPlaceOrderButton] - Clicking on Staffing Company
[INFO ] 2023-02-10 16:37:42.926 [directOrder.TG_5803_DirectOrderDeny] [clickPlaceOrderButton] - Staffing Company clicked successfully
[INFO ] 2023-02-10 16:37:42.927 [directOrder.TG_5803_DirectOrderDeny] [VerifyUserRedirectToNewOrderFormViaDirectOrder] - Place Order Button Clickied Successfully
[INFO ] 2023-02-10 16:37:42.988 [directOrder.TG_5803_DirectOrderDeny] [Tag_VerifyConfirmJobOrderDetails] - Started==Verifying Confirm Job Order Details
[INFO ] 2023-02-10 16:37:42.988 [directOrder.TG_5803_DirectOrderDeny] [enterEstDailyHours] - Entering EstDailyHours
[INFO ] 2023-02-10 16:37:51.295 [directOrder.TG_5803_DirectOrderDeny] [enterEstDailyHours] - EstDailyHours entered successfully
[INFO ] 2023-02-10 16:37:53.302 [directOrder.TG_5803_DirectOrderDeny] [enterStartDate] - Entering StartDate
[INFO ] 2023-02-10 16:37:58.819 [directOrder.TG_5803_DirectOrderDeny] [enterStartDate] - StartDate entered successfully
[INFO ] 2023-02-10 16:38:00.832 [directOrder.TG_5803_DirectOrderDeny] [enterEndDate] - Entering EndDate
[INFO ] 2023-02-10 16:38:06.452 [directOrder.TG_5803_DirectOrderDeny] [enterEndDate] - EndDate entered successfully
[INFO ] 2023-02-10 16:38:08.463 [directOrder.TG_5803_DirectOrderDeny] [enterStartTime] - Entering StartTime
[INFO ] 2023-02-10 16:38:09.359 [directOrder.TG_5803_DirectOrderDeny] [enterStartTime] - StartTime entered successfully
[INFO ] 2023-02-10 16:38:11.363 [directOrder.TG_5803_DirectOrderDeny] [enterAvailability] - Entering Availability
[INFO ] 2023-02-10 16:38:11.657 [directOrder.TG_5803_DirectOrderDeny] [enterAvailability] - Availabilit entered successfully
[INFO ] 2023-02-10 16:38:11.658 [directOrder.TG_5803_DirectOrderDeny] [enterJobSite] - Entering JobSite
[INFO ] 2023-02-10 16:38:15.871 [directOrder.TG_5803_DirectOrderDeny] [enterJobSite] - JobSite entered successfully
[INFO ] 2023-02-10 16:38:17.873 [directOrder.TG_5803_DirectOrderDeny] [enterJobTitle] - Entering JobTitle
[INFO ] 2023-02-10 16:38:18.886 [directOrder.TG_5803_DirectOrderDeny] [enterJobTitle] - JobTitle entered successfully
[INFO ] 2023-02-10 16:38:20.892 [directOrder.TG_5803_DirectOrderDeny] [enterNoOfWorker] - Entering No Of Workers
[INFO ] 2023-02-10 16:38:21.031 [directOrder.TG_5803_DirectOrderDeny] [enterNoOfWorker] - NoOfWorkers entered successfully
[INFO ] 2023-02-10 16:38:23.037 [directOrder.TG_5803_DirectOrderDeny] [enterESignature] - Entering ESignature
[INFO ] 2023-02-10 16:38:23.212 [directOrder.TG_5803_DirectOrderDeny] [enterESignature] - ESignature entered successfully
[INFO ] 2023-02-10 16:38:23.213 [directOrder.TG_5803_DirectOrderDeny] [clickAgreeContract] - clickAgreeContract
[INFO ] 2023-02-10 16:38:23.371 [directOrder.TG_5803_DirectOrderDeny] [clickAgreeContract] - clickAgreeContract successfully
[INFO ] 2023-02-10 16:38:26.451 [directOrder.TG_5803_DirectOrderDeny] [Tag_VerifyJobOrderIdAndPopupEmailSentSuccessfully] - Started==Verifying Job Order Id And Popup that Email Sent Successfully
[INFO ] 2023-02-10 16:39:00.562 [directOrder.TG_5803_DirectOrderDeny] [TG_3869_VerifyUserclicksJobOrderItNavigatestoJobOrderForm] - Entering Username
[INFO ] 2023-02-10 16:39:00.565 [directOrder.TG_5803_DirectOrderDeny] [enterUsername] - Entering new user's first name
[INFO ] 2023-02-10 16:39:00.687 [directOrder.TG_5803_DirectOrderDeny] [enterUsername] - User's first name entered successfully
[INFO ] 2023-02-10 16:39:00.687 [directOrder.TG_5803_DirectOrderDeny] [TG_3869_VerifyUserclicksJobOrderItNavigatestoJobOrderForm] - Username Entered Successfully
[INFO ] 2023-02-10 16:39:00.687 [directOrder.TG_5803_DirectOrderDeny] [TG_3869_VerifyUserclicksJobOrderItNavigatestoJobOrderForm] - Entering Password
[INFO ] 2023-02-10 16:39:00.688 [directOrder.TG_5803_DirectOrderDeny] [enterPassword] - Entering new user's last name
[INFO ] 2023-02-10 16:39:00.832 [directOrder.TG_5803_DirectOrderDeny] [enterPassword] - User's last name entered successfully
[INFO ] 2023-02-10 16:39:00.833 [directOrder.TG_5803_DirectOrderDeny] [TG_3869_VerifyUserclicksJobOrderItNavigatestoJobOrderForm] - Password Entered Successfully
[INFO ] 2023-02-10 16:39:00.833 [directOrder.TG_5803_DirectOrderDeny] [TG_3869_VerifyUserclicksJobOrderItNavigatestoJobOrderForm] - Clicking on Login Button
[INFO ] 2023-02-10 16:39:00.833 [directOrder.TG_5803_DirectOrderDeny] [clickLoginButton] - Clicking on Login Button
[INFO ] 2023-02-10 16:39:01.486 [directOrder.TG_5803_DirectOrderDeny] [clickLoginButton] - Close Pop Up clicked successfully
[INFO ] 2023-02-10 16:39:01.488 [directOrder.TG_5803_DirectOrderDeny] [TG_3869_VerifyUserclicksJobOrderItNavigatestoJobOrderForm] - Login Button Clicked Successfully
[INFO ] 2023-02-10 16:39:04.494 [directOrder.TG_5803_DirectOrderDeny] [TG_3869_VerifyUserclicksJobOrderItNavigatestoJobOrderForm] - Clicking on Notifications Icon
[INFO ] 2023-02-10 16:39:04.496 [directOrder.TG_5803_DirectOrderDeny] [clickNotificationIcon] - Clicking on Notifications
