[INFO ] 2023-01-22 22:33:58.716 [users.AddNewUserStaffing] [VerifyMandatoryFields] - Started==Verifying mandatory fields in Add New User form
[INFO ] 2023-01-22 22:34:03.444 [users.AddNewUserStaffing] [VerifyMandatoryFields] - Logging into the application using username: ankit_tag@yopmail.com
[INFO ] 2023-01-22 22:34:03.447 [users.AddNewUserStaffing] [enterUsername] - Entering new user's first name
[INFO ] 2023-01-22 22:34:04.855 [users.AddNewUserStaffing] [enterUsername] - User's first name entered successfully
[INFO ] 2023-01-22 22:34:04.856 [users.AddNewUserStaffing] [enterPassword] - Entering new user's last name
[INFO ] 2023-01-22 22:34:05.054 [users.AddNewUserStaffing] [enterPassword] - User's last name entered successfully
[INFO ] 2023-01-22 22:34:05.056 [users.AddNewUserStaffing] [clickLoginButton] - Clicking on Login Button
[INFO ] 2023-01-22 22:34:05.557 [users.AddNewUserStaffing] [clickLoginButton] - Close Pop Up clicked successfully
[INFO ] 2023-01-22 22:34:05.557 [users.AddNewUserStaffing] [VerifyMandatoryFields] - User: ankit_tag@yopmail.com logged in successfully
[INFO ] 2023-01-22 22:34:08.561 [users.AddNewUserStaffing] [clickUsersLinkOnHomePage] - Clicking Users link present on the homepage
[INFO ] 2023-01-22 22:34:17.093 [users.AddNewUserStaffing] [clickUsersLinkOnHomePage] - Users link present on the hompage clicked successfully.
[INFO ] 2023-01-22 22:34:28.524 [users.AddNewUserStaffing] [clearCompanyTypeField] - Clearing company type field
[INFO ] 2023-01-22 22:34:28.668 [users.AddNewUserStaffing] [clearCompanyTypeField] - Company Type field cleared Successfully
[INFO ] 2023-01-22 22:34:28.668 [users.AddNewUserStaffing] [clickLastNameField] - Clicking Last Name field
[INFO ] 2023-01-22 22:34:28.948 [users.AddNewUserStaffing] [clickLastNameField] - Last Name  field clicked successfully
[INFO ] 2023-01-22 22:34:28.949 [users.AddNewUserStaffing] [clickSavebutton] - Clicking save button
[INFO ] 2023-01-22 22:34:29.230 [users.AddNewUserStaffing] [clickSavebutton] - Save button clicked successfully
[INFO ] 2023-01-22 22:34:32.830 [users.AddNewUserStaffing] [verifyCreateNewUser] - Started==Verify user creation
[INFO ] 2023-01-22 22:34:32.831 [users.AddNewUserStaffing] [enterCompanyType] - Entering Company Type
[INFO ] 2023-01-22 22:34:33.229 [users.AddNewUserStaffing] [enterCompanyType] - Company Type Entered Successfully
[INFO ] 2023-01-22 22:34:33.229 [users.AddNewUserStaffing] [clickLastNameField] - Clicking Last Name field
[INFO ] 2023-01-22 22:34:33.347 [users.AddNewUserStaffing] [clickLastNameField] - Last Name  field clicked successfully
[INFO ] 2023-01-22 22:34:36.355 [users.AddNewUserStaffing] [enterUserEmail] - Entering user email address
[INFO ] 2023-01-22 22:34:36.614 [users.AddNewUserStaffing] [enterUserEmail] - Email entered successfully
[INFO ] 2023-01-22 22:34:36.615 [users.AddNewUserStaffing] [enterFirstNameField] - Entering First Name field
[INFO ] 2023-01-22 22:34:36.890 [users.AddNewUserStaffing] [enterFirstNameField] - First Name  entered successfully
[INFO ] 2023-01-22 22:34:36.890 [users.AddNewUserStaffing] [enterLastNameField] - Entering Last Name field
[INFO ] 2023-01-22 22:34:37.004 [users.AddNewUserStaffing] [enterLastNameField] - Last Name entered successfully
[INFO ] 2023-01-22 22:34:41.526 [users.AddNewUserStaffing] [clickLastNameField] - Clicking Last Name field
[INFO ] 2023-01-22 22:34:41.694 [users.AddNewUserStaffing] [clickLastNameField] - Last Name  field clicked successfully
[INFO ] 2023-01-22 22:34:41.699 [users.AddNewUserStaffing] [clickSavebutton] - Clicking save button
[INFO ] 2023-01-22 22:34:41.861 [users.AddNewUserStaffing] [clickSavebutton] - Save button clicked successfully
