[INFO ] 2023-01-25 02:05:26.534 [company.TG_4419_AssignEmployeeFromStaffing] [Tag_EndToEndFlowNewOrderHiring] - Started==Starting End To End Flow NewOrderHiring
[INFO ] 2023-01-25 02:05:30.072 [company.TG_4419_AssignEmployeeFromStaffing] [enterUsername] - Entering new user's first name
[INFO ] 2023-01-25 02:05:31.438 [company.TG_4419_AssignEmployeeFromStaffing] [enterUsername] - User's first name entered successfully
[INFO ] 2023-01-25 02:05:31.438 [company.TG_4419_AssignEmployeeFromStaffing] [enterPassword] - Entering new user's last name
[INFO ] 2023-01-25 02:05:31.706 [company.TG_4419_AssignEmployeeFromStaffing] [enterPassword] - User's last name entered successfully
[INFO ] 2023-01-25 02:05:31.707 [company.TG_4419_AssignEmployeeFromStaffing] [clickLoginButton] - Clicking on Login Button
[INFO ] 2023-01-25 02:05:32.194 [company.TG_4419_AssignEmployeeFromStaffing] [clickLoginButton] - Close Pop Up clicked successfully
[INFO ] 2023-01-25 02:05:32.195 [company.TG_4419_AssignEmployeeFromStaffing] [newOrderHiring] - Clicking on New Order Button
[INFO ] 2023-01-25 02:05:43.865 [company.TG_4419_AssignEmployeeFromStaffing] [newOrderHiring] - New Order Button clicked successfully
[INFO ] 2023-01-25 02:05:43.867 [company.TG_4419_AssignEmployeeFromStaffing] [newOrderHiring] - Entering EstDailyHours
[INFO ] 2023-01-25 02:05:52.798 [company.TG_4419_AssignEmployeeFromStaffing] [newOrderHiring] - EstDailyHours entered successfully
[INFO ] 2023-01-25 02:05:52.799 [company.TG_4419_AssignEmployeeFromStaffing] [newOrderHiring] - Entering StartDate
[INFO ] 2023-01-25 02:05:58.571 [company.TG_4419_AssignEmployeeFromStaffing] [newOrderHiring] - StartDate entered successfully
[INFO ] 2023-01-25 02:05:58.574 [company.TG_4419_AssignEmployeeFromStaffing] [newOrderHiring] - Entering EndDate
[INFO ] 2023-01-25 02:06:09.841 [company.TG_4419_AssignEmployeeFromStaffing] [newOrderHiring] - EndDate entered successfully
[INFO ] 2023-01-25 02:06:09.844 [company.TG_4419_AssignEmployeeFromStaffing] [newOrderHiring] - Entering StartTime
[INFO ] 2023-01-25 02:06:10.850 [company.TG_4419_AssignEmployeeFromStaffing] [newOrderHiring] - StartTime entered successfully
[INFO ] 2023-01-25 02:06:10.850 [company.TG_4419_AssignEmployeeFromStaffing] [newOrderHiring] - Entering Availability
[INFO ] 2023-01-25 02:06:11.351 [company.TG_4419_AssignEmployeeFromStaffing] [newOrderHiring] - Availabilit entered successfully
[INFO ] 2023-01-25 02:06:11.352 [company.TG_4419_AssignEmployeeFromStaffing] [newOrderHiring] - Entering JobSite
[INFO ] 2023-01-25 02:06:17.893 [company.TG_4419_AssignEmployeeFromStaffing] [newOrderHiring] - JobSite entered successfully
[INFO ] 2023-01-25 02:06:17.895 [company.TG_4419_AssignEmployeeFromStaffing] [newOrderHiring] - Entering JobTitle
[INFO ] 2023-01-25 02:06:27.015 [company.TG_4419_AssignEmployeeFromStaffing] [newOrderHiring] - JobTitle entered successfully
[INFO ] 2023-01-25 02:06:27.023 [company.TG_4419_AssignEmployeeFromStaffing] [newOrderHiring] - Entering No Of Workers
[INFO ] 2023-01-25 02:06:32.196 [company.TG_4419_AssignEmployeeFromStaffing] [newOrderHiring] - NoOfWorkers entered successfully
[INFO ] 2023-01-25 02:06:32.196 [company.TG_4419_AssignEmployeeFromStaffing] [newOrderHiring] - Entering ESignature
[INFO ] 2023-01-25 02:06:35.347 [company.TG_4419_AssignEmployeeFromStaffing] [newOrderHiring] - ESignature entered successfully
[INFO ] 2023-01-25 02:06:35.348 [company.TG_4419_AssignEmployeeFromStaffing] [newOrderHiring] - clickAgreeContract
[INFO ] 2023-01-25 02:06:35.517 [company.TG_4419_AssignEmployeeFromStaffing] [newOrderHiring] - clickAgreeContract successfully
[INFO ] 2023-01-25 02:06:35.518 [company.TG_4419_AssignEmployeeFromStaffing] [newOrderHiring] - clickSaveButton
[INFO ] 2023-01-25 02:06:35.685 [company.TG_4419_AssignEmployeeFromStaffing] [newOrderHiring] - SaveButton Clicked successfully
[INFO ] 2023-01-25 02:06:44.107 [company.TG_4419_AssignEmployeeFromStaffing] [newOrderHiring] - Job order link present on the home page clicked
[INFO ] 2023-01-25 02:06:52.290 [company.TG_4419_AssignEmployeeFromStaffing] [newOrderHiring] - Verify Job Order Id and Email Successfully
[INFO ] 2023-01-25 02:07:03.755 [company.TG_4419_AssignEmployeeFromStaffing] [Tag_CreateEmployeeFromStaffing] - Started==Starting End To End Flow CreateEmployeeFromStaffing
[INFO ] 2023-01-25 02:07:12.842 [company.TG_4419_AssignEmployeeFromStaffing] [enterUsername] - Entering new user's first name
[INFO ] 2023-01-25 02:07:12.953 [company.TG_4419_AssignEmployeeFromStaffing] [enterUsername] - User's first name entered successfully
[INFO ] 2023-01-25 02:07:12.954 [company.TG_4419_AssignEmployeeFromStaffing] [enterPassword] - Entering new user's last name
[INFO ] 2023-01-25 02:07:13.029 [company.TG_4419_AssignEmployeeFromStaffing] [enterPassword] - User's last name entered successfully
[INFO ] 2023-01-25 02:07:13.029 [company.TG_4419_AssignEmployeeFromStaffing] [clickLoginButton] - Clicking on Login Button
[INFO ] 2023-01-25 02:07:13.130 [company.TG_4419_AssignEmployeeFromStaffing] [clickLoginButton] - Close Pop Up clicked successfully
[INFO ] 2023-01-25 02:07:42.964 [company.TG_4419_AssignEmployeeFromStaffing] [clickAddNewEployeeButton] - Clicking on Add New Employee Button
[INFO ] 2023-01-25 02:07:43.722 [company.TG_4419_AssignEmployeeFromStaffing] [clickAddNewEployeeButton] - Employee button clicked successfully
[INFO ] 2023-01-25 02:07:48.730 [company.TG_4419_AssignEmployeeFromStaffing] [enterCompanyName] - Entering Company Name
[INFO ] 2023-01-25 02:07:49.140 [company.TG_4419_AssignEmployeeFromStaffing] [enterCompanyName] - Company Name entered successfully
[INFO ] 2023-01-25 02:07:51.148 [company.TG_4419_AssignEmployeeFromStaffing] [enterFirstName] - Entering First Name
[INFO ] 2023-01-25 02:07:51.306 [company.TG_4419_AssignEmployeeFromStaffing] [enterFirstName] - First Name entered successfully
[INFO ] 2023-01-25 02:07:53.312 [company.TG_4419_AssignEmployeeFromStaffing] [enterLastName] - Entering Last Name
[INFO ] 2023-01-25 02:07:53.419 [company.TG_4419_AssignEmployeeFromStaffing] [enterLastName] - Last Name entered successfully
[INFO ] 2023-01-25 02:07:55.425 [company.TG_4419_AssignEmployeeFromStaffing] [enterDateOfBirthField] - Entering date of birth
[INFO ] 2023-01-25 02:07:56.622 [company.TG_4419_AssignEmployeeFromStaffing] [enterDateOfBirthField] - Date of birth entered successfully
[INFO ] 2023-01-25 02:07:58.630 [company.TG_4419_AssignEmployeeFromStaffing] [enterEmail] - Entering email
[INFO ] 2023-01-25 02:07:58.845 [company.TG_4419_AssignEmployeeFromStaffing] [enterEmail] - Email entered successfully
[INFO ] 2023-01-25 02:08:00.852 [company.TG_4419_AssignEmployeeFromStaffing] [selectSearchOnMapsCheckbox] - Selecting search on Maps checkbox
[INFO ] 2023-01-25 02:08:03.151 [company.TG_4419_AssignEmployeeFromStaffing] [selectSearchOnMapsCheckbox] - Search on maps checkbox selected
[INFO ] 2023-01-25 02:08:05.158 [company.TG_4419_AssignEmployeeFromStaffing] [enterEmployeeAddressOnMaps] - Etering employee address on maps
[INFO ] 2023-01-25 02:08:06.496 [company.TG_4419_AssignEmployeeFromStaffing] [enterEmployeeAddressOnMaps] - Employee entered successfully
[INFO ] 2023-01-25 02:08:08.503 [company.TG_4419_AssignEmployeeFromStaffing] [clickSaveButton] - Clicking Save button
[INFO ] 2023-01-25 02:08:08.831 [company.TG_4419_AssignEmployeeFromStaffing] [clickSaveButton] - Save button clicked successfully
[INFO ] 2023-01-25 02:08:49.016 [company.TG_4419_AssignEmployeeFromStaffing] [getEmployeeIdFromEmaployeeDetailsPage] - Fetching employee id
[INFO ] 2023-01-25 02:08:49.124 [company.TG_4419_AssignEmployeeFromStaffing] [getEmployeeIdFromEmaployeeDetailsPage] - Employee id fetched successfully
[INFO ] 2023-01-25 02:08:49.349 [company.TG_4419_AssignEmployeeFromStaffing] [Tag_EndToEndFlowClaimFromStaffing] - Started==Starting End To End Flow ClaimFromStaffing
[INFO ] 2023-01-25 02:08:49.349 [company.TG_4419_AssignEmployeeFromStaffing] [ClaimOrderForStaffing] - Clicking Job orders menu present on the staffing homepage navigates to joborder listing form 
[INFO ] 2023-01-25 02:09:05.480 [company.TG_4419_AssignEmployeeFromStaffing] [selectParticularJobOrderFromListingStaffing] - Selecting Particular Joborder on the listing
