[INFO ] 2023-01-31 17:12:49.630 [directOrder.DirectOrderDeny] [VerifyUserRedirectToNewOrderFormViaDirectOrder] - Started==Verifying Confirm Job Order Details
[INFO ] 2023-01-31 17:12:55.169 [directOrder.DirectOrderDeny] [enterUsername] - Entering new user's first name
[INFO ] 2023-01-31 17:12:56.560 [directOrder.DirectOrderDeny] [enterUsername] - User's first name entered successfully
[INFO ] 2023-01-31 17:12:56.560 [directOrder.DirectOrderDeny] [enterPassword] - Entering new user's last name
[INFO ] 2023-01-31 17:12:56.802 [directOrder.DirectOrderDeny] [enterPassword] - User's last name entered successfully
[INFO ] 2023-01-31 17:12:56.804 [directOrder.DirectOrderDeny] [clickLoginButton] - Clicking on Login Button
[INFO ] 2023-01-31 17:12:57.194 [directOrder.DirectOrderDeny] [clickLoginButton] - Close Pop Up clicked successfully
[INFO ] 2023-01-31 17:12:57.194 [directOrder.DirectOrderDeny] [clickStaffingCompanies] - Clicking on Staffing Companies Button
[INFO ] 2023-01-31 17:13:08.989 [directOrder.DirectOrderDeny] [clickStaffingCompanies] - Staffing Companies Button clicked successfully
[INFO ] 2023-01-31 17:13:08.990 [directOrder.DirectOrderDeny] [verifyStaffingCompanyList] - Verify Staffing Company List is displayed
[INFO ] 2023-01-31 17:13:13.427 [directOrder.DirectOrderDeny] [verifyStaffingCompanyList] - Staffing Company List displayed successfully
[INFO ] 2023-01-31 17:13:18.434 [directOrder.DirectOrderDeny] [clickStaffingCompany] - Clicking on Staffing Company
[INFO ] 2023-01-31 17:13:20.178 [directOrder.DirectOrderDeny] [clickStaffingCompany] - Staffing Company clicked successfully
[INFO ] 2023-01-31 17:13:23.190 [directOrder.DirectOrderDeny] [clickPlaceOrderButton] - Clicking on Staffing Company
[INFO ] 2023-01-31 17:13:23.478 [directOrder.DirectOrderDeny] [clickPlaceOrderButton] - Staffing Company clicked successfully
[INFO ] 2023-01-31 17:13:23.547 [directOrder.DirectOrderDeny] [Tag_EndToEndFlowNewOrderHiring] - Started==Starting End To End Flow NewOrderHiring
[INFO ] 2023-01-31 17:13:23.547 [directOrder.DirectOrderDeny] [newOrderHiring] - Clicking on New Order Button
[INFO ] 2023-01-31 17:13:31.184 [directOrder.DirectOrderDeny] [newOrderHiring] - New Order Button clicked successfully
[INFO ] 2023-01-31 17:13:31.185 [directOrder.DirectOrderDeny] [newOrderHiring] - Entering EstDailyHours
[INFO ] 2023-01-31 17:13:38.656 [directOrder.DirectOrderDeny] [newOrderHiring] - EstDailyHours entered successfully
[INFO ] 2023-01-31 17:13:38.657 [directOrder.DirectOrderDeny] [newOrderHiring] - Entering StartDate
[INFO ] 2023-01-31 17:13:44.257 [directOrder.DirectOrderDeny] [newOrderHiring] - StartDate entered successfully
[INFO ] 2023-01-31 17:13:44.258 [directOrder.DirectOrderDeny] [newOrderHiring] - Entering EndDate
