[INFO ] 2023-02-26 20:02:48.484 [directOrder.TG_5802_DirectOrderPartialClaim] [enterUsername] - Entering new user's first name
[INFO ] 2023-02-26 20:02:50.152 [directOrder.TG_5802_DirectOrderPartialClaim] [enterUsername] - User's first name entered successfully
[INFO ] 2023-02-26 20:02:50.152 [directOrder.TG_5802_DirectOrderPartialClaim] [enterPassword] - Entering new user's last name
[INFO ] 2023-02-26 20:02:50.339 [directOrder.TG_5802_DirectOrderPartialClaim] [enterPassword] - User's last name entered successfully
[INFO ] 2023-02-26 20:02:50.340 [directOrder.TG_5802_DirectOrderPartialClaim] [clickLoginButton] - Clicking on Login Button
[INFO ] 2023-02-26 20:02:50.838 [directOrder.TG_5802_DirectOrderPartialClaim] [clickLoginButton] - Close Pop Up clicked successfully
[INFO ] 2023-02-26 20:02:50.838 [directOrder.TG_5802_DirectOrderPartialClaim] [clickStaffingCompanies] - Clicking on Staffing Companies Button
[INFO ] 2023-02-26 20:03:05.725 [directOrder.TG_5802_DirectOrderPartialClaim] [clickStaffingCompanies] - Staffing Companies Button clicked successfully
[INFO ] 2023-02-26 20:03:05.727 [directOrder.TG_5802_DirectOrderPartialClaim] [verifyStaffingCompanyList] - Verify Staffing Company List is displayed
[INFO ] 2023-02-26 20:03:06.317 [directOrder.TG_5802_DirectOrderPartialClaim] [verifyStaffingCompanyList] - Staffing Company List displayed successfully
[INFO ] 2023-02-26 20:03:06.317 [directOrder.TG_5802_DirectOrderPartialClaim] [clickDistanceFilter] - Clicking on Deny Button
[INFO ] 2023-02-26 20:03:06.651 [directOrder.TG_5802_DirectOrderPartialClaim] [clickDistanceFilter] - Deny Button clicked successfully
[INFO ] 2023-02-26 20:03:09.657 [directOrder.TG_5802_DirectOrderPartialClaim] [clickClearFilter] - Clicking on Deny Button
[INFO ] 2023-02-26 20:03:09.929 [directOrder.TG_5802_DirectOrderPartialClaim] [clickClearFilter] - Deny Button clicked successfully
[INFO ] 2023-02-26 20:03:20.944 [directOrder.TG_5802_DirectOrderPartialClaim] [clickHundredFilter] - Clicking on 100 records button
[INFO ] 2023-02-26 20:03:21.124 [directOrder.TG_5802_DirectOrderPartialClaim] [clickHundredFilter] - 100 records button clicked Successfully
[INFO ] 2023-02-26 20:03:26.136 [directOrder.TG_5802_DirectOrderPartialClaim] [clickStaffingCompanyDirectOrder] - Clicking on Staffing Companies Button
[INFO ] 2023-02-26 20:03:27.890 [directOrder.TG_5802_DirectOrderPartialClaim] [clickStaffingCompanyDirectOrder] - Staffing Companies Button clicked successfully
[INFO ] 2023-02-26 20:03:30.901 [directOrder.TG_5802_DirectOrderPartialClaim] [clickPlaceOrderButton] - Clicking on Staffing Company
[INFO ] 2023-02-26 20:03:31.081 [directOrder.TG_5802_DirectOrderPartialClaim] [clickPlaceOrderButton] - Staffing Company clicked successfully
[INFO ] 2023-02-26 20:03:31.082 [directOrder.TG_5802_DirectOrderPartialClaim] [enterEstDailyHours] - Entering EstDailyHours
[INFO ] 2023-02-26 20:03:39.525 [directOrder.TG_5802_DirectOrderPartialClaim] [enterEstDailyHours] - EstDailyHours entered successfully
[INFO ] 2023-02-26 20:03:41.534 [directOrder.TG_5802_DirectOrderPartialClaim] [enterStartDate] - Entering StartDate
[INFO ] 2023-02-26 20:03:46.991 [directOrder.TG_5802_DirectOrderPartialClaim] [enterStartDate] - StartDate entered successfully
[INFO ] 2023-02-26 20:03:49.002 [directOrder.TG_5802_DirectOrderPartialClaim] [enterEndDate] - Entering EndDate
[INFO ] 2023-02-26 20:03:54.559 [directOrder.TG_5802_DirectOrderPartialClaim] [enterEndDate] - EndDate entered successfully
[INFO ] 2023-02-26 20:03:56.576 [directOrder.TG_5802_DirectOrderPartialClaim] [enterStartTime] - Entering StartTime
[INFO ] 2023-02-26 20:03:57.815 [directOrder.TG_5802_DirectOrderPartialClaim] [enterStartTime] - StartTime entered successfully
[INFO ] 2023-02-26 20:03:59.867 [directOrder.TG_5802_DirectOrderPartialClaim] [enterAvailability] - Entering Availability
[INFO ] 2023-02-26 20:04:00.260 [directOrder.TG_5802_DirectOrderPartialClaim] [enterAvailability] - Availabilit entered successfully
[INFO ] 2023-02-26 20:04:00.260 [directOrder.TG_5802_DirectOrderPartialClaim] [enterJobSite] - Entering JobSite
[INFO ] 2023-02-26 20:04:04.763 [directOrder.TG_5802_DirectOrderPartialClaim] [enterJobSite] - JobSite entered successfully
[INFO ] 2023-02-26 20:04:06.782 [directOrder.TG_5802_DirectOrderPartialClaim] [enterJobTitle] - Entering JobTitle
[INFO ] 2023-02-26 20:04:07.954 [directOrder.TG_5802_DirectOrderPartialClaim] [enterJobTitle] - JobTitle entered successfully
[INFO ] 2023-02-26 20:04:09.986 [directOrder.TG_5802_DirectOrderPartialClaim] [enterNoOfWorker] - Entering No Of Workers
[INFO ] 2023-02-26 20:04:10.119 [directOrder.TG_5802_DirectOrderPartialClaim] [enterNoOfWorker] - NoOfWorkers entered successfully
[INFO ] 2023-02-26 20:04:12.127 [directOrder.TG_5802_DirectOrderPartialClaim] [enterESignature] - Entering ESignature
[INFO ] 2023-02-26 20:04:12.299 [directOrder.TG_5802_DirectOrderPartialClaim] [enterESignature] - ESignature entered successfully
[INFO ] 2023-02-26 20:04:12.300 [directOrder.TG_5802_DirectOrderPartialClaim] [clickAgreeContract] - clickAgreeContract
[INFO ] 2023-02-26 20:04:12.484 [directOrder.TG_5802_DirectOrderPartialClaim] [clickAgreeContract] - clickAgreeContract successfully
