[INFO ] 2023-02-05 22:07:54.766 [employees.TG_3963_AddNewEmployee] [VerifyCreateNewEmployee] - Started==Verifying Company Type  and Company Name are mandatory fields
[INFO ] 2023-02-05 22:07:58.617 [employees.TG_3963_AddNewEmployee] [enterUsername] - Entering new user's first name
[INFO ] 2023-02-05 22:08:00.385 [employees.TG_3963_AddNewEmployee] [enterUsername] - User's first name entered successfully
[INFO ] 2023-02-05 22:08:00.386 [employees.TG_3963_AddNewEmployee] [enterPassword] - Entering new user's last name
[INFO ] 2023-02-05 22:08:00.594 [employees.TG_3963_AddNewEmployee] [enterPassword] - User's last name entered successfully
[INFO ] 2023-02-05 22:08:00.595 [employees.TG_3963_AddNewEmployee] [clickLoginButton] - Clicking on Login Button
[INFO ] 2023-02-05 22:08:01.017 [employees.TG_3963_AddNewEmployee] [clickLoginButton] - Close Pop Up clicked successfully
[INFO ] 2023-02-05 22:08:01.018 [employees.TG_3963_AddNewEmployee] [VerifyCreateNewEmployee] - Login Successful
[INFO ] 2023-02-05 22:08:35.955 [employees.TG_3963_AddNewEmployee] [clickAddNewEployeeButton] - Clicking on Add New Employee Button
[INFO ] 2023-02-05 22:08:37.940 [employees.TG_3963_AddNewEmployee] [clickAddNewEployeeButton] - Employee button clicked successfully
[INFO ] 2023-02-05 22:08:42.948 [employees.TG_3963_AddNewEmployee] [enterCompanyName] - Entering Company Name
[INFO ] 2023-02-05 22:08:43.694 [employees.TG_3963_AddNewEmployee] [enterCompanyName] - Company Name entered successfully
[INFO ] 2023-02-05 22:08:45.700 [employees.TG_3963_AddNewEmployee] [enterFirstName] - Entering First Name
[INFO ] 2023-02-05 22:08:45.858 [employees.TG_3963_AddNewEmployee] [enterFirstName] - First Name entered successfully
[INFO ] 2023-02-05 22:08:47.866 [employees.TG_3963_AddNewEmployee] [enterLastName] - Entering Last Name
[INFO ] 2023-02-05 22:08:48.081 [employees.TG_3963_AddNewEmployee] [enterLastName] - Last Name entered successfully
[INFO ] 2023-02-05 22:08:50.089 [employees.TG_3963_AddNewEmployee] [enterDateOfBirthField] - Entering date of birth
[INFO ] 2023-02-05 22:08:51.700 [employees.TG_3963_AddNewEmployee] [enterDateOfBirthField] - Date of birth entered successfully
[INFO ] 2023-02-05 22:08:53.706 [employees.TG_3963_AddNewEmployee] [enterEmail] - Entering email
[INFO ] 2023-02-05 22:08:53.927 [employees.TG_3963_AddNewEmployee] [enterEmail] - Email entered successfully
[INFO ] 2023-02-05 22:08:55.934 [employees.TG_3963_AddNewEmployee] [selectSearchOnMapsCheckbox] - Selecting search on Maps checkbox
[INFO ] 2023-02-05 22:08:58.391 [employees.TG_3963_AddNewEmployee] [selectSearchOnMapsCheckbox] - Search on maps checkbox selected
[INFO ] 2023-02-05 22:09:00.396 [employees.TG_3963_AddNewEmployee] [enterEmployeeAddressOnMaps] - Etering employee address on maps
[INFO ] 2023-02-05 22:09:01.907 [employees.TG_3963_AddNewEmployee] [enterEmployeeAddressOnMaps] - Employee entered successfully
[INFO ] 2023-02-05 22:09:03.913 [employees.TG_3963_AddNewEmployee] [clickSaveButton] - Clicking Save button
[INFO ] 2023-02-05 22:09:04.164 [employees.TG_3963_AddNewEmployee] [clickSaveButton] - Save button clicked successfully
[INFO ] 2023-02-05 22:09:44.174 [employees.TG_3963_AddNewEmployee] [getEmployeeNameFromEmaployeeDetailsPage] - Fetching employee Name
[INFO ] 2023-02-05 22:09:44.338 [employees.TG_3963_AddNewEmployee] [getEmployeeNameFromEmaployeeDetailsPage] - Employee Name fetched successfully
