[INFO ] 2023-01-05 05:16:54.613 [CRM.TG_5558_Staffing_Company_Creation_Via_TAG] [TG_5461_VerifyUserIsAbleToRouteToLeadFormSuccessfully] - Logging in
[INFO ] 2023-01-05 05:16:56.805 [CRM.TG_5558_Staffing_Company_Creation_Via_TAG] [TG_5461_VerifyUserIsAbleToRouteToLeadFormSuccessfully] - Entering Username
[INFO ] 2023-01-05 05:16:56.805 [CRM.TG_5558_Staffing_Company_Creation_Via_TAG] [enterUsername] - Entering new user's first name
[INFO ] 2023-01-05 05:16:57.379 [CRM.TG_5558_Staffing_Company_Creation_Via_TAG] [enterUsername] - User's first name entered successfully
[INFO ] 2023-01-05 05:16:57.380 [CRM.TG_5558_Staffing_Company_Creation_Via_TAG] [TG_5461_VerifyUserIsAbleToRouteToLeadFormSuccessfully] - Username Entered Successfully
[INFO ] 2023-01-05 05:16:57.380 [CRM.TG_5558_Staffing_Company_Creation_Via_TAG] [TG_5461_VerifyUserIsAbleToRouteToLeadFormSuccessfully] - Entering Password
[INFO ] 2023-01-05 05:16:57.380 [CRM.TG_5558_Staffing_Company_Creation_Via_TAG] [enterPassword] - Entering new user's last name
[INFO ] 2023-01-05 05:16:58.112 [CRM.TG_5558_Staffing_Company_Creation_Via_TAG] [enterPassword] - User's last name entered successfully
[INFO ] 2023-01-05 05:16:58.112 [CRM.TG_5558_Staffing_Company_Creation_Via_TAG] [TG_5461_VerifyUserIsAbleToRouteToLeadFormSuccessfully] - Password Entered Successfully
[INFO ] 2023-01-05 05:16:58.113 [CRM.TG_5558_Staffing_Company_Creation_Via_TAG] [TG_5461_VerifyUserIsAbleToRouteToLeadFormSuccessfully] - Clicking on Login Button
[INFO ] 2023-01-05 05:16:58.113 [CRM.TG_5558_Staffing_Company_Creation_Via_TAG] [clickLoginButton] - Clicking on Login Button
[INFO ] 2023-01-05 05:16:59.144 [CRM.TG_5558_Staffing_Company_Creation_Via_TAG] [clickLoginButton] - Close Pop Up clicked successfully
[INFO ] 2023-01-05 05:16:59.152 [CRM.TG_5558_Staffing_Company_Creation_Via_TAG] [TG_5461_VerifyUserIsAbleToRouteToLeadFormSuccessfully] - Verifying CRM Icon
[INFO ] 2023-01-05 05:16:59.152 [CRM.TG_5558_Staffing_Company_Creation_Via_TAG] [verifyCRMTextOnStaffingHomepage] - Check for CRM Icon on Homepage
[INFO ] 2023-01-05 05:17:09.188 [CRM.TG_5558_Staffing_Company_Creation_Via_TAG] [verifyCRMTextOnStaffingHomepage] - CRM Icon displayed successfully
[INFO ] 2023-01-05 05:17:09.194 [CRM.TG_5558_Staffing_Company_Creation_Via_TAG] [TG_5461_VerifyUserIsAbleToRouteToLeadFormSuccessfully] - CRM Icon Verified successfully
[INFO ] 2023-01-05 05:17:09.195 [CRM.TG_5558_Staffing_Company_Creation_Via_TAG] [TG_5461_VerifyUserIsAbleToRouteToLeadFormSuccessfully] - Clicking on CRM Icon
[INFO ] 2023-01-05 05:17:09.195 [CRM.TG_5558_Staffing_Company_Creation_Via_TAG] [clickCRMIcoOnHomepage] - Clicking on CRM Button
[INFO ] 2023-01-05 05:17:10.764 [CRM.TG_5558_Staffing_Company_Creation_Via_TAG] [clickCRMIcoOnHomepage] - CRM Button clicked successfully
[INFO ] 2023-01-05 05:17:10.765 [CRM.TG_5558_Staffing_Company_Creation_Via_TAG] [TG_5461_VerifyUserIsAbleToRouteToLeadFormSuccessfully] - CRM Icon Clicked Successfully
[INFO ] 2023-01-05 05:17:12.771 [CRM.TG_5558_Staffing_Company_Creation_Via_TAG] [TG_5461_VerifyUserIsAbleToRouteToLeadFormSuccessfully] - Clicking on Lead Icon
[INFO ] 2023-01-05 05:17:12.774 [CRM.TG_5558_Staffing_Company_Creation_Via_TAG] [clickLeadIcon] - Clicking on Lead Button
[INFO ] 2023-01-05 05:17:14.507 [CRM.TG_5558_Staffing_Company_Creation_Via_TAG] [clickLeadIcon] - Lead Button clicked successfully
[INFO ] 2023-01-05 05:17:14.509 [CRM.TG_5558_Staffing_Company_Creation_Via_TAG] [TG_5461_VerifyUserIsAbleToRouteToLeadFormSuccessfully] - Lead Icon Clicked Successfully
[INFO ] 2023-01-05 05:17:16.515 [CRM.TG_5558_Staffing_Company_Creation_Via_TAG] [TG_5461_VerifyUserIsAbleToRouteToLeadFormSuccessfully] - Verify Listing Form
[INFO ] 2023-01-05 05:17:16.517 [CRM.TG_5558_Staffing_Company_Creation_Via_TAG] [verifyLeadListingForm] - Check for Lead Title
[INFO ] 2023-01-05 05:17:16.604 [CRM.TG_5558_Staffing_Company_Creation_Via_TAG] [verifyLeadListingForm] - Lead Title displayed successfully
[INFO ] 2023-01-05 05:17:16.604 [CRM.TG_5558_Staffing_Company_Creation_Via_TAG] [TG_5461_VerifyUserIsAbleToRouteToLeadFormSuccessfully] - Listing Form verified successfully
[INFO ] 2023-01-05 05:17:18.610 [CRM.TG_5558_Staffing_Company_Creation_Via_TAG] [TG_5461_VerifyUserIsAbleToRouteToLeadFormSuccessfully] - Clicking on Add Lead Button
[INFO ] 2023-01-05 05:17:18.613 [CRM.TG_5558_Staffing_Company_Creation_Via_TAG] [clickAddLeadButton] - Clicking on Lead Button
[INFO ] 2023-01-05 05:17:19.665 [CRM.TG_5558_Staffing_Company_Creation_Via_TAG] [clickAddLeadButton] - Add Lead Button clicked successfully
[INFO ] 2023-01-05 05:17:19.665 [CRM.TG_5558_Staffing_Company_Creation_Via_TAG] [TG_5461_VerifyUserIsAbleToRouteToLeadFormSuccessfully] - Add Lead Button Clicked Successfully
[INFO ] 2023-01-05 05:17:21.671 [CRM.TG_5558_Staffing_Company_Creation_Via_TAG] [TG_5461_VerifyUserIsAbleToRouteToLeadFormSuccessfully] - Verifying the Lead Form Title
[INFO ] 2023-01-05 05:17:21.673 [CRM.TG_5558_Staffing_Company_Creation_Via_TAG] [verifyLeadForm] - Check for New Lead Form
[INFO ] 2023-01-05 05:17:21.747 [CRM.TG_5558_Staffing_Company_Creation_Via_TAG] [verifyLeadForm] - New Lead Form displayed successfully
[INFO ] 2023-01-05 05:17:21.747 [CRM.TG_5558_Staffing_Company_Creation_Via_TAG] [TG_5461_VerifyUserIsAbleToRouteToLeadFormSuccessfully] - Lead Form Title is Verified Successfully
[INFO ] 2023-01-05 05:17:21.797 [CRM.TG_5558_Staffing_Company_Creation_Via_TAG] [TG_5466_VerifyLeadCreatedSuccessfully] - Verifying Mandatory Fields
[INFO ] 2023-01-05 05:17:21.798 [CRM.TG_5558_Staffing_Company_Creation_Via_TAG] [clickSaveButton] - Clicking on Save Button
[INFO ] 2023-01-05 05:17:22.168 [CRM.TG_5558_Staffing_Company_Creation_Via_TAG] [clickSaveButton] - Save Button clicked successfully
[INFO ] 2023-01-05 05:17:24.175 [CRM.TG_5558_Staffing_Company_Creation_Via_TAG] [verifyMandatoryFieldIsBlank] - Verifying the Mandatory Field Pop-Up Title
[INFO ] 2023-01-05 05:17:24.251 [CRM.TG_5558_Staffing_Company_Creation_Via_TAG] [verifyMandatoryFieldIsBlank] - Mandatory Field Pop-Up Title displayed Successfully
[INFO ] 2023-01-05 05:17:26.257 [CRM.TG_5558_Staffing_Company_Creation_Via_TAG] [TG_5466_VerifyLeadCreatedSuccessfully] - Closing the Pop-up
[INFO ] 2023-01-05 05:17:26.257 [CRM.TG_5558_Staffing_Company_Creation_Via_TAG] [closeBlankMandatoryFieldDialogBox] - Clicking on Close Pop-Up Icon
[INFO ] 2023-01-05 05:17:26.449 [CRM.TG_5558_Staffing_Company_Creation_Via_TAG] [closeBlankMandatoryFieldDialogBox] - Close Pop-Up Icon Clicked Successfully
[INFO ] 2023-01-05 05:17:26.449 [CRM.TG_5558_Staffing_Company_Creation_Via_TAG] [TG_5466_VerifyLeadCreatedSuccessfully] - Pop-up closed Successfully
[INFO ] 2023-01-05 05:17:28.455 [CRM.TG_5558_Staffing_Company_Creation_Via_TAG] [TG_5466_VerifyLeadCreatedSuccessfully] - Entering First Name
[INFO ] 2023-01-05 05:17:28.460 [CRM.TG_5558_Staffing_Company_Creation_Via_TAG] [enterFirstName] - Entering First Name
[INFO ] 2023-01-05 05:17:28.733 [CRM.TG_5558_Staffing_Company_Creation_Via_TAG] [enterFirstName] - First Name Entered Successfully
[INFO ] 2023-01-05 05:17:28.733 [CRM.TG_5558_Staffing_Company_Creation_Via_TAG] [TG_5466_VerifyLeadCreatedSuccessfully] - First Name Entered Successfully
[INFO ] 2023-01-05 05:17:28.733 [CRM.TG_5558_Staffing_Company_Creation_Via_TAG] [TG_5466_VerifyLeadCreatedSuccessfully] - Entering Last Name
[INFO ] 2023-01-05 05:17:28.734 [CRM.TG_5558_Staffing_Company_Creation_Via_TAG] [enterLastName] - Entering Last Name
[INFO ] 2023-01-05 05:17:28.863 [CRM.TG_5558_Staffing_Company_Creation_Via_TAG] [enterLastName] - Last Name Entered Successfully
[INFO ] 2023-01-05 05:17:28.864 [CRM.TG_5558_Staffing_Company_Creation_Via_TAG] [TG_5466_VerifyLeadCreatedSuccessfully] - Last Name Entered Successfully
[INFO ] 2023-01-05 05:17:28.864 [CRM.TG_5558_Staffing_Company_Creation_Via_TAG] [TG_5466_VerifyLeadCreatedSuccessfully] - Entering Company Type
[INFO ] 2023-01-05 05:17:28.864 [CRM.TG_5558_Staffing_Company_Creation_Via_TAG] [enterCompanyType] - Entering Lead
[INFO ] 2023-01-05 05:17:29.009 [CRM.TG_5558_Staffing_Company_Creation_Via_TAG] [enterCompanyType] - Lead Entered Successfully
[INFO ] 2023-01-05 05:17:29.009 [CRM.TG_5558_Staffing_Company_Creation_Via_TAG] [TG_5466_VerifyLeadCreatedSuccessfully] - Company Type Entered Successfully
[INFO ] 2023-01-05 05:17:29.010 [CRM.TG_5558_Staffing_Company_Creation_Via_TAG] [TG_5466_VerifyLeadCreatedSuccessfully] - Entering Company Name
[INFO ] 2023-01-05 05:17:29.010 [CRM.TG_5558_Staffing_Company_Creation_Via_TAG] [enterCompanyName] - Entering Company Name
[INFO ] 2023-01-05 05:17:29.089 [CRM.TG_5558_Staffing_Company_Creation_Via_TAG] [enterCompanyName] - Company Name Entered Successfully
[INFO ] 2023-01-05 05:17:29.089 [CRM.TG_5558_Staffing_Company_Creation_Via_TAG] [TG_5466_VerifyLeadCreatedSuccessfully] - Company Name Entered Successfully
[INFO ] 2023-01-05 05:17:29.089 [CRM.TG_5558_Staffing_Company_Creation_Via_TAG] [TG_5466_VerifyLeadCreatedSuccessfully] - Entering Email
[INFO ] 2023-01-05 05:17:29.090 [CRM.TG_5558_Staffing_Company_Creation_Via_TAG] [enterEmail] - Entering Email
[INFO ] 2023-01-05 05:17:29.395 [CRM.TG_5558_Staffing_Company_Creation_Via_TAG] [enterEmail] - Email Entered Successfully
[INFO ] 2023-01-05 05:17:29.395 [CRM.TG_5558_Staffing_Company_Creation_Via_TAG] [TG_5466_VerifyLeadCreatedSuccessfully] - Email Entered Successfully
[INFO ] 2023-01-05 05:17:31.401 [CRM.TG_5558_Staffing_Company_Creation_Via_TAG] [TG_5466_VerifyLeadCreatedSuccessfully] - Entering Phone Number
[INFO ] 2023-01-05 05:17:31.402 [CRM.TG_5558_Staffing_Company_Creation_Via_TAG] [enterPhoneNumber] - Entering Phone Number
[INFO ] 2023-01-05 05:17:31.545 [CRM.TG_5558_Staffing_Company_Creation_Via_TAG] [enterPhoneNumber] - Phone Number Entered Successfully
[INFO ] 2023-01-05 05:17:31.546 [CRM.TG_5558_Staffing_Company_Creation_Via_TAG] [TG_5466_VerifyLeadCreatedSuccessfully] - Phone Number Entered Successfully
[INFO ] 2023-01-05 05:17:31.547 [CRM.TG_5558_Staffing_Company_Creation_Via_TAG] [TG_5466_VerifyLeadCreatedSuccessfully] - Selecting the Search on Maps Checkbox
[INFO ] 2023-01-05 05:17:31.547 [CRM.TG_5558_Staffing_Company_Creation_Via_TAG] [selectSearchOnMapsCheckbox] - Selecting search on Maps checkbox
[INFO ] 2023-01-05 05:17:34.009 [CRM.TG_5558_Staffing_Company_Creation_Via_TAG] [selectSearchOnMapsCheckbox] - Search on maps checkbox selected
[INFO ] 2023-01-05 05:17:34.011 [CRM.TG_5558_Staffing_Company_Creation_Via_TAG] [TG_5466_VerifyLeadCreatedSuccessfully] - Search on Maps Checkbox selected Successfully
[INFO ] 2023-01-05 05:17:36.019 [CRM.TG_5558_Staffing_Company_Creation_Via_TAG] [TG_5466_VerifyLeadCreatedSuccessfully] - Entering Employee Address
[INFO ] 2023-01-05 05:17:36.022 [CRM.TG_5558_Staffing_Company_Creation_Via_TAG] [enterEmployeeAddressOnMaps] - Etering employee address on maps
[INFO ] 2023-01-05 05:17:37.570 [CRM.TG_5558_Staffing_Company_Creation_Via_TAG] [enterEmployeeAddressOnMaps] - Employee entered successfully
[INFO ] 2023-01-05 05:17:37.571 [CRM.TG_5558_Staffing_Company_Creation_Via_TAG] [TG_5466_VerifyLeadCreatedSuccessfully] - Employee Address Entered Successfull
[INFO ] 2023-01-05 05:17:39.581 [CRM.TG_5558_Staffing_Company_Creation_Via_TAG] [TG_5466_VerifyLeadCreatedSuccessfully] - Clicking on Save Button
[INFO ] 2023-01-05 05:17:39.586 [CRM.TG_5558_Staffing_Company_Creation_Via_TAG] [clickSaveButton] - Clicking on Save Button
[INFO ] 2023-01-05 05:17:40.031 [CRM.TG_5558_Staffing_Company_Creation_Via_TAG] [clickSaveButton] - Save Button clicked successfully
[INFO ] 2023-01-05 05:17:40.034 [CRM.TG_5558_Staffing_Company_Creation_Via_TAG] [TG_5466_VerifyLeadCreatedSuccessfully] - Save Button Clicked Successfully
[INFO ] 2023-01-05 05:17:43.042 [CRM.TG_5558_Staffing_Company_Creation_Via_TAG] [TG_5466_VerifyLeadCreatedSuccessfully] - Verify the LEAD Status
[INFO ] 2023-01-05 05:17:43.046 [CRM.TG_5558_Staffing_Company_Creation_Via_TAG] [verifyLeadStatus] - Check for Status as Lead
[INFO ] 2023-01-05 05:17:43.365 [CRM.TG_5558_Staffing_Company_Creation_Via_TAG] [verifyLeadStatus] - Status verified as Lead successfully
[INFO ] 2023-01-05 05:17:43.366 [CRM.TG_5558_Staffing_Company_Creation_Via_TAG] [TG_5466_VerifyLeadCreatedSuccessfully] - LEAD Status verified Successfully
[INFO ] 2023-01-05 05:17:45.370 [CRM.TG_5558_Staffing_Company_Creation_Via_TAG] [TG_5466_VerifyLeadCreatedSuccessfully] - Clicking Lead Link for Listing form
[INFO ] 2023-01-05 05:17:45.374 [CRM.TG_5558_Staffing_Company_Creation_Via_TAG] [clickLeadLinkforListingForm] - Click on Lead for Listing form
[INFO ] 2023-01-05 05:17:45.749 [CRM.TG_5558_Staffing_Company_Creation_Via_TAG] [clickLeadLinkforListingForm] - Lead for Listing form clicked Successfully
[INFO ] 2023-01-05 05:17:45.751 [CRM.TG_5558_Staffing_Company_Creation_Via_TAG] [TG_5466_VerifyLeadCreatedSuccessfully] - Lead Link for Listing form clicked Successfully
[INFO ] 2023-01-05 05:17:45.751 [CRM.TG_5558_Staffing_Company_Creation_Via_TAG] [TG_5466_VerifyLeadCreatedSuccessfully] - Verify Lead created Successfully or not
[INFO ] 2023-01-05 05:17:45.751 [CRM.TG_5558_Staffing_Company_Creation_Via_TAG] [verifyCreatedLead] - Check for Created Lead
[INFO ] 2023-01-05 05:17:45.896 [CRM.TG_5558_Staffing_Company_Creation_Via_TAG] [verifyCreatedLead] - Created Lead displayed successfully
[INFO ] 2023-01-05 05:17:45.896 [CRM.TG_5558_Staffing_Company_Creation_Via_TAG] [TG_5466_VerifyLeadCreatedSuccessfully] - Lead Created Successfully 
[INFO ] 2023-01-05 05:17:47.904 [CRM.TG_5558_Staffing_Company_Creation_Via_TAG] [TG_5466_VerifyLeadCreatedSuccessfully] - Clicking Created Lead from Listing form
[INFO ] 2023-01-05 05:17:47.907 [CRM.TG_5558_Staffing_Company_Creation_Via_TAG] [clickCreatedLead] - Clicking on Created Lead
[INFO ] 2023-01-05 05:17:48.241 [CRM.TG_5558_Staffing_Company_Creation_Via_TAG] [clickCreatedLead] - Created Lead clicked successfully
[INFO ] 2023-01-05 05:17:48.242 [CRM.TG_5558_Staffing_Company_Creation_Via_TAG] [TG_5466_VerifyLeadCreatedSuccessfully] - Created Lead Clicked Successfully
[INFO ] 2023-01-05 05:17:50.249 [CRM.TG_5558_Staffing_Company_Creation_Via_TAG] [TG_5466_VerifyLeadCreatedSuccessfully] - Selecting the Open Lead Status
[INFO ] 2023-01-05 05:17:50.254 [CRM.TG_5558_Staffing_Company_Creation_Via_TAG] [clickLeadStatusOpen] - Clicking on Status dropdown
[INFO ] 2023-01-05 05:17:50.468 [CRM.TG_5558_Staffing_Company_Creation_Via_TAG] [clickLeadStatusOpen] - Open Status entered successfully
[INFO ] 2023-01-05 05:17:50.469 [CRM.TG_5558_Staffing_Company_Creation_Via_TAG] [TG_5466_VerifyLeadCreatedSuccessfully] - Open Lead Status Selected Successfully
[INFO ] 2023-01-05 05:17:52.475 [CRM.TG_5558_Staffing_Company_Creation_Via_TAG] [TG_5466_VerifyLeadCreatedSuccessfully] - Clicking Notes Dropdown
[INFO ] 2023-01-05 05:17:52.477 [CRM.TG_5558_Staffing_Company_Creation_Via_TAG] [clickNotesDropdown] - Clicking on Notes Dropdown
[INFO ] 2023-01-05 05:17:52.772 [CRM.TG_5558_Staffing_Company_Creation_Via_TAG] [clickNotesDropdown] - Notes Dropdown clicked successfully
[INFO ] 2023-01-05 05:17:52.774 [CRM.TG_5558_Staffing_Company_Creation_Via_TAG] [TG_5466_VerifyLeadCreatedSuccessfully] - Notes Dropdown Clicked Successfully
[INFO ] 2023-01-05 05:17:54.775 [CRM.TG_5558_Staffing_Company_Creation_Via_TAG] [TG_5466_VerifyLeadCreatedSuccessfully] - Entering Notes
[INFO ] 2023-01-05 05:17:54.779 [CRM.TG_5558_Staffing_Company_Creation_Via_TAG] [enterNotes] - Entering Note
[INFO ] 2023-01-05 05:17:55.169 [CRM.TG_5558_Staffing_Company_Creation_Via_TAG] [enterNotes] - Note Entered Successfully
[INFO ] 2023-01-05 05:17:55.171 [CRM.TG_5558_Staffing_Company_Creation_Via_TAG] [TG_5466_VerifyLeadCreatedSuccessfully] - Notes Entered Successfully
[INFO ] 2023-01-05 05:17:57.176 [CRM.TG_5558_Staffing_Company_Creation_Via_TAG] [TG_5466_VerifyLeadCreatedSuccessfully] - Selecting the Contract Negotiation Lead Status
[INFO ] 2023-01-05 05:17:57.178 [CRM.TG_5558_Staffing_Company_Creation_Via_TAG] [clickLeadStatusContractNegotiation] - Clicking on Status dropdown
[INFO ] 2023-01-05 05:17:57.337 [CRM.TG_5558_Staffing_Company_Creation_Via_TAG] [clickLeadStatusContractNegotiation] - Contract Negotiation Status entered successfully
[INFO ] 2023-01-05 05:17:57.338 [CRM.TG_5558_Staffing_Company_Creation_Via_TAG] [TG_5466_VerifyLeadCreatedSuccessfully] - Contract Negotiation Lead Status Selected Successfully
[INFO ] 2023-01-05 05:17:59.343 [CRM.TG_5558_Staffing_Company_Creation_Via_TAG] [TG_5466_VerifyLeadCreatedSuccessfully] - Clicking Save Button
[INFO ] 2023-01-05 05:17:59.345 [CRM.TG_5558_Staffing_Company_Creation_Via_TAG] [clickSaveButton] - Clicking on Save Button
[INFO ] 2023-01-05 05:17:59.475 [CRM.TG_5558_Staffing_Company_Creation_Via_TAG] [clickSaveButton] - Save Button clicked successfully
[INFO ] 2023-01-05 05:17:59.475 [CRM.TG_5558_Staffing_Company_Creation_Via_TAG] [TG_5466_VerifyLeadCreatedSuccessfully] - Save Button Clicked Successfully
[INFO ] 2023-01-05 05:18:01.480 [CRM.TG_5558_Staffing_Company_Creation_Via_TAG] [TG_5466_VerifyLeadCreatedSuccessfully] - Verify Prepare Contract Button
[INFO ] 2023-01-05 05:18:01.483 [CRM.TG_5558_Staffing_Company_Creation_Via_TAG] [verifyPrepareContractButton] - Verify Prepare Contract Button
[INFO ] 2023-01-05 05:18:01.872 [CRM.TG_5558_Staffing_Company_Creation_Via_TAG] [verifyPrepareContractButton] - Prepare Contract Button displayed successfully
[INFO ] 2023-01-05 05:18:01.872 [CRM.TG_5558_Staffing_Company_Creation_Via_TAG] [TG_5466_VerifyLeadCreatedSuccessfully] - Prepare Contract Button Verified Successfully
[INFO ] 2023-01-05 05:18:01.873 [CRM.TG_5558_Staffing_Company_Creation_Via_TAG] [TG_5466_VerifyLeadCreatedSuccessfully] - Click Prepare Contract Button
[INFO ] 2023-01-05 05:18:01.873 [CRM.TG_5558_Staffing_Company_Creation_Via_TAG] [clickPrepareContractButton] - Clicking on Prepare Contract Button
[INFO ] 2023-01-05 05:18:02.035 [CRM.TG_5558_Staffing_Company_Creation_Via_TAG] [clickPrepareContractButton] - Prepare Contract Button clicked successfully
[INFO ] 2023-01-05 05:18:02.036 [CRM.TG_5558_Staffing_Company_Creation_Via_TAG] [TG_5466_VerifyLeadCreatedSuccessfully] - Prepare Contract Button Clicked Successfully
[INFO ] 2023-01-05 05:18:04.044 [CRM.TG_5558_Staffing_Company_Creation_Via_TAG] [TG_5466_VerifyLeadCreatedSuccessfully] - Verify Contract Form
[INFO ] 2023-01-05 05:18:04.049 [CRM.TG_5558_Staffing_Company_Creation_Via_TAG] [verifyContractForm] - Check for New Contract Form
[INFO ] 2023-01-05 05:18:04.141 [CRM.TG_5558_Staffing_Company_Creation_Via_TAG] [verifyContractForm] - New Contract Form displayed successfully
[INFO ] 2023-01-05 05:18:04.142 [CRM.TG_5558_Staffing_Company_Creation_Via_TAG] [TG_5466_VerifyLeadCreatedSuccessfully] - New Contract Form verified Successfully
[INFO ] 2023-01-05 05:18:04.142 [CRM.TG_5558_Staffing_Company_Creation_Via_TAG] [TG_5466_VerifyLeadCreatedSuccessfully] - Entering Start Date
[INFO ] 2023-01-05 05:18:04.142 [CRM.TG_5558_Staffing_Company_Creation_Via_TAG] [enterStartDate] - Entering the Start Date 
[INFO ] 2023-01-05 05:18:09.493 [CRM.TG_5558_Staffing_Company_Creation_Via_TAG] [enterStartDate] - Start Date Entered Successfully
[INFO ] 2023-01-05 05:18:09.497 [CRM.TG_5558_Staffing_Company_Creation_Via_TAG] [TG_5466_VerifyLeadCreatedSuccessfully] - Start Date Entered Successfully
[INFO ] 2023-01-05 05:18:11.502 [CRM.TG_5558_Staffing_Company_Creation_Via_TAG] [TG_5466_VerifyLeadCreatedSuccessfully] - Entering End Date
[INFO ] 2023-01-05 05:18:11.503 [CRM.TG_5558_Staffing_Company_Creation_Via_TAG] [enterEndDate] - Entering the End Date
[INFO ] 2023-01-05 05:18:16.812 [CRM.TG_5558_Staffing_Company_Creation_Via_TAG] [enterEndDate] - End Date Entered Successfully
[INFO ] 2023-01-05 05:18:16.818 [CRM.TG_5558_Staffing_Company_Creation_Via_TAG] [TG_5466_VerifyLeadCreatedSuccessfully] - End Date Entered Successfully
[INFO ] 2023-01-05 05:18:18.823 [CRM.TG_5558_Staffing_Company_Creation_Via_TAG] [TG_5466_VerifyLeadCreatedSuccessfully] - Clicking Add Row Button
[INFO ] 2023-01-05 05:18:18.829 [CRM.TG_5558_Staffing_Company_Creation_Via_TAG] [clickAddRowButton1] - Clicking on Add Row Button
[INFO ] 2023-01-05 05:18:19.089 [CRM.TG_5558_Staffing_Company_Creation_Via_TAG] [clickAddRowButton1] - Add Row Button clicked successfully
[INFO ] 2023-01-05 05:18:19.090 [CRM.TG_5558_Staffing_Company_Creation_Via_TAG] [TG_5466_VerifyLeadCreatedSuccessfully] - Add Row Button Clicked Successfully
[INFO ] 2023-01-05 05:18:21.096 [CRM.TG_5558_Staffing_Company_Creation_Via_TAG] [TG_5466_VerifyLeadCreatedSuccessfully] - Clicking Job Industry
[INFO ] 2023-01-05 05:18:21.098 [CRM.TG_5558_Staffing_Company_Creation_Via_TAG] [clickJobIndustryInTable] - Entering Job Industry List in the Table
