[INFO ] 2022-12-24 05:48:46.266 [CRM.TG_5353_Contact_Creation] [LoginHiring] - Logging in
[INFO ] 2022-12-24 05:48:49.963 [CRM.TG_5353_Contact_Creation] [enterUsername] - Entering new user's first name
[INFO ] 2022-12-24 05:48:50.863 [CRM.TG_5353_Contact_Creation] [enterUsername] - User's first name entered successfully
[INFO ] 2022-12-24 05:48:50.863 [CRM.TG_5353_Contact_Creation] [enterPassword] - Entering new user's last name
[INFO ] 2022-12-24 05:48:51.381 [CRM.TG_5353_Contact_Creation] [enterPassword] - User's last name entered successfully
[INFO ] 2022-12-24 05:48:51.384 [CRM.TG_5353_Contact_Creation] [clickLoginButton] - Clicking on Login Button
[INFO ] 2022-12-24 05:48:52.667 [CRM.TG_5353_Contact_Creation] [clickLoginButton] - Close Pop Up clicked successfully
[INFO ] 2022-12-24 05:48:52.684 [CRM.TG_5353_Contact_Creation] [LoginHiring] - Verifying CRM Icon
[INFO ] 2022-12-24 05:48:52.684 [CRM.TG_5353_Contact_Creation] [verifyCRMTextOnHomepage] - Check for CRM Icon on Homepage
[INFO ] 2022-12-24 05:49:10.367 [CRM.TG_5353_Contact_Creation] [verifyCRMTextOnHomepage] - CRM Icon displayed successfully
[INFO ] 2022-12-24 05:49:10.380 [CRM.TG_5353_Contact_Creation] [clickCRMIcon] - Clicking on CRM Button
[INFO ] 2022-12-24 05:49:11.091 [CRM.TG_5353_Contact_Creation] [clickCRMIcon] - CRM Button clicked successfully
[INFO ] 2022-12-24 05:49:11.092 [CRM.TG_5353_Contact_Creation] [clickContactIcon] - Clicking on Contact Button
[INFO ] 2022-12-24 05:49:12.919 [CRM.TG_5353_Contact_Creation] [clickContactIcon] - Contact Button clicked successfully
[INFO ] 2022-12-24 05:49:12.920 [CRM.TG_5353_Contact_Creation] [verifyContactListingForm] - Check for Contact Title
[INFO ] 2022-12-24 05:49:14.400 [CRM.TG_5353_Contact_Creation] [verifyContactListingForm] - Contact Title displayed successfully
[INFO ] 2022-12-24 05:49:14.401 [CRM.TG_5353_Contact_Creation] [clickAddContactButton] - Clicking on Contact Button
[INFO ] 2022-12-24 05:49:15.565 [CRM.TG_5353_Contact_Creation] [clickAddContactButton] - Add Contact Button clicked successfully
[INFO ] 2022-12-24 05:49:15.565 [CRM.TG_5353_Contact_Creation] [verifyContactForm] - Check for New Contact Form
[INFO ] 2022-12-24 05:49:15.607 [CRM.TG_5353_Contact_Creation] [verifyContactForm] - New Contact Form displayed successfully
