[INFO ] 2022-12-21 18:52:13.899 [jobTitle_jobSite.TG_4863_JobSiteCreation] [enterUsername] - Entering new user's first name
[INFO ] 2022-12-21 18:52:14.456 [jobTitle_jobSite.TG_4863_JobSiteCreation] [enterUsername] - User's first name entered successfully
[INFO ] 2022-12-21 18:52:14.456 [jobTitle_jobSite.TG_4863_JobSiteCreation] [enterPassword] - Entering new user's last name
[INFO ] 2022-12-21 18:52:15.837 [jobTitle_jobSite.TG_4863_JobSiteCreation] [enterPassword] - User's last name entered successfully
[INFO ] 2022-12-21 18:52:15.837 [jobTitle_jobSite.TG_4863_JobSiteCreation] [clickLoginButton] - Clicking on Login Button
[INFO ] 2022-12-21 18:52:16.210 [jobTitle_jobSite.TG_4863_JobSiteCreation] [clickLoginButton] - Close Pop Up clicked successfully
[INFO ] 2022-12-21 18:52:19.218 [jobTitle_jobSite.TG_4863_JobSiteCreation] [clickJobSiteOnHomepage] - Clicking on Job Site on Homepage
[INFO ] 2022-12-21 18:52:27.208 [jobTitle_jobSite.TG_4863_JobSiteCreation] [clickJobSiteOnHomepage] - Job Site Listing opened successfully
[INFO ] 2022-12-21 18:52:32.215 [jobTitle_jobSite.TG_4863_JobSiteCreation] [clickAddJobSiteButton] - Clicking Add Job Site Button
[INFO ] 2022-12-21 18:52:35.347 [jobTitle_jobSite.TG_4863_JobSiteCreation] [clickAddJobSiteButton] - Add Job Site clicked successfully
[INFO ] 2022-12-21 18:52:38.358 [jobTitle_jobSite.TG_4863_JobSiteCreation] [clickCreateNewUserOption] - Clicking New User Option in Job site Contact
[INFO ] 2022-12-21 18:52:39.002 [jobTitle_jobSite.TG_4863_JobSiteCreation] [clickCreateNewUserOption] - New User Option in Job site Contactclicked successfully
[INFO ] 2022-12-21 18:52:41.012 [jobTitle_jobSite.TG_4863_JobSiteCreation] [enterCompanyType] - Entering Company Type
[INFO ] 2022-12-21 18:52:41.168 [jobTitle_jobSite.TG_4863_JobSiteCreation] [enterCompanyType] - Company Type Entered Successfully
[INFO ] 2022-12-21 18:52:41.168 [jobTitle_jobSite.TG_4863_JobSiteCreation] [clickLastNameField] - Clicking Last Name field
[INFO ] 2022-12-21 18:52:41.428 [jobTitle_jobSite.TG_4863_JobSiteCreation] [clickLastNameField] - Last Name  field clicked successfully
[INFO ] 2022-12-21 18:52:44.432 [jobTitle_jobSite.TG_4863_JobSiteCreation] [enterUserEmail] - Entering user email address
[INFO ] 2022-12-21 18:52:44.649 [jobTitle_jobSite.TG_4863_JobSiteCreation] [enterUserEmail] - Email entered successfully
[INFO ] 2022-12-21 18:52:44.649 [jobTitle_jobSite.TG_4863_JobSiteCreation] [enterFirstNameField] - Entering First Name field
[INFO ] 2022-12-21 18:52:44.890 [jobTitle_jobSite.TG_4863_JobSiteCreation] [enterFirstNameField] - First Name  entered successfully
[INFO ] 2022-12-21 18:52:44.890 [jobTitle_jobSite.TG_4863_JobSiteCreation] [enterLastNameField] - Entering Last Name field
[INFO ] 2022-12-21 18:52:45.185 [jobTitle_jobSite.TG_4863_JobSiteCreation] [enterLastNameField] - Last Name entered successfully
[INFO ] 2022-12-21 18:52:46.371 [jobTitle_jobSite.TG_4863_JobSiteCreation] [clickSavebutton1] - Clicking save button
[INFO ] 2022-12-21 18:52:46.581 [jobTitle_jobSite.TG_4863_JobSiteCreation] [clickSavebutton1] - Save button clicked successfully
[INFO ] 2022-12-21 18:53:14.089 [jobTitle_jobSite.TG_4863_JobSiteCreation] [clickClosePopUp] - Clicking on close icon in pop up
[INFO ] 2022-12-21 18:53:14.255 [jobTitle_jobSite.TG_4863_JobSiteCreation] [clickClosePopUp] - pop up closed successfully
[INFO ] 2022-12-21 18:53:14.255 [jobTitle_jobSite.TG_4863_JobSiteCreation] [clickCheckBox] - Clicking on address Checkbox
[INFO ] 2022-12-21 18:53:14.743 [jobTitle_jobSite.TG_4863_JobSiteCreation] [clickCheckBox] - Checkbox clicked successfully
[INFO ] 2022-12-21 18:53:14.744 [jobTitle_jobSite.TG_4863_JobSiteCreation] [enterEmployeeAddressOnMaps] - Entering employee address on maps
