[INFO ] 2022-12-21 18:06:01.955 [employees.TG_3963_AddNewEmployee] [VerifyCreateNewEmployee] - Started==Verifying Company Type  and Company Name are mandatory fields
[INFO ] 2022-12-21 18:06:04.608 [employees.TG_3963_AddNewEmployee] [enterUsername] - Entering new user's first name
[INFO ] 2022-12-21 18:06:05.478 [employees.TG_3963_AddNewEmployee] [enterUsername] - User's first name entered successfully
[INFO ] 2022-12-21 18:06:05.479 [employees.TG_3963_AddNewEmployee] [enterPassword] - Entering new user's last name
[INFO ] 2022-12-21 18:06:05.966 [employees.TG_3963_AddNewEmployee] [enterPassword] - User's last name entered successfully
[INFO ] 2022-12-21 18:06:05.967 [employees.TG_3963_AddNewEmployee] [clickLoginButton] - Clicking on Login Button
[INFO ] 2022-12-21 18:06:07.510 [employees.TG_3963_AddNewEmployee] [clickLoginButton] - Close Pop Up clicked successfully
[INFO ] 2022-12-21 18:06:07.514 [employees.TG_3963_AddNewEmployee] [VerifyCreateNewEmployee] - Login Successful
[INFO ] 2022-12-21 18:06:50.364 [employees.TG_3963_AddNewEmployee] [clickAddNewEployeeButton] - Clicking on Add New Employee Button
[INFO ] 2022-12-21 18:06:52.132 [employees.TG_3963_AddNewEmployee] [clickAddNewEployeeButton] - Employee button clicked successfully
[INFO ] 2022-12-21 18:06:57.137 [employees.TG_3963_AddNewEmployee] [enterCompanyName] - Entering Company Name
[INFO ] 2022-12-21 18:06:57.559 [employees.TG_3963_AddNewEmployee] [enterCompanyName] - Company Name entered successfully
[INFO ] 2022-12-21 18:06:59.567 [employees.TG_3963_AddNewEmployee] [enterFirstName] - Entering First Name
[INFO ] 2022-12-21 18:06:59.731 [employees.TG_3963_AddNewEmployee] [enterFirstName] - First Name entered successfully
[INFO ] 2022-12-21 18:07:01.733 [employees.TG_3963_AddNewEmployee] [enterLastName] - Entering Last Name
[INFO ] 2022-12-21 18:07:01.837 [employees.TG_3963_AddNewEmployee] [enterLastName] - Last Name entered successfully
[INFO ] 2022-12-21 18:07:03.843 [employees.TG_3963_AddNewEmployee] [enterDateOfBirthField] - Entering date of birth
[INFO ] 2022-12-21 18:07:05.260 [employees.TG_3963_AddNewEmployee] [enterDateOfBirthField] - Date of birth entered successfully
[INFO ] 2022-12-21 18:07:07.266 [employees.TG_3963_AddNewEmployee] [enterEmail] - Entering email
[INFO ] 2022-12-21 18:07:07.494 [employees.TG_3963_AddNewEmployee] [enterEmail] - Email entered successfully
[INFO ] 2022-12-21 18:07:09.499 [employees.TG_3963_AddNewEmployee] [selectSearchOnMapsCheckbox] - Selecting search on Maps checkbox
[INFO ] 2022-12-21 18:07:11.754 [employees.TG_3963_AddNewEmployee] [selectSearchOnMapsCheckbox] - Search on maps checkbox selected
[INFO ] 2022-12-21 18:07:13.760 [employees.TG_3963_AddNewEmployee] [enterEmployeeAddressOnMaps] - Etering employee address on maps
[INFO ] 2022-12-21 18:07:15.142 [employees.TG_3963_AddNewEmployee] [enterEmployeeAddressOnMaps] - Employee entered successfully
[INFO ] 2022-12-21 18:07:17.149 [employees.TG_3963_AddNewEmployee] [clickSaveButton] - Clicking Save button
[INFO ] 2022-12-21 18:07:17.448 [employees.TG_3963_AddNewEmployee] [clickSaveButton] - Save button clicked successfully
[INFO ] 2022-12-21 18:07:57.457 [employees.TG_3963_AddNewEmployee] [getEmployeeIdFromEmaployeeDetailsPage] - Fetching employee id
[INFO ] 2022-12-21 18:07:57.582 [employees.TG_3963_AddNewEmployee] [getEmployeeIdFromEmaployeeDetailsPage] - Employee id fetched successfully
[INFO ] 2022-12-21 18:07:57.735 [employees.TG_3963_AddNewEmployee] [verifyDiscardAddNewForm] - Verifying Add New Employee discard functionality
[INFO ] 2022-12-21 18:08:21.290 [employees.TG_3963_AddNewEmployee] [clickAddNewEployeeButton] - Clicking on Add New Employee Button
[INFO ] 2022-12-21 18:08:22.116 [employees.TG_3963_AddNewEmployee] [clickAddNewEployeeButton] - Employee button clicked successfully
[INFO ] 2022-12-21 18:08:22.117 [employees.TG_3963_AddNewEmployee] [enterCompanyName] - Entering Company Name
[INFO ] 2022-12-21 18:08:22.376 [employees.TG_3963_AddNewEmployee] [enterCompanyName] - Company Name entered successfully
[INFO ] 2022-12-21 18:08:22.376 [employees.TG_3963_AddNewEmployee] [enterFirstName] - Entering First Name
[INFO ] 2022-12-21 18:08:22.482 [employees.TG_3963_AddNewEmployee] [enterFirstName] - First Name entered successfully
[INFO ] 2022-12-21 18:08:22.482 [employees.TG_3963_AddNewEmployee] [enterLastName] - Entering Last Name
[INFO ] 2022-12-21 18:08:22.604 [employees.TG_3963_AddNewEmployee] [enterLastName] - Last Name entered successfully
[INFO ] 2022-12-21 18:08:26.607 [employees.TG_3963_AddNewEmployee] [enterDateOfBirthField] - Entering date of birth
[INFO ] 2022-12-21 18:08:27.815 [employees.TG_3963_AddNewEmployee] [enterDateOfBirthField] - Date of birth entered successfully
[INFO ] 2022-12-21 18:08:27.816 [employees.TG_3963_AddNewEmployee] [enterEmail] - Entering email
[INFO ] 2022-12-21 18:08:27.999 [employees.TG_3963_AddNewEmployee] [enterEmail] - Email entered successfully
[INFO ] 2022-12-21 18:08:27.999 [employees.TG_3963_AddNewEmployee] [selectMilitaryVetranCheckbox] - Selecting millitary checkbox
[INFO ] 2022-12-21 18:08:28.076 [employees.TG_3963_AddNewEmployee] [selectMilitaryVetranCheckbox] - Millitary checkbox selected
[INFO ] 2022-12-21 18:08:28.076 [employees.TG_3963_AddNewEmployee] [clickCancelbutton] - Clicking Cancel button
[INFO ] 2022-12-21 18:08:28.213 [employees.TG_3963_AddNewEmployee] [clickCancelbutton] - Cancel button clicked successfully
[INFO ] 2022-12-21 18:08:28.436 [employees.TG_3963_AddNewEmployee] [verifyDiscardAddNewForm] - Add New Employee discarded successfully
[INFO ] 2022-12-21 18:08:28.492 [employees.TG_3963_AddNewEmployee] [verifyMandatoryFields] - Verifying Add New Employee discard functionality
[INFO ] 2022-12-21 18:08:33.499 [employees.TG_3963_AddNewEmployee] [clickAddNewEployeeButton] - Clicking on Add New Employee Button
[INFO ] 2022-12-21 18:08:33.846 [employees.TG_3963_AddNewEmployee] [clickAddNewEployeeButton] - Employee button clicked successfully
[INFO ] 2022-12-21 18:08:33.918 [employees.TG_3963_AddNewEmployee] [clickSaveButton] - Clicking Save button
[INFO ] 2022-12-21 18:08:34.142 [employees.TG_3963_AddNewEmployee] [clickSaveButton] - Save button clicked successfully
