[INFO ] 2022-12-23 07:44:09.461 [blockCompany.TG_4779_Block_Company] [LoginHiring] - Logging in
[INFO ] 2022-12-23 07:44:11.517 [blockCompany.TG_4779_Block_Company] [enterUsername] - Entering new user's first name
[INFO ] 2022-12-23 07:44:12.053 [blockCompany.TG_4779_Block_Company] [enterUsername] - User's first name entered successfully
[INFO ] 2022-12-23 07:44:12.054 [blockCompany.TG_4779_Block_Company] [enterPassword] - Entering new user's last name
[INFO ] 2022-12-23 07:44:13.407 [blockCompany.TG_4779_Block_Company] [enterPassword] - User's last name entered successfully
[INFO ] 2022-12-23 07:44:13.408 [blockCompany.TG_4779_Block_Company] [clickLoginButton] - Clicking on Login Button
[INFO ] 2022-12-23 07:44:13.765 [blockCompany.TG_4779_Block_Company] [clickLoginButton] - Close Pop Up clicked successfully
[INFO ] 2022-12-23 07:44:13.804 [blockCompany.TG_4779_Block_Company] [clickStaffingCompanies] - Clicking Staffing Companies
[INFO ] 2022-12-23 07:44:18.810 [blockCompany.TG_4779_Block_Company] [clickStaffingCompanies] - Clicking on Staffing Companies Button
[INFO ] 2022-12-23 07:44:25.745 [blockCompany.TG_4779_Block_Company] [clickStaffingCompanies] - Staffing Companies Button clicked successfully
[INFO ] 2022-12-23 07:44:25.793 [blockCompany.TG_4779_Block_Company] [verifyStaffingCompaniesList] - Verifying Staffing Company List
[INFO ] 2022-12-23 07:44:29.794 [blockCompany.TG_4779_Block_Company] [verifyStaffingCompanyList] - Verify Staffing Company List is displayed
[INFO ] 2022-12-23 07:44:29.884 [blockCompany.TG_4779_Block_Company] [verifyStaffingCompanyList] - Staffing Company List displayed successfully
[INFO ] 2022-12-23 07:44:29.903 [blockCompany.TG_4779_Block_Company] [clickStaffingCompany] - Clicking Staffing Company
[INFO ] 2022-12-23 07:44:34.909 [blockCompany.TG_4779_Block_Company] [clickStaffingCompany] - Clicking on Staffing Company
[INFO ] 2022-12-23 07:44:36.605 [blockCompany.TG_4779_Block_Company] [clickStaffingCompany] - Staffing Company clicked successfully
[INFO ] 2022-12-23 07:44:36.643 [blockCompany.TG_4779_Block_Company] [clickBlockButton] - Clicking Block Button
[INFO ] 2022-12-23 07:44:39.649 [blockCompany.TG_4779_Block_Company] [clickBlockButton] - Clicking on Block Button
[INFO ] 2022-12-23 07:44:39.831 [blockCompany.TG_4779_Block_Company] [clickBlockButton] - Block Button clicked successfully
[INFO ] 2022-12-23 07:44:42.875 [blockCompany.TG_4779_Block_Company] [verifyBlockCompanyPopUp] - Verifying Company Marked as Favorite
[INFO ] 2022-12-23 07:44:42.876 [blockCompany.TG_4779_Block_Company] [verifyBlockCompanyPopUp] - Verify Company Blocked Pop Up displayed
[INFO ] 2022-12-23 07:44:53.439 [blockCompany.TG_4779_Block_Company] [verifyBlockCompanyPopUp] - Company Blocked Pop Up displayed successfully
[INFO ] 2022-12-23 07:44:56.446 [blockCompany.TG_4779_Block_Company] [closePopUpButton] - Clicking on Close Pop Up
[INFO ] 2022-12-23 07:44:56.665 [blockCompany.TG_4779_Block_Company] [closePopUpButton] - Close Pop Up clicked Successfully
[INFO ] 2022-12-23 07:45:00.713 [blockCompany.TG_4779_Block_Company] [clickUnblockButton] - Clicking Unblock Button
[INFO ] 2022-12-23 07:45:03.718 [blockCompany.TG_4779_Block_Company] [clickUnblockButton] - Clicking on Block Button
[INFO ] 2022-12-23 07:45:06.010 [blockCompany.TG_4779_Block_Company] [clickUnblockButton] - Block Button clicked successfully
[INFO ] 2022-12-23 07:45:06.036 [blockCompany.TG_4779_Block_Company] [verifyUnblockCompanyPopUp] - Verifying Staffing Company UnBlocked
[INFO ] 2022-12-23 07:45:06.036 [blockCompany.TG_4779_Block_Company] [verifyUnblockCompanyPopUp] - Verify Company Unblocked Pop Up displayed
