[INFO ] 2022-12-29 04:29:45.568 [jobOrderStaffing.TG_3848_NewOrderStaffing] [Tag_VerifyJobOrdersFieldShouldVisibleOnHomepageOfStaffingUnderShortcuts] - Started==Verify Job Orders Field Should Visible On Home page Of Staffing Under Shortcuts
[INFO ] 2022-12-29 04:29:47.457 [jobOrderStaffing.TG_3848_NewOrderStaffing] [enterUsername] - Entering new user's first name
[INFO ] 2022-12-29 04:29:48.219 [jobOrderStaffing.TG_3848_NewOrderStaffing] [enterUsername] - User's first name entered successfully
[INFO ] 2022-12-29 04:29:48.219 [jobOrderStaffing.TG_3848_NewOrderStaffing] [enterPassword] - Entering new user's last name
[INFO ] 2022-12-29 04:29:48.535 [jobOrderStaffing.TG_3848_NewOrderStaffing] [enterPassword] - User's last name entered successfully
[INFO ] 2022-12-29 04:29:48.536 [jobOrderStaffing.TG_3848_NewOrderStaffing] [clickLoginButton] - Clicking on Login Button
[INFO ] 2022-12-29 04:29:49.325 [jobOrderStaffing.TG_3848_NewOrderStaffing] [clickLoginButton] - Close Pop Up clicked successfully
[INFO ] 2022-12-29 04:29:52.333 [jobOrderStaffing.TG_3848_NewOrderStaffing] [verifyJobOrdersFieldShouldVisibleUnderShortcuts] - Verifying Job Order Visible Under Shortcuts
[INFO ] 2022-12-29 04:30:02.231 [jobOrderStaffing.TG_3848_NewOrderStaffing] [verifyJobOrdersFieldShouldVisibleUnderShortcuts] - Verify Job Order Visible Under Shortcuts
[INFO ] 2022-12-29 04:30:02.303 [jobOrderStaffing.TG_3848_NewOrderStaffing] [Tag_VerifyAddOrderButtonShouldVisibleOnHomepage] - Started==Verify Add Order Button Should Visible On Home page 
[INFO ] 2022-12-29 04:30:02.303 [jobOrderStaffing.TG_3848_NewOrderStaffing] [verifyAddOrderButtonShouldVisibleOnHomepage] - Verifying Job Order Visible Under Shortcuts
[INFO ] 2022-12-29 04:30:02.368 [jobOrderStaffing.TG_3848_NewOrderStaffing] [verifyAddOrderButtonShouldVisibleOnHomepage] - Verify Job Order Visible Under Shortcuts
[INFO ] 2022-12-29 04:30:02.398 [jobOrderStaffing.TG_3848_NewOrderStaffing] [Tag_VerifyPopupIfClickOnSaveWithoutEnteringMandatoryFields] - Started==Verifying Pop-up If click On Save Without Entering Mandatory Fields
[INFO ] 2022-12-29 04:30:12.401 [jobOrderStaffing.TG_3848_NewOrderStaffing] [clickAddJobOrder] - Clicking on Add Job Order Button
[INFO ] 2022-12-29 04:30:13.747 [jobOrderStaffing.TG_3848_NewOrderStaffing] [clickAddJobOrder] -  Add Job Order clicked successfully
[INFO ] 2022-12-29 04:30:16.752 [jobOrderStaffing.TG_3848_NewOrderStaffing] [clickSaveButton] - Clicking on Save Button
[INFO ] 2022-12-29 04:30:16.948 [jobOrderStaffing.TG_3848_NewOrderStaffing] [clickSaveButton] - Save Button clicked successfully
[INFO ] 2022-12-29 04:30:18.951 [jobOrderStaffing.TG_3848_NewOrderStaffing] [verifyPopupMandatoryFieldsBlank] - Verifying Pop-up If click On Save Without Entering Mandatory Fields
[INFO ] 2022-12-29 04:30:19.027 [jobOrderStaffing.TG_3848_NewOrderStaffing] [verifyPopupMandatoryFieldsBlank] - Verify Pop-up If click On Save Without Entering Mandatory Fields successfully 
[INFO ] 2022-12-29 04:30:19.027 [jobOrderStaffing.TG_3848_NewOrderStaffing] [verifyPopupMandatoryFieldsBlank] - Verifying Pop-up If click On Save Without Entering Mandatory Fields
[INFO ] 2022-12-29 04:30:19.072 [jobOrderStaffing.TG_3848_NewOrderStaffing] [verifyPopupMandatoryFieldsBlank] - Verify Pop-up If click On Save Without Entering Mandatory Fields successfully 
[INFO ] 2022-12-29 04:30:19.072 [jobOrderStaffing.TG_3848_NewOrderStaffing] [verifyPopupMandatoryFieldsBlank] - Verifying Pop-up If click On Save Without Entering Mandatory Fields
[INFO ] 2022-12-29 04:30:19.094 [jobOrderStaffing.TG_3848_NewOrderStaffing] [verifyPopupMandatoryFieldsBlank] - Verify Pop-up If click On Save Without Entering Mandatory Fields successfully 
[INFO ] 2022-12-29 04:30:19.094 [jobOrderStaffing.TG_3848_NewOrderStaffing] [verifyPopupMandatoryFieldsBlank] - Verifying Pop-up If click On Save Without Entering Mandatory Fields
[INFO ] 2022-12-29 04:30:19.124 [jobOrderStaffing.TG_3848_NewOrderStaffing] [verifyPopupMandatoryFieldsBlank] - Verify Pop-up If click On Save Without Entering Mandatory Fields successfully 
[INFO ] 2022-12-29 04:30:19.125 [jobOrderStaffing.TG_3848_NewOrderStaffing] [verifyPopupMandatoryFieldsBlank] - Verifying Pop-up If click On Save Without Entering Mandatory Fields
[INFO ] 2022-12-29 04:30:19.147 [jobOrderStaffing.TG_3848_NewOrderStaffing] [verifyPopupMandatoryFieldsBlank] - Verify Pop-up If click On Save Without Entering Mandatory Fields successfully 
[INFO ] 2022-12-29 04:30:19.148 [jobOrderStaffing.TG_3848_NewOrderStaffing] [verifyPopupMandatoryFieldsBlank] - Verifying Pop-up If click On Save Without Entering Mandatory Fields
[INFO ] 2022-12-29 04:30:19.177 [jobOrderStaffing.TG_3848_NewOrderStaffing] [verifyPopupMandatoryFieldsBlank] - Verify Pop-up If click On Save Without Entering Mandatory Fields successfully 
[INFO ] 2022-12-29 04:30:19.177 [jobOrderStaffing.TG_3848_NewOrderStaffing] [verifyPopupMandatoryFieldsBlank] - Verifying Pop-up If click On Save Without Entering Mandatory Fields
[INFO ] 2022-12-29 04:30:19.199 [jobOrderStaffing.TG_3848_NewOrderStaffing] [verifyPopupMandatoryFieldsBlank] - Verify Pop-up If click On Save Without Entering Mandatory Fields successfully 
[INFO ] 2022-12-29 04:30:19.199 [jobOrderStaffing.TG_3848_NewOrderStaffing] [verifyPopupMandatoryFieldsBlank] - Verifying Pop-up If click On Save Without Entering Mandatory Fields
[INFO ] 2022-12-29 04:30:19.225 [jobOrderStaffing.TG_3848_NewOrderStaffing] [verifyPopupMandatoryFieldsBlank] - Verify Pop-up If click On Save Without Entering Mandatory Fields successfully 
[INFO ] 2022-12-29 04:30:19.225 [jobOrderStaffing.TG_3848_NewOrderStaffing] [verifyPopupMandatoryFieldsBlank] - Verifying Pop-up If click On Save Without Entering Mandatory Fields
[INFO ] 2022-12-29 04:30:19.249 [jobOrderStaffing.TG_3848_NewOrderStaffing] [verifyPopupMandatoryFieldsBlank] - Verify Pop-up If click On Save Without Entering Mandatory Fields successfully 
[INFO ] 2022-12-29 04:30:19.249 [jobOrderStaffing.TG_3848_NewOrderStaffing] [verifyPopupMandatoryFieldsBlank] - Verifying Pop-up If click On Save Without Entering Mandatory Fields
[INFO ] 2022-12-29 04:30:19.307 [jobOrderStaffing.TG_3848_NewOrderStaffing] [verifyPopupMandatoryFieldsBlank] - Verify Pop-up If click On Save Without Entering Mandatory Fields successfully 
[INFO ] 2022-12-29 04:30:21.568 [jobOrderStaffing.TG_3848_NewOrderStaffing] [Tag_VerifyCompanyFieldShouldVisible] - Started==Verifying Company Field Should Visible on Job order creation form
[INFO ] 2022-12-29 04:30:23.573 [jobOrderStaffing.TG_3848_NewOrderStaffing] [verifyCompanyFieldShouldVisible] - Verifying Company Field Should Visible on Job order creation form
[INFO ] 2022-12-29 04:30:23.759 [jobOrderStaffing.TG_3848_NewOrderStaffing] [verifyCompanyFieldShouldVisible] - Company Field is Visible on Job order creation form
[INFO ] 2022-12-29 04:30:23.774 [jobOrderStaffing.TG_3848_NewOrderStaffing] [Tag_VerifyCategoryFieldShouldVisible] - Started==Verifying Category Field Should Visible on Job order creation form
[INFO ] 2022-12-29 04:30:28.779 [jobOrderStaffing.TG_3848_NewOrderStaffing] [verifycategoryFieldStaffingShouldVisible] - Verifying Category Field
[INFO ] 2022-12-29 04:30:28.781 [jobOrderStaffing.TG_3848_NewOrderStaffing] [verifycategoryFieldStaffingShouldVisible] - Verifying company Field
[INFO ] 2022-12-29 04:30:58.924 [jobOrderStaffing.TG_3848_NewOrderStaffing] [verifycategoryFieldStaffingShouldVisible] - Verifying Job Site Field
[INFO ] 2022-12-29 04:31:29.244 [jobOrderStaffing.TG_3848_NewOrderStaffing] [verifycategoryFieldStaffingShouldVisible] - Verifying Job Title Field
