[INFO ] 2022-12-06 20:45:08.608 [jobOrderStaffing.TG_3848_NewOrderStaffing] [Tag_VerifyJobOrdersFieldShouldVisibleOnHomepageOfStaffingUnderShortcuts] - Started==Verify Job Orders Field Should Visible On Home page Of Staffing Under Shortcuts
[INFO ] 2022-12-06 20:45:12.722 [jobOrderStaffing.TG_3848_NewOrderStaffing] [enterUsername] - Entering new user's first name
[INFO ] 2022-12-06 20:45:13.617 [jobOrderStaffing.TG_3848_NewOrderStaffing] [enterUsername] - User's first name entered successfully
[INFO ] 2022-12-06 20:45:13.618 [jobOrderStaffing.TG_3848_NewOrderStaffing] [enterPassword] - Entering new user's last name
[INFO ] 2022-12-06 20:45:14.652 [jobOrderStaffing.TG_3848_NewOrderStaffing] [enterPassword] - User's last name entered successfully
[INFO ] 2022-12-06 20:45:14.652 [jobOrderStaffing.TG_3848_NewOrderStaffing] [clickLoginButton] - Clicking on Login Button
[INFO ] 2022-12-06 20:45:16.399 [jobOrderStaffing.TG_3848_NewOrderStaffing] [clickLoginButton] - Close Pop Up clicked successfully
[INFO ] 2022-12-06 20:45:19.412 [jobOrderStaffing.TG_3848_NewOrderStaffing] [verifyJobOrdersFieldShouldVisibleUnderShortcuts] - Verifying Job Order Visible Under Shortcuts
[INFO ] 2022-12-06 20:45:46.202 [jobOrderStaffing.TG_3848_NewOrderStaffing] [verifyJobOrdersFieldShouldVisibleUnderShortcuts] - Verify Job Order Visible Under Shortcuts
[INFO ] 2022-12-06 20:45:46.264 [jobOrderStaffing.TG_3848_NewOrderStaffing] [Tag_VerifyAddOrderButtonShouldVisibleOnHomepage] - Started==Verify Add Order Button Should Visible On Home page 
[INFO ] 2022-12-06 20:45:46.264 [jobOrderStaffing.TG_3848_NewOrderStaffing] [verifyAddOrderButtonShouldVisibleOnHomepage] - Verifying Job Order Visible Under Shortcuts
[INFO ] 2022-12-06 20:45:46.426 [jobOrderStaffing.TG_3848_NewOrderStaffing] [verifyAddOrderButtonShouldVisibleOnHomepage] - Verify Job Order Visible Under Shortcuts
[INFO ] 2022-12-06 20:45:46.444 [jobOrderStaffing.TG_3848_NewOrderStaffing] [Tag_VerifyPopupIfClickOnSaveWithoutEnteringMandatoryFields] - Started==Verifying Pop-up If click On Save Without Entering Mandatory Fields
[INFO ] 2022-12-06 20:45:50.448 [jobOrderStaffing.TG_3848_NewOrderStaffing] [clickAddJobOrder] - Clicking on Add Job Order Button
[INFO ] 2022-12-06 20:46:01.237 [jobOrderStaffing.TG_3848_NewOrderStaffing] [clickAddJobOrder] -  Add Job Order clicked successfully
[INFO ] 2022-12-06 20:46:04.241 [jobOrderStaffing.TG_3848_NewOrderStaffing] [clickSaveButton] - Clicking on Save Button
[INFO ] 2022-12-06 20:46:04.539 [jobOrderStaffing.TG_3848_NewOrderStaffing] [clickSaveButton] - Save Button clicked successfully
[INFO ] 2022-12-06 20:46:06.545 [jobOrderStaffing.TG_3848_NewOrderStaffing] [verifyPopupMandatoryFieldsBlank] - Verifying Pop-up If click On Save Without Entering Mandatory Fields
[INFO ] 2022-12-06 20:46:06.624 [jobOrderStaffing.TG_3848_NewOrderStaffing] [verifyPopupMandatoryFieldsBlank] - Verify Pop-up If click On Save Without Entering Mandatory Fields successfully 
[INFO ] 2022-12-06 20:46:06.625 [jobOrderStaffing.TG_3848_NewOrderStaffing] [verifyPopupMandatoryFieldsBlank] - Verifying Pop-up If click On Save Without Entering Mandatory Fields
[INFO ] 2022-12-06 20:46:06.673 [jobOrderStaffing.TG_3848_NewOrderStaffing] [verifyPopupMandatoryFieldsBlank] - Verify Pop-up If click On Save Without Entering Mandatory Fields successfully 
[INFO ] 2022-12-06 20:46:06.674 [jobOrderStaffing.TG_3848_NewOrderStaffing] [verifyPopupMandatoryFieldsBlank] - Verifying Pop-up If click On Save Without Entering Mandatory Fields
[INFO ] 2022-12-06 20:46:06.700 [jobOrderStaffing.TG_3848_NewOrderStaffing] [verifyPopupMandatoryFieldsBlank] - Verify Pop-up If click On Save Without Entering Mandatory Fields successfully 
[INFO ] 2022-12-06 20:46:06.700 [jobOrderStaffing.TG_3848_NewOrderStaffing] [verifyPopupMandatoryFieldsBlank] - Verifying Pop-up If click On Save Without Entering Mandatory Fields
[INFO ] 2022-12-06 20:46:06.725 [jobOrderStaffing.TG_3848_NewOrderStaffing] [verifyPopupMandatoryFieldsBlank] - Verify Pop-up If click On Save Without Entering Mandatory Fields successfully 
[INFO ] 2022-12-06 20:46:06.725 [jobOrderStaffing.TG_3848_NewOrderStaffing] [verifyPopupMandatoryFieldsBlank] - Verifying Pop-up If click On Save Without Entering Mandatory Fields
[INFO ] 2022-12-06 20:46:06.754 [jobOrderStaffing.TG_3848_NewOrderStaffing] [verifyPopupMandatoryFieldsBlank] - Verify Pop-up If click On Save Without Entering Mandatory Fields successfully 
[INFO ] 2022-12-06 20:46:06.755 [jobOrderStaffing.TG_3848_NewOrderStaffing] [verifyPopupMandatoryFieldsBlank] - Verifying Pop-up If click On Save Without Entering Mandatory Fields
[INFO ] 2022-12-06 20:46:06.816 [jobOrderStaffing.TG_3848_NewOrderStaffing] [verifyPopupMandatoryFieldsBlank] - Verify Pop-up If click On Save Without Entering Mandatory Fields successfully 
[INFO ] 2022-12-06 20:46:06.817 [jobOrderStaffing.TG_3848_NewOrderStaffing] [verifyPopupMandatoryFieldsBlank] - Verifying Pop-up If click On Save Without Entering Mandatory Fields
[INFO ] 2022-12-06 20:46:06.842 [jobOrderStaffing.TG_3848_NewOrderStaffing] [verifyPopupMandatoryFieldsBlank] - Verify Pop-up If click On Save Without Entering Mandatory Fields successfully 
[INFO ] 2022-12-06 20:46:06.842 [jobOrderStaffing.TG_3848_NewOrderStaffing] [verifyPopupMandatoryFieldsBlank] - Verifying Pop-up If click On Save Without Entering Mandatory Fields
[INFO ] 2022-12-06 20:46:06.870 [jobOrderStaffing.TG_3848_NewOrderStaffing] [verifyPopupMandatoryFieldsBlank] - Verify Pop-up If click On Save Without Entering Mandatory Fields successfully 
[INFO ] 2022-12-06 20:46:06.871 [jobOrderStaffing.TG_3848_NewOrderStaffing] [verifyPopupMandatoryFieldsBlank] - Verifying Pop-up If click On Save Without Entering Mandatory Fields
[INFO ] 2022-12-06 20:46:06.897 [jobOrderStaffing.TG_3848_NewOrderStaffing] [verifyPopupMandatoryFieldsBlank] - Verify Pop-up If click On Save Without Entering Mandatory Fields successfully 
[INFO ] 2022-12-06 20:46:06.898 [jobOrderStaffing.TG_3848_NewOrderStaffing] [verifyPopupMandatoryFieldsBlank] - Verifying Pop-up If click On Save Without Entering Mandatory Fields
[INFO ] 2022-12-06 20:46:06.921 [jobOrderStaffing.TG_3848_NewOrderStaffing] [verifyPopupMandatoryFieldsBlank] - Verify Pop-up If click On Save Without Entering Mandatory Fields successfully 
[INFO ] 2022-12-06 20:46:09.424 [jobOrderStaffing.TG_3848_NewOrderStaffing] [Tag_VerifyCompanyFieldShouldVisible] - Started==Verifying Company Field Should Visible on Job order creation form
[INFO ] 2022-12-06 20:46:11.430 [jobOrderStaffing.TG_3848_NewOrderStaffing] [verifyCompanyFieldShouldVisible] - Verifying Company Field Should Visible on Job order creation form
[INFO ] 2022-12-06 20:46:11.632 [jobOrderStaffing.TG_3848_NewOrderStaffing] [verifyCompanyFieldShouldVisible] - Company Field is Visible on Job order creation form
[INFO ] 2022-12-06 20:46:11.648 [jobOrderStaffing.TG_3848_NewOrderStaffing] [Tag_VerifyCategoryFieldShouldVisible] - Started==Verifying Category Field Should Visible on Job order creation form
[INFO ] 2022-12-06 20:46:16.652 [jobOrderStaffing.TG_3848_NewOrderStaffing] [verifycategoryFieldStaffingShouldVisible] - Verifying Category Field
[INFO ] 2022-12-06 20:46:16.656 [jobOrderStaffing.TG_3848_NewOrderStaffing] [verifycategoryFieldStaffingShouldVisible] - Verifying company Field
[INFO ] 2022-12-06 20:46:16.900 [jobOrderStaffing.TG_3848_NewOrderStaffing] [verifycategoryFieldStaffingShouldVisible] - Verifying Job Site Field
[INFO ] 2022-12-06 20:46:18.491 [jobOrderStaffing.TG_3848_NewOrderStaffing] [verifycategoryFieldStaffingShouldVisible] - Verifying Job Title Field
[INFO ] 2022-12-06 20:46:20.554 [jobOrderStaffing.TG_3848_NewOrderStaffing] [verifycategoryFieldStaffingShouldVisible] - Verify Category Field
[INFO ] 2022-12-06 20:46:24.708 [jobOrderStaffing.TG_3848_NewOrderStaffing] [verifycategoryFieldStaffingShouldVisible] - Verifyied Category Field and Job Title
[INFO ] 2022-12-06 20:46:24.734 [jobOrderStaffing.TG_3848_NewOrderStaffing] [Tag_VerifyAvailabilityFieldShouldDropdownField] - Started==Verifying Availability Field Should be Dropdown Field
[INFO ] 2022-12-06 20:46:26.737 [jobOrderStaffing.TG_3848_NewOrderStaffing] [verifyAvailabilityFieldShouldDropdownField] - Verify Availability Field Should have Dropdown
[INFO ] 2022-12-06 20:46:27.043 [jobOrderStaffing.TG_3848_NewOrderStaffing] [verifyAvailabilityFieldShouldDropdownField] - Verifyied Availability Field Should have Dropdown
[INFO ] 2022-12-06 20:46:27.079 [jobOrderStaffing.TG_3848_NewOrderStaffing] [Tag_VerifyStartDateFieldShouldVisible] - Started==Verifying Start Date Field Should Visible 
[INFO ] 2022-12-06 20:46:29.085 [jobOrderStaffing.TG_3848_NewOrderStaffing] [verifyStartDateField] - Verify Start Date 
[INFO ] 2022-12-06 20:46:29.192 [jobOrderStaffing.TG_3848_NewOrderStaffing] [verifyStartDateField] - Verify Start Date Field successfully
[INFO ] 2022-12-06 20:46:29.213 [jobOrderStaffing.TG_3848_NewOrderStaffing] [Tag_VerifyEndDateFieldShouldVisible] - Started==Verifying End Date Field Should Visible 
[INFO ] 2022-12-06 20:46:31.220 [jobOrderStaffing.TG_3848_NewOrderStaffing] [verifyEndDateField] - Verify End Date 
[INFO ] 2022-12-06 20:46:31.335 [jobOrderStaffing.TG_3848_NewOrderStaffing] [verifyEndDateField] - Verify End Date Field successfully
[INFO ] 2022-12-06 20:46:31.356 [jobOrderStaffing.TG_3848_NewOrderStaffing] [Tag_VerifyStartTimeFieldShouldVisible] - Started==Verifying Start Time Field Should Visible 
[INFO ] 2022-12-06 20:46:33.361 [jobOrderStaffing.TG_3848_NewOrderStaffing] [verifyStartTimeField] - Verify Start Time 
[INFO ] 2022-12-06 20:46:33.470 [jobOrderStaffing.TG_3848_NewOrderStaffing] [verifyStartTimeField] - Verify Start Time Field successfully
[INFO ] 2022-12-06 20:46:33.480 [jobOrderStaffing.TG_3848_NewOrderStaffing] [Tag_VerifyJobSiteFieldShouldVisible] - Started==Verifying Job Site Field Should Visible 
[INFO ] 2022-12-06 20:46:35.485 [jobOrderStaffing.TG_3848_NewOrderStaffing] [verifyJobSiteField] - Verify Job Site Time 
[INFO ] 2022-12-06 20:46:35.566 [jobOrderStaffing.TG_3848_NewOrderStaffing] [verifyJobSiteField] - Verify Job Site Field successfully
[INFO ] 2022-12-06 20:46:35.574 [jobOrderStaffing.TG_3848_NewOrderStaffing] [Tag_VerifyEstimatedDailyHoursFieldShouldVisible] - Started==Verifying Estimated Daily Hours Field Should Visible 
[INFO ] 2022-12-06 20:46:37.580 [jobOrderStaffing.TG_3848_NewOrderStaffing] [verifyEstimatedDailyHoursField] - Verify Estimated Daily HoursTime 
[INFO ] 2022-12-06 20:46:37.672 [jobOrderStaffing.TG_3848_NewOrderStaffing] [verifyEstimatedDailyHoursField] - Verify Estimated Daily Hours Field successfully
[INFO ] 2022-12-06 20:46:37.682 [jobOrderStaffing.TG_3848_NewOrderStaffing] [Tag_VerifyEstimateDailyHoursFieldShouldNotAcceptHoursMoreThan24] - Started==Verifying Estimated Daily Hours Field Should  Not Accept Hours More Than 24 
[INFO ] 2022-12-06 20:46:37.682 [jobOrderStaffing.TG_3848_NewOrderStaffing] [enterEstHours] - Entering the Estimated Daily Hours
[INFO ] 2022-12-06 20:46:44.968 [jobOrderStaffing.TG_3848_NewOrderStaffing] [enterEstHours] - Estimated Daily Hours entered successfully
[INFO ] 2022-12-06 20:46:44.969 [jobOrderStaffing.TG_3848_NewOrderStaffing] [verifyEstimatedDailyHoursFieldNotAcceptHoursMoreThan24] - Entering the Estimated Daily Hours More Than 24 
[INFO ] 2022-12-06 20:46:45.846 [jobOrderStaffing.TG_3848_NewOrderStaffing] [verifyEstimatedDailyHoursFieldNotAcceptHoursMoreThan24] - verifyed Estimated Daily Hours Field Not Accept Hours More Than 24
[INFO ] 2022-12-06 20:46:48.028 [jobOrderStaffing.TG_3848_NewOrderStaffing] [Tag_VerifyNoOfWorkersFieldShouldVisible] - Started==Verifying No Of Workers Field Should  visible 
[INFO ] 2022-12-06 20:46:48.028 [jobOrderStaffing.TG_3848_NewOrderStaffing] [verifyNoOfWorkersFieldShouldVisible] - Verifying Rate Field Should be Automatically Fetched And Editable
[INFO ] 2022-12-06 20:46:48.441 [jobOrderStaffing.TG_3848_NewOrderStaffing] [verifyNoOfWorkersFieldShouldVisible] - Verifying Job Title Field
[INFO ] 2022-12-06 20:46:48.590 [jobOrderStaffing.TG_3848_NewOrderStaffing] [verifyNoOfWorkersFieldShouldVisible] - Verifying Category Field
[INFO ] 2022-12-06 20:46:48.629 [jobOrderStaffing.TG_3848_NewOrderStaffing] [verifyNoOfWorkersFieldShouldVisible] - Verifyied Category Field and Job Title
[INFO ] 2022-12-06 20:46:48.629 [jobOrderStaffing.TG_3848_NewOrderStaffing] [verifyNoOfWorkersFieldShouldVisible] - Verifying No of Worker Field
[INFO ] 2022-12-06 20:46:48.688 [jobOrderStaffing.TG_3848_NewOrderStaffing] [verifyNoOfWorkersFieldShouldVisible] - Verifyied No of Worker Should be No of Worker Visible
[INFO ] 2022-12-06 20:46:48.697 [jobOrderStaffing.TG_3848_NewOrderStaffing] [Tag_VerifyAgreeToContractFieldCheckboxShouldVisible] - Started==Verify Agree To Contract Field Should Be Checkbox 
[INFO ] 2022-12-06 20:46:48.698 [jobOrderStaffing.TG_3848_NewOrderStaffing] [verifyAgreeToContractFieldShouldBeCheckbox] - Verify Agree Contract Field should be checkbox And Mandatory
[INFO ] 2022-12-06 20:46:48.981 [jobOrderStaffing.TG_3848_NewOrderStaffing] [verifyAgreeToContractFieldShouldBeCheckbox] - Verify Agree Contract Field should be checkbox And Mandatory
[INFO ] 2022-12-06 20:46:48.990 [jobOrderStaffing.TG_3848_NewOrderStaffing] [Tag_VerifyPopupForConfirmJobOrderDetails] - Started==Verify Popup For Confirm Job Order Details
[INFO ] 2022-12-06 20:46:50.995 [jobOrderStaffing.TG_3848_NewOrderStaffing] [enterHours] - Entering the Estimated Daily Hours
[INFO ] 2022-12-06 20:46:58.208 [jobOrderStaffing.TG_3848_NewOrderStaffing] [enterHours] - Estimated Daily Hours entered successfully
[INFO ] 2022-12-06 20:47:01.215 [jobOrderStaffing.TG_3848_NewOrderStaffing] [enterStartDate] - enter Start date 
[INFO ] 2022-12-06 20:47:06.551 [jobOrderStaffing.TG_3848_NewOrderStaffing] [enterStartDate] - Verify enter Start date
[INFO ] 2022-12-06 20:47:09.558 [jobOrderStaffing.TG_3848_NewOrderStaffing] [enterEndDate] - Verify End Date 
[INFO ] 2022-12-06 20:47:14.844 [jobOrderStaffing.TG_3848_NewOrderStaffing] [enterEndDate] - Verify enter End date
[INFO ] 2022-12-06 20:47:17.851 [jobOrderStaffing.TG_3848_NewOrderStaffing] [enterTime] - Verify Start Time 
[INFO ] 2022-12-06 20:47:23.075 [jobOrderStaffing.TG_3848_NewOrderStaffing] [enterTime] - Verify Start Time Field successfully
[INFO ] 2022-12-06 20:47:23.078 [jobOrderStaffing.TG_3848_NewOrderStaffing] [clickSaveButton] - Clicking on Save Button
[INFO ] 2022-12-06 20:47:23.315 [jobOrderStaffing.TG_3848_NewOrderStaffing] [clickSaveButton] - Save Button clicked successfully
[INFO ] 2022-12-06 20:47:23.317 [jobOrderStaffing.TG_3848_NewOrderStaffing] [verifyPopupForConfirmJobOrderDetails] - Verify Availability Field Should have Dropdown
[INFO ] 2022-12-06 20:47:23.436 [jobOrderStaffing.TG_3848_NewOrderStaffing] [verifyPopupForConfirmJobOrderDetails] - Verifyied Availability Field Should have Dropdown
[INFO ] 2022-12-06 20:47:23.437 [jobOrderStaffing.TG_3848_NewOrderStaffing] [verifyPopupForConfirmJobOrderDetails] - Verify Agree Contract Field should be checkbox And Mandatory
[INFO ] 2022-12-06 20:47:23.687 [jobOrderStaffing.TG_3848_NewOrderStaffing] [verifyPopupForConfirmJobOrderDetails] - Verify Agree Contract Field should be checkbox And Mandatory
[INFO ] 2022-12-06 20:47:23.687 [jobOrderStaffing.TG_3848_NewOrderStaffing] [verifyPopupForConfirmJobOrderDetails] - Clicking on Save Button
[INFO ] 2022-12-06 20:47:23.794 [jobOrderStaffing.TG_3848_NewOrderStaffing] [verifyPopupForConfirmJobOrderDetails] - Verifying Pop-up If click On Save for Confirm job order
[INFO ] 2022-12-06 20:47:23.830 [jobOrderStaffing.TG_3848_NewOrderStaffing] [Tag_VerifyConfirmationPopupShouldHaveConfirmAndCancelButtons] - Started==Verify Confirmation Popup Should Have Confirm And Cancel Buttons 
[INFO ] 2022-12-06 20:47:23.830 [jobOrderStaffing.TG_3848_NewOrderStaffing] [verifyConfirmationPopupShouldHaveConfirmAndButton] - Verify Confirmation Popup Should Have Confirm  Buttons
[INFO ] 2022-12-06 20:47:24.876 [jobOrderStaffing.TG_3848_NewOrderStaffing] [verifyConfirmationPopupShouldHaveConfirmAndButton] - Verify Confirmation Popup Should Have Confirm  Buttons successfully
[INFO ] 2022-12-06 20:47:24.877 [jobOrderStaffing.TG_3848_NewOrderStaffing] [verifyConfirmationPopupShouldHaveCancelButton] - Verify Confirmation Popup Should Have Cancel Buttons
[INFO ] 2022-12-06 20:47:25.922 [jobOrderStaffing.TG_3848_NewOrderStaffing] [verifyConfirmationPopupShouldHaveCancelButton] - Verify Confirmation Popup Should Have Cancel Buttons
[INFO ] 2022-12-06 20:47:25.935 [jobOrderStaffing.TG_3848_NewOrderStaffing] [Tag_VerifyClickingCancelNothingShouldSave] - Started==Verify Clicking On Cancel Nothing Should Save
[INFO ] 2022-12-06 20:47:25.936 [jobOrderStaffing.TG_3848_NewOrderStaffing] [verifyClickingCancelNothingShouldSave] - Verify Clicking Cancel Nothing Should Save
