[INFO ] 2022-12-21 12:36:23.566 [jobTitle_jobSite.TG_4862_JobTitleCreation] [enterUsername] - Entering new user's first name
[INFO ] 2022-12-21 12:36:23.920 [jobTitle_jobSite.TG_4862_JobTitleCreation] [enterUsername] - User's first name entered successfully
[INFO ] 2022-12-21 12:36:23.921 [jobTitle_jobSite.TG_4862_JobTitleCreation] [enterPassword] - Entering new user's last name
[INFO ] 2022-12-21 12:36:24.127 [jobTitle_jobSite.TG_4862_JobTitleCreation] [enterPassword] - User's last name entered successfully
[INFO ] 2022-12-21 12:36:24.127 [jobTitle_jobSite.TG_4862_JobTitleCreation] [clickLoginButton] - Clicking on Login Button
[INFO ] 2022-12-21 12:36:25.241 [jobTitle_jobSite.TG_4862_JobTitleCreation] [clickLoginButton] - Close Pop Up clicked successfully
[INFO ] 2022-12-21 12:36:28.260 [jobTitle_jobSite.TG_4862_JobTitleCreation] [enterJobTitleInSearchBar] - Entering Job Title List in the search box
[INFO ] 2022-12-21 12:36:36.678 [jobTitle_jobSite.TG_4862_JobTitleCreation] [enterJobTitleInSearchBar] - Entered Job Title List in the search box successfully
[INFO ] 2022-12-21 12:36:36.681 [jobTitle_jobSite.TG_4862_JobTitleCreation] [clickSearchBox] - Searching Job Title Listing for should open
[INFO ] 2022-12-21 12:36:37.120 [jobTitle_jobSite.TG_4862_JobTitleCreation] [clickSearchBox] - Job Title Listing opened successfully
[INFO ] 2022-12-21 12:36:37.120 [jobTitle_jobSite.TG_4862_JobTitleCreation] [verifyJobTitleListingPage] - Verify Job Title Listing Page is displayed
[INFO ] 2022-12-21 12:36:40.626 [jobTitle_jobSite.TG_4862_JobTitleCreation] [verifyJobTitleListingPage] - Job Title Listing Page displayed successfully
[INFO ] 2022-12-21 12:36:40.681 [jobTitle_jobSite.TG_4862_JobTitleCreation] [clickAddJobTitleButton] - Clicking Add Job Title Button
[INFO ] 2022-12-21 12:36:42.264 [jobTitle_jobSite.TG_4862_JobTitleCreation] [clickAddJobTitleButton] - Add Job Title Button clicked successfully
[INFO ] 2022-12-21 12:36:45.275 [jobTitle_jobSite.TG_4862_JobTitleCreation] [clickSaveButton] - Clicking on Save Button
[INFO ] 2022-12-21 12:36:45.719 [jobTitle_jobSite.TG_4862_JobTitleCreation] [clickSaveButton] - Save button clicked successfully
[INFO ] 2022-12-21 12:36:48.724 [jobTitle_jobSite.TG_4862_JobTitleCreation] [verifyMissingFieldPopUp] - Verify Missing field dialog while clicking save Button
[INFO ] 2022-12-21 12:36:48.818 [jobTitle_jobSite.TG_4862_JobTitleCreation] [verifyMissingFieldPopUp] - Missing field dialog displayed while clicking save Button successfully.
[INFO ] 2022-12-21 12:36:48.818 [jobTitle_jobSite.TG_4862_JobTitleCreation] [clickCloseButtonMissingFieldPopUp] - Clicking close button on Job Title Form
[INFO ] 2022-12-21 12:36:51.968 [jobTitle_jobSite.TG_4862_JobTitleCreation] [clickCloseButtonMissingFieldPopUp] - Close button clicked successfully
[INFO ] 2022-12-21 12:36:51.969 [jobTitle_jobSite.TG_4862_JobTitleCreation] [enterIndustry] - Entering Job Industry
[INFO ] 2022-12-21 12:36:52.117 [jobTitle_jobSite.TG_4862_JobTitleCreation] [enterIndustry] - Job Industry entered successfully
[INFO ] 2022-12-21 12:36:52.118 [jobTitle_jobSite.TG_4862_JobTitleCreation] [enterRate] - Entering rate
[INFO ] 2022-12-21 12:36:52.245 [jobTitle_jobSite.TG_4862_JobTitleCreation] [enterRate] - Rate entered successfully
[INFO ] 2022-12-21 12:36:52.246 [jobTitle_jobSite.TG_4862_JobTitleCreation] [enterJobTitle] - Entering Job Title
[INFO ] 2022-12-21 12:36:52.466 [jobTitle_jobSite.TG_4862_JobTitleCreation] [enterJobTitle] - Job Title entered successfully
[INFO ] 2022-12-21 12:36:57.472 [jobTitle_jobSite.TG_4862_JobTitleCreation] [enterDescription] - Entering Description
[INFO ] 2022-12-21 12:36:57.859 [jobTitle_jobSite.TG_4862_JobTitleCreation] [enterDescription] - Description entered successfully
[INFO ] 2022-12-21 12:36:57.862 [jobTitle_jobSite.TG_4862_JobTitleCreation] [clickSaveButton] - Clicking on Save Button
[INFO ] 2022-12-21 12:36:58.201 [jobTitle_jobSite.TG_4862_JobTitleCreation] [clickSaveButton] - Save button clicked successfully
[INFO ] 2022-12-21 12:36:58.201 [jobTitle_jobSite.TG_4862_JobTitleCreation] [verifyEnabledTitle] - Verify Job Title created Successfully
[INFO ] 2022-12-21 12:36:59.978 [jobTitle_jobSite.TG_4862_JobTitleCreation] [verifyEnabledTitle] - Job Title Created successfully.
