[INFO ] 2022-12-22 14:01:13.644 [company.TG_4463_InvCreationStaffing] [Tag_EndToEndFlowNewOrderHiring] - Started==Starting End To End Flow NewOrderHiring
[INFO ] 2022-12-22 14:01:15.815 [company.TG_4463_InvCreationStaffing] [enterUsername] - Entering new user's first name
[INFO ] 2022-12-22 14:01:16.359 [company.TG_4463_InvCreationStaffing] [enterUsername] - User's first name entered successfully
[INFO ] 2022-12-22 14:01:16.359 [company.TG_4463_InvCreationStaffing] [enterPassword] - Entering new user's last name
[INFO ] 2022-12-22 14:01:17.710 [company.TG_4463_InvCreationStaffing] [enterPassword] - User's last name entered successfully
[INFO ] 2022-12-22 14:01:17.710 [company.TG_4463_InvCreationStaffing] [clickLoginButton] - Clicking on Login Button
[INFO ] 2022-12-22 14:01:18.051 [company.TG_4463_InvCreationStaffing] [clickLoginButton] - Close Pop Up clicked successfully
[INFO ] 2022-12-22 14:01:18.051 [company.TG_4463_InvCreationStaffing] [newOrderHiring] - Clicking on New Order Button
[INFO ] 2022-12-22 14:01:28.927 [company.TG_4463_InvCreationStaffing] [newOrderHiring] - New Order Button clicked successfully
[INFO ] 2022-12-22 14:01:28.928 [company.TG_4463_InvCreationStaffing] [newOrderHiring] - Entering EstDailyHours
[INFO ] 2022-12-22 14:01:37.728 [company.TG_4463_InvCreationStaffing] [newOrderHiring] - EstDailyHours entered successfully
[INFO ] 2022-12-22 14:01:37.729 [company.TG_4463_InvCreationStaffing] [newOrderHiring] - Entering StartDate
[INFO ] 2022-12-22 14:01:43.555 [company.TG_4463_InvCreationStaffing] [newOrderHiring] - StartDate entered successfully
[INFO ] 2022-12-22 14:01:43.559 [company.TG_4463_InvCreationStaffing] [newOrderHiring] - Entering EndDate
[INFO ] 2022-12-22 14:01:54.888 [company.TG_4463_InvCreationStaffing] [newOrderHiring] - EndDate entered successfully
[INFO ] 2022-12-22 14:01:54.890 [company.TG_4463_InvCreationStaffing] [newOrderHiring] - Entering StartTime
[INFO ] 2022-12-22 14:01:55.488 [company.TG_4463_InvCreationStaffing] [newOrderHiring] - StartTime entered successfully
[INFO ] 2022-12-22 14:01:55.488 [company.TG_4463_InvCreationStaffing] [newOrderHiring] - Entering Availability
[INFO ] 2022-12-22 14:01:55.666 [company.TG_4463_InvCreationStaffing] [newOrderHiring] - Availabilit entered successfully
[INFO ] 2022-12-22 14:01:55.667 [company.TG_4463_InvCreationStaffing] [newOrderHiring] - Entering JobSite
[INFO ] 2022-12-22 14:02:01.789 [company.TG_4463_InvCreationStaffing] [newOrderHiring] - JobSite entered successfully
[INFO ] 2022-12-22 14:02:01.790 [company.TG_4463_InvCreationStaffing] [newOrderHiring] - Entering JobTitle
[INFO ] 2022-12-22 14:02:11.085 [company.TG_4463_InvCreationStaffing] [newOrderHiring] - JobTitle entered successfully
[INFO ] 2022-12-22 14:02:11.092 [company.TG_4463_InvCreationStaffing] [newOrderHiring] - Entering No Of Workers
[INFO ] 2022-12-22 14:02:16.264 [company.TG_4463_InvCreationStaffing] [newOrderHiring] - NoOfWorkers entered successfully
[INFO ] 2022-12-22 14:02:16.265 [company.TG_4463_InvCreationStaffing] [newOrderHiring] - Entering ESignature
[INFO ] 2022-12-22 14:02:16.380 [company.TG_4463_InvCreationStaffing] [newOrderHiring] - ESignature entered successfully
[INFO ] 2022-12-22 14:02:16.381 [company.TG_4463_InvCreationStaffing] [newOrderHiring] - clickAgreeContract
[INFO ] 2022-12-22 14:02:16.526 [company.TG_4463_InvCreationStaffing] [newOrderHiring] - clickAgreeContract successfully
[INFO ] 2022-12-22 14:02:16.527 [company.TG_4463_InvCreationStaffing] [newOrderHiring] - clickSaveButton
[INFO ] 2022-12-22 14:02:16.718 [company.TG_4463_InvCreationStaffing] [newOrderHiring] - SaveButton Clicked successfully
