[INFO ] 2022-12-29 01:23:35.387 [blockCompany.TG_4779_Block_Company] [LoginHiring] - Logging in
[INFO ] 2022-12-29 01:23:37.444 [blockCompany.TG_4779_Block_Company] [enterUsername] - Entering new user's first name
[INFO ] 2022-12-29 01:23:38.186 [blockCompany.TG_4779_Block_Company] [enterUsername] - User's first name entered successfully
[INFO ] 2022-12-29 01:23:38.186 [blockCompany.TG_4779_Block_Company] [enterPassword] - Entering new user's last name
[INFO ] 2022-12-29 01:23:38.637 [blockCompany.TG_4779_Block_Company] [enterPassword] - User's last name entered successfully
[INFO ] 2022-12-29 01:23:38.638 [blockCompany.TG_4779_Block_Company] [clickLoginButton] - Clicking on Login Button
[INFO ] 2022-12-29 01:23:39.573 [blockCompany.TG_4779_Block_Company] [clickLoginButton] - Close Pop Up clicked successfully
[INFO ] 2022-12-29 01:23:39.611 [blockCompany.TG_4779_Block_Company] [clickStaffingCompanies] - Clicking Staffing Companies
[INFO ] 2022-12-29 01:23:44.614 [blockCompany.TG_4779_Block_Company] [clickStaffingCompanies] - Clicking on Staffing Companies Button
[INFO ] 2022-12-29 01:23:48.331 [blockCompany.TG_4779_Block_Company] [clickStaffingCompanies] - Staffing Companies Button clicked successfully
[INFO ] 2022-12-29 01:23:48.368 [blockCompany.TG_4779_Block_Company] [verifyStaffingCompaniesList] - Verifying Staffing Company List
[INFO ] 2022-12-29 01:23:52.373 [blockCompany.TG_4779_Block_Company] [verifyStaffingCompanyList] - Verify Staffing Company List is displayed
[INFO ] 2022-12-29 01:23:52.480 [blockCompany.TG_4779_Block_Company] [verifyStaffingCompanyList] - Staffing Company List displayed successfully
[INFO ] 2022-12-29 01:23:52.504 [blockCompany.TG_4779_Block_Company] [clickStaffingCompany] - Clicking Staffing Company
[INFO ] 2022-12-29 01:23:57.510 [blockCompany.TG_4779_Block_Company] [clickHunderedFilter] - Clicking on 100 records button
[INFO ] 2022-12-29 01:23:57.693 [blockCompany.TG_4779_Block_Company] [clickHunderedFilter] - 100 records button clicked Successfully
[INFO ] 2022-12-29 01:24:02.699 [blockCompany.TG_4779_Block_Company] [clickStaffingCompany] - Clicking on Staffing Company
[INFO ] 2022-12-29 01:24:04.099 [blockCompany.TG_4779_Block_Company] [clickStaffingCompany] - Staffing Company clicked successfully
[INFO ] 2022-12-29 01:24:04.121 [blockCompany.TG_4779_Block_Company] [clickBlockButton] - Clicking Block Button
[INFO ] 2022-12-29 01:24:07.129 [blockCompany.TG_4779_Block_Company] [clickBlockButton] - Clicking on Block Button
[INFO ] 2022-12-29 01:24:07.266 [blockCompany.TG_4779_Block_Company] [clickBlockButton] - Block Button clicked successfully
[INFO ] 2022-12-29 01:24:10.293 [blockCompany.TG_4779_Block_Company] [verifyBlockCompanyPopUp] - Verifying Company Marked as Favorite
[INFO ] 2022-12-29 01:24:10.293 [blockCompany.TG_4779_Block_Company] [verifyBlockCompanyPopUp] - Verify Company Blocked Pop Up displayed
[INFO ] 2022-12-29 01:24:10.340 [blockCompany.TG_4779_Block_Company] [verifyBlockCompanyPopUp] - Company Blocked Pop Up displayed successfully
[INFO ] 2022-12-29 01:24:10.340 [blockCompany.TG_4779_Block_Company] [closePopUpButton] - Clicking on Close Pop Up
[INFO ] 2022-12-29 01:24:10.502 [blockCompany.TG_4779_Block_Company] [closePopUpButton] - Close Pop Up clicked Successfully
[INFO ] 2022-12-29 01:24:14.540 [blockCompany.TG_4779_Block_Company] [clickUnblockButton] - Clicking Unblock Button
[INFO ] 2022-12-29 01:24:17.546 [blockCompany.TG_4779_Block_Company] [clickUnblockButton] - Clicking on Block Button
[INFO ] 2022-12-29 01:24:19.128 [blockCompany.TG_4779_Block_Company] [clickUnblockButton] - Block Button clicked successfully
[INFO ] 2022-12-29 01:24:19.157 [blockCompany.TG_4779_Block_Company] [verifyUnblockCompanyPopUp] - Verifying Staffing Company UnBlocked
[INFO ] 2022-12-29 01:24:59.167 [blockCompany.TG_4779_Block_Company] [verifyUnblockCompanyPopUp] - Verify Company Unblocked Pop Up displayed
