[INFO ] 2022-12-07 23:39:53.357 [timesheets.TG_4290_TimesheetCreation] [Tag_EndToEndFlowNewOrderHiring] - Started==Starting End To End Flow NewOrderHiring
[INFO ] 2022-12-07 23:39:57.714 [timesheets.TG_4290_TimesheetCreation] [enterUsername] - Entering new user's first name
[INFO ] 2022-12-07 23:39:58.115 [timesheets.TG_4290_TimesheetCreation] [enterUsername] - User's first name entered successfully
[INFO ] 2022-12-07 23:39:58.115 [timesheets.TG_4290_TimesheetCreation] [enterPassword] - Entering new user's last name
[INFO ] 2022-12-07 23:39:58.608 [timesheets.TG_4290_TimesheetCreation] [enterPassword] - User's last name entered successfully
[INFO ] 2022-12-07 23:39:58.609 [timesheets.TG_4290_TimesheetCreation] [clickLoginButton] - Clicking on Login Button
[INFO ] 2022-12-07 23:39:59.964 [timesheets.TG_4290_TimesheetCreation] [clickLoginButton] - Close Pop Up clicked successfully
[INFO ] 2022-12-07 23:39:59.965 [timesheets.TG_4290_TimesheetCreation] [newOrderHiring] - Clicking on New Order Button
[INFO ] 2022-12-07 23:40:24.117 [timesheets.TG_4290_TimesheetCreation] [newOrderHiring] - New Order Button clicked successfully
[INFO ] 2022-12-07 23:40:24.119 [timesheets.TG_4290_TimesheetCreation] [newOrderHiring] - Entering EstDailyHours
[INFO ] 2022-12-07 23:40:34.703 [timesheets.TG_4290_TimesheetCreation] [newOrderHiring] - EstDailyHours entered successfully
[INFO ] 2022-12-07 23:40:34.704 [timesheets.TG_4290_TimesheetCreation] [newOrderHiring] - Entering StartDate
[INFO ] 2022-12-07 23:40:40.839 [timesheets.TG_4290_TimesheetCreation] [newOrderHiring] - StartDate entered successfully
[INFO ] 2022-12-07 23:40:40.841 [timesheets.TG_4290_TimesheetCreation] [newOrderHiring] - Entering EndDate
[INFO ] 2022-12-07 23:40:52.231 [timesheets.TG_4290_TimesheetCreation] [newOrderHiring] - EndDate entered successfully
[INFO ] 2022-12-07 23:40:52.234 [timesheets.TG_4290_TimesheetCreation] [newOrderHiring] - Entering StartTime
[INFO ] 2022-12-07 23:40:53.077 [timesheets.TG_4290_TimesheetCreation] [newOrderHiring] - StartTime entered successfully
[INFO ] 2022-12-07 23:40:53.078 [timesheets.TG_4290_TimesheetCreation] [newOrderHiring] - Entering Availability
[INFO ] 2022-12-07 23:40:53.311 [timesheets.TG_4290_TimesheetCreation] [newOrderHiring] - Availabilit entered successfully
[INFO ] 2022-12-07 23:40:53.311 [timesheets.TG_4290_TimesheetCreation] [newOrderHiring] - Entering JobSite
[INFO ] 2022-12-07 23:40:59.753 [timesheets.TG_4290_TimesheetCreation] [newOrderHiring] - JobSite entered successfully
[INFO ] 2022-12-07 23:40:59.754 [timesheets.TG_4290_TimesheetCreation] [newOrderHiring] - Entering JobTitle
[INFO ] 2022-12-07 23:41:09.704 [timesheets.TG_4290_TimesheetCreation] [newOrderHiring] - JobTitle entered successfully
[INFO ] 2022-12-07 23:41:09.705 [timesheets.TG_4290_TimesheetCreation] [newOrderHiring] - Entering No Of Workers
[INFO ] 2022-12-07 23:41:14.866 [timesheets.TG_4290_TimesheetCreation] [newOrderHiring] - NoOfWorkers entered successfully
[INFO ] 2022-12-07 23:41:14.867 [timesheets.TG_4290_TimesheetCreation] [newOrderHiring] - Entering ESignature
[INFO ] 2022-12-07 23:41:15.068 [timesheets.TG_4290_TimesheetCreation] [newOrderHiring] - ESignature entered successfully
[INFO ] 2022-12-07 23:41:15.069 [timesheets.TG_4290_TimesheetCreation] [newOrderHiring] - clickAgreeContract
[INFO ] 2022-12-07 23:41:15.280 [timesheets.TG_4290_TimesheetCreation] [newOrderHiring] - clickAgreeContract successfully
[INFO ] 2022-12-07 23:41:15.280 [timesheets.TG_4290_TimesheetCreation] [newOrderHiring] - clickSaveButton
[INFO ] 2022-12-07 23:41:15.567 [timesheets.TG_4290_TimesheetCreation] [newOrderHiring] - SaveButton Clicked successfully
[INFO ] 2022-12-07 23:41:24.213 [timesheets.TG_4290_TimesheetCreation] [newOrderHiring] - Job order link present on the home page clicked
[INFO ] 2022-12-07 23:42:40.646 [timesheets.TG_4290_TimesheetCreation] [newOrderHiring] - Verify Job Order Id and Email Successfully
[INFO ] 2022-12-07 23:42:53.428 [timesheets.TG_4290_TimesheetCreation] [Tag_CreateEmployeeFromStaffing] - Started==Starting End To End Flow CreateEmployeeFromStaffing
[INFO ] 2022-12-07 23:43:03.766 [timesheets.TG_4290_TimesheetCreation] [enterUsername] - Entering new user's first name
[INFO ] 2022-12-07 23:43:03.893 [timesheets.TG_4290_TimesheetCreation] [enterUsername] - User's first name entered successfully
[INFO ] 2022-12-07 23:43:03.893 [timesheets.TG_4290_TimesheetCreation] [enterPassword] - Entering new user's last name
[INFO ] 2022-12-07 23:43:03.970 [timesheets.TG_4290_TimesheetCreation] [enterPassword] - User's last name entered successfully
[INFO ] 2022-12-07 23:43:03.971 [timesheets.TG_4290_TimesheetCreation] [clickLoginButton] - Clicking on Login Button
[INFO ] 2022-12-07 23:43:04.051 [timesheets.TG_4290_TimesheetCreation] [clickLoginButton] - Close Pop Up clicked successfully
[INFO ] 2022-12-07 23:43:40.626 [timesheets.TG_4290_TimesheetCreation] [clickAddNewEployeeButton] - Clicking on Add New Employee Button
[INFO ] 2022-12-07 23:43:41.716 [timesheets.TG_4290_TimesheetCreation] [clickAddNewEployeeButton] - Employee button clicked successfully
[INFO ] 2022-12-07 23:43:46.722 [timesheets.TG_4290_TimesheetCreation] [enterCompanyName] - Entering Company Name
[INFO ] 2022-12-07 23:43:46.907 [timesheets.TG_4290_TimesheetCreation] [enterCompanyName] - Company Name entered successfully
[INFO ] 2022-12-07 23:43:48.913 [timesheets.TG_4290_TimesheetCreation] [enterFirstName] - Entering First Name
[INFO ] 2022-12-07 23:43:49.079 [timesheets.TG_4290_TimesheetCreation] [enterFirstName] - First Name entered successfully
[INFO ] 2022-12-07 23:43:51.084 [timesheets.TG_4290_TimesheetCreation] [enterLastName] - Entering Last Name
[INFO ] 2022-12-07 23:43:51.197 [timesheets.TG_4290_TimesheetCreation] [enterLastName] - Last Name entered successfully
[INFO ] 2022-12-07 23:43:53.203 [timesheets.TG_4290_TimesheetCreation] [enterDateOfBirthField] - Entering date of birth
[INFO ] 2022-12-07 23:43:54.419 [timesheets.TG_4290_TimesheetCreation] [enterDateOfBirthField] - Date of birth entered successfully
[INFO ] 2022-12-07 23:43:56.426 [timesheets.TG_4290_TimesheetCreation] [enterEmail] - Entering email
[INFO ] 2022-12-07 23:43:56.631 [timesheets.TG_4290_TimesheetCreation] [enterEmail] - Email entered successfully
[INFO ] 2022-12-07 23:43:58.637 [timesheets.TG_4290_TimesheetCreation] [selectSearchOnMapsCheckbox] - Selecting search on Maps checkbox
[INFO ] 2022-12-07 23:44:00.896 [timesheets.TG_4290_TimesheetCreation] [selectSearchOnMapsCheckbox] - Search on maps checkbox selected
[INFO ] 2022-12-07 23:44:02.902 [timesheets.TG_4290_TimesheetCreation] [enterEmployeeAddressOnMaps] - Etering employee address on maps
[INFO ] 2022-12-07 23:44:04.198 [timesheets.TG_4290_TimesheetCreation] [enterEmployeeAddressOnMaps] - Employee entered successfully
[INFO ] 2022-12-07 23:44:06.204 [timesheets.TG_4290_TimesheetCreation] [clickSaveButton] - Clicking Save button
[INFO ] 2022-12-07 23:44:06.401 [timesheets.TG_4290_TimesheetCreation] [clickSaveButton] - Save button clicked successfully
[INFO ] 2022-12-07 23:44:46.400 [timesheets.TG_4290_TimesheetCreation] [getEmployeeIdFromEmaployeeDetailsPage] - Fetching employee id
[INFO ] 2022-12-07 23:44:46.449 [timesheets.TG_4290_TimesheetCreation] [getEmployeeIdFromEmaployeeDetailsPage] - Employee id fetched successfully
[INFO ] 2022-12-07 23:44:46.618 [timesheets.TG_4290_TimesheetCreation] [Tag_EndToEndFlowClaimFromStaffing] - Started==Starting End To End Flow ClaimFromStaffing
[INFO ] 2022-12-07 23:44:46.619 [timesheets.TG_4290_TimesheetCreation] [ClaimOrderForStaffing] - Clicking Job orders menu present on the staffing homepage navigates to joborder listing form 
[INFO ] 2022-12-07 23:45:16.742 [timesheets.TG_4290_TimesheetCreation] [ClaimOrderForStaffing] - Clicking on Claim order Button
[INFO ] 2022-12-07 23:45:33.817 [timesheets.TG_4290_TimesheetCreation] [ClaimOrderForStaffing] - Claim order button clicked successfully
[INFO ] 2022-12-07 23:45:33.819 [timesheets.TG_4290_TimesheetCreation] [ClaimOrderForStaffing] - Entering the No. of Employees Claim
[INFO ] 2022-12-07 23:45:39.013 [timesheets.TG_4290_TimesheetCreation] [ClaimOrderForStaffing] - No. of Employees Claim entered successfully
[INFO ] 2022-12-07 23:45:44.023 [timesheets.TG_4290_TimesheetCreation] [ClaimOrderForStaffing] - Entering the E-Signature
[INFO ] 2022-12-07 23:45:46.218 [timesheets.TG_4290_TimesheetCreation] [ClaimOrderForStaffing] - E-Signature entered successfully
[INFO ] 2022-12-07 23:45:46.218 [timesheets.TG_4290_TimesheetCreation] [ClaimOrderForStaffing] - Clicking on Agree to Contract Button
[INFO ] 2022-12-07 23:45:48.362 [timesheets.TG_4290_TimesheetCreation] [ClaimOrderForStaffing] - Agree to Contract Button clicked successfully
[INFO ] 2022-12-07 23:45:48.362 [timesheets.TG_4290_TimesheetCreation] [ClaimOrderForStaffing] - Clicking on Submit Claim Button
[INFO ] 2022-12-07 23:45:55.501 [timesheets.TG_4290_TimesheetCreation] [ClaimOrderForStaffing] - Submit Claim Button clicked successfully
[INFO ] 2022-12-07 23:46:34.070 [timesheets.TG_4290_TimesheetCreation] [Tag_EndToEndFlowClaimApproveHiring] - Started==Starting End To End Flow ApproveHiring
[INFO ] 2022-12-07 23:46:43.032 [timesheets.TG_4290_TimesheetCreation] [enterUsername] - Entering new user's first name
[INFO ] 2022-12-07 23:46:43.143 [timesheets.TG_4290_TimesheetCreation] [enterUsername] - User's first name entered successfully
[INFO ] 2022-12-07 23:46:43.144 [timesheets.TG_4290_TimesheetCreation] [enterPassword] - Entering new user's last name
[INFO ] 2022-12-07 23:46:43.224 [timesheets.TG_4290_TimesheetCreation] [enterPassword] - User's last name entered successfully
[INFO ] 2022-12-07 23:46:43.225 [timesheets.TG_4290_TimesheetCreation] [clickLoginButton] - Clicking on Login Button
[INFO ] 2022-12-07 23:46:43.302 [timesheets.TG_4290_TimesheetCreation] [clickLoginButton] - Close Pop Up clicked successfully
[INFO ] 2022-12-07 23:46:43.302 [timesheets.TG_4290_TimesheetCreation] [ApproveClaimFromHiring] - Clicking Order menu present on the staffing homepage
[INFO ] 2022-12-07 23:46:54.675 [timesheets.TG_4290_TimesheetCreation] [ApproveClaimFromHiring] - Order menu present on the staffing hompage clicked successfully.
[INFO ] 2022-12-07 23:46:54.676 [timesheets.TG_4290_TimesheetCreation] [ApproveClaimFromHiring] - Clicking All orders menu present on the staffing homepage
[INFO ] 2022-12-07 23:47:08.890 [timesheets.TG_4290_TimesheetCreation] [ApproveClaimFromHiring] - Clicking on the claim button navigates to claim order form 
[INFO ] 2022-12-07 23:47:12.038 [timesheets.TG_4290_TimesheetCreation] [ApproveClaimFromHiring] - Clicking on the claim button navigates to claim order form successfully
[INFO ] 2022-12-07 23:47:12.038 [timesheets.TG_4290_TimesheetCreation] [ApproveClaimFromHiring] - Clicking the select head count button on the claim order form
[INFO ] 2022-12-07 23:47:13.459 [timesheets.TG_4290_TimesheetCreation] [ApproveClaimFromHiring] - Clicked the select head count button on the claim order form successfully
[INFO ] 2022-12-07 23:47:13.459 [timesheets.TG_4290_TimesheetCreation] [ApproveClaimFromHiring] - Entering Approve count should not be greater than Workerscount
[INFO ] 2022-12-07 23:47:21.194 [timesheets.TG_4290_TimesheetCreation] [ApproveClaimFromHiring] - Approve count is not more than the workers count
[INFO ] 2022-12-07 23:47:21.200 [timesheets.TG_4290_TimesheetCreation] [ApproveClaimFromHiring] - Clicking on modal submit Button
[INFO ] 2022-12-07 23:47:21.462 [timesheets.TG_4290_TimesheetCreation] [ApproveClaimFromHiring] - Modal submit button clicked successfully
[INFO ] 2022-12-07 23:47:32.772 [timesheets.TG_4290_TimesheetCreation] [Tag_EndToEndFlowAssignEmployeeFromStaffing] - Started==Starting End To End Flow AssignEmployee
[INFO ] 2022-12-07 23:47:39.358 [timesheets.TG_4290_TimesheetCreation] [enterUsername] - Entering new user's first name
[INFO ] 2022-12-07 23:47:39.471 [timesheets.TG_4290_TimesheetCreation] [enterUsername] - User's first name entered successfully
[INFO ] 2022-12-07 23:47:39.471 [timesheets.TG_4290_TimesheetCreation] [enterPassword] - Entering new user's last name
[INFO ] 2022-12-07 23:47:39.557 [timesheets.TG_4290_TimesheetCreation] [enterPassword] - User's last name entered successfully
[INFO ] 2022-12-07 23:47:39.557 [timesheets.TG_4290_TimesheetCreation] [clickLoginButton] - Clicking on Login Button
[INFO ] 2022-12-07 23:47:39.625 [timesheets.TG_4290_TimesheetCreation] [clickLoginButton] - Close Pop Up clicked successfully
[INFO ] 2022-12-07 23:47:39.626 [timesheets.TG_4290_TimesheetCreation] [AssignEmployee] - Clicking Order menu present on the staffing homepage
[INFO ] 2022-12-07 23:47:55.035 [timesheets.TG_4290_TimesheetCreation] [AssignEmployee] - Order menu present on the staffing hompage clicked successfully.
[INFO ] 2022-12-07 23:47:55.038 [timesheets.TG_4290_TimesheetCreation] [AssignEmployee] - Clicking All orders menu present on the staffing homepage
[INFO ] 2022-12-07 23:48:00.800 [timesheets.TG_4290_TimesheetCreation] [AssignEmployee] - All orders menu present on the staffing hompage clicked successfully.
[INFO ] 2022-12-07 23:48:20.907 [timesheets.TG_4290_TimesheetCreation] [AssignEmployee] - Clicking Assign employees under the related section
[INFO ] 2022-12-07 23:48:30.761 [timesheets.TG_4290_TimesheetCreation] [AssignEmployee] - Clicked assign employees on job order form successfully
[INFO ] 2022-12-07 23:48:30.765 [timesheets.TG_4290_TimesheetCreation] [AssignEmployee] - Entering Distance radius in new Assign Employee form 
[INFO ] 2022-12-07 23:48:30.961 [timesheets.TG_4290_TimesheetCreation] [AssignEmployee] - Distance radius in new Assign Employee form entered successfully
[INFO ] 2022-12-07 23:48:30.964 [timesheets.TG_4290_TimesheetCreation] [AssignEmployee] - Clicking CheckBox ShowAllEmployees
[INFO ] 2022-12-07 23:48:33.138 [timesheets.TG_4290_TimesheetCreation] [AssignEmployee] -  ShowAllEmployees CheckBox clicked successfully
[INFO ] 2022-12-07 23:48:33.139 [timesheets.TG_4290_TimesheetCreation] [AssignEmployee] - Clicking AddRow in new Assign Employee form 
[INFO ] 2022-12-07 23:48:40.354 [timesheets.TG_4290_TimesheetCreation] [AssignEmployee] - AddRow button in new Assign Employee form clicked successfully
[INFO ] 2022-12-07 23:48:40.354 [timesheets.TG_4290_TimesheetCreation] [AssignEmployee] - Clicking edit button on the form under the EmployeeDetails
[INFO ] 2022-12-07 23:48:40.518 [timesheets.TG_4290_TimesheetCreation] [AssignEmployee] - Clicked edit button on the form under the EmployeeDetails successfully
[INFO ] 2022-12-07 23:48:40.909 [timesheets.TG_4290_TimesheetCreation] [AssignEmployee] - employeeId in new Assign Employee form entered successfully
[INFO ] 2022-12-07 23:48:40.910 [timesheets.TG_4290_TimesheetCreation] [AssignEmployee] - Clicking Dropdown arrow in the modal
[INFO ] 2022-12-07 23:48:41.106 [timesheets.TG_4290_TimesheetCreation] [AssignEmployee] - Clicked Dropdown arrow in the modal successfully
[INFO ] 2022-12-07 23:48:43.116 [timesheets.TG_4290_TimesheetCreation] [AssignEmployee] - Clicking save new Assign Employee form
[INFO ] 2022-12-07 23:48:47.243 [timesheets.TG_4290_TimesheetCreation] [AssignEmployee] - save button in new Assign Employee form clicked successfully
[INFO ] 2022-12-07 23:49:40.408 [timesheets.TG_4290_TimesheetCreation] [Tag_VerifyHiringAdminAbleToViewEmployeesHaveBeenAssignedPleaseSubmitTheirTimesheets] - Started==Verifying Hiring Admin Able To View Employees Have Been Assigned Please Submit Their Timesheets
[INFO ] 2022-12-07 23:49:47.402 [timesheets.TG_4290_TimesheetCreation] [enterUsername] - Entering new user's first name
[INFO ] 2022-12-07 23:49:47.532 [timesheets.TG_4290_TimesheetCreation] [enterUsername] - User's first name entered successfully
[INFO ] 2022-12-07 23:49:47.533 [timesheets.TG_4290_TimesheetCreation] [enterPassword] - Entering new user's last name
[INFO ] 2022-12-07 23:49:47.607 [timesheets.TG_4290_TimesheetCreation] [enterPassword] - User's last name entered successfully
[INFO ] 2022-12-07 23:49:47.607 [timesheets.TG_4290_TimesheetCreation] [clickLoginButton] - Clicking on Login Button
[INFO ] 2022-12-07 23:49:47.674 [timesheets.TG_4290_TimesheetCreation] [clickLoginButton] - Close Pop Up clicked successfully
[INFO ] 2022-12-07 23:49:50.686 [timesheets.TG_4290_TimesheetCreation] [clickOrderOption] - Clicking on  order Button
[INFO ] 2022-12-07 23:49:55.492 [timesheets.TG_4290_TimesheetCreation] [clickOrderOption] -  Order Button clicked successfully
[INFO ] 2022-12-07 23:50:13.717 [timesheets.TG_4290_TimesheetCreation] [verifyPleaseReviewTimesheetMessage] - Check for 'submit their timesheets' message Displayed
[INFO ] 2022-12-07 23:50:13.804 [timesheets.TG_4290_TimesheetCreation] [verifyPleaseReviewTimesheetMessage] - Message displayed successfully
[INFO ] 2022-12-07 23:50:13.835 [timesheets.TG_4290_TimesheetCreation] [Tag_VerifyAddEditTimesheetButtonVisibleOnClickingOnTimesheet] - Started==Verifying Add Edit Timesheet Button Visible On Clicking On Timesheet
[INFO ] 2022-12-07 23:50:13.835 [timesheets.TG_4290_TimesheetCreation] [ClickingOnTimesheet] - Verifying Add Edit Timesheet Button Visible On Clicking On Timesheet
[INFO ] 2022-12-07 23:50:18.940 [timesheets.TG_4290_TimesheetCreation] [clickaddEditButton] - Clicking on addEditButton 
[INFO ] 2022-12-07 23:50:21.113 [timesheets.TG_4290_TimesheetCreation] [clickaddEditButton] - AddEditButton Clicked Successfully 
[INFO ] 2022-12-07 23:50:21.130 [timesheets.TG_4290_TimesheetCreation] [Tag_VerifyNavigatedToAddTimesheetFormByClickingOnAddEditTimesheetButtonOnClickingOnTimesheet] - Started==Verifying Navigated To Add Timesheet Form By Clicking On Add Edit Timesheet Button On Clicking On Timesheet
[INFO ] 2022-12-07 23:50:21.130 [timesheets.TG_4290_TimesheetCreation] [verifyNavigatedToAddTimesheetFormByClickingOnAddEditTimesheetButtonOnClickingOnTimesheet] - Verifying Navigated To Add Timesheet Form By Clicking On Add Edit Timesheet Button On Clicking On Timesheet
[INFO ] 2022-12-07 23:50:24.222 [timesheets.TG_4290_TimesheetCreation] [verifyNavigatedToAddTimesheetFormByClickingOnAddEditTimesheetButtonOnClickingOnTimesheet] - Verify Navigated To Add Timesheet Form By Clicking On Add Edit Timesheet Button On Clicking On Timesheet successfully
[INFO ] 2022-12-07 23:50:27.247 [timesheets.TG_4290_TimesheetCreation] [Tag_VerifyTimesheetDetailShouldGetAutoFetched] - Started==Verifying Timesheet Detail Should Get Auto-Fetched
[INFO ] 2022-12-07 23:50:27.247 [timesheets.TG_4290_TimesheetCreation] [verifyTimesheetDetailShouldGetAutoFetched] - Verifying Timesheet Detail Should Get Auto-Fetched
[INFO ] 2022-12-07 23:50:30.344 [timesheets.TG_4290_TimesheetCreation] [verifyTimesheetDetailShouldGetAutoFetched] - Verify Timesheet Detail Should Get Auto-Fetched successfully
[INFO ] 2022-12-07 23:50:30.362 [timesheets.TG_4290_TimesheetCreation] [Tag_VerifyHiringRoleShouldNotAbleToSelectFutureDateAndGetsPopup] - Started==Verifying Hiring Role Should Not Able To Select Future Date And Gets Popup
[INFO ] 2022-12-07 23:50:33.373 [timesheets.TG_4290_TimesheetCreation] [enterDate] - Verify Future date 
[INFO ] 2022-12-07 23:50:38.894 [timesheets.TG_4290_TimesheetCreation] [enterDate] - Verify Future date successfully
[INFO ] 2022-12-07 23:50:41.905 [timesheets.TG_4290_TimesheetCreation] [verifyHiringRoleShouldNotAbleToSelectFutureDateAndGetsPopup] - Verifying Hiring Role Should Not Able To Select Future Date And Gets Popup
[INFO ] 2022-12-07 23:50:41.988 [timesheets.TG_4290_TimesheetCreation] [verifyHiringRoleShouldNotAbleToSelectFutureDateAndGetsPopup] - Verify Hiring Role Should Not Able To Select Future Date And Gets Popup successfully 
[INFO ] 2022-12-07 23:50:47.010 [timesheets.TG_4290_TimesheetCreation] [closeBlankMandatoryFieldDialogBox] - closing Future Date DialogBox
[INFO ] 2022-12-07 23:50:47.195 [timesheets.TG_4290_TimesheetCreation] [closeBlankMandatoryFieldDialogBox] - Future Date DialogBox close Successfully
[INFO ] 2022-12-07 23:50:47.240 [timesheets.TG_4290_TimesheetCreation] [Tag_VerifyHiringRoleShouldAbleToSelectDateAsCurrentDay] - Started==Verifying Hiring Role Should Able To Select Date As Current Day
[INFO ] 2022-12-07 23:50:47.241 [timesheets.TG_4290_TimesheetCreation] [verifyHiringRoleShouldAbleToSelectDateAsCurrentDay] - Entering current date in Timesheet
[INFO ] 2022-12-07 23:50:54.594 [timesheets.TG_4290_TimesheetCreation] [verifyHiringRoleShouldAbleToSelectDateAsCurrentDay] - Entered current date in Timesheet successfully
[INFO ] 2022-12-07 23:50:57.637 [timesheets.TG_4290_TimesheetCreation] [enterStartTime] - Verify Start Time 
[INFO ] 2022-12-07 23:51:05.055 [timesheets.TG_4290_TimesheetCreation] [enterStartTime] - Verify Start Time Field successfully
[INFO ] 2022-12-07 23:51:08.066 [timesheets.TG_4290_TimesheetCreation] [enterEndTime] - Verify End Time 
[INFO ] 2022-12-07 23:51:15.475 [timesheets.TG_4290_TimesheetCreation] [enterEndTime] - Verify End Time Field successfully
[INFO ] 2022-12-07 23:51:15.476 [timesheets.TG_4290_TimesheetCreation] [Tag_VerifyUserShouldAbleToSelectFromTimeAndToTimeSuccessfullyAndTotalHoursShouldGetCalculate] - Started==Verifying User Should Able To Select From Time And To Time Successfully And Total Hours Should Get Calculate
[INFO ] 2022-12-07 23:51:17.486 [timesheets.TG_4290_TimesheetCreation] [verifyUserShouldAbleToSelectFromTimeAndToTimeSuccessfullyAndTotalHoursShouldGetCalculate] - Verify User Should Able To Select From Time And To Time Successfully And Total Hours Should Get Calculate
[INFO ] 2022-12-07 23:51:20.585 [timesheets.TG_4290_TimesheetCreation] [verifyUserShouldAbleToSelectFromTimeAndToTimeSuccessfullyAndTotalHoursShouldGetCalculate] - Verify User Should Able To Select From Time And To Time Successfully And Total Hours Should Get Calculate successfully
[INFO ] 2022-12-07 23:51:20.597 [timesheets.TG_4290_TimesheetCreation] [Tag_VerifySelectingValidDateEmployeesDetailsShouldGetFetchedAutomatically] - Started==Verifying Selecting Valid Date Employees Details Should Get Fetched Automatically
[INFO ] 2022-12-07 23:51:23.608 [timesheets.TG_4290_TimesheetCreation] [verifyEmployeesDetailsShouldGetFetchedAutomatically] - Verify Employees Details Should Get Fetched Automatically
[INFO ] 2022-12-07 23:51:23.677 [timesheets.TG_4290_TimesheetCreation] [verifyEmployeesDetailsShouldGetFetchedAutomatically] - Verify Employees Details Should Get Fetched Automatically successfully
[INFO ] 2022-12-07 23:51:23.688 [timesheets.TG_4290_TimesheetCreation] [Tag_VerifyUserShouldAableViewPopupTimesheetAddedSuccessfully] - Started==Verifying Selecting Valid Date Employees Details Should Get Fetched Automatically
[INFO ] 2022-12-07 23:51:25.698 [timesheets.TG_4290_TimesheetCreation] [verifyUserShouldAableViewPopupTimesheetAddedSuccessfully] - Submitting Timesheet 
[INFO ] 2022-12-07 23:51:27.882 [timesheets.TG_4290_TimesheetCreation] [verifyUserShouldAableViewPopupTimesheetAddedSuccessfully] -  Timesheet Submit successfully
[INFO ] 2022-12-07 23:51:27.883 [timesheets.TG_4290_TimesheetCreation] [verifyUserShouldAableViewPopupTimesheetAddedSuccessfully] - Verify Pop-up for Timesheet Added Successfullysuccessfully 
