[INFO ] 2022-12-08 13:53:34.138 [company.TG_4325_ApproveClaimFromHiring] [Tag_EndToEndFlowNewOrderHiring] - Started==Starting End To End Flow NewOrderHiring
[INFO ] 2022-12-08 13:53:38.535 [company.TG_4325_ApproveClaimFromHiring] [enterUsername] - Entering new user's first name
[INFO ] 2022-12-08 13:53:39.528 [company.TG_4325_ApproveClaimFromHiring] [enterUsername] - User's first name entered successfully
[INFO ] 2022-12-08 13:53:39.529 [company.TG_4325_ApproveClaimFromHiring] [enterPassword] - Entering new user's last name
[INFO ] 2022-12-08 13:53:41.928 [company.TG_4325_ApproveClaimFromHiring] [enterPassword] - User's last name entered successfully
[INFO ] 2022-12-08 13:53:41.929 [company.TG_4325_ApproveClaimFromHiring] [clickLoginButton] - Clicking on Login Button
[INFO ] 2022-12-08 13:53:42.490 [company.TG_4325_ApproveClaimFromHiring] [clickLoginButton] - Close Pop Up clicked successfully
[INFO ] 2022-12-08 13:53:42.490 [company.TG_4325_ApproveClaimFromHiring] [newOrderHiring] - Clicking on New Order Button
[INFO ] 2022-12-08 13:54:05.671 [company.TG_4325_ApproveClaimFromHiring] [newOrderHiring] - New Order Button clicked successfully
[INFO ] 2022-12-08 13:54:05.672 [company.TG_4325_ApproveClaimFromHiring] [newOrderHiring] - Entering EstDailyHours
[INFO ] 2022-12-08 13:54:15.660 [company.TG_4325_ApproveClaimFromHiring] [newOrderHiring] - EstDailyHours entered successfully
[INFO ] 2022-12-08 13:54:15.661 [company.TG_4325_ApproveClaimFromHiring] [newOrderHiring] - Entering StartDate
[INFO ] 2022-12-08 13:54:21.689 [company.TG_4325_ApproveClaimFromHiring] [newOrderHiring] - StartDate entered successfully
[INFO ] 2022-12-08 13:54:21.691 [company.TG_4325_ApproveClaimFromHiring] [newOrderHiring] - Entering EndDate
[INFO ] 2022-12-08 13:54:33.021 [company.TG_4325_ApproveClaimFromHiring] [newOrderHiring] - EndDate entered successfully
[INFO ] 2022-12-08 13:54:33.024 [company.TG_4325_ApproveClaimFromHiring] [newOrderHiring] - Entering StartTime
[INFO ] 2022-12-08 13:54:33.947 [company.TG_4325_ApproveClaimFromHiring] [newOrderHiring] - StartTime entered successfully
[INFO ] 2022-12-08 13:54:33.948 [company.TG_4325_ApproveClaimFromHiring] [newOrderHiring] - Entering Availability
[INFO ] 2022-12-08 13:54:34.178 [company.TG_4325_ApproveClaimFromHiring] [newOrderHiring] - Availabilit entered successfully
[INFO ] 2022-12-08 13:54:34.178 [company.TG_4325_ApproveClaimFromHiring] [newOrderHiring] - Entering JobSite
[INFO ] 2022-12-08 13:54:40.773 [company.TG_4325_ApproveClaimFromHiring] [newOrderHiring] - JobSite entered successfully
[INFO ] 2022-12-08 13:54:40.773 [company.TG_4325_ApproveClaimFromHiring] [newOrderHiring] - Entering JobTitle
[INFO ] 2022-12-08 13:54:50.658 [company.TG_4325_ApproveClaimFromHiring] [newOrderHiring] - JobTitle entered successfully
[INFO ] 2022-12-08 13:54:50.660 [company.TG_4325_ApproveClaimFromHiring] [newOrderHiring] - Entering No Of Workers
[INFO ] 2022-12-08 13:54:55.831 [company.TG_4325_ApproveClaimFromHiring] [newOrderHiring] - NoOfWorkers entered successfully
[INFO ] 2022-12-08 13:54:55.831 [company.TG_4325_ApproveClaimFromHiring] [newOrderHiring] - Entering ESignature
[INFO ] 2022-12-08 13:54:56.052 [company.TG_4325_ApproveClaimFromHiring] [newOrderHiring] - ESignature entered successfully
[INFO ] 2022-12-08 13:54:56.052 [company.TG_4325_ApproveClaimFromHiring] [newOrderHiring] - clickAgreeContract
[INFO ] 2022-12-08 13:54:56.198 [company.TG_4325_ApproveClaimFromHiring] [newOrderHiring] - clickAgreeContract successfully
[INFO ] 2022-12-08 13:54:56.198 [company.TG_4325_ApproveClaimFromHiring] [newOrderHiring] - clickSaveButton
[INFO ] 2022-12-08 13:54:56.603 [company.TG_4325_ApproveClaimFromHiring] [newOrderHiring] - SaveButton Clicked successfully
[INFO ] 2022-12-08 13:55:05.373 [company.TG_4325_ApproveClaimFromHiring] [newOrderHiring] - Job order link present on the home page clicked
[INFO ] 2022-12-08 13:55:26.631 [company.TG_4325_ApproveClaimFromHiring] [newOrderHiring] - Verify Job Order Id and Email Successfully
[INFO ] 2022-12-08 13:55:33.466 [company.TG_4325_ApproveClaimFromHiring] [Tag_EndToEndFlowClaimFromStaffing] - Started==Starting End To End Flow ClaimFromStaffing
[INFO ] 2022-12-08 13:55:42.029 [company.TG_4325_ApproveClaimFromHiring] [enterUsername] - Entering new user's first name
[INFO ] 2022-12-08 13:55:42.147 [company.TG_4325_ApproveClaimFromHiring] [enterUsername] - User's first name entered successfully
[INFO ] 2022-12-08 13:55:42.147 [company.TG_4325_ApproveClaimFromHiring] [enterPassword] - Entering new user's last name
[INFO ] 2022-12-08 13:55:42.221 [company.TG_4325_ApproveClaimFromHiring] [enterPassword] - User's last name entered successfully
[INFO ] 2022-12-08 13:55:42.221 [company.TG_4325_ApproveClaimFromHiring] [clickLoginButton] - Clicking on Login Button
[INFO ] 2022-12-08 13:55:42.305 [company.TG_4325_ApproveClaimFromHiring] [clickLoginButton] - Close Pop Up clicked successfully
[INFO ] 2022-12-08 13:55:42.305 [company.TG_4325_ApproveClaimFromHiring] [ClaimOrderForStaffing] - Clicking Job orders menu present on the staffing homepage navigates to joborder listing form 
[INFO ] 2022-12-08 13:56:16.211 [company.TG_4325_ApproveClaimFromHiring] [ClaimOrderForStaffing] - Clicking on Claim order Button
[INFO ] 2022-12-08 13:56:28.841 [company.TG_4325_ApproveClaimFromHiring] [ClaimOrderForStaffing] - Claim order button clicked successfully
[INFO ] 2022-12-08 13:56:28.843 [company.TG_4325_ApproveClaimFromHiring] [ClaimOrderForStaffing] - Entering the No. of Employees Claim
[INFO ] 2022-12-08 13:56:34.023 [company.TG_4325_ApproveClaimFromHiring] [ClaimOrderForStaffing] - No. of Employees Claim entered successfully
[INFO ] 2022-12-08 13:56:39.024 [company.TG_4325_ApproveClaimFromHiring] [ClaimOrderForStaffing] - Entering the E-Signature
[INFO ] 2022-12-08 13:56:41.183 [company.TG_4325_ApproveClaimFromHiring] [ClaimOrderForStaffing] - E-Signature entered successfully
[INFO ] 2022-12-08 13:56:41.183 [company.TG_4325_ApproveClaimFromHiring] [ClaimOrderForStaffing] - Clicking on Agree to Contract Button
[INFO ] 2022-12-08 13:56:43.342 [company.TG_4325_ApproveClaimFromHiring] [ClaimOrderForStaffing] - Agree to Contract Button clicked successfully
[INFO ] 2022-12-08 13:56:43.343 [company.TG_4325_ApproveClaimFromHiring] [ClaimOrderForStaffing] - Clicking on Submit Claim Button
[INFO ] 2022-12-08 13:56:50.549 [company.TG_4325_ApproveClaimFromHiring] [ClaimOrderForStaffing] - Submit Claim Button clicked successfully
[INFO ] 2022-12-08 13:57:21.283 [company.TG_4325_ApproveClaimFromHiring] [enterUsername] - Entering new user's first name
[INFO ] 2022-12-08 13:57:21.403 [company.TG_4325_ApproveClaimFromHiring] [enterUsername] - User's first name entered successfully
[INFO ] 2022-12-08 13:57:21.404 [company.TG_4325_ApproveClaimFromHiring] [enterPassword] - Entering new user's last name
[INFO ] 2022-12-08 13:57:21.502 [company.TG_4325_ApproveClaimFromHiring] [enterPassword] - User's last name entered successfully
[INFO ] 2022-12-08 13:57:21.502 [company.TG_4325_ApproveClaimFromHiring] [clickLoginButton] - Clicking on Login Button
[INFO ] 2022-12-08 13:57:21.576 [company.TG_4325_ApproveClaimFromHiring] [clickLoginButton] - Close Pop Up clicked successfully
[INFO ] 2022-12-08 13:57:28.581 [company.TG_4325_ApproveClaimFromHiring] [clickOrdersMenuOnHiringHomePage] - Clicking Order menu present on the Hiring homepage
[INFO ] 2022-12-08 13:57:30.554 [company.TG_4325_ApproveClaimFromHiring] [clickOrdersMenuOnHiringHomePage] - Order menu present on the Hiring hompage clicked successfully.
[INFO ] 2022-12-08 13:57:33.561 [company.TG_4325_ApproveClaimFromHiring] [selectParticularJobOrderFromListing] - Selecting Particular Joborder on the listing
[INFO ] 2022-12-08 13:57:43.738 [company.TG_4325_ApproveClaimFromHiring] [selectParticularJobOrderFromListing] - Particular Joborder on the listing selected successfully
[INFO ] 2022-12-08 13:57:45.743 [company.TG_4325_ApproveClaimFromHiring] [verifyPleaseReviewSubmittedClaimsMessage] - Check for 'Please review submitted claims' message Displayed
[INFO ] 2022-12-08 13:57:45.845 [company.TG_4325_ApproveClaimFromHiring] [verifyPleaseReviewSubmittedClaimsMessage] - Message displayed successfully
[INFO ] 2022-12-08 13:57:45.885 [company.TG_4325_ApproveClaimFromHiring] [clickClaimsButton] - Clicking on the claim button navigates to claim order form 
[INFO ] 2022-12-08 13:57:45.984 [company.TG_4325_ApproveClaimFromHiring] [clickClaimsButton] - Clicking on the claim button navigates to claim order form successfully
[INFO ] 2022-12-08 13:57:48.985 [company.TG_4325_ApproveClaimFromHiring] [clickSelectHeadCountButton] - Clicking the select head count button on the claim order form
[INFO ] 2022-12-08 13:57:49.093 [company.TG_4325_ApproveClaimFromHiring] [clickSelectHeadCountButton] - Clicked the select head count button on the claim order form successfully
[INFO ] 2022-12-08 13:57:49.115 [company.TG_4325_ApproveClaimFromHiring] [titleSelectHeadCountModal] - Clicking Select Head Count button, a modal should open having a title as 'Select Head Count'
[INFO ] 2022-12-08 13:57:51.967 [company.TG_4325_ApproveClaimFromHiring] [titleSelectHeadCountModal] - clicked Select Head Count button, a modal title as 'Select Head Count'opened successfully
[INFO ] 2022-12-08 13:57:52.000 [company.TG_4325_ApproveClaimFromHiring] [verifyApproveFieldIsVisible] - Check for Approvefield is visible
[INFO ] 2022-12-08 13:57:52.237 [company.TG_4325_ApproveClaimFromHiring] [verifyApproveFieldIsVisible] - Approvefield is visible successfully
[INFO ] 2022-12-08 13:57:52.238 [company.TG_4325_ApproveClaimFromHiring] [getWorkersCount] - Entering Approve count should not be greater than Workerscount
[INFO ] 2022-12-08 13:57:52.295 [company.TG_4325_ApproveClaimFromHiring] [getWorkersCount] - Approve count is not more than the workers count
[INFO ] 2022-12-08 13:57:52.295 [company.TG_4325_ApproveClaimFromHiring] [enterApproveCount] - Entering Approve count should not be greater than Workerscount
[INFO ] 2022-12-08 13:57:52.596 [company.TG_4325_ApproveClaimFromHiring] [enterApproveCount] - Approve count is not more than the workers count
[INFO ] 2022-12-08 13:57:54.603 [company.TG_4325_ApproveClaimFromHiring] [clickModalSubmitButton] - Clicking on modal submit Button
[INFO ] 2022-12-08 13:57:54.871 [company.TG_4325_ApproveClaimFromHiring] [clickModalSubmitButton] - Modal submit button clicked successfully
[INFO ] 2022-12-08 13:57:54.872 [company.TG_4325_ApproveClaimFromHiring] [verifyErrorMessage] - Popup shows as Claims approved cannot be greater than the no. of workers
[INFO ] 2022-12-08 13:57:55.681 [company.TG_4325_ApproveClaimFromHiring] [verifyErrorMessage] - Error Message displayed successfully
[INFO ] 2022-12-08 13:58:05.717 [company.TG_4325_ApproveClaimFromHiring] [clickSelectHeadCountButton] - Clicking the select head count button on the claim order form
[INFO ] 2022-12-08 13:58:05.853 [company.TG_4325_ApproveClaimFromHiring] [clickSelectHeadCountButton] - Clicked the select head count button on the claim order form successfully
[INFO ] 2022-12-08 13:58:05.853 [company.TG_4325_ApproveClaimFromHiring] [enterApproveCount] - Entering Approve count should not be greater than Workerscount
[INFO ] 2022-12-08 13:58:08.383 [company.TG_4325_ApproveClaimFromHiring] [enterApproveCount] - Approve count is not more than the workers count
[INFO ] 2022-12-08 13:58:10.389 [company.TG_4325_ApproveClaimFromHiring] [clickModalSubmitButton] - Clicking on modal submit Button
[INFO ] 2022-12-08 13:58:10.516 [company.TG_4325_ApproveClaimFromHiring] [clickModalSubmitButton] - Modal submit button clicked successfully
[INFO ] 2022-12-08 13:58:10.516 [company.TG_4325_ApproveClaimFromHiring] [verifyEmailSuccessMessage] - Check for submission of Claim Order
[INFO ] 2022-12-08 13:58:12.020 [company.TG_4325_ApproveClaimFromHiring] [verifyEmailSuccessMessage] - Claim Order Submitted Successfully
