[INFO ] 2022-12-24 06:00:36.964 [CRM.TG_5353_Contact_Creation] [VerifyContactForm] - Logging in
[INFO ] 2022-12-24 06:00:39.863 [CRM.TG_5353_Contact_Creation] [enterUsername] - Entering new user's first name
[INFO ] 2022-12-24 06:00:40.417 [CRM.TG_5353_Contact_Creation] [enterUsername] - User's first name entered successfully
[INFO ] 2022-12-24 06:00:40.417 [CRM.TG_5353_Contact_Creation] [enterPassword] - Entering new user's last name
[INFO ] 2022-12-24 06:00:41.717 [CRM.TG_5353_Contact_Creation] [enterPassword] - User's last name entered successfully
[INFO ] 2022-12-24 06:00:41.718 [CRM.TG_5353_Contact_Creation] [clickLoginButton] - Clicking on Login Button
[INFO ] 2022-12-24 06:00:42.095 [CRM.TG_5353_Contact_Creation] [clickLoginButton] - Close Pop Up clicked successfully
[INFO ] 2022-12-24 06:00:42.101 [CRM.TG_5353_Contact_Creation] [VerifyContactForm] - Verifying CRM Icon
[INFO ] 2022-12-24 06:00:42.101 [CRM.TG_5353_Contact_Creation] [verifyCRMTextOnHomepage] - Check for CRM Icon on Homepage
[INFO ] 2022-12-24 06:00:56.720 [CRM.TG_5353_Contact_Creation] [verifyCRMTextOnHomepage] - CRM Icon displayed successfully
[INFO ] 2022-12-24 06:00:56.739 [CRM.TG_5353_Contact_Creation] [clickCRMIcon] - Clicking on CRM Button
[INFO ] 2022-12-24 06:00:57.465 [CRM.TG_5353_Contact_Creation] [clickCRMIcon] - CRM Button clicked successfully
[INFO ] 2022-12-24 06:00:57.466 [CRM.TG_5353_Contact_Creation] [clickContactIcon] - Clicking on Contact Button
[INFO ] 2022-12-24 06:00:59.063 [CRM.TG_5353_Contact_Creation] [clickContactIcon] - Contact Button clicked successfully
[INFO ] 2022-12-24 06:00:59.064 [CRM.TG_5353_Contact_Creation] [verifyContactListingForm] - Check for Contact Title
[INFO ] 2022-12-24 06:01:00.509 [CRM.TG_5353_Contact_Creation] [verifyContactListingForm] - Contact Title displayed successfully
[INFO ] 2022-12-24 06:01:00.510 [CRM.TG_5353_Contact_Creation] [clickAddContactButton] - Clicking on Contact Button
[INFO ] 2022-12-24 06:01:01.376 [CRM.TG_5353_Contact_Creation] [clickAddContactButton] - Add Contact Button clicked successfully
[INFO ] 2022-12-24 06:01:01.376 [CRM.TG_5353_Contact_Creation] [verifyContactForm] - Check for New Contact Form
[INFO ] 2022-12-24 06:01:01.650 [CRM.TG_5353_Contact_Creation] [verifyContactForm] - New Contact Form displayed successfully
