[INFO ] 2022-12-07 12:45:44.067 [blockCompany.TG_4779_Block_Company] [LoginHiring] - Logging in
[INFO ] 2022-12-07 12:45:48.834 [blockCompany.TG_4779_Block_Company] [enterUsername] - Entering new user's first name
[INFO ] 2022-12-07 12:45:49.443 [blockCompany.TG_4779_Block_Company] [enterUsername] - User's first name entered successfully
[INFO ] 2022-12-07 12:45:49.444 [blockCompany.TG_4779_Block_Company] [enterPassword] - Entering new user's last name
[INFO ] 2022-12-07 12:45:49.858 [blockCompany.TG_4779_Block_Company] [enterPassword] - User's last name entered successfully
[INFO ] 2022-12-07 12:45:49.859 [blockCompany.TG_4779_Block_Company] [clickLoginButton] - Clicking on Login Button
[INFO ] 2022-12-07 12:45:51.593 [blockCompany.TG_4779_Block_Company] [clickLoginButton] - Close Pop Up clicked successfully
[INFO ] 2022-12-07 12:45:51.652 [blockCompany.TG_4779_Block_Company] [clickStaffingCompanies] - Clicking Staffing Companies
[INFO ] 2022-12-07 12:45:56.659 [blockCompany.TG_4779_Block_Company] [clickStaffingCompanies] - Clicking on Staffing Companies Button
[INFO ] 2022-12-07 12:46:11.041 [blockCompany.TG_4779_Block_Company] [clickStaffingCompanies] - Staffing Companies Button clicked successfully
[INFO ] 2022-12-07 12:46:11.083 [blockCompany.TG_4779_Block_Company] [verifyStaffingCompaniesList] - Verifying Staffing Company List
[INFO ] 2022-12-07 12:46:15.088 [blockCompany.TG_4779_Block_Company] [verifyStaffingCompanyList] - Verify Staffing Company List is displayed
[INFO ] 2022-12-07 12:46:15.212 [blockCompany.TG_4779_Block_Company] [verifyStaffingCompanyList] - Staffing Company List displayed successfully
[INFO ] 2022-12-07 12:46:15.236 [blockCompany.TG_4779_Block_Company] [clickStaffingCompany] - Clicking Staffing Company
[INFO ] 2022-12-07 12:46:20.240 [blockCompany.TG_4779_Block_Company] [clickStaffingCompany] - Clicking on Staffing Company
[INFO ] 2022-12-07 12:46:22.075 [blockCompany.TG_4779_Block_Company] [clickStaffingCompany] - Staffing Company clicked successfully
[INFO ] 2022-12-07 12:46:22.092 [blockCompany.TG_4779_Block_Company] [clickBlockButton] - Clicking Block Button
[INFO ] 2022-12-07 12:46:25.097 [blockCompany.TG_4779_Block_Company] [clickBlockButton] - Clicking on Block Button
[INFO ] 2022-12-07 12:46:25.722 [blockCompany.TG_4779_Block_Company] [clickBlockButton] - Block Button clicked successfully
[INFO ] 2022-12-07 12:46:28.779 [blockCompany.TG_4779_Block_Company] [verifyBlockCompanyPopUp] - Verifying Company Marked as Favorite
[INFO ] 2022-12-07 12:46:28.780 [blockCompany.TG_4779_Block_Company] [verifyBlockCompanyPopUp] - Verify Company Blocked Pop Up displayed
[INFO ] 2022-12-07 12:46:32.970 [blockCompany.TG_4779_Block_Company] [verifyBlockCompanyPopUp] - Company Blocked Pop Up displayed successfully
[INFO ] 2022-12-07 12:46:35.973 [blockCompany.TG_4779_Block_Company] [closePopUpButton] - Clicking on Close Pop Up
[INFO ] 2022-12-07 12:46:36.254 [blockCompany.TG_4779_Block_Company] [closePopUpButton] - Close Pop Up clicked Successfully
[INFO ] 2022-12-07 12:46:40.284 [blockCompany.TG_4779_Block_Company] [clickUnblockButton] - Clicking Unblock Button
[INFO ] 2022-12-07 12:46:43.290 [blockCompany.TG_4779_Block_Company] [clickUnblockButton] - Clicking on Block Button
[INFO ] 2022-12-07 12:46:45.709 [blockCompany.TG_4779_Block_Company] [clickUnblockButton] - Block Button clicked successfully
[INFO ] 2022-12-07 12:46:45.727 [blockCompany.TG_4779_Block_Company] [verifyUnblockCompanyPopUp] - Verifying Staffing Company UnBlocked
[INFO ] 2022-12-07 12:47:05.732 [blockCompany.TG_4779_Block_Company] [verifyUnblockCompanyPopUp] - Verify Company Unblocked Pop Up displayed
