[INFO ] 2022-12-12 10:54:57.099 [company.TG_4463_InvCreationStaffing] [Tag_EndToEndFlowNewOrderHiring] - Started==Starting End To End Flow NewOrderHiring
[INFO ] 2022-12-12 10:55:05.491 [company.TG_4463_InvCreationStaffing] [enterUsername] - Entering new user's first name
[INFO ] 2022-12-12 10:55:05.993 [company.TG_4463_InvCreationStaffing] [enterUsername] - User's first name entered successfully
[INFO ] 2022-12-12 10:55:05.993 [company.TG_4463_InvCreationStaffing] [enterPassword] - Entering new user's last name
[INFO ] 2022-12-12 10:55:06.271 [company.TG_4463_InvCreationStaffing] [enterPassword] - User's last name entered successfully
[INFO ] 2022-12-12 10:55:06.272 [company.TG_4463_InvCreationStaffing] [clickLoginButton] - Clicking on Login Button
[INFO ] 2022-12-12 10:55:06.896 [company.TG_4463_InvCreationStaffing] [clickLoginButton] - Close Pop Up clicked successfully
[INFO ] 2022-12-12 10:55:06.896 [company.TG_4463_InvCreationStaffing] [newOrderHiring] - Clicking on New Order Button
[INFO ] 2022-12-12 10:55:23.893 [company.TG_4463_InvCreationStaffing] [newOrderHiring] - New Order Button clicked successfully
[INFO ] 2022-12-12 10:55:23.894 [company.TG_4463_InvCreationStaffing] [newOrderHiring] - Entering EstDailyHours
[INFO ] 2022-12-12 10:55:33.541 [company.TG_4463_InvCreationStaffing] [newOrderHiring] - EstDailyHours entered successfully
[INFO ] 2022-12-12 10:55:33.542 [company.TG_4463_InvCreationStaffing] [newOrderHiring] - Entering StartDate
[INFO ] 2022-12-12 10:55:39.323 [company.TG_4463_InvCreationStaffing] [newOrderHiring] - StartDate entered successfully
[INFO ] 2022-12-12 10:55:39.327 [company.TG_4463_InvCreationStaffing] [newOrderHiring] - Entering EndDate
[INFO ] 2022-12-12 10:55:50.662 [company.TG_4463_InvCreationStaffing] [newOrderHiring] - EndDate entered successfully
[INFO ] 2022-12-12 10:55:50.664 [company.TG_4463_InvCreationStaffing] [newOrderHiring] - Entering StartTime
[INFO ] 2022-12-12 10:55:51.273 [company.TG_4463_InvCreationStaffing] [newOrderHiring] - StartTime entered successfully
[INFO ] 2022-12-12 10:55:51.273 [company.TG_4463_InvCreationStaffing] [newOrderHiring] - Entering Availability
[INFO ] 2022-12-12 10:55:51.546 [company.TG_4463_InvCreationStaffing] [newOrderHiring] - Availabilit entered successfully
[INFO ] 2022-12-12 10:55:51.546 [company.TG_4463_InvCreationStaffing] [newOrderHiring] - Entering JobSite
[INFO ] 2022-12-12 10:55:58.339 [company.TG_4463_InvCreationStaffing] [newOrderHiring] - JobSite entered successfully
[INFO ] 2022-12-12 10:55:58.341 [company.TG_4463_InvCreationStaffing] [newOrderHiring] - Entering JobTitle
[INFO ] 2022-12-12 10:56:07.919 [company.TG_4463_InvCreationStaffing] [newOrderHiring] - JobTitle entered successfully
[INFO ] 2022-12-12 10:56:07.924 [company.TG_4463_InvCreationStaffing] [newOrderHiring] - Entering No Of Workers
[INFO ] 2022-12-12 10:56:13.098 [company.TG_4463_InvCreationStaffing] [newOrderHiring] - NoOfWorkers entered successfully
[INFO ] 2022-12-12 10:56:13.099 [company.TG_4463_InvCreationStaffing] [newOrderHiring] - Entering ESignature
[INFO ] 2022-12-12 10:56:13.231 [company.TG_4463_InvCreationStaffing] [newOrderHiring] - ESignature entered successfully
[INFO ] 2022-12-12 10:56:13.231 [company.TG_4463_InvCreationStaffing] [newOrderHiring] - clickAgreeContract
[INFO ] 2022-12-12 10:56:13.389 [company.TG_4463_InvCreationStaffing] [newOrderHiring] - clickAgreeContract successfully
[INFO ] 2022-12-12 10:56:13.389 [company.TG_4463_InvCreationStaffing] [newOrderHiring] - clickSaveButton
[INFO ] 2022-12-12 10:56:13.673 [company.TG_4463_InvCreationStaffing] [newOrderHiring] - SaveButton Clicked successfully
[INFO ] 2022-12-12 10:56:22.095 [company.TG_4463_InvCreationStaffing] [newOrderHiring] - Job order link present on the home page clicked
[INFO ] 2022-12-12 10:56:30.268 [company.TG_4463_InvCreationStaffing] [newOrderHiring] - Verify Job Order Id and Email Successfully
[INFO ] 2022-12-12 10:56:41.564 [company.TG_4463_InvCreationStaffing] [Tag_EndToEndFlowNewOrderHiring] - Started==Starting End To End Flow CreateEmployeeFromStaffing
[INFO ] 2022-12-12 10:56:55.267 [company.TG_4463_InvCreationStaffing] [enterUsername] - Entering new user's first name
[INFO ] 2022-12-12 10:56:55.367 [company.TG_4463_InvCreationStaffing] [enterUsername] - User's first name entered successfully
[INFO ] 2022-12-12 10:56:55.367 [company.TG_4463_InvCreationStaffing] [enterPassword] - Entering new user's last name
[INFO ] 2022-12-12 10:56:55.434 [company.TG_4463_InvCreationStaffing] [enterPassword] - User's last name entered successfully
[INFO ] 2022-12-12 10:56:55.435 [company.TG_4463_InvCreationStaffing] [clickLoginButton] - Clicking on Login Button
[INFO ] 2022-12-12 10:56:55.506 [company.TG_4463_InvCreationStaffing] [clickLoginButton] - Close Pop Up clicked successfully
[INFO ] 2022-12-12 10:57:27.030 [company.TG_4463_InvCreationStaffing] [clickAddNewEployeeButton] - Clicking on Add New Employee Button
[INFO ] 2022-12-12 10:57:27.894 [company.TG_4463_InvCreationStaffing] [clickAddNewEployeeButton] - Employee button clicked successfully
[INFO ] 2022-12-12 10:57:32.897 [company.TG_4463_InvCreationStaffing] [enterCompanyName] - Entering Company Name
[INFO ] 2022-12-12 10:57:33.103 [company.TG_4463_InvCreationStaffing] [enterCompanyName] - Company Name entered successfully
[INFO ] 2022-12-12 10:57:35.108 [company.TG_4463_InvCreationStaffing] [enterFirstName] - Entering First Name
[INFO ] 2022-12-12 10:57:35.229 [company.TG_4463_InvCreationStaffing] [enterFirstName] - First Name entered successfully
[INFO ] 2022-12-12 10:57:37.232 [company.TG_4463_InvCreationStaffing] [enterLastName] - Entering Last Name
[INFO ] 2022-12-12 10:57:37.325 [company.TG_4463_InvCreationStaffing] [enterLastName] - Last Name entered successfully
[INFO ] 2022-12-12 10:57:39.331 [company.TG_4463_InvCreationStaffing] [enterDateOfBirthField] - Entering date of birth
[INFO ] 2022-12-12 10:57:40.494 [company.TG_4463_InvCreationStaffing] [enterDateOfBirthField] - Date of birth entered successfully
[INFO ] 2022-12-12 10:57:42.501 [company.TG_4463_InvCreationStaffing] [enterEmail] - Entering email
[INFO ] 2022-12-12 10:57:42.636 [company.TG_4463_InvCreationStaffing] [enterEmail] - Email entered successfully
[INFO ] 2022-12-12 10:57:44.639 [company.TG_4463_InvCreationStaffing] [selectSearchOnMapsCheckbox] - Selecting search on Maps checkbox
[INFO ] 2022-12-12 10:57:46.826 [company.TG_4463_InvCreationStaffing] [selectSearchOnMapsCheckbox] - Search on maps checkbox selected
[INFO ] 2022-12-12 10:57:48.832 [company.TG_4463_InvCreationStaffing] [enterEmployeeAddressOnMaps] - Etering employee address on maps
[INFO ] 2022-12-12 10:57:50.103 [company.TG_4463_InvCreationStaffing] [enterEmployeeAddressOnMaps] - Employee entered successfully
[INFO ] 2022-12-12 10:57:52.107 [company.TG_4463_InvCreationStaffing] [clickSaveButton] - Clicking Save button
[INFO ] 2022-12-12 10:57:52.295 [company.TG_4463_InvCreationStaffing] [clickSaveButton] - Save button clicked successfully
[INFO ] 2022-12-12 10:58:32.299 [company.TG_4463_InvCreationStaffing] [getEmployeeIdFromEmaployeeDetailsPage] - Fetching employee id
[INFO ] 2022-12-12 10:58:32.376 [company.TG_4463_InvCreationStaffing] [getEmployeeIdFromEmaployeeDetailsPage] - Employee id fetched successfully
[INFO ] 2022-12-12 10:58:32.484 [company.TG_4463_InvCreationStaffing] [Tag_EndToEndFlowNewOrderHiring] - Started==Starting End To End Flow ClaimFromStaffing
[INFO ] 2022-12-12 10:58:32.485 [company.TG_4463_InvCreationStaffing] [ClaimOrderForStaffing] - Clicking Job orders menu present on the staffing homepage navigates to joborder listing form 
[INFO ] 2022-12-12 10:59:04.078 [company.TG_4463_InvCreationStaffing] [ClaimOrderForStaffing] - Clicking on Claim order Button
[INFO ] 2022-12-12 10:59:16.819 [company.TG_4463_InvCreationStaffing] [ClaimOrderForStaffing] - Claim order button clicked successfully
[INFO ] 2022-12-12 10:59:16.821 [company.TG_4463_InvCreationStaffing] [ClaimOrderForStaffing] - Entering the No. of Employees Claim
[INFO ] 2022-12-12 10:59:22.022 [company.TG_4463_InvCreationStaffing] [ClaimOrderForStaffing] - No. of Employees Claim entered successfully
[INFO ] 2022-12-12 10:59:27.029 [company.TG_4463_InvCreationStaffing] [ClaimOrderForStaffing] - Entering the E-Signature
[INFO ] 2022-12-12 10:59:29.205 [company.TG_4463_InvCreationStaffing] [ClaimOrderForStaffing] - E-Signature entered successfully
[INFO ] 2022-12-12 10:59:29.205 [company.TG_4463_InvCreationStaffing] [ClaimOrderForStaffing] - Clicking on Agree to Contract Button
[INFO ] 2022-12-12 10:59:31.317 [company.TG_4463_InvCreationStaffing] [ClaimOrderForStaffing] - Agree to Contract Button clicked successfully
[INFO ] 2022-12-12 10:59:31.318 [company.TG_4463_InvCreationStaffing] [ClaimOrderForStaffing] - Clicking on Submit Claim Button
[INFO ] 2022-12-12 10:59:38.415 [company.TG_4463_InvCreationStaffing] [ClaimOrderForStaffing] - Submit Claim Button clicked successfully
[INFO ] 2022-12-12 10:59:59.700 [company.TG_4463_InvCreationStaffing] [Tag_EndToEndFlowNewOrderHiring] - Started==Starting End To End Flow ApproveHiring
[INFO ] 2022-12-12 11:00:08.146 [company.TG_4463_InvCreationStaffing] [enterUsername] - Entering new user's first name
[INFO ] 2022-12-12 11:00:08.246 [company.TG_4463_InvCreationStaffing] [enterUsername] - User's first name entered successfully
[INFO ] 2022-12-12 11:00:08.246 [company.TG_4463_InvCreationStaffing] [enterPassword] - Entering new user's last name
[INFO ] 2022-12-12 11:00:08.327 [company.TG_4463_InvCreationStaffing] [enterPassword] - User's last name entered successfully
[INFO ] 2022-12-12 11:00:08.327 [company.TG_4463_InvCreationStaffing] [clickLoginButton] - Clicking on Login Button
[INFO ] 2022-12-12 11:00:08.680 [company.TG_4463_InvCreationStaffing] [clickLoginButton] - Close Pop Up clicked successfully
[INFO ] 2022-12-12 11:00:08.681 [company.TG_4463_InvCreationStaffing] [ApproveClaimFromHiring] - Clicking Order menu present on the staffing homepage
[INFO ] 2022-12-12 11:00:25.669 [company.TG_4463_InvCreationStaffing] [ApproveClaimFromHiring] - Order menu present on the staffing hompage clicked successfully.
[INFO ] 2022-12-12 11:00:25.671 [company.TG_4463_InvCreationStaffing] [ApproveClaimFromHiring] - Clicking All orders menu present on the staffing homepage
[INFO ] 2022-12-12 11:00:39.861 [company.TG_4463_InvCreationStaffing] [ApproveClaimFromHiring] - Clicking on the claim button navigates to claim order form 
[INFO ] 2022-12-12 11:00:42.963 [company.TG_4463_InvCreationStaffing] [ApproveClaimFromHiring] - Clicking on the claim button navigates to claim order form successfully
[INFO ] 2022-12-12 11:00:42.964 [company.TG_4463_InvCreationStaffing] [ApproveClaimFromHiring] - Clicking the select head count button on the claim order form
[INFO ] 2022-12-12 11:00:44.580 [company.TG_4463_InvCreationStaffing] [ApproveClaimFromHiring] - Clicked the select head count button on the claim order form successfully
[INFO ] 2022-12-12 11:00:44.581 [company.TG_4463_InvCreationStaffing] [ApproveClaimFromHiring] - Entering Approve count should not be greater than Workerscount
[INFO ] 2022-12-12 11:00:50.799 [company.TG_4463_InvCreationStaffing] [ApproveClaimFromHiring] - Approve count is not more than the workers count
[INFO ] 2022-12-12 11:00:50.801 [company.TG_4463_InvCreationStaffing] [ApproveClaimFromHiring] - Clicking on modal submit Button
[INFO ] 2022-12-12 11:00:50.914 [company.TG_4463_InvCreationStaffing] [ApproveClaimFromHiring] - Modal submit button clicked successfully
[INFO ] 2022-12-12 11:01:02.249 [company.TG_4463_InvCreationStaffing] [Tag_EndToEndFlowAssignEmployeeFromStaffing] - Started==Starting End To End Flow AssignEmployee
[INFO ] 2022-12-12 11:01:13.969 [company.TG_4463_InvCreationStaffing] [enterUsername] - Entering new user's first name
[INFO ] 2022-12-12 11:01:14.101 [company.TG_4463_InvCreationStaffing] [enterUsername] - User's first name entered successfully
[INFO ] 2022-12-12 11:01:14.102 [company.TG_4463_InvCreationStaffing] [enterPassword] - Entering new user's last name
[INFO ] 2022-12-12 11:01:14.182 [company.TG_4463_InvCreationStaffing] [enterPassword] - User's last name entered successfully
[INFO ] 2022-12-12 11:01:14.182 [company.TG_4463_InvCreationStaffing] [clickLoginButton] - Clicking on Login Button
[INFO ] 2022-12-12 11:01:14.250 [company.TG_4463_InvCreationStaffing] [clickLoginButton] - Close Pop Up clicked successfully
[INFO ] 2022-12-12 11:01:14.250 [company.TG_4463_InvCreationStaffing] [AssignEmployee] - Clicking Order menu present on the staffing homepage
[INFO ] 2022-12-12 11:01:27.783 [company.TG_4463_InvCreationStaffing] [AssignEmployee] - Order menu present on the staffing hompage clicked successfully.
[INFO ] 2022-12-12 11:01:27.785 [company.TG_4463_InvCreationStaffing] [AssignEmployee] - Clicking All orders menu present on the staffing homepage
[INFO ] 2022-12-12 11:01:32.470 [company.TG_4463_InvCreationStaffing] [AssignEmployee] - All orders menu present on the staffing hompage clicked successfully.
[INFO ] 2022-12-12 11:01:51.649 [company.TG_4463_InvCreationStaffing] [AssignEmployee] - Clicking Assign employees under the related section
[INFO ] 2022-12-12 11:02:00.112 [company.TG_4463_InvCreationStaffing] [AssignEmployee] - Clicked assign employees on job order form successfully
[INFO ] 2022-12-12 11:02:00.116 [company.TG_4463_InvCreationStaffing] [AssignEmployee] - Entering Distance radius in new Assign Employee form 
[INFO ] 2022-12-12 11:02:00.255 [company.TG_4463_InvCreationStaffing] [AssignEmployee] - Distance radius in new Assign Employee form entered successfully
[INFO ] 2022-12-12 11:02:00.255 [company.TG_4463_InvCreationStaffing] [AssignEmployee] - Clicking CheckBox ShowAllEmployees
[INFO ] 2022-12-12 11:02:02.399 [company.TG_4463_InvCreationStaffing] [AssignEmployee] -  ShowAllEmployees CheckBox clicked successfully
[INFO ] 2022-12-12 11:02:02.399 [company.TG_4463_InvCreationStaffing] [AssignEmployee] - Clicking AddRow in new Assign Employee form 
[INFO ] 2022-12-12 11:02:09.587 [company.TG_4463_InvCreationStaffing] [AssignEmployee] - AddRow button in new Assign Employee form clicked successfully
[INFO ] 2022-12-12 11:02:09.588 [company.TG_4463_InvCreationStaffing] [AssignEmployee] - Clicking edit button on the form under the EmployeeDetails
[INFO ] 2022-12-12 11:02:09.731 [company.TG_4463_InvCreationStaffing] [AssignEmployee] - Clicked edit button on the form under the EmployeeDetails successfully
[INFO ] 2022-12-12 11:02:10.440 [company.TG_4463_InvCreationStaffing] [AssignEmployee] - employeeId in new Assign Employee form entered successfully
[INFO ] 2022-12-12 11:02:10.440 [company.TG_4463_InvCreationStaffing] [AssignEmployee] - Clicking Dropdown arrow in the modal
[INFO ] 2022-12-12 11:02:10.631 [company.TG_4463_InvCreationStaffing] [AssignEmployee] - Clicked Dropdown arrow in the modal successfully
[INFO ] 2022-12-12 11:02:12.638 [company.TG_4463_InvCreationStaffing] [AssignEmployee] - Clicking save new Assign Employee form
[INFO ] 2022-12-12 11:02:16.779 [company.TG_4463_InvCreationStaffing] [AssignEmployee] - save button in new Assign Employee form clicked successfully
[INFO ] 2022-12-12 11:03:23.129 [company.TG_4463_InvCreationStaffing] [Tag_EndToEndFlowAssignEmployeeFromStaffing] - Started==Starting End To End Flow TimesheetCreation
[INFO ] 2022-12-12 11:03:32.799 [company.TG_4463_InvCreationStaffing] [enterUsername] - Entering new user's first name
[INFO ] 2022-12-12 11:03:32.915 [company.TG_4463_InvCreationStaffing] [enterUsername] - User's first name entered successfully
[INFO ] 2022-12-12 11:03:32.916 [company.TG_4463_InvCreationStaffing] [enterPassword] - Entering new user's last name
[INFO ] 2022-12-12 11:03:32.982 [company.TG_4463_InvCreationStaffing] [enterPassword] - User's last name entered successfully
[INFO ] 2022-12-12 11:03:32.983 [company.TG_4463_InvCreationStaffing] [clickLoginButton] - Clicking on Login Button
[INFO ] 2022-12-12 11:03:33.051 [company.TG_4463_InvCreationStaffing] [clickLoginButton] - Close Pop Up clicked successfully
[INFO ] 2022-12-12 11:03:38.063 [company.TG_4463_InvCreationStaffing] [createTimesheetHiring] - Clicking on order Button
[INFO ] 2022-12-12 11:03:41.567 [company.TG_4463_InvCreationStaffing] [createTimesheetHiring] -  Order Button clicked successfully
[INFO ] 2022-12-12 11:03:57.729 [company.TG_4463_InvCreationStaffing] [createTimesheetHiring] -  Clicking On Timesheet Button
