[INFO ] 2022-12-12 18:41:18.525 [jobTitle_jobSite.TG_4862_JobTitleCreation] [enterUsername] - Entering new user's first name
[INFO ] 2022-12-12 18:41:19.439 [jobTitle_jobSite.TG_4862_JobTitleCreation] [enterUsername] - User's first name entered successfully
[INFO ] 2022-12-12 18:41:19.440 [jobTitle_jobSite.TG_4862_JobTitleCreation] [enterPassword] - Entering new user's last name
[INFO ] 2022-12-12 18:41:19.819 [jobTitle_jobSite.TG_4862_JobTitleCreation] [enterPassword] - User's last name entered successfully
[INFO ] 2022-12-12 18:41:19.819 [jobTitle_jobSite.TG_4862_JobTitleCreation] [clickLoginButton] - Clicking on Login Button
[INFO ] 2022-12-12 18:41:21.250 [jobTitle_jobSite.TG_4862_JobTitleCreation] [clickLoginButton] - Close Pop Up clicked successfully
[INFO ] 2022-12-12 18:41:24.301 [jobTitle_jobSite.TG_4862_JobTitleCreation] [enterJobTitleInSearchBar] - Entering Job Title List in the search box
[INFO ] 2022-12-12 18:41:45.546 [jobTitle_jobSite.TG_4862_JobTitleCreation] [enterJobTitleInSearchBar] - Entered Job Title List in the search box successfully
[INFO ] 2022-12-12 18:41:45.551 [jobTitle_jobSite.TG_4862_JobTitleCreation] [clickSearchBox] - Searching Job Title Listing for should open
[INFO ] 2022-12-12 18:41:46.101 [jobTitle_jobSite.TG_4862_JobTitleCreation] [clickSearchBox] - Job Title Listing opened successfully
[INFO ] 2022-12-12 18:41:46.102 [jobTitle_jobSite.TG_4862_JobTitleCreation] [verifyJobTitleListingPage] - Verify Job Title Listing Page is displayed
[INFO ] 2022-12-12 18:41:51.968 [jobTitle_jobSite.TG_4862_JobTitleCreation] [verifyJobTitleListingPage] - Job Title Listing Page displayed successfully
[INFO ] 2022-12-12 18:41:52.035 [jobTitle_jobSite.TG_4862_JobTitleCreation] [clickAddJobTitleButton] - Clicking Add Job Title Button
[INFO ] 2022-12-12 18:41:54.832 [jobTitle_jobSite.TG_4862_JobTitleCreation] [clickAddJobTitleButton] - Add Job Title Button clicked successfully
[INFO ] 2022-12-12 18:41:57.842 [jobTitle_jobSite.TG_4862_JobTitleCreation] [clickSaveButton] - Clicking on Save Button
[INFO ] 2022-12-12 18:41:58.347 [jobTitle_jobSite.TG_4862_JobTitleCreation] [clickSaveButton] - Save button clicked successfully
[INFO ] 2022-12-12 18:42:01.358 [jobTitle_jobSite.TG_4862_JobTitleCreation] [verifyMissingFieldPopUp] - Verify Missing field dialog while clicking save Button
[INFO ] 2022-12-12 18:42:01.475 [jobTitle_jobSite.TG_4862_JobTitleCreation] [verifyMissingFieldPopUp] - Missing field dialog displayed while clicking save Button successfully.
[INFO ] 2022-12-12 18:42:01.475 [jobTitle_jobSite.TG_4862_JobTitleCreation] [clickCloseButtonMissingFieldPopUp] - Clicking close button on Job Title Form
[INFO ] 2022-12-12 18:42:04.805 [jobTitle_jobSite.TG_4862_JobTitleCreation] [clickCloseButtonMissingFieldPopUp] - Close button clicked successfully
