[INFO ] 2022-12-06 16:53:44.515 [company.TG_4419_AssignEmployeeFromStaffing] [Tag_EndToEndFlowNewOrderHiring] - Started==Starting End To End Flow NewOrderHiring
[INFO ] 2022-12-06 16:53:48.798 [company.TG_4419_AssignEmployeeFromStaffing] [enterUsername] - Entering new user's first name
[INFO ] 2022-12-06 16:53:49.688 [company.TG_4419_AssignEmployeeFromStaffing] [enterUsername] - User's first name entered successfully
[INFO ] 2022-12-06 16:53:49.689 [company.TG_4419_AssignEmployeeFromStaffing] [enterPassword] - Entering new user's last name
[INFO ] 2022-12-06 16:53:50.715 [company.TG_4419_AssignEmployeeFromStaffing] [enterPassword] - User's last name entered successfully
[INFO ] 2022-12-06 16:53:50.715 [company.TG_4419_AssignEmployeeFromStaffing] [clickLoginButton] - Clicking on Login Button
[INFO ] 2022-12-06 16:53:52.358 [company.TG_4419_AssignEmployeeFromStaffing] [clickLoginButton] - Close Pop Up clicked successfully
[INFO ] 2022-12-06 16:53:52.358 [company.TG_4419_AssignEmployeeFromStaffing] [newOrderHiring] - Clicking on New Order Button
[INFO ] 2022-12-06 16:54:12.127 [company.TG_4419_AssignEmployeeFromStaffing] [newOrderHiring] - New Order Button clicked successfully
[INFO ] 2022-12-06 16:54:12.128 [company.TG_4419_AssignEmployeeFromStaffing] [newOrderHiring] - Entering EstDailyHours
[INFO ] 2022-12-06 16:54:22.675 [company.TG_4419_AssignEmployeeFromStaffing] [newOrderHiring] - EstDailyHours entered successfully
[INFO ] 2022-12-06 16:54:22.675 [company.TG_4419_AssignEmployeeFromStaffing] [newOrderHiring] - Entering StartDate
[INFO ] 2022-12-06 16:54:28.738 [company.TG_4419_AssignEmployeeFromStaffing] [newOrderHiring] - StartDate entered successfully
[INFO ] 2022-12-06 16:54:28.738 [company.TG_4419_AssignEmployeeFromStaffing] [newOrderHiring] - Entering EndDate
[INFO ] 2022-12-06 16:54:40.078 [company.TG_4419_AssignEmployeeFromStaffing] [newOrderHiring] - EndDate entered successfully
[INFO ] 2022-12-06 16:54:40.079 [company.TG_4419_AssignEmployeeFromStaffing] [newOrderHiring] - Entering StartTime
[INFO ] 2022-12-06 16:54:41.090 [company.TG_4419_AssignEmployeeFromStaffing] [newOrderHiring] - StartTime entered successfully
[INFO ] 2022-12-06 16:54:41.091 [company.TG_4419_AssignEmployeeFromStaffing] [newOrderHiring] - Entering Availability
[INFO ] 2022-12-06 16:54:41.319 [company.TG_4419_AssignEmployeeFromStaffing] [newOrderHiring] - Availabilit entered successfully
[INFO ] 2022-12-06 16:54:41.320 [company.TG_4419_AssignEmployeeFromStaffing] [newOrderHiring] - Entering JobSite
[INFO ] 2022-12-06 16:54:48.170 [company.TG_4419_AssignEmployeeFromStaffing] [newOrderHiring] - JobSite entered successfully
[INFO ] 2022-12-06 16:54:48.170 [company.TG_4419_AssignEmployeeFromStaffing] [newOrderHiring] - Entering JobTitle
[INFO ] 2022-12-06 16:54:57.870 [company.TG_4419_AssignEmployeeFromStaffing] [newOrderHiring] - JobTitle entered successfully
[INFO ] 2022-12-06 16:54:57.871 [company.TG_4419_AssignEmployeeFromStaffing] [newOrderHiring] - Entering No Of Workers
[INFO ] 2022-12-06 16:55:03.022 [company.TG_4419_AssignEmployeeFromStaffing] [newOrderHiring] - NoOfWorkers entered successfully
[INFO ] 2022-12-06 16:55:03.022 [company.TG_4419_AssignEmployeeFromStaffing] [newOrderHiring] - Entering ESignature
[INFO ] 2022-12-06 16:55:03.253 [company.TG_4419_AssignEmployeeFromStaffing] [newOrderHiring] - ESignature entered successfully
[INFO ] 2022-12-06 16:55:03.253 [company.TG_4419_AssignEmployeeFromStaffing] [newOrderHiring] - clickAgreeContract
[INFO ] 2022-12-06 16:55:03.371 [company.TG_4419_AssignEmployeeFromStaffing] [newOrderHiring] - clickAgreeContract successfully
[INFO ] 2022-12-06 16:55:03.371 [company.TG_4419_AssignEmployeeFromStaffing] [newOrderHiring] - clickSaveButton
[INFO ] 2022-12-06 16:55:03.903 [company.TG_4419_AssignEmployeeFromStaffing] [newOrderHiring] - SaveButton Clicked successfully
[INFO ] 2022-12-06 16:55:12.403 [company.TG_4419_AssignEmployeeFromStaffing] [newOrderHiring] - Job order link present on the home page clicked
[INFO ] 2022-12-06 16:55:29.522 [company.TG_4419_AssignEmployeeFromStaffing] [newOrderHiring] - Verify Job Order Id and Email Successfully
[INFO ] 2022-12-06 16:55:42.517 [company.TG_4419_AssignEmployeeFromStaffing] [Tag_CreateEmployeeFromStaffing] - Started==Starting End To End Flow CreateEmployeeFromStaffing
[INFO ] 2022-12-06 16:55:52.055 [company.TG_4419_AssignEmployeeFromStaffing] [enterUsername] - Entering new user's first name
[INFO ] 2022-12-06 16:55:52.189 [company.TG_4419_AssignEmployeeFromStaffing] [enterUsername] - User's first name entered successfully
[INFO ] 2022-12-06 16:55:52.189 [company.TG_4419_AssignEmployeeFromStaffing] [enterPassword] - Entering new user's last name
[INFO ] 2022-12-06 16:55:52.269 [company.TG_4419_AssignEmployeeFromStaffing] [enterPassword] - User's last name entered successfully
[INFO ] 2022-12-06 16:55:52.269 [company.TG_4419_AssignEmployeeFromStaffing] [clickLoginButton] - Clicking on Login Button
[INFO ] 2022-12-06 16:55:52.331 [company.TG_4419_AssignEmployeeFromStaffing] [clickLoginButton] - Close Pop Up clicked successfully
[INFO ] 2022-12-06 16:56:23.915 [company.TG_4419_AssignEmployeeFromStaffing] [clickAddNewEployeeButton] - Clicking on Add New Employee Button
[INFO ] 2022-12-06 16:56:24.963 [company.TG_4419_AssignEmployeeFromStaffing] [clickAddNewEployeeButton] - Employee button clicked successfully
[INFO ] 2022-12-06 16:56:24.963 [company.TG_4419_AssignEmployeeFromStaffing] [enterCompanyName] - Entering Company Name
[INFO ] 2022-12-06 16:56:25.308 [company.TG_4419_AssignEmployeeFromStaffing] [enterCompanyName] - Company Name entered successfully
[INFO ] 2022-12-06 16:56:25.309 [company.TG_4419_AssignEmployeeFromStaffing] [enterFirstName] - Entering First Name
[INFO ] 2022-12-06 16:56:25.440 [company.TG_4419_AssignEmployeeFromStaffing] [enterFirstName] - First Name entered successfully
[INFO ] 2022-12-06 16:56:25.440 [company.TG_4419_AssignEmployeeFromStaffing] [enterLastName] - Entering Last Name
[INFO ] 2022-12-06 16:56:25.552 [company.TG_4419_AssignEmployeeFromStaffing] [enterLastName] - Last Name entered successfully
[INFO ] 2022-12-06 16:56:25.553 [company.TG_4419_AssignEmployeeFromStaffing] [enterDateOfBirthField] - Entering date of birth
[INFO ] 2022-12-06 16:56:26.752 [company.TG_4419_AssignEmployeeFromStaffing] [enterDateOfBirthField] - Date of birth entered successfully
[INFO ] 2022-12-06 16:56:26.752 [company.TG_4419_AssignEmployeeFromStaffing] [enterEmail] - Entering email
[INFO ] 2022-12-06 16:56:26.951 [company.TG_4419_AssignEmployeeFromStaffing] [enterEmail] - Email entered successfully
[INFO ] 2022-12-06 16:56:26.951 [company.TG_4419_AssignEmployeeFromStaffing] [selectSearchOnMapsCheckbox] - Selecting search on Maps checkbox
[INFO ] 2022-12-06 16:56:29.170 [company.TG_4419_AssignEmployeeFromStaffing] [selectSearchOnMapsCheckbox] - Search on maps checkbox selected
[INFO ] 2022-12-06 16:56:29.170 [company.TG_4419_AssignEmployeeFromStaffing] [enterEmployeeAddressOnMaps] - Etering employee address on maps
[INFO ] 2022-12-06 16:56:30.420 [company.TG_4419_AssignEmployeeFromStaffing] [enterEmployeeAddressOnMaps] - Employee entered successfully
[INFO ] 2022-12-06 16:56:30.422 [company.TG_4419_AssignEmployeeFromStaffing] [clickSaveButton] - Clicking Save button
[INFO ] 2022-12-06 16:56:30.553 [company.TG_4419_AssignEmployeeFromStaffing] [clickSaveButton] - Save button clicked successfully
[INFO ] 2022-12-06 16:57:10.557 [company.TG_4419_AssignEmployeeFromStaffing] [getEmployeeIdFromEmaployeeDetailsPage] - Fetching employee id
[INFO ] 2022-12-06 16:57:10.620 [company.TG_4419_AssignEmployeeFromStaffing] [getEmployeeIdFromEmaployeeDetailsPage] - Employee id fetched successfully
[INFO ] 2022-12-06 16:57:10.723 [company.TG_4419_AssignEmployeeFromStaffing] [Tag_EndToEndFlowClaimFromStaffing] - Started==Starting End To End Flow ClaimFromStaffing
[INFO ] 2022-12-06 16:57:10.723 [company.TG_4419_AssignEmployeeFromStaffing] [ClaimOrderForStaffing] - Clicking Job orders menu present on the staffing homepage navigates to joborder listing form 
[INFO ] 2022-12-06 16:57:39.882 [company.TG_4419_AssignEmployeeFromStaffing] [ClaimOrderForStaffing] - Clicking on Claim order Button
[INFO ] 2022-12-06 16:57:52.121 [company.TG_4419_AssignEmployeeFromStaffing] [ClaimOrderForStaffing] - Claim order button clicked successfully
[INFO ] 2022-12-06 16:57:52.121 [company.TG_4419_AssignEmployeeFromStaffing] [ClaimOrderForStaffing] - Entering the No. of Employees Claim
[INFO ] 2022-12-06 16:57:57.383 [company.TG_4419_AssignEmployeeFromStaffing] [ClaimOrderForStaffing] - No. of Employees Claim entered successfully
[INFO ] 2022-12-06 16:58:02.387 [company.TG_4419_AssignEmployeeFromStaffing] [ClaimOrderForStaffing] - Entering the E-Signature
[INFO ] 2022-12-06 16:58:04.569 [company.TG_4419_AssignEmployeeFromStaffing] [ClaimOrderForStaffing] - E-Signature entered successfully
[INFO ] 2022-12-06 16:58:04.569 [company.TG_4419_AssignEmployeeFromStaffing] [ClaimOrderForStaffing] - Clicking on Agree to Contract Button
[INFO ] 2022-12-06 16:58:06.697 [company.TG_4419_AssignEmployeeFromStaffing] [ClaimOrderForStaffing] - Agree to Contract Button clicked successfully
[INFO ] 2022-12-06 16:58:06.697 [company.TG_4419_AssignEmployeeFromStaffing] [ClaimOrderForStaffing] - Clicking on Submit Claim Button
[INFO ] 2022-12-06 16:58:13.799 [company.TG_4419_AssignEmployeeFromStaffing] [ClaimOrderForStaffing] - Submit Claim Button clicked successfully
[INFO ] 2022-12-06 16:58:34.618 [company.TG_4419_AssignEmployeeFromStaffing] [Tag_EndToEndFlowClaimApproveHiring] - Started==Starting End To End Flow ApproveHiring
[INFO ] 2022-12-06 16:58:43.064 [company.TG_4419_AssignEmployeeFromStaffing] [enterUsername] - Entering new user's first name
[INFO ] 2022-12-06 16:58:43.181 [company.TG_4419_AssignEmployeeFromStaffing] [enterUsername] - User's first name entered successfully
[INFO ] 2022-12-06 16:58:43.182 [company.TG_4419_AssignEmployeeFromStaffing] [enterPassword] - Entering new user's last name
[INFO ] 2022-12-06 16:58:43.250 [company.TG_4419_AssignEmployeeFromStaffing] [enterPassword] - User's last name entered successfully
[INFO ] 2022-12-06 16:58:43.250 [company.TG_4419_AssignEmployeeFromStaffing] [clickLoginButton] - Clicking on Login Button
[INFO ] 2022-12-06 16:58:43.324 [company.TG_4419_AssignEmployeeFromStaffing] [clickLoginButton] - Close Pop Up clicked successfully
[INFO ] 2022-12-06 16:58:43.324 [company.TG_4419_AssignEmployeeFromStaffing] [ApproveClaimFromHiring] - Clicking Order menu present on the staffing homepage
[INFO ] 2022-12-06 16:58:53.944 [company.TG_4419_AssignEmployeeFromStaffing] [ApproveClaimFromHiring] - Order menu present on the staffing hompage clicked successfully.
[INFO ] 2022-12-06 16:58:53.945 [company.TG_4419_AssignEmployeeFromStaffing] [ApproveClaimFromHiring] - Clicking All orders menu present on the staffing homepage
[INFO ] 2022-12-06 16:59:08.160 [company.TG_4419_AssignEmployeeFromStaffing] [ApproveClaimFromHiring] - Clicking on the claim button navigates to claim order form 
[INFO ] 2022-12-06 16:59:11.321 [company.TG_4419_AssignEmployeeFromStaffing] [ApproveClaimFromHiring] - Clicking on the claim button navigates to claim order form successfully
[INFO ] 2022-12-06 16:59:11.321 [company.TG_4419_AssignEmployeeFromStaffing] [ApproveClaimFromHiring] - Clicking the select head count button on the claim order form
[INFO ] 2022-12-06 16:59:15.588 [company.TG_4419_AssignEmployeeFromStaffing] [ApproveClaimFromHiring] - Clicked the select head count button on the claim order form successfully
[INFO ] 2022-12-06 16:59:15.589 [company.TG_4419_AssignEmployeeFromStaffing] [ApproveClaimFromHiring] - Entering Approve count should not be greater than Workerscount
[INFO ] 2022-12-06 16:59:22.412 [company.TG_4419_AssignEmployeeFromStaffing] [ApproveClaimFromHiring] - Approve count is not more than the workers count
[INFO ] 2022-12-06 16:59:22.413 [company.TG_4419_AssignEmployeeFromStaffing] [ApproveClaimFromHiring] - Clicking on modal submit Button
[INFO ] 2022-12-06 16:59:22.647 [company.TG_4419_AssignEmployeeFromStaffing] [ApproveClaimFromHiring] - Modal submit button clicked successfully
[INFO ] 2022-12-06 16:59:42.576 [company.TG_4419_AssignEmployeeFromStaffing] [enterUsername] - Entering new user's first name
[INFO ] 2022-12-06 16:59:42.673 [company.TG_4419_AssignEmployeeFromStaffing] [enterUsername] - User's first name entered successfully
[INFO ] 2022-12-06 16:59:42.674 [company.TG_4419_AssignEmployeeFromStaffing] [enterPassword] - Entering new user's last name
[INFO ] 2022-12-06 16:59:42.749 [company.TG_4419_AssignEmployeeFromStaffing] [enterPassword] - User's last name entered successfully
[INFO ] 2022-12-06 16:59:42.749 [company.TG_4419_AssignEmployeeFromStaffing] [clickLoginButton] - Clicking on Login Button
[INFO ] 2022-12-06 16:59:42.820 [company.TG_4419_AssignEmployeeFromStaffing] [clickLoginButton] - Close Pop Up clicked successfully
[INFO ] 2022-12-06 16:59:45.825 [company.TG_4419_AssignEmployeeFromStaffing] [clickOrdersMenuOnStaffingHomePage] - Clicking Order menu present on the staffing homepage
[INFO ] 2022-12-06 16:59:50.306 [company.TG_4419_AssignEmployeeFromStaffing] [clickOrdersMenuOnStaffingHomePage] - Order menu present on the staffing hompage clicked successfully.
[INFO ] 2022-12-06 16:59:53.312 [company.TG_4419_AssignEmployeeFromStaffing] [clickAllOrdersOnStaffingHomePage] - Clicking All orders menu present on the staffing homepage
[INFO ] 2022-12-06 16:59:57.125 [company.TG_4419_AssignEmployeeFromStaffing] [clickAllOrdersOnStaffingHomePage] - All orders menu present on the staffing hompage clicked successfully.
[INFO ] 2022-12-06 17:00:02.137 [company.TG_4419_AssignEmployeeFromStaffing] [selectParticularJobOrderFromListing] - Selecting Particular Joborder on the listing
[INFO ] 2022-12-06 17:00:12.369 [company.TG_4419_AssignEmployeeFromStaffing] [selectParticularJobOrderFromListing] - Particular Joborder on the listing selected successfully
[INFO ] 2022-12-06 17:00:14.373 [company.TG_4419_AssignEmployeeFromStaffing] [verifyPleaseAssignEmployeeMessage] - Check for 'Please Assign Employee' message Displayed
[INFO ] 2022-12-06 17:00:18.278 [company.TG_4419_AssignEmployeeFromStaffing] [verifyPleaseAssignEmployeeMessage] - Message displayed successfully
[INFO ] 2022-12-06 17:00:18.313 [company.TG_4419_AssignEmployeeFromStaffing] [clickAssignEmployeesButton] - Clicking Assign employees under the related section
[INFO ] 2022-12-06 17:00:20.670 [company.TG_4419_AssignEmployeeFromStaffing] [clickAssignEmployeesButton] - Clicked assign employees on job order form successfully
[INFO ] 2022-12-06 17:00:22.676 [company.TG_4419_AssignEmployeeFromStaffing] [verifyNewAssignEmployeeFormVisible] - Check new assign employee form is visible
[INFO ] 2022-12-06 17:00:24.117 [company.TG_4419_AssignEmployeeFromStaffing] [verifyNewAssignEmployeeFormVisible] - New assign employee form displayed successfully
[INFO ] 2022-12-06 17:00:24.129 [company.TG_4419_AssignEmployeeFromStaffing] [clickSaveButton] - Clicking save new Assign Employee form
[INFO ] 2022-12-06 17:00:28.237 [company.TG_4419_AssignEmployeeFromStaffing] [clickSaveButton] - save button in new Assign Employee form clicked successfully
[INFO ] 2022-12-06 17:00:28.238 [company.TG_4419_AssignEmployeeFromStaffing] [verifyMandatoryFieldErrorMessage] - Check for all mandatory fiels entered
[INFO ] 2022-12-06 17:00:28.481 [company.TG_4419_AssignEmployeeFromStaffing] [verifyMandatoryFieldErrorMessage] - Error message displayed successfully
[INFO ] 2022-12-06 17:00:28.482 [company.TG_4419_AssignEmployeeFromStaffing] [clickErrorClose] - Clicking on Close Icon
[INFO ] 2022-12-06 17:00:30.615 [company.TG_4419_AssignEmployeeFromStaffing] [clickErrorClose] - Close Icon clicked successfully
[INFO ] 2022-12-06 17:00:30.616 [company.TG_4419_AssignEmployeeFromStaffing] [verifyCompanyFeildAutoPopulated] - Verify Company Feild auto populated in new Assign Employee form
[INFO ] 2022-12-06 17:00:30.666 [company.TG_4419_AssignEmployeeFromStaffing] [verifyCompanyFeildAutoPopulated] - Company Feild auto populated in new Assign Employee form successfully.
[INFO ] 2022-12-06 17:00:30.683 [company.TG_4419_AssignEmployeeFromStaffing] [verifyEmployeePayRate] - Verfied employee pay rate field in new Assign Employee form 
[INFO ] 2022-12-06 17:00:30.729 [company.TG_4419_AssignEmployeeFromStaffing] [verifyEmployeePayRate] - Verfied and removed the employee pay rate
[INFO ] 2022-12-06 17:00:30.730 [company.TG_4419_AssignEmployeeFromStaffing] [verifyEmpPayRatePopulated] - Verify employee pay rate value auto populated in new Assign Employee form
[INFO ] 2022-12-06 17:00:31.040 [company.TG_4419_AssignEmployeeFromStaffing] [verifyEmpPayRatePopulated] - Employee pay rate value auto populated in new Assign Employee form successfully.
[INFO ] 2022-12-06 17:00:31.051 [company.TG_4419_AssignEmployeeFromStaffing] [verifyDistanceRadiusFeild] - Verify Distance Radius Feild is visible in new Assign Employee form
[INFO ] 2022-12-06 17:00:31.092 [company.TG_4419_AssignEmployeeFromStaffing] [verifyDistanceRadiusFeild] -  Distance Radius Feild is displayed in new Assign Employee form successfully.
[INFO ] 2022-12-06 17:00:31.093 [company.TG_4419_AssignEmployeeFromStaffing] [enterMiles] - Entering Distance radius in new Assign Employee form 
[INFO ] 2022-12-06 17:00:31.238 [company.TG_4419_AssignEmployeeFromStaffing] [enterMiles] - Distance radius in new Assign Employee form entered successfully
[INFO ] 2022-12-06 17:00:31.256 [company.TG_4419_AssignEmployeeFromStaffing] [verifyShowAllEmployeesVisible] - Verify ShowAllEmployees Feild is visible in new Assign Employee form
[INFO ] 2022-12-06 17:00:31.298 [company.TG_4419_AssignEmployeeFromStaffing] [verifyShowAllEmployeesVisible] -  ShowAllEmployees Feild is displayed in new Assign Employee form successfully.
[INFO ] 2022-12-06 17:00:31.298 [company.TG_4419_AssignEmployeeFromStaffing] [clickCheckBoxShowAllEmployess] - Clicking CheckBox ShowAllEmployees
[INFO ] 2022-12-06 17:00:33.396 [company.TG_4419_AssignEmployeeFromStaffing] [clickCheckBoxShowAllEmployess] -  ShowAllEmployees CheckBox clicked successfully
[INFO ] 2022-12-06 17:00:35.409 [company.TG_4419_AssignEmployeeFromStaffing] [clickAddRowButton] - Clicking AddRow in new Assign Employee form 
[INFO ] 2022-12-06 17:00:42.607 [company.TG_4419_AssignEmployeeFromStaffing] [clickAddRowButton] - AddRow button in new Assign Employee form clicked successfully
[INFO ] 2022-12-06 17:00:42.608 [company.TG_4419_AssignEmployeeFromStaffing] [verifyEmployeeIDVisible] - Verify employeeID is visible in new Assign Employee form
[INFO ] 2022-12-06 17:00:42.750 [company.TG_4419_AssignEmployeeFromStaffing] [verifyEmployeeIDVisible] - EmployeeID is displayed in new Assign Employee form successfully.
[INFO ] 2022-12-06 17:00:48.775 [company.TG_4419_AssignEmployeeFromStaffing] [clickEditButton] - Clicking edit button on the form under the EmployeeDetails
[INFO ] 2022-12-06 17:00:49.042 [company.TG_4419_AssignEmployeeFromStaffing] [clickEditButton] - Clicked edit button on the form under the EmployeeDetails successfully
[INFO ] 2022-12-06 17:00:49.045 [company.TG_4419_AssignEmployeeFromStaffing] [enterEmployeeId] - Entering employeeId in new Assign Employee form 
