[INFO ] 2022-12-22 20:06:19.378 [company.TG_4463_InvCreationStaffing] [Tag_EndToEndFlowNewOrderHiring] - Started==Starting End To End Flow NewOrderHiring
[INFO ] 2022-12-22 20:06:21.401 [company.TG_4463_InvCreationStaffing] [enterUsername] - Entering new user's first name
[INFO ] 2022-12-22 20:06:21.951 [company.TG_4463_InvCreationStaffing] [enterUsername] - User's first name entered successfully
[INFO ] 2022-12-22 20:06:21.951 [company.TG_4463_InvCreationStaffing] [enterPassword] - Entering new user's last name
[INFO ] 2022-12-22 20:06:23.355 [company.TG_4463_InvCreationStaffing] [enterPassword] - User's last name entered successfully
[INFO ] 2022-12-22 20:06:23.355 [company.TG_4463_InvCreationStaffing] [clickLoginButton] - Clicking on Login Button
[INFO ] 2022-12-22 20:06:23.722 [company.TG_4463_InvCreationStaffing] [clickLoginButton] - Close Pop Up clicked successfully
[INFO ] 2022-12-22 20:06:23.723 [company.TG_4463_InvCreationStaffing] [newOrderHiring] - Clicking on New Order Button
[INFO ] 2022-12-22 20:06:35.230 [company.TG_4463_InvCreationStaffing] [newOrderHiring] - New Order Button clicked successfully
[INFO ] 2022-12-22 20:06:35.231 [company.TG_4463_InvCreationStaffing] [newOrderHiring] - Entering EstDailyHours
[INFO ] 2022-12-22 20:06:44.140 [company.TG_4463_InvCreationStaffing] [newOrderHiring] - EstDailyHours entered successfully
[INFO ] 2022-12-22 20:06:44.141 [company.TG_4463_InvCreationStaffing] [newOrderHiring] - Entering StartDate
[INFO ] 2022-12-22 20:06:49.954 [company.TG_4463_InvCreationStaffing] [newOrderHiring] - StartDate entered successfully
[INFO ] 2022-12-22 20:06:49.956 [company.TG_4463_InvCreationStaffing] [newOrderHiring] - Entering EndDate
[INFO ] 2022-12-22 20:07:01.276 [company.TG_4463_InvCreationStaffing] [newOrderHiring] - EndDate entered successfully
[INFO ] 2022-12-22 20:07:01.278 [company.TG_4463_InvCreationStaffing] [newOrderHiring] - Entering StartTime
[INFO ] 2022-12-22 20:07:01.886 [company.TG_4463_InvCreationStaffing] [newOrderHiring] - StartTime entered successfully
[INFO ] 2022-12-22 20:07:01.887 [company.TG_4463_InvCreationStaffing] [newOrderHiring] - Entering Availability
[INFO ] 2022-12-22 20:07:02.105 [company.TG_4463_InvCreationStaffing] [newOrderHiring] - Availabilit entered successfully
[INFO ] 2022-12-22 20:07:02.105 [company.TG_4463_InvCreationStaffing] [newOrderHiring] - Entering JobSite
[INFO ] 2022-12-22 20:07:08.355 [company.TG_4463_InvCreationStaffing] [newOrderHiring] - JobSite entered successfully
[INFO ] 2022-12-22 20:07:08.356 [company.TG_4463_InvCreationStaffing] [newOrderHiring] - Entering JobTitle
[INFO ] 2022-12-22 20:07:17.556 [company.TG_4463_InvCreationStaffing] [newOrderHiring] - JobTitle entered successfully
[INFO ] 2022-12-22 20:07:17.561 [company.TG_4463_InvCreationStaffing] [newOrderHiring] - Entering No Of Workers
[INFO ] 2022-12-22 20:07:22.714 [company.TG_4463_InvCreationStaffing] [newOrderHiring] - NoOfWorkers entered successfully
[INFO ] 2022-12-22 20:07:22.715 [company.TG_4463_InvCreationStaffing] [newOrderHiring] - Entering ESignature
[INFO ] 2022-12-22 20:07:22.856 [company.TG_4463_InvCreationStaffing] [newOrderHiring] - ESignature entered successfully
[INFO ] 2022-12-22 20:07:22.856 [company.TG_4463_InvCreationStaffing] [newOrderHiring] - clickAgreeContract
[INFO ] 2022-12-22 20:07:22.986 [company.TG_4463_InvCreationStaffing] [newOrderHiring] - clickAgreeContract successfully
[INFO ] 2022-12-22 20:07:22.987 [company.TG_4463_InvCreationStaffing] [newOrderHiring] - clickSaveButton
[INFO ] 2022-12-22 20:07:23.188 [company.TG_4463_InvCreationStaffing] [newOrderHiring] - SaveButton Clicked successfully
