[INFO ] 2022-12-23 12:37:23.435 [company.TG_4325_ApproveClaimFromHiring] [Tag_EndToEndFlowNewOrderHiring] - Started==Starting End To End Flow NewOrderHiring
[INFO ] 2022-12-23 12:37:28.960 [company.TG_4325_ApproveClaimFromHiring] [enterUsername] - Entering new user's first name
[INFO ] 2022-12-23 12:37:29.534 [company.TG_4325_ApproveClaimFromHiring] [enterUsername] - User's first name entered successfully
[INFO ] 2022-12-23 12:37:29.534 [company.TG_4325_ApproveClaimFromHiring] [enterPassword] - Entering new user's last name
[INFO ] 2022-12-23 12:37:31.189 [company.TG_4325_ApproveClaimFromHiring] [enterPassword] - User's last name entered successfully
[INFO ] 2022-12-23 12:37:31.189 [company.TG_4325_ApproveClaimFromHiring] [clickLoginButton] - Clicking on Login Button
[INFO ] 2022-12-23 12:37:31.605 [company.TG_4325_ApproveClaimFromHiring] [clickLoginButton] - Close Pop Up clicked successfully
[INFO ] 2022-12-23 12:37:31.605 [company.TG_4325_ApproveClaimFromHiring] [newOrderHiring] - Clicking on New Order Button
[INFO ] 2022-12-23 12:37:53.884 [company.TG_4325_ApproveClaimFromHiring] [newOrderHiring] - New Order Button clicked successfully
[INFO ] 2022-12-23 12:37:53.885 [company.TG_4325_ApproveClaimFromHiring] [newOrderHiring] - Entering EstDailyHours
[INFO ] 2022-12-23 12:38:03.246 [company.TG_4325_ApproveClaimFromHiring] [newOrderHiring] - EstDailyHours entered successfully
[INFO ] 2022-12-23 12:38:03.247 [company.TG_4325_ApproveClaimFromHiring] [newOrderHiring] - Entering StartDate
[INFO ] 2022-12-23 12:38:09.020 [company.TG_4325_ApproveClaimFromHiring] [newOrderHiring] - StartDate entered successfully
[INFO ] 2022-12-23 12:38:09.025 [company.TG_4325_ApproveClaimFromHiring] [newOrderHiring] - Entering EndDate
[INFO ] 2022-12-23 12:38:20.897 [company.TG_4325_ApproveClaimFromHiring] [newOrderHiring] - EndDate entered successfully
[INFO ] 2022-12-23 12:38:20.900 [company.TG_4325_ApproveClaimFromHiring] [newOrderHiring] - Entering StartTime
[INFO ] 2022-12-23 12:38:21.622 [company.TG_4325_ApproveClaimFromHiring] [newOrderHiring] - StartTime entered successfully
[INFO ] 2022-12-23 12:38:21.623 [company.TG_4325_ApproveClaimFromHiring] [newOrderHiring] - Entering Availability
[INFO ] 2022-12-23 12:38:21.868 [company.TG_4325_ApproveClaimFromHiring] [newOrderHiring] - Availabilit entered successfully
[INFO ] 2022-12-23 12:38:21.868 [company.TG_4325_ApproveClaimFromHiring] [newOrderHiring] - Entering JobSite
[INFO ] 2022-12-23 12:38:28.145 [company.TG_4325_ApproveClaimFromHiring] [newOrderHiring] - JobSite entered successfully
[INFO ] 2022-12-23 12:38:28.146 [company.TG_4325_ApproveClaimFromHiring] [newOrderHiring] - Entering JobTitle
[INFO ] 2022-12-23 12:38:37.340 [company.TG_4325_ApproveClaimFromHiring] [newOrderHiring] - JobTitle entered successfully
[INFO ] 2022-12-23 12:38:37.343 [company.TG_4325_ApproveClaimFromHiring] [newOrderHiring] - Entering No Of Workers
[INFO ] 2022-12-23 12:38:42.537 [company.TG_4325_ApproveClaimFromHiring] [newOrderHiring] - NoOfWorkers entered successfully
[INFO ] 2022-12-23 12:38:42.538 [company.TG_4325_ApproveClaimFromHiring] [newOrderHiring] - Entering ESignature
[INFO ] 2022-12-23 12:38:45.752 [company.TG_4325_ApproveClaimFromHiring] [newOrderHiring] - ESignature entered successfully
[INFO ] 2022-12-23 12:38:45.753 [company.TG_4325_ApproveClaimFromHiring] [newOrderHiring] - clickAgreeContract
[INFO ] 2022-12-23 12:38:45.925 [company.TG_4325_ApproveClaimFromHiring] [newOrderHiring] - clickAgreeContract successfully
[INFO ] 2022-12-23 12:38:45.925 [company.TG_4325_ApproveClaimFromHiring] [newOrderHiring] - clickSaveButton
[INFO ] 2022-12-23 12:38:46.136 [company.TG_4325_ApproveClaimFromHiring] [newOrderHiring] - SaveButton Clicked successfully
[INFO ] 2022-12-23 12:38:54.723 [company.TG_4325_ApproveClaimFromHiring] [newOrderHiring] - Job order link present on the home page clicked
[INFO ] 2022-12-23 12:39:09.650 [company.TG_4325_ApproveClaimFromHiring] [newOrderHiring] - Verify Job Order Id and Email Successfully
[INFO ] 2022-12-23 12:39:16.419 [company.TG_4325_ApproveClaimFromHiring] [Tag_EndToEndFlowClaimFromStaffing] - Started==Starting End To End Flow ClaimFromStaffing
[INFO ] 2022-12-23 12:39:24.585 [company.TG_4325_ApproveClaimFromHiring] [enterUsername] - Entering new user's first name
[INFO ] 2022-12-23 12:39:24.703 [company.TG_4325_ApproveClaimFromHiring] [enterUsername] - User's first name entered successfully
[INFO ] 2022-12-23 12:39:24.704 [company.TG_4325_ApproveClaimFromHiring] [enterPassword] - Entering new user's last name
[INFO ] 2022-12-23 12:39:24.775 [company.TG_4325_ApproveClaimFromHiring] [enterPassword] - User's last name entered successfully
[INFO ] 2022-12-23 12:39:24.775 [company.TG_4325_ApproveClaimFromHiring] [clickLoginButton] - Clicking on Login Button
[INFO ] 2022-12-23 12:39:24.854 [company.TG_4325_ApproveClaimFromHiring] [clickLoginButton] - Close Pop Up clicked successfully
[INFO ] 2022-12-23 12:39:24.855 [company.TG_4325_ApproveClaimFromHiring] [ClaimOrderForStaffing] - Clicking Job orders menu present on the staffing homepage navigates to joborder listing form 
[INFO ] 2022-12-23 12:39:59.592 [company.TG_4325_ApproveClaimFromHiring] [ClaimOrderForStaffing] - Clicking on Claim order Button
[INFO ] 2022-12-23 12:40:12.577 [company.TG_4325_ApproveClaimFromHiring] [ClaimOrderForStaffing] - Claim order button clicked successfully
[INFO ] 2022-12-23 12:40:12.579 [company.TG_4325_ApproveClaimFromHiring] [ClaimOrderForStaffing] - Entering the No. of Employees Claim
[INFO ] 2022-12-23 12:40:17.772 [company.TG_4325_ApproveClaimFromHiring] [ClaimOrderForStaffing] - No. of Employees Claim entered successfully
[INFO ] 2022-12-23 12:40:22.780 [company.TG_4325_ApproveClaimFromHiring] [ClaimOrderForStaffing] - Entering the E-Signature
[INFO ] 2022-12-23 12:40:25.011 [company.TG_4325_ApproveClaimFromHiring] [ClaimOrderForStaffing] - E-Signature entered successfully
[INFO ] 2022-12-23 12:40:25.011 [company.TG_4325_ApproveClaimFromHiring] [ClaimOrderForStaffing] - Clicking on Agree to Contract Button
[INFO ] 2022-12-23 12:40:27.135 [company.TG_4325_ApproveClaimFromHiring] [ClaimOrderForStaffing] - Agree to Contract Button clicked successfully
[INFO ] 2022-12-23 12:40:27.135 [company.TG_4325_ApproveClaimFromHiring] [ClaimOrderForStaffing] - Clicking on Submit Claim Button
[INFO ] 2022-12-23 12:40:34.283 [company.TG_4325_ApproveClaimFromHiring] [ClaimOrderForStaffing] - Submit Claim Button clicked successfully
[INFO ] 2022-12-23 12:41:18.708 [company.TG_4325_ApproveClaimFromHiring] [enterUsername] - Entering new user's first name
[INFO ] 2022-12-23 12:41:18.846 [company.TG_4325_ApproveClaimFromHiring] [enterUsername] - User's first name entered successfully
[INFO ] 2022-12-23 12:41:18.846 [company.TG_4325_ApproveClaimFromHiring] [enterPassword] - Entering new user's last name
[INFO ] 2022-12-23 12:41:18.984 [company.TG_4325_ApproveClaimFromHiring] [enterPassword] - User's last name entered successfully
[INFO ] 2022-12-23 12:41:18.985 [company.TG_4325_ApproveClaimFromHiring] [clickLoginButton] - Clicking on Login Button
[INFO ] 2022-12-23 12:41:19.093 [company.TG_4325_ApproveClaimFromHiring] [clickLoginButton] - Close Pop Up clicked successfully
[INFO ] 2022-12-23 12:41:26.103 [company.TG_4325_ApproveClaimFromHiring] [clickOrdersMenuOnHiringHomePage] - Clicking Order menu present on the Hiring homepage
[INFO ] 2022-12-23 12:41:27.428 [company.TG_4325_ApproveClaimFromHiring] [clickOrdersMenuOnHiringHomePage] - Order menu present on the Hiring hompage clicked successfully.
[INFO ] 2022-12-23 12:41:30.444 [company.TG_4325_ApproveClaimFromHiring] [selectParticularJobOrderFromListing] - Selecting Particular Joborder on the listing
[INFO ] 2022-12-23 12:41:40.729 [company.TG_4325_ApproveClaimFromHiring] [selectParticularJobOrderFromListing] - Particular Joborder on the listing selected successfully
[INFO ] 2022-12-23 12:41:42.738 [company.TG_4325_ApproveClaimFromHiring] [verifyPleaseReviewSubmittedClaimsMessage] - Check for 'Please review submitted claims' message Displayed
[INFO ] 2022-12-23 12:41:42.850 [company.TG_4325_ApproveClaimFromHiring] [verifyPleaseReviewSubmittedClaimsMessage] - Message displayed successfully
[INFO ] 2022-12-23 12:41:42.900 [company.TG_4325_ApproveClaimFromHiring] [clickClaimsButton] - Clicking on the claim button navigates to claim order form 
[INFO ] 2022-12-23 12:41:43.005 [company.TG_4325_ApproveClaimFromHiring] [clickClaimsButton] - Clicking on the claim button navigates to claim order form successfully
[INFO ] 2022-12-23 12:41:46.006 [company.TG_4325_ApproveClaimFromHiring] [clickSelectHeadCountButton] - Clicking the select head count button on the claim order form
[INFO ] 2022-12-23 12:41:46.159 [company.TG_4325_ApproveClaimFromHiring] [clickSelectHeadCountButton] - Clicked the select head count button on the claim order form successfully
[INFO ] 2022-12-23 12:41:46.182 [company.TG_4325_ApproveClaimFromHiring] [titleSelectHeadCountModal] - Clicking Select Head Count button, a modal should open having a title as 'Select Head Count'
[INFO ] 2022-12-23 12:41:48.907 [company.TG_4325_ApproveClaimFromHiring] [titleSelectHeadCountModal] - clicked Select Head Count button, a modal title as 'Select Head Count'opened successfully
[INFO ] 2022-12-23 12:41:48.931 [company.TG_4325_ApproveClaimFromHiring] [verifyApproveFieldIsVisible] - Check for Approvefield is visible
[INFO ] 2022-12-23 12:41:49.042 [company.TG_4325_ApproveClaimFromHiring] [verifyApproveFieldIsVisible] - Approvefield is visible successfully
[INFO ] 2022-12-23 12:41:49.042 [company.TG_4325_ApproveClaimFromHiring] [enterApproveCountGreater] - Entering Approve count should not be greater than Workerscount
[INFO ] 2022-12-23 12:41:49.286 [company.TG_4325_ApproveClaimFromHiring] [enterApproveCountGreater] - Approve count is not more than the workers count
[INFO ] 2022-12-23 12:41:51.293 [company.TG_4325_ApproveClaimFromHiring] [clickModalSubmitButton] - Clicking on modal submit Button
[INFO ] 2022-12-23 12:41:51.444 [company.TG_4325_ApproveClaimFromHiring] [clickModalSubmitButton] - Modal submit button clicked successfully
[INFO ] 2022-12-23 12:41:51.445 [company.TG_4325_ApproveClaimFromHiring] [verifyErrorMessage] - Popup shows as Claims approved cannot be greater than the no. of workers
[INFO ] 2022-12-23 12:41:51.622 [company.TG_4325_ApproveClaimFromHiring] [verifyErrorMessage] - Error Message displayed successfully
[INFO ] 2022-12-23 12:42:01.644 [company.TG_4325_ApproveClaimFromHiring] [clickSelectHeadCountButton] - Clicking the select head count button on the claim order form
[INFO ] 2022-12-23 12:42:01.810 [company.TG_4325_ApproveClaimFromHiring] [clickSelectHeadCountButton] - Clicked the select head count button on the claim order form successfully
[INFO ] 2022-12-23 12:42:01.811 [company.TG_4325_ApproveClaimFromHiring] [enterApproveCount] - Entering Approve count should not be greater than Workerscount
[INFO ] 2022-12-23 12:42:04.287 [company.TG_4325_ApproveClaimFromHiring] [enterApproveCount] - Approve count is not more than the workers count
[INFO ] 2022-12-23 12:42:06.294 [company.TG_4325_ApproveClaimFromHiring] [clickModalSubmitButton] - Clicking on modal submit Button
[INFO ] 2022-12-23 12:42:06.395 [company.TG_4325_ApproveClaimFromHiring] [clickModalSubmitButton] - Modal submit button clicked successfully
[INFO ] 2022-12-23 12:42:06.395 [company.TG_4325_ApproveClaimFromHiring] [verifyEmailSuccessMessage] - Check for submission of Claim Order
[INFO ] 2022-12-23 12:42:08.011 [company.TG_4325_ApproveClaimFromHiring] [verifyEmailSuccessMessage] - Claim Order Submitted Successfully
