[INFO ] 2022-12-28 07:02:49.069 [CRM.TG_5352_Lead_Creation] [VerifyLeadForm] - Logging in
[INFO ] 2022-12-28 07:02:53.661 [CRM.TG_5352_Lead_Creation] [enterUsername] - Entering new user's first name
[INFO ] 2022-12-28 07:02:54.928 [CRM.TG_5352_Lead_Creation] [enterUsername] - User's first name entered successfully
[INFO ] 2022-12-28 07:02:54.930 [CRM.TG_5352_Lead_Creation] [enterPassword] - Entering new user's last name
[INFO ] 2022-12-28 07:02:55.662 [CRM.TG_5352_Lead_Creation] [enterPassword] - User's last name entered successfully
[INFO ] 2022-12-28 07:02:55.664 [CRM.TG_5352_Lead_Creation] [clickLoginButton] - Clicking on Login Button
[INFO ] 2022-12-28 07:02:56.197 [CRM.TG_5352_Lead_Creation] [clickLoginButton] - Close Pop Up clicked successfully
[INFO ] 2022-12-28 07:02:56.213 [CRM.TG_5352_Lead_Creation] [VerifyLeadForm] - Verifying CRM Icon
[INFO ] 2022-12-28 07:02:56.214 [CRM.TG_5352_Lead_Creation] [verifyCRMTextOnHomepage] - Check for CRM Icon on Homepage
[INFO ] 2022-12-28 07:03:17.333 [CRM.TG_5352_Lead_Creation] [verifyCRMTextOnHomepage] - CRM Icon displayed successfully
[INFO ] 2022-12-28 07:03:17.353 [CRM.TG_5352_Lead_Creation] [clickCRMIcon] - Clicking on CRM Button
[INFO ] 2022-12-28 07:03:18.031 [CRM.TG_5352_Lead_Creation] [clickCRMIcon] - CRM Button clicked successfully
[INFO ] 2022-12-28 07:03:20.044 [CRM.TG_5352_Lead_Creation] [clickLeadIcon] - Clicking on Lead Button
[INFO ] 2022-12-28 07:03:22.780 [CRM.TG_5352_Lead_Creation] [clickLeadIcon] - Lead Button clicked successfully
[INFO ] 2022-12-28 07:03:24.786 [CRM.TG_5352_Lead_Creation] [verifyLeadListingForm] - Check for Lead Title
[INFO ] 2022-12-28 07:03:25.193 [CRM.TG_5352_Lead_Creation] [verifyLeadListingForm] - Lead Title displayed successfully
[INFO ] 2022-12-28 07:03:27.200 [CRM.TG_5352_Lead_Creation] [clickAddLeadButton] - Clicking on Lead Button
[INFO ] 2022-12-28 07:03:28.500 [CRM.TG_5352_Lead_Creation] [clickAddLeadButton] - Add Lead Button clicked successfully
[INFO ] 2022-12-28 07:03:30.507 [CRM.TG_5352_Lead_Creation] [verifyLeadForm] - Check for New Lead Form
[INFO ] 2022-12-28 07:03:30.615 [CRM.TG_5352_Lead_Creation] [verifyLeadForm] - New Lead Form displayed successfully
[INFO ] 2022-12-28 07:03:30.740 [CRM.TG_5352_Lead_Creation] [CreateLead] - Verifying Mandatory Fields
[INFO ] 2022-12-28 07:03:30.740 [CRM.TG_5352_Lead_Creation] [clickSaveButton] - Clicking on Save Button
[INFO ] 2022-12-28 07:03:31.314 [CRM.TG_5352_Lead_Creation] [clickSaveButton] - Save Button clicked successfully
[INFO ] 2022-12-28 07:03:37.622 [CRM.TG_5352_Lead_Creation] [enterFirstName] - Entering First Name
[INFO ] 2022-12-28 07:03:37.830 [CRM.TG_5352_Lead_Creation] [enterFirstName] - First Name Entered Successfully
[INFO ] 2022-12-28 07:03:37.833 [CRM.TG_5352_Lead_Creation] [enterLastName] - Entering Last Name
[INFO ] 2022-12-28 07:03:37.980 [CRM.TG_5352_Lead_Creation] [enterLastName] - Last Name Entered Successfully
[INFO ] 2022-12-28 07:03:37.981 [CRM.TG_5352_Lead_Creation] [enterCompanyName] - Entering Company Name
[INFO ] 2022-12-28 07:03:38.135 [CRM.TG_5352_Lead_Creation] [enterCompanyName] - Company Name Entered Successfully
[INFO ] 2022-12-28 07:03:38.135 [CRM.TG_5352_Lead_Creation] [enterEmail] - Entering Email
[INFO ] 2022-12-28 07:03:38.385 [CRM.TG_5352_Lead_Creation] [enterEmail] - Email Entered Successfully
[INFO ] 2022-12-28 07:03:40.387 [CRM.TG_5352_Lead_Creation] [enterPhoneNumber] - Entering Phone Number
[INFO ] 2022-12-28 07:03:40.565 [CRM.TG_5352_Lead_Creation] [enterPhoneNumber] - Phone Number Entered Successfully
[INFO ] 2022-12-28 07:03:40.568 [CRM.TG_5352_Lead_Creation] [selectSearchOnMapsCheckbox] - Selecting search on Maps checkbox
[INFO ] 2022-12-28 07:03:43.190 [CRM.TG_5352_Lead_Creation] [selectSearchOnMapsCheckbox] - Search on maps checkbox selected
[INFO ] 2022-12-28 07:03:45.198 [CRM.TG_5352_Lead_Creation] [enterEmployeeAddressOnMaps] - Etering employee address on maps
[INFO ] 2022-12-28 07:03:47.346 [CRM.TG_5352_Lead_Creation] [enterEmployeeAddressOnMaps] - Employee entered successfully
[INFO ] 2022-12-28 07:03:49.354 [CRM.TG_5352_Lead_Creation] [clickSaveButton] - Clicking on Save Button
[INFO ] 2022-12-28 07:03:49.947 [CRM.TG_5352_Lead_Creation] [clickSaveButton] - Save Button clicked successfully
[INFO ] 2022-12-28 07:03:52.953 [CRM.TG_5352_Lead_Creation] [verifyLeadStatus] - Check for Status as Lead
[INFO ] 2022-12-28 07:03:53.577 [CRM.TG_5352_Lead_Creation] [verifyLeadStatus] - Status verified as Lead successfully
[INFO ] 2022-12-28 07:03:55.586 [CRM.TG_5352_Lead_Creation] [clickLeadLinkforListingForm] - Click on Lead for Listing form
[INFO ] 2022-12-28 07:03:56.061 [CRM.TG_5352_Lead_Creation] [clickLeadLinkforListingForm] - Lead for Listing form clicked Successfully
[INFO ] 2022-12-28 07:03:56.061 [CRM.TG_5352_Lead_Creation] [verifyCreatedLead] - Check for Created Lead
[INFO ] 2022-12-28 07:03:56.251 [CRM.TG_5352_Lead_Creation] [verifyCreatedLead] - Created Lead displayed successfully
[INFO ] 2022-12-28 07:03:58.260 [CRM.TG_5352_Lead_Creation] [clickCreatedLead] - Clicking on Created Lead
[INFO ] 2022-12-28 07:03:58.656 [CRM.TG_5352_Lead_Creation] [clickCreatedLead] - Created Lead clicked successfully
[INFO ] 2022-12-28 07:04:00.661 [CRM.TG_5352_Lead_Creation] [clickLeadStatusOpen] - Clicking on Status dropdown
[INFO ] 2022-12-28 07:04:01.184 [CRM.TG_5352_Lead_Creation] [clickLeadStatusOpen] - Status entered successfully
[INFO ] 2022-12-28 07:04:03.506 [CRM.TG_5352_Lead_Creation] [clickNotesropdown] - Clicking on Notes Dropdown
[INFO ] 2022-12-28 07:04:03.902 [CRM.TG_5352_Lead_Creation] [clickNotesropdown] - Notes Dropdown clicked successfully
[INFO ] 2022-12-28 07:04:05.909 [CRM.TG_5352_Lead_Creation] [enterNotes] - Entering Note
[INFO ] 2022-12-28 07:04:06.775 [CRM.TG_5352_Lead_Creation] [enterNotes] - Note Entered Successfully
[INFO ] 2022-12-28 07:04:08.780 [CRM.TG_5352_Lead_Creation] [clickLeadStatusContractNegotiation] - Clicking on Status dropdown
[INFO ] 2022-12-28 07:04:09.119 [CRM.TG_5352_Lead_Creation] [clickLeadStatusContractNegotiation] - Status entered successfully
[INFO ] 2022-12-28 07:04:11.129 [CRM.TG_5352_Lead_Creation] [clickSaveButton] - Clicking on Save Button
[INFO ] 2022-12-28 07:04:11.397 [CRM.TG_5352_Lead_Creation] [clickSaveButton] - Save Button clicked successfully
[INFO ] 2022-12-28 07:04:13.403 [CRM.TG_5352_Lead_Creation] [verifyPrepareContractButton] - Verify Prepare Contract Button
[INFO ] 2022-12-28 07:04:15.055 [CRM.TG_5352_Lead_Creation] [verifyPrepareContractButton] - Prepare Contract Button displayed successfully
[INFO ] 2022-12-28 07:04:15.058 [CRM.TG_5352_Lead_Creation] [clickPrepareContractButton] - Clicking on Prepare Contract Button
[INFO ] 2022-12-28 07:04:15.581 [CRM.TG_5352_Lead_Creation] [clickPrepareContractButton] - Prepare Contract Button clicked successfully
[INFO ] 2022-12-28 07:04:17.587 [CRM.TG_5352_Lead_Creation] [verifyContractForm] - Check for New Contract Form
[INFO ] 2022-12-28 07:04:17.845 [CRM.TG_5352_Lead_Creation] [verifyContractForm] - New Contract Form displayed successfully
[INFO ] 2022-12-28 07:04:17.845 [CRM.TG_5352_Lead_Creation] [enterStartDate] - enter Start date 
[INFO ] 2022-12-28 07:04:24.245 [CRM.TG_5352_Lead_Creation] [enterStartDate] - Verify enter Start date
[INFO ] 2022-12-28 07:04:26.253 [CRM.TG_5352_Lead_Creation] [enterEndDate] - Verify End Date 
[INFO ] 2022-12-28 07:04:31.754 [CRM.TG_5352_Lead_Creation] [enterEndDate] - Verify enter End date
[INFO ] 2022-12-28 07:04:33.767 [CRM.TG_5352_Lead_Creation] [clickAddRowButton] - Clicking on Add Row Button
[INFO ] 2022-12-28 07:04:34.199 [CRM.TG_5352_Lead_Creation] [clickAddRowButton] - Add Row Button clicked successfully
[INFO ] 2022-12-28 07:04:36.204 [CRM.TG_5352_Lead_Creation] [enterJobTitleInTable] - Entering Job Title List in the Table
[INFO ] 2022-12-28 07:04:36.407 [CRM.TG_5352_Lead_Creation] [enterJobTitleInTable] - Clicked Job Title in the Table successfully
[INFO ] 2022-12-28 07:04:38.420 [CRM.TG_5352_Lead_Creation] [enterTitle] - Enter Title
[INFO ] 2022-12-28 07:04:41.902 [CRM.TG_5352_Lead_Creation] [enterTitle] - Entered Job Title in the Table successfully
[INFO ] 2022-12-28 07:04:43.908 [CRM.TG_5352_Lead_Creation] [enterSign] - Entering Sign
[INFO ] 2022-12-28 07:04:44.323 [CRM.TG_5352_Lead_Creation] [enterSign] - Sign Entered Successfully
[INFO ] 2022-12-28 07:04:46.337 [CRM.TG_5352_Lead_Creation] [clickSaveButtonInContract] - Clicking on Save Button
[INFO ] 2022-12-28 07:04:46.650 [CRM.TG_5352_Lead_Creation] [clickSaveButtonInContract] - Save Button clicked successfully
[INFO ] 2022-12-28 07:04:48.656 [CRM.TG_5352_Lead_Creation] [verifyFinalizeButton] - Verify Finalize Button
[INFO ] 2022-12-28 07:04:49.592 [CRM.TG_5352_Lead_Creation] [verifyFinalizeButton] - Finalize Button displayed successfully
[INFO ] 2022-12-28 07:04:52.124 [CRM.TG_5352_Lead_Creation] [clickFinalizeButton] - Clicking Finalize button
[INFO ] 2022-12-28 07:04:52.575 [CRM.TG_5352_Lead_Creation] [clickFinalizeButton] - Finalize button clicked successfully
[INFO ] 2022-12-28 07:05:22.600 [CRM.TG_5352_Lead_Creation] [verifyPopUpSuccessMsg] - Verifying pop up msg
[INFO ] 2022-12-28 07:05:32.408 [CRM.TG_5352_Lead_Creation] [verifyPopUpSuccessMsg] - pop up msg displayed successfully
[INFO ] 2022-12-28 07:06:05.478 [CRM.TG_5352_Lead_Creation] [clickContractLinkforListingForm] - Click on Contract for Listing form
[INFO ] 2022-12-28 07:06:05.911 [CRM.TG_5352_Lead_Creation] [clickContractLinkforListingForm] - Contract for Listing form clicked Successfully
[INFO ] 2022-12-28 07:06:07.914 [CRM.TG_5352_Lead_Creation] [verifyCreatedContract] - Check for Created Contract
[INFO ] 2022-12-28 07:06:08.342 [CRM.TG_5352_Lead_Creation] [verifyCreatedContract] - Created Contract displayed successfully
[INFO ] 2022-12-28 07:06:10.348 [CRM.TG_5352_Lead_Creation] [clickCRMIcon] - Clicking on CRM Button
[INFO ] 2022-12-28 07:06:10.494 [CRM.TG_5352_Lead_Creation] [clickCRMIcon] - CRM Button clicked successfully
[INFO ] 2022-12-28 07:06:12.496 [CRM.TG_5352_Lead_Creation] [clickContactIcon] - Clicking on Contact Button
[INFO ] 2022-12-28 07:06:14.369 [CRM.TG_5352_Lead_Creation] [clickContactIcon] - Contact Button clicked successfully
[INFO ] 2022-12-28 07:06:14.369 [CRM.TG_5352_Lead_Creation] [verifyCreatedContact] - Check for Created Contact
[INFO ] 2022-12-28 07:06:15.929 [CRM.TG_5352_Lead_Creation] [verifyCreatedContact] - Created Contact displayed successfully
