[INFO ] 2022-12-29 03:38:53.224 [company.TG_4355_EmployeeOnboarding] [enterUsername] - Entering new user's first name
[INFO ] 2022-12-29 03:38:54.102 [company.TG_4355_EmployeeOnboarding] [enterUsername] - User's first name entered successfully
[INFO ] 2022-12-29 03:38:54.102 [company.TG_4355_EmployeeOnboarding] [enterPassword] - Entering new user's last name
[INFO ] 2022-12-29 03:38:54.573 [company.TG_4355_EmployeeOnboarding] [enterPassword] - User's last name entered successfully
[INFO ] 2022-12-29 03:38:54.573 [company.TG_4355_EmployeeOnboarding] [clickLoginButton] - Clicking on Login Button
[INFO ] 2022-12-29 03:38:55.513 [company.TG_4355_EmployeeOnboarding] [clickLoginButton] - Close Pop Up clicked successfully
[INFO ] 2022-12-29 03:38:58.524 [company.TG_4355_EmployeeOnboarding] [clickATSMenuOnStaffingHomePage] - Clicking Order menu present on the staffing homepage
[INFO ] 2022-12-29 03:39:05.472 [company.TG_4355_EmployeeOnboarding] [clickATSMenuOnStaffingHomePage] - ATS menu present on the staffing hompage clicked successfully.
[INFO ] 2022-12-29 03:39:05.474 [company.TG_4355_EmployeeOnboarding] [verifyOnboardingMenuOnStaffingHomePage] - Verify Order menu present on the staffing homepage
[INFO ] 2022-12-29 03:39:05.660 [company.TG_4355_EmployeeOnboarding] [verifyOnboardingMenuOnStaffingHomePage] - onboardingMenu displayed successfully.
[INFO ] 2022-12-29 03:39:05.664 [company.TG_4355_EmployeeOnboarding] [verifySetUpMenuOnStaffingHomePage] - Verify setup menu present on the staffing homepage
[INFO ] 2022-12-29 03:39:05.703 [company.TG_4355_EmployeeOnboarding] [verifySetUpMenuOnStaffingHomePage] - Setup menu displayed successfully.
[INFO ] 2022-12-29 03:39:05.780 [company.TG_4355_EmployeeOnboarding] [clickOnboardingMenuOnStaffingHomePage] - Clicking Onboarding menu present on the staffing homepage
[INFO ] 2022-12-29 03:39:06.938 [company.TG_4355_EmployeeOnboarding] [clickOnboardingMenuOnStaffingHomePage] - Onboarding menu present on the staffing hompage clicked successfully.
[INFO ] 2022-12-29 03:39:08.947 [company.TG_4355_EmployeeOnboarding] [verifyEmployeeOnboardingTitle] - Verify EmployeeOnboardingTitle on the employee-onboarding page
[INFO ] 2022-12-29 03:39:09.024 [company.TG_4355_EmployeeOnboarding] [verifyEmployeeOnboardingTitle] - EmployeeOnboardingTitle menu displayed successfully.
[INFO ] 2022-12-29 03:39:11.049 [company.TG_4355_EmployeeOnboarding] [clickAddEmployeeOnboarding] - Clicking AddEmployeeOnboarding present on the  employee-onboarding page
[INFO ] 2022-12-29 03:39:11.978 [company.TG_4355_EmployeeOnboarding] [clickAddEmployeeOnboarding] - Add Employee Onboarding button clicked successfully.
[INFO ] 2022-12-29 03:39:11.979 [company.TG_4355_EmployeeOnboarding] [verifyNewEmployeeOnboardingTitle] - Verify New Employee Onboarding Title while clicking add Employee Onboarding Button
[INFO ] 2022-12-29 03:39:12.358 [company.TG_4355_EmployeeOnboarding] [verifyNewEmployeeOnboardingTitle] - New Employee Onboarding Title displayed while clicking add Employee Onboarding Button successfully.
[INFO ] 2022-12-29 03:39:12.400 [company.TG_4355_EmployeeOnboarding] [clickSaveButton] - Clicking save button on New Employee Onboarding form
[INFO ] 2022-12-29 03:39:15.717 [company.TG_4355_EmployeeOnboarding] [clickSaveButton] - Save button clicked successfully
[INFO ] 2022-12-29 03:39:15.718 [company.TG_4355_EmployeeOnboarding] [verifyMissingFieldPopUp] - Verify Missing field dialog while clicking save Button
[INFO ] 2022-12-29 03:39:15.817 [company.TG_4355_EmployeeOnboarding] [verifyMissingFieldPopUp] - Missing field dialog displayed while clicking save Button successfully.
[INFO ] 2022-12-29 03:39:15.817 [company.TG_4355_EmployeeOnboarding] [clickCloseButtonMissingFieldPopUp] - Clicking close button on New Employee Onboarding form
[INFO ] 2022-12-29 03:39:19.013 [company.TG_4355_EmployeeOnboarding] [clickCloseButtonMissingFieldPopUp] - CLose button clicked successfully
[INFO ] 2022-12-29 03:39:19.043 [company.TG_4355_EmployeeOnboarding] [verifyFirstNameIsVisible] - Checking first name feild is Visible
[INFO ] 2022-12-29 03:39:19.141 [company.TG_4355_EmployeeOnboarding] [verifyFirstNameIsVisible] - First name is displayed successfully
[INFO ] 2022-12-29 03:39:19.141 [company.TG_4355_EmployeeOnboarding] [clickSaveButton] - Clicking save button on New Employee Onboarding form
[INFO ] 2022-12-29 03:39:22.257 [company.TG_4355_EmployeeOnboarding] [clickSaveButton] - Save button clicked successfully
[INFO ] 2022-12-29 03:39:24.262 [company.TG_4355_EmployeeOnboarding] [verifyMissingFieldPopUp] - Verify Missing field dialog while clicking save Button
[INFO ] 2022-12-29 03:39:24.346 [company.TG_4355_EmployeeOnboarding] [verifyMissingFieldPopUp] - Missing field dialog displayed while clicking save Button successfully.
[INFO ] 2022-12-29 03:39:24.346 [company.TG_4355_EmployeeOnboarding] [verifyMissingFieldPopUp] - Verify Missing field dialog while clicking save Button
[INFO ] 2022-12-29 03:39:24.374 [company.TG_4355_EmployeeOnboarding] [verifyMissingFieldPopUp] - Missing field dialog displayed while clicking save Button successfully.
[INFO ] 2022-12-29 03:39:24.374 [company.TG_4355_EmployeeOnboarding] [clickCloseButtonMissingFieldPopUp] - Clicking close button on New Employee Onboarding form
[INFO ] 2022-12-29 03:39:27.630 [company.TG_4355_EmployeeOnboarding] [clickCloseButtonMissingFieldPopUp] - CLose button clicked successfully
[INFO ] 2022-12-29 03:39:27.632 [company.TG_4355_EmployeeOnboarding] [enterFirstName] - Entering new user's first name
[INFO ] 2022-12-29 03:39:27.902 [company.TG_4355_EmployeeOnboarding] [enterFirstName] - User's first name entered successfully
[INFO ] 2022-12-29 03:39:30.958 [company.TG_4355_EmployeeOnboarding] [verifyLastNameIsVisible] - Checking last name feild is Visible
[INFO ] 2022-12-29 03:39:31.025 [company.TG_4355_EmployeeOnboarding] [verifyLastNameIsVisible] - last name is displayed successfully
[INFO ] 2022-12-29 03:39:31.026 [company.TG_4355_EmployeeOnboarding] [clickSaveButton] - Clicking save button on New Employee Onboarding form
[INFO ] 2022-12-29 03:39:34.131 [company.TG_4355_EmployeeOnboarding] [clickSaveButton] - Save button clicked successfully
[INFO ] 2022-12-29 03:39:36.139 [company.TG_4355_EmployeeOnboarding] [verifyMissingFieldPopUp] - Verify Missing field dialog while clicking save Button
[INFO ] 2022-12-29 03:39:36.194 [company.TG_4355_EmployeeOnboarding] [verifyMissingFieldPopUp] - Missing field dialog displayed while clicking save Button successfully.
[INFO ] 2022-12-29 03:39:36.195 [company.TG_4355_EmployeeOnboarding] [verifyMissingFieldPopUp] - Verify Missing field dialog while clicking save Button
[INFO ] 2022-12-29 03:39:36.222 [company.TG_4355_EmployeeOnboarding] [verifyMissingFieldPopUp] - Missing field dialog displayed while clicking save Button successfully.
[INFO ] 2022-12-29 03:39:36.222 [company.TG_4355_EmployeeOnboarding] [clickCloseButtonMissingFieldPopUp] - Clicking close button on New Employee Onboarding form
[INFO ] 2022-12-29 03:39:39.318 [company.TG_4355_EmployeeOnboarding] [clickCloseButtonMissingFieldPopUp] - CLose button clicked successfully
[INFO ] 2022-12-29 03:39:39.318 [company.TG_4355_EmployeeOnboarding] [enterLastName] - Entering new user's Last name
[INFO ] 2022-12-29 03:39:39.447 [company.TG_4355_EmployeeOnboarding] [enterLastName] - User's last name entered successfully
[INFO ] 2022-12-29 03:39:42.470 [company.TG_4355_EmployeeOnboarding] [verifyEmailVisible] - Checking email is Visible
[INFO ] 2022-12-29 03:39:42.545 [company.TG_4355_EmployeeOnboarding] [verifyEmailVisible] - email is displayed successfully
[INFO ] 2022-12-29 03:39:42.545 [company.TG_4355_EmployeeOnboarding] [clickSaveButton] - Clicking save button on New Employee Onboarding form
[INFO ] 2022-12-29 03:39:45.655 [company.TG_4355_EmployeeOnboarding] [clickSaveButton] - Save button clicked successfully
[INFO ] 2022-12-29 03:39:47.659 [company.TG_4355_EmployeeOnboarding] [verifyMissingFieldPopUp] - Verify Missing field dialog while clicking save Button
[INFO ] 2022-12-29 03:39:47.695 [company.TG_4355_EmployeeOnboarding] [verifyMissingFieldPopUp] - Missing field dialog displayed while clicking save Button successfully.
[INFO ] 2022-12-29 03:39:47.696 [company.TG_4355_EmployeeOnboarding] [verifyMissingFieldPopUp] - Verify Missing field dialog while clicking save Button
[INFO ] 2022-12-29 03:39:47.721 [company.TG_4355_EmployeeOnboarding] [verifyMissingFieldPopUp] - Missing field dialog displayed while clicking save Button successfully.
[INFO ] 2022-12-29 03:39:47.721 [company.TG_4355_EmployeeOnboarding] [clickCloseButtonMissingFieldPopUp] - Clicking close button on New Employee Onboarding form
[INFO ] 2022-12-29 03:39:50.814 [company.TG_4355_EmployeeOnboarding] [clickCloseButtonMissingFieldPopUp] - CLose button clicked successfully
[INFO ] 2022-12-29 03:39:50.815 [company.TG_4355_EmployeeOnboarding] [enterEmail] - Entering new email
[INFO ] 2022-12-29 03:39:51.213 [company.TG_4355_EmployeeOnboarding] [enterEmail] - email entered successfully
[INFO ] 2022-12-29 03:39:54.235 [company.TG_4355_EmployeeOnboarding] [clickSaveButton] - Clicking save button on New Employee Onboarding form
[INFO ] 2022-12-29 03:39:57.363 [company.TG_4355_EmployeeOnboarding] [clickSaveButton] - Save button clicked successfully
[INFO ] 2022-12-29 03:39:59.370 [company.TG_4355_EmployeeOnboarding] [verifyMissingFieldPopUp] - Verify Missing field dialog while clicking save Button
