[INFO ] 2022-12-11 20:22:12.663 [company.TG_3634_NewCompanyCreationFromStaffing] [Tag_VerifyCompanyTypeAndCompanyNameAreAMandatoryFieldsStaffing] - Started==Verifying Company Type  and Company Name are mandatory fields
[INFO ] 2022-12-11 20:22:16.917 [company.TG_3634_NewCompanyCreationFromStaffing] [enterUsername] - Entering new user's first name
[INFO ] 2022-12-11 20:22:17.403 [company.TG_3634_NewCompanyCreationFromStaffing] [enterUsername] - User's first name entered successfully
[INFO ] 2022-12-11 20:22:17.403 [company.TG_3634_NewCompanyCreationFromStaffing] [enterPassword] - Entering new user's last name
[INFO ] 2022-12-11 20:22:17.694 [company.TG_3634_NewCompanyCreationFromStaffing] [enterPassword] - User's last name entered successfully
[INFO ] 2022-12-11 20:22:17.694 [company.TG_3634_NewCompanyCreationFromStaffing] [clickLoginButton] - Clicking on Login Button
[INFO ] 2022-12-11 20:22:18.304 [company.TG_3634_NewCompanyCreationFromStaffing] [clickLoginButton] - Close Pop Up clicked successfully
[INFO ] 2022-12-11 20:22:18.310 [company.TG_3634_NewCompanyCreationFromStaffing] [clickCompanyLinkOnHomePage] - Clicking Company link present on the homepage
[INFO ] 2022-12-11 20:22:29.748 [company.TG_3634_NewCompanyCreationFromStaffing] [clickCompanyLinkOnHomePage] - Company link present on the hompage clicked successfully.
[INFO ] 2022-12-11 20:22:44.760 [company.TG_3634_NewCompanyCreationFromStaffing] [clickAddNewCompanyButton] - Clicking Add New Company button
[INFO ] 2022-12-11 20:22:49.330 [company.TG_3634_NewCompanyCreationFromStaffing] [clickAddNewCompanyButton] - Add New Company button clicked successfully
[INFO ] 2022-12-11 20:22:49.331 [company.TG_3634_NewCompanyCreationFromStaffing] [clickAddNewCompanyButton] - Add New Company button clicked successfully
[INFO ] 2022-12-11 20:22:54.532 [company.TG_3634_NewCompanyCreationFromStaffing] [clickSaveButton] - Clicking Save new company button
[INFO ] 2022-12-11 20:22:59.674 [company.TG_3634_NewCompanyCreationFromStaffing] [clickSaveButton] - Save buttton clicked successfully
[INFO ] 2022-12-11 20:23:03.980 [company.TG_3634_NewCompanyCreationFromStaffing] [Tag_AddNewCompanyStaffing] - Started==TAG Add New Company Functionality
[INFO ] 2022-12-11 20:23:03.980 [company.TG_3634_NewCompanyCreationFromStaffing] [enterCompanytype] - Entering Company Type
[INFO ] 2022-12-11 20:23:04.198 [company.TG_3634_NewCompanyCreationFromStaffing] [enterCompanytype] - Company type entered successfully
[INFO ] 2022-12-11 20:23:09.203 [company.TG_3634_NewCompanyCreationFromStaffing] [enterTagCharges] - Entering Tag Charges
[INFO ] 2022-12-11 20:23:10.359 [company.TG_3634_NewCompanyCreationFromStaffing] [enterTagCharges] - Tag charges entered successfully
[INFO ] 2022-12-11 20:23:10.359 [company.TG_3634_NewCompanyCreationFromStaffing] [enterCompanyName] - Entering Comapany Name
[INFO ] 2022-12-11 20:23:10.608 [company.TG_3634_NewCompanyCreationFromStaffing] [enterCompanyName] - Company Name entered successfully
[INFO ] 2022-12-11 20:23:11.614 [company.TG_3634_NewCompanyCreationFromStaffing] [clickSaveButton] - Clicking Save new company button
[INFO ] 2022-12-11 20:23:16.736 [company.TG_3634_NewCompanyCreationFromStaffing] [clickSaveButton] - Save buttton clicked successfully
[INFO ] 2022-12-11 20:23:36.826 [company.TG_3634_NewCompanyCreationFromStaffing] [verifyNewCompanyCreatedSuccessfully] - Checking new company was created successfully or not
