[INFO ] 2022-12-27 03:57:55.477 [CRM.TG_5352_Lead_Creation] [VerifyLeadForm] - Logging in
[INFO ] 2022-12-27 03:57:58.105 [CRM.TG_5352_Lead_Creation] [enterUsername] - Entering new user's first name
[INFO ] 2022-12-27 03:57:59.005 [CRM.TG_5352_Lead_Creation] [enterUsername] - User's first name entered successfully
[INFO ] 2022-12-27 03:57:59.006 [CRM.TG_5352_Lead_Creation] [enterPassword] - Entering new user's last name
[INFO ] 2022-12-27 03:58:00.138 [CRM.TG_5352_Lead_Creation] [enterPassword] - User's last name entered successfully
[INFO ] 2022-12-27 03:58:00.141 [CRM.TG_5352_Lead_Creation] [clickLoginButton] - Clicking on Login Button
[INFO ] 2022-12-27 03:58:00.629 [CRM.TG_5352_Lead_Creation] [clickLoginButton] - Close Pop Up clicked successfully
[INFO ] 2022-12-27 03:58:00.648 [CRM.TG_5352_Lead_Creation] [VerifyLeadForm] - Verifying CRM Icon
[INFO ] 2022-12-27 03:58:00.648 [CRM.TG_5352_Lead_Creation] [verifyCRMTextOnHomepage] - Check for CRM Icon on Homepage
[INFO ] 2022-12-27 03:58:18.426 [CRM.TG_5352_Lead_Creation] [verifyCRMTextOnHomepage] - CRM Icon displayed successfully
[INFO ] 2022-12-27 03:58:18.432 [CRM.TG_5352_Lead_Creation] [clickCRMIcon] - Clicking on CRM Button
[INFO ] 2022-12-27 03:58:18.744 [CRM.TG_5352_Lead_Creation] [clickCRMIcon] - CRM Button clicked successfully
[INFO ] 2022-12-27 03:58:20.754 [CRM.TG_5352_Lead_Creation] [clickLeadIcon] - Clicking on Lead Button
[INFO ] 2022-12-27 03:58:23.068 [CRM.TG_5352_Lead_Creation] [clickLeadIcon] - Lead Button clicked successfully
[INFO ] 2022-12-27 03:58:25.079 [CRM.TG_5352_Lead_Creation] [verifyLeadListingForm] - Check for Lead Title
[INFO ] 2022-12-27 03:58:25.201 [CRM.TG_5352_Lead_Creation] [verifyLeadListingForm] - Lead Title displayed successfully
[INFO ] 2022-12-27 03:58:27.209 [CRM.TG_5352_Lead_Creation] [clickAddLeadButton] - Clicking on Lead Button
[INFO ] 2022-12-27 03:58:28.362 [CRM.TG_5352_Lead_Creation] [clickAddLeadButton] - Add Lead Button clicked successfully
[INFO ] 2022-12-27 03:58:30.369 [CRM.TG_5352_Lead_Creation] [verifyLeadForm] - Check for New Lead Form
[INFO ] 2022-12-27 03:58:30.455 [CRM.TG_5352_Lead_Creation] [verifyLeadForm] - New Lead Form displayed successfully
