[INFO ] 2022-12-27 05:03:25.798 [CRM.TG_5352_Lead_Creation] [VerifyLeadForm] - Logging in
[INFO ] 2022-12-27 05:03:28.580 [CRM.TG_5352_Lead_Creation] [enterUsername] - Entering new user's first name
[INFO ] 2022-12-27 05:03:29.305 [CRM.TG_5352_Lead_Creation] [enterUsername] - User's first name entered successfully
[INFO ] 2022-12-27 05:03:29.306 [CRM.TG_5352_Lead_Creation] [enterPassword] - Entering new user's last name
[INFO ] 2022-12-27 05:03:29.938 [CRM.TG_5352_Lead_Creation] [enterPassword] - User's last name entered successfully
[INFO ] 2022-12-27 05:03:29.939 [CRM.TG_5352_Lead_Creation] [clickLoginButton] - Clicking on Login Button
[INFO ] 2022-12-27 05:03:31.050 [CRM.TG_5352_Lead_Creation] [clickLoginButton] - Close Pop Up clicked successfully
[INFO ] 2022-12-27 05:03:31.056 [CRM.TG_5352_Lead_Creation] [VerifyLeadForm] - Verifying CRM Icon
[INFO ] 2022-12-27 05:03:31.056 [CRM.TG_5352_Lead_Creation] [verifyCRMTextOnHomepage] - Check for CRM Icon on Homepage
[INFO ] 2022-12-27 05:03:41.590 [CRM.TG_5352_Lead_Creation] [verifyCRMTextOnHomepage] - CRM Icon displayed successfully
[INFO ] 2022-12-27 05:03:41.596 [CRM.TG_5352_Lead_Creation] [clickCRMIcon] - Clicking on CRM Button
[INFO ] 2022-12-27 05:03:46.633 [CRM.TG_5352_Lead_Creation] [clickCRMIcon] - CRM Button clicked successfully
[INFO ] 2022-12-27 05:03:48.640 [CRM.TG_5352_Lead_Creation] [clickLeadIcon] - Clicking on Lead Button
[INFO ] 2022-12-27 05:03:52.582 [CRM.TG_5352_Lead_Creation] [clickLeadIcon] - Lead Button clicked successfully
[INFO ] 2022-12-27 05:03:54.589 [CRM.TG_5352_Lead_Creation] [verifyLeadListingForm] - Check for Lead Title
[INFO ] 2022-12-27 05:03:54.837 [CRM.TG_5352_Lead_Creation] [verifyLeadListingForm] - Lead Title displayed successfully
[INFO ] 2022-12-27 05:03:56.842 [CRM.TG_5352_Lead_Creation] [clickAddLeadButton] - Clicking on Lead Button
[INFO ] 2022-12-27 05:03:57.856 [CRM.TG_5352_Lead_Creation] [clickAddLeadButton] - Add Lead Button clicked successfully
[INFO ] 2022-12-27 05:03:59.862 [CRM.TG_5352_Lead_Creation] [verifyLeadForm] - Check for New Lead Form
[INFO ] 2022-12-27 05:03:59.948 [CRM.TG_5352_Lead_Creation] [verifyLeadForm] - New Lead Form displayed successfully
[INFO ] 2022-12-27 05:03:59.991 [CRM.TG_5352_Lead_Creation] [CreateLead] - Verifying Mandatory Fields
[INFO ] 2022-12-27 05:03:59.992 [CRM.TG_5352_Lead_Creation] [clickSaveButton] - Clicking on Save Button
[INFO ] 2022-12-27 05:04:00.380 [CRM.TG_5352_Lead_Creation] [clickSaveButton] - Save Button clicked successfully
[INFO ] 2022-12-27 05:04:06.653 [CRM.TG_5352_Lead_Creation] [enterFirstName] - Entering First Name
[INFO ] 2022-12-27 05:04:06.851 [CRM.TG_5352_Lead_Creation] [enterFirstName] - First Name Entered Successfully
[INFO ] 2022-12-27 05:04:06.852 [CRM.TG_5352_Lead_Creation] [enterLastName] - Entering Last Name
[INFO ] 2022-12-27 05:04:06.941 [CRM.TG_5352_Lead_Creation] [enterLastName] - Last Name Entered Successfully
[INFO ] 2022-12-27 05:04:06.942 [CRM.TG_5352_Lead_Creation] [enterCompanyName] - Entering Company Name
[INFO ] 2022-12-27 05:04:07.094 [CRM.TG_5352_Lead_Creation] [enterCompanyName] - Company Name Entered Successfully
[INFO ] 2022-12-27 05:04:07.094 [CRM.TG_5352_Lead_Creation] [enterEmail] - Entering Email
[INFO ] 2022-12-27 05:04:07.396 [CRM.TG_5352_Lead_Creation] [enterEmail] - Email Entered Successfully
[INFO ] 2022-12-27 05:04:09.402 [CRM.TG_5352_Lead_Creation] [enterPhoneNumber] - Entering Phone Number
[INFO ] 2022-12-27 05:04:09.524 [CRM.TG_5352_Lead_Creation] [enterPhoneNumber] - Phone Number Entered Successfully
[INFO ] 2022-12-27 05:04:09.525 [CRM.TG_5352_Lead_Creation] [selectSearchOnMapsCheckbox] - Selecting search on Maps checkbox
[INFO ] 2022-12-27 05:04:11.789 [CRM.TG_5352_Lead_Creation] [selectSearchOnMapsCheckbox] - Search on maps checkbox selected
[INFO ] 2022-12-27 05:04:13.798 [CRM.TG_5352_Lead_Creation] [enterEmployeeAddressOnMaps] - Etering employee address on maps
[INFO ] 2022-12-27 05:04:15.236 [CRM.TG_5352_Lead_Creation] [enterEmployeeAddressOnMaps] - Employee entered successfully
[INFO ] 2022-12-27 05:04:17.241 [CRM.TG_5352_Lead_Creation] [clickSaveButton] - Clicking on Save Button
[INFO ] 2022-12-27 05:04:17.437 [CRM.TG_5352_Lead_Creation] [clickSaveButton] - Save Button clicked successfully
[INFO ] 2022-12-27 05:04:20.443 [CRM.TG_5352_Lead_Creation] [verifyLeadStatus] - Check for Status as Lead
[INFO ] 2022-12-27 05:04:21.194 [CRM.TG_5352_Lead_Creation] [verifyLeadStatus] - Status verified as Lead successfully
[INFO ] 2022-12-27 05:04:23.201 [CRM.TG_5352_Lead_Creation] [clickLeadLinkforListingForm] - Click on Lead for Listing form
[INFO ] 2022-12-27 05:04:23.488 [CRM.TG_5352_Lead_Creation] [clickLeadLinkforListingForm] - Lead for Listing form clicked Successfully
[INFO ] 2022-12-27 05:04:23.489 [CRM.TG_5352_Lead_Creation] [verifyCreatedLead] - Check for Created Lead
[INFO ] 2022-12-27 05:04:23.542 [CRM.TG_5352_Lead_Creation] [verifyCreatedLead] - Created Lead displayed successfully
[INFO ] 2022-12-27 05:04:25.549 [CRM.TG_5352_Lead_Creation] [clickCreatedLead] - Clicking on Created Lead
[INFO ] 2022-12-27 05:04:25.851 [CRM.TG_5352_Lead_Creation] [clickCreatedLead] - Created Lead clicked successfully
[INFO ] 2022-12-27 05:04:27.858 [CRM.TG_5352_Lead_Creation] [clickLeadStatus] - Clicking on Status dropdown
[INFO ] 2022-12-27 05:04:28.101 [CRM.TG_5352_Lead_Creation] [clickLeadStatus] - Status entered successfully
[INFO ] 2022-12-27 05:04:30.104 [CRM.TG_5352_Lead_Creation] [clickNotesropdown] - Clicking on Notes Dropdown
