[INFO ] 2022-12-27 05:54:00.206 [jobTitle_jobSite.TG_4862_JobTitleCreation] [enterUsername] - Entering new user's first name
[INFO ] 2022-12-27 05:54:00.767 [jobTitle_jobSite.TG_4862_JobTitleCreation] [enterUsername] - User's first name entered successfully
[INFO ] 2022-12-27 05:54:00.767 [jobTitle_jobSite.TG_4862_JobTitleCreation] [enterPassword] - Entering new user's last name
[INFO ] 2022-12-27 05:54:02.194 [jobTitle_jobSite.TG_4862_JobTitleCreation] [enterPassword] - User's last name entered successfully
[INFO ] 2022-12-27 05:54:02.195 [jobTitle_jobSite.TG_4862_JobTitleCreation] [clickLoginButton] - Clicking on Login Button
[INFO ] 2022-12-27 05:54:02.599 [jobTitle_jobSite.TG_4862_JobTitleCreation] [clickLoginButton] - Close Pop Up clicked successfully
[INFO ] 2022-12-27 05:54:05.616 [jobTitle_jobSite.TG_4862_JobTitleCreation] [enterJobTitleInSearchBar] - Entering Job Title List in the search box
[INFO ] 2022-12-27 05:54:15.159 [jobTitle_jobSite.TG_4862_JobTitleCreation] [enterJobTitleInSearchBar] - Entered Job Title List in the search box successfully
[INFO ] 2022-12-27 05:54:15.161 [jobTitle_jobSite.TG_4862_JobTitleCreation] [clickSearchBox] - Searching Job Title Listing for should open
[INFO ] 2022-12-27 05:54:15.654 [jobTitle_jobSite.TG_4862_JobTitleCreation] [clickSearchBox] - Job Title Listing opened successfully
[INFO ] 2022-12-27 05:54:15.655 [jobTitle_jobSite.TG_4862_JobTitleCreation] [verifyJobTitleListingPage] - Verify Job Title Listing Page is displayed
[INFO ] 2022-12-27 05:54:18.162 [jobTitle_jobSite.TG_4862_JobTitleCreation] [verifyJobTitleListingPage] - Job Title Listing Page displayed successfully
[INFO ] 2022-12-27 05:54:18.236 [jobTitle_jobSite.TG_4862_JobTitleCreation] [clickAddJobTitleButton] - Clicking Add Job Title Button
[INFO ] 2022-12-27 05:54:21.083 [jobTitle_jobSite.TG_4862_JobTitleCreation] [clickAddJobTitleButton] - Add Job Title Button clicked successfully
[INFO ] 2022-12-27 05:54:24.090 [jobTitle_jobSite.TG_4862_JobTitleCreation] [clickSaveButton] - Clicking on Save Button
[INFO ] 2022-12-27 05:54:24.279 [jobTitle_jobSite.TG_4862_JobTitleCreation] [clickSaveButton] - Save button clicked successfully
[INFO ] 2022-12-27 05:54:27.286 [jobTitle_jobSite.TG_4862_JobTitleCreation] [verifyMissingFieldPopUp] - Verify Missing field dialog while clicking save Button
[INFO ] 2022-12-27 05:54:27.365 [jobTitle_jobSite.TG_4862_JobTitleCreation] [verifyMissingFieldPopUp] - Missing field dialog displayed while clicking save Button successfully.
[INFO ] 2022-12-27 05:54:30.371 [jobTitle_jobSite.TG_4862_JobTitleCreation] [clickCloseButtonMissingFieldPopUp] - Clicking close button on Job Title Form
[INFO ] 2022-12-27 05:54:33.691 [jobTitle_jobSite.TG_4862_JobTitleCreation] [clickCloseButtonMissingFieldPopUp] - Close button clicked successfully
[INFO ] 2022-12-27 05:54:33.693 [jobTitle_jobSite.TG_4862_JobTitleCreation] [enterIndustry] - Entering Job Industry
[INFO ] 2022-12-27 05:54:33.813 [jobTitle_jobSite.TG_4862_JobTitleCreation] [enterIndustry] - Job Industry entered successfully
[INFO ] 2022-12-27 05:54:33.813 [jobTitle_jobSite.TG_4862_JobTitleCreation] [enterRate] - Entering rate
[INFO ] 2022-12-27 05:54:33.967 [jobTitle_jobSite.TG_4862_JobTitleCreation] [enterRate] - Rate entered successfully
[INFO ] 2022-12-27 05:54:36.975 [jobTitle_jobSite.TG_4862_JobTitleCreation] [enterJobTitle] - Entering Job Title
[INFO ] 2022-12-27 05:54:37.142 [jobTitle_jobSite.TG_4862_JobTitleCreation] [enterJobTitle] - Job Title entered successfully
[INFO ] 2022-12-27 05:54:42.151 [jobTitle_jobSite.TG_4862_JobTitleCreation] [enterDescription] - Entering Description
[INFO ] 2022-12-27 05:54:42.518 [jobTitle_jobSite.TG_4862_JobTitleCreation] [enterDescription] - Description entered successfully
[INFO ] 2022-12-27 05:54:42.520 [jobTitle_jobSite.TG_4862_JobTitleCreation] [clickSaveButton1] - Clicking on Save Button
[INFO ] 2022-12-27 05:54:42.857 [jobTitle_jobSite.TG_4862_JobTitleCreation] [clickSaveButton1] - Save button clicked successfully
[INFO ] 2022-12-27 05:54:42.857 [jobTitle_jobSite.TG_4862_JobTitleCreation] [verifyEnabledTitle] - Verify Job Title created Successfully
[INFO ] 2022-12-27 05:54:44.692 [jobTitle_jobSite.TG_4862_JobTitleCreation] [verifyEnabledTitle] - Job Title Created successfully.
