[INFO ] 2022-12-07 15:20:13.383 [blockCompany.TG_4779_Block_Company] [LoginHiring] - Logging in
[INFO ] 2022-12-07 15:20:20.982 [blockCompany.TG_4779_Block_Company] [enterUsername] - Entering new user's first name
[INFO ] 2022-12-07 15:20:21.768 [blockCompany.TG_4779_Block_Company] [enterUsername] - User's first name entered successfully
[INFO ] 2022-12-07 15:20:21.768 [blockCompany.TG_4779_Block_Company] [enterPassword] - Entering new user's last name
[INFO ] 2022-12-07 15:20:22.273 [blockCompany.TG_4779_Block_Company] [enterPassword] - User's last name entered successfully
[INFO ] 2022-12-07 15:20:22.275 [blockCompany.TG_4779_Block_Company] [clickLoginButton] - Clicking on Login Button
[INFO ] 2022-12-07 15:20:23.538 [blockCompany.TG_4779_Block_Company] [clickLoginButton] - Close Pop Up clicked successfully
[INFO ] 2022-12-07 15:20:23.614 [blockCompany.TG_4779_Block_Company] [clickStaffingCompanies] - Clicking Staffing Companies
[INFO ] 2022-12-07 15:20:28.619 [blockCompany.TG_4779_Block_Company] [clickStaffingCompanies] - Clicking on Staffing Companies Button
[INFO ] 2022-12-07 15:20:46.869 [blockCompany.TG_4779_Block_Company] [clickStaffingCompanies] - Staffing Companies Button clicked successfully
[INFO ] 2022-12-07 15:20:46.914 [blockCompany.TG_4779_Block_Company] [verifyStaffingCompaniesList] - Verifying Staffing Company List
[INFO ] 2022-12-07 15:20:50.915 [blockCompany.TG_4779_Block_Company] [verifyStaffingCompanyList] - Verify Staffing Company List is displayed
[INFO ] 2022-12-07 15:20:51.021 [blockCompany.TG_4779_Block_Company] [verifyStaffingCompanyList] - Staffing Company List displayed successfully
[INFO ] 2022-12-07 15:20:51.042 [blockCompany.TG_4779_Block_Company] [clickStaffingCompany] - Clicking Staffing Company
[INFO ] 2022-12-07 15:20:56.047 [blockCompany.TG_4779_Block_Company] [clickStaffingCompany] - Clicking on Staffing Company
[INFO ] 2022-12-07 15:20:58.549 [blockCompany.TG_4779_Block_Company] [clickStaffingCompany] - Staffing Company clicked successfully
[INFO ] 2022-12-07 15:20:58.570 [blockCompany.TG_4779_Block_Company] [clickBlockButton] - Clicking Block Button
[INFO ] 2022-12-07 15:21:01.572 [blockCompany.TG_4779_Block_Company] [clickBlockButton] - Clicking on Block Button
[INFO ] 2022-12-07 15:21:01.863 [blockCompany.TG_4779_Block_Company] [clickBlockButton] - Block Button clicked successfully
[INFO ] 2022-12-07 15:21:04.906 [blockCompany.TG_4779_Block_Company] [verifyBlockCompanyPopUp] - Verifying Company Marked as Favorite
[INFO ] 2022-12-07 15:21:04.907 [blockCompany.TG_4779_Block_Company] [verifyBlockCompanyPopUp] - Verify Company Blocked Pop Up displayed
[INFO ] 2022-12-07 15:21:04.978 [blockCompany.TG_4779_Block_Company] [verifyBlockCompanyPopUp] - Company Blocked Pop Up displayed successfully
