[INFO ] 2022-12-27 23:37:17.432 [CRM.TG_5352_Lead_Creation] [VerifyLeadForm] - Logging in
[INFO ] 2022-12-27 23:37:20.321 [CRM.TG_5352_Lead_Creation] [enterUsername] - Entering new user's first name
[INFO ] 2022-12-27 23:37:20.953 [CRM.TG_5352_Lead_Creation] [enterUsername] - User's first name entered successfully
[INFO ] 2022-12-27 23:37:20.954 [CRM.TG_5352_Lead_Creation] [enterPassword] - Entering new user's last name
[INFO ] 2022-12-27 23:37:22.662 [CRM.TG_5352_Lead_Creation] [enterPassword] - User's last name entered successfully
[INFO ] 2022-12-27 23:37:22.663 [CRM.TG_5352_Lead_Creation] [clickLoginButton] - Clicking on Login Button
[INFO ] 2022-12-27 23:37:23.116 [CRM.TG_5352_Lead_Creation] [clickLoginButton] - Close Pop Up clicked successfully
[INFO ] 2022-12-27 23:37:23.125 [CRM.TG_5352_Lead_Creation] [VerifyLeadForm] - Verifying CRM Icon
[INFO ] 2022-12-27 23:37:23.125 [CRM.TG_5352_Lead_Creation] [verifyCRMTextOnHomepage] - Check for CRM Icon on Homepage
[INFO ] 2022-12-27 23:37:42.702 [CRM.TG_5352_Lead_Creation] [verifyCRMTextOnHomepage] - CRM Icon displayed successfully
[INFO ] 2022-12-27 23:37:42.722 [CRM.TG_5352_Lead_Creation] [clickCRMIcon] - Clicking on CRM Button
[INFO ] 2022-12-27 23:37:43.578 [CRM.TG_5352_Lead_Creation] [clickCRMIcon] - CRM Button clicked successfully
[INFO ] 2022-12-27 23:37:45.585 [CRM.TG_5352_Lead_Creation] [clickLeadIcon] - Clicking on Lead Button
[INFO ] 2022-12-27 23:37:47.496 [CRM.TG_5352_Lead_Creation] [clickLeadIcon] - Lead Button clicked successfully
[INFO ] 2022-12-27 23:37:49.503 [CRM.TG_5352_Lead_Creation] [verifyLeadListingForm] - Check for Lead Title
[INFO ] 2022-12-27 23:37:49.574 [CRM.TG_5352_Lead_Creation] [verifyLeadListingForm] - Lead Title displayed successfully
[INFO ] 2022-12-27 23:37:51.580 [CRM.TG_5352_Lead_Creation] [clickAddLeadButton] - Clicking on Lead Button
[INFO ] 2022-12-27 23:37:52.618 [CRM.TG_5352_Lead_Creation] [clickAddLeadButton] - Add Lead Button clicked successfully
[INFO ] 2022-12-27 23:37:54.628 [CRM.TG_5352_Lead_Creation] [verifyLeadForm] - Check for New Lead Form
[INFO ] 2022-12-27 23:37:54.793 [CRM.TG_5352_Lead_Creation] [verifyLeadForm] - New Lead Form displayed successfully
[INFO ] 2022-12-27 23:37:54.838 [CRM.TG_5352_Lead_Creation] [CreateLead] - Verifying Mandatory Fields
[INFO ] 2022-12-27 23:37:54.838 [CRM.TG_5352_Lead_Creation] [clickSaveButton] - Clicking on Save Button
[INFO ] 2022-12-27 23:37:55.233 [CRM.TG_5352_Lead_Creation] [clickSaveButton] - Save Button clicked successfully
[INFO ] 2022-12-27 23:38:01.493 [CRM.TG_5352_Lead_Creation] [enterFirstName] - Entering First Name
[INFO ] 2022-12-27 23:38:01.724 [CRM.TG_5352_Lead_Creation] [enterFirstName] - First Name Entered Successfully
[INFO ] 2022-12-27 23:38:01.726 [CRM.TG_5352_Lead_Creation] [enterLastName] - Entering Last Name
[INFO ] 2022-12-27 23:38:01.850 [CRM.TG_5352_Lead_Creation] [enterLastName] - Last Name Entered Successfully
[INFO ] 2022-12-27 23:38:01.851 [CRM.TG_5352_Lead_Creation] [enterCompanyName] - Entering Company Name
[INFO ] 2022-12-27 23:38:02.103 [CRM.TG_5352_Lead_Creation] [enterCompanyName] - Company Name Entered Successfully
[INFO ] 2022-12-27 23:38:02.103 [CRM.TG_5352_Lead_Creation] [enterEmail] - Entering Email
[INFO ] 2022-12-27 23:38:02.561 [CRM.TG_5352_Lead_Creation] [enterEmail] - Email Entered Successfully
[INFO ] 2022-12-27 23:38:04.567 [CRM.TG_5352_Lead_Creation] [enterPhoneNumber] - Entering Phone Number
[INFO ] 2022-12-27 23:38:04.709 [CRM.TG_5352_Lead_Creation] [enterPhoneNumber] - Phone Number Entered Successfully
[INFO ] 2022-12-27 23:38:04.710 [CRM.TG_5352_Lead_Creation] [selectSearchOnMapsCheckbox] - Selecting search on Maps checkbox
[INFO ] 2022-12-27 23:38:06.977 [CRM.TG_5352_Lead_Creation] [selectSearchOnMapsCheckbox] - Search on maps checkbox selected
[INFO ] 2022-12-27 23:38:08.983 [CRM.TG_5352_Lead_Creation] [enterEmployeeAddressOnMaps] - Etering employee address on maps
[INFO ] 2022-12-27 23:38:10.395 [CRM.TG_5352_Lead_Creation] [enterEmployeeAddressOnMaps] - Employee entered successfully
[INFO ] 2022-12-27 23:38:12.401 [CRM.TG_5352_Lead_Creation] [clickSaveButton] - Clicking on Save Button
[INFO ] 2022-12-27 23:38:12.676 [CRM.TG_5352_Lead_Creation] [clickSaveButton] - Save Button clicked successfully
[INFO ] 2022-12-27 23:38:15.684 [CRM.TG_5352_Lead_Creation] [verifyLeadStatus] - Check for Status as Lead
[INFO ] 2022-12-27 23:38:15.875 [CRM.TG_5352_Lead_Creation] [verifyLeadStatus] - Status verified as Lead successfully
[INFO ] 2022-12-27 23:38:17.897 [CRM.TG_5352_Lead_Creation] [clickLeadLinkforListingForm] - Click on Lead for Listing form
[INFO ] 2022-12-27 23:38:18.253 [CRM.TG_5352_Lead_Creation] [clickLeadLinkforListingForm] - Lead for Listing form clicked Successfully
[INFO ] 2022-12-27 23:38:18.253 [CRM.TG_5352_Lead_Creation] [verifyCreatedLead] - Check for Created Lead
[INFO ] 2022-12-27 23:38:19.191 [CRM.TG_5352_Lead_Creation] [verifyCreatedLead] - Created Lead displayed successfully
[INFO ] 2022-12-27 23:38:21.198 [CRM.TG_5352_Lead_Creation] [clickCreatedLead] - Clicking on Created Lead
[INFO ] 2022-12-27 23:38:21.604 [CRM.TG_5352_Lead_Creation] [clickCreatedLead] - Created Lead clicked successfully
[INFO ] 2022-12-27 23:38:23.612 [CRM.TG_5352_Lead_Creation] [clickLeadStatusOpen] - Clicking on Status dropdown
[INFO ] 2022-12-27 23:38:23.946 [CRM.TG_5352_Lead_Creation] [clickLeadStatusOpen] - Status entered successfully
[INFO ] 2022-12-27 23:38:25.953 [CRM.TG_5352_Lead_Creation] [clickNotesropdown] - Clicking on Notes Dropdown
[INFO ] 2022-12-27 23:38:26.415 [CRM.TG_5352_Lead_Creation] [clickNotesropdown] - Notes Dropdown clicked successfully
[INFO ] 2022-12-27 23:38:28.424 [CRM.TG_5352_Lead_Creation] [enterNotes] - Entering Note
[INFO ] 2022-12-27 23:38:29.565 [CRM.TG_5352_Lead_Creation] [enterNotes] - Note Entered Successfully
[INFO ] 2022-12-27 23:38:31.573 [CRM.TG_5352_Lead_Creation] [clickLeadStatusContractNegotiation] - Clicking on Status dropdown
[INFO ] 2022-12-27 23:38:31.816 [CRM.TG_5352_Lead_Creation] [clickLeadStatusContractNegotiation] - Status entered successfully
[INFO ] 2022-12-27 23:38:33.820 [CRM.TG_5352_Lead_Creation] [clickSaveButton] - Clicking on Save Button
[INFO ] 2022-12-27 23:38:33.999 [CRM.TG_5352_Lead_Creation] [clickSaveButton] - Save Button clicked successfully
[INFO ] 2022-12-27 23:38:36.011 [CRM.TG_5352_Lead_Creation] [verifyPrepareContractButton] - Verify Prepare Contract Button
[INFO ] 2022-12-27 23:38:37.296 [CRM.TG_5352_Lead_Creation] [verifyPrepareContractButton] - Prepare Contract Button displayed successfully
[INFO ] 2022-12-27 23:38:37.298 [CRM.TG_5352_Lead_Creation] [clickPrepareContractButton] - Clicking on Prepare Contract Button
[INFO ] 2022-12-27 23:38:37.616 [CRM.TG_5352_Lead_Creation] [clickPrepareContractButton] - Prepare Contract Button clicked successfully
[INFO ] 2022-12-27 23:38:39.621 [CRM.TG_5352_Lead_Creation] [verifyContractForm] - Check for New Contract Form
[INFO ] 2022-12-27 23:38:39.704 [CRM.TG_5352_Lead_Creation] [verifyContractForm] - New Contract Form displayed successfully
[INFO ] 2022-12-27 23:38:39.705 [CRM.TG_5352_Lead_Creation] [enterStartDate] - enter Start date 
[INFO ] 2022-12-27 23:38:45.205 [CRM.TG_5352_Lead_Creation] [enterStartDate] - Verify enter Start date
[INFO ] 2022-12-27 23:38:47.209 [CRM.TG_5352_Lead_Creation] [enterEndDate] - Verify End Date 
[INFO ] 2022-12-27 23:38:52.476 [CRM.TG_5352_Lead_Creation] [enterEndDate] - Verify enter End date
[INFO ] 2022-12-27 23:38:54.480 [CRM.TG_5352_Lead_Creation] [clickAddRowButton] - Clicking on Add Row Button
[INFO ] 2022-12-27 23:38:54.836 [CRM.TG_5352_Lead_Creation] [clickAddRowButton] - Add Row Button clicked successfully
[INFO ] 2022-12-27 23:38:56.843 [CRM.TG_5352_Lead_Creation] [enterJobTitleInTable] - Entering Job Title List in the Table
[INFO ] 2022-12-27 23:38:56.968 [CRM.TG_5352_Lead_Creation] [enterJobTitleInTable] - Clicked Job Title in the Table successfully
[INFO ] 2022-12-27 23:38:58.974 [CRM.TG_5352_Lead_Creation] [enterTitle] - Enter Title
[INFO ] 2022-12-27 23:39:02.256 [CRM.TG_5352_Lead_Creation] [enterTitle] - Entered Job Title in the Table successfully
[INFO ] 2022-12-27 23:39:04.260 [CRM.TG_5352_Lead_Creation] [enterSign] - Entering Sign
[INFO ] 2022-12-27 23:39:04.525 [CRM.TG_5352_Lead_Creation] [enterSign] - Sign Entered Successfully
[INFO ] 2022-12-27 23:39:06.527 [CRM.TG_5352_Lead_Creation] [clickSaveButtonInContract] - Clicking on Save Button
[INFO ] 2022-12-27 23:39:06.812 [CRM.TG_5352_Lead_Creation] [clickSaveButtonInContract] - Save Button clicked successfully
[INFO ] 2022-12-27 23:39:08.822 [CRM.TG_5352_Lead_Creation] [verifyFinalizeButton] - Verify Finalize Button
[INFO ] 2022-12-27 23:39:09.304 [CRM.TG_5352_Lead_Creation] [verifyFinalizeButton] - Finalize Button displayed successfully
[INFO ] 2022-12-27 23:39:11.312 [CRM.TG_5352_Lead_Creation] [clickFinalizeButton] - Clicking Finalize button
[INFO ] 2022-12-27 23:39:12.314 [CRM.TG_5352_Lead_Creation] [clickFinalizeButton] - Finalize button clicked successfully
