[INFO ] 2022-12-22 13:08:05.497 [jobOrderStaffing.TG_3848_NewOrderStaffing] [Tag_VerifyJobOrdersFieldShouldVisibleOnHomepageOfStaffingUnderShortcuts] - Started==Verify Job Orders Field Should Visible On Home page Of Staffing Under Shortcuts
[INFO ] 2022-12-22 13:08:07.629 [jobOrderStaffing.TG_3848_NewOrderStaffing] [enterUsername] - Entering new user's first name
[INFO ] 2022-12-22 13:08:08.146 [jobOrderStaffing.TG_3848_NewOrderStaffing] [enterUsername] - User's first name entered successfully
[INFO ] 2022-12-22 13:08:08.147 [jobOrderStaffing.TG_3848_NewOrderStaffing] [enterPassword] - Entering new user's last name
[INFO ] 2022-12-22 13:08:09.556 [jobOrderStaffing.TG_3848_NewOrderStaffing] [enterPassword] - User's last name entered successfully
[INFO ] 2022-12-22 13:08:09.556 [jobOrderStaffing.TG_3848_NewOrderStaffing] [clickLoginButton] - Clicking on Login Button
[INFO ] 2022-12-22 13:08:09.934 [jobOrderStaffing.TG_3848_NewOrderStaffing] [clickLoginButton] - Close Pop Up clicked successfully
[INFO ] 2022-12-22 13:08:12.942 [jobOrderStaffing.TG_3848_NewOrderStaffing] [verifyJobOrdersFieldShouldVisibleUnderShortcuts] - Verifying Job Order Visible Under Shortcuts
[INFO ] 2022-12-22 13:08:27.089 [jobOrderStaffing.TG_3848_NewOrderStaffing] [verifyJobOrdersFieldShouldVisibleUnderShortcuts] - Verify Job Order Visible Under Shortcuts
[INFO ] 2022-12-22 13:08:27.159 [jobOrderStaffing.TG_3848_NewOrderStaffing] [Tag_VerifyAddOrderButtonShouldVisibleOnHomepage] - Started==Verify Add Order Button Should Visible On Home page 
[INFO ] 2022-12-22 13:08:27.159 [jobOrderStaffing.TG_3848_NewOrderStaffing] [verifyAddOrderButtonShouldVisibleOnHomepage] - Verifying Job Order Visible Under Shortcuts
[INFO ] 2022-12-22 13:08:27.237 [jobOrderStaffing.TG_3848_NewOrderStaffing] [verifyAddOrderButtonShouldVisibleOnHomepage] - Verify Job Order Visible Under Shortcuts
[INFO ] 2022-12-22 13:08:27.253 [jobOrderStaffing.TG_3848_NewOrderStaffing] [Tag_VerifyPopupIfClickOnSaveWithoutEnteringMandatoryFields] - Started==Verifying Pop-up If click On Save Without Entering Mandatory Fields
[INFO ] 2022-12-22 13:08:31.254 [jobOrderStaffing.TG_3848_NewOrderStaffing] [clickAddJobOrder] - Clicking on Add Job Order Button
[INFO ] 2022-12-22 13:08:36.888 [jobOrderStaffing.TG_3848_NewOrderStaffing] [clickAddJobOrder] -  Add Job Order clicked successfully
[INFO ] 2022-12-22 13:08:39.894 [jobOrderStaffing.TG_3848_NewOrderStaffing] [clickSaveButton] - Clicking on Save Button
[INFO ] 2022-12-22 13:08:40.199 [jobOrderStaffing.TG_3848_NewOrderStaffing] [clickSaveButton] - Save Button clicked successfully
[INFO ] 2022-12-22 13:08:42.205 [jobOrderStaffing.TG_3848_NewOrderStaffing] [verifyPopupMandatoryFieldsBlank] - Verifying Pop-up If click On Save Without Entering Mandatory Fields
[INFO ] 2022-12-22 13:08:42.289 [jobOrderStaffing.TG_3848_NewOrderStaffing] [verifyPopupMandatoryFieldsBlank] - Verify Pop-up If click On Save Without Entering Mandatory Fields successfully 
[INFO ] 2022-12-22 13:08:42.289 [jobOrderStaffing.TG_3848_NewOrderStaffing] [verifyPopupMandatoryFieldsBlank] - Verifying Pop-up If click On Save Without Entering Mandatory Fields
[INFO ] 2022-12-22 13:08:42.347 [jobOrderStaffing.TG_3848_NewOrderStaffing] [verifyPopupMandatoryFieldsBlank] - Verify Pop-up If click On Save Without Entering Mandatory Fields successfully 
[INFO ] 2022-12-22 13:08:42.347 [jobOrderStaffing.TG_3848_NewOrderStaffing] [verifyPopupMandatoryFieldsBlank] - Verifying Pop-up If click On Save Without Entering Mandatory Fields
[INFO ] 2022-12-22 13:08:42.372 [jobOrderStaffing.TG_3848_NewOrderStaffing] [verifyPopupMandatoryFieldsBlank] - Verify Pop-up If click On Save Without Entering Mandatory Fields successfully 
[INFO ] 2022-12-22 13:08:42.372 [jobOrderStaffing.TG_3848_NewOrderStaffing] [verifyPopupMandatoryFieldsBlank] - Verifying Pop-up If click On Save Without Entering Mandatory Fields
[INFO ] 2022-12-22 13:08:42.394 [jobOrderStaffing.TG_3848_NewOrderStaffing] [verifyPopupMandatoryFieldsBlank] - Verify Pop-up If click On Save Without Entering Mandatory Fields successfully 
[INFO ] 2022-12-22 13:08:42.394 [jobOrderStaffing.TG_3848_NewOrderStaffing] [verifyPopupMandatoryFieldsBlank] - Verifying Pop-up If click On Save Without Entering Mandatory Fields
[INFO ] 2022-12-22 13:08:42.433 [jobOrderStaffing.TG_3848_NewOrderStaffing] [verifyPopupMandatoryFieldsBlank] - Verify Pop-up If click On Save Without Entering Mandatory Fields successfully 
[INFO ] 2022-12-22 13:08:42.434 [jobOrderStaffing.TG_3848_NewOrderStaffing] [verifyPopupMandatoryFieldsBlank] - Verifying Pop-up If click On Save Without Entering Mandatory Fields
[INFO ] 2022-12-22 13:08:42.464 [jobOrderStaffing.TG_3848_NewOrderStaffing] [verifyPopupMandatoryFieldsBlank] - Verify Pop-up If click On Save Without Entering Mandatory Fields successfully 
[INFO ] 2022-12-22 13:08:42.465 [jobOrderStaffing.TG_3848_NewOrderStaffing] [verifyPopupMandatoryFieldsBlank] - Verifying Pop-up If click On Save Without Entering Mandatory Fields
[INFO ] 2022-12-22 13:08:42.496 [jobOrderStaffing.TG_3848_NewOrderStaffing] [verifyPopupMandatoryFieldsBlank] - Verify Pop-up If click On Save Without Entering Mandatory Fields successfully 
[INFO ] 2022-12-22 13:08:42.497 [jobOrderStaffing.TG_3848_NewOrderStaffing] [verifyPopupMandatoryFieldsBlank] - Verifying Pop-up If click On Save Without Entering Mandatory Fields
[INFO ] 2022-12-22 13:08:42.524 [jobOrderStaffing.TG_3848_NewOrderStaffing] [verifyPopupMandatoryFieldsBlank] - Verify Pop-up If click On Save Without Entering Mandatory Fields successfully 
[INFO ] 2022-12-22 13:08:42.525 [jobOrderStaffing.TG_3848_NewOrderStaffing] [verifyPopupMandatoryFieldsBlank] - Verifying Pop-up If click On Save Without Entering Mandatory Fields
[INFO ] 2022-12-22 13:08:42.549 [jobOrderStaffing.TG_3848_NewOrderStaffing] [verifyPopupMandatoryFieldsBlank] - Verify Pop-up If click On Save Without Entering Mandatory Fields successfully 
[INFO ] 2022-12-22 13:08:42.550 [jobOrderStaffing.TG_3848_NewOrderStaffing] [verifyPopupMandatoryFieldsBlank] - Verifying Pop-up If click On Save Without Entering Mandatory Fields
[INFO ] 2022-12-22 13:08:42.571 [jobOrderStaffing.TG_3848_NewOrderStaffing] [verifyPopupMandatoryFieldsBlank] - Verify Pop-up If click On Save Without Entering Mandatory Fields successfully 
[INFO ] 2022-12-22 13:08:45.018 [jobOrderStaffing.TG_3848_NewOrderStaffing] [Tag_VerifyCompanyFieldShouldVisible] - Started==Verifying Company Field Should Visible on Job order creation form
[INFO ] 2022-12-22 13:08:47.025 [jobOrderStaffing.TG_3848_NewOrderStaffing] [verifyCompanyFieldShouldVisible] - Verifying Company Field Should Visible on Job order creation form
[INFO ] 2022-12-22 13:08:47.183 [jobOrderStaffing.TG_3848_NewOrderStaffing] [verifyCompanyFieldShouldVisible] - Company Field is Visible on Job order creation form
[INFO ] 2022-12-22 13:08:47.201 [jobOrderStaffing.TG_3848_NewOrderStaffing] [Tag_VerifyCategoryFieldShouldVisible] - Started==Verifying Category Field Should Visible on Job order creation form
[INFO ] 2022-12-22 13:08:52.207 [jobOrderStaffing.TG_3848_NewOrderStaffing] [verifycategoryFieldStaffingShouldVisible] - Verifying Category Field
[INFO ] 2022-12-22 13:08:52.211 [jobOrderStaffing.TG_3848_NewOrderStaffing] [verifycategoryFieldStaffingShouldVisible] - Verifying company Field
[INFO ] 2022-12-22 13:08:52.417 [jobOrderStaffing.TG_3848_NewOrderStaffing] [verifycategoryFieldStaffingShouldVisible] - Verifying Job Site Field
[INFO ] 2022-12-22 13:08:53.713 [jobOrderStaffing.TG_3848_NewOrderStaffing] [verifycategoryFieldStaffingShouldVisible] - Verifying Job Title Field
[INFO ] 2022-12-22 13:08:55.361 [jobOrderStaffing.TG_3848_NewOrderStaffing] [verifycategoryFieldStaffingShouldVisible] - Verify Category Field
[INFO ] 2022-12-22 13:08:59.514 [jobOrderStaffing.TG_3848_NewOrderStaffing] [verifycategoryFieldStaffingShouldVisible] - Verifyied Category Field and Job Title
[INFO ] 2022-12-22 13:08:59.537 [jobOrderStaffing.TG_3848_NewOrderStaffing] [Tag_VerifyAvailabilityFieldShouldDropdownField] - Started==Verifying Availability Field Should be Dropdown Field
[INFO ] 2022-12-22 13:09:01.542 [jobOrderStaffing.TG_3848_NewOrderStaffing] [verifyAvailabilityFieldShouldDropdownField] - Verify Availability Field Should have Dropdown
[INFO ] 2022-12-22 13:09:01.771 [jobOrderStaffing.TG_3848_NewOrderStaffing] [verifyAvailabilityFieldShouldDropdownField] - Verifyied Availability Field Should have Dropdown
[INFO ] 2022-12-22 13:09:01.790 [jobOrderStaffing.TG_3848_NewOrderStaffing] [Tag_VerifyStartDateFieldShouldVisible] - Started==Verifying Start Date Field Should Visible 
[INFO ] 2022-12-22 13:09:03.796 [jobOrderStaffing.TG_3848_NewOrderStaffing] [verifyStartDateField] - Verify Start Date 
[INFO ] 2022-12-22 13:09:03.891 [jobOrderStaffing.TG_3848_NewOrderStaffing] [verifyStartDateField] - Verify Start Date Field successfully
[INFO ] 2022-12-22 13:09:03.901 [jobOrderStaffing.TG_3848_NewOrderStaffing] [Tag_VerifyEndDateFieldShouldVisible] - Started==Verifying End Date Field Should Visible 
[INFO ] 2022-12-22 13:09:05.907 [jobOrderStaffing.TG_3848_NewOrderStaffing] [verifyEndDateField] - Verify End Date 
[INFO ] 2022-12-22 13:09:05.972 [jobOrderStaffing.TG_3848_NewOrderStaffing] [verifyEndDateField] - Verify End Date Field successfully
[INFO ] 2022-12-22 13:09:05.979 [jobOrderStaffing.TG_3848_NewOrderStaffing] [Tag_VerifyStartTimeFieldShouldVisible] - Started==Verifying Start Time Field Should Visible 
[INFO ] 2022-12-22 13:09:07.985 [jobOrderStaffing.TG_3848_NewOrderStaffing] [verifyStartTimeField] - Verify Start Time 
[INFO ] 2022-12-22 13:09:08.079 [jobOrderStaffing.TG_3848_NewOrderStaffing] [verifyStartTimeField] - Verify Start Time Field successfully
[INFO ] 2022-12-22 13:09:08.090 [jobOrderStaffing.TG_3848_NewOrderStaffing] [Tag_VerifyJobSiteFieldShouldVisible] - Started==Verifying Job Site Field Should Visible 
[INFO ] 2022-12-22 13:09:10.092 [jobOrderStaffing.TG_3848_NewOrderStaffing] [verifyJobSiteField] - Verify Job Site Time 
[INFO ] 2022-12-22 13:09:10.167 [jobOrderStaffing.TG_3848_NewOrderStaffing] [verifyJobSiteField] - Verify Job Site Field successfully
[INFO ] 2022-12-22 13:09:10.178 [jobOrderStaffing.TG_3848_NewOrderStaffing] [Tag_VerifyEstimatedDailyHoursFieldShouldVisible] - Started==Verifying Estimated Daily Hours Field Should Visible 
[INFO ] 2022-12-22 13:09:12.184 [jobOrderStaffing.TG_3848_NewOrderStaffing] [verifyEstimatedDailyHoursField] - Verify Estimated Daily HoursTime 
[INFO ] 2022-12-22 13:09:12.309 [jobOrderStaffing.TG_3848_NewOrderStaffing] [verifyEstimatedDailyHoursField] - Verify Estimated Daily Hours Field successfully
[INFO ] 2022-12-22 13:09:12.338 [jobOrderStaffing.TG_3848_NewOrderStaffing] [Tag_VerifyEstimateDailyHoursFieldShouldNotAcceptHoursMoreThan24] - Started==Verifying Estimated Daily Hours Field Should  Not Accept Hours More Than 24 
[INFO ] 2022-12-22 13:09:12.338 [jobOrderStaffing.TG_3848_NewOrderStaffing] [enterEstHours] - Entering the Estimated Daily Hours
[INFO ] 2022-12-22 13:09:19.652 [jobOrderStaffing.TG_3848_NewOrderStaffing] [enterEstHours] - Estimated Daily Hours entered successfully
[INFO ] 2022-12-22 13:09:19.653 [jobOrderStaffing.TG_3848_NewOrderStaffing] [verifyEstimatedDailyHoursFieldNotAcceptHoursMoreThan24] - Entering the Estimated Daily Hours More Than 24 
[INFO ] 2022-12-22 13:09:20.401 [jobOrderStaffing.TG_3848_NewOrderStaffing] [verifyEstimatedDailyHoursFieldNotAcceptHoursMoreThan24] - verifyed Estimated Daily Hours Field Not Accept Hours More Than 24
[INFO ] 2022-12-22 13:09:22.577 [jobOrderStaffing.TG_3848_NewOrderStaffing] [Tag_VerifyNoOfWorkersFieldShouldVisible] - Started==Verifying No Of Workers Field Should  visible 
[INFO ] 2022-12-22 13:09:22.579 [jobOrderStaffing.TG_3848_NewOrderStaffing] [verifyNoOfWorkersFieldShouldVisible] - Verifying Rate Field Should be Automatically Fetched And Editable
[INFO ] 2022-12-22 13:09:22.907 [jobOrderStaffing.TG_3848_NewOrderStaffing] [verifyNoOfWorkersFieldShouldVisible] - Verifying Job Title Field
[INFO ] 2022-12-22 13:09:22.979 [jobOrderStaffing.TG_3848_NewOrderStaffing] [verifyNoOfWorkersFieldShouldVisible] - Verifying Category Field
[INFO ] 2022-12-22 13:09:23.014 [jobOrderStaffing.TG_3848_NewOrderStaffing] [verifyNoOfWorkersFieldShouldVisible] - Verifyied Category Field and Job Title
[INFO ] 2022-12-22 13:09:23.015 [jobOrderStaffing.TG_3848_NewOrderStaffing] [verifyNoOfWorkersFieldShouldVisible] - Verifying No of Worker Field
[INFO ] 2022-12-22 13:09:23.067 [jobOrderStaffing.TG_3848_NewOrderStaffing] [verifyNoOfWorkersFieldShouldVisible] - Verifyied No of Worker Should be No of Worker Visible
[INFO ] 2022-12-22 13:09:23.074 [jobOrderStaffing.TG_3848_NewOrderStaffing] [Tag_VerifyAgreeToContractFieldCheckboxShouldVisible] - Started==Verify Agree To Contract Field Should Be Checkbox 
[INFO ] 2022-12-22 13:09:23.074 [jobOrderStaffing.TG_3848_NewOrderStaffing] [verifyAgreeToContractFieldShouldBeCheckbox] - Verify Agree Contract Field should be checkbox And Mandatory
[INFO ] 2022-12-22 13:09:23.295 [jobOrderStaffing.TG_3848_NewOrderStaffing] [verifyAgreeToContractFieldShouldBeCheckbox] - Verify Agree Contract Field should be checkbox And Mandatory
[INFO ] 2022-12-22 13:09:23.303 [jobOrderStaffing.TG_3848_NewOrderStaffing] [Tag_VerifyPopupForConfirmJobOrderDetails] - Started==Verify Popup For Confirm Job Order Details
[INFO ] 2022-12-22 13:09:25.307 [jobOrderStaffing.TG_3848_NewOrderStaffing] [enterHours] - Entering the Estimated Daily Hours
[INFO ] 2022-12-22 13:09:32.545 [jobOrderStaffing.TG_3848_NewOrderStaffing] [enterHours] - Estimated Daily Hours entered successfully
[INFO ] 2022-12-22 13:09:35.553 [jobOrderStaffing.TG_3848_NewOrderStaffing] [enterStartDate] - enter Start date 
[INFO ] 2022-12-22 13:09:41.124 [jobOrderStaffing.TG_3848_NewOrderStaffing] [enterStartDate] - Verify enter Start date
[INFO ] 2022-12-22 13:09:44.133 [jobOrderStaffing.TG_3848_NewOrderStaffing] [enterEndDate] - Verify End Date 
