[INFO ] 2022-12-24 07:35:42.553 [CRM.TG_5353_Contact_Creation] [VerifyContactForm] - Logging in
[INFO ] 2022-12-24 07:35:46.414 [CRM.TG_5353_Contact_Creation] [enterUsername] - Entering new user's first name
[INFO ] 2022-12-24 07:35:46.959 [CRM.TG_5353_Contact_Creation] [enterUsername] - User's first name entered successfully
[INFO ] 2022-12-24 07:35:46.959 [CRM.TG_5353_Contact_Creation] [enterPassword] - Entering new user's last name
[INFO ] 2022-12-24 07:35:48.382 [CRM.TG_5353_Contact_Creation] [enterPassword] - User's last name entered successfully
[INFO ] 2022-12-24 07:35:48.383 [CRM.TG_5353_Contact_Creation] [clickLoginButton] - Clicking on Login Button
[INFO ] 2022-12-24 07:35:48.808 [CRM.TG_5353_Contact_Creation] [clickLoginButton] - Close Pop Up clicked successfully
[INFO ] 2022-12-24 07:35:48.820 [CRM.TG_5353_Contact_Creation] [VerifyContactForm] - Verifying CRM Icon
[INFO ] 2022-12-24 07:35:48.820 [CRM.TG_5353_Contact_Creation] [verifyCRMTextOnHomepage] - Check for CRM Icon on Homepage
[INFO ] 2022-12-24 07:36:05.115 [CRM.TG_5353_Contact_Creation] [verifyCRMTextOnHomepage] - CRM Icon displayed successfully
[INFO ] 2022-12-24 07:36:05.132 [CRM.TG_5353_Contact_Creation] [clickCRMIcon] - Clicking on CRM Button
[INFO ] 2022-12-24 07:36:05.966 [CRM.TG_5353_Contact_Creation] [clickCRMIcon] - CRM Button clicked successfully
[INFO ] 2022-12-24 07:36:07.973 [CRM.TG_5353_Contact_Creation] [clickContactIcon] - Clicking on Contact Button
[INFO ] 2022-12-24 07:36:09.883 [CRM.TG_5353_Contact_Creation] [clickContactIcon] - Contact Button clicked successfully
[INFO ] 2022-12-24 07:36:11.890 [CRM.TG_5353_Contact_Creation] [verifyContactListingForm] - Check for Contact Title
[INFO ] 2022-12-24 07:36:11.986 [CRM.TG_5353_Contact_Creation] [verifyContactListingForm] - Contact Title displayed successfully
[INFO ] 2022-12-24 07:36:13.992 [CRM.TG_5353_Contact_Creation] [clickAddContactButton] - Clicking on Contact Button
[INFO ] 2022-12-24 07:36:15.260 [CRM.TG_5353_Contact_Creation] [clickAddContactButton] - Add Contact Button clicked successfully
[INFO ] 2022-12-24 07:36:17.266 [CRM.TG_5353_Contact_Creation] [verifyContactForm] - Check for New Contact Form
[INFO ] 2022-12-24 07:36:17.350 [CRM.TG_5353_Contact_Creation] [verifyContactForm] - New Contact Form displayed successfully
[INFO ] 2022-12-24 07:36:17.393 [CRM.TG_5353_Contact_Creation] [CreateContact] - Verifying Mandatory Fields
[INFO ] 2022-12-24 07:36:17.393 [CRM.TG_5353_Contact_Creation] [clickSaveButton] - Clicking on Contact Button
[INFO ] 2022-12-24 07:36:17.592 [CRM.TG_5353_Contact_Creation] [clickSaveButton] - Add Contact Button clicked successfully
[INFO ] 2022-12-24 07:36:23.801 [CRM.TG_5353_Contact_Creation] [enterContactName] - Entering Contact Name
[INFO ] 2022-12-24 07:36:24.082 [CRM.TG_5353_Contact_Creation] [enterContactName] - Contact Name Entered Successfully
[INFO ] 2022-12-24 07:36:26.091 [CRM.TG_5353_Contact_Creation] [enterEmail] - Entering Email
[INFO ] 2022-12-24 07:36:26.255 [CRM.TG_5353_Contact_Creation] [enterEmail] - Email Entered Successfully
[INFO ] 2022-12-24 07:36:28.261 [CRM.TG_5353_Contact_Creation] [enterPhoneNumber] - Entering Phone Number
[INFO ] 2022-12-24 07:36:28.393 [CRM.TG_5353_Contact_Creation] [enterPhoneNumber] - Phone Number Entered Successfully
[INFO ] 2022-12-24 07:36:30.399 [CRM.TG_5353_Contact_Creation] [enterLead] - Entering Lead
[INFO ] 2022-12-24 07:36:30.509 [CRM.TG_5353_Contact_Creation] [enterLead] - Lead Entered Successfully
[INFO ] 2022-12-24 07:36:30.509 [CRM.TG_5353_Contact_Creation] [selectSearchOnMapsCheckbox] - Selecting search on Maps checkbox
[INFO ] 2022-12-24 07:36:32.797 [CRM.TG_5353_Contact_Creation] [selectSearchOnMapsCheckbox] - Search on maps checkbox selected
[INFO ] 2022-12-24 07:36:34.803 [CRM.TG_5353_Contact_Creation] [enterEmployeeAddressOnMaps] - Etering employee address on maps
[INFO ] 2022-12-24 07:36:36.163 [CRM.TG_5353_Contact_Creation] [enterEmployeeAddressOnMaps] - Employee entered successfully
[INFO ] 2022-12-24 07:36:38.171 [CRM.TG_5353_Contact_Creation] [clickSaveButton] - Clicking on Contact Button
[INFO ] 2022-12-24 07:36:38.514 [CRM.TG_5353_Contact_Creation] [clickSaveButton] - Add Contact Button clicked successfully
[INFO ] 2022-12-24 07:36:41.523 [CRM.TG_5353_Contact_Creation] [clickContactLinkforListingForm] - Click on Contact for Listing form
[INFO ] 2022-12-24 07:36:41.790 [CRM.TG_5353_Contact_Creation] [clickContactLinkforListingForm] - Contact for Listing form clicked Successfully
[INFO ] 2022-12-24 07:36:41.791 [CRM.TG_5353_Contact_Creation] [verifyContactForm] - Check for New Contact Form
