[INFO ] 2023-03-28 01:26:42.816 [company.TG_4145_ClaimOrderForStaffing] [Tag_EndToEndFlowNewOrderHiring] - Started==Starting End To End Flow NewOrderHiring
[INFO ] 2023-03-28 01:26:46.622 [company.TG_4145_ClaimOrderForStaffing] [enterUsername] - Entering new user's first name
[INFO ] 2023-03-28 01:26:48.979 [company.TG_4145_ClaimOrderForStaffing] [enterUsername] - User's first name entered successfully
[INFO ] 2023-03-28 01:26:48.980 [company.TG_4145_ClaimOrderForStaffing] [enterPassword] - Entering new user's last name
[INFO ] 2023-03-28 01:26:49.669 [company.TG_4145_ClaimOrderForStaffing] [enterPassword] - User's last name entered successfully
[INFO ] 2023-03-28 01:26:49.673 [company.TG_4145_ClaimOrderForStaffing] [clickLoginButton] - Clicking on Login Button
[INFO ] 2023-03-28 01:26:50.622 [company.TG_4145_ClaimOrderForStaffing] [clickLoginButton] - Close Pop Up clicked successfully
[INFO ] 2023-03-28 01:26:50.624 [company.TG_4145_ClaimOrderForStaffing] [newOrderHiring] - Clicking on New Order Button
[INFO ] 2023-03-28 01:27:09.684 [company.TG_4145_ClaimOrderForStaffing] [newOrderHiring] - New Order Button clicked successfully
[INFO ] 2023-03-28 01:27:09.707 [company.TG_4145_ClaimOrderForStaffing] [newOrderHiring] - Entering EstDailyHours
[INFO ] 2023-03-28 01:27:20.284 [company.TG_4145_ClaimOrderForStaffing] [newOrderHiring] - EstDailyHours entered successfully
[INFO ] 2023-03-28 01:27:20.285 [company.TG_4145_ClaimOrderForStaffing] [newOrderHiring] - Entering StartDate
[INFO ] 2023-03-28 01:27:26.326 [company.TG_4145_ClaimOrderForStaffing] [newOrderHiring] - StartDate entered successfully
[INFO ] 2023-03-28 01:27:26.329 [company.TG_4145_ClaimOrderForStaffing] [newOrderHiring] - Entering EndDate
[INFO ] 2023-03-28 01:27:38.083 [company.TG_4145_ClaimOrderForStaffing] [newOrderHiring] - EndDate entered successfully
[INFO ] 2023-03-28 01:27:38.131 [company.TG_4145_ClaimOrderForStaffing] [newOrderHiring] - Entering StartTime
[INFO ] 2023-03-28 01:27:39.827 [company.TG_4145_ClaimOrderForStaffing] [newOrderHiring] - StartTime entered successfully
[INFO ] 2023-03-28 01:27:39.828 [company.TG_4145_ClaimOrderForStaffing] [newOrderHiring] - Entering Availability
[INFO ] 2023-03-28 01:27:40.356 [company.TG_4145_ClaimOrderForStaffing] [newOrderHiring] - Availabilit entered successfully
[INFO ] 2023-03-28 01:27:40.357 [company.TG_4145_ClaimOrderForStaffing] [newOrderHiring] - Entering JobSite
[INFO ] 2023-03-28 01:27:47.044 [company.TG_4145_ClaimOrderForStaffing] [newOrderHiring] - JobSite entered successfully
[INFO ] 2023-03-28 01:27:47.048 [company.TG_4145_ClaimOrderForStaffing] [newOrderHiring] - Entering JobTitle
[INFO ] 2023-03-28 01:27:56.509 [company.TG_4145_ClaimOrderForStaffing] [newOrderHiring] - JobTitle entered successfully
[INFO ] 2023-03-28 01:27:56.513 [company.TG_4145_ClaimOrderForStaffing] [newOrderHiring] - Entering No Of Workers
[INFO ] 2023-03-28 01:28:01.859 [company.TG_4145_ClaimOrderForStaffing] [newOrderHiring] - NoOfWorkers entered successfully
[INFO ] 2023-03-28 01:28:01.863 [company.TG_4145_ClaimOrderForStaffing] [newOrderHiring] - Entering ESignature
[INFO ] 2023-03-28 01:28:05.450 [company.TG_4145_ClaimOrderForStaffing] [newOrderHiring] - ESignature entered successfully
[INFO ] 2023-03-28 01:28:05.451 [company.TG_4145_ClaimOrderForStaffing] [newOrderHiring] - clickAgreeContract
[INFO ] 2023-03-28 01:28:06.340 [company.TG_4145_ClaimOrderForStaffing] [newOrderHiring] - clickAgreeContract successfully
[INFO ] 2023-03-28 01:28:06.340 [company.TG_4145_ClaimOrderForStaffing] [newOrderHiring] - clickSaveButton
[INFO ] 2023-03-28 01:28:07.211 [company.TG_4145_ClaimOrderForStaffing] [newOrderHiring] - SaveButton Clicked successfully
[INFO ] 2023-03-28 01:28:15.915 [company.TG_4145_ClaimOrderForStaffing] [newOrderHiring] - Job order link present on the home page clicked
[INFO ] 2023-03-28 01:28:29.466 [company.TG_4145_ClaimOrderForStaffing] [newOrderHiring] - Verify Job Order Id and Email Successfully
[INFO ] 2023-03-28 01:28:44.913 [company.TG_4145_ClaimOrderForStaffing] [enterUsername] - Entering new user's first name
[INFO ] 2023-03-28 01:28:45.502 [company.TG_4145_ClaimOrderForStaffing] [enterUsername] - User's first name entered successfully
[INFO ] 2023-03-28 01:28:45.502 [company.TG_4145_ClaimOrderForStaffing] [enterPassword] - Entering new user's last name
[INFO ] 2023-03-28 01:28:45.858 [company.TG_4145_ClaimOrderForStaffing] [enterPassword] - User's last name entered successfully
[INFO ] 2023-03-28 01:28:45.860 [company.TG_4145_ClaimOrderForStaffing] [clickLoginButton] - Clicking on Login Button
[INFO ] 2023-03-28 01:28:46.072 [company.TG_4145_ClaimOrderForStaffing] [clickLoginButton] - Close Pop Up clicked successfully
[INFO ] 2023-03-28 01:28:49.089 [company.TG_4145_ClaimOrderForStaffing] [clickJobOrderHomePage] - Clicking Job orders menu present on the staffing homepage navigates to joborder listing form 
[INFO ] 2023-03-28 01:28:59.173 [company.TG_4145_ClaimOrderForStaffing] [clickJobOrderHomePage] - All job orders menu present on the staffing hompage clicked successfully and navigates to joborder listing form  .
[INFO ] 2023-03-28 01:29:01.208 [company.TG_4145_ClaimOrderForStaffing] [verifyJobOrderPage] - Job order form is displayed
[INFO ] 2023-03-28 01:29:01.787 [company.TG_4145_ClaimOrderForStaffing] [verifyJobOrderPage] - Job orderform is displayed successfully
[INFO ] 2023-03-28 01:29:01.943 [company.TG_4145_ClaimOrderForStaffing] [verifyHeadCountAvaialblecolumnIsAvailableInJobOrderForm] - Check for column headcount available is present
[INFO ] 2023-03-28 01:29:02.145 [company.TG_4145_ClaimOrderForStaffing] [verifyHeadCountAvaialblecolumnIsAvailableInJobOrderForm] - Job order form displayed headcount column successfully
[INFO ] 2023-03-28 01:29:12.273 [company.TG_4145_ClaimOrderForStaffing] [selectParticularJobOrderFromListingStaffing] - Selecting Particular Joborder on the listing
[INFO ] 2023-03-28 01:29:23.652 [company.TG_4145_ClaimOrderForStaffing] [selectParticularJobOrderFromListingStaffing] - Particular Joborder on the listing selected successfully
[INFO ] 2023-03-28 01:29:25.668 [company.TG_4145_ClaimOrderForStaffing] [VerifyResumeRequiredBoxIsUnchecked] - Checking Resume required Box is Unchecked
[INFO ] 2023-03-28 01:29:29.788 [company.TG_4145_ClaimOrderForStaffing] [VerifyResumeRequiredBoxIsUnchecked] - Resume required Box is Unchecked successfully
[INFO ] 2023-03-28 01:29:29.793 [company.TG_4145_ClaimOrderForStaffing] [VerifyClaimOrderVisible] - Checking Claim order Button is Visible
[INFO ] 2023-03-28 01:29:30.049 [company.TG_4145_ClaimOrderForStaffing] [VerifyClaimOrderVisible] - Claim order Button is displayed successfully
[INFO ] 2023-03-28 01:29:30.050 [company.TG_4145_ClaimOrderForStaffing] [clickClaimOrderButton] - Clicking on Claim order Button
[INFO ] 2023-03-28 01:29:30.253 [company.TG_4145_ClaimOrderForStaffing] [clickClaimOrderButton] - Claim order button clicked successfully
[INFO ] 2023-03-28 01:29:32.270 [company.TG_4145_ClaimOrderForStaffing] [verifyNewClaimOrderPage] - While clicking claim order it should navigate to New order
[INFO ] 2023-03-28 01:29:32.459 [company.TG_4145_ClaimOrderForStaffing] [verifyNewClaimOrderPage] - While clicking claim order successfully navigates to New order
[INFO ] 2023-03-28 01:29:34.472 [company.TG_4145_ClaimOrderForStaffing] [clickSubmitClaim] - Clicking on Submit Claim Button
[INFO ] 2023-03-28 01:29:38.526 [company.TG_4145_ClaimOrderForStaffing] [clickSubmitClaim] - Submit Claim Button clicked successfully
[INFO ] 2023-03-28 01:29:38.531 [company.TG_4145_ClaimOrderForStaffing] [verifyMandatoryFieldErrorMessage] - Check for all mandatory fiels entered
[INFO ] 2023-03-28 01:29:38.912 [company.TG_4145_ClaimOrderForStaffing] [verifyMandatoryFieldErrorMessage] - Error message displayed successfully
[INFO ] 2023-03-28 01:29:38.914 [company.TG_4145_ClaimOrderForStaffing] [clickCloseIcon] - Clicking on Close Icon
[INFO ] 2023-03-28 01:29:42.232 [company.TG_4145_ClaimOrderForStaffing] [clickCloseIcon] - Close Icon clicked successfully
[INFO ] 2023-03-28 01:29:47.255 [company.TG_4145_ClaimOrderForStaffing] [verifyNoOfEmployeesClaimNotAcceptAlphabet] - Check for'No.of.Employees to claim' by entering alphabet
[INFO ] 2023-03-28 01:29:48.106 [company.TG_4145_ClaimOrderForStaffing] [verifyNoOfEmployeesClaimNotAcceptAlphabet] - Alphabets entered in No. of Employees to Claim successfully
[INFO ] 2023-03-28 01:29:51.124 [company.TG_4145_ClaimOrderForStaffing] [clickSubmitClaim] - Clicking on Submit Claim Button
[INFO ] 2023-03-28 01:29:51.539 [company.TG_4145_ClaimOrderForStaffing] [clickSubmitClaim] - Submit Claim Button clicked successfully
[INFO ] 2023-03-28 01:29:54.557 [company.TG_4145_ClaimOrderForStaffing] [verifyMandatoryFieldErrorMessage] - Check for all mandatory fiels entered
[INFO ] 2023-03-28 01:29:54.712 [company.TG_4145_ClaimOrderForStaffing] [verifyMandatoryFieldErrorMessage] - Error message displayed successfully
[INFO ] 2023-03-28 01:29:57.720 [company.TG_4145_ClaimOrderForStaffing] [verifyMandatoryFieldErrorMessage] - Check for all mandatory fiels entered
[INFO ] 2023-03-28 01:29:57.894 [company.TG_4145_ClaimOrderForStaffing] [verifyMandatoryFieldErrorMessage] - Error message displayed successfully
[INFO ] 2023-03-28 01:30:00.902 [company.TG_4145_ClaimOrderForStaffing] [clickCloseIcon] - Clicking on Close Icon
