[INFO ] 2023-02-02 15:48:17.173 [directOrder.TG_5802_DirectOrderParialClaim] [VerifyUserRedirectToNewOrderFormViaDirectOrder] - Started==Verifying Confirm Job Order Details
[INFO ] 2023-02-02 15:48:20.717 [directOrder.TG_5802_DirectOrderParialClaim] [VerifyUserRedirectToNewOrderFormViaDirectOrder] - Entering Username
[INFO ] 2023-02-02 15:48:20.722 [directOrder.TG_5802_DirectOrderParialClaim] [enterUsername] - Entering new user's first name
[INFO ] 2023-02-02 15:48:21.285 [directOrder.TG_5802_DirectOrderParialClaim] [enterUsername] - User's first name entered successfully
[INFO ] 2023-02-02 15:48:21.285 [directOrder.TG_5802_DirectOrderParialClaim] [VerifyUserRedirectToNewOrderFormViaDirectOrder] - Username Entered Successfully
[INFO ] 2023-02-02 15:48:21.286 [directOrder.TG_5802_DirectOrderParialClaim] [VerifyUserRedirectToNewOrderFormViaDirectOrder] - Entering Password
[INFO ] 2023-02-02 15:48:21.286 [directOrder.TG_5802_DirectOrderParialClaim] [enterPassword] - Entering new user's last name
[INFO ] 2023-02-02 15:48:21.496 [directOrder.TG_5802_DirectOrderParialClaim] [enterPassword] - User's last name entered successfully
[INFO ] 2023-02-02 15:48:21.497 [directOrder.TG_5802_DirectOrderParialClaim] [VerifyUserRedirectToNewOrderFormViaDirectOrder] - Password Entered Successfully
[INFO ] 2023-02-02 15:48:21.497 [directOrder.TG_5802_DirectOrderParialClaim] [VerifyUserRedirectToNewOrderFormViaDirectOrder] - Clicking on Login Button
[INFO ] 2023-02-02 15:48:21.497 [directOrder.TG_5802_DirectOrderParialClaim] [clickLoginButton] - Clicking on Login Button
[INFO ] 2023-02-02 15:48:21.941 [directOrder.TG_5802_DirectOrderParialClaim] [clickLoginButton] - Close Pop Up clicked successfully
[INFO ] 2023-02-02 15:48:21.942 [directOrder.TG_5802_DirectOrderParialClaim] [VerifyUserRedirectToNewOrderFormViaDirectOrder] - Login Button Clicked Successfully
[INFO ] 2023-02-02 15:48:21.942 [directOrder.TG_5802_DirectOrderParialClaim] [VerifyUserRedirectToNewOrderFormViaDirectOrder] - Clicking on Staffing Companies
[INFO ] 2023-02-02 15:48:21.942 [directOrder.TG_5802_DirectOrderParialClaim] [clickStaffingCompanies] - Clicking on Staffing Companies Button
[INFO ] 2023-02-02 15:48:30.054 [directOrder.TG_5802_DirectOrderParialClaim] [clickStaffingCompanies] - Staffing Companies Button clicked successfully
[INFO ] 2023-02-02 15:48:30.055 [directOrder.TG_5802_DirectOrderParialClaim] [VerifyUserRedirectToNewOrderFormViaDirectOrder] - Staffing Companies Clickied Successfully
[INFO ] 2023-02-02 15:48:30.055 [directOrder.TG_5802_DirectOrderParialClaim] [VerifyUserRedirectToNewOrderFormViaDirectOrder] - Verifying Staffing Companies List
[INFO ] 2023-02-02 15:48:30.055 [directOrder.TG_5802_DirectOrderParialClaim] [verifyStaffingCompanyList] - Verify Staffing Company List is displayed
[INFO ] 2023-02-02 15:48:32.193 [directOrder.TG_5802_DirectOrderParialClaim] [verifyStaffingCompanyList] - Staffing Company List displayed successfully
[INFO ] 2023-02-02 15:48:32.194 [directOrder.TG_5802_DirectOrderParialClaim] [VerifyUserRedirectToNewOrderFormViaDirectOrder] - Staffing Companies List verified successfully
[INFO ] 2023-02-02 15:48:37.201 [directOrder.TG_5802_DirectOrderParialClaim] [VerifyUserRedirectToNewOrderFormViaDirectOrder] - Clicking Staffing Company
[INFO ] 2023-02-02 15:48:37.204 [directOrder.TG_5802_DirectOrderParialClaim] [clickStaffingCompany] - Clicking on Staffing Company
[INFO ] 2023-02-02 15:48:38.519 [directOrder.TG_5802_DirectOrderParialClaim] [clickStaffingCompany] - Staffing Company clicked successfully
[INFO ] 2023-02-02 15:48:38.521 [directOrder.TG_5802_DirectOrderParialClaim] [VerifyUserRedirectToNewOrderFormViaDirectOrder] - Staffing Company Clickied Successfully
[INFO ] 2023-02-02 15:48:41.527 [directOrder.TG_5802_DirectOrderParialClaim] [VerifyUserRedirectToNewOrderFormViaDirectOrder] - Clicking on Place Order Button
[INFO ] 2023-02-02 15:48:41.529 [directOrder.TG_5802_DirectOrderParialClaim] [clickPlaceOrderButton] - Clicking on Staffing Company
[INFO ] 2023-02-02 15:48:41.844 [directOrder.TG_5802_DirectOrderParialClaim] [clickPlaceOrderButton] - Staffing Company clicked successfully
[INFO ] 2023-02-02 15:48:41.845 [directOrder.TG_5802_DirectOrderParialClaim] [VerifyUserRedirectToNewOrderFormViaDirectOrder] - Place Order Button Clickied Successfully
[INFO ] 2023-02-02 15:48:41.940 [directOrder.TG_5802_DirectOrderParialClaim] [Tag_EndToEndFlowNewOrderHiring] - Started==Starting End To End Flow NewOrderHiring
[INFO ] 2023-02-02 15:48:41.940 [directOrder.TG_5802_DirectOrderParialClaim] [newDirectOrderHiring] - Entering EstDailyHours
[INFO ] 2023-02-02 15:48:50.421 [directOrder.TG_5802_DirectOrderParialClaim] [newDirectOrderHiring] - EstDailyHours entered successfully
[INFO ] 2023-02-02 15:48:50.422 [directOrder.TG_5802_DirectOrderParialClaim] [newDirectOrderHiring] - Entering StartDate
[INFO ] 2023-02-02 15:48:56.104 [directOrder.TG_5802_DirectOrderParialClaim] [newDirectOrderHiring] - StartDate entered successfully
[INFO ] 2023-02-02 15:48:56.107 [directOrder.TG_5802_DirectOrderParialClaim] [newDirectOrderHiring] - Entering EndDate
[INFO ] 2023-02-02 15:49:08.180 [directOrder.TG_5802_DirectOrderParialClaim] [newDirectOrderHiring] - EndDate entered successfully
[INFO ] 2023-02-02 15:49:08.183 [directOrder.TG_5802_DirectOrderParialClaim] [newDirectOrderHiring] - Entering StartTime
[INFO ] 2023-02-02 15:49:08.974 [directOrder.TG_5802_DirectOrderParialClaim] [newDirectOrderHiring] - StartTime entered successfully
[INFO ] 2023-02-02 15:49:08.975 [directOrder.TG_5802_DirectOrderParialClaim] [newDirectOrderHiring] - Entering Availability
[INFO ] 2023-02-02 15:49:09.225 [directOrder.TG_5802_DirectOrderParialClaim] [newDirectOrderHiring] - Availabilit entered successfully
[INFO ] 2023-02-02 15:49:09.225 [directOrder.TG_5802_DirectOrderParialClaim] [newDirectOrderHiring] - Entering JobSite
[INFO ] 2023-02-02 15:49:15.432 [directOrder.TG_5802_DirectOrderParialClaim] [newDirectOrderHiring] - JobSite entered successfully
[INFO ] 2023-02-02 15:49:15.433 [directOrder.TG_5802_DirectOrderParialClaim] [newDirectOrderHiring] - Entering JobTitle
[INFO ] 2023-02-02 15:49:24.631 [directOrder.TG_5802_DirectOrderParialClaim] [newDirectOrderHiring] - JobTitle entered successfully
[INFO ] 2023-02-02 15:49:24.636 [directOrder.TG_5802_DirectOrderParialClaim] [newDirectOrderHiring] - Entering No Of Workers
[INFO ] 2023-02-02 15:49:29.827 [directOrder.TG_5802_DirectOrderParialClaim] [newDirectOrderHiring] - NoOfWorkers entered successfully
[INFO ] 2023-02-02 15:49:29.828 [directOrder.TG_5802_DirectOrderParialClaim] [newDirectOrderHiring] - Entering ESignature
[INFO ] 2023-02-02 15:49:32.991 [directOrder.TG_5802_DirectOrderParialClaim] [newDirectOrderHiring] - ESignature entered successfully
[INFO ] 2023-02-02 15:49:32.993 [directOrder.TG_5802_DirectOrderParialClaim] [newDirectOrderHiring] - clickAgreeContract
[INFO ] 2023-02-02 15:49:33.209 [directOrder.TG_5802_DirectOrderParialClaim] [newDirectOrderHiring] - clickAgreeContract successfully
[INFO ] 2023-02-02 15:49:33.210 [directOrder.TG_5802_DirectOrderParialClaim] [newDirectOrderHiring] - clickSaveButton
[INFO ] 2023-02-02 15:49:33.434 [directOrder.TG_5802_DirectOrderParialClaim] [newDirectOrderHiring] - SaveButton Clicked successfully
[INFO ] 2023-02-02 15:49:41.895 [directOrder.TG_5802_DirectOrderParialClaim] [newDirectOrderHiring] - Job order link present on the home page clicked
[INFO ] 2023-02-02 15:49:51.199 [directOrder.TG_5802_DirectOrderParialClaim] [newDirectOrderHiring] - Verify Job Order Id and Email Successfully
[INFO ] 2023-02-02 15:50:04.705 [directOrder.TG_5802_DirectOrderParialClaim] [TG_3869_VerifyUserclicksJobOrderItNavigatestoJobOrderForm] - Entering Username
[INFO ] 2023-02-02 15:50:04.707 [directOrder.TG_5802_DirectOrderParialClaim] [enterUsername] - Entering new user's first name
[INFO ] 2023-02-02 15:50:04.831 [directOrder.TG_5802_DirectOrderParialClaim] [enterUsername] - User's first name entered successfully
[INFO ] 2023-02-02 15:50:04.831 [directOrder.TG_5802_DirectOrderParialClaim] [TG_3869_VerifyUserclicksJobOrderItNavigatestoJobOrderForm] - Username Entered Successfully
[INFO ] 2023-02-02 15:50:04.831 [directOrder.TG_5802_DirectOrderParialClaim] [TG_3869_VerifyUserclicksJobOrderItNavigatestoJobOrderForm] - Entering Password
[INFO ] 2023-02-02 15:50:04.831 [directOrder.TG_5802_DirectOrderParialClaim] [enterPassword] - Entering new user's last name
[INFO ] 2023-02-02 15:50:04.981 [directOrder.TG_5802_DirectOrderParialClaim] [enterPassword] - User's last name entered successfully
[INFO ] 2023-02-02 15:50:04.982 [directOrder.TG_5802_DirectOrderParialClaim] [TG_3869_VerifyUserclicksJobOrderItNavigatestoJobOrderForm] - Password Entered Successfully
[INFO ] 2023-02-02 15:50:04.982 [directOrder.TG_5802_DirectOrderParialClaim] [TG_3869_VerifyUserclicksJobOrderItNavigatestoJobOrderForm] - Clicking on Login Button
[INFO ] 2023-02-02 15:50:04.982 [directOrder.TG_5802_DirectOrderParialClaim] [clickLoginButton] - Clicking on Login Button
[INFO ] 2023-02-02 15:50:05.127 [directOrder.TG_5802_DirectOrderParialClaim] [clickLoginButton] - Close Pop Up clicked successfully
[INFO ] 2023-02-02 15:50:05.128 [directOrder.TG_5802_DirectOrderParialClaim] [TG_3869_VerifyUserclicksJobOrderItNavigatestoJobOrderForm] - Login Button Clicked Successfully
[INFO ] 2023-02-02 15:50:08.134 [directOrder.TG_5802_DirectOrderParialClaim] [TG_3869_VerifyUserclicksJobOrderItNavigatestoJobOrderForm] - Clicking on Notifications Icon
[INFO ] 2023-02-02 15:50:08.138 [directOrder.TG_5802_DirectOrderParialClaim] [clickNotificationIcon] - Clicking on Notifications
[INFO ] 2023-02-02 15:50:09.386 [directOrder.TG_5802_DirectOrderParialClaim] [clickNotificationIcon] - Notifications clicked successfully
[INFO ] 2023-02-02 15:50:09.387 [directOrder.TG_5802_DirectOrderParialClaim] [TG_3869_VerifyUserclicksJobOrderItNavigatestoJobOrderForm] - Notifications Icon Clicked Successfully
[INFO ] 2023-02-02 15:50:11.390 [directOrder.TG_5802_DirectOrderParialClaim] [TG_3869_VerifyUserclicksJobOrderItNavigatestoJobOrderForm] - Verifying Notification Text
[INFO ] 2023-02-02 15:50:11.392 [directOrder.TG_5802_DirectOrderParialClaim] [verifyNotificationText] - Verify Direct Order Text in Notification
[INFO ] 2023-02-02 15:50:11.518 [directOrder.TG_5802_DirectOrderParialClaim] [verifyNotificationText] - Direct Order Text in Notification displayed successfully
[INFO ] 2023-02-02 15:50:11.533 [directOrder.TG_5802_DirectOrderParialClaim] [TG_3869_VerifyUserclicksJobOrderItNavigatestoJobOrderForm] - Notification Text Clicked Successfully
[INFO ] 2023-02-02 15:50:11.535 [directOrder.TG_5802_DirectOrderParialClaim] [clickJobOrderHomePage] - Clicking Job orders menu present on the staffing homepage navigates to joborder listing form 
[INFO ] 2023-02-02 15:50:15.196 [directOrder.TG_5802_DirectOrderParialClaim] [clickJobOrderHomePage] - All job orders menu present on the staffing hompage clicked successfully and navigates to joborder listing form  .
[INFO ] 2023-02-02 15:50:17.206 [directOrder.TG_5802_DirectOrderParialClaim] [verifyJobOrderPage] - Job order form is displayed
[INFO ] 2023-02-02 15:50:17.328 [directOrder.TG_5802_DirectOrderParialClaim] [verifyJobOrderPage] - Job orderform is displayed successfully
[INFO ] 2023-02-02 15:50:27.340 [directOrder.TG_5802_DirectOrderParialClaim] [selectParticularJobOrderFromListing] - Selecting Particular Joborder on the listing
[INFO ] 2023-02-02 15:50:37.638 [directOrder.TG_5802_DirectOrderParialClaim] [selectParticularJobOrderFromListing] - Particular Joborder on the listing selected successfully
[INFO ] 2023-02-02 15:50:42.653 [directOrder.TG_5802_DirectOrderParialClaim] [clickOrdersMenuOnStaffingHomePage] - Clicking Order menu present on the staffing homepage
[INFO ] 2023-02-02 15:50:42.815 [directOrder.TG_5802_DirectOrderParialClaim] [clickOrdersMenuOnStaffingHomePage] - Order menu present on the staffing hompage clicked successfully.
[INFO ] 2023-02-02 15:50:44.823 [directOrder.TG_5802_DirectOrderParialClaim] [clickDirectOrderNav] - Clicking on Direct Orders
[INFO ] 2023-02-02 15:50:45.597 [directOrder.TG_5802_DirectOrderParialClaim] [clickDirectOrderNav] - Direct orders clicked successfully
[INFO ] 2023-02-02 15:50:47.607 [directOrder.TG_5802_DirectOrderParialClaim] [selectParticularJobOrderFromListing] - Selecting Particular Joborder on the listing
[INFO ] 2023-02-02 15:50:57.729 [directOrder.TG_5802_DirectOrderParialClaim] [selectParticularJobOrderFromListing] - Particular Joborder on the listing selected successfully
[INFO ] 2023-02-02 15:51:02.808 [directOrder.TG_5802_DirectOrderParialClaim] [clickClaimOrderButton] - Clicking on Direct Orders
[INFO ] 2023-02-02 15:51:09.513 [directOrder.TG_5802_DirectOrderParialClaim] [clickClaimOrderButton] - Claim order button clicked successfully
[INFO ] 2023-02-02 15:51:11.525 [directOrder.TG_5802_DirectOrderParialClaim] [enterNoOfEmployeesClaim] - Entering the No. of Employees Claim
[INFO ] 2023-02-02 15:51:11.770 [directOrder.TG_5802_DirectOrderParialClaim] [enterNoOfEmployeesClaim] - No. of Employees Claim entered successfully
[INFO ] 2023-02-02 15:51:13.776 [directOrder.TG_5802_DirectOrderParialClaim] [enterESignature] - Entering the E-Signature
[INFO ] 2023-02-02 15:51:13.938 [directOrder.TG_5802_DirectOrderParialClaim] [enterESignature] - E-Signature entered successfully
[INFO ] 2023-02-02 15:51:15.940 [directOrder.TG_5802_DirectOrderParialClaim] [clickAgreeContract] - Clicking on Agree to Contract Button
[INFO ] 2023-02-02 15:51:16.087 [directOrder.TG_5802_DirectOrderParialClaim] [clickAgreeContract] - Agree to Contract Button clicked successfully
[INFO ] 2023-02-02 15:51:18.095 [directOrder.TG_5802_DirectOrderParialClaim] [clickSubmitClaim] - Clicking on Submit Claim Button
[INFO ] 2023-02-02 15:51:18.203 [directOrder.TG_5802_DirectOrderParialClaim] [clickSubmitClaim] - Submit Claim Button clicked successfully
[INFO ] 2023-02-02 15:51:53.219 [directOrder.TG_5802_DirectOrderParialClaim] [TG_5786_Partial_Claim] - Verify Auto Approve Text
[INFO ] 2023-02-02 15:51:53.236 [directOrder.TG_5802_DirectOrderParialClaim] [autoApproveText] - Verify Auto Approve Text
[INFO ] 2023-02-02 15:52:03.905 [directOrder.TG_5802_DirectOrderParialClaim] [autoApproveText] - Auto Approve Text displayed successfully
