[INFO ] 2023-02-26 20:14:32.960 [directOrder.TG_5802_DirectOrderPartialClaim] [enterUsername] - Entering new user's first name
[INFO ] 2023-02-26 20:14:34.947 [directOrder.TG_5802_DirectOrderPartialClaim] [enterUsername] - User's first name entered successfully
[INFO ] 2023-02-26 20:14:34.948 [directOrder.TG_5802_DirectOrderPartialClaim] [enterPassword] - Entering new user's last name
[INFO ] 2023-02-26 20:14:35.134 [directOrder.TG_5802_DirectOrderPartialClaim] [enterPassword] - User's last name entered successfully
[INFO ] 2023-02-26 20:14:35.135 [directOrder.TG_5802_DirectOrderPartialClaim] [clickLoginButton] - Clicking on Login Button
[INFO ] 2023-02-26 20:14:35.655 [directOrder.TG_5802_DirectOrderPartialClaim] [clickLoginButton] - Close Pop Up clicked successfully
[INFO ] 2023-02-26 20:14:35.656 [directOrder.TG_5802_DirectOrderPartialClaim] [clickStaffingCompanies] - Clicking on Staffing Companies Button
[INFO ] 2023-02-26 20:14:47.736 [directOrder.TG_5802_DirectOrderPartialClaim] [clickStaffingCompanies] - Staffing Companies Button clicked successfully
[INFO ] 2023-02-26 20:14:47.737 [directOrder.TG_5802_DirectOrderPartialClaim] [verifyStaffingCompanyList] - Verify Staffing Company List is displayed
[INFO ] 2023-02-26 20:14:48.301 [directOrder.TG_5802_DirectOrderPartialClaim] [verifyStaffingCompanyList] - Staffing Company List displayed successfully
[INFO ] 2023-02-26 20:14:48.301 [directOrder.TG_5802_DirectOrderPartialClaim] [clickDistanceFilter] - Clicking on Deny Button
[INFO ] 2023-02-26 20:14:48.583 [directOrder.TG_5802_DirectOrderPartialClaim] [clickDistanceFilter] - Deny Button clicked successfully
[INFO ] 2023-02-26 20:14:51.590 [directOrder.TG_5802_DirectOrderPartialClaim] [clickClearFilter] - Clicking on Deny Button
[INFO ] 2023-02-26 20:14:51.816 [directOrder.TG_5802_DirectOrderPartialClaim] [clickClearFilter] - Deny Button clicked successfully
[INFO ] 2023-02-26 20:15:02.832 [directOrder.TG_5802_DirectOrderPartialClaim] [clickHundredFilter] - Clicking on 100 records button
[INFO ] 2023-02-26 20:15:03.130 [directOrder.TG_5802_DirectOrderPartialClaim] [clickHundredFilter] - 100 records button clicked Successfully
[INFO ] 2023-02-26 20:15:08.143 [directOrder.TG_5802_DirectOrderPartialClaim] [clickStaffingCompanyDirectOrder] - Clicking on Staffing Companies Button
[INFO ] 2023-02-26 20:15:10.300 [directOrder.TG_5802_DirectOrderPartialClaim] [clickStaffingCompanyDirectOrder] - Staffing Companies Button clicked successfully
[INFO ] 2023-02-26 20:15:13.311 [directOrder.TG_5802_DirectOrderPartialClaim] [clickPlaceOrderButton] - Clicking on Staffing Company
[INFO ] 2023-02-26 20:15:13.500 [directOrder.TG_5802_DirectOrderPartialClaim] [clickPlaceOrderButton] - Staffing Company clicked successfully
[INFO ] 2023-02-26 20:15:13.501 [directOrder.TG_5802_DirectOrderPartialClaim] [enterEstDailyHours] - Entering EstDailyHours
[INFO ] 2023-02-26 20:15:21.828 [directOrder.TG_5802_DirectOrderPartialClaim] [enterEstDailyHours] - EstDailyHours entered successfully
[INFO ] 2023-02-26 20:15:23.836 [directOrder.TG_5802_DirectOrderPartialClaim] [enterStartDate] - Entering StartDate
[INFO ] 2023-02-26 20:15:29.224 [directOrder.TG_5802_DirectOrderPartialClaim] [enterStartDate] - StartDate entered successfully
[INFO ] 2023-02-26 20:15:31.238 [directOrder.TG_5802_DirectOrderPartialClaim] [enterEndDate] - Entering EndDate
[INFO ] 2023-02-26 20:15:36.789 [directOrder.TG_5802_DirectOrderPartialClaim] [enterEndDate] - EndDate entered successfully
[INFO ] 2023-02-26 20:15:38.811 [directOrder.TG_5802_DirectOrderPartialClaim] [enterStartTime] - Entering StartTime
[INFO ] 2023-02-26 20:15:39.727 [directOrder.TG_5802_DirectOrderPartialClaim] [enterStartTime] - StartTime entered successfully
[INFO ] 2023-02-26 20:15:41.743 [directOrder.TG_5802_DirectOrderPartialClaim] [enterAvailability] - Entering Availability
[INFO ] 2023-02-26 20:15:41.969 [directOrder.TG_5802_DirectOrderPartialClaim] [enterAvailability] - Availabilit entered successfully
[INFO ] 2023-02-26 20:15:41.969 [directOrder.TG_5802_DirectOrderPartialClaim] [enterJobSite] - Entering JobSite
[INFO ] 2023-02-26 20:15:46.461 [directOrder.TG_5802_DirectOrderPartialClaim] [enterJobSite] - JobSite entered successfully
[INFO ] 2023-02-26 20:15:48.471 [directOrder.TG_5802_DirectOrderPartialClaim] [enterJobTitle] - Entering JobTitle
[INFO ] 2023-02-26 20:15:49.489 [directOrder.TG_5802_DirectOrderPartialClaim] [enterJobTitle] - JobTitle entered successfully
[INFO ] 2023-02-26 20:15:51.495 [directOrder.TG_5802_DirectOrderPartialClaim] [enterNoOfWorker] - Entering No Of Workers
[INFO ] 2023-02-26 20:15:51.610 [directOrder.TG_5802_DirectOrderPartialClaim] [enterNoOfWorker] - NoOfWorkers entered successfully
[INFO ] 2023-02-26 20:15:53.618 [directOrder.TG_5802_DirectOrderPartialClaim] [enterESignature] - Entering ESignature
[INFO ] 2023-02-26 20:15:53.769 [directOrder.TG_5802_DirectOrderPartialClaim] [enterESignature] - ESignature entered successfully
[INFO ] 2023-02-26 20:15:53.769 [directOrder.TG_5802_DirectOrderPartialClaim] [clickAgreeContract] - clickAgreeContract
[INFO ] 2023-02-26 20:15:53.907 [directOrder.TG_5802_DirectOrderPartialClaim] [clickAgreeContract] - clickAgreeContract successfully
[INFO ] 2023-02-26 20:15:53.907 [directOrder.TG_5802_DirectOrderPartialClaim] [VerifyUserRedirectToNewOrderFormViaDirectOrder] - Started==Verifying Job Order Id And Popup that Email Sent Successfully
[INFO ] 2023-02-26 20:16:16.886 [directOrder.TG_5802_DirectOrderPartialClaim] [getTextHiringId] - Job order link present on the home page clicked
[INFO ] 2023-02-26 20:16:25.051 [directOrder.TG_5802_DirectOrderPartialClaim] [getTextHiringId] - Verify Job Order Id and Email Successfully
[INFO ] 2023-02-26 20:16:37.297 [directOrder.TG_5802_DirectOrderPartialClaim] [enterUsername] - Entering new user's first name
[INFO ] 2023-02-26 20:16:37.434 [directOrder.TG_5802_DirectOrderPartialClaim] [enterUsername] - User's first name entered successfully
[INFO ] 2023-02-26 20:16:37.435 [directOrder.TG_5802_DirectOrderPartialClaim] [enterPassword] - Entering new user's last name
[INFO ] 2023-02-26 20:16:37.552 [directOrder.TG_5802_DirectOrderPartialClaim] [enterPassword] - User's last name entered successfully
[INFO ] 2023-02-26 20:16:37.552 [directOrder.TG_5802_DirectOrderPartialClaim] [clickLoginButton] - Clicking on Login Button
[INFO ] 2023-02-26 20:16:38.282 [directOrder.TG_5802_DirectOrderPartialClaim] [clickLoginButton] - Close Pop Up clicked successfully
[INFO ] 2023-02-26 20:16:41.289 [directOrder.TG_5802_DirectOrderPartialClaim] [clickNotificationIcon] - Clicking on Notifications
[INFO ] 2023-02-26 20:16:44.072 [directOrder.TG_5802_DirectOrderPartialClaim] [clickNotificationIcon] - Notifications clicked successfully
[INFO ] 2023-02-26 20:16:46.081 [directOrder.TG_5802_DirectOrderPartialClaim] [verifyNotificationText] - Verify Direct Order Text in Notification
[INFO ] 2023-02-26 20:16:46.165 [directOrder.TG_5802_DirectOrderPartialClaim] [verifyNotificationText] - Direct Order Text in Notification displayed successfully
[INFO ] 2023-02-26 20:16:46.173 [directOrder.TG_5802_DirectOrderPartialClaim] [clickJobOrderHomePage] - Clicking Job orders menu present on the staffing homepage navigates to joborder listing form 
[INFO ] 2023-02-26 20:16:49.403 [directOrder.TG_5802_DirectOrderPartialClaim] [clickJobOrderHomePage] - All job orders menu present on the staffing hompage clicked successfully and navigates to joborder listing form  .
[INFO ] 2023-02-26 20:16:51.443 [directOrder.TG_5802_DirectOrderPartialClaim] [verifyJobOrderPage] - Job order form is displayed
[INFO ] 2023-02-26 20:16:51.538 [directOrder.TG_5802_DirectOrderPartialClaim] [verifyJobOrderPage] - Job orderform is displayed successfully
[INFO ] 2023-02-26 20:17:01.566 [directOrder.TG_5802_DirectOrderPartialClaim] [selectParticularJobOrderFromListing] - Selecting Particular Joborder on the listing
[INFO ] 2023-02-26 20:17:11.814 [directOrder.TG_5802_DirectOrderPartialClaim] [selectParticularJobOrderFromListing] - Particular Joborder on the listing selected successfully
[INFO ] 2023-02-26 20:17:16.844 [directOrder.TG_5802_DirectOrderPartialClaim] [clickOrdersMenuOnStaffingHomePage] - Clicking Order menu present on the staffing homepage
[INFO ] 2023-02-26 20:17:17.028 [directOrder.TG_5802_DirectOrderPartialClaim] [clickOrdersMenuOnStaffingHomePage] - Order menu present on the staffing hompage clicked successfully.
[INFO ] 2023-02-26 20:17:19.036 [directOrder.TG_5802_DirectOrderPartialClaim] [clickDirectOrderNav] - Clicking on Direct Orders
[INFO ] 2023-02-26 20:17:20.463 [directOrder.TG_5802_DirectOrderPartialClaim] [clickDirectOrderNav] - Direct orders clicked successfully
[INFO ] 2023-02-26 20:17:22.474 [directOrder.TG_5802_DirectOrderPartialClaim] [selectParticularJobOrderFromListing] - Selecting Particular Joborder on the listing
[INFO ] 2023-02-26 20:17:32.622 [directOrder.TG_5802_DirectOrderPartialClaim] [selectParticularJobOrderFromListing] - Particular Joborder on the listing selected successfully
[INFO ] 2023-02-26 20:17:37.630 [directOrder.TG_5802_DirectOrderPartialClaim] [clickClaimOrderButton] - Clicking on Claim order Button
[INFO ] 2023-02-26 20:17:41.930 [directOrder.TG_5802_DirectOrderPartialClaim] [clickClaimOrderButton] - Claim order button clicked successfully
[INFO ] 2023-02-26 20:17:43.939 [directOrder.TG_5802_DirectOrderPartialClaim] [enterNoOfEmployeesClaim] - Entering the No. of Employees Claim
[INFO ] 2023-02-26 20:17:44.213 [directOrder.TG_5802_DirectOrderPartialClaim] [enterNoOfEmployeesClaim] - No. of Employees Claim entered successfully
[INFO ] 2023-02-26 20:17:46.220 [directOrder.TG_5802_DirectOrderPartialClaim] [enterESignature] - Entering the E-Signature
[INFO ] 2023-02-26 20:17:46.388 [directOrder.TG_5802_DirectOrderPartialClaim] [enterESignature] - E-Signature entered successfully
[INFO ] 2023-02-26 20:17:48.394 [directOrder.TG_5802_DirectOrderPartialClaim] [clickAgreeContract] - Clicking on Agree to Contract Button
[INFO ] 2023-02-26 20:17:48.522 [directOrder.TG_5802_DirectOrderPartialClaim] [clickAgreeContract] - Agree to Contract Button clicked successfully
[INFO ] 2023-02-26 20:17:50.528 [directOrder.TG_5802_DirectOrderPartialClaim] [clickSubmitClaim] - Clicking on Submit Claim Button
[INFO ] 2023-02-26 20:17:50.633 [directOrder.TG_5802_DirectOrderPartialClaim] [clickSubmitClaim] - Submit Claim Button clicked successfully
[INFO ] 2023-02-26 20:19:00.650 [directOrder.TG_5802_DirectOrderPartialClaim] [autoApproveText] - Verify Auto Approve Text
