[INFO ] 2023-03-30 16:22:56.844 [company.TG_4145_ClaimOrderForStaffing] [Tag_EndToEndFlowNewOrderHiring] - Started==Starting End To End Flow NewOrderHiring
[INFO ] 2023-03-30 16:23:00.537 [company.TG_4145_ClaimOrderForStaffing] [enterUsername] - Entering new user's first name
[INFO ] 2023-03-30 16:23:02.743 [company.TG_4145_ClaimOrderForStaffing] [enterUsername] - User's first name entered successfully
[INFO ] 2023-03-30 16:23:02.745 [company.TG_4145_ClaimOrderForStaffing] [enterPassword] - Entering new user's last name
[INFO ] 2023-03-30 16:23:03.001 [company.TG_4145_ClaimOrderForStaffing] [enterPassword] - User's last name entered successfully
[INFO ] 2023-03-30 16:23:03.002 [company.TG_4145_ClaimOrderForStaffing] [clickLoginButton] - Clicking on Login Button
[INFO ] 2023-03-30 16:23:03.681 [company.TG_4145_ClaimOrderForStaffing] [clickLoginButton] - Close Pop Up clicked successfully
[INFO ] 2023-03-30 16:23:03.683 [company.TG_4145_ClaimOrderForStaffing] [newOrderHiring] - Clicking on New Order Button
[INFO ] 2023-03-30 16:23:21.985 [company.TG_4145_ClaimOrderForStaffing] [newOrderHiring] - New Order Button clicked successfully
[INFO ] 2023-03-30 16:23:21.986 [company.TG_4145_ClaimOrderForStaffing] [newOrderHiring] - Entering EstDailyHours
[INFO ] 2023-03-30 16:23:32.325 [company.TG_4145_ClaimOrderForStaffing] [newOrderHiring] - EstDailyHours entered successfully
[INFO ] 2023-03-30 16:23:32.326 [company.TG_4145_ClaimOrderForStaffing] [newOrderHiring] - Entering StartDate
[INFO ] 2023-03-30 16:23:38.685 [company.TG_4145_ClaimOrderForStaffing] [newOrderHiring] - StartDate entered successfully
[INFO ] 2023-03-30 16:23:38.691 [company.TG_4145_ClaimOrderForStaffing] [newOrderHiring] - Entering EndDate
[INFO ] 2023-03-30 16:23:50.119 [company.TG_4145_ClaimOrderForStaffing] [newOrderHiring] - EndDate entered successfully
[INFO ] 2023-03-30 16:23:50.121 [company.TG_4145_ClaimOrderForStaffing] [newOrderHiring] - Entering StartTime
[INFO ] 2023-03-30 16:23:51.310 [company.TG_4145_ClaimOrderForStaffing] [newOrderHiring] - StartTime entered successfully
[INFO ] 2023-03-30 16:23:51.311 [company.TG_4145_ClaimOrderForStaffing] [newOrderHiring] - Entering Availability
[INFO ] 2023-03-30 16:23:51.779 [company.TG_4145_ClaimOrderForStaffing] [newOrderHiring] - Availabilit entered successfully
[INFO ] 2023-03-30 16:23:51.779 [company.TG_4145_ClaimOrderForStaffing] [newOrderHiring] - Entering JobSite
[INFO ] 2023-03-30 16:23:58.808 [company.TG_4145_ClaimOrderForStaffing] [newOrderHiring] - JobSite entered successfully
[INFO ] 2023-03-30 16:23:58.809 [company.TG_4145_ClaimOrderForStaffing] [newOrderHiring] - Entering JobTitle
[INFO ] 2023-03-30 16:24:08.428 [company.TG_4145_ClaimOrderForStaffing] [newOrderHiring] - JobTitle entered successfully
[INFO ] 2023-03-30 16:24:08.446 [company.TG_4145_ClaimOrderForStaffing] [newOrderHiring] - Entering No Of Workers
[INFO ] 2023-03-30 16:24:14.012 [company.TG_4145_ClaimOrderForStaffing] [newOrderHiring] - NoOfWorkers entered successfully
[INFO ] 2023-03-30 16:24:14.013 [company.TG_4145_ClaimOrderForStaffing] [newOrderHiring] - Entering ESignature
[INFO ] 2023-03-30 16:24:17.437 [company.TG_4145_ClaimOrderForStaffing] [newOrderHiring] - ESignature entered successfully
[INFO ] 2023-03-30 16:24:17.438 [company.TG_4145_ClaimOrderForStaffing] [newOrderHiring] - clickAgreeContract
[INFO ] 2023-03-30 16:24:17.808 [company.TG_4145_ClaimOrderForStaffing] [newOrderHiring] - clickAgreeContract successfully
[INFO ] 2023-03-30 16:24:17.808 [company.TG_4145_ClaimOrderForStaffing] [newOrderHiring] - clickSaveButton
[INFO ] 2023-03-30 16:24:18.130 [company.TG_4145_ClaimOrderForStaffing] [newOrderHiring] - SaveButton Clicked successfully
[INFO ] 2023-03-30 16:24:26.649 [company.TG_4145_ClaimOrderForStaffing] [newOrderHiring] - Job order link present on the home page clicked
[INFO ] 2023-03-30 16:24:34.964 [company.TG_4145_ClaimOrderForStaffing] [newOrderHiring] - Verify Job Order Id and Email Successfully
[INFO ] 2023-03-30 16:24:50.583 [company.TG_4145_ClaimOrderForStaffing] [enterUsername] - Entering new user's first name
[INFO ] 2023-03-30 16:24:50.983 [company.TG_4145_ClaimOrderForStaffing] [enterUsername] - User's first name entered successfully
[INFO ] 2023-03-30 16:24:50.983 [company.TG_4145_ClaimOrderForStaffing] [enterPassword] - Entering new user's last name
[INFO ] 2023-03-30 16:24:51.143 [company.TG_4145_ClaimOrderForStaffing] [enterPassword] - User's last name entered successfully
[INFO ] 2023-03-30 16:24:51.143 [company.TG_4145_ClaimOrderForStaffing] [clickLoginButton] - Clicking on Login Button
[INFO ] 2023-03-30 16:24:51.267 [company.TG_4145_ClaimOrderForStaffing] [clickLoginButton] - Close Pop Up clicked successfully
[INFO ] 2023-03-30 16:24:54.282 [company.TG_4145_ClaimOrderForStaffing] [clickJobOrderHomePage] - Clicking Job orders menu present on the staffing homepage navigates to joborder listing form 
[INFO ] 2023-03-30 16:25:02.247 [company.TG_4145_ClaimOrderForStaffing] [clickJobOrderHomePage] - All job orders menu present on the staffing hompage clicked successfully and navigates to joborder listing form  .
[INFO ] 2023-03-30 16:25:04.265 [company.TG_4145_ClaimOrderForStaffing] [verifyJobOrderPage] - Job order form is displayed
[INFO ] 2023-03-30 16:25:04.435 [company.TG_4145_ClaimOrderForStaffing] [verifyJobOrderPage] - Job orderform is displayed successfully
[INFO ] 2023-03-30 16:25:04.443 [company.TG_4145_ClaimOrderForStaffing] [verifyHeadCountAvaialblecolumnIsAvailableInJobOrderForm] - Check for column headcount available is present
[INFO ] 2023-03-30 16:25:04.508 [company.TG_4145_ClaimOrderForStaffing] [verifyHeadCountAvaialblecolumnIsAvailableInJobOrderForm] - Job order form displayed headcount column successfully
[INFO ] 2023-03-30 16:25:14.521 [company.TG_4145_ClaimOrderForStaffing] [selectParticularJobOrderFromListingStaffing] - Selecting Particular Joborder on the listing
[INFO ] 2023-03-30 16:25:24.728 [company.TG_4145_ClaimOrderForStaffing] [selectParticularJobOrderFromListingStaffing] - Particular Joborder on the listing selected successfully
[INFO ] 2023-03-30 16:25:26.735 [company.TG_4145_ClaimOrderForStaffing] [VerifyResumeRequiredBoxIsUnchecked] - Checking Resume required Box is Unchecked
[INFO ] 2023-03-30 16:25:30.281 [company.TG_4145_ClaimOrderForStaffing] [VerifyResumeRequiredBoxIsUnchecked] - Resume required Box is Unchecked successfully
[INFO ] 2023-03-30 16:25:30.282 [company.TG_4145_ClaimOrderForStaffing] [VerifyClaimOrderVisible] - Checking Claim order Button is Visible
[INFO ] 2023-03-30 16:25:31.172 [company.TG_4145_ClaimOrderForStaffing] [VerifyClaimOrderVisible] - Claim order Button is displayed successfully
[INFO ] 2023-03-30 16:25:31.173 [company.TG_4145_ClaimOrderForStaffing] [clickClaimOrderButton] - Clicking on Claim order Button
[INFO ] 2023-03-30 16:25:31.251 [company.TG_4145_ClaimOrderForStaffing] [clickClaimOrderButton] - Claim order button clicked successfully
[INFO ] 2023-03-30 16:25:33.258 [company.TG_4145_ClaimOrderForStaffing] [verifyNewClaimOrderPage] - While clicking claim order it should navigate to New order
[INFO ] 2023-03-30 16:25:33.356 [company.TG_4145_ClaimOrderForStaffing] [verifyNewClaimOrderPage] - While clicking claim order successfully navigates to New order
[INFO ] 2023-03-30 16:25:35.365 [company.TG_4145_ClaimOrderForStaffing] [clickSubmitClaim] - Clicking on Submit Claim Button
[INFO ] 2023-03-30 16:25:40.764 [company.TG_4145_ClaimOrderForStaffing] [clickSubmitClaim] - Submit Claim Button clicked successfully
[INFO ] 2023-03-30 16:25:40.765 [company.TG_4145_ClaimOrderForStaffing] [verifyMandatoryFieldErrorMessage] - Check for all mandatory fiels entered
[INFO ] 2023-03-30 16:25:40.965 [company.TG_4145_ClaimOrderForStaffing] [verifyMandatoryFieldErrorMessage] - Error message displayed successfully
[INFO ] 2023-03-30 16:25:40.966 [company.TG_4145_ClaimOrderForStaffing] [clickCloseIcon] - Clicking on Close Icon
[INFO ] 2023-03-30 16:25:44.138 [company.TG_4145_ClaimOrderForStaffing] [clickCloseIcon] - Close Icon clicked successfully
[INFO ] 2023-03-30 16:25:49.152 [company.TG_4145_ClaimOrderForStaffing] [verifyNoOfEmployeesClaimNotAcceptAlphabet] - Check for'No.of.Employees to claim' by entering alphabet
[INFO ] 2023-03-30 16:25:49.331 [company.TG_4145_ClaimOrderForStaffing] [verifyNoOfEmployeesClaimNotAcceptAlphabet] - Alphabets entered in No. of Employees to Claim successfully
[INFO ] 2023-03-30 16:25:52.339 [company.TG_4145_ClaimOrderForStaffing] [clickSubmitClaim] - Clicking on Submit Claim Button
[INFO ] 2023-03-30 16:25:52.471 [company.TG_4145_ClaimOrderForStaffing] [clickSubmitClaim] - Submit Claim Button clicked successfully
[INFO ] 2023-03-30 16:25:55.475 [company.TG_4145_ClaimOrderForStaffing] [verifyMandatoryFieldErrorMessage] - Check for all mandatory fiels entered
[INFO ] 2023-03-30 16:25:55.591 [company.TG_4145_ClaimOrderForStaffing] [verifyMandatoryFieldErrorMessage] - Error message displayed successfully
[INFO ] 2023-03-30 16:25:58.599 [company.TG_4145_ClaimOrderForStaffing] [verifyMandatoryFieldErrorMessage] - Check for all mandatory fiels entered
[INFO ] 2023-03-30 16:25:58.751 [company.TG_4145_ClaimOrderForStaffing] [verifyMandatoryFieldErrorMessage] - Error message displayed successfully
[INFO ] 2023-03-30 16:26:01.758 [company.TG_4145_ClaimOrderForStaffing] [clickCloseIcon] - Clicking on Close Icon
[INFO ] 2023-03-30 16:26:04.952 [company.TG_4145_ClaimOrderForStaffing] [clickCloseIcon] - Close Icon clicked successfully
[INFO ] 2023-03-30 16:26:07.963 [company.TG_4145_ClaimOrderForStaffing] [verifyNoOfEmployeesClaimNotAcceptSpecialCharacters] - Check for'No.of.Employees to claim' by entering alphabet
[INFO ] 2023-03-30 16:26:08.158 [company.TG_4145_ClaimOrderForStaffing] [verifyNoOfEmployeesClaimNotAcceptSpecialCharacters] - Special Characters entered in No. of Employees to Claim successfully
[INFO ] 2023-03-30 16:26:08.159 [company.TG_4145_ClaimOrderForStaffing] [clickSubmitClaim] - Clicking on Submit Claim Button
[INFO ] 2023-03-30 16:26:08.257 [company.TG_4145_ClaimOrderForStaffing] [clickSubmitClaim] - Submit Claim Button clicked successfully
[INFO ] 2023-03-30 16:26:11.264 [company.TG_4145_ClaimOrderForStaffing] [verifyMandatoryFieldErrorMessage] - Check for all mandatory fiels entered
[INFO ] 2023-03-30 16:26:11.391 [company.TG_4145_ClaimOrderForStaffing] [verifyMandatoryFieldErrorMessage] - Error message displayed successfully
[INFO ] 2023-03-30 16:26:14.397 [company.TG_4145_ClaimOrderForStaffing] [verifyMandatoryFieldErrorMessage] - Check for all mandatory fiels entered
[INFO ] 2023-03-30 16:26:14.474 [company.TG_4145_ClaimOrderForStaffing] [verifyMandatoryFieldErrorMessage] - Error message displayed successfully
[INFO ] 2023-03-30 16:26:17.482 [company.TG_4145_ClaimOrderForStaffing] [clickCloseIcon] - Clicking on Close Icon
[INFO ] 2023-03-30 16:26:20.600 [company.TG_4145_ClaimOrderForStaffing] [clickCloseIcon] - Close Icon clicked successfully
[INFO ] 2023-03-30 16:26:22.608 [company.TG_4145_ClaimOrderForStaffing] [getRemainingEmployeeValue] - Entering No of Employees greater than Remaining Employees
[INFO ] 2023-03-30 16:26:22.714 [company.TG_4145_ClaimOrderForStaffing] [getRemainingEmployeeValue] - Entered No of Employees greater than Remaining Employees successfully
[INFO ] 2023-03-30 16:26:22.714 [company.TG_4145_ClaimOrderForStaffing] [enterNoOfEmployeesClaim] - Entering the No. of Employees Claim
[INFO ] 2023-03-30 16:26:22.798 [company.TG_4145_ClaimOrderForStaffing] [enterNoOfEmployeesClaim] - No. of Employees Claim entered successfully
[INFO ] 2023-03-30 16:26:25.806 [company.TG_4145_ClaimOrderForStaffing] [clickSubmitClaim] - Clicking on Submit Claim Button
[INFO ] 2023-03-30 16:26:25.959 [company.TG_4145_ClaimOrderForStaffing] [clickSubmitClaim] - Submit Claim Button clicked successfully
[INFO ] 2023-03-30 16:26:28.967 [company.TG_4145_ClaimOrderForStaffing] [verifyMandatoryFieldErrorMessage] - Check for all mandatory fiels entered
[INFO ] 2023-03-30 16:26:29.072 [company.TG_4145_ClaimOrderForStaffing] [verifyMandatoryFieldErrorMessage] - Error message displayed successfully
[INFO ] 2023-03-30 16:26:31.079 [company.TG_4145_ClaimOrderForStaffing] [clickCloseIcon] - Clicking on Close Icon
[INFO ] 2023-03-30 16:26:34.220 [company.TG_4145_ClaimOrderForStaffing] [clickCloseIcon] - Close Icon clicked successfully
[INFO ] 2023-03-30 16:26:36.226 [company.TG_4145_ClaimOrderForStaffing] [clearField] - Entering the No. of Employees Claim
[INFO ] 2023-03-30 16:26:36.359 [company.TG_4145_ClaimOrderForStaffing] [enterNoOfEmployeesClaim] - Entering the No. of Employees Claim
[INFO ] 2023-03-30 16:26:36.508 [company.TG_4145_ClaimOrderForStaffing] [enterNoOfEmployeesClaim] - No. of Employees Claim entered successfully
[INFO ] 2023-03-30 16:26:36.509 [company.TG_4145_ClaimOrderForStaffing] [clickSubmitClaim] - Clicking on Submit Claim Button
[INFO ] 2023-03-30 16:26:36.596 [company.TG_4145_ClaimOrderForStaffing] [clickSubmitClaim] - Submit Claim Button clicked successfully
[INFO ] 2023-03-30 16:26:36.596 [company.TG_4145_ClaimOrderForStaffing] [verifyMandatoryFieldErrorMessage] - Check for all mandatory fiels entered
[INFO ] 2023-03-30 16:26:37.189 [company.TG_4145_ClaimOrderForStaffing] [verifyMandatoryFieldErrorMessage] - Error message displayed successfully
[INFO ] 2023-03-30 16:26:37.189 [company.TG_4145_ClaimOrderForStaffing] [verifyMandatoryFieldErrorMessage] - Check for all mandatory fiels entered
[INFO ] 2023-03-30 16:26:37.241 [company.TG_4145_ClaimOrderForStaffing] [verifyMandatoryFieldErrorMessage] - Error message displayed successfully
[INFO ] 2023-03-30 16:26:37.242 [company.TG_4145_ClaimOrderForStaffing] [clickCloseIcon] - Clicking on Close Icon
[INFO ] 2023-03-30 16:26:40.329 [company.TG_4145_ClaimOrderForStaffing] [clickCloseIcon] - Close Icon clicked successfully
[INFO ] 2023-03-30 16:26:40.329 [company.TG_4145_ClaimOrderForStaffing] [enterESignature] - Entering the E-Signature
[INFO ] 2023-03-30 16:26:40.965 [company.TG_4145_ClaimOrderForStaffing] [enterESignature] - E-Signature entered successfully
[INFO ] 2023-03-30 16:26:40.967 [company.TG_4145_ClaimOrderForStaffing] [clickSubmitClaim] - Clicking on Submit Claim Button
[INFO ] 2023-03-30 16:26:41.090 [company.TG_4145_ClaimOrderForStaffing] [clickSubmitClaim] - Submit Claim Button clicked successfully
[INFO ] 2023-03-30 16:26:41.091 [company.TG_4145_ClaimOrderForStaffing] [verifyMandatoryFieldErrorMessage] - Check for all mandatory fiels entered
[INFO ] 2023-03-30 16:26:41.700 [company.TG_4145_ClaimOrderForStaffing] [verifyMandatoryFieldErrorMessage] - Error message displayed successfully
[INFO ] 2023-03-30 16:26:41.701 [company.TG_4145_ClaimOrderForStaffing] [verifyMandatoryFieldErrorMessage] - Check for all mandatory fiels entered
[INFO ] 2023-03-30 16:26:41.757 [company.TG_4145_ClaimOrderForStaffing] [verifyMandatoryFieldErrorMessage] - Error message displayed successfully
[INFO ] 2023-03-30 16:26:41.757 [company.TG_4145_ClaimOrderForStaffing] [clickCloseIcon] - Clicking on Close Icon
[INFO ] 2023-03-30 16:26:44.845 [company.TG_4145_ClaimOrderForStaffing] [clickCloseIcon] - Close Icon clicked successfully
[INFO ] 2023-03-30 16:26:44.847 [company.TG_4145_ClaimOrderForStaffing] [clickAgreeContract] - Clicking on Agree to Contract Button
[INFO ] 2023-03-30 16:26:45.179 [company.TG_4145_ClaimOrderForStaffing] [clickAgreeContract] - Agree to Contract Button clicked successfully
[INFO ] 2023-03-30 16:26:45.180 [company.TG_4145_ClaimOrderForStaffing] [verifySubmitButtonIsVisible] - Check SubmitClaim Button is Visible
[INFO ] 2023-03-30 16:26:45.230 [company.TG_4145_ClaimOrderForStaffing] [verifySubmitButtonIsVisible] - Submit claim button  is displayed successfully
[INFO ] 2023-03-30 16:26:45.230 [company.TG_4145_ClaimOrderForStaffing] [verifyCancelButtonIsVisible] - Check cnacel button is visible
[INFO ] 2023-03-30 16:26:45.283 [company.TG_4145_ClaimOrderForStaffing] [verifyCancelButtonIsVisible] - Cancel claim button displayed successfully
[INFO ] 2023-03-30 16:26:45.283 [company.TG_4145_ClaimOrderForStaffing] [clickSubmitClaim] - Clicking on Submit Claim Button
[INFO ] 2023-03-30 16:26:45.339 [company.TG_4145_ClaimOrderForStaffing] [clickSubmitClaim] - Submit Claim Button clicked successfully
[INFO ] 2023-03-30 16:26:45.339 [company.TG_4145_ClaimOrderForStaffing] [verifyEmailSuccessMessage] - Check for submission of Claim Order
[INFO ] 2023-03-30 16:26:56.055 [company.TG_4145_ClaimOrderForStaffing] [verifyEmailSuccessMessage] - Claim Order Submitted Successfully
[INFO ] 2023-03-30 16:27:13.515 [company.TG_4145_ClaimOrderForStaffing] [enterUsername] - Entering new user's first name
[INFO ] 2023-03-30 16:27:13.648 [company.TG_4145_ClaimOrderForStaffing] [enterUsername] - User's first name entered successfully
[INFO ] 2023-03-30 16:27:13.650 [company.TG_4145_ClaimOrderForStaffing] [enterPassword] - Entering new user's last name
[INFO ] 2023-03-30 16:27:13.763 [company.TG_4145_ClaimOrderForStaffing] [enterPassword] - User's last name entered successfully
[INFO ] 2023-03-30 16:27:13.763 [company.TG_4145_ClaimOrderForStaffing] [clickLoginButton] - Clicking on Login Button
[INFO ] 2023-03-30 16:27:13.925 [company.TG_4145_ClaimOrderForStaffing] [clickLoginButton] - Close Pop Up clicked successfully
[INFO ] 2023-03-30 16:27:20.942 [company.TG_4145_ClaimOrderForStaffing] [clickOrdersMenuOnHiringHomePage] - Clicking Order menu present on the Hiring homepage
[INFO ] 2023-03-30 16:27:21.777 [company.TG_4145_ClaimOrderForStaffing] [clickOrdersMenuOnHiringHomePage] - Order menu present on the Hiring hompage clicked successfully.
[INFO ] 2023-03-30 16:27:40.056 [company.TG_4145_ClaimOrderForStaffing] [clickDeleteJobOrderButton] - Clicking on delete button present on Job Order detials page
[INFO ] 2023-03-30 16:27:40.191 [company.TG_4145_ClaimOrderForStaffing] [clickDeleteJobOrderButton] - Delete button present on Job Order detials page clicked
[INFO ] 2023-03-30 16:27:43.396 [company.TG_4145_ClaimOrderForStaffing] [clickAcceptDeleteJobOrderRequestButton] - Clicking on confirm deletion button
[INFO ] 2023-03-30 16:27:43.495 [company.TG_4145_ClaimOrderForStaffing] [clickAcceptDeleteJobOrderRequestButton] - Confirm deletion button clicked
[INFO ] 2023-03-30 16:27:43.497 [company.TG_4145_ClaimOrderForStaffing] [verifyJobOrderDeleted] - Verifying that job order deleted via pop-up
[INFO ] 2023-03-30 16:27:43.885 [company.TG_4145_ClaimOrderForStaffing] [verifyJobOrderDeleted] - Verified that order deleted successfully
[DEBUG] 2023-03-30 16:27:44.884 [freemarker.cache] [debug] - Couldn't find template in cache for "spark/spark.spa.ftl"("en_IN", UTF-8, parsed); will try to load it.
[DEBUG] 2023-03-30 16:27:44.892 [freemarker.cache] [debug] - TemplateLoader.findTemplateSource("spark/spark.spa_en_IN.ftl"): Not found
[DEBUG] 2023-03-30 16:27:44.897 [freemarker.cache] [debug] - TemplateLoader.findTemplateSource("spark/spark.spa_en.ftl"): Not found
[DEBUG] 2023-03-30 16:27:44.898 [freemarker.cache] [debug] - TemplateLoader.findTemplateSource("spark/spark.spa.ftl"): Found
[DEBUG] 2023-03-30 16:27:44.899 [freemarker.cache] [debug] - Loading template for "spark/spark.spa.ftl"("en_IN", UTF-8, parsed) from "jar:file:/Users/amandeep.singh/.m2/repository/com/aventstack/extentreports/5.0.7/extentreports-5.0.7.jar!/com/aventstack/extentreports/templates/spark/spark.spa.ftl"
[DEBUG] 2023-03-30 16:27:44.964 [freemarker.cache] [debug] - Couldn't find template in cache for "commons/commons-variables.ftl"("en_IN", UTF-8, parsed); will try to load it.
[DEBUG] 2023-03-30 16:27:44.966 [freemarker.cache] [debug] - TemplateLoader.findTemplateSource("commons/commons-variables_en_IN.ftl"): Not found
[DEBUG] 2023-03-30 16:27:44.966 [freemarker.cache] [debug] - TemplateLoader.findTemplateSource("commons/commons-variables_en.ftl"): Not found
[DEBUG] 2023-03-30 16:27:44.968 [freemarker.cache] [debug] - TemplateLoader.findTemplateSource("commons/commons-variables.ftl"): Found
[DEBUG] 2023-03-30 16:27:44.968 [freemarker.cache] [debug] - Loading template for "commons/commons-variables.ftl"("en_IN", UTF-8, parsed) from "jar:file:/Users/amandeep.singh/.m2/repository/com/aventstack/extentreports/5.0.7/extentreports-5.0.7.jar!/com/aventstack/extentreports/templates/commons/commons-variables.ftl"
[DEBUG] 2023-03-30 16:27:45.184 [freemarker.cache] [debug] - Couldn't find template in cache for "commons/commons-macros.ftl"("en_IN", UTF-8, parsed); will try to load it.
[DEBUG] 2023-03-30 16:27:45.188 [freemarker.cache] [debug] - TemplateLoader.findTemplateSource("commons/commons-macros_en_IN.ftl"): Not found
[DEBUG] 2023-03-30 16:27:45.189 [freemarker.cache] [debug] - TemplateLoader.findTemplateSource("commons/commons-macros_en.ftl"): Not found
[DEBUG] 2023-03-30 16:27:45.191 [freemarker.cache] [debug] - TemplateLoader.findTemplateSource("commons/commons-macros.ftl"): Found
[DEBUG] 2023-03-30 16:27:45.191 [freemarker.cache] [debug] - Loading template for "commons/commons-macros.ftl"("en_IN", UTF-8, parsed) from "jar:file:/Users/amandeep.singh/.m2/repository/com/aventstack/extentreports/5.0.7/extentreports-5.0.7.jar!/com/aventstack/extentreports/templates/commons/commons-macros.ftl"
[DEBUG] 2023-03-30 16:27:45.204 [freemarker.cache] [debug] - Couldn't find template in cache for "spark/macros/attributes.ftl"("en_IN", UTF-8, parsed); will try to load it.
[DEBUG] 2023-03-30 16:27:45.205 [freemarker.cache] [debug] - TemplateLoader.findTemplateSource("spark/macros/attributes_en_IN.ftl"): Not found
[DEBUG] 2023-03-30 16:27:45.207 [freemarker.cache] [debug] - TemplateLoader.findTemplateSource("spark/macros/attributes_en.ftl"): Not found
[DEBUG] 2023-03-30 16:27:45.208 [freemarker.cache] [debug] - TemplateLoader.findTemplateSource("spark/macros/attributes.ftl"): Found
[DEBUG] 2023-03-30 16:27:45.208 [freemarker.cache] [debug] - Loading template for "spark/macros/attributes.ftl"("en_IN", UTF-8, parsed) from "jar:file:/Users/amandeep.singh/.m2/repository/com/aventstack/extentreports/5.0.7/extentreports-5.0.7.jar!/com/aventstack/extentreports/templates/spark/macros/attributes.ftl"
[DEBUG] 2023-03-30 16:27:45.214 [freemarker.cache] [debug] - Couldn't find template in cache for "spark/macros/log.ftl"("en_IN", UTF-8, parsed); will try to load it.
[DEBUG] 2023-03-30 16:27:45.214 [freemarker.cache] [debug] - TemplateLoader.findTemplateSource("spark/macros/log_en_IN.ftl"): Not found
[DEBUG] 2023-03-30 16:27:45.215 [freemarker.cache] [debug] - TemplateLoader.findTemplateSource("spark/macros/log_en.ftl"): Not found
[DEBUG] 2023-03-30 16:27:45.216 [freemarker.cache] [debug] - TemplateLoader.findTemplateSource("spark/macros/log.ftl"): Found
[DEBUG] 2023-03-30 16:27:45.216 [freemarker.cache] [debug] - Loading template for "spark/macros/log.ftl"("en_IN", UTF-8, parsed) from "jar:file:/Users/amandeep.singh/.m2/repository/com/aventstack/extentreports/5.0.7/extentreports-5.0.7.jar!/com/aventstack/extentreports/templates/spark/macros/log.ftl"
[DEBUG] 2023-03-30 16:27:45.224 [freemarker.cache] [debug] - Couldn't find template in cache for "spark/macros/recurse_nodes.ftl"("en_IN", UTF-8, parsed); will try to load it.
[DEBUG] 2023-03-30 16:27:45.224 [freemarker.cache] [debug] - TemplateLoader.findTemplateSource("spark/macros/recurse_nodes_en_IN.ftl"): Not found
[DEBUG] 2023-03-30 16:27:45.225 [freemarker.cache] [debug] - TemplateLoader.findTemplateSource("spark/macros/recurse_nodes_en.ftl"): Not found
[DEBUG] 2023-03-30 16:27:45.225 [freemarker.cache] [debug] - TemplateLoader.findTemplateSource("spark/macros/recurse_nodes.ftl"): Found
[DEBUG] 2023-03-30 16:27:45.225 [freemarker.cache] [debug] - Loading template for "spark/macros/recurse_nodes.ftl"("en_IN", UTF-8, parsed) from "jar:file:/Users/amandeep.singh/.m2/repository/com/aventstack/extentreports/5.0.7/extentreports-5.0.7.jar!/com/aventstack/extentreports/templates/spark/macros/recurse_nodes.ftl"
[DEBUG] 2023-03-30 16:27:45.233 [freemarker.cache] [debug] - "spark/macros/log.ftl"("en_IN", UTF-8, parsed) cached copy not yet stale; using cached.
[DEBUG] 2023-03-30 16:27:45.234 [freemarker.cache] [debug] - Couldn't find template in cache for "spark/macros/attr-common.ftl"("en_IN", UTF-8, parsed); will try to load it.
[DEBUG] 2023-03-30 16:27:45.234 [freemarker.cache] [debug] - TemplateLoader.findTemplateSource("spark/macros/attr-common_en_IN.ftl"): Not found
[DEBUG] 2023-03-30 16:27:45.234 [freemarker.cache] [debug] - TemplateLoader.findTemplateSource("spark/macros/attr-common_en.ftl"): Not found
[DEBUG] 2023-03-30 16:27:45.234 [freemarker.cache] [debug] - TemplateLoader.findTemplateSource("spark/macros/attr-common.ftl"): Found
[DEBUG] 2023-03-30 16:27:45.235 [freemarker.cache] [debug] - Loading template for "spark/macros/attr-common.ftl"("en_IN", UTF-8, parsed) from "jar:file:/Users/amandeep.singh/.m2/repository/com/aventstack/extentreports/5.0.7/extentreports-5.0.7.jar!/com/aventstack/extentreports/templates/spark/macros/attr-common.ftl"
[DEBUG] 2023-03-30 16:27:45.242 [freemarker.cache] [debug] - Couldn't find template in cache for "spark/partials/head.ftl"("en_IN", UTF-8, parsed); will try to load it.
[DEBUG] 2023-03-30 16:27:45.243 [freemarker.cache] [debug] - TemplateLoader.findTemplateSource("spark/partials/head_en_IN.ftl"): Not found
[DEBUG] 2023-03-30 16:27:45.243 [freemarker.cache] [debug] - TemplateLoader.findTemplateSource("spark/partials/head_en.ftl"): Not found
[DEBUG] 2023-03-30 16:27:45.243 [freemarker.cache] [debug] - TemplateLoader.findTemplateSource("spark/partials/head.ftl"): Found
[DEBUG] 2023-03-30 16:27:45.243 [freemarker.cache] [debug] - Loading template for "spark/partials/head.ftl"("en_IN", UTF-8, parsed) from "jar:file:/Users/amandeep.singh/.m2/repository/com/aventstack/extentreports/5.0.7/extentreports-5.0.7.jar!/com/aventstack/extentreports/templates/spark/partials/head.ftl"
[DEBUG] 2023-03-30 16:27:45.248 [freemarker.cache] [debug] - Couldn't find template in cache for "commons/commons-inject-css.ftl"("en_IN", UTF-8, parsed); will try to load it.
[DEBUG] 2023-03-30 16:27:45.249 [freemarker.cache] [debug] - TemplateLoader.findTemplateSource("commons/commons-inject-css_en_IN.ftl"): Not found
[DEBUG] 2023-03-30 16:27:45.249 [freemarker.cache] [debug] - TemplateLoader.findTemplateSource("commons/commons-inject-css_en.ftl"): Not found
[DEBUG] 2023-03-30 16:27:45.249 [freemarker.cache] [debug] - TemplateLoader.findTemplateSource("commons/commons-inject-css.ftl"): Found
[DEBUG] 2023-03-30 16:27:45.249 [freemarker.cache] [debug] - Loading template for "commons/commons-inject-css.ftl"("en_IN", UTF-8, parsed) from "jar:file:/Users/amandeep.singh/.m2/repository/com/aventstack/extentreports/5.0.7/extentreports-5.0.7.jar!/com/aventstack/extentreports/templates/commons/commons-inject-css.ftl"
[DEBUG] 2023-03-30 16:27:45.250 [freemarker.cache] [debug] - Couldn't find template in cache for "spark/partials/navbar.ftl"("en_IN", UTF-8, parsed); will try to load it.
[DEBUG] 2023-03-30 16:27:45.250 [freemarker.cache] [debug] - TemplateLoader.findTemplateSource("spark/partials/navbar_en_IN.ftl"): Not found
[DEBUG] 2023-03-30 16:27:45.250 [freemarker.cache] [debug] - TemplateLoader.findTemplateSource("spark/partials/navbar_en.ftl"): Not found
[DEBUG] 2023-03-30 16:27:45.251 [freemarker.cache] [debug] - TemplateLoader.findTemplateSource("spark/partials/navbar.ftl"): Found
[DEBUG] 2023-03-30 16:27:45.251 [freemarker.cache] [debug] - Loading template for "spark/partials/navbar.ftl"("en_IN", UTF-8, parsed) from "jar:file:/Users/amandeep.singh/.m2/repository/com/aventstack/extentreports/5.0.7/extentreports-5.0.7.jar!/com/aventstack/extentreports/templates/spark/partials/navbar.ftl"
[DEBUG] 2023-03-30 16:27:45.263 [freemarker.cache] [debug] - Couldn't find template in cache for "spark/partials/sidenav.ftl"("en_IN", UTF-8, parsed); will try to load it.
[DEBUG] 2023-03-30 16:27:45.264 [freemarker.cache] [debug] - TemplateLoader.findTemplateSource("spark/partials/sidenav_en_IN.ftl"): Not found
[DEBUG] 2023-03-30 16:27:45.264 [freemarker.cache] [debug] - TemplateLoader.findTemplateSource("spark/partials/sidenav_en.ftl"): Not found
[DEBUG] 2023-03-30 16:27:45.264 [freemarker.cache] [debug] - TemplateLoader.findTemplateSource("spark/partials/sidenav.ftl"): Found
[DEBUG] 2023-03-30 16:27:45.264 [freemarker.cache] [debug] - Loading template for "spark/partials/sidenav.ftl"("en_IN", UTF-8, parsed) from "jar:file:/Users/amandeep.singh/.m2/repository/com/aventstack/extentreports/5.0.7/extentreports-5.0.7.jar!/com/aventstack/extentreports/templates/spark/partials/sidenav.ftl"
[DEBUG] 2023-03-30 16:27:45.278 [freemarker.cache] [debug] - Couldn't find template in cache for "spark/partials/dashboard.ftl"("en_IN", UTF-8, parsed); will try to load it.
[DEBUG] 2023-03-30 16:27:45.280 [freemarker.cache] [debug] - TemplateLoader.findTemplateSource("spark/partials/dashboard_en_IN.ftl"): Not found
[DEBUG] 2023-03-30 16:27:45.280 [freemarker.cache] [debug] - TemplateLoader.findTemplateSource("spark/partials/dashboard_en.ftl"): Not found
[DEBUG] 2023-03-30 16:27:45.280 [freemarker.cache] [debug] - TemplateLoader.findTemplateSource("spark/partials/dashboard.ftl"): Found
[DEBUG] 2023-03-30 16:27:45.281 [freemarker.cache] [debug] - Loading template for "spark/partials/dashboard.ftl"("en_IN", UTF-8, parsed) from "jar:file:/Users/amandeep.singh/.m2/repository/com/aventstack/extentreports/5.0.7/extentreports-5.0.7.jar!/com/aventstack/extentreports/templates/spark/partials/dashboard.ftl"
[DEBUG] 2023-03-30 16:27:45.380 [freemarker.cache] [debug] - Couldn't find template in cache for "spark/partials/category.ftl"("en_IN", UTF-8, parsed); will try to load it.
[DEBUG] 2023-03-30 16:27:45.381 [freemarker.cache] [debug] - TemplateLoader.findTemplateSource("spark/partials/category_en_IN.ftl"): Not found
[DEBUG] 2023-03-30 16:27:45.381 [freemarker.cache] [debug] - TemplateLoader.findTemplateSource("spark/partials/category_en.ftl"): Not found
[DEBUG] 2023-03-30 16:27:45.384 [freemarker.cache] [debug] - TemplateLoader.findTemplateSource("spark/partials/category.ftl"): Found
[DEBUG] 2023-03-30 16:27:45.385 [freemarker.cache] [debug] - Loading template for "spark/partials/category.ftl"("en_IN", UTF-8, parsed) from "jar:file:/Users/amandeep.singh/.m2/repository/com/aventstack/extentreports/5.0.7/extentreports-5.0.7.jar!/com/aventstack/extentreports/templates/spark/partials/category.ftl"
[DEBUG] 2023-03-30 16:27:45.399 [freemarker.cache] [debug] - Couldn't find template in cache for "spark/partials/test.ftl"("en_IN", UTF-8, parsed); will try to load it.
[DEBUG] 2023-03-30 16:27:45.400 [freemarker.cache] [debug] - TemplateLoader.findTemplateSource("spark/partials/test_en_IN.ftl"): Not found
[DEBUG] 2023-03-30 16:27:45.400 [freemarker.cache] [debug] - TemplateLoader.findTemplateSource("spark/partials/test_en.ftl"): Not found
[DEBUG] 2023-03-30 16:27:45.400 [freemarker.cache] [debug] - TemplateLoader.findTemplateSource("spark/partials/test.ftl"): Found
[DEBUG] 2023-03-30 16:27:45.400 [freemarker.cache] [debug] - Loading template for "spark/partials/test.ftl"("en_IN", UTF-8, parsed) from "jar:file:/Users/amandeep.singh/.m2/repository/com/aventstack/extentreports/5.0.7/extentreports-5.0.7.jar!/com/aventstack/extentreports/templates/spark/partials/test.ftl"
[DEBUG] 2023-03-30 16:27:45.434 [freemarker.cache] [debug] - Couldn't find template in cache for "spark/partials/standard-content.ftl"("en_IN", UTF-8, parsed); will try to load it.
[DEBUG] 2023-03-30 16:27:45.435 [freemarker.cache] [debug] - TemplateLoader.findTemplateSource("spark/partials/standard-content_en_IN.ftl"): Not found
[DEBUG] 2023-03-30 16:27:45.435 [freemarker.cache] [debug] - TemplateLoader.findTemplateSource("spark/partials/standard-content_en.ftl"): Not found
[DEBUG] 2023-03-30 16:27:45.436 [freemarker.cache] [debug] - TemplateLoader.findTemplateSource("spark/partials/standard-content.ftl"): Found
[DEBUG] 2023-03-30 16:27:45.436 [freemarker.cache] [debug] - Loading template for "spark/partials/standard-content.ftl"("en_IN", UTF-8, parsed) from "jar:file:/Users/amandeep.singh/.m2/repository/com/aventstack/extentreports/5.0.7/extentreports-5.0.7.jar!/com/aventstack/extentreports/templates/spark/partials/standard-content.ftl"
[DEBUG] 2023-03-30 16:27:45.465 [freemarker.cache] [debug] - Couldn't find template in cache for "spark/partials/scripts.ftl"("en_IN", UTF-8, parsed); will try to load it.
[DEBUG] 2023-03-30 16:27:45.466 [freemarker.cache] [debug] - TemplateLoader.findTemplateSource("spark/partials/scripts_en_IN.ftl"): Not found
[DEBUG] 2023-03-30 16:27:45.466 [freemarker.cache] [debug] - TemplateLoader.findTemplateSource("spark/partials/scripts_en.ftl"): Not found
[DEBUG] 2023-03-30 16:27:45.466 [freemarker.cache] [debug] - TemplateLoader.findTemplateSource("spark/partials/scripts.ftl"): Found
[DEBUG] 2023-03-30 16:27:45.467 [freemarker.cache] [debug] - Loading template for "spark/partials/scripts.ftl"("en_IN", UTF-8, parsed) from "jar:file:/Users/amandeep.singh/.m2/repository/com/aventstack/extentreports/5.0.7/extentreports-5.0.7.jar!/com/aventstack/extentreports/templates/spark/partials/scripts.ftl"
[DEBUG] 2023-03-30 16:27:45.468 [freemarker.cache] [debug] - Couldn't find template in cache for "commons/commons-inject-js.ftl"("en_IN", UTF-8, parsed); will try to load it.
[DEBUG] 2023-03-30 16:27:45.468 [freemarker.cache] [debug] - TemplateLoader.findTemplateSource("commons/commons-inject-js_en_IN.ftl"): Not found
[DEBUG] 2023-03-30 16:27:45.469 [freemarker.cache] [debug] - TemplateLoader.findTemplateSource("commons/commons-inject-js_en.ftl"): Not found
[DEBUG] 2023-03-30 16:27:45.469 [freemarker.cache] [debug] - TemplateLoader.findTemplateSource("commons/commons-inject-js.ftl"): Found
[DEBUG] 2023-03-30 16:27:45.469 [freemarker.cache] [debug] - Loading template for "commons/commons-inject-js.ftl"("en_IN", UTF-8, parsed) from "jar:file:/Users/amandeep.singh/.m2/repository/com/aventstack/extentreports/5.0.7/extentreports-5.0.7.jar!/com/aventstack/extentreports/templates/commons/commons-inject-js.ftl"
