[INFO ] 2023-01-19 22:09:10.899 [blockCompany.TG_4779_Block_Company] [LoginHiring] - Logging in
[INFO ] 2023-01-19 22:09:15.038 [blockCompany.TG_4779_Block_Company] [enterUsername] - Entering new user's first name
[INFO ] 2023-01-19 22:09:16.575 [blockCompany.TG_4779_Block_Company] [enterUsername] - User's first name entered successfully
[INFO ] 2023-01-19 22:09:16.575 [blockCompany.TG_4779_Block_Company] [enterPassword] - Entering new user's last name
[INFO ] 2023-01-19 22:09:16.757 [blockCompany.TG_4779_Block_Company] [enterPassword] - User's last name entered successfully
[INFO ] 2023-01-19 22:09:16.758 [blockCompany.TG_4779_Block_Company] [clickLoginButton] - Clicking on Login Button
[INFO ] 2023-01-19 22:09:17.258 [blockCompany.TG_4779_Block_Company] [clickLoginButton] - Close Pop Up clicked successfully
[INFO ] 2023-01-19 22:09:17.309 [blockCompany.TG_4779_Block_Company] [clickStaffingCompanies] - Clicking Staffing Companies
[INFO ] 2023-01-19 22:09:22.315 [blockCompany.TG_4779_Block_Company] [clickStaffingCompanies] - Clicking on Staffing Companies Button
[INFO ] 2023-01-19 22:09:24.990 [blockCompany.TG_4779_Block_Company] [clickStaffingCompanies] - Staffing Companies Button clicked successfully
[INFO ] 2023-01-19 22:09:25.038 [blockCompany.TG_4779_Block_Company] [verifyStaffingCompaniesList] - Verifying Staffing Company List
[INFO ] 2023-01-19 22:09:29.044 [blockCompany.TG_4779_Block_Company] [verifyStaffingCompanyList] - Verify Staffing Company List is displayed
[INFO ] 2023-01-19 22:09:29.224 [blockCompany.TG_4779_Block_Company] [verifyStaffingCompanyList] - Staffing Company List displayed successfully
[INFO ] 2023-01-19 22:09:29.266 [blockCompany.TG_4779_Block_Company] [clickStaffingCompany] - Clicking Staffing Company
[INFO ] 2023-01-19 22:09:34.272 [blockCompany.TG_4779_Block_Company] [clickHunderedFilter] - Clicking on 100 records button
[INFO ] 2023-01-19 22:09:34.567 [blockCompany.TG_4779_Block_Company] [clickHunderedFilter] - 100 records button clicked Successfully
[INFO ] 2023-01-19 22:09:37.574 [blockCompany.TG_4779_Block_Company] [clickStaffingCompany] - Clicking on Staffing Company
[INFO ] 2023-01-19 22:09:39.363 [blockCompany.TG_4779_Block_Company] [clickStaffingCompany] - Staffing Company clicked successfully
[INFO ] 2023-01-19 22:09:39.395 [blockCompany.TG_4779_Block_Company] [clickBlockButton] - Clicking Block Button
[INFO ] 2023-01-19 22:09:42.400 [blockCompany.TG_4779_Block_Company] [clickBlockButton] - Clicking on Block Button
[INFO ] 2023-01-19 22:09:42.549 [blockCompany.TG_4779_Block_Company] [clickBlockButton] - Block Button clicked successfully
[INFO ] 2023-01-19 22:09:45.583 [blockCompany.TG_4779_Block_Company] [verifyBlockCompanyPopUp] - Verifying Company Marked as Favorite
[INFO ] 2023-01-19 22:09:45.583 [blockCompany.TG_4779_Block_Company] [verifyBlockCompanyPopUp] - Verify Company Blocked Pop Up displayed
[INFO ] 2023-01-19 22:09:45.631 [blockCompany.TG_4779_Block_Company] [verifyBlockCompanyPopUp] - Company Blocked Pop Up displayed successfully
[INFO ] 2023-01-19 22:09:48.633 [blockCompany.TG_4779_Block_Company] [closePopUpButton] - Clicking on Close Pop Up
