[INFO ] 2023-02-21 21:46:11.661 [favoriteCompany.TG_4778_FavoriteStaffingCompany] [LoginHiring] - Logging in
[INFO ] 2023-02-21 21:46:16.236 [favoriteCompany.TG_4778_FavoriteStaffingCompany] [enterUsername] - Entering new user's first name
[INFO ] 2023-02-21 21:46:18.129 [favoriteCompany.TG_4778_FavoriteStaffingCompany] [enterUsername] - User's first name entered successfully
[INFO ] 2023-02-21 21:46:18.129 [favoriteCompany.TG_4778_FavoriteStaffingCompany] [enterPassword] - Entering new user's last name
[INFO ] 2023-02-21 21:46:18.371 [favoriteCompany.TG_4778_FavoriteStaffingCompany] [enterPassword] - User's last name entered successfully
[INFO ] 2023-02-21 21:46:18.372 [favoriteCompany.TG_4778_FavoriteStaffingCompany] [clickLoginButton] - Clicking on Login Button
[INFO ] 2023-02-21 21:46:18.919 [favoriteCompany.TG_4778_FavoriteStaffingCompany] [clickLoginButton] - Close Pop Up clicked successfully
[INFO ] 2023-02-21 21:46:18.971 [favoriteCompany.TG_4778_FavoriteStaffingCompany] [clickStaffingCompanies] - Clicking Staffing Companies
[INFO ] 2023-02-21 21:46:23.976 [favoriteCompany.TG_4778_FavoriteStaffingCompany] [clickStaffingCompanies] - Clicking on Staffing Companies Button
[INFO ] 2023-02-21 21:46:35.779 [favoriteCompany.TG_4778_FavoriteStaffingCompany] [clickStaffingCompanies] - Staffing Companies Button clicked successfully
[INFO ] 2023-02-21 21:46:35.804 [favoriteCompany.TG_4778_FavoriteStaffingCompany] [verifyStaffingCompaniesList] - Verifying Staffing Company List
[INFO ] 2023-02-21 21:46:39.809 [favoriteCompany.TG_4778_FavoriteStaffingCompany] [verifyStaffingCompanyList] - Verify Staffing Company List is displayed
[INFO ] 2023-02-21 21:46:39.941 [favoriteCompany.TG_4778_FavoriteStaffingCompany] [verifyStaffingCompanyList] - Staffing Company List displayed successfully
[INFO ] 2023-02-21 21:46:39.959 [favoriteCompany.TG_4778_FavoriteStaffingCompany] [clickHeartIcon] - Clicking Heart Icon
[INFO ] 2023-02-21 21:46:44.964 [favoriteCompany.TG_4778_FavoriteStaffingCompany] [markFavorite] - Marking as Favorite
[INFO ] 2023-02-21 21:46:45.240 [favoriteCompany.TG_4778_FavoriteStaffingCompany] [markFavorite] - Marked successfully
[INFO ] 2023-02-21 21:46:45.255 [favoriteCompany.TG_4778_FavoriteStaffingCompany] [verifyFavPopUp] - Verifying Company Marked as Favorite
[INFO ] 2023-02-21 21:46:45.255 [favoriteCompany.TG_4778_FavoriteStaffingCompany] [verifyFavPopUpMessage] - Veify the pop up message
[INFO ] 2023-02-21 21:46:47.210 [favoriteCompany.TG_4778_FavoriteStaffingCompany] [verifyFavPopUpMessage] - Pop Up Message Verified
[INFO ] 2023-02-21 21:46:50.217 [favoriteCompany.TG_4778_FavoriteStaffingCompany] [clickClosePopUp] - Verify Pop up closed sucessfully
[INFO ] 2023-02-21 21:46:50.413 [favoriteCompany.TG_4778_FavoriteStaffingCompany] [clickClosePopUp] - Pop up closed sucessfully
[INFO ] 2023-02-21 21:46:54.449 [favoriteCompany.TG_4778_FavoriteStaffingCompany] [verifyRemoveFromFavorites] - Removing from Favorites
[INFO ] 2023-02-21 21:46:58.456 [favoriteCompany.TG_4778_FavoriteStaffingCompany] [removeFavorite] - Removing from Favorites
[INFO ] 2023-02-21 21:46:58.593 [favoriteCompany.TG_4778_FavoriteStaffingCompany] [removeFavorite] - Removed from Favorites successfully
[INFO ] 2023-02-21 21:47:02.600 [favoriteCompany.TG_4778_FavoriteStaffingCompany] [clickClosePopUp] - Verify Pop up closed sucessfully
[INFO ] 2023-02-21 21:47:02.687 [favoriteCompany.TG_4778_FavoriteStaffingCompany] [clickClosePopUp] - Pop up closed sucessfully
