[INFO ] 2023-05-16 02:02:00.213 [jobOrder.TG_6130_RepeatDirectOrder] [enterUsername] - Entering new user's first name
[INFO ] 2023-05-16 02:02:03.637 [jobOrder.TG_6130_RepeatDirectOrder] [enterUsername] - User's first name entered successfully
[INFO ] 2023-05-16 02:02:03.638 [jobOrder.TG_6130_RepeatDirectOrder] [enterPassword] - Entering new user's last name
[INFO ] 2023-05-16 02:02:04.223 [jobOrder.TG_6130_RepeatDirectOrder] [enterPassword] - User's last name entered successfully
[INFO ] 2023-05-16 02:02:04.223 [jobOrder.TG_6130_RepeatDirectOrder] [clickLoginButton] - Clicking on Login Button
[INFO ] 2023-05-16 02:02:05.013 [jobOrder.TG_6130_RepeatDirectOrder] [clickLoginButton] - Close Pop Up clicked successfully
[INFO ] 2023-05-16 02:02:08.023 [jobOrder.TG_6130_RepeatDirectOrder] [clickOrdersMenuOnHiringHomePage] - Clicking Order menu present on the Hiring homepage
[INFO ] 2023-05-16 02:02:35.835 [jobOrder.TG_6130_RepeatDirectOrder] [clickOrdersMenuOnHiringHomePage] - Order menu present on the Hiring hompage clicked successfully.
[INFO ] 2023-05-16 02:02:45.851 [jobOrder.TG_6130_RepeatDirectOrder] [clickCompletedOrdersTab] - Clicking on the Completed Orders Tab 
[INFO ] 2023-05-16 02:02:46.592 [jobOrder.TG_6130_RepeatDirectOrder] [clickCompletedOrdersTab] - Completed Tab Clicked Successfully
[INFO ] 2023-05-16 02:03:01.605 [jobOrder.TG_6130_RepeatDirectOrder] [clickCompletedOrder] - Clicking on the Completed Order 
[INFO ] 2023-05-16 02:03:04.196 [jobOrder.TG_6130_RepeatDirectOrder] [clickCompletedOrder] - Completed Order Clicked Successfully
[INFO ] 2023-05-16 02:03:04.197 [jobOrder.TG_6130_RepeatDirectOrder] [getJobSiteText] - Getting Job site text
[INFO ] 2023-05-16 02:03:09.032 [jobOrder.TG_6130_RepeatDirectOrder] [getJobSiteText] - Got the text successfully
[INFO ] 2023-05-16 02:03:09.034 [jobOrder.TG_6130_RepeatDirectOrder] [getJobTitleText] - Getting Job Title text
[INFO ] 2023-05-16 02:03:09.526 [jobOrder.TG_6130_RepeatDirectOrder] [getJobTitleText] - Got the text successfully
[INFO ] 2023-05-16 02:03:09.526 [jobOrder.TG_6130_RepeatDirectOrder] [getJobIndustryText] - Getting Job Industry text
[INFO ] 2023-05-16 02:03:09.794 [jobOrder.TG_6130_RepeatDirectOrder] [getJobIndustryText] - Got the text successfully
[INFO ] 2023-05-16 02:03:09.795 [jobOrder.TG_6130_RepeatDirectOrder] [getESignature] - Getting ESignature Value
[INFO ] 2023-05-16 02:03:10.321 [jobOrder.TG_6130_RepeatDirectOrder] [getESignature] - Got the text successfully
[INFO ] 2023-05-16 02:03:12.330 [jobOrder.TG_6130_RepeatDirectOrder] [clickRepeatOrderButton] - Clicking on the Repeat Order Button
[INFO ] 2023-05-16 02:03:13.678 [jobOrder.TG_6130_RepeatDirectOrder] [clickRepeatOrderButton] - Repeat Order Button Clicked Successfully
[INFO ] 2023-05-16 02:03:13.679 [jobOrder.TG_6130_RepeatDirectOrder] [clickDirectOrderCheckbox] - Clicking on the Direct Order Checkbox
[INFO ] 2023-05-16 02:03:14.853 [jobOrder.TG_6130_RepeatDirectOrder] [clickDirectOrderCheckbox] - Direct Order Checkbox Clicked Successfully
[INFO ] 2023-05-16 02:03:14.854 [jobOrder.TG_6130_RepeatDirectOrder] [selectStaffingCompany] - Entering Staffing Company
[INFO ] 2023-05-16 02:03:15.261 [jobOrder.TG_6130_RepeatDirectOrder] [selectStaffingCompany] - Staffing Company entered successfully
[INFO ] 2023-05-16 02:03:15.262 [jobOrder.TG_6130_RepeatDirectOrder] [clickProceedButton] - Clicking on the Proceed Button
[INFO ] 2023-05-16 02:03:15.613 [jobOrder.TG_6130_RepeatDirectOrder] [clickProceedButton] - Proceed Button Clicked Successfully
[INFO ] 2023-05-16 02:03:15.614 [jobOrder.TG_6130_RepeatDirectOrder] [verifyJobSiteTextIsPresent] - Verifying same Job Site present
[INFO ] 2023-05-16 02:03:50.661 [jobOrder.TG_6130_RepeatDirectOrder] [verifyJobSiteTextIsPresent] - Same job site is present
[INFO ] 2023-05-16 02:03:50.671 [jobOrder.TG_6130_RepeatDirectOrder] [verifyJobTitleTextIsPresent] - Verifying same Job Title present
[INFO ] 2023-05-16 02:03:50.716 [jobOrder.TG_6130_RepeatDirectOrder] [verifyJobTitleTextIsPresent] - Same job Title is present
[INFO ] 2023-05-16 02:03:50.716 [jobOrder.TG_6130_RepeatDirectOrder] [verifyJobIndustryTextIsPresent] - Verifying same Job Industry present
[INFO ] 2023-05-16 02:03:50.884 [jobOrder.TG_6130_RepeatDirectOrder] [verifyJobIndustryTextIsPresent] - Same job Industry is present
[INFO ] 2023-05-16 02:03:50.885 [jobOrder.TG_6130_RepeatDirectOrder] [verifyESignatureTextIsPresent] - Verifying same Esignature present
[INFO ] 2023-05-16 02:04:50.031 [jobOrder.TG_6130_RepeatDirectOrder] [verifyESignatureTextIsPresent] - Same Esignature is present
[DEBUG] 2023-05-16 02:04:51.339 [freemarker.cache] [debug] - Couldn't find template in cache for "spark/spark.spa.ftl"("en_IN", UTF-8, parsed); will try to load it.
[DEBUG] 2023-05-16 02:04:51.356 [freemarker.cache] [debug] - TemplateLoader.findTemplateSource("spark/spark.spa_en_IN.ftl"): Not found
[DEBUG] 2023-05-16 02:04:51.360 [freemarker.cache] [debug] - TemplateLoader.findTemplateSource("spark/spark.spa_en.ftl"): Not found
[DEBUG] 2023-05-16 02:04:51.364 [freemarker.cache] [debug] - TemplateLoader.findTemplateSource("spark/spark.spa.ftl"): Found
[DEBUG] 2023-05-16 02:04:51.365 [freemarker.cache] [debug] - Loading template for "spark/spark.spa.ftl"("en_IN", UTF-8, parsed) from "jar:file:/Users/amandeep.singh/.m2/repository/com/aventstack/extentreports/5.0.7/extentreports-5.0.7.jar!/com/aventstack/extentreports/templates/spark/spark.spa.ftl"
[DEBUG] 2023-05-16 02:04:51.464 [freemarker.cache] [debug] - Couldn't find template in cache for "commons/commons-variables.ftl"("en_IN", UTF-8, parsed); will try to load it.
[DEBUG] 2023-05-16 02:04:51.465 [freemarker.cache] [debug] - TemplateLoader.findTemplateSource("commons/commons-variables_en_IN.ftl"): Not found
[DEBUG] 2023-05-16 02:04:51.465 [freemarker.cache] [debug] - TemplateLoader.findTemplateSource("commons/commons-variables_en.ftl"): Not found
[DEBUG] 2023-05-16 02:04:51.466 [freemarker.cache] [debug] - TemplateLoader.findTemplateSource("commons/commons-variables.ftl"): Found
[DEBUG] 2023-05-16 02:04:51.466 [freemarker.cache] [debug] - Loading template for "commons/commons-variables.ftl"("en_IN", UTF-8, parsed) from "jar:file:/Users/amandeep.singh/.m2/repository/com/aventstack/extentreports/5.0.7/extentreports-5.0.7.jar!/com/aventstack/extentreports/templates/commons/commons-variables.ftl"
[DEBUG] 2023-05-16 02:04:51.638 [freemarker.cache] [debug] - Couldn't find template in cache for "commons/commons-macros.ftl"("en_IN", UTF-8, parsed); will try to load it.
[DEBUG] 2023-05-16 02:04:51.641 [freemarker.cache] [debug] - TemplateLoader.findTemplateSource("commons/commons-macros_en_IN.ftl"): Not found
[DEBUG] 2023-05-16 02:04:51.641 [freemarker.cache] [debug] - TemplateLoader.findTemplateSource("commons/commons-macros_en.ftl"): Not found
[DEBUG] 2023-05-16 02:04:51.643 [freemarker.cache] [debug] - TemplateLoader.findTemplateSource("commons/commons-macros.ftl"): Found
[DEBUG] 2023-05-16 02:04:51.643 [freemarker.cache] [debug] - Loading template for "commons/commons-macros.ftl"("en_IN", UTF-8, parsed) from "jar:file:/Users/amandeep.singh/.m2/repository/com/aventstack/extentreports/5.0.7/extentreports-5.0.7.jar!/com/aventstack/extentreports/templates/commons/commons-macros.ftl"
[DEBUG] 2023-05-16 02:04:51.666 [freemarker.cache] [debug] - Couldn't find template in cache for "spark/macros/attributes.ftl"("en_IN", UTF-8, parsed); will try to load it.
[DEBUG] 2023-05-16 02:04:51.669 [freemarker.cache] [debug] - TemplateLoader.findTemplateSource("spark/macros/attributes_en_IN.ftl"): Not found
[DEBUG] 2023-05-16 02:04:51.672 [freemarker.cache] [debug] - TemplateLoader.findTemplateSource("spark/macros/attributes_en.ftl"): Not found
[DEBUG] 2023-05-16 02:04:51.676 [freemarker.cache] [debug] - TemplateLoader.findTemplateSource("spark/macros/attributes.ftl"): Found
[DEBUG] 2023-05-16 02:04:51.677 [freemarker.cache] [debug] - Loading template for "spark/macros/attributes.ftl"("en_IN", UTF-8, parsed) from "jar:file:/Users/amandeep.singh/.m2/repository/com/aventstack/extentreports/5.0.7/extentreports-5.0.7.jar!/com/aventstack/extentreports/templates/spark/macros/attributes.ftl"
[DEBUG] 2023-05-16 02:04:51.683 [freemarker.cache] [debug] - Couldn't find template in cache for "spark/macros/log.ftl"("en_IN", UTF-8, parsed); will try to load it.
[DEBUG] 2023-05-16 02:04:51.684 [freemarker.cache] [debug] - TemplateLoader.findTemplateSource("spark/macros/log_en_IN.ftl"): Not found
[DEBUG] 2023-05-16 02:04:51.685 [freemarker.cache] [debug] - TemplateLoader.findTemplateSource("spark/macros/log_en.ftl"): Not found
[DEBUG] 2023-05-16 02:04:51.686 [freemarker.cache] [debug] - TemplateLoader.findTemplateSource("spark/macros/log.ftl"): Found
[DEBUG] 2023-05-16 02:04:51.687 [freemarker.cache] [debug] - Loading template for "spark/macros/log.ftl"("en_IN", UTF-8, parsed) from "jar:file:/Users/amandeep.singh/.m2/repository/com/aventstack/extentreports/5.0.7/extentreports-5.0.7.jar!/com/aventstack/extentreports/templates/spark/macros/log.ftl"
[DEBUG] 2023-05-16 02:04:51.704 [freemarker.cache] [debug] - Couldn't find template in cache for "spark/macros/recurse_nodes.ftl"("en_IN", UTF-8, parsed); will try to load it.
[DEBUG] 2023-05-16 02:04:51.706 [freemarker.cache] [debug] - TemplateLoader.findTemplateSource("spark/macros/recurse_nodes_en_IN.ftl"): Not found
[DEBUG] 2023-05-16 02:04:51.707 [freemarker.cache] [debug] - TemplateLoader.findTemplateSource("spark/macros/recurse_nodes_en.ftl"): Not found
[DEBUG] 2023-05-16 02:04:51.709 [freemarker.cache] [debug] - TemplateLoader.findTemplateSource("spark/macros/recurse_nodes.ftl"): Found
[DEBUG] 2023-05-16 02:04:51.710 [freemarker.cache] [debug] - Loading template for "spark/macros/recurse_nodes.ftl"("en_IN", UTF-8, parsed) from "jar:file:/Users/amandeep.singh/.m2/repository/com/aventstack/extentreports/5.0.7/extentreports-5.0.7.jar!/com/aventstack/extentreports/templates/spark/macros/recurse_nodes.ftl"
[DEBUG] 2023-05-16 02:04:51.723 [freemarker.cache] [debug] - "spark/macros/log.ftl"("en_IN", UTF-8, parsed) cached copy not yet stale; using cached.
[DEBUG] 2023-05-16 02:04:51.724 [freemarker.cache] [debug] - Couldn't find template in cache for "spark/macros/attr-common.ftl"("en_IN", UTF-8, parsed); will try to load it.
[DEBUG] 2023-05-16 02:04:51.724 [freemarker.cache] [debug] - TemplateLoader.findTemplateSource("spark/macros/attr-common_en_IN.ftl"): Not found
[DEBUG] 2023-05-16 02:04:51.724 [freemarker.cache] [debug] - TemplateLoader.findTemplateSource("spark/macros/attr-common_en.ftl"): Not found
[DEBUG] 2023-05-16 02:04:51.725 [freemarker.cache] [debug] - TemplateLoader.findTemplateSource("spark/macros/attr-common.ftl"): Found
[DEBUG] 2023-05-16 02:04:51.725 [freemarker.cache] [debug] - Loading template for "spark/macros/attr-common.ftl"("en_IN", UTF-8, parsed) from "jar:file:/Users/amandeep.singh/.m2/repository/com/aventstack/extentreports/5.0.7/extentreports-5.0.7.jar!/com/aventstack/extentreports/templates/spark/macros/attr-common.ftl"
[DEBUG] 2023-05-16 02:04:51.743 [freemarker.cache] [debug] - Couldn't find template in cache for "spark/partials/head.ftl"("en_IN", UTF-8, parsed); will try to load it.
[DEBUG] 2023-05-16 02:04:51.744 [freemarker.cache] [debug] - TemplateLoader.findTemplateSource("spark/partials/head_en_IN.ftl"): Not found
[DEBUG] 2023-05-16 02:04:51.745 [freemarker.cache] [debug] - TemplateLoader.findTemplateSource("spark/partials/head_en.ftl"): Not found
[DEBUG] 2023-05-16 02:04:51.746 [freemarker.cache] [debug] - TemplateLoader.findTemplateSource("spark/partials/head.ftl"): Found
[DEBUG] 2023-05-16 02:04:51.746 [freemarker.cache] [debug] - Loading template for "spark/partials/head.ftl"("en_IN", UTF-8, parsed) from "jar:file:/Users/amandeep.singh/.m2/repository/com/aventstack/extentreports/5.0.7/extentreports-5.0.7.jar!/com/aventstack/extentreports/templates/spark/partials/head.ftl"
[DEBUG] 2023-05-16 02:04:51.754 [freemarker.cache] [debug] - Couldn't find template in cache for "commons/commons-inject-css.ftl"("en_IN", UTF-8, parsed); will try to load it.
[DEBUG] 2023-05-16 02:04:51.754 [freemarker.cache] [debug] - TemplateLoader.findTemplateSource("commons/commons-inject-css_en_IN.ftl"): Not found
[DEBUG] 2023-05-16 02:04:51.755 [freemarker.cache] [debug] - TemplateLoader.findTemplateSource("commons/commons-inject-css_en.ftl"): Not found
[DEBUG] 2023-05-16 02:04:51.755 [freemarker.cache] [debug] - TemplateLoader.findTemplateSource("commons/commons-inject-css.ftl"): Found
[DEBUG] 2023-05-16 02:04:51.755 [freemarker.cache] [debug] - Loading template for "commons/commons-inject-css.ftl"("en_IN", UTF-8, parsed) from "jar:file:/Users/amandeep.singh/.m2/repository/com/aventstack/extentreports/5.0.7/extentreports-5.0.7.jar!/com/aventstack/extentreports/templates/commons/commons-inject-css.ftl"
[DEBUG] 2023-05-16 02:04:51.759 [freemarker.cache] [debug] - Couldn't find template in cache for "spark/partials/navbar.ftl"("en_IN", UTF-8, parsed); will try to load it.
[DEBUG] 2023-05-16 02:04:51.760 [freemarker.cache] [debug] - TemplateLoader.findTemplateSource("spark/partials/navbar_en_IN.ftl"): Not found
[DEBUG] 2023-05-16 02:04:51.760 [freemarker.cache] [debug] - TemplateLoader.findTemplateSource("spark/partials/navbar_en.ftl"): Not found
[DEBUG] 2023-05-16 02:04:51.761 [freemarker.cache] [debug] - TemplateLoader.findTemplateSource("spark/partials/navbar.ftl"): Found
[DEBUG] 2023-05-16 02:04:51.761 [freemarker.cache] [debug] - Loading template for "spark/partials/navbar.ftl"("en_IN", UTF-8, parsed) from "jar:file:/Users/amandeep.singh/.m2/repository/com/aventstack/extentreports/5.0.7/extentreports-5.0.7.jar!/com/aventstack/extentreports/templates/spark/partials/navbar.ftl"
[DEBUG] 2023-05-16 02:04:51.769 [freemarker.cache] [debug] - Couldn't find template in cache for "spark/partials/sidenav.ftl"("en_IN", UTF-8, parsed); will try to load it.
[DEBUG] 2023-05-16 02:04:51.770 [freemarker.cache] [debug] - TemplateLoader.findTemplateSource("spark/partials/sidenav_en_IN.ftl"): Not found
[DEBUG] 2023-05-16 02:04:51.770 [freemarker.cache] [debug] - TemplateLoader.findTemplateSource("spark/partials/sidenav_en.ftl"): Not found
[DEBUG] 2023-05-16 02:04:51.770 [freemarker.cache] [debug] - TemplateLoader.findTemplateSource("spark/partials/sidenav.ftl"): Found
[DEBUG] 2023-05-16 02:04:51.770 [freemarker.cache] [debug] - Loading template for "spark/partials/sidenav.ftl"("en_IN", UTF-8, parsed) from "jar:file:/Users/amandeep.singh/.m2/repository/com/aventstack/extentreports/5.0.7/extentreports-5.0.7.jar!/com/aventstack/extentreports/templates/spark/partials/sidenav.ftl"
[DEBUG] 2023-05-16 02:04:51.784 [freemarker.cache] [debug] - Couldn't find template in cache for "spark/partials/dashboard.ftl"("en_IN", UTF-8, parsed); will try to load it.
[DEBUG] 2023-05-16 02:04:51.786 [freemarker.cache] [debug] - TemplateLoader.findTemplateSource("spark/partials/dashboard_en_IN.ftl"): Not found
[DEBUG] 2023-05-16 02:04:51.786 [freemarker.cache] [debug] - TemplateLoader.findTemplateSource("spark/partials/dashboard_en.ftl"): Not found
[DEBUG] 2023-05-16 02:04:51.787 [freemarker.cache] [debug] - TemplateLoader.findTemplateSource("spark/partials/dashboard.ftl"): Found
[DEBUG] 2023-05-16 02:04:51.787 [freemarker.cache] [debug] - Loading template for "spark/partials/dashboard.ftl"("en_IN", UTF-8, parsed) from "jar:file:/Users/amandeep.singh/.m2/repository/com/aventstack/extentreports/5.0.7/extentreports-5.0.7.jar!/com/aventstack/extentreports/templates/spark/partials/dashboard.ftl"
[DEBUG] 2023-05-16 02:04:51.884 [freemarker.cache] [debug] - Couldn't find template in cache for "spark/partials/category.ftl"("en_IN", UTF-8, parsed); will try to load it.
[DEBUG] 2023-05-16 02:04:51.885 [freemarker.cache] [debug] - TemplateLoader.findTemplateSource("spark/partials/category_en_IN.ftl"): Not found
[DEBUG] 2023-05-16 02:04:51.885 [freemarker.cache] [debug] - TemplateLoader.findTemplateSource("spark/partials/category_en.ftl"): Not found
[DEBUG] 2023-05-16 02:04:51.886 [freemarker.cache] [debug] - TemplateLoader.findTemplateSource("spark/partials/category.ftl"): Found
[DEBUG] 2023-05-16 02:04:51.887 [freemarker.cache] [debug] - Loading template for "spark/partials/category.ftl"("en_IN", UTF-8, parsed) from "jar:file:/Users/amandeep.singh/.m2/repository/com/aventstack/extentreports/5.0.7/extentreports-5.0.7.jar!/com/aventstack/extentreports/templates/spark/partials/category.ftl"
[DEBUG] 2023-05-16 02:04:51.897 [freemarker.cache] [debug] - Couldn't find template in cache for "spark/partials/test.ftl"("en_IN", UTF-8, parsed); will try to load it.
[DEBUG] 2023-05-16 02:04:51.897 [freemarker.cache] [debug] - TemplateLoader.findTemplateSource("spark/partials/test_en_IN.ftl"): Not found
[DEBUG] 2023-05-16 02:04:51.897 [freemarker.cache] [debug] - TemplateLoader.findTemplateSource("spark/partials/test_en.ftl"): Not found
[DEBUG] 2023-05-16 02:04:51.898 [freemarker.cache] [debug] - TemplateLoader.findTemplateSource("spark/partials/test.ftl"): Found
[DEBUG] 2023-05-16 02:04:51.898 [freemarker.cache] [debug] - Loading template for "spark/partials/test.ftl"("en_IN", UTF-8, parsed) from "jar:file:/Users/amandeep.singh/.m2/repository/com/aventstack/extentreports/5.0.7/extentreports-5.0.7.jar!/com/aventstack/extentreports/templates/spark/partials/test.ftl"
[DEBUG] 2023-05-16 02:04:51.911 [freemarker.cache] [debug] - Couldn't find template in cache for "spark/partials/standard-content.ftl"("en_IN", UTF-8, parsed); will try to load it.
[DEBUG] 2023-05-16 02:04:51.913 [freemarker.cache] [debug] - TemplateLoader.findTemplateSource("spark/partials/standard-content_en_IN.ftl"): Not found
[DEBUG] 2023-05-16 02:04:51.913 [freemarker.cache] [debug] - TemplateLoader.findTemplateSource("spark/partials/standard-content_en.ftl"): Not found
[DEBUG] 2023-05-16 02:04:51.914 [freemarker.cache] [debug] - TemplateLoader.findTemplateSource("spark/partials/standard-content.ftl"): Found
[DEBUG] 2023-05-16 02:04:51.914 [freemarker.cache] [debug] - Loading template for "spark/partials/standard-content.ftl"("en_IN", UTF-8, parsed) from "jar:file:/Users/amandeep.singh/.m2/repository/com/aventstack/extentreports/5.0.7/extentreports-5.0.7.jar!/com/aventstack/extentreports/templates/spark/partials/standard-content.ftl"
[DEBUG] 2023-05-16 02:04:51.938 [freemarker.cache] [debug] - Couldn't find template in cache for "spark/partials/scripts.ftl"("en_IN", UTF-8, parsed); will try to load it.
[DEBUG] 2023-05-16 02:04:51.938 [freemarker.cache] [debug] - TemplateLoader.findTemplateSource("spark/partials/scripts_en_IN.ftl"): Not found
[DEBUG] 2023-05-16 02:04:51.939 [freemarker.cache] [debug] - TemplateLoader.findTemplateSource("spark/partials/scripts_en.ftl"): Not found
[DEBUG] 2023-05-16 02:04:51.940 [freemarker.cache] [debug] - TemplateLoader.findTemplateSource("spark/partials/scripts.ftl"): Found
[DEBUG] 2023-05-16 02:04:51.940 [freemarker.cache] [debug] - Loading template for "spark/partials/scripts.ftl"("en_IN", UTF-8, parsed) from "jar:file:/Users/amandeep.singh/.m2/repository/com/aventstack/extentreports/5.0.7/extentreports-5.0.7.jar!/com/aventstack/extentreports/templates/spark/partials/scripts.ftl"
[DEBUG] 2023-05-16 02:04:51.941 [freemarker.cache] [debug] - Couldn't find template in cache for "commons/commons-inject-js.ftl"("en_IN", UTF-8, parsed); will try to load it.
[DEBUG] 2023-05-16 02:04:51.942 [freemarker.cache] [debug] - TemplateLoader.findTemplateSource("commons/commons-inject-js_en_IN.ftl"): Not found
[DEBUG] 2023-05-16 02:04:51.942 [freemarker.cache] [debug] - TemplateLoader.findTemplateSource("commons/commons-inject-js_en.ftl"): Not found
[DEBUG] 2023-05-16 02:04:51.942 [freemarker.cache] [debug] - TemplateLoader.findTemplateSource("commons/commons-inject-js.ftl"): Found
[DEBUG] 2023-05-16 02:04:51.942 [freemarker.cache] [debug] - Loading template for "commons/commons-inject-js.ftl"("en_IN", UTF-8, parsed) from "jar:file:/Users/amandeep.singh/.m2/repository/com/aventstack/extentreports/5.0.7/extentreports-5.0.7.jar!/com/aventstack/extentreports/templates/commons/commons-inject-js.ftl"
