[INFO ] 2023-01-17 13:22:17.260 [users.AddNewUserHiring] [VerifyMandatoryFields] - Started==Verifying mandatory fields in Add New User form
[INFO ] 2023-01-17 13:22:20.860 [users.AddNewUserHiring] [VerifyMandatoryFields] - Logging into the application using username: ankit_tag@yopmail.com
[INFO ] 2023-01-17 13:22:20.867 [users.AddNewUserHiring] [enterUsername] - Entering new user's first name
[INFO ] 2023-01-17 13:22:21.864 [users.AddNewUserHiring] [enterUsername] - User's first name entered successfully
[INFO ] 2023-01-17 13:22:21.865 [users.AddNewUserHiring] [enterPassword] - Entering new user's last name
[INFO ] 2023-01-17 13:22:22.027 [users.AddNewUserHiring] [enterPassword] - User's last name entered successfully
[INFO ] 2023-01-17 13:22:22.028 [users.AddNewUserHiring] [clickLoginButton] - Clicking on Login Button
[INFO ] 2023-01-17 13:22:22.484 [users.AddNewUserHiring] [clickLoginButton] - Close Pop Up clicked successfully
[INFO ] 2023-01-17 13:22:22.485 [users.AddNewUserHiring] [VerifyMandatoryFields] - User: ankit_tag@yopmail.com logged in successfully
[INFO ] 2023-01-17 13:22:25.492 [users.AddNewUserHiring] [clickUsersLinkOnHomePage] - Clicking Users link present on the homepage
[INFO ] 2023-01-17 13:22:36.083 [users.AddNewUserHiring] [clickUsersLinkOnHomePage] - Users link present on the hompage clicked successfully.
[INFO ] 2023-01-17 13:22:44.992 [users.AddNewUserHiring] [clearCompanyTypeField] - Clearing company type field
[INFO ] 2023-01-17 13:22:45.148 [users.AddNewUserHiring] [clearCompanyTypeField] - Company Type field cleared Successfully
[INFO ] 2023-01-17 13:22:45.148 [users.AddNewUserHiring] [clickLastNameField] - Clicking Last Name field
[INFO ] 2023-01-17 13:22:45.314 [users.AddNewUserHiring] [clickLastNameField] - Last Name  field clicked successfully
[INFO ] 2023-01-17 13:22:45.314 [users.AddNewUserHiring] [clickSavebutton] - Clicking save button
[INFO ] 2023-01-17 13:22:45.680 [users.AddNewUserHiring] [clickSavebutton] - Save button clicked successfully
[INFO ] 2023-01-17 13:22:49.212 [users.AddNewUserHiring] [verifyCreateNewUser] - Started==Verify user creation
[INFO ] 2023-01-17 13:22:49.213 [users.AddNewUserHiring] [enterCompanyType] - Entering Company Type
[INFO ] 2023-01-17 13:22:49.564 [users.AddNewUserHiring] [enterCompanyType] - Company Type Entered Successfully
[INFO ] 2023-01-17 13:22:49.565 [users.AddNewUserHiring] [clickLastNameField] - Clicking Last Name field
[INFO ] 2023-01-17 13:22:49.676 [users.AddNewUserHiring] [clickLastNameField] - Last Name  field clicked successfully
[INFO ] 2023-01-17 13:22:52.683 [users.AddNewUserHiring] [enterUserEmail] - Entering user email address
[INFO ] 2023-01-17 13:22:53.223 [users.AddNewUserHiring] [enterUserEmail] - Email entered successfully
[INFO ] 2023-01-17 13:22:53.224 [users.AddNewUserHiring] [enterFirstNameField] - Entering First Name field
[INFO ] 2023-01-17 13:22:53.642 [users.AddNewUserHiring] [enterFirstNameField] - First Name  entered successfully
[INFO ] 2023-01-17 13:22:53.643 [users.AddNewUserHiring] [enterLastNameField] - Entering Last Name field
[INFO ] 2023-01-17 13:22:53.792 [users.AddNewUserHiring] [enterLastNameField] - Last Name entered successfully
[INFO ] 2023-01-17 13:22:58.240 [users.AddNewUserHiring] [clickLastNameField] - Clicking Last Name field
[INFO ] 2023-01-17 13:22:58.318 [users.AddNewUserHiring] [clickLastNameField] - Last Name  field clicked successfully
[INFO ] 2023-01-17 13:22:58.318 [users.AddNewUserHiring] [clickSavebutton] - Clicking save button
[INFO ] 2023-01-17 13:22:58.405 [users.AddNewUserHiring] [clickSavebutton] - Save button clicked successfully
[INFO ] 2023-01-17 13:23:38.412 [users.AddNewUserHiring] [verifyUserCreatedOrNot] - Verifying Pop Up Text
