[INFO ] 2023-03-12 23:16:32.487 [jobOrder.TG_6129_RepeatOpenOrder] [enterUsername] - Entering new user's first name
[INFO ] 2023-03-12 23:16:34.229 [jobOrder.TG_6129_RepeatOpenOrder] [enterUsername] - User's first name entered successfully
[INFO ] 2023-03-12 23:16:34.230 [jobOrder.TG_6129_RepeatOpenOrder] [enterPassword] - Entering new user's last name
[INFO ] 2023-03-12 23:16:34.450 [jobOrder.TG_6129_RepeatOpenOrder] [enterPassword] - User's last name entered successfully
[INFO ] 2023-03-12 23:16:34.451 [jobOrder.TG_6129_RepeatOpenOrder] [clickLoginButton] - Clicking on Login Button
[INFO ] 2023-03-12 23:16:35.020 [jobOrder.TG_6129_RepeatOpenOrder] [clickLoginButton] - Close Pop Up clicked successfully
[INFO ] 2023-03-12 23:16:38.028 [jobOrder.TG_6129_RepeatOpenOrder] [clickOrdersMenuOnHiringHomePage] - Clicking Order menu present on the Hiring homepage
[INFO ] 2023-03-12 23:16:50.806 [jobOrder.TG_6129_RepeatOpenOrder] [clickOrdersMenuOnHiringHomePage] - Order menu present on the Hiring hompage clicked successfully.
[INFO ] 2023-03-12 23:17:00.824 [jobOrder.TG_6129_RepeatOpenOrder] [clickCompletedOrdersTab] - Clicking on the Completed Orders Tab 
[INFO ] 2023-03-12 23:17:01.054 [jobOrder.TG_6129_RepeatOpenOrder] [clickCompletedOrdersTab] - Completed Tab Clicked Successfully
[INFO ] 2023-03-12 23:17:11.068 [jobOrder.TG_6129_RepeatOpenOrder] [clickCompletedOrder] - Clicking on the Completed Order 
[INFO ] 2023-03-12 23:17:13.314 [jobOrder.TG_6129_RepeatOpenOrder] [clickCompletedOrder] - Completed Order Clicked Successfully
[INFO ] 2023-03-12 23:17:15.322 [jobOrder.TG_6129_RepeatOpenOrder] [clickRepeatOrderButton] - Clicking on the Repeat Order Button
[INFO ] 2023-03-12 23:17:15.749 [jobOrder.TG_6129_RepeatOpenOrder] [clickRepeatOrderButton] - Repeat Order Button Clicked Successfully
[INFO ] 2023-03-12 23:17:15.749 [jobOrder.TG_6129_RepeatOpenOrder] [clickOpenOrderCheckbox] - Clicking on the Open Order Checkbox
[INFO ] 2023-03-12 23:17:16.544 [jobOrder.TG_6129_RepeatOpenOrder] [clickOpenOrderCheckbox] - Open Order Checkbox Clicked Successfully
[INFO ] 2023-03-12 23:17:16.544 [jobOrder.TG_6129_RepeatOpenOrder] [clickProceedButton] - Clicking on the Proceed Button
[INFO ] 2023-03-12 23:17:16.991 [jobOrder.TG_6129_RepeatOpenOrder] [clickProceedButton] - Proceed Button Clicked Successfully
[INFO ] 2023-03-12 23:17:18.997 [jobOrder.TG_6129_RepeatOpenOrder] [enterStartDate] - Entering StartDate
[INFO ] 2023-03-12 23:17:24.372 [jobOrder.TG_6129_RepeatOpenOrder] [enterStartDate] - StartDate entered successfully
[INFO ] 2023-03-12 23:17:26.382 [jobOrder.TG_6129_RepeatOpenOrder] [enterEndDate] - Entering EndDate
[INFO ] 2023-03-12 23:17:31.750 [jobOrder.TG_6129_RepeatOpenOrder] [enterEndDate] - EndDate entered successfully
[INFO ] 2023-03-12 23:17:33.760 [jobOrder.TG_6129_RepeatOpenOrder] [enterAvailability] - Entering Availability
[INFO ] 2023-03-12 23:17:34.316 [jobOrder.TG_6129_RepeatOpenOrder] [enterAvailability] - Availabilit entered successfully
