[INFO ] 2023-03-30 16:35:20.268 [directOrder.TG_5801_DirectOrderFullClaim] [enterUsername] - Entering new user's first name
[INFO ] 2023-03-30 16:35:22.122 [directOrder.TG_5801_DirectOrderFullClaim] [enterUsername] - User's first name entered successfully
[INFO ] 2023-03-30 16:35:22.123 [directOrder.TG_5801_DirectOrderFullClaim] [enterPassword] - Entering new user's last name
[INFO ] 2023-03-30 16:35:22.333 [directOrder.TG_5801_DirectOrderFullClaim] [enterPassword] - User's last name entered successfully
[INFO ] 2023-03-30 16:35:22.334 [directOrder.TG_5801_DirectOrderFullClaim] [clickLoginButton] - Clicking on Login Button
[INFO ] 2023-03-30 16:35:22.896 [directOrder.TG_5801_DirectOrderFullClaim] [clickLoginButton] - Close Pop Up clicked successfully
[INFO ] 2023-03-30 16:35:22.898 [directOrder.TG_5801_DirectOrderFullClaim] [clickStaffingCompanies] - Clicking on Staffing Companies Button
[INFO ] 2023-03-30 16:35:36.048 [directOrder.TG_5801_DirectOrderFullClaim] [clickStaffingCompanies] - Staffing Companies Button clicked successfully
[INFO ] 2023-03-30 16:35:36.049 [directOrder.TG_5801_DirectOrderFullClaim] [verifyStaffingCompanyList] - Verify Staffing Company List is displayed
[INFO ] 2023-03-30 16:35:36.660 [directOrder.TG_5801_DirectOrderFullClaim] [verifyStaffingCompanyList] - Staffing Company List displayed successfully
[INFO ] 2023-03-30 16:35:44.669 [directOrder.TG_5801_DirectOrderFullClaim] [clickHundredFilter] - Clicking on 100 records button
[INFO ] 2023-03-30 16:35:44.927 [directOrder.TG_5801_DirectOrderFullClaim] [clickHundredFilter] - 100 records button clicked Successfully
[INFO ] 2023-03-30 16:35:49.938 [directOrder.TG_5801_DirectOrderFullClaim] [clickStaffingCompanyDirectOrder] - Clicking on Staffing Companies Button
[INFO ] 2023-03-30 16:35:51.787 [directOrder.TG_5801_DirectOrderFullClaim] [clickStaffingCompanyDirectOrder] - Staffing Companies Button clicked successfully
[INFO ] 2023-03-30 16:35:54.793 [directOrder.TG_5801_DirectOrderFullClaim] [clickPlaceOrderButton] - Clicking on Staffing Company
[INFO ] 2023-03-30 16:35:55.028 [directOrder.TG_5801_DirectOrderFullClaim] [clickPlaceOrderButton] - Staffing Company clicked successfully
[INFO ] 2023-03-30 16:35:55.029 [directOrder.TG_5801_DirectOrderFullClaim] [enterEstDailyHours] - Entering EstDailyHours
[INFO ] 2023-03-30 16:36:03.415 [directOrder.TG_5801_DirectOrderFullClaim] [enterEstDailyHours] - EstDailyHours entered successfully
[INFO ] 2023-03-30 16:36:05.423 [directOrder.TG_5801_DirectOrderFullClaim] [enterStartDate] - Entering StartDate
[INFO ] 2023-03-30 16:36:10.944 [directOrder.TG_5801_DirectOrderFullClaim] [enterStartDate] - StartDate entered successfully
[INFO ] 2023-03-30 16:36:12.954 [directOrder.TG_5801_DirectOrderFullClaim] [enterEndDate] - Entering EndDate
[INFO ] 2023-03-30 16:36:18.530 [directOrder.TG_5801_DirectOrderFullClaim] [enterEndDate] - EndDate entered successfully
[INFO ] 2023-03-30 16:36:20.540 [directOrder.TG_5801_DirectOrderFullClaim] [enterStartTime] - Entering StartTime
[INFO ] 2023-03-30 16:36:21.448 [directOrder.TG_5801_DirectOrderFullClaim] [enterStartTime] - StartTime entered successfully
[INFO ] 2023-03-30 16:36:23.454 [directOrder.TG_5801_DirectOrderFullClaim] [enterAvailability] - Entering Availability
[INFO ] 2023-03-30 16:36:23.774 [directOrder.TG_5801_DirectOrderFullClaim] [enterAvailability] - Availabilit entered successfully
[INFO ] 2023-03-30 16:36:23.775 [directOrder.TG_5801_DirectOrderFullClaim] [enterJobSite] - Entering JobSite
[INFO ] 2023-03-30 16:36:28.075 [directOrder.TG_5801_DirectOrderFullClaim] [enterJobSite] - JobSite entered successfully
[INFO ] 2023-03-30 16:36:30.082 [directOrder.TG_5801_DirectOrderFullClaim] [enterJobTitle] - Entering JobTitle
[INFO ] 2023-03-30 16:36:31.119 [directOrder.TG_5801_DirectOrderFullClaim] [enterJobTitle] - JobTitle entered successfully
[INFO ] 2023-03-30 16:36:33.125 [directOrder.TG_5801_DirectOrderFullClaim] [enterNoOfWorker] - Entering No Of Workers
[INFO ] 2023-03-30 16:36:33.436 [directOrder.TG_5801_DirectOrderFullClaim] [enterNoOfWorker] - NoOfWorkers entered successfully
[INFO ] 2023-03-30 16:36:35.444 [directOrder.TG_5801_DirectOrderFullClaim] [enterESignature] - Entering ESignature
[INFO ] 2023-03-30 16:36:35.606 [directOrder.TG_5801_DirectOrderFullClaim] [enterESignature] - ESignature entered successfully
[INFO ] 2023-03-30 16:36:35.607 [directOrder.TG_5801_DirectOrderFullClaim] [clickAgreeContract] - clickAgreeContract
[INFO ] 2023-03-30 16:36:35.806 [directOrder.TG_5801_DirectOrderFullClaim] [clickAgreeContract] - clickAgreeContract successfully
[INFO ] 2023-03-30 16:36:38.813 [directOrder.TG_5801_DirectOrderFullClaim] [VerifyUserRedirectToNewOrderFormViaDirectOrder] - Started==Verifying Job Order Id And Popup that Email Sent Successfully
[INFO ] 2023-03-30 16:37:02.511 [directOrder.TG_5801_DirectOrderFullClaim] [getTextHiringId] - Job order link present on the home page clicked
[INFO ] 2023-03-30 16:37:10.735 [directOrder.TG_5801_DirectOrderFullClaim] [getTextHiringId] - Verify Job Order Id and Email Successfully
[INFO ] 2023-03-30 16:37:22.919 [directOrder.TG_5801_DirectOrderFullClaim] [enterUsername] - Entering new user's first name
[INFO ] 2023-03-30 16:37:23.065 [directOrder.TG_5801_DirectOrderFullClaim] [enterUsername] - User's first name entered successfully
[INFO ] 2023-03-30 16:37:23.066 [directOrder.TG_5801_DirectOrderFullClaim] [enterPassword] - Entering new user's last name
[INFO ] 2023-03-30 16:37:23.195 [directOrder.TG_5801_DirectOrderFullClaim] [enterPassword] - User's last name entered successfully
[INFO ] 2023-03-30 16:37:23.197 [directOrder.TG_5801_DirectOrderFullClaim] [clickLoginButton] - Clicking on Login Button
[INFO ] 2023-03-30 16:37:23.630 [directOrder.TG_5801_DirectOrderFullClaim] [clickLoginButton] - Close Pop Up clicked successfully
[INFO ] 2023-03-30 16:37:26.638 [directOrder.TG_5801_DirectOrderFullClaim] [clickNotificationIcon] - Clicking on Notifications
[INFO ] 2023-03-30 16:37:29.183 [directOrder.TG_5801_DirectOrderFullClaim] [clickNotificationIcon] - Notifications clicked successfully
[INFO ] 2023-03-30 16:37:31.190 [directOrder.TG_5801_DirectOrderFullClaim] [verifyNotificationText] - Verify Direct Order Text in Notification
[INFO ] 2023-03-30 16:37:31.276 [directOrder.TG_5801_DirectOrderFullClaim] [verifyNotificationText] - Direct Order Text in Notification displayed successfully
[INFO ] 2023-03-30 16:37:31.281 [directOrder.TG_5801_DirectOrderFullClaim] [clickJobOrderHomePage] - Clicking Job orders menu present on the staffing homepage navigates to joborder listing form 
[INFO ] 2023-03-30 16:37:34.224 [directOrder.TG_5801_DirectOrderFullClaim] [clickJobOrderHomePage] - All job orders menu present on the staffing hompage clicked successfully and navigates to joborder listing form  .
[INFO ] 2023-03-30 16:37:36.234 [directOrder.TG_5801_DirectOrderFullClaim] [verifyJobOrderPage] - Job order form is displayed
[INFO ] 2023-03-30 16:37:36.356 [directOrder.TG_5801_DirectOrderFullClaim] [verifyJobOrderPage] - Job orderform is displayed successfully
[INFO ] 2023-03-30 16:37:46.366 [directOrder.TG_5801_DirectOrderFullClaim] [selectParticularJobOrderFromListing] - Selecting Particular Joborder on the listing
[INFO ] 2023-03-30 16:37:56.594 [directOrder.TG_5801_DirectOrderFullClaim] [selectParticularJobOrderFromListing] - Particular Joborder on the listing selected successfully
[INFO ] 2023-03-30 16:38:01.609 [directOrder.TG_5801_DirectOrderFullClaim] [clickOrdersMenuOnStaffingHomePage] - Clicking Order menu present on the staffing homepage
[INFO ] 2023-03-30 16:38:01.767 [directOrder.TG_5801_DirectOrderFullClaim] [clickOrdersMenuOnStaffingHomePage] - Order menu present on the staffing hompage clicked successfully.
[INFO ] 2023-03-30 16:38:03.775 [directOrder.TG_5801_DirectOrderFullClaim] [clickDirectOrderNav] - Clicking on Direct Orders
[INFO ] 2023-03-30 16:38:04.397 [directOrder.TG_5801_DirectOrderFullClaim] [clickDirectOrderNav] - Direct orders clicked successfully
[INFO ] 2023-03-30 16:38:06.405 [directOrder.TG_5801_DirectOrderFullClaim] [selectParticularJobOrderFromListing] - Selecting Particular Joborder on the listing
[INFO ] 2023-03-30 16:38:16.583 [directOrder.TG_5801_DirectOrderFullClaim] [selectParticularJobOrderFromListing] - Particular Joborder on the listing selected successfully
[INFO ] 2023-03-30 16:38:21.592 [directOrder.TG_5801_DirectOrderFullClaim] [clickClaimOrderButton] - Clicking on Claim order Button
[INFO ] 2023-03-30 16:38:21.714 [directOrder.TG_5801_DirectOrderFullClaim] [clickClaimOrderButton] - Claim order button clicked successfully
[INFO ] 2023-03-30 16:38:23.723 [directOrder.TG_5801_DirectOrderFullClaim] [enterNoOfEmployeesClaim] - Entering the No. of Employees Claim
[INFO ] 2023-03-30 16:38:23.884 [directOrder.TG_5801_DirectOrderFullClaim] [enterNoOfEmployeesClaim] - No. of Employees Claim entered successfully
[INFO ] 2023-03-30 16:38:25.894 [directOrder.TG_5801_DirectOrderFullClaim] [enterESignature] - Entering the E-Signature
[INFO ] 2023-03-30 16:38:26.024 [directOrder.TG_5801_DirectOrderFullClaim] [enterESignature] - E-Signature entered successfully
[INFO ] 2023-03-30 16:38:28.031 [directOrder.TG_5801_DirectOrderFullClaim] [clickAgreeContract] - Clicking on Agree to Contract Button
[INFO ] 2023-03-30 16:38:28.193 [directOrder.TG_5801_DirectOrderFullClaim] [clickAgreeContract] - Agree to Contract Button clicked successfully
[INFO ] 2023-03-30 16:38:38.201 [directOrder.TG_5801_DirectOrderFullClaim] [clickSubmitClaim] - Clicking on Submit Claim Button
[INFO ] 2023-03-30 16:38:38.317 [directOrder.TG_5801_DirectOrderFullClaim] [clickSubmitClaim] - Submit Claim Button clicked successfully
[INFO ] 2023-03-30 16:39:48.349 [directOrder.TG_5801_DirectOrderFullClaim] [autoApproveText] - Verify Auto Approve Text
[INFO ] 2023-03-30 16:39:59.210 [directOrder.TG_5801_DirectOrderFullClaim] [autoApproveText] - Auto Approve Text displayed successfully
[DEBUG] 2023-03-30 16:40:00.179 [freemarker.cache] [debug] - Couldn't find template in cache for "spark/spark.spa.ftl"("en_IN", UTF-8, parsed); will try to load it.
[DEBUG] 2023-03-30 16:40:00.183 [freemarker.cache] [debug] - TemplateLoader.findTemplateSource("spark/spark.spa_en_IN.ftl"): Not found
[DEBUG] 2023-03-30 16:40:00.184 [freemarker.cache] [debug] - TemplateLoader.findTemplateSource("spark/spark.spa_en.ftl"): Not found
[DEBUG] 2023-03-30 16:40:00.186 [freemarker.cache] [debug] - TemplateLoader.findTemplateSource("spark/spark.spa.ftl"): Found
[DEBUG] 2023-03-30 16:40:00.186 [freemarker.cache] [debug] - Loading template for "spark/spark.spa.ftl"("en_IN", UTF-8, parsed) from "jar:file:/Users/amandeep.singh/.m2/repository/com/aventstack/extentreports/5.0.7/extentreports-5.0.7.jar!/com/aventstack/extentreports/templates/spark/spark.spa.ftl"
[DEBUG] 2023-03-30 16:40:00.229 [freemarker.cache] [debug] - Couldn't find template in cache for "commons/commons-variables.ftl"("en_IN", UTF-8, parsed); will try to load it.
[DEBUG] 2023-03-30 16:40:00.229 [freemarker.cache] [debug] - TemplateLoader.findTemplateSource("commons/commons-variables_en_IN.ftl"): Not found
[DEBUG] 2023-03-30 16:40:00.230 [freemarker.cache] [debug] - TemplateLoader.findTemplateSource("commons/commons-variables_en.ftl"): Not found
[DEBUG] 2023-03-30 16:40:00.231 [freemarker.cache] [debug] - TemplateLoader.findTemplateSource("commons/commons-variables.ftl"): Found
[DEBUG] 2023-03-30 16:40:00.231 [freemarker.cache] [debug] - Loading template for "commons/commons-variables.ftl"("en_IN", UTF-8, parsed) from "jar:file:/Users/amandeep.singh/.m2/repository/com/aventstack/extentreports/5.0.7/extentreports-5.0.7.jar!/com/aventstack/extentreports/templates/commons/commons-variables.ftl"
[DEBUG] 2023-03-30 16:40:00.345 [freemarker.cache] [debug] - Couldn't find template in cache for "commons/commons-macros.ftl"("en_IN", UTF-8, parsed); will try to load it.
[DEBUG] 2023-03-30 16:40:00.347 [freemarker.cache] [debug] - TemplateLoader.findTemplateSource("commons/commons-macros_en_IN.ftl"): Not found
[DEBUG] 2023-03-30 16:40:00.348 [freemarker.cache] [debug] - TemplateLoader.findTemplateSource("commons/commons-macros_en.ftl"): Not found
[DEBUG] 2023-03-30 16:40:00.349 [freemarker.cache] [debug] - TemplateLoader.findTemplateSource("commons/commons-macros.ftl"): Found
[DEBUG] 2023-03-30 16:40:00.350 [freemarker.cache] [debug] - Loading template for "commons/commons-macros.ftl"("en_IN", UTF-8, parsed) from "jar:file:/Users/amandeep.singh/.m2/repository/com/aventstack/extentreports/5.0.7/extentreports-5.0.7.jar!/com/aventstack/extentreports/templates/commons/commons-macros.ftl"
[DEBUG] 2023-03-30 16:40:00.361 [freemarker.cache] [debug] - Couldn't find template in cache for "spark/macros/attributes.ftl"("en_IN", UTF-8, parsed); will try to load it.
[DEBUG] 2023-03-30 16:40:00.362 [freemarker.cache] [debug] - TemplateLoader.findTemplateSource("spark/macros/attributes_en_IN.ftl"): Not found
[DEBUG] 2023-03-30 16:40:00.363 [freemarker.cache] [debug] - TemplateLoader.findTemplateSource("spark/macros/attributes_en.ftl"): Not found
[DEBUG] 2023-03-30 16:40:00.364 [freemarker.cache] [debug] - TemplateLoader.findTemplateSource("spark/macros/attributes.ftl"): Found
[DEBUG] 2023-03-30 16:40:00.364 [freemarker.cache] [debug] - Loading template for "spark/macros/attributes.ftl"("en_IN", UTF-8, parsed) from "jar:file:/Users/amandeep.singh/.m2/repository/com/aventstack/extentreports/5.0.7/extentreports-5.0.7.jar!/com/aventstack/extentreports/templates/spark/macros/attributes.ftl"
[DEBUG] 2023-03-30 16:40:00.369 [freemarker.cache] [debug] - Couldn't find template in cache for "spark/macros/log.ftl"("en_IN", UTF-8, parsed); will try to load it.
[DEBUG] 2023-03-30 16:40:00.370 [freemarker.cache] [debug] - TemplateLoader.findTemplateSource("spark/macros/log_en_IN.ftl"): Not found
[DEBUG] 2023-03-30 16:40:00.370 [freemarker.cache] [debug] - TemplateLoader.findTemplateSource("spark/macros/log_en.ftl"): Not found
[DEBUG] 2023-03-30 16:40:00.371 [freemarker.cache] [debug] - TemplateLoader.findTemplateSource("spark/macros/log.ftl"): Found
[DEBUG] 2023-03-30 16:40:00.371 [freemarker.cache] [debug] - Loading template for "spark/macros/log.ftl"("en_IN", UTF-8, parsed) from "jar:file:/Users/amandeep.singh/.m2/repository/com/aventstack/extentreports/5.0.7/extentreports-5.0.7.jar!/com/aventstack/extentreports/templates/spark/macros/log.ftl"
[DEBUG] 2023-03-30 16:40:00.382 [freemarker.cache] [debug] - Couldn't find template in cache for "spark/macros/recurse_nodes.ftl"("en_IN", UTF-8, parsed); will try to load it.
[DEBUG] 2023-03-30 16:40:00.383 [freemarker.cache] [debug] - TemplateLoader.findTemplateSource("spark/macros/recurse_nodes_en_IN.ftl"): Not found
[DEBUG] 2023-03-30 16:40:00.383 [freemarker.cache] [debug] - TemplateLoader.findTemplateSource("spark/macros/recurse_nodes_en.ftl"): Not found
[DEBUG] 2023-03-30 16:40:00.384 [freemarker.cache] [debug] - TemplateLoader.findTemplateSource("spark/macros/recurse_nodes.ftl"): Found
[DEBUG] 2023-03-30 16:40:00.384 [freemarker.cache] [debug] - Loading template for "spark/macros/recurse_nodes.ftl"("en_IN", UTF-8, parsed) from "jar:file:/Users/amandeep.singh/.m2/repository/com/aventstack/extentreports/5.0.7/extentreports-5.0.7.jar!/com/aventstack/extentreports/templates/spark/macros/recurse_nodes.ftl"
[DEBUG] 2023-03-30 16:40:00.397 [freemarker.cache] [debug] - "spark/macros/log.ftl"("en_IN", UTF-8, parsed) cached copy not yet stale; using cached.
[DEBUG] 2023-03-30 16:40:00.397 [freemarker.cache] [debug] - Couldn't find template in cache for "spark/macros/attr-common.ftl"("en_IN", UTF-8, parsed); will try to load it.
[DEBUG] 2023-03-30 16:40:00.397 [freemarker.cache] [debug] - TemplateLoader.findTemplateSource("spark/macros/attr-common_en_IN.ftl"): Not found
[DEBUG] 2023-03-30 16:40:00.398 [freemarker.cache] [debug] - TemplateLoader.findTemplateSource("spark/macros/attr-common_en.ftl"): Not found
[DEBUG] 2023-03-30 16:40:00.400 [freemarker.cache] [debug] - TemplateLoader.findTemplateSource("spark/macros/attr-common.ftl"): Found
[DEBUG] 2023-03-30 16:40:00.400 [freemarker.cache] [debug] - Loading template for "spark/macros/attr-common.ftl"("en_IN", UTF-8, parsed) from "jar:file:/Users/amandeep.singh/.m2/repository/com/aventstack/extentreports/5.0.7/extentreports-5.0.7.jar!/com/aventstack/extentreports/templates/spark/macros/attr-common.ftl"
[DEBUG] 2023-03-30 16:40:00.411 [freemarker.cache] [debug] - Couldn't find template in cache for "spark/partials/head.ftl"("en_IN", UTF-8, parsed); will try to load it.
[DEBUG] 2023-03-30 16:40:00.412 [freemarker.cache] [debug] - TemplateLoader.findTemplateSource("spark/partials/head_en_IN.ftl"): Not found
[DEBUG] 2023-03-30 16:40:00.412 [freemarker.cache] [debug] - TemplateLoader.findTemplateSource("spark/partials/head_en.ftl"): Not found
[DEBUG] 2023-03-30 16:40:00.413 [freemarker.cache] [debug] - TemplateLoader.findTemplateSource("spark/partials/head.ftl"): Found
[DEBUG] 2023-03-30 16:40:00.413 [freemarker.cache] [debug] - Loading template for "spark/partials/head.ftl"("en_IN", UTF-8, parsed) from "jar:file:/Users/amandeep.singh/.m2/repository/com/aventstack/extentreports/5.0.7/extentreports-5.0.7.jar!/com/aventstack/extentreports/templates/spark/partials/head.ftl"
[DEBUG] 2023-03-30 16:40:00.418 [freemarker.cache] [debug] - Couldn't find template in cache for "commons/commons-inject-css.ftl"("en_IN", UTF-8, parsed); will try to load it.
[DEBUG] 2023-03-30 16:40:00.419 [freemarker.cache] [debug] - TemplateLoader.findTemplateSource("commons/commons-inject-css_en_IN.ftl"): Not found
[DEBUG] 2023-03-30 16:40:00.420 [freemarker.cache] [debug] - TemplateLoader.findTemplateSource("commons/commons-inject-css_en.ftl"): Not found
[DEBUG] 2023-03-30 16:40:00.420 [freemarker.cache] [debug] - TemplateLoader.findTemplateSource("commons/commons-inject-css.ftl"): Found
[DEBUG] 2023-03-30 16:40:00.420 [freemarker.cache] [debug] - Loading template for "commons/commons-inject-css.ftl"("en_IN", UTF-8, parsed) from "jar:file:/Users/amandeep.singh/.m2/repository/com/aventstack/extentreports/5.0.7/extentreports-5.0.7.jar!/com/aventstack/extentreports/templates/commons/commons-inject-css.ftl"
[DEBUG] 2023-03-30 16:40:00.422 [freemarker.cache] [debug] - Couldn't find template in cache for "spark/partials/navbar.ftl"("en_IN", UTF-8, parsed); will try to load it.
[DEBUG] 2023-03-30 16:40:00.423 [freemarker.cache] [debug] - TemplateLoader.findTemplateSource("spark/partials/navbar_en_IN.ftl"): Not found
[DEBUG] 2023-03-30 16:40:00.423 [freemarker.cache] [debug] - TemplateLoader.findTemplateSource("spark/partials/navbar_en.ftl"): Not found
[DEBUG] 2023-03-30 16:40:00.424 [freemarker.cache] [debug] - TemplateLoader.findTemplateSource("spark/partials/navbar.ftl"): Found
[DEBUG] 2023-03-30 16:40:00.424 [freemarker.cache] [debug] - Loading template for "spark/partials/navbar.ftl"("en_IN", UTF-8, parsed) from "jar:file:/Users/amandeep.singh/.m2/repository/com/aventstack/extentreports/5.0.7/extentreports-5.0.7.jar!/com/aventstack/extentreports/templates/spark/partials/navbar.ftl"
[DEBUG] 2023-03-30 16:40:00.432 [freemarker.cache] [debug] - Couldn't find template in cache for "spark/partials/sidenav.ftl"("en_IN", UTF-8, parsed); will try to load it.
[DEBUG] 2023-03-30 16:40:00.432 [freemarker.cache] [debug] - TemplateLoader.findTemplateSource("spark/partials/sidenav_en_IN.ftl"): Not found
[DEBUG] 2023-03-30 16:40:00.432 [freemarker.cache] [debug] - TemplateLoader.findTemplateSource("spark/partials/sidenav_en.ftl"): Not found
[DEBUG] 2023-03-30 16:40:00.433 [freemarker.cache] [debug] - TemplateLoader.findTemplateSource("spark/partials/sidenav.ftl"): Found
[DEBUG] 2023-03-30 16:40:00.433 [freemarker.cache] [debug] - Loading template for "spark/partials/sidenav.ftl"("en_IN", UTF-8, parsed) from "jar:file:/Users/amandeep.singh/.m2/repository/com/aventstack/extentreports/5.0.7/extentreports-5.0.7.jar!/com/aventstack/extentreports/templates/spark/partials/sidenav.ftl"
[DEBUG] 2023-03-30 16:40:00.450 [freemarker.cache] [debug] - Couldn't find template in cache for "spark/partials/dashboard.ftl"("en_IN", UTF-8, parsed); will try to load it.
[DEBUG] 2023-03-30 16:40:00.453 [freemarker.cache] [debug] - TemplateLoader.findTemplateSource("spark/partials/dashboard_en_IN.ftl"): Not found
[DEBUG] 2023-03-30 16:40:00.453 [freemarker.cache] [debug] - TemplateLoader.findTemplateSource("spark/partials/dashboard_en.ftl"): Not found
[DEBUG] 2023-03-30 16:40:00.454 [freemarker.cache] [debug] - TemplateLoader.findTemplateSource("spark/partials/dashboard.ftl"): Found
[DEBUG] 2023-03-30 16:40:00.454 [freemarker.cache] [debug] - Loading template for "spark/partials/dashboard.ftl"("en_IN", UTF-8, parsed) from "jar:file:/Users/amandeep.singh/.m2/repository/com/aventstack/extentreports/5.0.7/extentreports-5.0.7.jar!/com/aventstack/extentreports/templates/spark/partials/dashboard.ftl"
[DEBUG] 2023-03-30 16:40:00.525 [freemarker.cache] [debug] - Couldn't find template in cache for "spark/partials/category.ftl"("en_IN", UTF-8, parsed); will try to load it.
[DEBUG] 2023-03-30 16:40:00.527 [freemarker.cache] [debug] - TemplateLoader.findTemplateSource("spark/partials/category_en_IN.ftl"): Not found
[DEBUG] 2023-03-30 16:40:00.527 [freemarker.cache] [debug] - TemplateLoader.findTemplateSource("spark/partials/category_en.ftl"): Not found
[DEBUG] 2023-03-30 16:40:00.527 [freemarker.cache] [debug] - TemplateLoader.findTemplateSource("spark/partials/category.ftl"): Found
[DEBUG] 2023-03-30 16:40:00.528 [freemarker.cache] [debug] - Loading template for "spark/partials/category.ftl"("en_IN", UTF-8, parsed) from "jar:file:/Users/amandeep.singh/.m2/repository/com/aventstack/extentreports/5.0.7/extentreports-5.0.7.jar!/com/aventstack/extentreports/templates/spark/partials/category.ftl"
[DEBUG] 2023-03-30 16:40:00.535 [freemarker.cache] [debug] - Couldn't find template in cache for "spark/partials/test.ftl"("en_IN", UTF-8, parsed); will try to load it.
[DEBUG] 2023-03-30 16:40:00.536 [freemarker.cache] [debug] - TemplateLoader.findTemplateSource("spark/partials/test_en_IN.ftl"): Not found
[DEBUG] 2023-03-30 16:40:00.537 [freemarker.cache] [debug] - TemplateLoader.findTemplateSource("spark/partials/test_en.ftl"): Not found
[DEBUG] 2023-03-30 16:40:00.537 [freemarker.cache] [debug] - TemplateLoader.findTemplateSource("spark/partials/test.ftl"): Found
[DEBUG] 2023-03-30 16:40:00.537 [freemarker.cache] [debug] - Loading template for "spark/partials/test.ftl"("en_IN", UTF-8, parsed) from "jar:file:/Users/amandeep.singh/.m2/repository/com/aventstack/extentreports/5.0.7/extentreports-5.0.7.jar!/com/aventstack/extentreports/templates/spark/partials/test.ftl"
[DEBUG] 2023-03-30 16:40:00.554 [freemarker.cache] [debug] - Couldn't find template in cache for "spark/partials/standard-content.ftl"("en_IN", UTF-8, parsed); will try to load it.
[DEBUG] 2023-03-30 16:40:00.554 [freemarker.cache] [debug] - TemplateLoader.findTemplateSource("spark/partials/standard-content_en_IN.ftl"): Not found
[DEBUG] 2023-03-30 16:40:00.555 [freemarker.cache] [debug] - TemplateLoader.findTemplateSource("spark/partials/standard-content_en.ftl"): Not found
[DEBUG] 2023-03-30 16:40:00.556 [freemarker.cache] [debug] - TemplateLoader.findTemplateSource("spark/partials/standard-content.ftl"): Found
[DEBUG] 2023-03-30 16:40:00.556 [freemarker.cache] [debug] - Loading template for "spark/partials/standard-content.ftl"("en_IN", UTF-8, parsed) from "jar:file:/Users/amandeep.singh/.m2/repository/com/aventstack/extentreports/5.0.7/extentreports-5.0.7.jar!/com/aventstack/extentreports/templates/spark/partials/standard-content.ftl"
[DEBUG] 2023-03-30 16:40:00.576 [freemarker.cache] [debug] - Couldn't find template in cache for "spark/partials/scripts.ftl"("en_IN", UTF-8, parsed); will try to load it.
[DEBUG] 2023-03-30 16:40:00.577 [freemarker.cache] [debug] - TemplateLoader.findTemplateSource("spark/partials/scripts_en_IN.ftl"): Not found
[DEBUG] 2023-03-30 16:40:00.577 [freemarker.cache] [debug] - TemplateLoader.findTemplateSource("spark/partials/scripts_en.ftl"): Not found
[DEBUG] 2023-03-30 16:40:00.577 [freemarker.cache] [debug] - TemplateLoader.findTemplateSource("spark/partials/scripts.ftl"): Found
[DEBUG] 2023-03-30 16:40:00.577 [freemarker.cache] [debug] - Loading template for "spark/partials/scripts.ftl"("en_IN", UTF-8, parsed) from "jar:file:/Users/amandeep.singh/.m2/repository/com/aventstack/extentreports/5.0.7/extentreports-5.0.7.jar!/com/aventstack/extentreports/templates/spark/partials/scripts.ftl"
[DEBUG] 2023-03-30 16:40:00.580 [freemarker.cache] [debug] - Couldn't find template in cache for "commons/commons-inject-js.ftl"("en_IN", UTF-8, parsed); will try to load it.
[DEBUG] 2023-03-30 16:40:00.580 [freemarker.cache] [debug] - TemplateLoader.findTemplateSource("commons/commons-inject-js_en_IN.ftl"): Not found
[DEBUG] 2023-03-30 16:40:00.581 [freemarker.cache] [debug] - TemplateLoader.findTemplateSource("commons/commons-inject-js_en.ftl"): Not found
[DEBUG] 2023-03-30 16:40:00.581 [freemarker.cache] [debug] - TemplateLoader.findTemplateSource("commons/commons-inject-js.ftl"): Found
[DEBUG] 2023-03-30 16:40:00.581 [freemarker.cache] [debug] - Loading template for "commons/commons-inject-js.ftl"("en_IN", UTF-8, parsed) from "jar:file:/Users/amandeep.singh/.m2/repository/com/aventstack/extentreports/5.0.7/extentreports-5.0.7.jar!/com/aventstack/extentreports/templates/commons/commons-inject-js.ftl"
