[INFO ] 2023-02-05 23:12:02.089 [timesheets.TG_4290_TimesheetCreation] [Tag_EndToEndFlowNewOrderHiring] - Started==Starting End To End Flow NewOrderHiring
[INFO ] 2023-02-05 23:12:05.706 [timesheets.TG_4290_TimesheetCreation] [enterUsername] - Entering new user's first name
[INFO ] 2023-02-05 23:12:07.147 [timesheets.TG_4290_TimesheetCreation] [enterUsername] - User's first name entered successfully
[INFO ] 2023-02-05 23:12:07.147 [timesheets.TG_4290_TimesheetCreation] [enterPassword] - Entering new user's last name
[INFO ] 2023-02-05 23:12:07.517 [timesheets.TG_4290_TimesheetCreation] [enterPassword] - User's last name entered successfully
[INFO ] 2023-02-05 23:12:07.518 [timesheets.TG_4290_TimesheetCreation] [clickLoginButton] - Clicking on Login Button
[INFO ] 2023-02-05 23:12:07.974 [timesheets.TG_4290_TimesheetCreation] [clickLoginButton] - Close Pop Up clicked successfully
[INFO ] 2023-02-05 23:12:07.974 [timesheets.TG_4290_TimesheetCreation] [newOrderHiring] - Clicking on New Order Button
[INFO ] 2023-02-05 23:12:22.907 [timesheets.TG_4290_TimesheetCreation] [newOrderHiring] - New Order Button clicked successfully
[INFO ] 2023-02-05 23:12:22.909 [timesheets.TG_4290_TimesheetCreation] [newOrderHiring] - Entering EstDailyHours
[INFO ] 2023-02-05 23:12:31.671 [timesheets.TG_4290_TimesheetCreation] [newOrderHiring] - EstDailyHours entered successfully
[INFO ] 2023-02-05 23:12:31.672 [timesheets.TG_4290_TimesheetCreation] [newOrderHiring] - Entering StartDate
[INFO ] 2023-02-05 23:12:37.346 [timesheets.TG_4290_TimesheetCreation] [newOrderHiring] - StartDate entered successfully
[INFO ] 2023-02-05 23:12:37.350 [timesheets.TG_4290_TimesheetCreation] [newOrderHiring] - Entering EndDate
[INFO ] 2023-02-05 23:12:48.630 [timesheets.TG_4290_TimesheetCreation] [newOrderHiring] - EndDate entered successfully
[INFO ] 2023-02-05 23:12:48.632 [timesheets.TG_4290_TimesheetCreation] [newOrderHiring] - Entering StartTime
[INFO ] 2023-02-05 23:12:49.696 [timesheets.TG_4290_TimesheetCreation] [newOrderHiring] - StartTime entered successfully
[INFO ] 2023-02-05 23:12:49.697 [timesheets.TG_4290_TimesheetCreation] [newOrderHiring] - Entering Availability
[INFO ] 2023-02-05 23:12:49.904 [timesheets.TG_4290_TimesheetCreation] [newOrderHiring] - Availabilit entered successfully
[INFO ] 2023-02-05 23:12:49.904 [timesheets.TG_4290_TimesheetCreation] [newOrderHiring] - Entering JobSite
[INFO ] 2023-02-05 23:12:56.210 [timesheets.TG_4290_TimesheetCreation] [newOrderHiring] - JobSite entered successfully
[INFO ] 2023-02-05 23:12:56.210 [timesheets.TG_4290_TimesheetCreation] [newOrderHiring] - Entering JobTitle
[INFO ] 2023-02-05 23:13:05.533 [timesheets.TG_4290_TimesheetCreation] [newOrderHiring] - JobTitle entered successfully
[INFO ] 2023-02-05 23:13:05.538 [timesheets.TG_4290_TimesheetCreation] [newOrderHiring] - Entering No Of Workers
[INFO ] 2023-02-05 23:13:10.714 [timesheets.TG_4290_TimesheetCreation] [newOrderHiring] - NoOfWorkers entered successfully
[INFO ] 2023-02-05 23:13:10.715 [timesheets.TG_4290_TimesheetCreation] [newOrderHiring] - Entering ESignature
[INFO ] 2023-02-05 23:13:13.856 [timesheets.TG_4290_TimesheetCreation] [newOrderHiring] - ESignature entered successfully
[INFO ] 2023-02-05 23:13:13.857 [timesheets.TG_4290_TimesheetCreation] [newOrderHiring] - clickAgreeContract
[INFO ] 2023-02-05 23:13:14.099 [timesheets.TG_4290_TimesheetCreation] [newOrderHiring] - clickAgreeContract successfully
[INFO ] 2023-02-05 23:13:14.100 [timesheets.TG_4290_TimesheetCreation] [newOrderHiring] - clickSaveButton
[INFO ] 2023-02-05 23:13:14.296 [timesheets.TG_4290_TimesheetCreation] [newOrderHiring] - SaveButton Clicked successfully
[INFO ] 2023-02-05 23:13:22.742 [timesheets.TG_4290_TimesheetCreation] [newOrderHiring] - Job order link present on the home page clicked
[INFO ] 2023-02-05 23:13:30.916 [timesheets.TG_4290_TimesheetCreation] [newOrderHiring] - Verify Job Order Id and Email Successfully
[INFO ] 2023-02-05 23:13:42.283 [timesheets.TG_4290_TimesheetCreation] [Tag_EndToEndFlowNewOrderHiring] - Started==Starting End To End Flow CreateEmployeeFromStaffing
[INFO ] 2023-02-05 23:13:51.662 [timesheets.TG_4290_TimesheetCreation] [enterUsername] - Entering new user's first name
[INFO ] 2023-02-05 23:13:51.785 [timesheets.TG_4290_TimesheetCreation] [enterUsername] - User's first name entered successfully
[INFO ] 2023-02-05 23:13:51.785 [timesheets.TG_4290_TimesheetCreation] [enterPassword] - Entering new user's last name
[INFO ] 2023-02-05 23:13:51.845 [timesheets.TG_4290_TimesheetCreation] [enterPassword] - User's last name entered successfully
[INFO ] 2023-02-05 23:13:51.845 [timesheets.TG_4290_TimesheetCreation] [clickLoginButton] - Clicking on Login Button
[INFO ] 2023-02-05 23:13:51.911 [timesheets.TG_4290_TimesheetCreation] [clickLoginButton] - Close Pop Up clicked successfully
[INFO ] 2023-02-05 23:14:22.256 [timesheets.TG_4290_TimesheetCreation] [clickAddNewEployeeButton] - Clicking on Add New Employee Button
[INFO ] 2023-02-05 23:14:23.046 [timesheets.TG_4290_TimesheetCreation] [clickAddNewEployeeButton] - Employee button clicked successfully
[INFO ] 2023-02-05 23:14:28.052 [timesheets.TG_4290_TimesheetCreation] [enterCompanyName] - Entering Company Name
[INFO ] 2023-02-05 23:14:28.425 [timesheets.TG_4290_TimesheetCreation] [enterCompanyName] - Company Name entered successfully
[INFO ] 2023-02-05 23:14:30.431 [timesheets.TG_4290_TimesheetCreation] [enterFirstName] - Entering First Name
[INFO ] 2023-02-05 23:14:30.545 [timesheets.TG_4290_TimesheetCreation] [enterFirstName] - First Name entered successfully
[INFO ] 2023-02-05 23:14:32.553 [timesheets.TG_4290_TimesheetCreation] [enterLastName] - Entering Last Name
[INFO ] 2023-02-05 23:14:32.701 [timesheets.TG_4290_TimesheetCreation] [enterLastName] - Last Name entered successfully
[INFO ] 2023-02-05 23:14:34.707 [timesheets.TG_4290_TimesheetCreation] [enterDateOfBirthField] - Entering date of birth
[INFO ] 2023-02-05 23:14:35.911 [timesheets.TG_4290_TimesheetCreation] [enterDateOfBirthField] - Date of birth entered successfully
[INFO ] 2023-02-05 23:14:37.918 [timesheets.TG_4290_TimesheetCreation] [enterEmail] - Entering email
[INFO ] 2023-02-05 23:14:38.320 [timesheets.TG_4290_TimesheetCreation] [enterEmail] - Email entered successfully
[INFO ] 2023-02-05 23:14:40.325 [timesheets.TG_4290_TimesheetCreation] [selectSearchOnMapsCheckbox] - Selecting search on Maps checkbox
[INFO ] 2023-02-05 23:14:42.656 [timesheets.TG_4290_TimesheetCreation] [selectSearchOnMapsCheckbox] - Search on maps checkbox selected
[INFO ] 2023-02-05 23:14:44.659 [timesheets.TG_4290_TimesheetCreation] [enterEmployeeAddressOnMaps] - Etering employee address on maps
[INFO ] 2023-02-05 23:14:45.956 [timesheets.TG_4290_TimesheetCreation] [enterEmployeeAddressOnMaps] - Employee entered successfully
[INFO ] 2023-02-05 23:14:47.959 [timesheets.TG_4290_TimesheetCreation] [clickSaveButton] - Clicking Save button
[INFO ] 2023-02-05 23:14:48.188 [timesheets.TG_4290_TimesheetCreation] [clickSaveButton] - Save button clicked successfully
[INFO ] 2023-02-05 23:15:28.196 [timesheets.TG_4290_TimesheetCreation] [getEmployeeNameFromEmaployeeDetailsPage] - Fetching employee Name
[INFO ] 2023-02-05 23:15:28.269 [timesheets.TG_4290_TimesheetCreation] [getEmployeeNameFromEmaployeeDetailsPage] - Employee Name fetched successfully
[INFO ] 2023-02-05 23:15:28.413 [timesheets.TG_4290_TimesheetCreation] [Tag_EndToEndFlowNewOrderHiring] - Started==Starting End To End Flow ClaimFromStaffing
[INFO ] 2023-02-05 23:15:28.414 [timesheets.TG_4290_TimesheetCreation] [ClaimOrderForStaffing] - Clicking Job orders menu present on the staffing homepage navigates to joborder listing form 
[INFO ] 2023-02-05 23:15:44.831 [timesheets.TG_4290_TimesheetCreation] [selectParticularJobOrderFromListingStaffing] - Selecting Particular Joborder on the listing
[INFO ] 2023-02-05 23:15:54.981 [timesheets.TG_4290_TimesheetCreation] [selectParticularJobOrderFromListingStaffing] - Particular Joborder on the listing selected successfully
[INFO ] 2023-02-05 23:15:54.982 [timesheets.TG_4290_TimesheetCreation] [ClaimOrderForStaffing] - Clicking on Claim order Button
[INFO ] 2023-02-05 23:16:08.954 [timesheets.TG_4290_TimesheetCreation] [ClaimOrderForStaffing] - Claim order button clicked successfully
[INFO ] 2023-02-05 23:16:08.956 [timesheets.TG_4290_TimesheetCreation] [ClaimOrderForStaffing] - Entering the No. of Employees Claim
[INFO ] 2023-02-05 23:16:14.125 [timesheets.TG_4290_TimesheetCreation] [ClaimOrderForStaffing] - No. of Employees Claim entered successfully
[INFO ] 2023-02-05 23:16:19.131 [timesheets.TG_4290_TimesheetCreation] [ClaimOrderForStaffing] - Entering the E-Signature
[INFO ] 2023-02-05 23:16:21.307 [timesheets.TG_4290_TimesheetCreation] [ClaimOrderForStaffing] - E-Signature entered successfully
[INFO ] 2023-02-05 23:16:21.308 [timesheets.TG_4290_TimesheetCreation] [ClaimOrderForStaffing] - Clicking on Agree to Contract Button
[INFO ] 2023-02-05 23:16:23.413 [timesheets.TG_4290_TimesheetCreation] [ClaimOrderForStaffing] - Agree to Contract Button clicked successfully
[INFO ] 2023-02-05 23:16:23.413 [timesheets.TG_4290_TimesheetCreation] [ClaimOrderForStaffing] - Clicking on Submit Claim Button
[INFO ] 2023-02-05 23:16:30.523 [timesheets.TG_4290_TimesheetCreation] [ClaimOrderForStaffing] - Submit Claim Button clicked successfully
[INFO ] 2023-02-05 23:17:12.848 [timesheets.TG_4290_TimesheetCreation] [Tag_EndToEndFlowNewOrderHiring] - Started==Starting End To End Flow ApproveHiring
[INFO ] 2023-02-05 23:17:20.628 [timesheets.TG_4290_TimesheetCreation] [enterUsername] - Entering new user's first name
[INFO ] 2023-02-05 23:17:20.726 [timesheets.TG_4290_TimesheetCreation] [enterUsername] - User's first name entered successfully
[INFO ] 2023-02-05 23:17:20.726 [timesheets.TG_4290_TimesheetCreation] [enterPassword] - Entering new user's last name
[INFO ] 2023-02-05 23:17:20.808 [timesheets.TG_4290_TimesheetCreation] [enterPassword] - User's last name entered successfully
[INFO ] 2023-02-05 23:17:20.808 [timesheets.TG_4290_TimesheetCreation] [clickLoginButton] - Clicking on Login Button
[INFO ] 2023-02-05 23:17:20.873 [timesheets.TG_4290_TimesheetCreation] [clickLoginButton] - Close Pop Up clicked successfully
[INFO ] 2023-02-05 23:17:20.873 [timesheets.TG_4290_TimesheetCreation] [ApproveClaimFromHiring] - Clicking Order menu present on the staffing homepage
[INFO ] 2023-02-05 23:17:30.483 [timesheets.TG_4290_TimesheetCreation] [ApproveClaimFromHiring] - Order menu present on the staffing hompage clicked successfully.
[INFO ] 2023-02-05 23:17:30.484 [timesheets.TG_4290_TimesheetCreation] [ApproveClaimFromHiring] - Clicking All orders menu present on the staffing homepage
[INFO ] 2023-02-05 23:17:44.666 [timesheets.TG_4290_TimesheetCreation] [ApproveClaimFromHiring] - Clicking on the claim button navigates to claim order form 
[INFO ] 2023-02-05 23:17:47.792 [timesheets.TG_4290_TimesheetCreation] [ApproveClaimFromHiring] - Clicking on the claim button navigates to claim order form successfully
[INFO ] 2023-02-05 23:17:47.793 [timesheets.TG_4290_TimesheetCreation] [ApproveClaimFromHiring] - Clicking the select head count button on the claim order form
[INFO ] 2023-02-05 23:17:48.660 [timesheets.TG_4290_TimesheetCreation] [ApproveClaimFromHiring] - Clicked the select head count button on the claim order form successfully
[INFO ] 2023-02-05 23:17:48.662 [timesheets.TG_4290_TimesheetCreation] [ApproveClaimFromHiring] - Entering Approve count should not be greater than Workerscount
[INFO ] 2023-02-05 23:17:55.287 [timesheets.TG_4290_TimesheetCreation] [ApproveClaimFromHiring] - Approve count is not more than the workers count
[INFO ] 2023-02-05 23:17:55.290 [timesheets.TG_4290_TimesheetCreation] [ApproveClaimFromHiring] - Clicking on modal submit Button
[INFO ] 2023-02-05 23:18:00.413 [timesheets.TG_4290_TimesheetCreation] [ApproveClaimFromHiring] - Modal submit button clicked successfully
[INFO ] 2023-02-05 23:18:11.733 [timesheets.TG_4290_TimesheetCreation] [Tag_EndToEndFlowNewOrderHiring] - Started==Starting End To End Flow AssignEmployee
[INFO ] 2023-02-05 23:18:17.517 [timesheets.TG_4290_TimesheetCreation] [enterUsername] - Entering new user's first name
[INFO ] 2023-02-05 23:18:17.601 [timesheets.TG_4290_TimesheetCreation] [enterUsername] - User's first name entered successfully
[INFO ] 2023-02-05 23:18:17.602 [timesheets.TG_4290_TimesheetCreation] [enterPassword] - Entering new user's last name
[INFO ] 2023-02-05 23:18:17.677 [timesheets.TG_4290_TimesheetCreation] [enterPassword] - User's last name entered successfully
[INFO ] 2023-02-05 23:18:17.677 [timesheets.TG_4290_TimesheetCreation] [clickLoginButton] - Clicking on Login Button
[INFO ] 2023-02-05 23:18:17.738 [timesheets.TG_4290_TimesheetCreation] [clickLoginButton] - Close Pop Up clicked successfully
[INFO ] 2023-02-05 23:18:17.738 [timesheets.TG_4290_TimesheetCreation] [AssignEmployee] - Clicking Order menu present on the staffing homepage
[INFO ] 2023-02-05 23:18:30.835 [timesheets.TG_4290_TimesheetCreation] [AssignEmployee] - Order menu present on the staffing hompage clicked successfully.
[INFO ] 2023-02-05 23:18:30.839 [timesheets.TG_4290_TimesheetCreation] [AssignEmployee] - Clicking All orders menu present on the staffing homepage
[INFO ] 2023-02-05 23:18:34.867 [timesheets.TG_4290_TimesheetCreation] [AssignEmployee] - All orders menu present on the staffing hompage clicked successfully.
[INFO ] 2023-02-05 23:18:41.880 [timesheets.TG_4290_TimesheetCreation] [selectParticularJobOrderFromListingStaffing] - Selecting Particular Joborder on the listing
[INFO ] 2023-02-05 23:18:52.032 [timesheets.TG_4290_TimesheetCreation] [selectParticularJobOrderFromListingStaffing] - Particular Joborder on the listing selected successfully
[INFO ] 2023-02-05 23:18:52.032 [timesheets.TG_4290_TimesheetCreation] [AssignEmployee] - Clicking Assign employees under the related section
[INFO ] 2023-02-05 23:19:03.173 [timesheets.TG_4290_TimesheetCreation] [AssignEmployee] - Clicked assign employees on job order form successfully
[INFO ] 2023-02-05 23:19:03.180 [timesheets.TG_4290_TimesheetCreation] [AssignEmployee] - Entering Distance radius in new Assign Employee form 
[INFO ] 2023-02-05 23:19:03.314 [timesheets.TG_4290_TimesheetCreation] [AssignEmployee] - Distance radius in new Assign Employee form entered successfully
[INFO ] 2023-02-05 23:19:03.315 [timesheets.TG_4290_TimesheetCreation] [AssignEmployee] - Clicking CheckBox ShowAllEmployees
[INFO ] 2023-02-05 23:19:05.416 [timesheets.TG_4290_TimesheetCreation] [AssignEmployee] -  ShowAllEmployees CheckBox clicked successfully
[INFO ] 2023-02-05 23:19:05.416 [timesheets.TG_4290_TimesheetCreation] [AssignEmployee] - Clicking AddRow in new Assign Employee form 
[INFO ] 2023-02-05 23:19:12.750 [timesheets.TG_4290_TimesheetCreation] [AssignEmployee] - AddRow button in new Assign Employee form clicked successfully
[INFO ] 2023-02-05 23:19:12.753 [timesheets.TG_4290_TimesheetCreation] [AssignEmployee] - Clicking edit button on the form under the EmployeeDetails
[INFO ] 2023-02-05 23:19:12.948 [timesheets.TG_4290_TimesheetCreation] [AssignEmployee] - Clicked edit button on the form under the EmployeeDetails successfully
[INFO ] 2023-02-05 23:19:13.272 [timesheets.TG_4290_TimesheetCreation] [AssignEmployee] - employeeId in new Assign Employee form entered successfully
[INFO ] 2023-02-05 23:19:13.272 [timesheets.TG_4290_TimesheetCreation] [AssignEmployee] - Clicking Dropdown arrow in the modal
[INFO ] 2023-02-05 23:19:13.457 [timesheets.TG_4290_TimesheetCreation] [AssignEmployee] - Clicked Dropdown arrow in the modal successfully
[INFO ] 2023-02-05 23:19:15.463 [timesheets.TG_4290_TimesheetCreation] [AssignEmployee] - Clicking save new Assign Employee form
[INFO ] 2023-02-05 23:19:19.584 [timesheets.TG_4290_TimesheetCreation] [AssignEmployee] - save button in new Assign Employee form clicked successfully
[INFO ] 2023-02-05 23:21:06.047 [timesheets.TG_4290_TimesheetCreation] [Tag_VerifyHiringAdminAbleToViewEmployeesHaveBeenAssignedPleaseSubmitTheirTimesheets] - Started==Verifying Hiring Admin Able To View Employees Have Been Assigned Please Submit Their Timesheets
[INFO ] 2023-02-05 23:21:11.955 [timesheets.TG_4290_TimesheetCreation] [enterUsername] - Entering new user's first name
[INFO ] 2023-02-05 23:21:12.116 [timesheets.TG_4290_TimesheetCreation] [enterUsername] - User's first name entered successfully
[INFO ] 2023-02-05 23:21:12.117 [timesheets.TG_4290_TimesheetCreation] [enterPassword] - Entering new user's last name
[INFO ] 2023-02-05 23:21:12.228 [timesheets.TG_4290_TimesheetCreation] [enterPassword] - User's last name entered successfully
[INFO ] 2023-02-05 23:21:12.230 [timesheets.TG_4290_TimesheetCreation] [clickLoginButton] - Clicking on Login Button
[INFO ] 2023-02-05 23:21:12.377 [timesheets.TG_4290_TimesheetCreation] [clickLoginButton] - Close Pop Up clicked successfully
[INFO ] 2023-02-05 23:21:15.384 [timesheets.TG_4290_TimesheetCreation] [clickOrderOption] - Clicking on  order Button
[INFO ] 2023-02-05 23:21:20.357 [timesheets.TG_4290_TimesheetCreation] [clickOrderOption] -  Order Button clicked successfully
[INFO ] 2023-02-05 23:21:38.556 [timesheets.TG_4290_TimesheetCreation] [verifyPleaseReviewTimesheetMessage] - Check for 'submit their timesheets' message Displayed
