[INFO ] 2023-01-16 01:40:21.375 [company.TG_4325_ApproveClaimFromHiring] [Tag_EndToEndFlowNewOrderHiring] - Started==Starting End To End Flow NewOrderHiring
[INFO ] 2023-01-16 01:40:24.762 [company.TG_4325_ApproveClaimFromHiring] [enterUsername] - Entering new user's first name
[INFO ] 2023-01-16 01:40:25.602 [company.TG_4325_ApproveClaimFromHiring] [enterUsername] - User's first name entered successfully
[INFO ] 2023-01-16 01:40:25.603 [company.TG_4325_ApproveClaimFromHiring] [enterPassword] - Entering new user's last name
[INFO ] 2023-01-16 01:40:25.890 [company.TG_4325_ApproveClaimFromHiring] [enterPassword] - User's last name entered successfully
[INFO ] 2023-01-16 01:40:25.890 [company.TG_4325_ApproveClaimFromHiring] [clickLoginButton] - Clicking on Login Button
[INFO ] 2023-01-16 01:40:26.467 [company.TG_4325_ApproveClaimFromHiring] [clickLoginButton] - Close Pop Up clicked successfully
[INFO ] 2023-01-16 01:40:26.468 [company.TG_4325_ApproveClaimFromHiring] [newOrderHiring] - Clicking on New Order Button
[INFO ] 2023-01-16 01:40:39.868 [company.TG_4325_ApproveClaimFromHiring] [newOrderHiring] - New Order Button clicked successfully
[INFO ] 2023-01-16 01:40:39.870 [company.TG_4325_ApproveClaimFromHiring] [newOrderHiring] - Entering EstDailyHours
[INFO ] 2023-01-16 01:40:48.914 [company.TG_4325_ApproveClaimFromHiring] [newOrderHiring] - EstDailyHours entered successfully
[INFO ] 2023-01-16 01:40:48.915 [company.TG_4325_ApproveClaimFromHiring] [newOrderHiring] - Entering StartDate
[INFO ] 2023-01-16 01:40:54.599 [company.TG_4325_ApproveClaimFromHiring] [newOrderHiring] - StartDate entered successfully
[INFO ] 2023-01-16 01:40:54.602 [company.TG_4325_ApproveClaimFromHiring] [newOrderHiring] - Entering EndDate
[INFO ] 2023-01-16 01:41:05.904 [company.TG_4325_ApproveClaimFromHiring] [newOrderHiring] - EndDate entered successfully
[INFO ] 2023-01-16 01:41:05.907 [company.TG_4325_ApproveClaimFromHiring] [newOrderHiring] - Entering StartTime
[INFO ] 2023-01-16 01:41:06.728 [company.TG_4325_ApproveClaimFromHiring] [newOrderHiring] - StartTime entered successfully
[INFO ] 2023-01-16 01:41:06.728 [company.TG_4325_ApproveClaimFromHiring] [newOrderHiring] - Entering Availability
[INFO ] 2023-01-16 01:41:06.958 [company.TG_4325_ApproveClaimFromHiring] [newOrderHiring] - Availabilit entered successfully
[INFO ] 2023-01-16 01:41:06.959 [company.TG_4325_ApproveClaimFromHiring] [newOrderHiring] - Entering JobSite
[INFO ] 2023-01-16 01:41:13.244 [company.TG_4325_ApproveClaimFromHiring] [newOrderHiring] - JobSite entered successfully
[INFO ] 2023-01-16 01:41:13.245 [company.TG_4325_ApproveClaimFromHiring] [newOrderHiring] - Entering JobTitle
[INFO ] 2023-01-16 01:41:22.618 [company.TG_4325_ApproveClaimFromHiring] [newOrderHiring] - JobTitle entered successfully
[INFO ] 2023-01-16 01:41:22.621 [company.TG_4325_ApproveClaimFromHiring] [newOrderHiring] - Entering No Of Workers
[INFO ] 2023-01-16 01:41:27.897 [company.TG_4325_ApproveClaimFromHiring] [newOrderHiring] - NoOfWorkers entered successfully
[INFO ] 2023-01-16 01:41:27.899 [company.TG_4325_ApproveClaimFromHiring] [newOrderHiring] - Entering ESignature
[INFO ] 2023-01-16 01:41:31.136 [company.TG_4325_ApproveClaimFromHiring] [newOrderHiring] - ESignature entered successfully
[INFO ] 2023-01-16 01:41:31.136 [company.TG_4325_ApproveClaimFromHiring] [newOrderHiring] - clickAgreeContract
[INFO ] 2023-01-16 01:41:31.648 [company.TG_4325_ApproveClaimFromHiring] [newOrderHiring] - clickAgreeContract successfully
[INFO ] 2023-01-16 01:41:31.649 [company.TG_4325_ApproveClaimFromHiring] [newOrderHiring] - clickSaveButton
[INFO ] 2023-01-16 01:41:31.849 [company.TG_4325_ApproveClaimFromHiring] [newOrderHiring] - SaveButton Clicked successfully
[INFO ] 2023-01-16 01:41:40.351 [company.TG_4325_ApproveClaimFromHiring] [newOrderHiring] - Job order link present on the home page clicked
[INFO ] 2023-01-16 01:41:50.187 [company.TG_4325_ApproveClaimFromHiring] [newOrderHiring] - Verify Job Order Id and Email Successfully
[INFO ] 2023-01-16 01:41:56.653 [company.TG_4325_ApproveClaimFromHiring] [Tag_EndToEndFlowClaimFromStaffing] - Started==Starting End To End Flow ClaimFromStaffing
[INFO ] 2023-01-16 01:42:04.559 [company.TG_4325_ApproveClaimFromHiring] [enterUsername] - Entering new user's first name
[INFO ] 2023-01-16 01:42:04.715 [company.TG_4325_ApproveClaimFromHiring] [enterUsername] - User's first name entered successfully
[INFO ] 2023-01-16 01:42:04.716 [company.TG_4325_ApproveClaimFromHiring] [enterPassword] - Entering new user's last name
[INFO ] 2023-01-16 01:42:04.816 [company.TG_4325_ApproveClaimFromHiring] [enterPassword] - User's last name entered successfully
[INFO ] 2023-01-16 01:42:04.817 [company.TG_4325_ApproveClaimFromHiring] [clickLoginButton] - Clicking on Login Button
[INFO ] 2023-01-16 01:42:04.956 [company.TG_4325_ApproveClaimFromHiring] [clickLoginButton] - Close Pop Up clicked successfully
[INFO ] 2023-01-16 01:42:04.957 [company.TG_4325_ApproveClaimFromHiring] [ClaimOrderForStaffing] - Clicking Job orders menu present on the staffing homepage navigates to joborder listing form 
