[INFO ] 2023-03-20 19:14:20.654 [users.AddNewUserHiring] [VerifyMandatoryFields] - Started==Verifying mandatory fields in Add New User form
[INFO ] 2023-03-20 19:14:23.693 [users.AddNewUserHiring] [VerifyMandatoryFields] - Logging into the application using username: ankit_tag@yopmail.com
[INFO ] 2023-03-20 19:14:23.694 [users.AddNewUserHiring] [enterUsername] - Entering new user's first name
[INFO ] 2023-03-20 19:14:25.745 [users.AddNewUserHiring] [enterUsername] - User's first name entered successfully
[INFO ] 2023-03-20 19:14:25.745 [users.AddNewUserHiring] [enterPassword] - Entering new user's last name
[INFO ] 2023-03-20 19:14:25.986 [users.AddNewUserHiring] [enterPassword] - User's last name entered successfully
[INFO ] 2023-03-20 19:14:25.986 [users.AddNewUserHiring] [clickLoginButton] - Clicking on Login Button
[INFO ] 2023-03-20 19:14:26.567 [users.AddNewUserHiring] [clickLoginButton] - Close Pop Up clicked successfully
[INFO ] 2023-03-20 19:14:26.568 [users.AddNewUserHiring] [VerifyMandatoryFields] - User: ankit_tag@yopmail.com logged in successfully
[INFO ] 2023-03-20 19:14:29.571 [users.AddNewUserHiring] [clickUsersLinkOnHomePage] - Clicking Users link present on the homepage
[INFO ] 2023-03-20 19:14:39.966 [users.AddNewUserHiring] [clickUsersLinkOnHomePage] - Users link present on the hompage clicked successfully.
[INFO ] 2023-03-20 19:14:49.359 [users.AddNewUserHiring] [clearCompanyTypeField] - Clearing company type field
[INFO ] 2023-03-20 19:14:49.623 [users.AddNewUserHiring] [clearCompanyTypeField] - Company Type field cleared Successfully
[INFO ] 2023-03-20 19:14:49.623 [users.AddNewUserHiring] [clickLastNameField] - Clicking Last Name field
[INFO ] 2023-03-20 19:14:49.876 [users.AddNewUserHiring] [clickLastNameField] - Last Name  field clicked successfully
[INFO ] 2023-03-20 19:14:49.877 [users.AddNewUserHiring] [clickSavebutton] - Clicking save button
[INFO ] 2023-03-20 19:14:50.242 [users.AddNewUserHiring] [clickSavebutton] - Save button clicked successfully
[INFO ] 2023-03-20 19:14:54.340 [users.AddNewUserHiring] [VerifyMandatoryFields] - Started==Verify user creation
[INFO ] 2023-03-20 19:14:54.340 [users.AddNewUserHiring] [enterCompanyType] - Entering Company Type
[INFO ] 2023-03-20 19:14:54.472 [users.AddNewUserHiring] [enterCompanyType] - Company Type Entered Successfully
[INFO ] 2023-03-20 19:14:54.472 [users.AddNewUserHiring] [clickLastNameField] - Clicking Last Name field
[INFO ] 2023-03-20 19:14:54.619 [users.AddNewUserHiring] [clickLastNameField] - Last Name  field clicked successfully
[INFO ] 2023-03-20 19:14:57.628 [users.AddNewUserHiring] [enterUserEmail] - Entering user email address
[INFO ] 2023-03-20 19:14:57.999 [users.AddNewUserHiring] [enterUserEmail] - Email entered successfully
[INFO ] 2023-03-20 19:14:58.000 [users.AddNewUserHiring] [enterFirstNameField] - Entering First Name field
[INFO ] 2023-03-20 19:14:58.287 [users.AddNewUserHiring] [enterFirstNameField] - First Name  entered successfully
[INFO ] 2023-03-20 19:14:58.288 [users.AddNewUserHiring] [enterLastNameField] - Entering Last Name field
[INFO ] 2023-03-20 19:14:58.506 [users.AddNewUserHiring] [enterLastNameField] - Last Name entered successfully
[INFO ] 2023-03-20 19:15:02.916 [users.AddNewUserHiring] [clickSavebutton] - Clicking save button
[INFO ] 2023-03-20 19:15:03.008 [users.AddNewUserHiring] [clickSavebutton] - Save button clicked successfully
[INFO ] 2023-03-20 19:16:06.145 [users.AddNewUserHiring] [verifyUserCreatedOrNot] - Verifying Pop Up Text
[INFO ] 2023-03-20 19:16:06.326 [users.AddNewUserHiring] [verifyUserCreatedOrNot] - Getting the Pop Up text
[INFO ] 2023-03-20 19:16:17.934 [users.AddNewUserHiring] [VerifyMandatoryFields] - Started==new user password setup
[DEBUG] 2023-03-20 19:16:55.188 [freemarker.cache] [debug] - Couldn't find template in cache for "spark/spark.spa.ftl"("en_IN", UTF-8, parsed); will try to load it.
[DEBUG] 2023-03-20 19:16:55.190 [freemarker.cache] [debug] - TemplateLoader.findTemplateSource("spark/spark.spa_en_IN.ftl"): Not found
[DEBUG] 2023-03-20 19:16:55.192 [freemarker.cache] [debug] - TemplateLoader.findTemplateSource("spark/spark.spa_en.ftl"): Not found
[DEBUG] 2023-03-20 19:16:55.192 [freemarker.cache] [debug] - TemplateLoader.findTemplateSource("spark/spark.spa.ftl"): Found
[DEBUG] 2023-03-20 19:16:55.193 [freemarker.cache] [debug] - Loading template for "spark/spark.spa.ftl"("en_IN", UTF-8, parsed) from "jar:file:/Users/amandeep.singh/.m2/repository/com/aventstack/extentreports/5.0.7/extentreports-5.0.7.jar!/com/aventstack/extentreports/templates/spark/spark.spa.ftl"
[DEBUG] 2023-03-20 19:16:55.231 [freemarker.cache] [debug] - Couldn't find template in cache for "commons/commons-variables.ftl"("en_IN", UTF-8, parsed); will try to load it.
[DEBUG] 2023-03-20 19:16:55.232 [freemarker.cache] [debug] - TemplateLoader.findTemplateSource("commons/commons-variables_en_IN.ftl"): Not found
[DEBUG] 2023-03-20 19:16:55.232 [freemarker.cache] [debug] - TemplateLoader.findTemplateSource("commons/commons-variables_en.ftl"): Not found
[DEBUG] 2023-03-20 19:16:55.233 [freemarker.cache] [debug] - TemplateLoader.findTemplateSource("commons/commons-variables.ftl"): Found
[DEBUG] 2023-03-20 19:16:55.234 [freemarker.cache] [debug] - Loading template for "commons/commons-variables.ftl"("en_IN", UTF-8, parsed) from "jar:file:/Users/amandeep.singh/.m2/repository/com/aventstack/extentreports/5.0.7/extentreports-5.0.7.jar!/com/aventstack/extentreports/templates/commons/commons-variables.ftl"
[DEBUG] 2023-03-20 19:16:55.325 [freemarker.cache] [debug] - Couldn't find template in cache for "commons/commons-macros.ftl"("en_IN", UTF-8, parsed); will try to load it.
[DEBUG] 2023-03-20 19:16:55.326 [freemarker.cache] [debug] - TemplateLoader.findTemplateSource("commons/commons-macros_en_IN.ftl"): Not found
[DEBUG] 2023-03-20 19:16:55.327 [freemarker.cache] [debug] - TemplateLoader.findTemplateSource("commons/commons-macros_en.ftl"): Not found
[DEBUG] 2023-03-20 19:16:55.328 [freemarker.cache] [debug] - TemplateLoader.findTemplateSource("commons/commons-macros.ftl"): Found
[DEBUG] 2023-03-20 19:16:55.328 [freemarker.cache] [debug] - Loading template for "commons/commons-macros.ftl"("en_IN", UTF-8, parsed) from "jar:file:/Users/amandeep.singh/.m2/repository/com/aventstack/extentreports/5.0.7/extentreports-5.0.7.jar!/com/aventstack/extentreports/templates/commons/commons-macros.ftl"
[DEBUG] 2023-03-20 19:16:55.336 [freemarker.cache] [debug] - Couldn't find template in cache for "spark/macros/attributes.ftl"("en_IN", UTF-8, parsed); will try to load it.
[DEBUG] 2023-03-20 19:16:55.338 [freemarker.cache] [debug] - TemplateLoader.findTemplateSource("spark/macros/attributes_en_IN.ftl"): Not found
[DEBUG] 2023-03-20 19:16:55.339 [freemarker.cache] [debug] - TemplateLoader.findTemplateSource("spark/macros/attributes_en.ftl"): Not found
[DEBUG] 2023-03-20 19:16:55.340 [freemarker.cache] [debug] - TemplateLoader.findTemplateSource("spark/macros/attributes.ftl"): Found
[DEBUG] 2023-03-20 19:16:55.340 [freemarker.cache] [debug] - Loading template for "spark/macros/attributes.ftl"("en_IN", UTF-8, parsed) from "jar:file:/Users/amandeep.singh/.m2/repository/com/aventstack/extentreports/5.0.7/extentreports-5.0.7.jar!/com/aventstack/extentreports/templates/spark/macros/attributes.ftl"
[DEBUG] 2023-03-20 19:16:55.342 [freemarker.cache] [debug] - Couldn't find template in cache for "spark/macros/log.ftl"("en_IN", UTF-8, parsed); will try to load it.
[DEBUG] 2023-03-20 19:16:55.343 [freemarker.cache] [debug] - TemplateLoader.findTemplateSource("spark/macros/log_en_IN.ftl"): Not found
[DEBUG] 2023-03-20 19:16:55.343 [freemarker.cache] [debug] - TemplateLoader.findTemplateSource("spark/macros/log_en.ftl"): Not found
[DEBUG] 2023-03-20 19:16:55.344 [freemarker.cache] [debug] - TemplateLoader.findTemplateSource("spark/macros/log.ftl"): Found
[DEBUG] 2023-03-20 19:16:55.344 [freemarker.cache] [debug] - Loading template for "spark/macros/log.ftl"("en_IN", UTF-8, parsed) from "jar:file:/Users/amandeep.singh/.m2/repository/com/aventstack/extentreports/5.0.7/extentreports-5.0.7.jar!/com/aventstack/extentreports/templates/spark/macros/log.ftl"
[DEBUG] 2023-03-20 19:16:55.353 [freemarker.cache] [debug] - Couldn't find template in cache for "spark/macros/recurse_nodes.ftl"("en_IN", UTF-8, parsed); will try to load it.
[DEBUG] 2023-03-20 19:16:55.353 [freemarker.cache] [debug] - TemplateLoader.findTemplateSource("spark/macros/recurse_nodes_en_IN.ftl"): Not found
[DEBUG] 2023-03-20 19:16:55.354 [freemarker.cache] [debug] - TemplateLoader.findTemplateSource("spark/macros/recurse_nodes_en.ftl"): Not found
[DEBUG] 2023-03-20 19:16:55.354 [freemarker.cache] [debug] - TemplateLoader.findTemplateSource("spark/macros/recurse_nodes.ftl"): Found
[DEBUG] 2023-03-20 19:16:55.354 [freemarker.cache] [debug] - Loading template for "spark/macros/recurse_nodes.ftl"("en_IN", UTF-8, parsed) from "jar:file:/Users/amandeep.singh/.m2/repository/com/aventstack/extentreports/5.0.7/extentreports-5.0.7.jar!/com/aventstack/extentreports/templates/spark/macros/recurse_nodes.ftl"
[DEBUG] 2023-03-20 19:16:55.361 [freemarker.cache] [debug] - "spark/macros/log.ftl"("en_IN", UTF-8, parsed) cached copy not yet stale; using cached.
[DEBUG] 2023-03-20 19:16:55.362 [freemarker.cache] [debug] - Couldn't find template in cache for "spark/macros/attr-common.ftl"("en_IN", UTF-8, parsed); will try to load it.
[DEBUG] 2023-03-20 19:16:55.362 [freemarker.cache] [debug] - TemplateLoader.findTemplateSource("spark/macros/attr-common_en_IN.ftl"): Not found
[DEBUG] 2023-03-20 19:16:55.362 [freemarker.cache] [debug] - TemplateLoader.findTemplateSource("spark/macros/attr-common_en.ftl"): Not found
[DEBUG] 2023-03-20 19:16:55.363 [freemarker.cache] [debug] - TemplateLoader.findTemplateSource("spark/macros/attr-common.ftl"): Found
[DEBUG] 2023-03-20 19:16:55.363 [freemarker.cache] [debug] - Loading template for "spark/macros/attr-common.ftl"("en_IN", UTF-8, parsed) from "jar:file:/Users/amandeep.singh/.m2/repository/com/aventstack/extentreports/5.0.7/extentreports-5.0.7.jar!/com/aventstack/extentreports/templates/spark/macros/attr-common.ftl"
[DEBUG] 2023-03-20 19:16:55.372 [freemarker.cache] [debug] - Couldn't find template in cache for "spark/partials/head.ftl"("en_IN", UTF-8, parsed); will try to load it.
[DEBUG] 2023-03-20 19:16:55.373 [freemarker.cache] [debug] - TemplateLoader.findTemplateSource("spark/partials/head_en_IN.ftl"): Not found
[DEBUG] 2023-03-20 19:16:55.374 [freemarker.cache] [debug] - TemplateLoader.findTemplateSource("spark/partials/head_en.ftl"): Not found
[DEBUG] 2023-03-20 19:16:55.374 [freemarker.cache] [debug] - TemplateLoader.findTemplateSource("spark/partials/head.ftl"): Found
[DEBUG] 2023-03-20 19:16:55.374 [freemarker.cache] [debug] - Loading template for "spark/partials/head.ftl"("en_IN", UTF-8, parsed) from "jar:file:/Users/amandeep.singh/.m2/repository/com/aventstack/extentreports/5.0.7/extentreports-5.0.7.jar!/com/aventstack/extentreports/templates/spark/partials/head.ftl"
[DEBUG] 2023-03-20 19:16:55.381 [freemarker.cache] [debug] - Couldn't find template in cache for "commons/commons-inject-css.ftl"("en_IN", UTF-8, parsed); will try to load it.
[DEBUG] 2023-03-20 19:16:55.381 [freemarker.cache] [debug] - TemplateLoader.findTemplateSource("commons/commons-inject-css_en_IN.ftl"): Not found
[DEBUG] 2023-03-20 19:16:55.382 [freemarker.cache] [debug] - TemplateLoader.findTemplateSource("commons/commons-inject-css_en.ftl"): Not found
[DEBUG] 2023-03-20 19:16:55.382 [freemarker.cache] [debug] - TemplateLoader.findTemplateSource("commons/commons-inject-css.ftl"): Found
[DEBUG] 2023-03-20 19:16:55.382 [freemarker.cache] [debug] - Loading template for "commons/commons-inject-css.ftl"("en_IN", UTF-8, parsed) from "jar:file:/Users/amandeep.singh/.m2/repository/com/aventstack/extentreports/5.0.7/extentreports-5.0.7.jar!/com/aventstack/extentreports/templates/commons/commons-inject-css.ftl"
[DEBUG] 2023-03-20 19:16:55.383 [freemarker.cache] [debug] - Couldn't find template in cache for "spark/partials/navbar.ftl"("en_IN", UTF-8, parsed); will try to load it.
[DEBUG] 2023-03-20 19:16:55.383 [freemarker.cache] [debug] - TemplateLoader.findTemplateSource("spark/partials/navbar_en_IN.ftl"): Not found
[DEBUG] 2023-03-20 19:16:55.384 [freemarker.cache] [debug] - TemplateLoader.findTemplateSource("spark/partials/navbar_en.ftl"): Not found
[DEBUG] 2023-03-20 19:16:55.384 [freemarker.cache] [debug] - TemplateLoader.findTemplateSource("spark/partials/navbar.ftl"): Found
[DEBUG] 2023-03-20 19:16:55.384 [freemarker.cache] [debug] - Loading template for "spark/partials/navbar.ftl"("en_IN", UTF-8, parsed) from "jar:file:/Users/amandeep.singh/.m2/repository/com/aventstack/extentreports/5.0.7/extentreports-5.0.7.jar!/com/aventstack/extentreports/templates/spark/partials/navbar.ftl"
[DEBUG] 2023-03-20 19:16:55.389 [freemarker.cache] [debug] - Couldn't find template in cache for "spark/partials/sidenav.ftl"("en_IN", UTF-8, parsed); will try to load it.
[DEBUG] 2023-03-20 19:16:55.390 [freemarker.cache] [debug] - TemplateLoader.findTemplateSource("spark/partials/sidenav_en_IN.ftl"): Not found
[DEBUG] 2023-03-20 19:16:55.390 [freemarker.cache] [debug] - TemplateLoader.findTemplateSource("spark/partials/sidenav_en.ftl"): Not found
[DEBUG] 2023-03-20 19:16:55.390 [freemarker.cache] [debug] - TemplateLoader.findTemplateSource("spark/partials/sidenav.ftl"): Found
[DEBUG] 2023-03-20 19:16:55.390 [freemarker.cache] [debug] - Loading template for "spark/partials/sidenav.ftl"("en_IN", UTF-8, parsed) from "jar:file:/Users/amandeep.singh/.m2/repository/com/aventstack/extentreports/5.0.7/extentreports-5.0.7.jar!/com/aventstack/extentreports/templates/spark/partials/sidenav.ftl"
[DEBUG] 2023-03-20 19:16:55.401 [freemarker.cache] [debug] - Couldn't find template in cache for "spark/partials/dashboard.ftl"("en_IN", UTF-8, parsed); will try to load it.
[DEBUG] 2023-03-20 19:16:55.401 [freemarker.cache] [debug] - TemplateLoader.findTemplateSource("spark/partials/dashboard_en_IN.ftl"): Not found
[DEBUG] 2023-03-20 19:16:55.402 [freemarker.cache] [debug] - TemplateLoader.findTemplateSource("spark/partials/dashboard_en.ftl"): Not found
[DEBUG] 2023-03-20 19:16:55.403 [freemarker.cache] [debug] - TemplateLoader.findTemplateSource("spark/partials/dashboard.ftl"): Found
[DEBUG] 2023-03-20 19:16:55.403 [freemarker.cache] [debug] - Loading template for "spark/partials/dashboard.ftl"("en_IN", UTF-8, parsed) from "jar:file:/Users/amandeep.singh/.m2/repository/com/aventstack/extentreports/5.0.7/extentreports-5.0.7.jar!/com/aventstack/extentreports/templates/spark/partials/dashboard.ftl"
[DEBUG] 2023-03-20 19:16:55.483 [freemarker.cache] [debug] - Couldn't find template in cache for "spark/partials/category.ftl"("en_IN", UTF-8, parsed); will try to load it.
[DEBUG] 2023-03-20 19:16:55.484 [freemarker.cache] [debug] - TemplateLoader.findTemplateSource("spark/partials/category_en_IN.ftl"): Not found
[DEBUG] 2023-03-20 19:16:55.484 [freemarker.cache] [debug] - TemplateLoader.findTemplateSource("spark/partials/category_en.ftl"): Not found
[DEBUG] 2023-03-20 19:16:55.485 [freemarker.cache] [debug] - TemplateLoader.findTemplateSource("spark/partials/category.ftl"): Found
[DEBUG] 2023-03-20 19:16:55.485 [freemarker.cache] [debug] - Loading template for "spark/partials/category.ftl"("en_IN", UTF-8, parsed) from "jar:file:/Users/amandeep.singh/.m2/repository/com/aventstack/extentreports/5.0.7/extentreports-5.0.7.jar!/com/aventstack/extentreports/templates/spark/partials/category.ftl"
[DEBUG] 2023-03-20 19:16:55.491 [freemarker.cache] [debug] - Couldn't find template in cache for "spark/partials/test.ftl"("en_IN", UTF-8, parsed); will try to load it.
[DEBUG] 2023-03-20 19:16:55.492 [freemarker.cache] [debug] - TemplateLoader.findTemplateSource("spark/partials/test_en_IN.ftl"): Not found
[DEBUG] 2023-03-20 19:16:55.492 [freemarker.cache] [debug] - TemplateLoader.findTemplateSource("spark/partials/test_en.ftl"): Not found
[DEBUG] 2023-03-20 19:16:55.493 [freemarker.cache] [debug] - TemplateLoader.findTemplateSource("spark/partials/test.ftl"): Found
[DEBUG] 2023-03-20 19:16:55.493 [freemarker.cache] [debug] - Loading template for "spark/partials/test.ftl"("en_IN", UTF-8, parsed) from "jar:file:/Users/amandeep.singh/.m2/repository/com/aventstack/extentreports/5.0.7/extentreports-5.0.7.jar!/com/aventstack/extentreports/templates/spark/partials/test.ftl"
[DEBUG] 2023-03-20 19:16:55.505 [freemarker.cache] [debug] - Couldn't find template in cache for "spark/partials/standard-content.ftl"("en_IN", UTF-8, parsed); will try to load it.
[DEBUG] 2023-03-20 19:16:55.506 [freemarker.cache] [debug] - TemplateLoader.findTemplateSource("spark/partials/standard-content_en_IN.ftl"): Not found
[DEBUG] 2023-03-20 19:16:55.506 [freemarker.cache] [debug] - TemplateLoader.findTemplateSource("spark/partials/standard-content_en.ftl"): Not found
[DEBUG] 2023-03-20 19:16:55.506 [freemarker.cache] [debug] - TemplateLoader.findTemplateSource("spark/partials/standard-content.ftl"): Found
[DEBUG] 2023-03-20 19:16:55.506 [freemarker.cache] [debug] - Loading template for "spark/partials/standard-content.ftl"("en_IN", UTF-8, parsed) from "jar:file:/Users/amandeep.singh/.m2/repository/com/aventstack/extentreports/5.0.7/extentreports-5.0.7.jar!/com/aventstack/extentreports/templates/spark/partials/standard-content.ftl"
[DEBUG] 2023-03-20 19:16:55.545 [freemarker.cache] [debug] - "spark/partials/standard-content.ftl"("en_IN", UTF-8, parsed) cached copy not yet stale; using cached.
[DEBUG] 2023-03-20 19:16:55.547 [freemarker.cache] [debug] - "spark/partials/standard-content.ftl"("en_IN", UTF-8, parsed) cached copy not yet stale; using cached.
[DEBUG] 2023-03-20 19:16:55.548 [freemarker.cache] [debug] - Couldn't find template in cache for "spark/partials/scripts.ftl"("en_IN", UTF-8, parsed); will try to load it.
[DEBUG] 2023-03-20 19:16:55.549 [freemarker.cache] [debug] - TemplateLoader.findTemplateSource("spark/partials/scripts_en_IN.ftl"): Not found
[DEBUG] 2023-03-20 19:16:55.549 [freemarker.cache] [debug] - TemplateLoader.findTemplateSource("spark/partials/scripts_en.ftl"): Not found
[DEBUG] 2023-03-20 19:16:55.549 [freemarker.cache] [debug] - TemplateLoader.findTemplateSource("spark/partials/scripts.ftl"): Found
[DEBUG] 2023-03-20 19:16:55.549 [freemarker.cache] [debug] - Loading template for "spark/partials/scripts.ftl"("en_IN", UTF-8, parsed) from "jar:file:/Users/amandeep.singh/.m2/repository/com/aventstack/extentreports/5.0.7/extentreports-5.0.7.jar!/com/aventstack/extentreports/templates/spark/partials/scripts.ftl"
[DEBUG] 2023-03-20 19:16:55.551 [freemarker.cache] [debug] - Couldn't find template in cache for "commons/commons-inject-js.ftl"("en_IN", UTF-8, parsed); will try to load it.
[DEBUG] 2023-03-20 19:16:55.551 [freemarker.cache] [debug] - TemplateLoader.findTemplateSource("commons/commons-inject-js_en_IN.ftl"): Not found
[DEBUG] 2023-03-20 19:16:55.551 [freemarker.cache] [debug] - TemplateLoader.findTemplateSource("commons/commons-inject-js_en.ftl"): Not found
[DEBUG] 2023-03-20 19:16:55.552 [freemarker.cache] [debug] - TemplateLoader.findTemplateSource("commons/commons-inject-js.ftl"): Found
[DEBUG] 2023-03-20 19:16:55.552 [freemarker.cache] [debug] - Loading template for "commons/commons-inject-js.ftl"("en_IN", UTF-8, parsed) from "jar:file:/Users/amandeep.singh/.m2/repository/com/aventstack/extentreports/5.0.7/extentreports-5.0.7.jar!/com/aventstack/extentreports/templates/commons/commons-inject-js.ftl"
