[INFO ] 2023-02-24 15:07:11.777 [employees.TG_3963_AddNewEmployee] [VerifyCreateNewEmployee] - Started==Verifying Company Type  and Company Name are mandatory fields
[INFO ] 2023-02-24 15:07:17.145 [employees.TG_3963_AddNewEmployee] [enterUsername] - Entering new user's first name
[INFO ] 2023-02-24 15:07:18.984 [employees.TG_3963_AddNewEmployee] [enterUsername] - User's first name entered successfully
[INFO ] 2023-02-24 15:07:18.985 [employees.TG_3963_AddNewEmployee] [enterPassword] - Entering new user's last name
[INFO ] 2023-02-24 15:07:19.187 [employees.TG_3963_AddNewEmployee] [enterPassword] - User's last name entered successfully
[INFO ] 2023-02-24 15:07:19.188 [employees.TG_3963_AddNewEmployee] [clickLoginButton] - Clicking on Login Button
[INFO ] 2023-02-24 15:07:19.683 [employees.TG_3963_AddNewEmployee] [clickLoginButton] - Close Pop Up clicked successfully
[INFO ] 2023-02-24 15:07:19.684 [employees.TG_3963_AddNewEmployee] [VerifyCreateNewEmployee] - Login Successful
[INFO ] 2023-02-24 15:08:00.118 [employees.TG_3963_AddNewEmployee] [clickAddNewEployeeButton] - Clicking on Add New Employee Button
[INFO ] 2023-02-24 15:08:01.550 [employees.TG_3963_AddNewEmployee] [clickAddNewEployeeButton] - Employee button clicked successfully
[INFO ] 2023-02-24 15:08:06.556 [employees.TG_3963_AddNewEmployee] [enterCompanyName] - Entering Company Name
[INFO ] 2023-02-24 15:08:06.955 [employees.TG_3963_AddNewEmployee] [enterCompanyName] - Company Name entered successfully
[INFO ] 2023-02-24 15:08:08.962 [employees.TG_3963_AddNewEmployee] [enterFirstName] - Entering First Name
[INFO ] 2023-02-24 15:08:09.189 [employees.TG_3963_AddNewEmployee] [enterFirstName] - First Name entered successfully
[INFO ] 2023-02-24 15:08:11.196 [employees.TG_3963_AddNewEmployee] [enterLastName] - Entering Last Name
[INFO ] 2023-02-24 15:08:11.333 [employees.TG_3963_AddNewEmployee] [enterLastName] - Last Name entered successfully
[INFO ] 2023-02-24 15:08:13.338 [employees.TG_3963_AddNewEmployee] [enterDateOfBirthField] - Entering date of birth
[INFO ] 2023-02-24 15:08:14.850 [employees.TG_3963_AddNewEmployee] [enterDateOfBirthField] - Date of birth entered successfully
[INFO ] 2023-02-24 15:08:16.856 [employees.TG_3963_AddNewEmployee] [enterEmail] - Entering email
[INFO ] 2023-02-24 15:08:17.189 [employees.TG_3963_AddNewEmployee] [enterEmail] - Email entered successfully
[INFO ] 2023-02-24 15:08:19.195 [employees.TG_3963_AddNewEmployee] [selectSearchOnMapsCheckbox] - Selecting search on Maps checkbox
