[INFO ] 2023-02-24 15:44:40.308 [company.TG_4418_EmployeeOnboardingTemplate] [enterUsername] - Entering new user's first name
[INFO ] 2023-02-24 15:44:42.107 [company.TG_4418_EmployeeOnboardingTemplate] [enterUsername] - User's first name entered successfully
[INFO ] 2023-02-24 15:44:42.107 [company.TG_4418_EmployeeOnboardingTemplate] [enterPassword] - Entering new user's last name
[INFO ] 2023-02-24 15:44:42.267 [company.TG_4418_EmployeeOnboardingTemplate] [enterPassword] - User's last name entered successfully
[INFO ] 2023-02-24 15:44:42.268 [company.TG_4418_EmployeeOnboardingTemplate] [clickLoginButton] - Clicking on Login Button
[INFO ] 2023-02-24 15:44:42.850 [company.TG_4418_EmployeeOnboardingTemplate] [clickLoginButton] - Close Pop Up clicked successfully
[INFO ] 2023-02-24 15:44:45.884 [company.TG_4418_EmployeeOnboardingTemplate] [clickATSMenuOnStaffingHomePage] - Clicking Order menu present on the staffing homepage
[INFO ] 2023-02-24 15:45:01.894 [company.TG_4418_EmployeeOnboardingTemplate] [clickATSMenuOnStaffingHomePage] - ATS menu present on the staffing hompage clicked successfully.
[INFO ] 2023-02-24 15:45:01.898 [company.TG_4418_EmployeeOnboardingTemplate] [clickSetUpOptionUnderTheATS] - Clicking on the set up menu under the ATS option
[INFO ] 2023-02-24 15:45:02.564 [company.TG_4418_EmployeeOnboardingTemplate] [clickSetUpOptionUnderTheATS] - clicked set up menu under the ATS option present on the staffing homepage successfully.
[INFO ] 2023-02-24 15:45:02.564 [company.TG_4418_EmployeeOnboardingTemplate] [verifyEmployeeOnboardingTemplateTitle] - Verify EmployeeOnboardingTemplateTitle on the employee-onboarding Template page
[INFO ] 2023-02-24 15:45:04.030 [company.TG_4418_EmployeeOnboardingTemplate] [verifyEmployeeOnboardingTemplateTitle] - EmployeeOnboardingTemplateTitle menu displayed successfully
[INFO ] 2023-02-24 15:45:06.237 [company.TG_4418_EmployeeOnboardingTemplate] [clickAddEmployeeOnboardingTemplate] - Clicking AddEmployeeOnboarding present on the  employee-onboarding page
[INFO ] 2023-02-24 15:45:07.423 [company.TG_4418_EmployeeOnboardingTemplate] [clickAddEmployeeOnboardingTemplate] - Add Employee Onboarding button clicked successfully.
[INFO ] 2023-02-24 15:45:07.424 [company.TG_4418_EmployeeOnboardingTemplate] [verifyNewEmployeeOnboardingTemplateTitle] - Verify New Employee Onboarding Template Title while clicking add Employee Onboarding Template Button
[INFO ] 2023-02-24 15:45:08.134 [company.TG_4418_EmployeeOnboardingTemplate] [verifyNewEmployeeOnboardingTemplateTitle] - New Employee Onboarding Template Title displayed while clicking add Employee Onboarding Template Button successfully
[INFO ] 2023-02-24 15:45:10.204 [company.TG_4418_EmployeeOnboardingTemplate] [verifyCompanyFeildMandatory] - Verify Company field mandatory and auto-populate
[INFO ] 2023-02-24 15:45:10.352 [company.TG_4418_EmployeeOnboardingTemplate] [verifyCompanyFeildMandatory] - Verified Company field mandatory and auto-populated successfully
[INFO ] 2023-02-24 15:45:10.358 [company.TG_4418_EmployeeOnboardingTemplate] [verifyCompanyFeildAutoPopulated] - Verify Company Feild auto populated in new Employee Onboarding Template
[INFO ] 2023-02-24 15:45:10.476 [company.TG_4418_EmployeeOnboardingTemplate] [verifyCompanyFeildAutoPopulated] - Company Feild auto populated in new Employee Onboarding Template successfully.
[INFO ] 2023-02-24 15:45:10.517 [company.TG_4418_EmployeeOnboardingTemplate] [enterTemplateName] - Entering TemplateName 
[INFO ] 2023-02-24 15:45:10.978 [company.TG_4418_EmployeeOnboardingTemplate] [enterTemplateName] - TemplateName entered successfully
[INFO ] 2023-02-24 15:45:10.979 [company.TG_4418_EmployeeOnboardingTemplate] [clickAddRowButton] - Clicking Add Row button on the form under the Activities Panel
[INFO ] 2023-02-24 15:45:11.356 [company.TG_4418_EmployeeOnboardingTemplate] [clickAddRowButton] - Clicked Add Row button on the form under the Activities Panel successfully
[INFO ] 2023-02-24 15:45:13.386 [company.TG_4418_EmployeeOnboardingTemplate] [clickEditButton] - Clicking edit button on the form under the Activities Panel
[INFO ] 2023-02-24 15:45:14.141 [company.TG_4418_EmployeeOnboardingTemplate] [clickEditButton] - Clicked edit button on the form under the Activities Panel successfully
[INFO ] 2023-02-24 15:45:14.145 [company.TG_4418_EmployeeOnboardingTemplate] [verifyEditModal] - Verify new Modal should open on clicking edit button
[INFO ] 2023-02-24 15:45:14.370 [company.TG_4418_EmployeeOnboardingTemplate] [verifyEditModal] - new Modal opened on clicking edit button successfully.
[INFO ] 2023-02-24 15:45:16.490 [company.TG_4418_EmployeeOnboardingTemplate] [verifyActivityNameModal] - Checking Activity name is Visible in modal
[INFO ] 2023-02-24 15:45:16.618 [company.TG_4418_EmployeeOnboardingTemplate] [verifyActivityNameModal] - Activity name is Visible in modal displayed successfully
[INFO ] 2023-02-24 15:45:16.619 [company.TG_4418_EmployeeOnboardingTemplate] [clickDropModalClose] - Clicking Dropdown arrow in the modal
[INFO ] 2023-02-24 15:45:17.101 [company.TG_4418_EmployeeOnboardingTemplate] [clickDropModalClose] - Clicked Dropdown arrow in the modal successfully
[INFO ] 2023-02-24 15:45:17.148 [company.TG_4418_EmployeeOnboardingTemplate] [clickSaveButton] - Clicking save button on the form
[INFO ] 2023-02-24 15:45:19.292 [company.TG_4418_EmployeeOnboardingTemplate] [clickSaveButton] - Clicked save button on the form successfully
[INFO ] 2023-02-24 15:45:19.299 [company.TG_4418_EmployeeOnboardingTemplate] [verifyMissingFieldPopUp] - Verify Missing field dialog while clicking save Button
[INFO ] 2023-02-24 15:45:19.468 [company.TG_4418_EmployeeOnboardingTemplate] [verifyMissingFieldPopUp] - Missing field dialog displayed while clicking save Button successfully.
[INFO ] 2023-02-24 15:45:21.532 [company.TG_4418_EmployeeOnboardingTemplate] [clickCloseIcon] - Clicking on Close Icon
[INFO ] 2023-02-24 15:45:24.032 [company.TG_4418_EmployeeOnboardingTemplate] [clickCloseIcon] - Close Icon clicked successfully
[INFO ] 2023-02-24 15:45:24.036 [company.TG_4418_EmployeeOnboardingTemplate] [clickEditButton] - Clicking edit button on the form under the Activities Panel
[INFO ] 2023-02-24 15:45:25.317 [company.TG_4418_EmployeeOnboardingTemplate] [clickEditButton] - Clicked edit button on the form under the Activities Panel successfully
[INFO ] 2023-02-24 15:45:25.335 [company.TG_4418_EmployeeOnboardingTemplate] [enterActivityName] - Entering Activity name
[INFO ] 2023-02-24 15:45:26.765 [company.TG_4418_EmployeeOnboardingTemplate] [enterActivityName] - Activity name entered successfully
[INFO ] 2023-02-24 15:45:26.769 [company.TG_4418_EmployeeOnboardingTemplate] [verifyUserVisible] - Checking user is Visible
[INFO ] 2023-02-24 15:45:27.059 [company.TG_4418_EmployeeOnboardingTemplate] [verifyUserVisible] - Employee Onboarding Template is displayed successfully
[INFO ] 2023-02-24 15:45:27.060 [company.TG_4418_EmployeeOnboardingTemplate] [enterUserFeildValue] - Entering user field value 
[INFO ] 2023-02-24 15:45:29.872 [company.TG_4418_EmployeeOnboardingTemplate] [enterUserFeildValue] - entered successfully
[INFO ] 2023-02-24 15:45:31.964 [company.TG_4418_EmployeeOnboardingTemplate] [verifyDocumentRequiredVisible] - Checking Document Required is Visible
[INFO ] 2023-02-24 15:45:32.127 [company.TG_4418_EmployeeOnboardingTemplate] [verifyDocumentRequiredVisible] - Document Required is displayed successfully
[INFO ] 2023-02-24 15:45:34.130 [company.TG_4418_EmployeeOnboardingTemplate] [clickCheckBoxDocumentRequired] - Clicking CheckBox DocumentRequired in modal
[INFO ] 2023-02-24 15:45:38.185 [company.TG_4418_EmployeeOnboardingTemplate] [clickCheckBoxDocumentRequired] - CheckBox clicked in modal successfully
[INFO ] 2023-02-24 15:45:40.266 [company.TG_4418_EmployeeOnboardingTemplate] [enterDocument] - Clicking Document dropdown in modal
[INFO ] 2023-02-24 15:45:40.765 [company.TG_4418_EmployeeOnboardingTemplate] [enterDocument] - Document dropdown in modal clicked successfully
[INFO ] 2023-02-24 15:45:40.766 [company.TG_4418_EmployeeOnboardingTemplate] [verifyAttachment] - Verify attachment auto populated on selecting dropdown value
[INFO ] 2023-02-24 15:45:40.816 [company.TG_4418_EmployeeOnboardingTemplate] [verifyAttachment] - Attachment auto populated on selecting dropdown valuesuccessfully.
[INFO ] 2023-02-24 15:45:42.842 [company.TG_4418_EmployeeOnboardingTemplate] [clickAttachButton] - Clicking attach button in modal
[INFO ] 2023-02-24 15:45:43.497 [company.TG_4418_EmployeeOnboardingTemplate] [clickAttachButton] - Attach Button clicked in modal successfully
[INFO ] 2023-02-24 15:45:43.498 [company.TG_4418_EmployeeOnboardingTemplate] [enterMyDevice] - Attaching a pdf file in the attachment
[INFO ] 2023-02-24 15:45:50.980 [company.TG_4418_EmployeeOnboardingTemplate] [enterMyDevice] - Attached a pdf file in the attachment successfully
[INFO ] 2023-02-24 15:45:50.995 [company.TG_4418_EmployeeOnboardingTemplate] [clickUploadButton] - Clicking Upload button in modal
[INFO ] 2023-02-24 15:45:52.113 [company.TG_4418_EmployeeOnboardingTemplate] [clickUploadButton] - Upload Button clicked inmodal successfully
[INFO ] 2023-02-24 15:45:52.124 [company.TG_4418_EmployeeOnboardingTemplate] [clickDropModalClose] - Clicking Dropdown arrow in the modal
[INFO ] 2023-02-24 15:45:53.555 [company.TG_4418_EmployeeOnboardingTemplate] [clickDropModalClose] - Clicked Dropdown arrow in the modal successfully
[INFO ] 2023-02-24 15:45:55.624 [company.TG_4418_EmployeeOnboardingTemplate] [clickSaveButton] - Clicking save button on the form
[INFO ] 2023-02-24 15:45:57.842 [company.TG_4418_EmployeeOnboardingTemplate] [clickSaveButton] - Clicked save button on the form successfully
[INFO ] 2023-02-24 15:45:59.901 [company.TG_4418_EmployeeOnboardingTemplate] [verifyNewEntry] - Verify new entry created after clicking save Button
[INFO ] 2023-02-24 15:46:08.176 [company.TG_4418_EmployeeOnboardingTemplate] [verifyNewEntry] - New entry created after clicking save Button successfully.
