[INFO ] 2023-02-05 23:51:45.386 [timesheets.TG_4290_TimesheetCreation] [Tag_EndToEndFlowNewOrderHiring] - Started==Starting End To End Flow NewOrderHiring
[INFO ] 2023-02-05 23:51:48.817 [timesheets.TG_4290_TimesheetCreation] [enterUsername] - Entering new user's first name
[INFO ] 2023-02-05 23:51:50.188 [timesheets.TG_4290_TimesheetCreation] [enterUsername] - User's first name entered successfully
[INFO ] 2023-02-05 23:51:50.188 [timesheets.TG_4290_TimesheetCreation] [enterPassword] - Entering new user's last name
[INFO ] 2023-02-05 23:51:50.407 [timesheets.TG_4290_TimesheetCreation] [enterPassword] - User's last name entered successfully
[INFO ] 2023-02-05 23:51:50.407 [timesheets.TG_4290_TimesheetCreation] [clickLoginButton] - Clicking on Login Button
[INFO ] 2023-02-05 23:51:50.784 [timesheets.TG_4290_TimesheetCreation] [clickLoginButton] - Close Pop Up clicked successfully
[INFO ] 2023-02-05 23:51:50.784 [timesheets.TG_4290_TimesheetCreation] [newOrderHiring] - Clicking on New Order Button
[INFO ] 2023-02-05 23:52:03.044 [timesheets.TG_4290_TimesheetCreation] [newOrderHiring] - New Order Button clicked successfully
[INFO ] 2023-02-05 23:52:03.045 [timesheets.TG_4290_TimesheetCreation] [newOrderHiring] - Entering EstDailyHours
[INFO ] 2023-02-05 23:52:11.675 [timesheets.TG_4290_TimesheetCreation] [newOrderHiring] - EstDailyHours entered successfully
[INFO ] 2023-02-05 23:52:11.676 [timesheets.TG_4290_TimesheetCreation] [newOrderHiring] - Entering StartDate
[INFO ] 2023-02-05 23:52:17.340 [timesheets.TG_4290_TimesheetCreation] [newOrderHiring] - StartDate entered successfully
[INFO ] 2023-02-05 23:52:17.342 [timesheets.TG_4290_TimesheetCreation] [newOrderHiring] - Entering EndDate
[INFO ] 2023-02-05 23:52:28.618 [timesheets.TG_4290_TimesheetCreation] [newOrderHiring] - EndDate entered successfully
[INFO ] 2023-02-05 23:52:28.622 [timesheets.TG_4290_TimesheetCreation] [newOrderHiring] - Entering StartTime
[INFO ] 2023-02-05 23:52:29.849 [timesheets.TG_4290_TimesheetCreation] [newOrderHiring] - StartTime entered successfully
[INFO ] 2023-02-05 23:52:29.850 [timesheets.TG_4290_TimesheetCreation] [newOrderHiring] - Entering Availability
[INFO ] 2023-02-05 23:52:30.075 [timesheets.TG_4290_TimesheetCreation] [newOrderHiring] - Availabilit entered successfully
[INFO ] 2023-02-05 23:52:30.075 [timesheets.TG_4290_TimesheetCreation] [newOrderHiring] - Entering JobSite
[INFO ] 2023-02-05 23:52:36.411 [timesheets.TG_4290_TimesheetCreation] [newOrderHiring] - JobSite entered successfully
[INFO ] 2023-02-05 23:52:36.412 [timesheets.TG_4290_TimesheetCreation] [newOrderHiring] - Entering JobTitle
[INFO ] 2023-02-05 23:52:45.763 [timesheets.TG_4290_TimesheetCreation] [newOrderHiring] - JobTitle entered successfully
[INFO ] 2023-02-05 23:52:45.769 [timesheets.TG_4290_TimesheetCreation] [newOrderHiring] - Entering No Of Workers
[INFO ] 2023-02-05 23:52:50.968 [timesheets.TG_4290_TimesheetCreation] [newOrderHiring] - NoOfWorkers entered successfully
[INFO ] 2023-02-05 23:52:50.970 [timesheets.TG_4290_TimesheetCreation] [newOrderHiring] - Entering ESignature
[INFO ] 2023-02-05 23:52:54.085 [timesheets.TG_4290_TimesheetCreation] [newOrderHiring] - ESignature entered successfully
[INFO ] 2023-02-05 23:52:54.085 [timesheets.TG_4290_TimesheetCreation] [newOrderHiring] - clickAgreeContract
[INFO ] 2023-02-05 23:52:54.282 [timesheets.TG_4290_TimesheetCreation] [newOrderHiring] - clickAgreeContract successfully
[INFO ] 2023-02-05 23:52:54.283 [timesheets.TG_4290_TimesheetCreation] [newOrderHiring] - clickSaveButton
[INFO ] 2023-02-05 23:52:54.493 [timesheets.TG_4290_TimesheetCreation] [newOrderHiring] - SaveButton Clicked successfully
[INFO ] 2023-02-05 23:53:02.962 [timesheets.TG_4290_TimesheetCreation] [newOrderHiring] - Job order link present on the home page clicked
[INFO ] 2023-02-05 23:53:11.153 [timesheets.TG_4290_TimesheetCreation] [newOrderHiring] - Verify Job Order Id and Email Successfully
[INFO ] 2023-02-05 23:53:22.621 [timesheets.TG_4290_TimesheetCreation] [Tag_EndToEndFlowNewOrderHiring] - Started==Starting End To End Flow CreateEmployeeFromStaffing
[INFO ] 2023-02-05 23:53:32.283 [timesheets.TG_4290_TimesheetCreation] [enterUsername] - Entering new user's first name
[INFO ] 2023-02-05 23:53:32.388 [timesheets.TG_4290_TimesheetCreation] [enterUsername] - User's first name entered successfully
[INFO ] 2023-02-05 23:53:32.388 [timesheets.TG_4290_TimesheetCreation] [enterPassword] - Entering new user's last name
[INFO ] 2023-02-05 23:53:32.457 [timesheets.TG_4290_TimesheetCreation] [enterPassword] - User's last name entered successfully
[INFO ] 2023-02-05 23:53:32.457 [timesheets.TG_4290_TimesheetCreation] [clickLoginButton] - Clicking on Login Button
[INFO ] 2023-02-05 23:53:32.524 [timesheets.TG_4290_TimesheetCreation] [clickLoginButton] - Close Pop Up clicked successfully
[INFO ] 2023-02-05 23:54:04.179 [timesheets.TG_4290_TimesheetCreation] [clickAddNewEployeeButton] - Clicking on Add New Employee Button
[INFO ] 2023-02-05 23:54:05.052 [timesheets.TG_4290_TimesheetCreation] [clickAddNewEployeeButton] - Employee button clicked successfully
[INFO ] 2023-02-05 23:54:10.061 [timesheets.TG_4290_TimesheetCreation] [enterCompanyName] - Entering Company Name
[INFO ] 2023-02-05 23:54:10.455 [timesheets.TG_4290_TimesheetCreation] [enterCompanyName] - Company Name entered successfully
[INFO ] 2023-02-05 23:54:12.461 [timesheets.TG_4290_TimesheetCreation] [enterFirstName] - Entering First Name
[INFO ] 2023-02-05 23:54:12.583 [timesheets.TG_4290_TimesheetCreation] [enterFirstName] - First Name entered successfully
[INFO ] 2023-02-05 23:54:14.591 [timesheets.TG_4290_TimesheetCreation] [enterLastName] - Entering Last Name
[INFO ] 2023-02-05 23:54:14.699 [timesheets.TG_4290_TimesheetCreation] [enterLastName] - Last Name entered successfully
[INFO ] 2023-02-05 23:54:16.705 [timesheets.TG_4290_TimesheetCreation] [enterDateOfBirthField] - Entering date of birth
[INFO ] 2023-02-05 23:54:17.916 [timesheets.TG_4290_TimesheetCreation] [enterDateOfBirthField] - Date of birth entered successfully
[INFO ] 2023-02-05 23:54:19.922 [timesheets.TG_4290_TimesheetCreation] [enterEmail] - Entering email
[INFO ] 2023-02-05 23:54:20.122 [timesheets.TG_4290_TimesheetCreation] [enterEmail] - Email entered successfully
[INFO ] 2023-02-05 23:54:22.129 [timesheets.TG_4290_TimesheetCreation] [selectSearchOnMapsCheckbox] - Selecting search on Maps checkbox
[INFO ] 2023-02-05 23:54:24.445 [timesheets.TG_4290_TimesheetCreation] [selectSearchOnMapsCheckbox] - Search on maps checkbox selected
[INFO ] 2023-02-05 23:54:26.451 [timesheets.TG_4290_TimesheetCreation] [enterEmployeeAddressOnMaps] - Etering employee address on maps
[INFO ] 2023-02-05 23:54:27.776 [timesheets.TG_4290_TimesheetCreation] [enterEmployeeAddressOnMaps] - Employee entered successfully
[INFO ] 2023-02-05 23:54:29.783 [timesheets.TG_4290_TimesheetCreation] [clickSaveButton] - Clicking Save button
[INFO ] 2023-02-05 23:54:29.986 [timesheets.TG_4290_TimesheetCreation] [clickSaveButton] - Save button clicked successfully
[INFO ] 2023-02-05 23:55:09.996 [timesheets.TG_4290_TimesheetCreation] [getEmployeeNameFromEmaployeeDetailsPage] - Fetching employee Name
[INFO ] 2023-02-05 23:55:10.084 [timesheets.TG_4290_TimesheetCreation] [getEmployeeNameFromEmaployeeDetailsPage] - Employee Name fetched successfully
[INFO ] 2023-02-05 23:55:10.274 [timesheets.TG_4290_TimesheetCreation] [Tag_EndToEndFlowNewOrderHiring] - Started==Starting End To End Flow ClaimFromStaffing
[INFO ] 2023-02-05 23:55:10.275 [timesheets.TG_4290_TimesheetCreation] [ClaimOrderForStaffing] - Clicking Job orders menu present on the staffing homepage navigates to joborder listing form 
[INFO ] 2023-02-05 23:55:26.276 [timesheets.TG_4290_TimesheetCreation] [selectParticularJobOrderFromListingStaffing] - Selecting Particular Joborder on the listing
[INFO ] 2023-02-05 23:55:36.425 [timesheets.TG_4290_TimesheetCreation] [selectParticularJobOrderFromListingStaffing] - Particular Joborder on the listing selected successfully
[INFO ] 2023-02-05 23:55:36.426 [timesheets.TG_4290_TimesheetCreation] [ClaimOrderForStaffing] - Clicking on Claim order Button
[INFO ] 2023-02-05 23:55:50.470 [timesheets.TG_4290_TimesheetCreation] [ClaimOrderForStaffing] - Claim order button clicked successfully
[INFO ] 2023-02-05 23:55:50.471 [timesheets.TG_4290_TimesheetCreation] [ClaimOrderForStaffing] - Entering the No. of Employees Claim
[INFO ] 2023-02-05 23:55:55.613 [timesheets.TG_4290_TimesheetCreation] [ClaimOrderForStaffing] - No. of Employees Claim entered successfully
[INFO ] 2023-02-05 23:56:00.616 [timesheets.TG_4290_TimesheetCreation] [ClaimOrderForStaffing] - Entering the E-Signature
[INFO ] 2023-02-05 23:56:02.800 [timesheets.TG_4290_TimesheetCreation] [ClaimOrderForStaffing] - E-Signature entered successfully
[INFO ] 2023-02-05 23:56:02.801 [timesheets.TG_4290_TimesheetCreation] [ClaimOrderForStaffing] - Clicking on Agree to Contract Button
[INFO ] 2023-02-05 23:56:04.909 [timesheets.TG_4290_TimesheetCreation] [ClaimOrderForStaffing] - Agree to Contract Button clicked successfully
[INFO ] 2023-02-05 23:56:04.909 [timesheets.TG_4290_TimesheetCreation] [ClaimOrderForStaffing] - Clicking on Submit Claim Button
[INFO ] 2023-02-05 23:56:12.024 [timesheets.TG_4290_TimesheetCreation] [ClaimOrderForStaffing] - Submit Claim Button clicked successfully
[INFO ] 2023-02-05 23:56:54.956 [timesheets.TG_4290_TimesheetCreation] [Tag_EndToEndFlowNewOrderHiring] - Started==Starting End To End Flow ApproveHiring
[INFO ] 2023-02-05 23:57:02.883 [timesheets.TG_4290_TimesheetCreation] [enterUsername] - Entering new user's first name
[INFO ] 2023-02-05 23:57:02.992 [timesheets.TG_4290_TimesheetCreation] [enterUsername] - User's first name entered successfully
[INFO ] 2023-02-05 23:57:02.993 [timesheets.TG_4290_TimesheetCreation] [enterPassword] - Entering new user's last name
[INFO ] 2023-02-05 23:57:03.066 [timesheets.TG_4290_TimesheetCreation] [enterPassword] - User's last name entered successfully
[INFO ] 2023-02-05 23:57:03.066 [timesheets.TG_4290_TimesheetCreation] [clickLoginButton] - Clicking on Login Button
[INFO ] 2023-02-05 23:57:03.127 [timesheets.TG_4290_TimesheetCreation] [clickLoginButton] - Close Pop Up clicked successfully
[INFO ] 2023-02-05 23:57:03.127 [timesheets.TG_4290_TimesheetCreation] [ApproveClaimFromHiring] - Clicking Order menu present on the staffing homepage
[INFO ] 2023-02-05 23:57:12.854 [timesheets.TG_4290_TimesheetCreation] [ApproveClaimFromHiring] - Order menu present on the staffing hompage clicked successfully.
[INFO ] 2023-02-05 23:57:12.855 [timesheets.TG_4290_TimesheetCreation] [ApproveClaimFromHiring] - Clicking All orders menu present on the staffing homepage
[INFO ] 2023-02-05 23:57:27.121 [timesheets.TG_4290_TimesheetCreation] [ApproveClaimFromHiring] - Clicking on the claim button navigates to claim order form 
[INFO ] 2023-02-05 23:57:30.276 [timesheets.TG_4290_TimesheetCreation] [ApproveClaimFromHiring] - Clicking on the claim button navigates to claim order form successfully
[INFO ] 2023-02-05 23:57:30.277 [timesheets.TG_4290_TimesheetCreation] [ApproveClaimFromHiring] - Clicking the select head count button on the claim order form
[INFO ] 2023-02-05 23:57:31.187 [timesheets.TG_4290_TimesheetCreation] [ApproveClaimFromHiring] - Clicked the select head count button on the claim order form successfully
[INFO ] 2023-02-05 23:57:31.189 [timesheets.TG_4290_TimesheetCreation] [ApproveClaimFromHiring] - Entering Approve count should not be greater than Workerscount
[INFO ] 2023-02-05 23:57:38.356 [timesheets.TG_4290_TimesheetCreation] [ApproveClaimFromHiring] - Approve count is not more than the workers count
[INFO ] 2023-02-05 23:57:38.363 [timesheets.TG_4290_TimesheetCreation] [ApproveClaimFromHiring] - Clicking on modal submit Button
[INFO ] 2023-02-05 23:57:43.506 [timesheets.TG_4290_TimesheetCreation] [ApproveClaimFromHiring] - Modal submit button clicked successfully
[INFO ] 2023-02-05 23:57:55.779 [timesheets.TG_4290_TimesheetCreation] [Tag_EndToEndFlowNewOrderHiring] - Started==Starting End To End Flow AssignEmployee
[INFO ] 2023-02-05 23:58:01.695 [timesheets.TG_4290_TimesheetCreation] [enterUsername] - Entering new user's first name
[INFO ] 2023-02-05 23:58:01.840 [timesheets.TG_4290_TimesheetCreation] [enterUsername] - User's first name entered successfully
[INFO ] 2023-02-05 23:58:01.840 [timesheets.TG_4290_TimesheetCreation] [enterPassword] - Entering new user's last name
[INFO ] 2023-02-05 23:58:01.916 [timesheets.TG_4290_TimesheetCreation] [enterPassword] - User's last name entered successfully
[INFO ] 2023-02-05 23:58:01.916 [timesheets.TG_4290_TimesheetCreation] [clickLoginButton] - Clicking on Login Button
[INFO ] 2023-02-05 23:58:01.985 [timesheets.TG_4290_TimesheetCreation] [clickLoginButton] - Close Pop Up clicked successfully
[INFO ] 2023-02-05 23:58:01.985 [timesheets.TG_4290_TimesheetCreation] [AssignEmployee] - Clicking Order menu present on the staffing homepage
[INFO ] 2023-02-05 23:58:16.444 [timesheets.TG_4290_TimesheetCreation] [AssignEmployee] - Order menu present on the staffing hompage clicked successfully.
[INFO ] 2023-02-05 23:58:16.448 [timesheets.TG_4290_TimesheetCreation] [AssignEmployee] - Clicking All orders menu present on the staffing homepage
[INFO ] 2023-02-05 23:58:20.692 [timesheets.TG_4290_TimesheetCreation] [AssignEmployee] - All orders menu present on the staffing hompage clicked successfully.
[INFO ] 2023-02-05 23:58:27.705 [timesheets.TG_4290_TimesheetCreation] [selectParticularJobOrderFromListingStaffing] - Selecting Particular Joborder on the listing
[INFO ] 2023-02-05 23:58:37.852 [timesheets.TG_4290_TimesheetCreation] [selectParticularJobOrderFromListingStaffing] - Particular Joborder on the listing selected successfully
[INFO ] 2023-02-05 23:58:37.853 [timesheets.TG_4290_TimesheetCreation] [AssignEmployee] - Clicking Assign employees under the related section
[INFO ] 2023-02-05 23:58:49.570 [timesheets.TG_4290_TimesheetCreation] [AssignEmployee] - Clicked assign employees on job order form successfully
[INFO ] 2023-02-05 23:58:49.576 [timesheets.TG_4290_TimesheetCreation] [AssignEmployee] - Entering Distance radius in new Assign Employee form 
[INFO ] 2023-02-05 23:58:49.733 [timesheets.TG_4290_TimesheetCreation] [AssignEmployee] - Distance radius in new Assign Employee form entered successfully
[INFO ] 2023-02-05 23:58:49.733 [timesheets.TG_4290_TimesheetCreation] [AssignEmployee] - Clicking CheckBox ShowAllEmployees
[INFO ] 2023-02-05 23:58:51.855 [timesheets.TG_4290_TimesheetCreation] [AssignEmployee] -  ShowAllEmployees CheckBox clicked successfully
[INFO ] 2023-02-05 23:58:51.856 [timesheets.TG_4290_TimesheetCreation] [AssignEmployee] - Clicking AddRow in new Assign Employee form 
[INFO ] 2023-02-05 23:58:59.135 [timesheets.TG_4290_TimesheetCreation] [AssignEmployee] - AddRow button in new Assign Employee form clicked successfully
[INFO ] 2023-02-05 23:58:59.141 [timesheets.TG_4290_TimesheetCreation] [AssignEmployee] - Clicking edit button on the form under the EmployeeDetails
[INFO ] 2023-02-05 23:58:59.341 [timesheets.TG_4290_TimesheetCreation] [AssignEmployee] - Clicked edit button on the form under the EmployeeDetails successfully
[INFO ] 2023-02-05 23:58:59.640 [timesheets.TG_4290_TimesheetCreation] [AssignEmployee] - employeeId in new Assign Employee form entered successfully
[INFO ] 2023-02-05 23:58:59.641 [timesheets.TG_4290_TimesheetCreation] [AssignEmployee] - Clicking Searched Employee
[INFO ] 2023-02-05 23:59:04.653 [timesheets.TG_4290_TimesheetCreation] [clickSearchedEmployee] - Clicking Searched Employee
[INFO ] 2023-02-05 23:59:04.765 [timesheets.TG_4290_TimesheetCreation] [clickSearchedEmployee] - Searched Employee clicked Successfully
[INFO ] 2023-02-05 23:59:04.765 [timesheets.TG_4290_TimesheetCreation] [AssignEmployee] - Searched Employee Clicked Successfully
[INFO ] 2023-02-05 23:59:04.765 [timesheets.TG_4290_TimesheetCreation] [AssignEmployee] - Clicking Dropdown arrow in the modal
[INFO ] 2023-02-05 23:59:04.898 [timesheets.TG_4290_TimesheetCreation] [AssignEmployee] - Clicked Dropdown arrow in the modal successfully
[INFO ] 2023-02-05 23:59:06.909 [timesheets.TG_4290_TimesheetCreation] [AssignEmployee] - Clicking save new Assign Employee form
[INFO ] 2023-02-05 23:59:11.037 [timesheets.TG_4290_TimesheetCreation] [AssignEmployee] - save button in new Assign Employee form clicked successfully
[INFO ] 2023-02-06 00:00:57.556 [timesheets.TG_4290_TimesheetCreation] [Tag_VerifyHiringAdminAbleToViewEmployeesHaveBeenAssignedPleaseSubmitTheirTimesheets] - Started==Verifying Hiring Admin Able To View Employees Have Been Assigned Please Submit Their Timesheets
[INFO ] 2023-02-06 00:01:03.455 [timesheets.TG_4290_TimesheetCreation] [enterUsername] - Entering new user's first name
[INFO ] 2023-02-06 00:01:03.552 [timesheets.TG_4290_TimesheetCreation] [enterUsername] - User's first name entered successfully
[INFO ] 2023-02-06 00:01:03.552 [timesheets.TG_4290_TimesheetCreation] [enterPassword] - Entering new user's last name
[INFO ] 2023-02-06 00:01:03.653 [timesheets.TG_4290_TimesheetCreation] [enterPassword] - User's last name entered successfully
[INFO ] 2023-02-06 00:01:03.654 [timesheets.TG_4290_TimesheetCreation] [clickLoginButton] - Clicking on Login Button
[INFO ] 2023-02-06 00:01:03.736 [timesheets.TG_4290_TimesheetCreation] [clickLoginButton] - Close Pop Up clicked successfully
[INFO ] 2023-02-06 00:01:06.744 [timesheets.TG_4290_TimesheetCreation] [clickOrderOption] - Clicking on  order Button
[INFO ] 2023-02-06 00:01:11.773 [timesheets.TG_4290_TimesheetCreation] [clickOrderOption] -  Order Button clicked successfully
[INFO ] 2023-02-06 00:01:29.991 [timesheets.TG_4290_TimesheetCreation] [verifyPleaseReviewTimesheetMessage] - Check for 'submit their timesheets' message Displayed
[INFO ] 2023-02-06 00:01:30.077 [timesheets.TG_4290_TimesheetCreation] [verifyPleaseReviewTimesheetMessage] - Message displayed successfully
[INFO ] 2023-02-06 00:01:30.088 [timesheets.TG_4290_TimesheetCreation] [Tag_VerifyHiringAdminAbleToViewEmployeesHaveBeenAssignedPleaseSubmitTheirTimesheets] - Started==Verifying Add Edit Timesheet Button Visible On Clicking On Timesheet
[INFO ] 2023-02-06 00:01:30.089 [timesheets.TG_4290_TimesheetCreation] [ClickingOnTimesheet] - Verifying Add Edit Timesheet Button Visible On Clicking On Timesheet
[INFO ] 2023-02-06 00:01:35.163 [timesheets.TG_4290_TimesheetCreation] [clickaddEditButton] - Clicking on addEditButton 
[INFO ] 2023-02-06 00:01:37.381 [timesheets.TG_4290_TimesheetCreation] [clickaddEditButton] - AddEditButton Clicked Successfully 
[INFO ] 2023-02-06 00:01:37.384 [timesheets.TG_4290_TimesheetCreation] [Tag_VerifyHiringAdminAbleToViewEmployeesHaveBeenAssignedPleaseSubmitTheirTimesheets] - Started==Verifying Navigated To Add Timesheet Form By Clicking On Add Edit Timesheet Button On Clicking On Timesheet
[INFO ] 2023-02-06 00:01:37.384 [timesheets.TG_4290_TimesheetCreation] [verifyNavigatedToAddTimesheetFormByClickingOnAddEditTimesheetButtonOnClickingOnTimesheet] - Verifying Navigated To Add Timesheet Form By Clicking On Add Edit Timesheet Button On Clicking On Timesheet
[INFO ] 2023-02-06 00:01:40.500 [timesheets.TG_4290_TimesheetCreation] [verifyNavigatedToAddTimesheetFormByClickingOnAddEditTimesheetButtonOnClickingOnTimesheet] - Verify Navigated To Add Timesheet Form By Clicking On Add Edit Timesheet Button On Clicking On Timesheet successfully
[INFO ] 2023-02-06 00:01:43.509 [timesheets.TG_4290_TimesheetCreation] [Tag_VerifyHiringAdminAbleToViewEmployeesHaveBeenAssignedPleaseSubmitTheirTimesheets] - Started==Verifying Timesheet Detail Should Get Auto-Fetched
[INFO ] 2023-02-06 00:01:43.510 [timesheets.TG_4290_TimesheetCreation] [verifyTimesheetDetailShouldGetAutoFetched] - Verifying Timesheet Detail Should Get Auto-Fetched
[INFO ] 2023-02-06 00:01:46.585 [timesheets.TG_4290_TimesheetCreation] [verifyTimesheetDetailShouldGetAutoFetched] - Verify Timesheet Detail Should Get Auto-Fetched successfully
[INFO ] 2023-02-06 00:01:46.642 [timesheets.TG_4290_TimesheetCreation] [Tag_VerifyHiringRoleShouldNotAbleToSelectFutureDateAndGetsPopup] - Started==Verifying Hiring Role Should Not Able To Select Future Date And Gets Popup
[INFO ] 2023-02-06 00:01:49.650 [timesheets.TG_4290_TimesheetCreation] [enterDate] - Verify Future date 
[INFO ] 2023-02-06 00:01:55.165 [timesheets.TG_4290_TimesheetCreation] [enterDate] - Verify Future date successfully
[INFO ] 2023-02-06 00:01:58.171 [timesheets.TG_4290_TimesheetCreation] [verifyHiringRoleShouldNotAbleToSelectFutureDateAndGetsPopup] - Verifying Hiring Role Should Not Able To Select Future Date And Gets Popup
[INFO ] 2023-02-06 00:01:58.273 [timesheets.TG_4290_TimesheetCreation] [verifyHiringRoleShouldNotAbleToSelectFutureDateAndGetsPopup] - Verify Hiring Role Should Not Able To Select Future Date And Gets Popup successfully 
[INFO ] 2023-02-06 00:02:03.288 [timesheets.TG_4290_TimesheetCreation] [closeBlankMandatoryFieldDialogBox] - closing Future Date DialogBox
[INFO ] 2023-02-06 00:02:03.539 [timesheets.TG_4290_TimesheetCreation] [closeBlankMandatoryFieldDialogBox] - Future Date DialogBox close Successfully
[INFO ] 2023-02-06 00:02:03.541 [timesheets.TG_4290_TimesheetCreation] [Tag_VerifyHiringRoleShouldNotAbleToSelectFutureDateAndGetsPopup] - Started==Verifying Hiring Role Should Able To Select Date As Current Day
[INFO ] 2023-02-06 00:02:03.541 [timesheets.TG_4290_TimesheetCreation] [verifyHiringRoleShouldAbleToSelectDateAsCurrentDay] - Entering current date in Timesheet
[INFO ] 2023-02-06 00:02:10.905 [timesheets.TG_4290_TimesheetCreation] [verifyHiringRoleShouldAbleToSelectDateAsCurrentDay] - Entered current date in Timesheet successfully
[INFO ] 2023-02-06 00:02:13.917 [timesheets.TG_4290_TimesheetCreation] [enterStartTime] - Verify Start Time 
[INFO ] 2023-02-06 00:02:14.253 [timesheets.TG_4290_TimesheetCreation] [enterStartTime] - Verify Start Time Field successfully
[INFO ] 2023-02-06 00:02:17.259 [timesheets.TG_4290_TimesheetCreation] [enterEndTime] - Verify End Time 
[INFO ] 2023-02-06 00:02:17.794 [timesheets.TG_4290_TimesheetCreation] [enterEndTime] - Verify End Time Field successfully
[INFO ] 2023-02-06 00:02:17.800 [timesheets.TG_4290_TimesheetCreation] [Tag_VerifyHiringRoleShouldNotAbleToSelectFutureDateAndGetsPopup] - Started==Verifying User Should Able To Select From Time And To Time Successfully And Total Hours Should Get Calculate
[INFO ] 2023-02-06 00:02:19.807 [timesheets.TG_4290_TimesheetCreation] [verifyUserShouldAbleToSelectFromTimeAndToTimeSuccessfullyAndTotalHoursShouldGetCalculate] - Verify User Should Able To Select From Time And To Time Successfully And Total Hours Should Get Calculate
[INFO ] 2023-02-06 00:02:22.958 [timesheets.TG_4290_TimesheetCreation] [verifyUserShouldAbleToSelectFromTimeAndToTimeSuccessfullyAndTotalHoursShouldGetCalculate] - Verify User Should Able To Select From Time And To Time Successfully And Total Hours Should Get Calculate successfully
[INFO ] 2023-02-06 00:02:22.959 [timesheets.TG_4290_TimesheetCreation] [Tag_VerifyHiringRoleShouldNotAbleToSelectFutureDateAndGetsPopup] - Started==Verifying Selecting Valid Date Employees Details Should Get Fetched Automatically
[INFO ] 2023-02-06 00:02:25.964 [timesheets.TG_4290_TimesheetCreation] [verifyEmployeesDetailsShouldGetFetchedAutomatically] - Verify Employees Details Should Get Fetched Automatically
[INFO ] 2023-02-06 00:02:26.035 [timesheets.TG_4290_TimesheetCreation] [verifyEmployeesDetailsShouldGetFetchedAutomatically] - Verify Employees Details Should Get Fetched Automatically successfully
[INFO ] 2023-02-06 00:02:26.035 [timesheets.TG_4290_TimesheetCreation] [Tag_VerifyHiringRoleShouldNotAbleToSelectFutureDateAndGetsPopup] - Started==Verifying Selecting Valid Date Employees Details Should Get Fetched Automatically
[INFO ] 2023-02-06 00:02:28.043 [timesheets.TG_4290_TimesheetCreation] [verifyUserShouldAableViewPopupTimesheetAddedSuccessfully] - Submitting Timesheet 
[INFO ] 2023-02-06 00:02:30.615 [timesheets.TG_4290_TimesheetCreation] [verifyUserShouldAableViewPopupTimesheetAddedSuccessfully] -  Timesheet Submit successfully
[INFO ] 2023-02-06 00:02:30.615 [timesheets.TG_4290_TimesheetCreation] [verifyUserShouldAableViewPopupTimesheetAddedSuccessfully] - Verify Pop-up for Timesheet Added Successfullysuccessfully 
