[INFO ] 2023-03-12 23:23:07.904 [jobOrder.TG_6129_RepeatOpenOrder] [enterUsername] - Entering new user's first name
[INFO ] 2023-03-12 23:23:10.060 [jobOrder.TG_6129_RepeatOpenOrder] [enterUsername] - User's first name entered successfully
[INFO ] 2023-03-12 23:23:10.062 [jobOrder.TG_6129_RepeatOpenOrder] [enterPassword] - Entering new user's last name
[INFO ] 2023-03-12 23:23:10.459 [jobOrder.TG_6129_RepeatOpenOrder] [enterPassword] - User's last name entered successfully
[INFO ] 2023-03-12 23:23:10.460 [jobOrder.TG_6129_RepeatOpenOrder] [clickLoginButton] - Clicking on Login Button
[INFO ] 2023-03-12 23:23:11.523 [jobOrder.TG_6129_RepeatOpenOrder] [clickLoginButton] - Close Pop Up clicked successfully
[INFO ] 2023-03-12 23:23:14.540 [jobOrder.TG_6129_RepeatOpenOrder] [clickOrdersMenuOnHiringHomePage] - Clicking Order menu present on the Hiring homepage
[INFO ] 2023-03-12 23:23:28.750 [jobOrder.TG_6129_RepeatOpenOrder] [clickOrdersMenuOnHiringHomePage] - Order menu present on the Hiring hompage clicked successfully.
[INFO ] 2023-03-12 23:23:38.768 [jobOrder.TG_6129_RepeatOpenOrder] [clickCompletedOrdersTab] - Clicking on the Completed Orders Tab 
[INFO ] 2023-03-12 23:23:39.109 [jobOrder.TG_6129_RepeatOpenOrder] [clickCompletedOrdersTab] - Completed Tab Clicked Successfully
[INFO ] 2023-03-12 23:23:49.122 [jobOrder.TG_6129_RepeatOpenOrder] [clickCompletedOrder] - Clicking on the Completed Order 
[INFO ] 2023-03-12 23:23:51.433 [jobOrder.TG_6129_RepeatOpenOrder] [clickCompletedOrder] - Completed Order Clicked Successfully
[INFO ] 2023-03-12 23:23:53.441 [jobOrder.TG_6129_RepeatOpenOrder] [clickRepeatOrderButton] - Clicking on the Repeat Order Button
[INFO ] 2023-03-12 23:23:54.114 [jobOrder.TG_6129_RepeatOpenOrder] [clickRepeatOrderButton] - Repeat Order Button Clicked Successfully
[INFO ] 2023-03-12 23:23:54.115 [jobOrder.TG_6129_RepeatOpenOrder] [clickOpenOrderCheckbox] - Clicking on the Open Order Checkbox
[INFO ] 2023-03-12 23:23:54.941 [jobOrder.TG_6129_RepeatOpenOrder] [clickOpenOrderCheckbox] - Open Order Checkbox Clicked Successfully
[INFO ] 2023-03-12 23:23:54.941 [jobOrder.TG_6129_RepeatOpenOrder] [clickProceedButton] - Clicking on the Proceed Button
[INFO ] 2023-03-12 23:23:55.372 [jobOrder.TG_6129_RepeatOpenOrder] [clickProceedButton] - Proceed Button Clicked Successfully
[INFO ] 2023-03-12 23:23:57.381 [jobOrder.TG_6129_RepeatOpenOrder] [enterStartDate] - Entering StartDate
[INFO ] 2023-03-12 23:24:02.963 [jobOrder.TG_6129_RepeatOpenOrder] [enterStartDate] - StartDate entered successfully
[INFO ] 2023-03-12 23:24:04.975 [jobOrder.TG_6129_RepeatOpenOrder] [enterEndDate] - Entering EndDate
[INFO ] 2023-03-12 23:24:10.261 [jobOrder.TG_6129_RepeatOpenOrder] [enterEndDate] - EndDate entered successfully
[INFO ] 2023-03-12 23:24:12.274 [jobOrder.TG_6129_RepeatOpenOrder] [enterAvailability] - Entering Availability
[INFO ] 2023-03-12 23:24:12.690 [jobOrder.TG_6129_RepeatOpenOrder] [enterAvailability] - Availabilit entered successfully
