[INFO ] 2023-02-06 22:41:03.033 [CRM.TG_5352_Lead_Creation] [TG_5303_VerifyNewLeadFormIsOpened] - Logging in
[INFO ] 2023-02-06 22:41:07.064 [CRM.TG_5352_Lead_Creation] [TG_5303_VerifyNewLeadFormIsOpened] - Entering Username
[INFO ] 2023-02-06 22:41:07.066 [CRM.TG_5352_Lead_Creation] [enterUsername] - Entering new user's first name
[INFO ] 2023-02-06 22:41:08.500 [CRM.TG_5352_Lead_Creation] [enterUsername] - User's first name entered successfully
[INFO ] 2023-02-06 22:41:08.501 [CRM.TG_5352_Lead_Creation] [TG_5303_VerifyNewLeadFormIsOpened] - Username Entered Successfully
[INFO ] 2023-02-06 22:41:08.501 [CRM.TG_5352_Lead_Creation] [TG_5303_VerifyNewLeadFormIsOpened] - Entering Password
[INFO ] 2023-02-06 22:41:08.501 [CRM.TG_5352_Lead_Creation] [enterPassword] - Entering new user's last name
[INFO ] 2023-02-06 22:41:08.754 [CRM.TG_5352_Lead_Creation] [enterPassword] - User's last name entered successfully
[INFO ] 2023-02-06 22:41:08.754 [CRM.TG_5352_Lead_Creation] [TG_5303_VerifyNewLeadFormIsOpened] - Password Entered Successfully
[INFO ] 2023-02-06 22:41:08.755 [CRM.TG_5352_Lead_Creation] [TG_5303_VerifyNewLeadFormIsOpened] - Clicking on Login Button
[INFO ] 2023-02-06 22:41:08.755 [CRM.TG_5352_Lead_Creation] [clickLoginButton] - Clicking on Login Button
[INFO ] 2023-02-06 22:41:09.260 [CRM.TG_5352_Lead_Creation] [clickLoginButton] - Close Pop Up clicked successfully
[INFO ] 2023-02-06 22:41:09.275 [CRM.TG_5352_Lead_Creation] [TG_5303_VerifyNewLeadFormIsOpened] - Verifying CRM Icon
[INFO ] 2023-02-06 22:41:09.275 [CRM.TG_5352_Lead_Creation] [verifyCRMTextOnHomepage] - Check for CRM Icon on Homepage
[INFO ] 2023-02-06 22:41:26.105 [CRM.TG_5352_Lead_Creation] [verifyCRMTextOnHomepage] - CRM Icon displayed successfully
[INFO ] 2023-02-06 22:41:26.115 [CRM.TG_5352_Lead_Creation] [TG_5303_VerifyNewLeadFormIsOpened] - Clicking on CRM Icon
[INFO ] 2023-02-06 22:41:26.115 [CRM.TG_5352_Lead_Creation] [clickCRMIcon] - Clicking on CRM Button
[INFO ] 2023-02-06 22:41:26.514 [CRM.TG_5352_Lead_Creation] [clickCRMIcon] - CRM Button clicked successfully
[INFO ] 2023-02-06 22:41:26.514 [CRM.TG_5352_Lead_Creation] [TG_5303_VerifyNewLeadFormIsOpened] - CRM Icon Clicked Successfully
[INFO ] 2023-02-06 22:41:28.521 [CRM.TG_5352_Lead_Creation] [TG_5303_VerifyNewLeadFormIsOpened] - Clicking on Lead Icon
[INFO ] 2023-02-06 22:41:28.524 [CRM.TG_5352_Lead_Creation] [clickLeadIcon] - Clicking on Lead Button
[INFO ] 2023-02-06 22:41:29.985 [CRM.TG_5352_Lead_Creation] [clickLeadIcon] - Lead Button clicked successfully
[INFO ] 2023-02-06 22:41:29.985 [CRM.TG_5352_Lead_Creation] [TG_5303_VerifyNewLeadFormIsOpened] - Lead Icon Clicked Successfully
[INFO ] 2023-02-06 22:41:31.993 [CRM.TG_5352_Lead_Creation] [TG_5303_VerifyNewLeadFormIsOpened] - Verify Listing Form
[INFO ] 2023-02-06 22:41:31.996 [CRM.TG_5352_Lead_Creation] [verifyLeadListingForm] - Check for Lead Title
[INFO ] 2023-02-06 22:41:32.076 [CRM.TG_5352_Lead_Creation] [verifyLeadListingForm] - Lead Title displayed successfully
[INFO ] 2023-02-06 22:41:32.077 [CRM.TG_5352_Lead_Creation] [TG_5303_VerifyNewLeadFormIsOpened] - Listing Form verified successfully
[INFO ] 2023-02-06 22:41:34.082 [CRM.TG_5352_Lead_Creation] [TG_5303_VerifyNewLeadFormIsOpened] - Clicking on Add Lead Button
[INFO ] 2023-02-06 22:41:34.083 [CRM.TG_5352_Lead_Creation] [clickAddLeadButton] - Clicking on Lead Button
[INFO ] 2023-02-06 22:41:35.233 [CRM.TG_5352_Lead_Creation] [clickAddLeadButton] - Add Lead Button clicked successfully
[INFO ] 2023-02-06 22:41:35.234 [CRM.TG_5352_Lead_Creation] [TG_5303_VerifyNewLeadFormIsOpened] - Add Lead Button Clicked Successfully
[INFO ] 2023-02-06 22:41:37.241 [CRM.TG_5352_Lead_Creation] [TG_5303_VerifyNewLeadFormIsOpened] - Verifying the Lead Form Title
[INFO ] 2023-02-06 22:41:37.245 [CRM.TG_5352_Lead_Creation] [verifyLeadForm] - Check for New Lead Form
[INFO ] 2023-02-06 22:41:37.323 [CRM.TG_5352_Lead_Creation] [verifyLeadForm] - New Lead Form displayed successfully
[INFO ] 2023-02-06 22:41:37.323 [CRM.TG_5352_Lead_Creation] [TG_5303_VerifyNewLeadFormIsOpened] - Lead Form Title is Verified Successfully
[INFO ] 2023-02-06 22:41:37.380 [CRM.TG_5352_Lead_Creation] [TG_5318_VerifyLeadIsCreated] - Verifying Mandatory Fields
[INFO ] 2023-02-06 22:41:37.380 [CRM.TG_5352_Lead_Creation] [clickSaveButton] - Clicking on Save Button
[INFO ] 2023-02-06 22:41:37.858 [CRM.TG_5352_Lead_Creation] [clickSaveButton] - Save Button clicked successfully
[INFO ] 2023-02-06 22:41:39.864 [CRM.TG_5352_Lead_Creation] [verifyMandatoryFieldIsBlank] - Verifying the Mandatory Field Pop-Up Title
[INFO ] 2023-02-06 22:41:39.924 [CRM.TG_5352_Lead_Creation] [verifyMandatoryFieldIsBlank] - Mandatory Field Pop-Up Title displayed Successfully
[INFO ] 2023-02-06 22:41:41.931 [CRM.TG_5352_Lead_Creation] [TG_5318_VerifyLeadIsCreated] - Closing the Pop-up
[INFO ] 2023-02-06 22:41:41.932 [CRM.TG_5352_Lead_Creation] [closeBlankMandatoryFieldDialogBox] - Clicking on Close Pop-Up Icon
[INFO ] 2023-02-06 22:41:42.143 [CRM.TG_5352_Lead_Creation] [closeBlankMandatoryFieldDialogBox] - Close Pop-Up Icon Clicked Successfully
[INFO ] 2023-02-06 22:41:42.143 [CRM.TG_5352_Lead_Creation] [TG_5318_VerifyLeadIsCreated] - Pop-up closed Successfully
[INFO ] 2023-02-06 22:41:44.150 [CRM.TG_5352_Lead_Creation] [TG_5318_VerifyLeadIsCreated] - Entering First Name
[INFO ] 2023-02-06 22:41:44.154 [CRM.TG_5352_Lead_Creation] [enterFirstName] - Entering First Name
[INFO ] 2023-02-06 22:41:44.361 [CRM.TG_5352_Lead_Creation] [enterFirstName] - First Name Entered Successfully
[INFO ] 2023-02-06 22:41:44.365 [CRM.TG_5352_Lead_Creation] [TG_5318_VerifyLeadIsCreated] - First Name Entered Successfully
[INFO ] 2023-02-06 22:41:44.365 [CRM.TG_5352_Lead_Creation] [TG_5318_VerifyLeadIsCreated] - Entering Last Name
[INFO ] 2023-02-06 22:41:44.365 [CRM.TG_5352_Lead_Creation] [enterLastName] - Entering Last Name
[INFO ] 2023-02-06 22:41:44.466 [CRM.TG_5352_Lead_Creation] [enterLastName] - Last Name Entered Successfully
[INFO ] 2023-02-06 22:41:44.466 [CRM.TG_5352_Lead_Creation] [TG_5318_VerifyLeadIsCreated] - Last Name Entered Successfully
[INFO ] 2023-02-06 22:41:44.466 [CRM.TG_5352_Lead_Creation] [TG_5318_VerifyLeadIsCreated] - Entering Company Name
[INFO ] 2023-02-06 22:41:44.466 [CRM.TG_5352_Lead_Creation] [enterCompanyName] - Entering Company Name
[INFO ] 2023-02-06 22:41:44.675 [CRM.TG_5352_Lead_Creation] [enterCompanyName] - Company Name Entered Successfully
[INFO ] 2023-02-06 22:41:44.676 [CRM.TG_5352_Lead_Creation] [TG_5318_VerifyLeadIsCreated] - Company Name Entered Successfully
[INFO ] 2023-02-06 22:41:44.676 [CRM.TG_5352_Lead_Creation] [TG_5318_VerifyLeadIsCreated] - Entering Email
[INFO ] 2023-02-06 22:41:44.676 [CRM.TG_5352_Lead_Creation] [enterEmail] - Entering Email
[INFO ] 2023-02-06 22:41:44.864 [CRM.TG_5352_Lead_Creation] [enterEmail] - Email Entered Successfully
[INFO ] 2023-02-06 22:41:44.864 [CRM.TG_5352_Lead_Creation] [TG_5318_VerifyLeadIsCreated] - Email Entered Successfully
[INFO ] 2023-02-06 22:41:46.870 [CRM.TG_5352_Lead_Creation] [TG_5318_VerifyLeadIsCreated] - Entering Phone Number
[INFO ] 2023-02-06 22:41:46.875 [CRM.TG_5352_Lead_Creation] [enterPhoneNumber] - Entering Phone Number
[INFO ] 2023-02-06 22:41:47.014 [CRM.TG_5352_Lead_Creation] [enterPhoneNumber] - Phone Number Entered Successfully
[INFO ] 2023-02-06 22:41:47.014 [CRM.TG_5352_Lead_Creation] [TG_5318_VerifyLeadIsCreated] - Phone Number Entered Successfully
[INFO ] 2023-02-06 22:41:47.015 [CRM.TG_5352_Lead_Creation] [TG_5318_VerifyLeadIsCreated] - Selecting the Search on Maps Checkbox
[INFO ] 2023-02-06 22:41:47.015 [CRM.TG_5352_Lead_Creation] [TG_5318_VerifyLeadIsCreated] - Search on Maps Checkbox selected Successfully
[INFO ] 2023-02-06 22:41:49.028 [CRM.TG_5352_Lead_Creation] [TG_5318_VerifyLeadIsCreated] - Entering Employee Address
[INFO ] 2023-02-06 22:41:49.032 [CRM.TG_5352_Lead_Creation] [enterEmployeeAddressOnMaps] - Etering employee address on maps
[INFO ] 2023-02-06 22:41:50.346 [CRM.TG_5352_Lead_Creation] [enterEmployeeAddressOnMaps] - Employee entered successfully
[INFO ] 2023-02-06 22:41:50.346 [CRM.TG_5352_Lead_Creation] [TG_5318_VerifyLeadIsCreated] - Employee Address Entered Successfull
[INFO ] 2023-02-06 22:41:52.352 [CRM.TG_5352_Lead_Creation] [TG_5318_VerifyLeadIsCreated] - Clicking on Save Button
[INFO ] 2023-02-06 22:41:52.353 [CRM.TG_5352_Lead_Creation] [clickSaveButton] - Clicking on Save Button
[INFO ] 2023-02-06 22:41:52.494 [CRM.TG_5352_Lead_Creation] [clickSaveButton] - Save Button clicked successfully
[INFO ] 2023-02-06 22:41:52.494 [CRM.TG_5352_Lead_Creation] [TG_5318_VerifyLeadIsCreated] - Save Button Clicked Successfully
[INFO ] 2023-02-06 22:41:55.500 [CRM.TG_5352_Lead_Creation] [TG_5318_VerifyLeadIsCreated] - Verify the LEAD Status
[INFO ] 2023-02-06 22:41:55.502 [CRM.TG_5352_Lead_Creation] [verifyLeadStatus] - Check for Status as Lead
[INFO ] 2023-02-06 22:41:55.574 [CRM.TG_5352_Lead_Creation] [verifyLeadStatus] - Status verified as Lead successfully
[INFO ] 2023-02-06 22:41:55.575 [CRM.TG_5352_Lead_Creation] [TG_5318_VerifyLeadIsCreated] - LEAD Status verified Successfully
[INFO ] 2023-02-06 22:41:57.576 [CRM.TG_5352_Lead_Creation] [TG_5318_VerifyLeadIsCreated] - Clicking Lead Link for Listing form
[INFO ] 2023-02-06 22:41:57.578 [CRM.TG_5352_Lead_Creation] [clickLeadLinkforListingForm] - Click on Lead for Listing form
[INFO ] 2023-02-06 22:41:57.894 [CRM.TG_5352_Lead_Creation] [clickLeadLinkforListingForm] - Lead for Listing form clicked Successfully
[INFO ] 2023-02-06 22:41:57.894 [CRM.TG_5352_Lead_Creation] [TG_5318_VerifyLeadIsCreated] - Lead Link for Listing form clicked Successfully
[INFO ] 2023-02-06 22:41:57.894 [CRM.TG_5352_Lead_Creation] [TG_5318_VerifyLeadIsCreated] - Verify Lead created Successfully or not
[INFO ] 2023-02-06 22:41:57.894 [CRM.TG_5352_Lead_Creation] [verifyCreatedLead] - Check for Created Lead
[INFO ] 2023-02-06 22:41:58.048 [CRM.TG_5352_Lead_Creation] [verifyCreatedLead] - Created Lead displayed successfully
[INFO ] 2023-02-06 22:41:58.048 [CRM.TG_5352_Lead_Creation] [TG_5318_VerifyLeadIsCreated] - Lead Created Successfully 
[INFO ] 2023-02-06 22:42:00.053 [CRM.TG_5352_Lead_Creation] [TG_5318_VerifyLeadIsCreated] - Clicking Created Lead from Listing form
[INFO ] 2023-02-06 22:42:00.058 [CRM.TG_5352_Lead_Creation] [clickCreatedLead] - Clicking on Created Lead
[INFO ] 2023-02-06 22:42:00.600 [CRM.TG_5352_Lead_Creation] [clickCreatedLead] - Created Lead clicked successfully
[INFO ] 2023-02-06 22:42:00.601 [CRM.TG_5352_Lead_Creation] [TG_5318_VerifyLeadIsCreated] - Created Lead Clicked Successfully
[INFO ] 2023-02-06 22:42:02.607 [CRM.TG_5352_Lead_Creation] [TG_5318_VerifyLeadIsCreated] - Selecting the Open Lead Status
[INFO ] 2023-02-06 22:42:02.608 [CRM.TG_5352_Lead_Creation] [clickLeadStatusOpen] - Clicking on Status dropdown
[INFO ] 2023-02-06 22:42:02.787 [CRM.TG_5352_Lead_Creation] [clickLeadStatusOpen] - Open Status entered successfully
[INFO ] 2023-02-06 22:42:02.787 [CRM.TG_5352_Lead_Creation] [TG_5318_VerifyLeadIsCreated] - Open Lead Status Selected Successfully
[INFO ] 2023-02-06 22:42:04.792 [CRM.TG_5352_Lead_Creation] [TG_5318_VerifyLeadIsCreated] - Clicking Notes Tab
[INFO ] 2023-02-06 22:42:04.794 [CRM.TG_5352_Lead_Creation] [clickNotesTab] - Clicking on Notes Tab
[INFO ] 2023-02-06 22:42:04.917 [CRM.TG_5352_Lead_Creation] [clickNotesTab] - Notes Tab clicked successfully
[INFO ] 2023-02-06 22:42:04.918 [CRM.TG_5352_Lead_Creation] [TG_5318_VerifyLeadIsCreated] - Notes Tab Clicked Successfully
[INFO ] 2023-02-06 22:42:06.923 [CRM.TG_5352_Lead_Creation] [TG_5318_VerifyLeadIsCreated] - Entering Notes
[INFO ] 2023-02-06 22:42:06.924 [CRM.TG_5352_Lead_Creation] [enterNotes] - Entering Note
[INFO ] 2023-02-06 22:42:07.193 [CRM.TG_5352_Lead_Creation] [enterNotes] - Note Entered Successfully
[INFO ] 2023-02-06 22:42:07.193 [CRM.TG_5352_Lead_Creation] [TG_5318_VerifyLeadIsCreated] - Notes Entered Successfully
[INFO ] 2023-02-06 22:42:09.199 [CRM.TG_5352_Lead_Creation] [TG_5318_VerifyLeadIsCreated] - Clicking Overview Tab
[INFO ] 2023-02-06 22:42:09.201 [CRM.TG_5352_Lead_Creation] [clickOverviewTab] - Clicking on Notes Tab
[INFO ] 2023-02-06 22:42:09.335 [CRM.TG_5352_Lead_Creation] [clickOverviewTab] - Notes Tab clicked successfully
[INFO ] 2023-02-06 22:42:09.335 [CRM.TG_5352_Lead_Creation] [TG_5318_VerifyLeadIsCreated] - Overview Tab Clicked Successfully
[INFO ] 2023-02-06 22:42:11.341 [CRM.TG_5352_Lead_Creation] [TG_5318_VerifyLeadIsCreated] - Selecting the Contract Negotiation Lead Status
[INFO ] 2023-02-06 22:42:11.343 [CRM.TG_5352_Lead_Creation] [clickLeadStatusContractNegotiation] - Clicking on Status dropdown
[INFO ] 2023-02-06 22:42:11.468 [CRM.TG_5352_Lead_Creation] [clickLeadStatusContractNegotiation] - Contract Negotiation Status entered successfully
[INFO ] 2023-02-06 22:42:11.469 [CRM.TG_5352_Lead_Creation] [TG_5318_VerifyLeadIsCreated] - Contract Negotiation Lead Status Selected Successfully
[INFO ] 2023-02-06 22:42:13.474 [CRM.TG_5352_Lead_Creation] [TG_5318_VerifyLeadIsCreated] - Clicking Save Button
[INFO ] 2023-02-06 22:42:13.476 [CRM.TG_5352_Lead_Creation] [clickSaveButton] - Clicking on Save Button
[INFO ] 2023-02-06 22:42:13.563 [CRM.TG_5352_Lead_Creation] [clickSaveButton] - Save Button clicked successfully
[INFO ] 2023-02-06 22:42:13.563 [CRM.TG_5352_Lead_Creation] [TG_5318_VerifyLeadIsCreated] - Save Button Clicked Successfully
[INFO ] 2023-02-06 22:42:15.566 [CRM.TG_5352_Lead_Creation] [TG_5318_VerifyLeadIsCreated] - Verify Prepare Contract Button
[INFO ] 2023-02-06 22:42:15.568 [CRM.TG_5352_Lead_Creation] [verifyPrepareContractButton] - Verify Prepare Contract Button
[INFO ] 2023-02-06 22:42:15.616 [CRM.TG_5352_Lead_Creation] [verifyPrepareContractButton] - Prepare Contract Button displayed successfully
[INFO ] 2023-02-06 22:42:15.616 [CRM.TG_5352_Lead_Creation] [TG_5318_VerifyLeadIsCreated] - Prepare Contract Button Verified Successfully
[INFO ] 2023-02-06 22:42:15.617 [CRM.TG_5352_Lead_Creation] [TG_5318_VerifyLeadIsCreated] - Click Prepare Contract Button
[INFO ] 2023-02-06 22:42:15.617 [CRM.TG_5352_Lead_Creation] [clickPrepareContractButton] - Clicking on Prepare Contract Button
[INFO ] 2023-02-06 22:42:15.733 [CRM.TG_5352_Lead_Creation] [clickPrepareContractButton] - Prepare Contract Button clicked successfully
[INFO ] 2023-02-06 22:42:15.733 [CRM.TG_5352_Lead_Creation] [TG_5318_VerifyLeadIsCreated] - Prepare Contract Button Clicked Successfully
[INFO ] 2023-02-06 22:42:17.739 [CRM.TG_5352_Lead_Creation] [TG_5318_VerifyLeadIsCreated] - Verify Contract Form
[INFO ] 2023-02-06 22:42:17.740 [CRM.TG_5352_Lead_Creation] [verifyContractForm] - Check for New Contract Form
[INFO ] 2023-02-06 22:42:17.798 [CRM.TG_5352_Lead_Creation] [verifyContractForm] - New Contract Form displayed successfully
[INFO ] 2023-02-06 22:42:17.798 [CRM.TG_5352_Lead_Creation] [TG_5318_VerifyLeadIsCreated] - New Contract Form verified Successfully
[INFO ] 2023-02-06 22:42:17.798 [CRM.TG_5352_Lead_Creation] [TG_5318_VerifyLeadIsCreated] - Entering Start Date
[INFO ] 2023-02-06 22:42:17.799 [CRM.TG_5352_Lead_Creation] [enterStartDate] - Entering the Start Date 
[INFO ] 2023-02-06 22:42:23.100 [CRM.TG_5352_Lead_Creation] [enterStartDate] - Start Date Entered Successfully
[INFO ] 2023-02-06 22:42:23.104 [CRM.TG_5352_Lead_Creation] [TG_5318_VerifyLeadIsCreated] - Start Date Entered Successfully
[INFO ] 2023-02-06 22:42:25.106 [CRM.TG_5352_Lead_Creation] [TG_5318_VerifyLeadIsCreated] - Entering End Date
[INFO ] 2023-02-06 22:42:25.108 [CRM.TG_5352_Lead_Creation] [enterEndDate] - Entering the End Date
[INFO ] 2023-02-06 22:42:30.397 [CRM.TG_5352_Lead_Creation] [enterEndDate] - End Date Entered Successfully
[INFO ] 2023-02-06 22:42:30.397 [CRM.TG_5352_Lead_Creation] [TG_5318_VerifyLeadIsCreated] - End Date Entered Successfully
[INFO ] 2023-02-06 22:42:32.403 [CRM.TG_5352_Lead_Creation] [TG_5318_VerifyLeadIsCreated] - Clicking Add Row Button
[INFO ] 2023-02-06 22:42:32.405 [CRM.TG_5352_Lead_Creation] [clickAddRowButton] - Clicking on Add Row Button
[INFO ] 2023-02-06 22:42:32.657 [CRM.TG_5352_Lead_Creation] [clickAddRowButton] - Add Row Button clicked successfully
[INFO ] 2023-02-06 22:42:32.659 [CRM.TG_5352_Lead_Creation] [TG_5318_VerifyLeadIsCreated] - Add Row Button Clicked Successfully
[INFO ] 2023-02-06 22:42:34.664 [CRM.TG_5352_Lead_Creation] [TG_5318_VerifyLeadIsCreated] - Clicking Job Title
[INFO ] 2023-02-06 22:42:34.665 [CRM.TG_5352_Lead_Creation] [clickJobTitleInTable] - Entering Job Title List in the Table
[INFO ] 2023-02-06 22:42:34.762 [CRM.TG_5352_Lead_Creation] [clickJobTitleInTable] - Clicked Job Title in the Table successfully
[INFO ] 2023-02-06 22:42:34.764 [CRM.TG_5352_Lead_Creation] [TG_5318_VerifyLeadIsCreated] - Job Title Clicked Successfully
[INFO ] 2023-02-06 22:42:36.768 [CRM.TG_5352_Lead_Creation] [TG_5318_VerifyLeadIsCreated] - Entering Job Title
[INFO ] 2023-02-06 22:42:36.769 [CRM.TG_5352_Lead_Creation] [enterTitle] - Enter Title
[INFO ] 2023-02-06 22:42:40.003 [CRM.TG_5352_Lead_Creation] [enterTitle] - Entered Job Title in the Table successfully
[INFO ] 2023-02-06 22:42:40.003 [CRM.TG_5352_Lead_Creation] [TG_5318_VerifyLeadIsCreated] - Job Title Entered Successfully
[INFO ] 2023-02-06 22:42:42.009 [CRM.TG_5352_Lead_Creation] [TG_5318_VerifyLeadIsCreated] - Entering Signature
[INFO ] 2023-02-06 22:42:42.011 [CRM.TG_5352_Lead_Creation] [enterSign] - Entering Sign
[INFO ] 2023-02-06 22:42:42.145 [CRM.TG_5352_Lead_Creation] [enterSign] - Sign Entered Successfully
[INFO ] 2023-02-06 22:42:42.146 [CRM.TG_5352_Lead_Creation] [TG_5318_VerifyLeadIsCreated] - Signature Entered Successfully
[INFO ] 2023-02-06 22:42:44.151 [CRM.TG_5352_Lead_Creation] [TG_5318_VerifyLeadIsCreated] - Clicking Save Button in Contract
[INFO ] 2023-02-06 22:42:44.151 [CRM.TG_5352_Lead_Creation] [clickSaveButtonInContract] - Clicking on Save Button
[INFO ] 2023-02-06 22:42:44.226 [CRM.TG_5352_Lead_Creation] [clickSaveButtonInContract] - Save Button clicked successfully
[INFO ] 2023-02-06 22:42:44.226 [CRM.TG_5352_Lead_Creation] [TG_5318_VerifyLeadIsCreated] - Save Button Clicked Successfully
[INFO ] 2023-02-06 22:42:46.231 [CRM.TG_5352_Lead_Creation] [TG_5318_VerifyLeadIsCreated] - Verify Finalize Contract Button
[INFO ] 2023-02-06 22:42:46.234 [CRM.TG_5352_Lead_Creation] [verifyFinalizeButton] - Verify Finalize Button
[INFO ] 2023-02-06 22:42:46.296 [CRM.TG_5352_Lead_Creation] [verifyFinalizeButton] - Finalize Button displayed successfully
[INFO ] 2023-02-06 22:42:46.298 [CRM.TG_5352_Lead_Creation] [TG_5318_VerifyLeadIsCreated] - Finalize Contract Button verified Successfully
[INFO ] 2023-02-06 22:42:48.300 [CRM.TG_5352_Lead_Creation] [TG_5318_VerifyLeadIsCreated] - Clicking Finalize Contrac Button
[INFO ] 2023-02-06 22:42:48.301 [CRM.TG_5352_Lead_Creation] [clickFinalizeButton] - Clicking Finalize button
[INFO ] 2023-02-06 22:42:48.408 [CRM.TG_5352_Lead_Creation] [clickFinalizeButton] - Finalize button clicked successfully
[INFO ] 2023-02-06 22:42:48.409 [CRM.TG_5352_Lead_Creation] [TG_5318_VerifyLeadIsCreated] - Finalize Contrac Button Clicked Successfully
[INFO ] 2023-02-06 22:43:18.418 [CRM.TG_5352_Lead_Creation] [TG_5318_VerifyLeadIsCreated] - Verify Success Email Sent Pop-up Message
[INFO ] 2023-02-06 22:43:18.425 [CRM.TG_5352_Lead_Creation] [verifyPopUpSuccessMsg] - Verifying pop up msg
[INFO ] 2023-02-06 22:43:27.759 [CRM.TG_5352_Lead_Creation] [verifyPopUpSuccessMsg] - pop up msg displayed successfully
[INFO ] 2023-02-06 22:43:27.760 [CRM.TG_5352_Lead_Creation] [TG_5318_VerifyLeadIsCreated] -  Success Email Sent Pop-up Message Displayed Successfully
[INFO ] 2023-02-06 22:44:00.769 [CRM.TG_5352_Lead_Creation] [TG_5318_VerifyLeadIsCreated] - Clicking Contract Link
[INFO ] 2023-02-06 22:44:00.775 [CRM.TG_5352_Lead_Creation] [clickContractLinkforListingForm] - Click on Contract for Listing form
[INFO ] 2023-02-06 22:44:00.933 [CRM.TG_5352_Lead_Creation] [clickContractLinkforListingForm] - Contract for Listing form clicked Successfully
[INFO ] 2023-02-06 22:44:00.933 [CRM.TG_5352_Lead_Creation] [TG_5318_VerifyLeadIsCreated] - Contract Link Clicked Successfully
[INFO ] 2023-02-06 22:44:02.940 [CRM.TG_5352_Lead_Creation] [TG_5318_VerifyLeadIsCreated] - Verify Created Contract
[INFO ] 2023-02-06 22:44:02.940 [CRM.TG_5352_Lead_Creation] [verifyCreatedContract] - Check for Created Contract
[INFO ] 2023-02-06 22:44:03.002 [CRM.TG_5352_Lead_Creation] [verifyCreatedContract] - Created Contract displayed successfully
[INFO ] 2023-02-06 22:44:03.002 [CRM.TG_5352_Lead_Creation] [TG_5318_VerifyLeadIsCreated] - Created Contract Verified Successfully
[INFO ] 2023-02-06 22:44:05.007 [CRM.TG_5352_Lead_Creation] [TG_5318_VerifyLeadIsCreated] - Verifying CRM Icon
[INFO ] 2023-02-06 22:44:05.009 [CRM.TG_5352_Lead_Creation] [clickCRMIcon] - Clicking on CRM Button
[INFO ] 2023-02-06 22:44:05.101 [CRM.TG_5352_Lead_Creation] [clickCRMIcon] - CRM Button clicked successfully
[INFO ] 2023-02-06 22:44:05.101 [CRM.TG_5352_Lead_Creation] [TG_5318_VerifyLeadIsCreated] - CRM Icon Clicked Successfully
[INFO ] 2023-02-06 22:44:07.107 [CRM.TG_5352_Lead_Creation] [TG_5318_VerifyLeadIsCreated] - Clicking Contact Link
[INFO ] 2023-02-06 22:44:07.109 [CRM.TG_5352_Lead_Creation] [clickContactIcon] - Clicking on Contact Button
[INFO ] 2023-02-06 22:44:08.132 [CRM.TG_5352_Lead_Creation] [clickContactIcon] - Contact Button clicked successfully
[INFO ] 2023-02-06 22:44:08.133 [CRM.TG_5352_Lead_Creation] [TG_5318_VerifyLeadIsCreated] - Contact Link Clicked Successfully
[INFO ] 2023-02-06 22:44:08.133 [CRM.TG_5352_Lead_Creation] [TG_5318_VerifyLeadIsCreated] - Verify Created Contact
[INFO ] 2023-02-06 22:44:08.133 [CRM.TG_5352_Lead_Creation] [verifyCreatedContact] - Check for Created Contact
[INFO ] 2023-02-06 22:44:09.522 [CRM.TG_5352_Lead_Creation] [verifyCreatedContact] - Created Contact displayed successfully
[INFO ] 2023-02-06 22:44:09.523 [CRM.TG_5352_Lead_Creation] [TG_5318_VerifyLeadIsCreated] - Created Contact Verified Successfully
