[INFO ] 2023-03-10 22:16:35.712 [company.TG_4463_InvCreationStaffing] [Tag_EndToEndFlowNewOrderHiring] - Started==Starting End To End Flow NewOrderHiring
[INFO ] 2023-03-10 22:16:40.315 [company.TG_4463_InvCreationStaffing] [enterUsername] - Entering new user's first name
[INFO ] 2023-03-10 22:16:42.272 [company.TG_4463_InvCreationStaffing] [enterUsername] - User's first name entered successfully
[INFO ] 2023-03-10 22:16:42.272 [company.TG_4463_InvCreationStaffing] [enterPassword] - Entering new user's last name
[INFO ] 2023-03-10 22:16:42.481 [company.TG_4463_InvCreationStaffing] [enterPassword] - User's last name entered successfully
[INFO ] 2023-03-10 22:16:42.482 [company.TG_4463_InvCreationStaffing] [clickLoginButton] - Clicking on Login Button
[INFO ] 2023-03-10 22:16:43.001 [company.TG_4463_InvCreationStaffing] [clickLoginButton] - Close Pop Up clicked successfully
[INFO ] 2023-03-10 22:16:43.001 [company.TG_4463_InvCreationStaffing] [newOrderHiring] - Clicking on New Order Button
[INFO ] 2023-03-10 22:16:59.864 [company.TG_4463_InvCreationStaffing] [newOrderHiring] - New Order Button clicked successfully
[INFO ] 2023-03-10 22:16:59.865 [company.TG_4463_InvCreationStaffing] [newOrderHiring] - Entering EstDailyHours
[INFO ] 2023-03-10 22:17:08.290 [company.TG_4463_InvCreationStaffing] [newOrderHiring] - EstDailyHours entered successfully
[INFO ] 2023-03-10 22:17:08.291 [company.TG_4463_InvCreationStaffing] [newOrderHiring] - Entering StartDate
[INFO ] 2023-03-10 22:17:14.031 [company.TG_4463_InvCreationStaffing] [newOrderHiring] - StartDate entered successfully
[INFO ] 2023-03-10 22:17:14.035 [company.TG_4463_InvCreationStaffing] [newOrderHiring] - Entering EndDate
[INFO ] 2023-03-10 22:17:25.286 [company.TG_4463_InvCreationStaffing] [newOrderHiring] - EndDate entered successfully
[INFO ] 2023-03-10 22:17:25.290 [company.TG_4463_InvCreationStaffing] [newOrderHiring] - Entering StartTime
[INFO ] 2023-03-10 22:17:26.092 [company.TG_4463_InvCreationStaffing] [newOrderHiring] - StartTime entered successfully
[INFO ] 2023-03-10 22:17:26.093 [company.TG_4463_InvCreationStaffing] [newOrderHiring] - Entering Availability
[INFO ] 2023-03-10 22:17:26.263 [company.TG_4463_InvCreationStaffing] [newOrderHiring] - Availabilit entered successfully
[INFO ] 2023-03-10 22:17:26.263 [company.TG_4463_InvCreationStaffing] [newOrderHiring] - Entering JobSite
[INFO ] 2023-03-10 22:17:32.672 [company.TG_4463_InvCreationStaffing] [newOrderHiring] - JobSite entered successfully
[INFO ] 2023-03-10 22:17:32.672 [company.TG_4463_InvCreationStaffing] [newOrderHiring] - Entering JobTitle
[INFO ] 2023-03-10 22:17:41.800 [company.TG_4463_InvCreationStaffing] [newOrderHiring] - JobTitle entered successfully
[INFO ] 2023-03-10 22:17:41.806 [company.TG_4463_InvCreationStaffing] [newOrderHiring] - Entering No Of Workers
[INFO ] 2023-03-10 22:17:47.070 [company.TG_4463_InvCreationStaffing] [newOrderHiring] - NoOfWorkers entered successfully
[INFO ] 2023-03-10 22:17:47.072 [company.TG_4463_InvCreationStaffing] [newOrderHiring] - Entering ESignature
[INFO ] 2023-03-10 22:17:50.386 [company.TG_4463_InvCreationStaffing] [newOrderHiring] - ESignature entered successfully
[INFO ] 2023-03-10 22:17:50.387 [company.TG_4463_InvCreationStaffing] [newOrderHiring] - clickAgreeContract
[INFO ] 2023-03-10 22:17:50.664 [company.TG_4463_InvCreationStaffing] [newOrderHiring] - clickAgreeContract successfully
[INFO ] 2023-03-10 22:17:50.664 [company.TG_4463_InvCreationStaffing] [newOrderHiring] - clickSaveButton
[INFO ] 2023-03-10 22:17:50.858 [company.TG_4463_InvCreationStaffing] [newOrderHiring] - SaveButton Clicked successfully
[INFO ] 2023-03-10 22:17:59.318 [company.TG_4463_InvCreationStaffing] [newOrderHiring] - Job order link present on the home page clicked
[INFO ] 2023-03-10 22:18:07.536 [company.TG_4463_InvCreationStaffing] [newOrderHiring] - Verify Job Order Id and Email Successfully
[INFO ] 2023-03-10 22:18:18.965 [company.TG_4463_InvCreationStaffing] [Tag_EndToEndFlowNewOrderHiring] - Started==Starting End To End Flow CreateEmployeeFromStaffing
[INFO ] 2023-03-10 22:18:35.404 [company.TG_4463_InvCreationStaffing] [enterUsername] - Entering new user's first name
