[INFO ] 2023-03-12 23:27:22.024 [jobOrder.TG_6129_RepeatOpenOrder] [enterUsername] - Entering new user's first name
[INFO ] 2023-03-12 23:27:23.901 [jobOrder.TG_6129_RepeatOpenOrder] [enterUsername] - User's first name entered successfully
[INFO ] 2023-03-12 23:27:23.902 [jobOrder.TG_6129_RepeatOpenOrder] [enterPassword] - Entering new user's last name
[INFO ] 2023-03-12 23:27:24.042 [jobOrder.TG_6129_RepeatOpenOrder] [enterPassword] - User's last name entered successfully
[INFO ] 2023-03-12 23:27:24.043 [jobOrder.TG_6129_RepeatOpenOrder] [clickLoginButton] - Clicking on Login Button
[INFO ] 2023-03-12 23:27:24.554 [jobOrder.TG_6129_RepeatOpenOrder] [clickLoginButton] - Close Pop Up clicked successfully
[INFO ] 2023-03-12 23:27:27.561 [jobOrder.TG_6129_RepeatOpenOrder] [clickOrdersMenuOnHiringHomePage] - Clicking Order menu present on the Hiring homepage
[INFO ] 2023-03-12 23:27:41.856 [jobOrder.TG_6129_RepeatOpenOrder] [clickOrdersMenuOnHiringHomePage] - Order menu present on the Hiring hompage clicked successfully.
[INFO ] 2023-03-12 23:27:51.875 [jobOrder.TG_6129_RepeatOpenOrder] [clickCompletedOrdersTab] - Clicking on the Completed Orders Tab 
[INFO ] 2023-03-12 23:27:52.124 [jobOrder.TG_6129_RepeatOpenOrder] [clickCompletedOrdersTab] - Completed Tab Clicked Successfully
[INFO ] 2023-03-12 23:28:02.136 [jobOrder.TG_6129_RepeatOpenOrder] [clickCompletedOrder] - Clicking on the Completed Order 
[INFO ] 2023-03-12 23:28:04.418 [jobOrder.TG_6129_RepeatOpenOrder] [clickCompletedOrder] - Completed Order Clicked Successfully
[INFO ] 2023-03-12 23:28:06.424 [jobOrder.TG_6129_RepeatOpenOrder] [clickRepeatOrderButton] - Clicking on the Repeat Order Button
[INFO ] 2023-03-12 23:28:07.004 [jobOrder.TG_6129_RepeatOpenOrder] [clickRepeatOrderButton] - Repeat Order Button Clicked Successfully
[INFO ] 2023-03-12 23:28:07.004 [jobOrder.TG_6129_RepeatOpenOrder] [clickOpenOrderCheckbox] - Clicking on the Open Order Checkbox
[INFO ] 2023-03-12 23:28:07.809 [jobOrder.TG_6129_RepeatOpenOrder] [clickOpenOrderCheckbox] - Open Order Checkbox Clicked Successfully
[INFO ] 2023-03-12 23:28:07.811 [jobOrder.TG_6129_RepeatOpenOrder] [clickProceedButton] - Clicking on the Proceed Button
[INFO ] 2023-03-12 23:28:08.208 [jobOrder.TG_6129_RepeatOpenOrder] [clickProceedButton] - Proceed Button Clicked Successfully
[INFO ] 2023-03-12 23:28:10.216 [jobOrder.TG_6129_RepeatOpenOrder] [enterStartDate] - Entering StartDate
[INFO ] 2023-03-12 23:28:15.635 [jobOrder.TG_6129_RepeatOpenOrder] [enterStartDate] - StartDate entered successfully
[INFO ] 2023-03-12 23:28:17.643 [jobOrder.TG_6129_RepeatOpenOrder] [enterEndDate] - Entering EndDate
[INFO ] 2023-03-12 23:28:23.040 [jobOrder.TG_6129_RepeatOpenOrder] [enterEndDate] - EndDate entered successfully
[INFO ] 2023-03-12 23:28:25.056 [jobOrder.TG_6129_RepeatOpenOrder] [enterAvailability] - Entering Availability
[INFO ] 2023-03-12 23:28:25.526 [jobOrder.TG_6129_RepeatOpenOrder] [enterAvailability] - Availabilit entered successfully
