[INFO ] 2023-02-02 23:51:16.564 [users.AddNewUserHiring] [VerifyMandatoryFields] - Started==Verifying mandatory fields in Add New User form
[INFO ] 2023-02-02 23:51:21.282 [users.AddNewUserHiring] [VerifyMandatoryFields] - Logging into the application using username: ankit_tag@yopmail.com
[INFO ] 2023-02-02 23:51:21.285 [users.AddNewUserHiring] [enterUsername] - Entering new user's first name
[INFO ] 2023-02-02 23:51:23.201 [users.AddNewUserHiring] [enterUsername] - User's first name entered successfully
[INFO ] 2023-02-02 23:51:23.251 [users.AddNewUserHiring] [enterPassword] - Entering new user's last name
[INFO ] 2023-02-02 23:51:23.574 [users.AddNewUserHiring] [enterPassword] - User's last name entered successfully
[INFO ] 2023-02-02 23:51:23.575 [users.AddNewUserHiring] [clickLoginButton] - Clicking on Login Button
[INFO ] 2023-02-02 23:51:24.076 [users.AddNewUserHiring] [clickLoginButton] - Close Pop Up clicked successfully
[INFO ] 2023-02-02 23:51:24.077 [users.AddNewUserHiring] [VerifyMandatoryFields] - User: ankit_tag@yopmail.com logged in successfully
[INFO ] 2023-02-02 23:51:27.088 [users.AddNewUserHiring] [clickUsersLinkOnHomePage] - Clicking Users link present on the homepage
[INFO ] 2023-02-02 23:51:39.604 [users.AddNewUserHiring] [clickUsersLinkOnHomePage] - Users link present on the hompage clicked successfully.
[INFO ] 2023-02-02 23:51:48.937 [users.AddNewUserHiring] [clearCompanyTypeField] - Clearing company type field
[INFO ] 2023-02-02 23:51:49.077 [users.AddNewUserHiring] [clearCompanyTypeField] - Company Type field cleared Successfully
[INFO ] 2023-02-02 23:51:49.078 [users.AddNewUserHiring] [clickLastNameField] - Clicking Last Name field
[INFO ] 2023-02-02 23:51:49.331 [users.AddNewUserHiring] [clickLastNameField] - Last Name  field clicked successfully
[INFO ] 2023-02-02 23:51:49.331 [users.AddNewUserHiring] [clickSavebutton] - Clicking save button
[INFO ] 2023-02-02 23:51:49.780 [users.AddNewUserHiring] [clickSavebutton] - Save button clicked successfully
[INFO ] 2023-02-02 23:51:53.622 [users.AddNewUserHiring] [verifyCreateNewUser] - Started==Verify user creation
[INFO ] 2023-02-02 23:51:53.628 [users.AddNewUserHiring] [enterCompanyType] - Entering Company Type
[INFO ] 2023-02-02 23:51:55.657 [users.AddNewUserHiring] [enterCompanyType] - Company Type Entered Successfully
[INFO ] 2023-02-02 23:51:55.665 [users.AddNewUserHiring] [clickLastNameField] - Clicking Last Name field
[INFO ] 2023-02-02 23:51:55.974 [users.AddNewUserHiring] [clickLastNameField] - Last Name  field clicked successfully
[INFO ] 2023-02-02 23:51:58.988 [users.AddNewUserHiring] [enterUserEmail] - Entering user email address
[INFO ] 2023-02-02 23:51:59.563 [users.AddNewUserHiring] [enterUserEmail] - Email entered successfully
[INFO ] 2023-02-02 23:51:59.563 [users.AddNewUserHiring] [enterFirstNameField] - Entering First Name field
[INFO ] 2023-02-02 23:51:59.826 [users.AddNewUserHiring] [enterFirstNameField] - First Name  entered successfully
[INFO ] 2023-02-02 23:51:59.827 [users.AddNewUserHiring] [enterLastNameField] - Entering Last Name field
[INFO ] 2023-02-02 23:52:00.012 [users.AddNewUserHiring] [enterLastNameField] - Last Name entered successfully
[INFO ] 2023-02-02 23:52:05.016 [users.AddNewUserHiring] [clickLastNameField] - Clicking Last Name field
[INFO ] 2023-02-02 23:52:05.098 [users.AddNewUserHiring] [clickLastNameField] - Last Name  field clicked successfully
[INFO ] 2023-02-02 23:52:05.099 [users.AddNewUserHiring] [clickSavebutton] - Clicking save button
[INFO ] 2023-02-02 23:52:05.348 [users.AddNewUserHiring] [clickSavebutton] - Save button clicked successfully
[INFO ] 2023-02-02 23:53:08.747 [users.AddNewUserHiring] [verifyUserCreatedOrNot] - Verifying Pop Up Text
[INFO ] 2023-02-02 23:53:08.894 [users.AddNewUserHiring] [verifyUserCreatedOrNot] - Getting the Pop Up text
[INFO ] 2023-02-02 23:53:20.803 [users.AddNewUserHiring] [TG_234_PasswordSetup] - Started==new user password setup
