[INFO ] 2023-01-19 02:41:29.014 [company.TG_4325_ApproveClaimFromHiring] [Tag_EndToEndFlowNewOrderHiring] - Started==Starting End To End Flow NewOrderHiring
[INFO ] 2023-01-19 02:41:33.374 [company.TG_4325_ApproveClaimFromHiring] [enterUsername] - Entering new user's first name
[INFO ] 2023-01-19 02:41:33.895 [company.TG_4325_ApproveClaimFromHiring] [enterUsername] - User's first name entered successfully
[INFO ] 2023-01-19 02:41:33.896 [company.TG_4325_ApproveClaimFromHiring] [enterPassword] - Entering new user's last name
[INFO ] 2023-01-19 02:41:34.103 [company.TG_4325_ApproveClaimFromHiring] [enterPassword] - User's last name entered successfully
[INFO ] 2023-01-19 02:41:34.103 [company.TG_4325_ApproveClaimFromHiring] [clickLoginButton] - Clicking on Login Button
[INFO ] 2023-01-19 02:41:34.518 [company.TG_4325_ApproveClaimFromHiring] [clickLoginButton] - Close Pop Up clicked successfully
[INFO ] 2023-01-19 02:41:34.519 [company.TG_4325_ApproveClaimFromHiring] [newOrderHiring] - Clicking on New Order Button
[INFO ] 2023-01-19 02:41:45.572 [company.TG_4325_ApproveClaimFromHiring] [newOrderHiring] - New Order Button clicked successfully
[INFO ] 2023-01-19 02:41:45.573 [company.TG_4325_ApproveClaimFromHiring] [newOrderHiring] - Entering EstDailyHours
[INFO ] 2023-01-19 02:41:54.316 [company.TG_4325_ApproveClaimFromHiring] [newOrderHiring] - EstDailyHours entered successfully
[INFO ] 2023-01-19 02:41:54.317 [company.TG_4325_ApproveClaimFromHiring] [newOrderHiring] - Entering StartDate
[INFO ] 2023-01-19 02:41:59.974 [company.TG_4325_ApproveClaimFromHiring] [newOrderHiring] - StartDate entered successfully
[INFO ] 2023-01-19 02:41:59.979 [company.TG_4325_ApproveClaimFromHiring] [newOrderHiring] - Entering EndDate
[INFO ] 2023-01-19 02:42:11.257 [company.TG_4325_ApproveClaimFromHiring] [newOrderHiring] - EndDate entered successfully
[INFO ] 2023-01-19 02:42:11.263 [company.TG_4325_ApproveClaimFromHiring] [newOrderHiring] - Entering StartTime
[INFO ] 2023-01-19 02:42:12.212 [company.TG_4325_ApproveClaimFromHiring] [newOrderHiring] - StartTime entered successfully
[INFO ] 2023-01-19 02:42:12.212 [company.TG_4325_ApproveClaimFromHiring] [newOrderHiring] - Entering Availability
[INFO ] 2023-01-19 02:42:12.402 [company.TG_4325_ApproveClaimFromHiring] [newOrderHiring] - Availabilit entered successfully
[INFO ] 2023-01-19 02:42:12.402 [company.TG_4325_ApproveClaimFromHiring] [newOrderHiring] - Entering JobSite
[INFO ] 2023-01-19 02:42:18.629 [company.TG_4325_ApproveClaimFromHiring] [newOrderHiring] - JobSite entered successfully
[INFO ] 2023-01-19 02:42:18.631 [company.TG_4325_ApproveClaimFromHiring] [newOrderHiring] - Entering JobTitle
[INFO ] 2023-01-19 02:42:27.979 [company.TG_4325_ApproveClaimFromHiring] [newOrderHiring] - JobTitle entered successfully
[INFO ] 2023-01-19 02:42:27.985 [company.TG_4325_ApproveClaimFromHiring] [newOrderHiring] - Entering No Of Workers
[INFO ] 2023-01-19 02:42:33.169 [company.TG_4325_ApproveClaimFromHiring] [newOrderHiring] - NoOfWorkers entered successfully
[INFO ] 2023-01-19 02:42:33.170 [company.TG_4325_ApproveClaimFromHiring] [newOrderHiring] - Entering ESignature
[INFO ] 2023-01-19 02:42:36.319 [company.TG_4325_ApproveClaimFromHiring] [newOrderHiring] - ESignature entered successfully
[INFO ] 2023-01-19 02:42:36.320 [company.TG_4325_ApproveClaimFromHiring] [newOrderHiring] - clickAgreeContract
[INFO ] 2023-01-19 02:42:36.536 [company.TG_4325_ApproveClaimFromHiring] [newOrderHiring] - clickAgreeContract successfully
[INFO ] 2023-01-19 02:42:36.536 [company.TG_4325_ApproveClaimFromHiring] [newOrderHiring] - clickSaveButton
[INFO ] 2023-01-19 02:42:36.752 [company.TG_4325_ApproveClaimFromHiring] [newOrderHiring] - SaveButton Clicked successfully
[INFO ] 2023-01-19 02:42:45.173 [company.TG_4325_ApproveClaimFromHiring] [newOrderHiring] - Job order link present on the home page clicked
[INFO ] 2023-01-19 02:42:53.379 [company.TG_4325_ApproveClaimFromHiring] [newOrderHiring] - Verify Job Order Id and Email Successfully
[INFO ] 2023-01-19 02:43:01.217 [company.TG_4325_ApproveClaimFromHiring] [Tag_EndToEndFlowClaimFromStaffing] - Started==Starting End To End Flow ClaimFromStaffing
[INFO ] 2023-01-19 02:43:09.053 [company.TG_4325_ApproveClaimFromHiring] [enterUsername] - Entering new user's first name
[INFO ] 2023-01-19 02:43:09.160 [company.TG_4325_ApproveClaimFromHiring] [enterUsername] - User's first name entered successfully
[INFO ] 2023-01-19 02:43:09.161 [company.TG_4325_ApproveClaimFromHiring] [enterPassword] - Entering new user's last name
[INFO ] 2023-01-19 02:43:09.274 [company.TG_4325_ApproveClaimFromHiring] [enterPassword] - User's last name entered successfully
[INFO ] 2023-01-19 02:43:09.274 [company.TG_4325_ApproveClaimFromHiring] [clickLoginButton] - Clicking on Login Button
[INFO ] 2023-01-19 02:43:09.528 [company.TG_4325_ApproveClaimFromHiring] [clickLoginButton] - Close Pop Up clicked successfully
[INFO ] 2023-01-19 02:43:09.529 [company.TG_4325_ApproveClaimFromHiring] [ClaimOrderForStaffing] - Clicking Job orders menu present on the staffing homepage navigates to joborder listing form 
[INFO ] 2023-01-19 02:43:28.847 [company.TG_4325_ApproveClaimFromHiring] [selectParticularJobOrderFromListingStaffing] - Selecting Particular Joborder on the listing
[INFO ] 2023-01-19 02:43:38.992 [company.TG_4325_ApproveClaimFromHiring] [selectParticularJobOrderFromListingStaffing] - Particular Joborder on the listing selected successfully
[INFO ] 2023-01-19 02:43:38.992 [company.TG_4325_ApproveClaimFromHiring] [ClaimOrderForStaffing] - Clicking on Claim order Button
[INFO ] 2023-01-19 02:43:51.883 [company.TG_4325_ApproveClaimFromHiring] [ClaimOrderForStaffing] - Claim order button clicked successfully
[INFO ] 2023-01-19 02:43:51.887 [company.TG_4325_ApproveClaimFromHiring] [ClaimOrderForStaffing] - Entering the No. of Employees Claim
[INFO ] 2023-01-19 02:43:57.125 [company.TG_4325_ApproveClaimFromHiring] [ClaimOrderForStaffing] - No. of Employees Claim entered successfully
[INFO ] 2023-01-19 02:44:02.131 [company.TG_4325_ApproveClaimFromHiring] [ClaimOrderForStaffing] - Entering the E-Signature
[INFO ] 2023-01-19 02:44:04.243 [company.TG_4325_ApproveClaimFromHiring] [ClaimOrderForStaffing] - E-Signature entered successfully
[INFO ] 2023-01-19 02:44:04.243 [company.TG_4325_ApproveClaimFromHiring] [ClaimOrderForStaffing] - Clicking on Agree to Contract Button
[INFO ] 2023-01-19 02:44:06.361 [company.TG_4325_ApproveClaimFromHiring] [ClaimOrderForStaffing] - Agree to Contract Button clicked successfully
[INFO ] 2023-01-19 02:44:06.362 [company.TG_4325_ApproveClaimFromHiring] [ClaimOrderForStaffing] - Clicking on Submit Claim Button
[INFO ] 2023-01-19 02:44:13.481 [company.TG_4325_ApproveClaimFromHiring] [ClaimOrderForStaffing] - Submit Claim Button clicked successfully
[INFO ] 2023-01-19 02:44:53.397 [company.TG_4325_ApproveClaimFromHiring] [enterUsername] - Entering new user's first name
[INFO ] 2023-01-19 02:44:53.486 [company.TG_4325_ApproveClaimFromHiring] [enterUsername] - User's first name entered successfully
[INFO ] 2023-01-19 02:44:53.487 [company.TG_4325_ApproveClaimFromHiring] [enterPassword] - Entering new user's last name
[INFO ] 2023-01-19 02:44:53.574 [company.TG_4325_ApproveClaimFromHiring] [enterPassword] - User's last name entered successfully
[INFO ] 2023-01-19 02:44:53.575 [company.TG_4325_ApproveClaimFromHiring] [clickLoginButton] - Clicking on Login Button
[INFO ] 2023-01-19 02:44:53.706 [company.TG_4325_ApproveClaimFromHiring] [clickLoginButton] - Close Pop Up clicked successfully
[INFO ] 2023-01-19 02:45:00.720 [company.TG_4325_ApproveClaimFromHiring] [clickOrdersMenuOnHiringHomePage] - Clicking Order menu present on the Hiring homepage
[INFO ] 2023-01-19 02:45:02.077 [company.TG_4325_ApproveClaimFromHiring] [clickOrdersMenuOnHiringHomePage] - Order menu present on the Hiring hompage clicked successfully.
[INFO ] 2023-01-19 02:45:19.278 [company.TG_4325_ApproveClaimFromHiring] [verifyPleaseReviewSubmittedClaimsMessage] - Check for 'Please review submitted claims' message Displayed
[INFO ] 2023-01-19 02:45:19.345 [company.TG_4325_ApproveClaimFromHiring] [verifyPleaseReviewSubmittedClaimsMessage] - Message displayed successfully
[INFO ] 2023-01-19 02:45:19.402 [company.TG_4325_ApproveClaimFromHiring] [clickClaimsButton] - Clicking on the claim button navigates to claim order form 
[INFO ] 2023-01-19 02:45:19.482 [company.TG_4325_ApproveClaimFromHiring] [clickClaimsButton] - Clicking on the claim button navigates to claim order form successfully
[INFO ] 2023-01-19 02:45:22.488 [company.TG_4325_ApproveClaimFromHiring] [clickSelectHeadCountButton] - Clicking the select head count button on the claim order form
[INFO ] 2023-01-19 02:45:22.596 [company.TG_4325_ApproveClaimFromHiring] [clickSelectHeadCountButton] - Clicked the select head count button on the claim order form successfully
[INFO ] 2023-01-19 02:45:22.628 [company.TG_4325_ApproveClaimFromHiring] [titleSelectHeadCountModal] - Clicking Select Head Count button, a modal should open having a title as 'Select Head Count'
[INFO ] 2023-01-19 02:45:26.348 [company.TG_4325_ApproveClaimFromHiring] [titleSelectHeadCountModal] - clicked Select Head Count button, a modal title as 'Select Head Count'opened successfully
[INFO ] 2023-01-19 02:45:26.371 [company.TG_4325_ApproveClaimFromHiring] [verifyApproveFieldIsVisible] - Check for Approvefield is visible
[INFO ] 2023-01-19 02:45:26.433 [company.TG_4325_ApproveClaimFromHiring] [verifyApproveFieldIsVisible] - Approvefield is visible successfully
[INFO ] 2023-01-19 02:45:26.434 [company.TG_4325_ApproveClaimFromHiring] [enterApproveCountGreater] - Entering Approve count should not be greater than Workerscount
[INFO ] 2023-01-19 02:45:26.635 [company.TG_4325_ApproveClaimFromHiring] [enterApproveCountGreater] - Approve count is not more than the workers count
[INFO ] 2023-01-19 02:45:28.643 [company.TG_4325_ApproveClaimFromHiring] [clickModalSubmitButton] - Clicking on modal submit Button
[INFO ] 2023-01-19 02:45:28.762 [company.TG_4325_ApproveClaimFromHiring] [clickModalSubmitButton] - Modal submit button clicked successfully
[INFO ] 2023-01-19 02:45:28.762 [company.TG_4325_ApproveClaimFromHiring] [verifyErrorMessage] - Popup shows as Claims approved cannot be greater than the no. of workers
