[INFO ] 2023-01-09 09:44:49.524 [users.AddNewUserTAG] [VerifyMandatoryFields] - Started==Verifying mandatory fields in Add New User form
[INFO ] 2023-01-09 09:44:52.808 [users.AddNewUserTAG] [VerifyMandatoryFields] - Logging into the application using username: ankit_tag@yopmail.com
[INFO ] 2023-01-09 09:44:52.809 [users.AddNewUserTAG] [enterUsername] - Entering new user's first name
[INFO ] 2023-01-09 09:44:53.356 [users.AddNewUserTAG] [enterUsername] - User's first name entered successfully
[INFO ] 2023-01-09 09:44:53.356 [users.AddNewUserTAG] [enterPassword] - Entering new user's last name
[INFO ] 2023-01-09 09:44:53.478 [users.AddNewUserTAG] [enterPassword] - User's last name entered successfully
[INFO ] 2023-01-09 09:44:53.478 [users.AddNewUserTAG] [clickLoginButton] - Clicking on Login Button
[INFO ] 2023-01-09 09:44:53.823 [users.AddNewUserTAG] [clickLoginButton] - Close Pop Up clicked successfully
[INFO ] 2023-01-09 09:44:53.823 [users.AddNewUserTAG] [VerifyMandatoryFields] - User: ankit_tag@yopmail.com logged in successfully
[INFO ] 2023-01-09 09:44:56.826 [users.AddNewUserTAG] [clickUsersLinkOnHomePage] - Clicking Users link present on the homepage
[INFO ] 2023-01-09 09:45:01.284 [users.AddNewUserTAG] [clickUsersLinkOnHomePage] - Users link present on the hompage clicked successfully.
[INFO ] 2023-01-09 09:45:06.956 [users.AddNewUserTAG] [clearCompanyTypeField] - Clearing company type field
[INFO ] 2023-01-09 09:45:07.030 [users.AddNewUserTAG] [clearCompanyTypeField] - Company Type field cleared Successfully
[INFO ] 2023-01-09 09:45:07.030 [users.AddNewUserTAG] [clickLastNameField] - Clicking Last Name field
[INFO ] 2023-01-09 09:45:07.182 [users.AddNewUserTAG] [clickLastNameField] - Last Name  field clicked successfully
[INFO ] 2023-01-09 09:45:07.182 [users.AddNewUserTAG] [clickSavebutton] - Clicking save button
[INFO ] 2023-01-09 09:45:07.432 [users.AddNewUserTAG] [clickSavebutton] - Save button clicked successfully
[INFO ] 2023-01-09 09:45:10.799 [users.AddNewUserTAG] [verifyCreateNewUser] - Started==Verify user creation
[INFO ] 2023-01-09 09:45:10.802 [users.AddNewUserTAG] [enterCompanyType] - Entering Company Type
[INFO ] 2023-01-09 09:45:11.023 [users.AddNewUserTAG] [enterCompanyType] - Company Type Entered Successfully
[INFO ] 2023-01-09 09:45:11.023 [users.AddNewUserTAG] [clickLastNameField] - Clicking Last Name field
[INFO ] 2023-01-09 09:45:11.093 [users.AddNewUserTAG] [clickLastNameField] - Last Name  field clicked successfully
[INFO ] 2023-01-09 09:45:14.101 [users.AddNewUserTAG] [enterUserEmail] - Entering user email address
[INFO ] 2023-01-09 09:45:14.434 [users.AddNewUserTAG] [enterUserEmail] - Email entered successfully
[INFO ] 2023-01-09 09:45:14.434 [users.AddNewUserTAG] [enterFirstNameField] - Entering First Name field
[INFO ] 2023-01-09 09:45:14.706 [users.AddNewUserTAG] [enterFirstNameField] - First Name  entered successfully
[INFO ] 2023-01-09 09:45:14.707 [users.AddNewUserTAG] [enterLastNameField] - Entering Last Name field
[INFO ] 2023-01-09 09:45:14.974 [users.AddNewUserTAG] [enterLastNameField] - Last Name entered successfully
[INFO ] 2023-01-09 09:45:19.309 [users.AddNewUserTAG] [clickLastNameField] - Clicking Last Name field
[INFO ] 2023-01-09 09:45:19.433 [users.AddNewUserTAG] [clickLastNameField] - Last Name  field clicked successfully
[INFO ] 2023-01-09 09:45:19.433 [users.AddNewUserTAG] [clickSavebutton] - Clicking save button
[INFO ] 2023-01-09 09:45:19.736 [users.AddNewUserTAG] [clickSavebutton] - Save button clicked successfully
[INFO ] 2023-01-09 09:46:26.123 [users.AddNewUserTAG] [clickFilterIcon] - clicking filter icon present on the listing page
