[INFO ] 2023-02-24 23:30:55.775 [timesheets.TG_4301_Timesheet_Approval] [Tag_EndToEndFlowNewOrderHiring] - Started==Starting End To End Flow NewOrderHiring
[INFO ] 2023-02-24 23:30:58.942 [timesheets.TG_4301_Timesheet_Approval] [enterUsername] - Entering new user's first name
[INFO ] 2023-02-24 23:31:00.759 [timesheets.TG_4301_Timesheet_Approval] [enterUsername] - User's first name entered successfully
[INFO ] 2023-02-24 23:31:00.759 [timesheets.TG_4301_Timesheet_Approval] [enterPassword] - Entering new user's last name
[INFO ] 2023-02-24 23:31:00.940 [timesheets.TG_4301_Timesheet_Approval] [enterPassword] - User's last name entered successfully
[INFO ] 2023-02-24 23:31:00.941 [timesheets.TG_4301_Timesheet_Approval] [clickLoginButton] - Clicking on Login Button
[INFO ] 2023-02-24 23:31:01.466 [timesheets.TG_4301_Timesheet_Approval] [clickLoginButton] - Close Pop Up clicked successfully
[INFO ] 2023-02-24 23:31:01.466 [timesheets.TG_4301_Timesheet_Approval] [newOrderHiring] - Clicking on New Order Button
[INFO ] 2023-02-24 23:31:16.213 [timesheets.TG_4301_Timesheet_Approval] [newOrderHiring] - New Order Button clicked successfully
[INFO ] 2023-02-24 23:31:16.214 [timesheets.TG_4301_Timesheet_Approval] [newOrderHiring] - Entering EstDailyHours
[INFO ] 2023-02-24 23:31:25.706 [timesheets.TG_4301_Timesheet_Approval] [newOrderHiring] - EstDailyHours entered successfully
[INFO ] 2023-02-24 23:31:25.707 [timesheets.TG_4301_Timesheet_Approval] [newOrderHiring] - Entering StartDate
[INFO ] 2023-02-24 23:31:31.452 [timesheets.TG_4301_Timesheet_Approval] [newOrderHiring] - StartDate entered successfully
[INFO ] 2023-02-24 23:31:31.457 [timesheets.TG_4301_Timesheet_Approval] [newOrderHiring] - Entering EndDate
[INFO ] 2023-02-24 23:31:42.807 [timesheets.TG_4301_Timesheet_Approval] [newOrderHiring] - EndDate entered successfully
[INFO ] 2023-02-24 23:31:42.811 [timesheets.TG_4301_Timesheet_Approval] [newOrderHiring] - Entering StartTime
[INFO ] 2023-02-24 23:31:43.900 [timesheets.TG_4301_Timesheet_Approval] [newOrderHiring] - StartTime entered successfully
[INFO ] 2023-02-24 23:31:43.900 [timesheets.TG_4301_Timesheet_Approval] [newOrderHiring] - Entering Availability
[INFO ] 2023-02-24 23:31:44.160 [timesheets.TG_4301_Timesheet_Approval] [newOrderHiring] - Availabilit entered successfully
[INFO ] 2023-02-24 23:31:44.160 [timesheets.TG_4301_Timesheet_Approval] [newOrderHiring] - Entering JobSite
[INFO ] 2023-02-24 23:31:50.820 [timesheets.TG_4301_Timesheet_Approval] [newOrderHiring] - JobSite entered successfully
[INFO ] 2023-02-24 23:31:50.821 [timesheets.TG_4301_Timesheet_Approval] [newOrderHiring] - Entering JobTitle
[INFO ] 2023-02-24 23:32:00.157 [timesheets.TG_4301_Timesheet_Approval] [newOrderHiring] - JobTitle entered successfully
[INFO ] 2023-02-24 23:32:00.164 [timesheets.TG_4301_Timesheet_Approval] [newOrderHiring] - Entering No Of Workers
[INFO ] 2023-02-24 23:32:05.372 [timesheets.TG_4301_Timesheet_Approval] [newOrderHiring] - NoOfWorkers entered successfully
[INFO ] 2023-02-24 23:32:05.374 [timesheets.TG_4301_Timesheet_Approval] [newOrderHiring] - Entering ESignature
[INFO ] 2023-02-24 23:32:08.553 [timesheets.TG_4301_Timesheet_Approval] [newOrderHiring] - ESignature entered successfully
[INFO ] 2023-02-24 23:32:08.557 [timesheets.TG_4301_Timesheet_Approval] [newOrderHiring] - clickAgreeContract
[INFO ] 2023-02-24 23:32:08.956 [timesheets.TG_4301_Timesheet_Approval] [newOrderHiring] - clickAgreeContract successfully
[INFO ] 2023-02-24 23:32:08.956 [timesheets.TG_4301_Timesheet_Approval] [newOrderHiring] - clickSaveButton
[INFO ] 2023-02-24 23:32:09.251 [timesheets.TG_4301_Timesheet_Approval] [newOrderHiring] - SaveButton Clicked successfully
[INFO ] 2023-02-24 23:32:17.824 [timesheets.TG_4301_Timesheet_Approval] [newOrderHiring] - Job order link present on the home page clicked
[INFO ] 2023-02-24 23:32:26.080 [timesheets.TG_4301_Timesheet_Approval] [newOrderHiring] - Verify Job Order Id and Email Successfully
[INFO ] 2023-02-24 23:32:37.629 [timesheets.TG_4301_Timesheet_Approval] [Tag_EndToEndFlowNewOrderHiring] - Started==Starting End To End Flow CreateEmployeeFromStaffing
[INFO ] 2023-02-24 23:32:50.520 [timesheets.TG_4301_Timesheet_Approval] [enterUsername] - Entering new user's first name
[INFO ] 2023-02-24 23:32:50.666 [timesheets.TG_4301_Timesheet_Approval] [enterUsername] - User's first name entered successfully
[INFO ] 2023-02-24 23:32:50.668 [timesheets.TG_4301_Timesheet_Approval] [enterPassword] - Entering new user's last name
[INFO ] 2023-02-24 23:32:50.757 [timesheets.TG_4301_Timesheet_Approval] [enterPassword] - User's last name entered successfully
[INFO ] 2023-02-24 23:32:50.758 [timesheets.TG_4301_Timesheet_Approval] [clickLoginButton] - Clicking on Login Button
[INFO ] 2023-02-24 23:32:50.859 [timesheets.TG_4301_Timesheet_Approval] [clickLoginButton] - Close Pop Up clicked successfully
[INFO ] 2023-02-24 23:33:21.358 [timesheets.TG_4301_Timesheet_Approval] [clickAddNewEployeeButton] - Clicking on Add New Employee Button
[INFO ] 2023-02-24 23:33:22.348 [timesheets.TG_4301_Timesheet_Approval] [clickAddNewEployeeButton] - Employee button clicked successfully
[INFO ] 2023-02-24 23:33:27.356 [timesheets.TG_4301_Timesheet_Approval] [enterCompanyName] - Entering Company Name
[INFO ] 2023-02-24 23:33:27.739 [timesheets.TG_4301_Timesheet_Approval] [enterCompanyName] - Company Name entered successfully
[INFO ] 2023-02-24 23:33:29.745 [timesheets.TG_4301_Timesheet_Approval] [enterFirstName] - Entering First Name
[INFO ] 2023-02-24 23:33:29.925 [timesheets.TG_4301_Timesheet_Approval] [enterFirstName] - First Name entered successfully
[INFO ] 2023-02-24 23:33:31.946 [timesheets.TG_4301_Timesheet_Approval] [enterLastName] - Entering Last Name
[INFO ] 2023-02-24 23:33:32.107 [timesheets.TG_4301_Timesheet_Approval] [enterLastName] - Last Name entered successfully
[INFO ] 2023-02-24 23:33:34.121 [timesheets.TG_4301_Timesheet_Approval] [enterDateOfBirthField] - Entering date of birth
[INFO ] 2023-02-24 23:33:35.419 [timesheets.TG_4301_Timesheet_Approval] [enterDateOfBirthField] - Date of birth entered successfully
[INFO ] 2023-02-24 23:33:37.424 [timesheets.TG_4301_Timesheet_Approval] [enterEmail] - Entering email
[INFO ] 2023-02-24 23:33:37.661 [timesheets.TG_4301_Timesheet_Approval] [enterEmail] - Email entered successfully
[INFO ] 2023-02-24 23:33:39.669 [timesheets.TG_4301_Timesheet_Approval] [selectAddressTab] - Clicking Address Tab
[INFO ] 2023-02-24 23:33:42.504 [timesheets.TG_4301_Timesheet_Approval] [selectAddressTab] - Address Tab clicked successfully
[INFO ] 2023-02-24 23:33:44.519 [timesheets.TG_4301_Timesheet_Approval] [enterEmployeeAddressOnMaps] - Etering employee address on maps
[INFO ] 2023-02-24 23:33:46.006 [timesheets.TG_4301_Timesheet_Approval] [enterEmployeeAddressOnMaps] - Employee entered successfully
[INFO ] 2023-02-24 23:33:48.010 [timesheets.TG_4301_Timesheet_Approval] [clickSaveButton] - Clicking Save button
[INFO ] 2023-02-24 23:33:48.447 [timesheets.TG_4301_Timesheet_Approval] [clickSaveButton] - Save button clicked successfully
[INFO ] 2023-02-24 23:34:28.462 [timesheets.TG_4301_Timesheet_Approval] [getEmployeeNameFromEmaployeeDetailsPage] - Fetching employee Name
[INFO ] 2023-02-24 23:34:28.645 [timesheets.TG_4301_Timesheet_Approval] [getEmployeeNameFromEmaployeeDetailsPage] - Employee Name fetched successfully
[INFO ] 2023-02-24 23:34:28.995 [timesheets.TG_4301_Timesheet_Approval] [Tag_EndToEndFlowNewOrderHiring] - Started==Starting End To End Flow ClaimFromStaffing
[INFO ] 2023-02-24 23:34:28.998 [timesheets.TG_4301_Timesheet_Approval] [ClaimOrderForStaffing] - Clicking Job orders menu present on the staffing homepage navigates to joborder listing form 
[INFO ] 2023-02-24 23:34:48.143 [timesheets.TG_4301_Timesheet_Approval] [selectParticularJobOrderFromListingStaffing] - Selecting Particular Joborder on the listing
[INFO ] 2023-02-24 23:34:58.504 [timesheets.TG_4301_Timesheet_Approval] [selectParticularJobOrderFromListingStaffing] - Particular Joborder on the listing selected successfully
[INFO ] 2023-02-24 23:34:58.506 [timesheets.TG_4301_Timesheet_Approval] [ClaimOrderForStaffing] - Clicking on Claim order Button
[INFO ] 2023-02-24 23:35:13.188 [timesheets.TG_4301_Timesheet_Approval] [ClaimOrderForStaffing] - Claim order button clicked successfully
[INFO ] 2023-02-24 23:35:13.193 [timesheets.TG_4301_Timesheet_Approval] [ClaimOrderForStaffing] - Entering the No. of Employees Claim
[INFO ] 2023-02-24 23:35:18.478 [timesheets.TG_4301_Timesheet_Approval] [ClaimOrderForStaffing] - No. of Employees Claim entered successfully
[INFO ] 2023-02-24 23:35:23.486 [timesheets.TG_4301_Timesheet_Approval] [ClaimOrderForStaffing] - Entering the E-Signature
[INFO ] 2023-02-24 23:35:25.676 [timesheets.TG_4301_Timesheet_Approval] [ClaimOrderForStaffing] - E-Signature entered successfully
[INFO ] 2023-02-24 23:35:25.679 [timesheets.TG_4301_Timesheet_Approval] [ClaimOrderForStaffing] - Clicking on Agree to Contract Button
[INFO ] 2023-02-24 23:35:27.931 [timesheets.TG_4301_Timesheet_Approval] [ClaimOrderForStaffing] - Agree to Contract Button clicked successfully
[INFO ] 2023-02-24 23:35:27.934 [timesheets.TG_4301_Timesheet_Approval] [ClaimOrderForStaffing] - Clicking on Submit Claim Button
[INFO ] 2023-02-24 23:35:35.226 [timesheets.TG_4301_Timesheet_Approval] [ClaimOrderForStaffing] - Submit Claim Button clicked successfully
[INFO ] 2023-02-24 23:36:09.590 [timesheets.TG_4301_Timesheet_Approval] [Tag_EndToEndFlowNewOrderHiring] - Started==Starting End To End Flow ApproveHiring
[INFO ] 2023-02-24 23:36:21.058 [timesheets.TG_4301_Timesheet_Approval] [enterUsername] - Entering new user's first name
[INFO ] 2023-02-24 23:36:21.343 [timesheets.TG_4301_Timesheet_Approval] [enterUsername] - User's first name entered successfully
[INFO ] 2023-02-24 23:36:21.343 [timesheets.TG_4301_Timesheet_Approval] [enterPassword] - Entering new user's last name
[INFO ] 2023-02-24 23:36:21.486 [timesheets.TG_4301_Timesheet_Approval] [enterPassword] - User's last name entered successfully
[INFO ] 2023-02-24 23:36:21.487 [timesheets.TG_4301_Timesheet_Approval] [clickLoginButton] - Clicking on Login Button
[INFO ] 2023-02-24 23:36:21.850 [timesheets.TG_4301_Timesheet_Approval] [clickLoginButton] - Close Pop Up clicked successfully
[INFO ] 2023-02-24 23:36:21.891 [timesheets.TG_4301_Timesheet_Approval] [ApproveClaimFromHiring] - Clicking Order menu present on the staffing homepage
[INFO ] 2023-02-24 23:36:34.352 [timesheets.TG_4301_Timesheet_Approval] [ApproveClaimFromHiring] - Order menu present on the staffing hompage clicked successfully.
[INFO ] 2023-02-24 23:36:34.373 [timesheets.TG_4301_Timesheet_Approval] [ApproveClaimFromHiring] - Clicking All orders menu present on the staffing homepage
[INFO ] 2023-02-24 23:36:48.910 [timesheets.TG_4301_Timesheet_Approval] [ApproveClaimFromHiring] - Clicking on the claim button navigates to claim order form 
[INFO ] 2023-02-24 23:36:52.128 [timesheets.TG_4301_Timesheet_Approval] [ApproveClaimFromHiring] - Clicking on the claim button navigates to claim order form successfully
[INFO ] 2023-02-24 23:36:52.129 [timesheets.TG_4301_Timesheet_Approval] [ApproveClaimFromHiring] - Clicking the select head count button on the claim order form
[INFO ] 2023-02-24 23:36:53.165 [timesheets.TG_4301_Timesheet_Approval] [ApproveClaimFromHiring] - Clicked the select head count button on the claim order form successfully
[INFO ] 2023-02-24 23:36:53.167 [timesheets.TG_4301_Timesheet_Approval] [ApproveClaimFromHiring] - Entering Approve count should not be greater than Workerscount
[INFO ] 2023-02-24 23:37:01.063 [timesheets.TG_4301_Timesheet_Approval] [ApproveClaimFromHiring] - Approve count is not more than the workers count
[INFO ] 2023-02-24 23:37:01.066 [timesheets.TG_4301_Timesheet_Approval] [ApproveClaimFromHiring] - Clicking on modal submit Button
[INFO ] 2023-02-24 23:37:06.468 [timesheets.TG_4301_Timesheet_Approval] [ApproveClaimFromHiring] - Modal submit button clicked successfully
[INFO ] 2023-02-24 23:37:20.002 [timesheets.TG_4301_Timesheet_Approval] [Tag_EndToEndFlowNewOrderHiring] - Started==Starting End To End Flow AssignEmployee
[INFO ] 2023-02-24 23:37:30.864 [timesheets.TG_4301_Timesheet_Approval] [enterUsername] - Entering new user's first name
[INFO ] 2023-02-24 23:37:31.044 [timesheets.TG_4301_Timesheet_Approval] [enterUsername] - User's first name entered successfully
[INFO ] 2023-02-24 23:37:31.051 [timesheets.TG_4301_Timesheet_Approval] [enterPassword] - Entering new user's last name
[INFO ] 2023-02-24 23:37:31.259 [timesheets.TG_4301_Timesheet_Approval] [enterPassword] - User's last name entered successfully
[INFO ] 2023-02-24 23:37:31.260 [timesheets.TG_4301_Timesheet_Approval] [clickLoginButton] - Clicking on Login Button
[INFO ] 2023-02-24 23:37:31.488 [timesheets.TG_4301_Timesheet_Approval] [clickLoginButton] - Close Pop Up clicked successfully
[INFO ] 2023-02-24 23:37:31.489 [timesheets.TG_4301_Timesheet_Approval] [AssignEmployee] - Clicking Order menu present on the staffing homepage
[INFO ] 2023-02-24 23:37:49.129 [timesheets.TG_4301_Timesheet_Approval] [AssignEmployee] - Order menu present on the staffing hompage clicked successfully.
[INFO ] 2023-02-24 23:37:49.133 [timesheets.TG_4301_Timesheet_Approval] [AssignEmployee] - Clicking All orders menu present on the staffing homepage
[INFO ] 2023-02-24 23:37:53.335 [timesheets.TG_4301_Timesheet_Approval] [AssignEmployee] - All orders menu present on the staffing hompage clicked successfully.
[INFO ] 2023-02-24 23:38:00.348 [timesheets.TG_4301_Timesheet_Approval] [selectParticularJobOrderFromListingStaffing] - Selecting Particular Joborder on the listing
[INFO ] 2023-02-24 23:38:10.569 [timesheets.TG_4301_Timesheet_Approval] [selectParticularJobOrderFromListingStaffing] - Particular Joborder on the listing selected successfully
[INFO ] 2023-02-24 23:38:10.572 [timesheets.TG_4301_Timesheet_Approval] [AssignEmployee] - Clicking Assign employees under the related section
[INFO ] 2023-02-24 23:38:20.247 [timesheets.TG_4301_Timesheet_Approval] [AssignEmployee] - Clicked assign employees on job order form successfully
[INFO ] 2023-02-24 23:38:20.251 [timesheets.TG_4301_Timesheet_Approval] [AssignEmployee] - Entering Distance radius in new Assign Employee form 
[INFO ] 2023-02-24 23:38:20.432 [timesheets.TG_4301_Timesheet_Approval] [AssignEmployee] - Distance radius in new Assign Employee form entered successfully
[INFO ] 2023-02-24 23:38:20.432 [timesheets.TG_4301_Timesheet_Approval] [AssignEmployee] - Clicking CheckBox ShowAllEmployees
[INFO ] 2023-02-24 23:38:22.589 [timesheets.TG_4301_Timesheet_Approval] [AssignEmployee] -  ShowAllEmployees CheckBox clicked successfully
[INFO ] 2023-02-24 23:38:22.589 [timesheets.TG_4301_Timesheet_Approval] [AssignEmployee] - Clicking AddRow in new Assign Employee form 
[INFO ] 2023-02-24 23:38:30.158 [timesheets.TG_4301_Timesheet_Approval] [AssignEmployee] - AddRow button in new Assign Employee form clicked successfully
[INFO ] 2023-02-24 23:38:30.161 [timesheets.TG_4301_Timesheet_Approval] [AssignEmployee] - Clicking edit button on the form under the EmployeeDetails
[INFO ] 2023-02-24 23:38:30.422 [timesheets.TG_4301_Timesheet_Approval] [AssignEmployee] - Clicked edit button on the form under the EmployeeDetails successfully
[INFO ] 2023-02-24 23:38:30.850 [timesheets.TG_4301_Timesheet_Approval] [AssignEmployee] - employeeId in new Assign Employee form entered successfully
[INFO ] 2023-02-24 23:38:30.850 [timesheets.TG_4301_Timesheet_Approval] [AssignEmployee] - Clicking Searched Employee
[INFO ] 2023-02-24 23:38:35.859 [timesheets.TG_4301_Timesheet_Approval] [clickSearchedEmployee] - Clicking Searched Employee
[INFO ] 2023-02-24 23:38:36.005 [timesheets.TG_4301_Timesheet_Approval] [clickSearchedEmployee] - Searched Employee clicked Successfully
[INFO ] 2023-02-24 23:38:36.005 [timesheets.TG_4301_Timesheet_Approval] [AssignEmployee] - Searched Employee Clicked Successfully
[INFO ] 2023-02-24 23:38:36.005 [timesheets.TG_4301_Timesheet_Approval] [AssignEmployee] - Clicking Dropdown arrow in the modal
[INFO ] 2023-02-24 23:38:36.382 [timesheets.TG_4301_Timesheet_Approval] [AssignEmployee] - Clicked Dropdown arrow in the modal successfully
[INFO ] 2023-02-24 23:38:38.396 [timesheets.TG_4301_Timesheet_Approval] [AssignEmployee] - Clicking save new Assign Employee form
[INFO ] 2023-02-24 23:38:42.674 [timesheets.TG_4301_Timesheet_Approval] [AssignEmployee] - save button in new Assign Employee form clicked successfully
[INFO ] 2023-02-24 23:40:29.434 [timesheets.TG_4301_Timesheet_Approval] [Tag_EndToEndFlowNewOrderHiring] - Started==Starting End To End Flow TimesheetCreation
[INFO ] 2023-02-24 23:40:37.553 [timesheets.TG_4301_Timesheet_Approval] [enterUsername] - Entering new user's first name
[INFO ] 2023-02-24 23:40:37.745 [timesheets.TG_4301_Timesheet_Approval] [enterUsername] - User's first name entered successfully
[INFO ] 2023-02-24 23:40:37.746 [timesheets.TG_4301_Timesheet_Approval] [enterPassword] - Entering new user's last name
[INFO ] 2023-02-24 23:40:37.872 [timesheets.TG_4301_Timesheet_Approval] [enterPassword] - User's last name entered successfully
[INFO ] 2023-02-24 23:40:37.879 [timesheets.TG_4301_Timesheet_Approval] [clickLoginButton] - Clicking on Login Button
[INFO ] 2023-02-24 23:40:38.194 [timesheets.TG_4301_Timesheet_Approval] [clickLoginButton] - Close Pop Up clicked successfully
[INFO ] 2023-02-24 23:40:43.201 [timesheets.TG_4301_Timesheet_Approval] [createTimesheetHiring] - Clicking on order Button
[INFO ] 2023-02-24 23:40:46.285 [timesheets.TG_4301_Timesheet_Approval] [createTimesheetHiring] -  Order Button clicked successfully
