[INFO ] 2023-01-16 12:31:32.457 [company.TG_4463_InvCreationStaffing] [Tag_EndToEndFlowNewOrderHiring] - Started==Starting End To End Flow NewOrderHiring
[INFO ] 2023-01-16 12:31:37.275 [company.TG_4463_InvCreationStaffing] [enterUsername] - Entering new user's first name
[INFO ] 2023-01-16 12:31:38.311 [company.TG_4463_InvCreationStaffing] [enterUsername] - User's first name entered successfully
[INFO ] 2023-01-16 12:31:38.319 [company.TG_4463_InvCreationStaffing] [enterPassword] - Entering new user's last name
[INFO ] 2023-01-16 12:31:38.722 [company.TG_4463_InvCreationStaffing] [enterPassword] - User's last name entered successfully
[INFO ] 2023-01-16 12:31:38.723 [company.TG_4463_InvCreationStaffing] [clickLoginButton] - Clicking on Login Button
[INFO ] 2023-01-16 12:31:39.594 [company.TG_4463_InvCreationStaffing] [clickLoginButton] - Close Pop Up clicked successfully
[INFO ] 2023-01-16 12:31:40.545 [company.TG_4463_InvCreationStaffing] [newOrderHiring] - Clicking on New Order Button
[INFO ] 2023-01-16 12:33:05.145 [company.TG_4463_InvCreationStaffing] [newOrderHiring] - New Order Button clicked successfully
[INFO ] 2023-01-16 12:33:05.153 [company.TG_4463_InvCreationStaffing] [newOrderHiring] - Entering EstDailyHours
[INFO ] 2023-01-16 12:33:15.226 [company.TG_4463_InvCreationStaffing] [newOrderHiring] - EstDailyHours entered successfully
[INFO ] 2023-01-16 12:33:15.227 [company.TG_4463_InvCreationStaffing] [newOrderHiring] - Entering StartDate
[INFO ] 2023-01-16 12:33:21.173 [company.TG_4463_InvCreationStaffing] [newOrderHiring] - StartDate entered successfully
[INFO ] 2023-01-16 12:33:21.179 [company.TG_4463_InvCreationStaffing] [newOrderHiring] - Entering EndDate
[INFO ] 2023-01-16 12:33:32.567 [company.TG_4463_InvCreationStaffing] [newOrderHiring] - EndDate entered successfully
[INFO ] 2023-01-16 12:33:32.570 [company.TG_4463_InvCreationStaffing] [newOrderHiring] - Entering StartTime
[INFO ] 2023-01-16 12:33:33.581 [company.TG_4463_InvCreationStaffing] [newOrderHiring] - StartTime entered successfully
[INFO ] 2023-01-16 12:33:33.582 [company.TG_4463_InvCreationStaffing] [newOrderHiring] - Entering Availability
[INFO ] 2023-01-16 12:33:33.806 [company.TG_4463_InvCreationStaffing] [newOrderHiring] - Availabilit entered successfully
[INFO ] 2023-01-16 12:33:33.807 [company.TG_4463_InvCreationStaffing] [newOrderHiring] - Entering JobSite
[INFO ] 2023-01-16 12:33:40.181 [company.TG_4463_InvCreationStaffing] [newOrderHiring] - JobSite entered successfully
[INFO ] 2023-01-16 12:33:40.182 [company.TG_4463_InvCreationStaffing] [newOrderHiring] - Entering JobTitle
[INFO ] 2023-01-16 12:33:49.702 [company.TG_4463_InvCreationStaffing] [newOrderHiring] - JobTitle entered successfully
[INFO ] 2023-01-16 12:33:49.710 [company.TG_4463_InvCreationStaffing] [newOrderHiring] - Entering No Of Workers
[INFO ] 2023-01-16 12:33:54.972 [company.TG_4463_InvCreationStaffing] [newOrderHiring] - NoOfWorkers entered successfully
[INFO ] 2023-01-16 12:33:54.974 [company.TG_4463_InvCreationStaffing] [newOrderHiring] - Entering ESignature
[INFO ] 2023-01-16 12:33:58.277 [company.TG_4463_InvCreationStaffing] [newOrderHiring] - ESignature entered successfully
[INFO ] 2023-01-16 12:33:58.281 [company.TG_4463_InvCreationStaffing] [newOrderHiring] - clickAgreeContract
[INFO ] 2023-01-16 12:33:58.715 [company.TG_4463_InvCreationStaffing] [newOrderHiring] - clickAgreeContract successfully
[INFO ] 2023-01-16 12:33:58.716 [company.TG_4463_InvCreationStaffing] [newOrderHiring] - clickSaveButton
[INFO ] 2023-01-16 12:33:58.948 [company.TG_4463_InvCreationStaffing] [newOrderHiring] - SaveButton Clicked successfully
[INFO ] 2023-01-16 12:34:07.779 [company.TG_4463_InvCreationStaffing] [newOrderHiring] - Job order link present on the home page clicked
[INFO ] 2023-01-16 12:34:16.059 [company.TG_4463_InvCreationStaffing] [newOrderHiring] - Verify Job Order Id and Email Successfully
[INFO ] 2023-01-16 12:35:02.000 [company.TG_4463_InvCreationStaffing] [Tag_EndToEndFlowNewOrderHiring] - Started==Starting End To End Flow CreateEmployeeFromStaffing
[INFO ] 2023-01-16 12:35:15.392 [company.TG_4463_InvCreationStaffing] [enterUsername] - Entering new user's first name
[INFO ] 2023-01-16 12:35:15.524 [company.TG_4463_InvCreationStaffing] [enterUsername] - User's first name entered successfully
[INFO ] 2023-01-16 12:35:15.525 [company.TG_4463_InvCreationStaffing] [enterPassword] - Entering new user's last name
[INFO ] 2023-01-16 12:35:15.710 [company.TG_4463_InvCreationStaffing] [enterPassword] - User's last name entered successfully
[INFO ] 2023-01-16 12:35:15.710 [company.TG_4463_InvCreationStaffing] [clickLoginButton] - Clicking on Login Button
[INFO ] 2023-01-16 12:35:15.832 [company.TG_4463_InvCreationStaffing] [clickLoginButton] - Close Pop Up clicked successfully
[INFO ] 2023-01-16 12:35:51.726 [company.TG_4463_InvCreationStaffing] [clickAddNewEployeeButton] - Clicking on Add New Employee Button
[INFO ] 2023-01-16 12:35:52.793 [company.TG_4463_InvCreationStaffing] [clickAddNewEployeeButton] - Employee button clicked successfully
[INFO ] 2023-01-16 12:35:57.804 [company.TG_4463_InvCreationStaffing] [enterCompanyName] - Entering Company Name
[INFO ] 2023-01-16 12:35:58.402 [company.TG_4463_InvCreationStaffing] [enterCompanyName] - Company Name entered successfully
[INFO ] 2023-01-16 12:36:00.410 [company.TG_4463_InvCreationStaffing] [enterFirstName] - Entering First Name
[INFO ] 2023-01-16 12:36:00.645 [company.TG_4463_InvCreationStaffing] [enterFirstName] - First Name entered successfully
[INFO ] 2023-01-16 12:36:02.654 [company.TG_4463_InvCreationStaffing] [enterLastName] - Entering Last Name
[INFO ] 2023-01-16 12:36:02.819 [company.TG_4463_InvCreationStaffing] [enterLastName] - Last Name entered successfully
[INFO ] 2023-01-16 12:36:04.825 [company.TG_4463_InvCreationStaffing] [enterDateOfBirthField] - Entering date of birth
[INFO ] 2023-01-16 12:36:06.108 [company.TG_4463_InvCreationStaffing] [enterDateOfBirthField] - Date of birth entered successfully
[INFO ] 2023-01-16 12:36:08.117 [company.TG_4463_InvCreationStaffing] [enterEmail] - Entering email
[INFO ] 2023-01-16 12:36:08.375 [company.TG_4463_InvCreationStaffing] [enterEmail] - Email entered successfully
[INFO ] 2023-01-16 12:36:10.381 [company.TG_4463_InvCreationStaffing] [selectSearchOnMapsCheckbox] - Selecting search on Maps checkbox
[INFO ] 2023-01-16 12:36:12.854 [company.TG_4463_InvCreationStaffing] [selectSearchOnMapsCheckbox] - Search on maps checkbox selected
[INFO ] 2023-01-16 12:36:14.861 [company.TG_4463_InvCreationStaffing] [enterEmployeeAddressOnMaps] - Etering employee address on maps
[INFO ] 2023-01-16 12:36:16.360 [company.TG_4463_InvCreationStaffing] [enterEmployeeAddressOnMaps] - Employee entered successfully
[INFO ] 2023-01-16 12:36:18.370 [company.TG_4463_InvCreationStaffing] [clickSaveButton] - Clicking Save button
[INFO ] 2023-01-16 12:36:18.674 [company.TG_4463_InvCreationStaffing] [clickSaveButton] - Save button clicked successfully
[INFO ] 2023-01-16 12:36:58.687 [company.TG_4463_InvCreationStaffing] [getEmployeeIdFromEmaployeeDetailsPage] - Fetching employee id
[INFO ] 2023-01-16 12:36:58.898 [company.TG_4463_InvCreationStaffing] [getEmployeeIdFromEmaployeeDetailsPage] - Employee id fetched successfully
