[INFO ] 2023-04-05 20:44:42.297 [jobOrder.TG_6129_RepeatOpenOrder] [enterUsername] - Entering new user's first name
[INFO ] 2023-04-05 20:44:43.250 [jobOrder.TG_6129_RepeatOpenOrder] [enterUsername] - User's first name entered successfully
[INFO ] 2023-04-05 20:44:43.251 [jobOrder.TG_6129_RepeatOpenOrder] [enterPassword] - Entering new user's last name
[INFO ] 2023-04-05 20:44:43.471 [jobOrder.TG_6129_RepeatOpenOrder] [enterPassword] - User's last name entered successfully
[INFO ] 2023-04-05 20:44:43.471 [jobOrder.TG_6129_RepeatOpenOrder] [clickLoginButton] - Clicking on Login Button
[INFO ] 2023-04-05 20:44:43.965 [jobOrder.TG_6129_RepeatOpenOrder] [clickLoginButton] - Close Pop Up clicked successfully
[INFO ] 2023-04-05 20:44:46.972 [jobOrder.TG_6129_RepeatOpenOrder] [clickOrdersMenuOnHiringHomePage] - Clicking Order menu present on the Hiring homepage
[INFO ] 2023-04-05 20:44:55.491 [jobOrder.TG_6129_RepeatOpenOrder] [clickOrdersMenuOnHiringHomePage] - Order menu present on the Hiring hompage clicked successfully.
[INFO ] 2023-04-05 20:45:05.504 [jobOrder.TG_6129_RepeatOpenOrder] [clickCompletedOrdersTab] - Clicking on the Completed Orders Tab 
[INFO ] 2023-04-05 20:45:05.769 [jobOrder.TG_6129_RepeatOpenOrder] [clickCompletedOrdersTab] - Completed Tab Clicked Successfully
[INFO ] 2023-04-05 20:45:20.778 [jobOrder.TG_6129_RepeatOpenOrder] [clickCompletedOrder] - Clicking on the Completed Order 
[INFO ] 2023-04-05 20:45:22.986 [jobOrder.TG_6129_RepeatOpenOrder] [clickCompletedOrder] - Completed Order Clicked Successfully
[INFO ] 2023-04-05 20:45:22.988 [jobOrder.TG_6129_RepeatOpenOrder] [getJobSiteText] - Getting Job site text
[INFO ] 2023-04-05 20:45:24.373 [jobOrder.TG_6129_RepeatOpenOrder] [getJobSiteText] - Got the text successfully
[INFO ] 2023-04-05 20:45:24.373 [jobOrder.TG_6129_RepeatOpenOrder] [getJobTitleText] - Getting Job Title text
[INFO ] 2023-04-05 20:45:24.494 [jobOrder.TG_6129_RepeatOpenOrder] [getJobTitleText] - Got the text successfully
[INFO ] 2023-04-05 20:45:24.495 [jobOrder.TG_6129_RepeatOpenOrder] [getJobIndustryText] - Getting Job Industry text
[INFO ] 2023-04-05 20:45:24.623 [jobOrder.TG_6129_RepeatOpenOrder] [getJobIndustryText] - Got the text successfully
[INFO ] 2023-04-05 20:45:24.623 [jobOrder.TG_6129_RepeatOpenOrder] [getEstHoursText] - Getting getEstHoursText
[INFO ] 2023-04-05 20:45:24.760 [jobOrder.TG_6129_RepeatOpenOrder] [getEstHoursText] - Got the text successfully
[INFO ] 2023-04-05 20:45:24.760 [jobOrder.TG_6129_RepeatOpenOrder] [getNoOfWorkers] - Getting Number of Workers
