[INFO ] 2023-03-02 20:47:36.243 [company.TG_3634_NewCompanyCreationFromStaffing] [Tag_VerifyCompanyTypeAndCompanyNameAreAMandatoryFieldsStaffing] - Started==Verifying Company Type  and Company Name are mandatory fields
[INFO ] 2023-03-02 20:47:39.550 [company.TG_3634_NewCompanyCreationFromStaffing] [enterUsername] - Entering new user's first name
[INFO ] 2023-03-02 20:47:41.495 [company.TG_3634_NewCompanyCreationFromStaffing] [enterUsername] - User's first name entered successfully
[INFO ] 2023-03-02 20:47:41.495 [company.TG_3634_NewCompanyCreationFromStaffing] [enterPassword] - Entering new user's last name
[INFO ] 2023-03-02 20:47:41.743 [company.TG_3634_NewCompanyCreationFromStaffing] [enterPassword] - User's last name entered successfully
[INFO ] 2023-03-02 20:47:41.744 [company.TG_3634_NewCompanyCreationFromStaffing] [clickLoginButton] - Clicking on Login Button
[INFO ] 2023-03-02 20:47:42.170 [company.TG_3634_NewCompanyCreationFromStaffing] [clickLoginButton] - Close Pop Up clicked successfully
[INFO ] 2023-03-02 20:47:42.175 [company.TG_3634_NewCompanyCreationFromStaffing] [clickCompanyLinkOnHomePage] - Clicking Company link present on the homepage
[INFO ] 2023-03-02 20:47:57.209 [company.TG_3634_NewCompanyCreationFromStaffing] [clickCompanyLinkOnHomePage] - Company link present on the hompage clicked successfully.
[INFO ] 2023-03-02 20:48:12.232 [company.TG_3634_NewCompanyCreationFromStaffing] [clickAddNewCompanyButton] - Clicking Add New Company button
[INFO ] 2023-03-02 20:48:16.997 [company.TG_3634_NewCompanyCreationFromStaffing] [clickAddNewCompanyButton] - Add New Company button clicked successfully
[INFO ] 2023-03-02 20:48:16.998 [company.TG_3634_NewCompanyCreationFromStaffing] [clickAddNewCompanyButton] - Add New Company button clicked successfully
[INFO ] 2023-03-02 20:48:22.518 [company.TG_3634_NewCompanyCreationFromStaffing] [clickSaveButton] - Clicking Save new company button
[INFO ] 2023-03-02 20:48:27.799 [company.TG_3634_NewCompanyCreationFromStaffing] [clickSaveButton] - Save buttton clicked successfully
[INFO ] 2023-03-02 20:48:32.160 [company.TG_3634_NewCompanyCreationFromStaffing] [Tag_AddNewCompanyStaffing] - Started==TAG Add New Company Functionality
[INFO ] 2023-03-02 20:48:32.162 [company.TG_3634_NewCompanyCreationFromStaffing] [enterCompanytype] - Entering Company Type
[INFO ] 2023-03-02 20:48:32.456 [company.TG_3634_NewCompanyCreationFromStaffing] [enterCompanytype] - Company type entered successfully
[INFO ] 2023-03-02 20:48:37.462 [company.TG_3634_NewCompanyCreationFromStaffing] [enterTagCharges] - Entering Tag Charges
[INFO ] 2023-03-02 20:48:38.714 [company.TG_3634_NewCompanyCreationFromStaffing] [enterTagCharges] - Tag charges entered successfully
[INFO ] 2023-03-02 20:48:38.715 [company.TG_3634_NewCompanyCreationFromStaffing] [enterCompanyName] - Entering Comapany Name
[INFO ] 2023-03-02 20:48:38.900 [company.TG_3634_NewCompanyCreationFromStaffing] [enterCompanyName] - Company Name entered successfully
[INFO ] 2023-03-02 20:48:39.906 [company.TG_3634_NewCompanyCreationFromStaffing] [clickSaveButton] - Clicking Save new company button
[INFO ] 2023-03-02 20:48:45.079 [company.TG_3634_NewCompanyCreationFromStaffing] [clickSaveButton] - Save buttton clicked successfully
[INFO ] 2023-03-02 20:49:05.203 [company.TG_3634_NewCompanyCreationFromStaffing] [verifyNewCompanyCreatedSuccessfully] - Checking new company was created successfully or not
