[INFO ] 2023-03-07 23:39:28.237 [directOrder.TG_5801_DirectOrderFullClaim] [enterUsername] - Entering new user's first name
[INFO ] 2023-03-07 23:39:30.011 [directOrder.TG_5801_DirectOrderFullClaim] [enterUsername] - User's first name entered successfully
[INFO ] 2023-03-07 23:39:30.011 [directOrder.TG_5801_DirectOrderFullClaim] [enterPassword] - Entering new user's last name
[INFO ] 2023-03-07 23:39:30.156 [directOrder.TG_5801_DirectOrderFullClaim] [enterPassword] - User's last name entered successfully
[INFO ] 2023-03-07 23:39:30.156 [directOrder.TG_5801_DirectOrderFullClaim] [clickLoginButton] - Clicking on Login Button
[INFO ] 2023-03-07 23:39:30.686 [directOrder.TG_5801_DirectOrderFullClaim] [clickLoginButton] - Close Pop Up clicked successfully
[INFO ] 2023-03-07 23:39:30.687 [directOrder.TG_5801_DirectOrderFullClaim] [clickStaffingCompanies] - Clicking on Staffing Companies Button
[INFO ] 2023-03-07 23:39:45.564 [directOrder.TG_5801_DirectOrderFullClaim] [clickStaffingCompanies] - Staffing Companies Button clicked successfully
[INFO ] 2023-03-07 23:39:45.567 [directOrder.TG_5801_DirectOrderFullClaim] [verifyStaffingCompanyList] - Verify Staffing Company List is displayed
[INFO ] 2023-03-07 23:39:46.066 [directOrder.TG_5801_DirectOrderFullClaim] [verifyStaffingCompanyList] - Staffing Company List displayed successfully
[INFO ] 2023-03-07 23:39:54.073 [directOrder.TG_5801_DirectOrderFullClaim] [clickHundredFilter] - Clicking on 100 records button
[INFO ] 2023-03-07 23:39:54.299 [directOrder.TG_5801_DirectOrderFullClaim] [clickHundredFilter] - 100 records button clicked Successfully
[INFO ] 2023-03-07 23:39:59.306 [directOrder.TG_5801_DirectOrderFullClaim] [clickStaffingCompanyDirectOrder] - Clicking on Staffing Companies Button
[INFO ] 2023-03-07 23:40:01.029 [directOrder.TG_5801_DirectOrderFullClaim] [clickStaffingCompanyDirectOrder] - Staffing Companies Button clicked successfully
[INFO ] 2023-03-07 23:40:04.041 [directOrder.TG_5801_DirectOrderFullClaim] [clickPlaceOrderButton] - Clicking on Staffing Company
[INFO ] 2023-03-07 23:40:04.226 [directOrder.TG_5801_DirectOrderFullClaim] [clickPlaceOrderButton] - Staffing Company clicked successfully
[INFO ] 2023-03-07 23:40:04.227 [directOrder.TG_5801_DirectOrderFullClaim] [enterEstDailyHours] - Entering EstDailyHours
[INFO ] 2023-03-07 23:40:12.713 [directOrder.TG_5801_DirectOrderFullClaim] [enterEstDailyHours] - EstDailyHours entered successfully
[INFO ] 2023-03-07 23:40:14.720 [directOrder.TG_5801_DirectOrderFullClaim] [enterStartDate] - Entering StartDate
[INFO ] 2023-03-07 23:40:20.124 [directOrder.TG_5801_DirectOrderFullClaim] [enterStartDate] - StartDate entered successfully
[INFO ] 2023-03-07 23:40:22.133 [directOrder.TG_5801_DirectOrderFullClaim] [enterEndDate] - Entering EndDate
[INFO ] 2023-03-07 23:40:27.426 [directOrder.TG_5801_DirectOrderFullClaim] [enterEndDate] - EndDate entered successfully
[INFO ] 2023-03-07 23:40:29.435 [directOrder.TG_5801_DirectOrderFullClaim] [enterStartTime] - Entering StartTime
[INFO ] 2023-03-07 23:40:30.263 [directOrder.TG_5801_DirectOrderFullClaim] [enterStartTime] - StartTime entered successfully
[INFO ] 2023-03-07 23:40:32.272 [directOrder.TG_5801_DirectOrderFullClaim] [enterAvailability] - Entering Availability
[INFO ] 2023-03-07 23:40:32.531 [directOrder.TG_5801_DirectOrderFullClaim] [enterAvailability] - Availabilit entered successfully
[INFO ] 2023-03-07 23:40:32.532 [directOrder.TG_5801_DirectOrderFullClaim] [enterJobSite] - Entering JobSite
[INFO ] 2023-03-07 23:40:36.540 [directOrder.TG_5801_DirectOrderFullClaim] [enterJobSite] - JobSite entered successfully
[INFO ] 2023-03-07 23:40:38.548 [directOrder.TG_5801_DirectOrderFullClaim] [enterJobTitle] - Entering JobTitle
[INFO ] 2023-03-07 23:40:39.507 [directOrder.TG_5801_DirectOrderFullClaim] [enterJobTitle] - JobTitle entered successfully
[INFO ] 2023-03-07 23:40:41.510 [directOrder.TG_5801_DirectOrderFullClaim] [enterNoOfWorker] - Entering No Of Workers
[INFO ] 2023-03-07 23:40:41.629 [directOrder.TG_5801_DirectOrderFullClaim] [enterNoOfWorker] - NoOfWorkers entered successfully
[INFO ] 2023-03-07 23:40:43.636 [directOrder.TG_5801_DirectOrderFullClaim] [enterESignature] - Entering ESignature
[INFO ] 2023-03-07 23:40:43.760 [directOrder.TG_5801_DirectOrderFullClaim] [enterESignature] - ESignature entered successfully
[INFO ] 2023-03-07 23:40:43.761 [directOrder.TG_5801_DirectOrderFullClaim] [clickAgreeContract] - clickAgreeContract
[INFO ] 2023-03-07 23:40:43.929 [directOrder.TG_5801_DirectOrderFullClaim] [clickAgreeContract] - clickAgreeContract successfully
[INFO ] 2023-03-07 23:40:46.935 [directOrder.TG_5801_DirectOrderFullClaim] [VerifyUserRedirectToNewOrderFormViaDirectOrder] - Started==Verifying Job Order Id And Popup that Email Sent Successfully
