[INFO ] 2023-02-10 02:33:22.673 [directOrder.TG_5803_DirectOrderDeny] [VerifyUserRedirectToNewOrderFormViaDirectOrder] - Started==Verifying Confirm Job Order Details
[INFO ] 2023-02-10 02:33:26.246 [directOrder.TG_5803_DirectOrderDeny] [VerifyUserRedirectToNewOrderFormViaDirectOrder] - Entering Username
[INFO ] 2023-02-10 02:33:26.247 [directOrder.TG_5803_DirectOrderDeny] [enterUsername] - Entering new user's first name
[INFO ] 2023-02-10 02:33:27.605 [directOrder.TG_5803_DirectOrderDeny] [enterUsername] - User's first name entered successfully
[INFO ] 2023-02-10 02:33:27.606 [directOrder.TG_5803_DirectOrderDeny] [VerifyUserRedirectToNewOrderFormViaDirectOrder] - Username Entered Successfully
[INFO ] 2023-02-10 02:33:27.606 [directOrder.TG_5803_DirectOrderDeny] [VerifyUserRedirectToNewOrderFormViaDirectOrder] - Entering Password
[INFO ] 2023-02-10 02:33:27.606 [directOrder.TG_5803_DirectOrderDeny] [enterPassword] - Entering new user's last name
[INFO ] 2023-02-10 02:33:27.809 [directOrder.TG_5803_DirectOrderDeny] [enterPassword] - User's last name entered successfully
[INFO ] 2023-02-10 02:33:27.810 [directOrder.TG_5803_DirectOrderDeny] [VerifyUserRedirectToNewOrderFormViaDirectOrder] - Password Entered Successfully
[INFO ] 2023-02-10 02:33:27.810 [directOrder.TG_5803_DirectOrderDeny] [VerifyUserRedirectToNewOrderFormViaDirectOrder] - Clicking on Login Button
[INFO ] 2023-02-10 02:33:27.810 [directOrder.TG_5803_DirectOrderDeny] [clickLoginButton] - Clicking on Login Button
[INFO ] 2023-02-10 02:33:28.230 [directOrder.TG_5803_DirectOrderDeny] [clickLoginButton] - Close Pop Up clicked successfully
[INFO ] 2023-02-10 02:33:28.231 [directOrder.TG_5803_DirectOrderDeny] [VerifyUserRedirectToNewOrderFormViaDirectOrder] - Login Button Clicked Successfully
[INFO ] 2023-02-10 02:33:28.231 [directOrder.TG_5803_DirectOrderDeny] [VerifyUserRedirectToNewOrderFormViaDirectOrder] - Clicking on Staffing Companies
[INFO ] 2023-02-10 02:33:28.231 [directOrder.TG_5803_DirectOrderDeny] [clickStaffingCompanies] - Clicking on Staffing Companies Button
[INFO ] 2023-02-10 02:33:41.506 [directOrder.TG_5803_DirectOrderDeny] [clickStaffingCompanies] - Staffing Companies Button clicked successfully
[INFO ] 2023-02-10 02:33:41.508 [directOrder.TG_5803_DirectOrderDeny] [VerifyUserRedirectToNewOrderFormViaDirectOrder] - Staffing Companies Clickied Successfully
[INFO ] 2023-02-10 02:33:41.508 [directOrder.TG_5803_DirectOrderDeny] [VerifyUserRedirectToNewOrderFormViaDirectOrder] - Verifying Staffing Companies List
[INFO ] 2023-02-10 02:33:41.508 [directOrder.TG_5803_DirectOrderDeny] [verifyStaffingCompanyList] - Verify Staffing Company List is displayed
[INFO ] 2023-02-10 02:33:42.178 [directOrder.TG_5803_DirectOrderDeny] [verifyStaffingCompanyList] - Staffing Company List displayed successfully
[INFO ] 2023-02-10 02:33:42.179 [directOrder.TG_5803_DirectOrderDeny] [VerifyUserRedirectToNewOrderFormViaDirectOrder] - Staffing Companies List verified successfully
[INFO ] 2023-02-10 02:33:47.185 [directOrder.TG_5803_DirectOrderDeny] [VerifyUserRedirectToNewOrderFormViaDirectOrder] - Clicking Staffing Company
[INFO ] 2023-02-10 02:33:47.187 [directOrder.TG_5803_DirectOrderDeny] [clickStaffingCompany] - Clicking on Staffing Company
