[INFO ] 2023-04-13 02:53:44.095 [jobOrder.TG_6129_RepeatOpenOrder] [enterUsername] - Entering new user's first name
[INFO ] 2023-04-13 02:53:46.510 [jobOrder.TG_6129_RepeatOpenOrder] [enterUsername] - User's first name entered successfully
[INFO ] 2023-04-13 02:53:46.513 [jobOrder.TG_6129_RepeatOpenOrder] [enterPassword] - Entering new user's last name
[INFO ] 2023-04-13 02:53:46.851 [jobOrder.TG_6129_RepeatOpenOrder] [enterPassword] - User's last name entered successfully
[INFO ] 2023-04-13 02:53:46.852 [jobOrder.TG_6129_RepeatOpenOrder] [clickLoginButton] - Clicking on Login Button
[INFO ] 2023-04-13 02:53:47.768 [jobOrder.TG_6129_RepeatOpenOrder] [clickLoginButton] - Close Pop Up clicked successfully
[INFO ] 2023-04-13 02:53:50.779 [jobOrder.TG_6129_RepeatOpenOrder] [clickOrdersMenuOnHiringHomePage] - Clicking Order menu present on the Hiring homepage
[INFO ] 2023-04-13 02:54:01.978 [jobOrder.TG_6129_RepeatOpenOrder] [clickOrdersMenuOnHiringHomePage] - Order menu present on the Hiring hompage clicked successfully.
[INFO ] 2023-04-13 02:54:11.986 [jobOrder.TG_6129_RepeatOpenOrder] [clickCompletedOrdersTab] - Clicking on the Completed Orders Tab 
[INFO ] 2023-04-13 02:54:12.433 [jobOrder.TG_6129_RepeatOpenOrder] [clickCompletedOrdersTab] - Completed Tab Clicked Successfully
[INFO ] 2023-04-13 02:54:27.447 [jobOrder.TG_6129_RepeatOpenOrder] [clickCompletedOrder] - Clicking on the Completed Order 
[INFO ] 2023-04-13 02:54:29.700 [jobOrder.TG_6129_RepeatOpenOrder] [clickCompletedOrder] - Completed Order Clicked Successfully
[INFO ] 2023-04-13 02:54:29.701 [jobOrder.TG_6129_RepeatOpenOrder] [getJobSiteText] - Getting Job site text
[INFO ] 2023-04-13 02:54:31.888 [jobOrder.TG_6129_RepeatOpenOrder] [getJobSiteText] - Got the text successfully
[INFO ] 2023-04-13 02:54:31.889 [jobOrder.TG_6129_RepeatOpenOrder] [getJobTitleText] - Getting Job Title text
[INFO ] 2023-04-13 02:54:32.008 [jobOrder.TG_6129_RepeatOpenOrder] [getJobTitleText] - Got the text successfully
[INFO ] 2023-04-13 02:54:32.009 [jobOrder.TG_6129_RepeatOpenOrder] [getJobIndustryText] - Getting Job Industry text
[INFO ] 2023-04-13 02:54:32.147 [jobOrder.TG_6129_RepeatOpenOrder] [getJobIndustryText] - Got the text successfully
[INFO ] 2023-04-13 02:54:32.148 [jobOrder.TG_6129_RepeatOpenOrder] [getESignature] - Getting ESignature Value
[INFO ] 2023-04-13 02:54:32.256 [jobOrder.TG_6129_RepeatOpenOrder] [getESignature] - Got the text successfully
[INFO ] 2023-04-13 02:54:34.264 [jobOrder.TG_6129_RepeatOpenOrder] [clickRepeatOrderButton] - Clicking on the Repeat Order Button
[INFO ] 2023-04-13 02:54:34.643 [jobOrder.TG_6129_RepeatOpenOrder] [clickRepeatOrderButton] - Repeat Order Button Clicked Successfully
[INFO ] 2023-04-13 02:54:34.643 [jobOrder.TG_6129_RepeatOpenOrder] [clickOpenOrderCheckbox] - Clicking on the Open Order Checkbox
[INFO ] 2023-04-13 02:54:35.060 [jobOrder.TG_6129_RepeatOpenOrder] [clickOpenOrderCheckbox] - Open Order Checkbox Clicked Successfully
[INFO ] 2023-04-13 02:54:35.061 [jobOrder.TG_6129_RepeatOpenOrder] [clickProceedButton] - Clicking on the Proceed Button
[INFO ] 2023-04-13 02:54:35.537 [jobOrder.TG_6129_RepeatOpenOrder] [clickProceedButton] - Proceed Button Clicked Successfully
[INFO ] 2023-04-13 02:54:35.538 [jobOrder.TG_6129_RepeatOpenOrder] [verifyJobSiteTextIsPresent] - Verifying same Job Site present
[INFO ] 2023-04-13 02:54:35.871 [jobOrder.TG_6129_RepeatOpenOrder] [verifyJobSiteTextIsPresent] - Same job site is present
[INFO ] 2023-04-13 02:54:35.877 [jobOrder.TG_6129_RepeatOpenOrder] [verifyJobTitleTextIsPresent] - Verifying same Job Title present
[INFO ] 2023-04-13 02:54:36.039 [jobOrder.TG_6129_RepeatOpenOrder] [verifyJobTitleTextIsPresent] - Same job Title is present
[INFO ] 2023-04-13 02:54:36.039 [jobOrder.TG_6129_RepeatOpenOrder] [verifyJobIndustryTextIsPresent] - Verifying same Job Industry present
[INFO ] 2023-04-13 02:54:36.100 [jobOrder.TG_6129_RepeatOpenOrder] [verifyJobIndustryTextIsPresent] - Same job Industry is present
[INFO ] 2023-04-13 02:54:36.101 [jobOrder.TG_6129_RepeatOpenOrder] [verifyESignatureTextIsPresent] - Verifying same Esignature present
[INFO ] 2023-04-13 02:54:36.149 [jobOrder.TG_6129_RepeatOpenOrder] [verifyESignatureTextIsPresent] - Same Esignature is present
[INFO ] 2023-04-13 02:54:40.156 [jobOrder.TG_6129_RepeatOpenOrder] [enterStartDate] - Entering StartDate
[INFO ] 2023-04-13 02:54:45.529 [jobOrder.TG_6129_RepeatOpenOrder] [enterStartDate] - StartDate entered successfully
[INFO ] 2023-04-13 02:54:47.538 [jobOrder.TG_6129_RepeatOpenOrder] [enterEndDate] - Entering EndDate
[INFO ] 2023-04-13 02:54:52.879 [jobOrder.TG_6129_RepeatOpenOrder] [enterEndDate] - EndDate entered successfully
[INFO ] 2023-04-13 02:54:54.890 [jobOrder.TG_6129_RepeatOpenOrder] [enterAvailability] - Entering Availability
[INFO ] 2023-04-13 02:54:55.289 [jobOrder.TG_6129_RepeatOpenOrder] [enterAvailability] - Availabilit entered successfully
[INFO ] 2023-04-13 02:55:11.072 [jobOrder.TG_6129_RepeatOpenOrder] [getTextHiringId] - Job order link present on the home page clicked
[INFO ] 2023-04-13 02:55:20.461 [jobOrder.TG_6129_RepeatOpenOrder] [getTextHiringId] - Verify Job Order Id and Email Successfully
[INFO ] 2023-04-13 02:55:35.528 [jobOrder.TG_6129_RepeatOpenOrder] [enterUsername] - Entering new user's first name
[INFO ] 2023-04-13 02:55:35.700 [jobOrder.TG_6129_RepeatOpenOrder] [enterUsername] - User's first name entered successfully
[INFO ] 2023-04-13 02:55:35.701 [jobOrder.TG_6129_RepeatOpenOrder] [enterPassword] - Entering new user's last name
[INFO ] 2023-04-13 02:55:35.889 [jobOrder.TG_6129_RepeatOpenOrder] [enterPassword] - User's last name entered successfully
[INFO ] 2023-04-13 02:55:35.890 [jobOrder.TG_6129_RepeatOpenOrder] [clickLoginButton] - Clicking on Login Button
[INFO ] 2023-04-13 02:55:36.496 [jobOrder.TG_6129_RepeatOpenOrder] [clickLoginButton] - Close Pop Up clicked successfully
[INFO ] 2023-04-13 02:55:36.498 [jobOrder.TG_6129_RepeatOpenOrder] [clickJobOrderHomePage] - Clicking Job orders menu present on the staffing homepage navigates to joborder listing form 
[INFO ] 2023-04-13 02:55:46.986 [jobOrder.TG_6129_RepeatOpenOrder] [clickJobOrderHomePage] - All job orders menu present on the staffing hompage clicked successfully and navigates to joborder listing form  .
[INFO ] 2023-04-13 02:55:49.023 [jobOrder.TG_6129_RepeatOpenOrder] [verifyJobOrderPage] - Job order form is displayed
[INFO ] 2023-04-13 02:55:49.514 [jobOrder.TG_6129_RepeatOpenOrder] [verifyJobOrderPage] - Job orderform is displayed successfully
[INFO ] 2023-04-13 02:55:59.556 [jobOrder.TG_6129_RepeatOpenOrder] [selectParticularJobOrderFromListing] - Selecting Particular Joborder on the listing
[INFO ] 2023-04-13 02:56:10.408 [jobOrder.TG_6129_RepeatOpenOrder] [selectParticularJobOrderFromListing] - Particular Joborder on the listing selected successfully
[INFO ] 2023-04-13 02:56:36.962 [jobOrder.TG_6129_RepeatOpenOrder] [enterUsername] - Entering new user's first name
[INFO ] 2023-04-13 02:56:37.326 [jobOrder.TG_6129_RepeatOpenOrder] [enterUsername] - User's first name entered successfully
[INFO ] 2023-04-13 02:56:37.327 [jobOrder.TG_6129_RepeatOpenOrder] [enterPassword] - Entering new user's last name
[INFO ] 2023-04-13 02:56:37.596 [jobOrder.TG_6129_RepeatOpenOrder] [enterPassword] - User's last name entered successfully
[INFO ] 2023-04-13 02:56:37.597 [jobOrder.TG_6129_RepeatOpenOrder] [clickLoginButton] - Clicking on Login Button
[INFO ] 2023-04-13 02:56:37.968 [jobOrder.TG_6129_RepeatOpenOrder] [clickLoginButton] - Close Pop Up clicked successfully
[INFO ] 2023-04-13 02:56:44.977 [jobOrder.TG_6129_RepeatOpenOrder] [clickOrdersMenuOnHiringHomePage] - Clicking Order menu present on the Hiring homepage
[INFO ] 2023-04-13 02:56:45.709 [jobOrder.TG_6129_RepeatOpenOrder] [clickOrdersMenuOnHiringHomePage] - Order menu present on the Hiring hompage clicked successfully.
[INFO ] 2023-04-13 02:57:04.004 [jobOrder.TG_6129_RepeatOpenOrder] [clickDeleteJobOrderButton] - Clicking on delete button present on Job Order detials page
[INFO ] 2023-04-13 02:57:04.137 [jobOrder.TG_6129_RepeatOpenOrder] [clickDeleteJobOrderButton] - Delete button present on Job Order detials page clicked
[INFO ] 2023-04-13 02:57:07.407 [jobOrder.TG_6129_RepeatOpenOrder] [clickAcceptDeleteJobOrderRequestButton] - Clicking on confirm deletion button
[INFO ] 2023-04-13 02:57:07.532 [jobOrder.TG_6129_RepeatOpenOrder] [clickAcceptDeleteJobOrderRequestButton] - Confirm deletion button clicked
[INFO ] 2023-04-13 02:57:07.532 [jobOrder.TG_6129_RepeatOpenOrder] [verifyJobOrderDeleted] - Verifying that job order deleted via pop-up
[INFO ] 2023-04-13 02:57:08.041 [jobOrder.TG_6129_RepeatOpenOrder] [verifyJobOrderDeleted] - Verified that order deleted successfully
[DEBUG] 2023-04-13 02:57:08.622 [freemarker.cache] [debug] - Couldn't find template in cache for "spark/spark.spa.ftl"("en_IN", UTF-8, parsed); will try to load it.
[DEBUG] 2023-04-13 02:57:08.626 [freemarker.cache] [debug] - TemplateLoader.findTemplateSource("spark/spark.spa_en_IN.ftl"): Not found
[DEBUG] 2023-04-13 02:57:08.628 [freemarker.cache] [debug] - TemplateLoader.findTemplateSource("spark/spark.spa_en.ftl"): Not found
[DEBUG] 2023-04-13 02:57:08.629 [freemarker.cache] [debug] - TemplateLoader.findTemplateSource("spark/spark.spa.ftl"): Found
[DEBUG] 2023-04-13 02:57:08.629 [freemarker.cache] [debug] - Loading template for "spark/spark.spa.ftl"("en_IN", UTF-8, parsed) from "jar:file:/Users/amandeep.singh/.m2/repository/com/aventstack/extentreports/5.0.7/extentreports-5.0.7.jar!/com/aventstack/extentreports/templates/spark/spark.spa.ftl"
[DEBUG] 2023-04-13 02:57:08.689 [freemarker.cache] [debug] - Couldn't find template in cache for "commons/commons-variables.ftl"("en_IN", UTF-8, parsed); will try to load it.
[DEBUG] 2023-04-13 02:57:08.689 [freemarker.cache] [debug] - TemplateLoader.findTemplateSource("commons/commons-variables_en_IN.ftl"): Not found
[DEBUG] 2023-04-13 02:57:08.690 [freemarker.cache] [debug] - TemplateLoader.findTemplateSource("commons/commons-variables_en.ftl"): Not found
[DEBUG] 2023-04-13 02:57:08.692 [freemarker.cache] [debug] - TemplateLoader.findTemplateSource("commons/commons-variables.ftl"): Found
[DEBUG] 2023-04-13 02:57:08.692 [freemarker.cache] [debug] - Loading template for "commons/commons-variables.ftl"("en_IN", UTF-8, parsed) from "jar:file:/Users/amandeep.singh/.m2/repository/com/aventstack/extentreports/5.0.7/extentreports-5.0.7.jar!/com/aventstack/extentreports/templates/commons/commons-variables.ftl"
[DEBUG] 2023-04-13 02:57:08.827 [freemarker.cache] [debug] - Couldn't find template in cache for "commons/commons-macros.ftl"("en_IN", UTF-8, parsed); will try to load it.
[DEBUG] 2023-04-13 02:57:08.829 [freemarker.cache] [debug] - TemplateLoader.findTemplateSource("commons/commons-macros_en_IN.ftl"): Not found
[DEBUG] 2023-04-13 02:57:08.830 [freemarker.cache] [debug] - TemplateLoader.findTemplateSource("commons/commons-macros_en.ftl"): Not found
[DEBUG] 2023-04-13 02:57:08.832 [freemarker.cache] [debug] - TemplateLoader.findTemplateSource("commons/commons-macros.ftl"): Found
[DEBUG] 2023-04-13 02:57:08.833 [freemarker.cache] [debug] - Loading template for "commons/commons-macros.ftl"("en_IN", UTF-8, parsed) from "jar:file:/Users/amandeep.singh/.m2/repository/com/aventstack/extentreports/5.0.7/extentreports-5.0.7.jar!/com/aventstack/extentreports/templates/commons/commons-macros.ftl"
[DEBUG] 2023-04-13 02:57:08.847 [freemarker.cache] [debug] - Couldn't find template in cache for "spark/macros/attributes.ftl"("en_IN", UTF-8, parsed); will try to load it.
[DEBUG] 2023-04-13 02:57:08.849 [freemarker.cache] [debug] - TemplateLoader.findTemplateSource("spark/macros/attributes_en_IN.ftl"): Not found
[DEBUG] 2023-04-13 02:57:08.849 [freemarker.cache] [debug] - TemplateLoader.findTemplateSource("spark/macros/attributes_en.ftl"): Not found
[DEBUG] 2023-04-13 02:57:08.851 [freemarker.cache] [debug] - TemplateLoader.findTemplateSource("spark/macros/attributes.ftl"): Found
[DEBUG] 2023-04-13 02:57:08.851 [freemarker.cache] [debug] - Loading template for "spark/macros/attributes.ftl"("en_IN", UTF-8, parsed) from "jar:file:/Users/amandeep.singh/.m2/repository/com/aventstack/extentreports/5.0.7/extentreports-5.0.7.jar!/com/aventstack/extentreports/templates/spark/macros/attributes.ftl"
[DEBUG] 2023-04-13 02:57:08.853 [freemarker.cache] [debug] - Couldn't find template in cache for "spark/macros/log.ftl"("en_IN", UTF-8, parsed); will try to load it.
[DEBUG] 2023-04-13 02:57:08.854 [freemarker.cache] [debug] - TemplateLoader.findTemplateSource("spark/macros/log_en_IN.ftl"): Not found
[DEBUG] 2023-04-13 02:57:08.855 [freemarker.cache] [debug] - TemplateLoader.findTemplateSource("spark/macros/log_en.ftl"): Not found
[DEBUG] 2023-04-13 02:57:08.855 [freemarker.cache] [debug] - TemplateLoader.findTemplateSource("spark/macros/log.ftl"): Found
[DEBUG] 2023-04-13 02:57:08.855 [freemarker.cache] [debug] - Loading template for "spark/macros/log.ftl"("en_IN", UTF-8, parsed) from "jar:file:/Users/amandeep.singh/.m2/repository/com/aventstack/extentreports/5.0.7/extentreports-5.0.7.jar!/com/aventstack/extentreports/templates/spark/macros/log.ftl"
[DEBUG] 2023-04-13 02:57:08.857 [freemarker.cache] [debug] - Couldn't find template in cache for "spark/macros/recurse_nodes.ftl"("en_IN", UTF-8, parsed); will try to load it.
[DEBUG] 2023-04-13 02:57:08.858 [freemarker.cache] [debug] - TemplateLoader.findTemplateSource("spark/macros/recurse_nodes_en_IN.ftl"): Not found
[DEBUG] 2023-04-13 02:57:08.858 [freemarker.cache] [debug] - TemplateLoader.findTemplateSource("spark/macros/recurse_nodes_en.ftl"): Not found
[DEBUG] 2023-04-13 02:57:08.858 [freemarker.cache] [debug] - TemplateLoader.findTemplateSource("spark/macros/recurse_nodes.ftl"): Found
[DEBUG] 2023-04-13 02:57:08.858 [freemarker.cache] [debug] - Loading template for "spark/macros/recurse_nodes.ftl"("en_IN", UTF-8, parsed) from "jar:file:/Users/amandeep.singh/.m2/repository/com/aventstack/extentreports/5.0.7/extentreports-5.0.7.jar!/com/aventstack/extentreports/templates/spark/macros/recurse_nodes.ftl"
[DEBUG] 2023-04-13 02:57:08.861 [freemarker.cache] [debug] - "spark/macros/log.ftl"("en_IN", UTF-8, parsed) cached copy not yet stale; using cached.
[DEBUG] 2023-04-13 02:57:08.861 [freemarker.cache] [debug] - Couldn't find template in cache for "spark/macros/attr-common.ftl"("en_IN", UTF-8, parsed); will try to load it.
[DEBUG] 2023-04-13 02:57:08.861 [freemarker.cache] [debug] - TemplateLoader.findTemplateSource("spark/macros/attr-common_en_IN.ftl"): Not found
[DEBUG] 2023-04-13 02:57:08.861 [freemarker.cache] [debug] - TemplateLoader.findTemplateSource("spark/macros/attr-common_en.ftl"): Not found
[DEBUG] 2023-04-13 02:57:08.862 [freemarker.cache] [debug] - TemplateLoader.findTemplateSource("spark/macros/attr-common.ftl"): Found
[DEBUG] 2023-04-13 02:57:08.862 [freemarker.cache] [debug] - Loading template for "spark/macros/attr-common.ftl"("en_IN", UTF-8, parsed) from "jar:file:/Users/amandeep.singh/.m2/repository/com/aventstack/extentreports/5.0.7/extentreports-5.0.7.jar!/com/aventstack/extentreports/templates/spark/macros/attr-common.ftl"
[DEBUG] 2023-04-13 02:57:08.877 [freemarker.cache] [debug] - Couldn't find template in cache for "spark/partials/head.ftl"("en_IN", UTF-8, parsed); will try to load it.
[DEBUG] 2023-04-13 02:57:08.880 [freemarker.cache] [debug] - TemplateLoader.findTemplateSource("spark/partials/head_en_IN.ftl"): Not found
[DEBUG] 2023-04-13 02:57:08.880 [freemarker.cache] [debug] - TemplateLoader.findTemplateSource("spark/partials/head_en.ftl"): Not found
[DEBUG] 2023-04-13 02:57:08.881 [freemarker.cache] [debug] - TemplateLoader.findTemplateSource("spark/partials/head.ftl"): Found
[DEBUG] 2023-04-13 02:57:08.881 [freemarker.cache] [debug] - Loading template for "spark/partials/head.ftl"("en_IN", UTF-8, parsed) from "jar:file:/Users/amandeep.singh/.m2/repository/com/aventstack/extentreports/5.0.7/extentreports-5.0.7.jar!/com/aventstack/extentreports/templates/spark/partials/head.ftl"
[DEBUG] 2023-04-13 02:57:08.889 [freemarker.cache] [debug] - Couldn't find template in cache for "commons/commons-inject-css.ftl"("en_IN", UTF-8, parsed); will try to load it.
[DEBUG] 2023-04-13 02:57:08.890 [freemarker.cache] [debug] - TemplateLoader.findTemplateSource("commons/commons-inject-css_en_IN.ftl"): Not found
[DEBUG] 2023-04-13 02:57:08.890 [freemarker.cache] [debug] - TemplateLoader.findTemplateSource("commons/commons-inject-css_en.ftl"): Not found
[DEBUG] 2023-04-13 02:57:08.891 [freemarker.cache] [debug] - TemplateLoader.findTemplateSource("commons/commons-inject-css.ftl"): Found
[DEBUG] 2023-04-13 02:57:08.891 [freemarker.cache] [debug] - Loading template for "commons/commons-inject-css.ftl"("en_IN", UTF-8, parsed) from "jar:file:/Users/amandeep.singh/.m2/repository/com/aventstack/extentreports/5.0.7/extentreports-5.0.7.jar!/com/aventstack/extentreports/templates/commons/commons-inject-css.ftl"
[DEBUG] 2023-04-13 02:57:08.893 [freemarker.cache] [debug] - Couldn't find template in cache for "spark/partials/navbar.ftl"("en_IN", UTF-8, parsed); will try to load it.
[DEBUG] 2023-04-13 02:57:08.894 [freemarker.cache] [debug] - TemplateLoader.findTemplateSource("spark/partials/navbar_en_IN.ftl"): Not found
[DEBUG] 2023-04-13 02:57:08.894 [freemarker.cache] [debug] - TemplateLoader.findTemplateSource("spark/partials/navbar_en.ftl"): Not found
[DEBUG] 2023-04-13 02:57:08.895 [freemarker.cache] [debug] - TemplateLoader.findTemplateSource("spark/partials/navbar.ftl"): Found
[DEBUG] 2023-04-13 02:57:08.895 [freemarker.cache] [debug] - Loading template for "spark/partials/navbar.ftl"("en_IN", UTF-8, parsed) from "jar:file:/Users/amandeep.singh/.m2/repository/com/aventstack/extentreports/5.0.7/extentreports-5.0.7.jar!/com/aventstack/extentreports/templates/spark/partials/navbar.ftl"
[DEBUG] 2023-04-13 02:57:08.905 [freemarker.cache] [debug] - Couldn't find template in cache for "spark/partials/sidenav.ftl"("en_IN", UTF-8, parsed); will try to load it.
[DEBUG] 2023-04-13 02:57:08.906 [freemarker.cache] [debug] - TemplateLoader.findTemplateSource("spark/partials/sidenav_en_IN.ftl"): Not found
[DEBUG] 2023-04-13 02:57:08.906 [freemarker.cache] [debug] - TemplateLoader.findTemplateSource("spark/partials/sidenav_en.ftl"): Not found
[DEBUG] 2023-04-13 02:57:08.906 [freemarker.cache] [debug] - TemplateLoader.findTemplateSource("spark/partials/sidenav.ftl"): Found
[DEBUG] 2023-04-13 02:57:08.906 [freemarker.cache] [debug] - Loading template for "spark/partials/sidenav.ftl"("en_IN", UTF-8, parsed) from "jar:file:/Users/amandeep.singh/.m2/repository/com/aventstack/extentreports/5.0.7/extentreports-5.0.7.jar!/com/aventstack/extentreports/templates/spark/partials/sidenav.ftl"
[DEBUG] 2023-04-13 02:57:08.921 [freemarker.cache] [debug] - Couldn't find template in cache for "spark/partials/dashboard.ftl"("en_IN", UTF-8, parsed); will try to load it.
[DEBUG] 2023-04-13 02:57:08.922 [freemarker.cache] [debug] - TemplateLoader.findTemplateSource("spark/partials/dashboard_en_IN.ftl"): Not found
[DEBUG] 2023-04-13 02:57:08.922 [freemarker.cache] [debug] - TemplateLoader.findTemplateSource("spark/partials/dashboard_en.ftl"): Not found
[DEBUG] 2023-04-13 02:57:08.922 [freemarker.cache] [debug] - TemplateLoader.findTemplateSource("spark/partials/dashboard.ftl"): Found
[DEBUG] 2023-04-13 02:57:08.924 [freemarker.cache] [debug] - Loading template for "spark/partials/dashboard.ftl"("en_IN", UTF-8, parsed) from "jar:file:/Users/amandeep.singh/.m2/repository/com/aventstack/extentreports/5.0.7/extentreports-5.0.7.jar!/com/aventstack/extentreports/templates/spark/partials/dashboard.ftl"
[DEBUG] 2023-04-13 02:57:09.017 [freemarker.cache] [debug] - Couldn't find template in cache for "spark/partials/category.ftl"("en_IN", UTF-8, parsed); will try to load it.
[DEBUG] 2023-04-13 02:57:09.021 [freemarker.cache] [debug] - TemplateLoader.findTemplateSource("spark/partials/category_en_IN.ftl"): Not found
[DEBUG] 2023-04-13 02:57:09.021 [freemarker.cache] [debug] - TemplateLoader.findTemplateSource("spark/partials/category_en.ftl"): Not found
[DEBUG] 2023-04-13 02:57:09.022 [freemarker.cache] [debug] - TemplateLoader.findTemplateSource("spark/partials/category.ftl"): Found
[DEBUG] 2023-04-13 02:57:09.022 [freemarker.cache] [debug] - Loading template for "spark/partials/category.ftl"("en_IN", UTF-8, parsed) from "jar:file:/Users/amandeep.singh/.m2/repository/com/aventstack/extentreports/5.0.7/extentreports-5.0.7.jar!/com/aventstack/extentreports/templates/spark/partials/category.ftl"
[DEBUG] 2023-04-13 02:57:09.028 [freemarker.cache] [debug] - Couldn't find template in cache for "spark/partials/test.ftl"("en_IN", UTF-8, parsed); will try to load it.
[DEBUG] 2023-04-13 02:57:09.029 [freemarker.cache] [debug] - TemplateLoader.findTemplateSource("spark/partials/test_en_IN.ftl"): Not found
[DEBUG] 2023-04-13 02:57:09.029 [freemarker.cache] [debug] - TemplateLoader.findTemplateSource("spark/partials/test_en.ftl"): Not found
[DEBUG] 2023-04-13 02:57:09.029 [freemarker.cache] [debug] - TemplateLoader.findTemplateSource("spark/partials/test.ftl"): Found
[DEBUG] 2023-04-13 02:57:09.031 [freemarker.cache] [debug] - Loading template for "spark/partials/test.ftl"("en_IN", UTF-8, parsed) from "jar:file:/Users/amandeep.singh/.m2/repository/com/aventstack/extentreports/5.0.7/extentreports-5.0.7.jar!/com/aventstack/extentreports/templates/spark/partials/test.ftl"
[DEBUG] 2023-04-13 02:57:09.049 [freemarker.cache] [debug] - Couldn't find template in cache for "spark/partials/standard-content.ftl"("en_IN", UTF-8, parsed); will try to load it.
[DEBUG] 2023-04-13 02:57:09.050 [freemarker.cache] [debug] - TemplateLoader.findTemplateSource("spark/partials/standard-content_en_IN.ftl"): Not found
[DEBUG] 2023-04-13 02:57:09.051 [freemarker.cache] [debug] - TemplateLoader.findTemplateSource("spark/partials/standard-content_en.ftl"): Not found
[DEBUG] 2023-04-13 02:57:09.051 [freemarker.cache] [debug] - TemplateLoader.findTemplateSource("spark/partials/standard-content.ftl"): Found
[DEBUG] 2023-04-13 02:57:09.053 [freemarker.cache] [debug] - Loading template for "spark/partials/standard-content.ftl"("en_IN", UTF-8, parsed) from "jar:file:/Users/amandeep.singh/.m2/repository/com/aventstack/extentreports/5.0.7/extentreports-5.0.7.jar!/com/aventstack/extentreports/templates/spark/partials/standard-content.ftl"
[DEBUG] 2023-04-13 02:57:09.085 [freemarker.cache] [debug] - Couldn't find template in cache for "spark/partials/scripts.ftl"("en_IN", UTF-8, parsed); will try to load it.
[DEBUG] 2023-04-13 02:57:09.086 [freemarker.cache] [debug] - TemplateLoader.findTemplateSource("spark/partials/scripts_en_IN.ftl"): Not found
[DEBUG] 2023-04-13 02:57:09.086 [freemarker.cache] [debug] - TemplateLoader.findTemplateSource("spark/partials/scripts_en.ftl"): Not found
[DEBUG] 2023-04-13 02:57:09.087 [freemarker.cache] [debug] - TemplateLoader.findTemplateSource("spark/partials/scripts.ftl"): Found
[DEBUG] 2023-04-13 02:57:09.087 [freemarker.cache] [debug] - Loading template for "spark/partials/scripts.ftl"("en_IN", UTF-8, parsed) from "jar:file:/Users/amandeep.singh/.m2/repository/com/aventstack/extentreports/5.0.7/extentreports-5.0.7.jar!/com/aventstack/extentreports/templates/spark/partials/scripts.ftl"
[DEBUG] 2023-04-13 02:57:09.094 [freemarker.cache] [debug] - Couldn't find template in cache for "commons/commons-inject-js.ftl"("en_IN", UTF-8, parsed); will try to load it.
[DEBUG] 2023-04-13 02:57:09.094 [freemarker.cache] [debug] - TemplateLoader.findTemplateSource("commons/commons-inject-js_en_IN.ftl"): Not found
[DEBUG] 2023-04-13 02:57:09.095 [freemarker.cache] [debug] - TemplateLoader.findTemplateSource("commons/commons-inject-js_en.ftl"): Not found
[DEBUG] 2023-04-13 02:57:09.095 [freemarker.cache] [debug] - TemplateLoader.findTemplateSource("commons/commons-inject-js.ftl"): Found
[DEBUG] 2023-04-13 02:57:09.095 [freemarker.cache] [debug] - Loading template for "commons/commons-inject-js.ftl"("en_IN", UTF-8, parsed) from "jar:file:/Users/amandeep.singh/.m2/repository/com/aventstack/extentreports/5.0.7/extentreports-5.0.7.jar!/com/aventstack/extentreports/templates/commons/commons-inject-js.ftl"
