[INFO ] 2023-02-11 17:59:57.427 [directOrder.TG_5802_DirectOrderParialClaim] [VerifyUserRedirectToNewOrderFormViaDirectOrder] - Started==Verifying Confirm Job Order Details
[INFO ] 2023-02-11 18:00:01.259 [directOrder.TG_5802_DirectOrderParialClaim] [VerifyUserRedirectToNewOrderFormViaDirectOrder] - Entering Username
[INFO ] 2023-02-11 18:00:01.260 [directOrder.TG_5802_DirectOrderParialClaim] [enterUsername] - Entering new user's first name
[INFO ] 2023-02-11 18:00:02.630 [directOrder.TG_5802_DirectOrderParialClaim] [enterUsername] - User's first name entered successfully
[INFO ] 2023-02-11 18:00:02.631 [directOrder.TG_5802_DirectOrderParialClaim] [VerifyUserRedirectToNewOrderFormViaDirectOrder] - Username Entered Successfully
[INFO ] 2023-02-11 18:00:02.631 [directOrder.TG_5802_DirectOrderParialClaim] [VerifyUserRedirectToNewOrderFormViaDirectOrder] - Entering Password
[INFO ] 2023-02-11 18:00:02.631 [directOrder.TG_5802_DirectOrderParialClaim] [enterPassword] - Entering new user's last name
[INFO ] 2023-02-11 18:00:02.912 [directOrder.TG_5802_DirectOrderParialClaim] [enterPassword] - User's last name entered successfully
[INFO ] 2023-02-11 18:00:02.912 [directOrder.TG_5802_DirectOrderParialClaim] [VerifyUserRedirectToNewOrderFormViaDirectOrder] - Password Entered Successfully
[INFO ] 2023-02-11 18:00:02.912 [directOrder.TG_5802_DirectOrderParialClaim] [VerifyUserRedirectToNewOrderFormViaDirectOrder] - Clicking on Login Button
[INFO ] 2023-02-11 18:00:02.912 [directOrder.TG_5802_DirectOrderParialClaim] [clickLoginButton] - Clicking on Login Button
[INFO ] 2023-02-11 18:00:03.325 [directOrder.TG_5802_DirectOrderParialClaim] [clickLoginButton] - Close Pop Up clicked successfully
[INFO ] 2023-02-11 18:00:03.326 [directOrder.TG_5802_DirectOrderParialClaim] [VerifyUserRedirectToNewOrderFormViaDirectOrder] - Login Button Clicked Successfully
[INFO ] 2023-02-11 18:00:03.326 [directOrder.TG_5802_DirectOrderParialClaim] [VerifyUserRedirectToNewOrderFormViaDirectOrder] - Clicking on Staffing Companies
[INFO ] 2023-02-11 18:00:03.326 [directOrder.TG_5802_DirectOrderParialClaim] [clickStaffingCompanies] - Clicking on Staffing Companies Button
[INFO ] 2023-02-11 18:00:11.159 [directOrder.TG_5802_DirectOrderParialClaim] [clickStaffingCompanies] - Staffing Companies Button clicked successfully
[INFO ] 2023-02-11 18:00:11.160 [directOrder.TG_5802_DirectOrderParialClaim] [VerifyUserRedirectToNewOrderFormViaDirectOrder] - Staffing Companies Clickied Successfully
[INFO ] 2023-02-11 18:00:11.160 [directOrder.TG_5802_DirectOrderParialClaim] [VerifyUserRedirectToNewOrderFormViaDirectOrder] - Verifying Staffing Companies List
[INFO ] 2023-02-11 18:00:11.160 [directOrder.TG_5802_DirectOrderParialClaim] [verifyStaffingCompanyList] - Verify Staffing Company List is displayed
[INFO ] 2023-02-11 18:00:17.208 [directOrder.TG_5802_DirectOrderParialClaim] [verifyStaffingCompanyList] - Staffing Company List displayed successfully
[INFO ] 2023-02-11 18:00:17.210 [directOrder.TG_5802_DirectOrderParialClaim] [VerifyUserRedirectToNewOrderFormViaDirectOrder] - Staffing Companies List verified successfully
[INFO ] 2023-02-11 18:00:25.214 [directOrder.TG_5802_DirectOrderParialClaim] [clickHunderedFilter] - Clicking on 100 records button
[INFO ] 2023-02-11 18:00:25.547 [directOrder.TG_5802_DirectOrderParialClaim] [clickHunderedFilter] - 100 records button clicked Successfully
[INFO ] 2023-02-11 18:00:30.560 [directOrder.TG_5802_DirectOrderParialClaim] [VerifyUserRedirectToNewOrderFormViaDirectOrder] - Clicking Staffing Company
[INFO ] 2023-02-11 18:00:30.563 [directOrder.TG_5802_DirectOrderParialClaim] [clickStaffingCompanyDirectOrder] - Clicking on Staffing Companies Button
[INFO ] 2023-02-11 18:00:32.074 [directOrder.TG_5802_DirectOrderParialClaim] [clickStaffingCompanyDirectOrder] - Staffing Companies Button clicked successfully
[INFO ] 2023-02-11 18:00:32.074 [directOrder.TG_5802_DirectOrderParialClaim] [VerifyUserRedirectToNewOrderFormViaDirectOrder] - Staffing Company Clickied Successfully
[INFO ] 2023-02-11 18:00:35.096 [directOrder.TG_5802_DirectOrderParialClaim] [VerifyUserRedirectToNewOrderFormViaDirectOrder] - Clicking on Place Order Button
[INFO ] 2023-02-11 18:00:35.102 [directOrder.TG_5802_DirectOrderParialClaim] [clickPlaceOrderButton] - Clicking on Staffing Company
[INFO ] 2023-02-11 18:00:35.306 [directOrder.TG_5802_DirectOrderParialClaim] [clickPlaceOrderButton] - Staffing Company clicked successfully
[INFO ] 2023-02-11 18:00:35.306 [directOrder.TG_5802_DirectOrderParialClaim] [VerifyUserRedirectToNewOrderFormViaDirectOrder] - Place Order Button Clickied Successfully
[INFO ] 2023-02-11 18:00:35.391 [directOrder.TG_5802_DirectOrderParialClaim] [Tag_VerifyConfirmJobOrderDetails] - Started==Starting End To End Flow NewOrderHiring
[INFO ] 2023-02-11 18:00:35.391 [directOrder.TG_5802_DirectOrderParialClaim] [enterEstDailyHours] - Entering EstDailyHours
[INFO ] 2023-02-11 18:00:43.975 [directOrder.TG_5802_DirectOrderParialClaim] [enterEstDailyHours] - EstDailyHours entered successfully
[INFO ] 2023-02-11 18:00:45.982 [directOrder.TG_5802_DirectOrderParialClaim] [enterStartDate] - Entering StartDate
[INFO ] 2023-02-11 18:00:51.548 [directOrder.TG_5802_DirectOrderParialClaim] [enterStartDate] - StartDate entered successfully
[INFO ] 2023-02-11 18:00:53.556 [directOrder.TG_5802_DirectOrderParialClaim] [enterEndDate] - Entering EndDate
[INFO ] 2023-02-11 18:00:58.967 [directOrder.TG_5802_DirectOrderParialClaim] [enterEndDate] - EndDate entered successfully
[INFO ] 2023-02-11 18:01:00.982 [directOrder.TG_5802_DirectOrderParialClaim] [enterStartTime] - Entering StartTime
[INFO ] 2023-02-11 18:01:01.913 [directOrder.TG_5802_DirectOrderParialClaim] [enterStartTime] - StartTime entered successfully
[INFO ] 2023-02-11 18:01:03.920 [directOrder.TG_5802_DirectOrderParialClaim] [enterAvailability] - Entering Availability
[INFO ] 2023-02-11 18:01:04.678 [directOrder.TG_5802_DirectOrderParialClaim] [enterAvailability] - Availabilit entered successfully
[INFO ] 2023-02-11 18:01:04.679 [directOrder.TG_5802_DirectOrderParialClaim] [enterJobSite] - Entering JobSite
[INFO ] 2023-02-11 18:01:08.924 [directOrder.TG_5802_DirectOrderParialClaim] [enterJobSite] - JobSite entered successfully
[INFO ] 2023-02-11 18:01:10.930 [directOrder.TG_5802_DirectOrderParialClaim] [enterJobTitle] - Entering JobTitle
[INFO ] 2023-02-11 18:01:11.939 [directOrder.TG_5802_DirectOrderParialClaim] [enterJobTitle] - JobTitle entered successfully
[INFO ] 2023-02-11 18:01:13.944 [directOrder.TG_5802_DirectOrderParialClaim] [enterNoOfWorker] - Entering No Of Workers
[INFO ] 2023-02-11 18:01:14.064 [directOrder.TG_5802_DirectOrderParialClaim] [enterNoOfWorker] - NoOfWorkers entered successfully
[INFO ] 2023-02-11 18:01:16.070 [directOrder.TG_5802_DirectOrderParialClaim] [enterESignature] - Entering ESignature
[INFO ] 2023-02-11 18:01:16.217 [directOrder.TG_5802_DirectOrderParialClaim] [enterESignature] - ESignature entered successfully
[INFO ] 2023-02-11 18:01:16.218 [directOrder.TG_5802_DirectOrderParialClaim] [clickAgreeContract] - clickAgreeContract
[INFO ] 2023-02-11 18:01:16.364 [directOrder.TG_5802_DirectOrderParialClaim] [clickAgreeContract] - clickAgreeContract successfully
[INFO ] 2023-02-11 18:01:19.439 [directOrder.TG_5802_DirectOrderParialClaim] [Tag_VerifyJobOrderIdAndPopupEmailSentSuccessfully] - Started==Verifying Job Order Id And Popup that Email Sent Successfully
[INFO ] 2023-02-11 18:01:41.226 [directOrder.TG_5802_DirectOrderParialClaim] [getTextHiringId] - Job order link present on the home page clicked
[INFO ] 2023-02-11 18:01:49.615 [directOrder.TG_5802_DirectOrderParialClaim] [getTextHiringId] - Verify Job Order Id and Email Successfully
[INFO ] 2023-02-11 18:02:03.265 [directOrder.TG_5802_DirectOrderParialClaim] [TG_3869_VerifyUserclicksJobOrderItNavigatestoJobOrderForm] - Entering Username
[INFO ] 2023-02-11 18:02:03.268 [directOrder.TG_5802_DirectOrderParialClaim] [enterUsername] - Entering new user's first name
[INFO ] 2023-02-11 18:02:03.364 [directOrder.TG_5802_DirectOrderParialClaim] [enterUsername] - User's first name entered successfully
[INFO ] 2023-02-11 18:02:03.365 [directOrder.TG_5802_DirectOrderParialClaim] [TG_3869_VerifyUserclicksJobOrderItNavigatestoJobOrderForm] - Username Entered Successfully
[INFO ] 2023-02-11 18:02:03.365 [directOrder.TG_5802_DirectOrderParialClaim] [TG_3869_VerifyUserclicksJobOrderItNavigatestoJobOrderForm] - Entering Password
[INFO ] 2023-02-11 18:02:03.365 [directOrder.TG_5802_DirectOrderParialClaim] [enterPassword] - Entering new user's last name
[INFO ] 2023-02-11 18:02:03.518 [directOrder.TG_5802_DirectOrderParialClaim] [enterPassword] - User's last name entered successfully
[INFO ] 2023-02-11 18:02:03.519 [directOrder.TG_5802_DirectOrderParialClaim] [TG_3869_VerifyUserclicksJobOrderItNavigatestoJobOrderForm] - Password Entered Successfully
[INFO ] 2023-02-11 18:02:03.519 [directOrder.TG_5802_DirectOrderParialClaim] [TG_3869_VerifyUserclicksJobOrderItNavigatestoJobOrderForm] - Clicking on Login Button
[INFO ] 2023-02-11 18:02:03.519 [directOrder.TG_5802_DirectOrderParialClaim] [clickLoginButton] - Clicking on Login Button
[INFO ] 2023-02-11 18:02:03.691 [directOrder.TG_5802_DirectOrderParialClaim] [clickLoginButton] - Close Pop Up clicked successfully
[INFO ] 2023-02-11 18:02:03.692 [directOrder.TG_5802_DirectOrderParialClaim] [TG_3869_VerifyUserclicksJobOrderItNavigatestoJobOrderForm] - Login Button Clicked Successfully
[INFO ] 2023-02-11 18:02:06.699 [directOrder.TG_5802_DirectOrderParialClaim] [TG_3869_VerifyUserclicksJobOrderItNavigatestoJobOrderForm] - Clicking on Notifications Icon
[INFO ] 2023-02-11 18:02:06.702 [directOrder.TG_5802_DirectOrderParialClaim] [clickNotificationIcon] - Clicking on Notifications
[INFO ] 2023-02-11 18:02:09.289 [directOrder.TG_5802_DirectOrderParialClaim] [clickNotificationIcon] - Notifications clicked successfully
[INFO ] 2023-02-11 18:02:09.290 [directOrder.TG_5802_DirectOrderParialClaim] [TG_3869_VerifyUserclicksJobOrderItNavigatestoJobOrderForm] - Notifications Icon Clicked Successfully
[INFO ] 2023-02-11 18:02:11.296 [directOrder.TG_5802_DirectOrderParialClaim] [TG_3869_VerifyUserclicksJobOrderItNavigatestoJobOrderForm] - Verifying Notification Text
[INFO ] 2023-02-11 18:02:11.298 [directOrder.TG_5802_DirectOrderParialClaim] [verifyNotificationText] - Verify Direct Order Text in Notification
[INFO ] 2023-02-11 18:02:11.399 [directOrder.TG_5802_DirectOrderParialClaim] [verifyNotificationText] - Direct Order Text in Notification displayed successfully
[INFO ] 2023-02-11 18:02:11.409 [directOrder.TG_5802_DirectOrderParialClaim] [TG_3869_VerifyUserclicksJobOrderItNavigatestoJobOrderForm] - Notification Text Clicked Successfully
[INFO ] 2023-02-11 18:02:11.410 [directOrder.TG_5802_DirectOrderParialClaim] [clickJobOrderHomePage] - Clicking Job orders menu present on the staffing homepage navigates to joborder listing form 
[INFO ] 2023-02-11 18:02:14.945 [directOrder.TG_5802_DirectOrderParialClaim] [clickJobOrderHomePage] - All job orders menu present on the staffing hompage clicked successfully and navigates to joborder listing form  .
[INFO ] 2023-02-11 18:02:16.954 [directOrder.TG_5802_DirectOrderParialClaim] [verifyJobOrderPage] - Job order form is displayed
[INFO ] 2023-02-11 18:02:17.045 [directOrder.TG_5802_DirectOrderParialClaim] [verifyJobOrderPage] - Job orderform is displayed successfully
[INFO ] 2023-02-11 18:02:27.055 [directOrder.TG_5802_DirectOrderParialClaim] [selectParticularJobOrderFromListing] - Selecting Particular Joborder on the listing
[INFO ] 2023-02-11 18:02:37.237 [directOrder.TG_5802_DirectOrderParialClaim] [selectParticularJobOrderFromListing] - Particular Joborder on the listing selected successfully
[INFO ] 2023-02-11 18:02:42.262 [directOrder.TG_5802_DirectOrderParialClaim] [clickOrdersMenuOnStaffingHomePage] - Clicking Order menu present on the staffing homepage
[INFO ] 2023-02-11 18:02:42.446 [directOrder.TG_5802_DirectOrderParialClaim] [clickOrdersMenuOnStaffingHomePage] - Order menu present on the staffing hompage clicked successfully.
[INFO ] 2023-02-11 18:02:44.453 [directOrder.TG_5802_DirectOrderParialClaim] [clickDirectOrderNav] - Clicking on Direct Orders
[INFO ] 2023-02-11 18:02:46.089 [directOrder.TG_5802_DirectOrderParialClaim] [clickDirectOrderNav] - Direct orders clicked successfully
[INFO ] 2023-02-11 18:02:48.098 [directOrder.TG_5802_DirectOrderParialClaim] [selectParticularJobOrderFromListing] - Selecting Particular Joborder on the listing
[INFO ] 2023-02-11 18:03:00.942 [directOrder.TG_5802_DirectOrderParialClaim] [selectParticularJobOrderFromListing] - Particular Joborder on the listing selected successfully
[INFO ] 2023-02-11 18:03:06.003 [directOrder.TG_5802_DirectOrderParialClaim] [clickClaimOrderButton] - Clicking on Claim order Button
[INFO ] 2023-02-11 18:03:17.728 [directOrder.TG_5802_DirectOrderParialClaim] [clickClaimOrderButton] - Claim order button clicked successfully
[INFO ] 2023-02-11 18:03:19.744 [directOrder.TG_5802_DirectOrderParialClaim] [enterNoOfEmployeesClaim] - Entering the No. of Employees Claim
[INFO ] 2023-02-11 18:03:21.599 [directOrder.TG_5802_DirectOrderParialClaim] [enterNoOfEmployeesClaim] - No. of Employees Claim entered successfully
[INFO ] 2023-02-11 18:03:23.603 [directOrder.TG_5802_DirectOrderParialClaim] [enterESignature] - Entering the E-Signature
[INFO ] 2023-02-11 18:03:23.804 [directOrder.TG_5802_DirectOrderParialClaim] [enterESignature] - E-Signature entered successfully
[INFO ] 2023-02-11 18:03:25.811 [directOrder.TG_5802_DirectOrderParialClaim] [clickAgreeContract] - Clicking on Agree to Contract Button
[INFO ] 2023-02-11 18:03:25.975 [directOrder.TG_5802_DirectOrderParialClaim] [clickAgreeContract] - Agree to Contract Button clicked successfully
[INFO ] 2023-02-11 18:03:27.984 [directOrder.TG_5802_DirectOrderParialClaim] [clickSubmitClaim] - Clicking on Submit Claim Button
[INFO ] 2023-02-11 18:03:28.106 [directOrder.TG_5802_DirectOrderParialClaim] [clickSubmitClaim] - Submit Claim Button clicked successfully
[INFO ] 2023-02-11 18:04:28.115 [directOrder.TG_5802_DirectOrderParialClaim] [TG_5786_Partial_Claim] - Verify Auto Approve Text
[INFO ] 2023-02-11 18:04:38.128 [directOrder.TG_5802_DirectOrderParialClaim] [autoApproveText] - Verify Auto Approve Text
