[INFO ] 2023-01-30 23:51:55.978 [company.TG_4355_EmployeeOnboarding] [enterUsername] - Entering new user's first name
[INFO ] 2023-01-30 23:51:57.481 [company.TG_4355_EmployeeOnboarding] [enterUsername] - User's first name entered successfully
[INFO ] 2023-01-30 23:51:57.483 [company.TG_4355_EmployeeOnboarding] [enterPassword] - Entering new user's last name
[INFO ] 2023-01-30 23:51:57.759 [company.TG_4355_EmployeeOnboarding] [enterPassword] - User's last name entered successfully
[INFO ] 2023-01-30 23:51:57.760 [company.TG_4355_EmployeeOnboarding] [clickLoginButton] - Clicking on Login Button
[INFO ] 2023-01-30 23:51:58.335 [company.TG_4355_EmployeeOnboarding] [clickLoginButton] - Close Pop Up clicked successfully
[INFO ] 2023-01-30 23:52:01.369 [company.TG_4355_EmployeeOnboarding] [clickATSMenuOnStaffingHomePage] - Clicking Order menu present on the staffing homepage
[INFO ] 2023-01-30 23:52:12.847 [company.TG_4355_EmployeeOnboarding] [clickATSMenuOnStaffingHomePage] - ATS menu present on the staffing hompage clicked successfully.
[INFO ] 2023-01-30 23:52:12.849 [company.TG_4355_EmployeeOnboarding] [verifyOnboardingMenuOnStaffingHomePage] - Verify Order menu present on the staffing homepage
[INFO ] 2023-01-30 23:52:13.091 [company.TG_4355_EmployeeOnboarding] [verifyOnboardingMenuOnStaffingHomePage] - onboardingMenu displayed successfully.
[INFO ] 2023-01-30 23:52:13.100 [company.TG_4355_EmployeeOnboarding] [verifySetUpMenuOnStaffingHomePage] - Verify setup menu present on the staffing homepage
[INFO ] 2023-01-30 23:52:13.146 [company.TG_4355_EmployeeOnboarding] [verifySetUpMenuOnStaffingHomePage] - Setup menu displayed successfully.
[INFO ] 2023-01-30 23:52:13.230 [company.TG_4355_EmployeeOnboarding] [clickOnboardingMenuOnStaffingHomePage] - Clicking Onboarding menu present on the staffing homepage
[INFO ] 2023-01-30 23:52:14.958 [company.TG_4355_EmployeeOnboarding] [clickOnboardingMenuOnStaffingHomePage] - Onboarding menu present on the staffing hompage clicked successfully.
[INFO ] 2023-01-30 23:52:16.966 [company.TG_4355_EmployeeOnboarding] [verifyEmployeeOnboardingTitle] - Verify EmployeeOnboardingTitle on the employee-onboarding page
[INFO ] 2023-01-30 23:52:17.041 [company.TG_4355_EmployeeOnboarding] [verifyEmployeeOnboardingTitle] - EmployeeOnboardingTitle menu displayed successfully.
[INFO ] 2023-01-30 23:52:19.076 [company.TG_4355_EmployeeOnboarding] [clickAddEmployeeOnboarding] - Clicking AddEmployeeOnboarding present on the  employee-onboarding page
[INFO ] 2023-01-30 23:52:19.957 [company.TG_4355_EmployeeOnboarding] [clickAddEmployeeOnboarding] - Add Employee Onboarding button clicked successfully.
[INFO ] 2023-01-30 23:52:19.958 [company.TG_4355_EmployeeOnboarding] [verifyNewEmployeeOnboardingTitle] - Verify New Employee Onboarding Title while clicking add Employee Onboarding Button
[INFO ] 2023-01-30 23:52:20.262 [company.TG_4355_EmployeeOnboarding] [verifyNewEmployeeOnboardingTitle] - New Employee Onboarding Title displayed while clicking add Employee Onboarding Button successfully.
[INFO ] 2023-01-30 23:52:20.299 [company.TG_4355_EmployeeOnboarding] [clickSaveButton] - Clicking save button on New Employee Onboarding form
[INFO ] 2023-01-30 23:52:23.561 [company.TG_4355_EmployeeOnboarding] [clickSaveButton] - Save button clicked successfully
[INFO ] 2023-01-30 23:52:23.565 [company.TG_4355_EmployeeOnboarding] [verifyMissingFieldPopUp] - Verify Missing field dialog while clicking save Button
[INFO ] 2023-01-30 23:52:24.267 [company.TG_4355_EmployeeOnboarding] [verifyMissingFieldPopUp] - Missing field dialog displayed while clicking save Button successfully.
[INFO ] 2023-01-30 23:52:24.267 [company.TG_4355_EmployeeOnboarding] [clickCloseButtonMissingFieldPopUp] - Clicking close button on New Employee Onboarding form
[INFO ] 2023-01-30 23:52:27.434 [company.TG_4355_EmployeeOnboarding] [clickCloseButtonMissingFieldPopUp] - CLose button clicked successfully
[INFO ] 2023-01-30 23:52:27.470 [company.TG_4355_EmployeeOnboarding] [verifyFirstNameIsVisible] - Checking first name feild is Visible
[INFO ] 2023-01-30 23:52:27.636 [company.TG_4355_EmployeeOnboarding] [verifyFirstNameIsVisible] - First name is displayed successfully
[INFO ] 2023-01-30 23:52:27.637 [company.TG_4355_EmployeeOnboarding] [clickSaveButton] - Clicking save button on New Employee Onboarding form
[INFO ] 2023-01-30 23:52:30.952 [company.TG_4355_EmployeeOnboarding] [clickSaveButton] - Save button clicked successfully
[INFO ] 2023-01-30 23:52:32.960 [company.TG_4355_EmployeeOnboarding] [verifyMissingFieldPopUp] - Verify Missing field dialog while clicking save Button
[INFO ] 2023-01-30 23:52:33.077 [company.TG_4355_EmployeeOnboarding] [verifyMissingFieldPopUp] - Missing field dialog displayed while clicking save Button successfully.
[INFO ] 2023-01-30 23:52:33.078 [company.TG_4355_EmployeeOnboarding] [verifyMissingFieldPopUp] - Verify Missing field dialog while clicking save Button
[INFO ] 2023-01-30 23:52:33.115 [company.TG_4355_EmployeeOnboarding] [verifyMissingFieldPopUp] - Missing field dialog displayed while clicking save Button successfully.
[INFO ] 2023-01-30 23:52:33.116 [company.TG_4355_EmployeeOnboarding] [clickCloseButtonMissingFieldPopUp] - Clicking close button on New Employee Onboarding form
[INFO ] 2023-01-30 23:52:36.315 [company.TG_4355_EmployeeOnboarding] [clickCloseButtonMissingFieldPopUp] - CLose button clicked successfully
[INFO ] 2023-01-30 23:52:36.317 [company.TG_4355_EmployeeOnboarding] [enterFirstName] - Entering new user's first name
[INFO ] 2023-01-30 23:52:36.641 [company.TG_4355_EmployeeOnboarding] [enterFirstName] - User's first name entered successfully
[INFO ] 2023-01-30 23:52:39.680 [company.TG_4355_EmployeeOnboarding] [verifyLastNameIsVisible] - Checking last name feild is Visible
[INFO ] 2023-01-30 23:52:39.771 [company.TG_4355_EmployeeOnboarding] [verifyLastNameIsVisible] - last name is displayed successfully
[INFO ] 2023-01-30 23:52:39.773 [company.TG_4355_EmployeeOnboarding] [clickSaveButton] - Clicking save button on New Employee Onboarding form
[INFO ] 2023-01-30 23:52:42.902 [company.TG_4355_EmployeeOnboarding] [clickSaveButton] - Save button clicked successfully
[INFO ] 2023-01-30 23:52:44.908 [company.TG_4355_EmployeeOnboarding] [verifyMissingFieldPopUp] - Verify Missing field dialog while clicking save Button
[INFO ] 2023-01-30 23:52:44.983 [company.TG_4355_EmployeeOnboarding] [verifyMissingFieldPopUp] - Missing field dialog displayed while clicking save Button successfully.
[INFO ] 2023-01-30 23:52:44.983 [company.TG_4355_EmployeeOnboarding] [verifyMissingFieldPopUp] - Verify Missing field dialog while clicking save Button
[INFO ] 2023-01-30 23:52:45.037 [company.TG_4355_EmployeeOnboarding] [verifyMissingFieldPopUp] - Missing field dialog displayed while clicking save Button successfully.
[INFO ] 2023-01-30 23:52:45.037 [company.TG_4355_EmployeeOnboarding] [clickCloseButtonMissingFieldPopUp] - Clicking close button on New Employee Onboarding form
[INFO ] 2023-01-30 23:52:48.121 [company.TG_4355_EmployeeOnboarding] [clickCloseButtonMissingFieldPopUp] - CLose button clicked successfully
[INFO ] 2023-01-30 23:52:48.122 [company.TG_4355_EmployeeOnboarding] [enterLastName] - Entering new user's Last name
[INFO ] 2023-01-30 23:52:48.508 [company.TG_4355_EmployeeOnboarding] [enterLastName] - User's last name entered successfully
[INFO ] 2023-01-30 23:52:51.539 [company.TG_4355_EmployeeOnboarding] [verifyEmailVisible] - Checking email is Visible
[INFO ] 2023-01-30 23:52:51.615 [company.TG_4355_EmployeeOnboarding] [verifyEmailVisible] - email is displayed successfully
[INFO ] 2023-01-30 23:52:51.615 [company.TG_4355_EmployeeOnboarding] [clickSaveButton] - Clicking save button on New Employee Onboarding form
[INFO ] 2023-01-30 23:52:54.894 [company.TG_4355_EmployeeOnboarding] [clickSaveButton] - Save button clicked successfully
[INFO ] 2023-01-30 23:52:56.904 [company.TG_4355_EmployeeOnboarding] [verifyMissingFieldPopUp] - Verify Missing field dialog while clicking save Button
[INFO ] 2023-01-30 23:52:57.078 [company.TG_4355_EmployeeOnboarding] [verifyMissingFieldPopUp] - Missing field dialog displayed while clicking save Button successfully.
[INFO ] 2023-01-30 23:52:57.079 [company.TG_4355_EmployeeOnboarding] [verifyMissingFieldPopUp] - Verify Missing field dialog while clicking save Button
[INFO ] 2023-01-30 23:52:57.122 [company.TG_4355_EmployeeOnboarding] [verifyMissingFieldPopUp] - Missing field dialog displayed while clicking save Button successfully.
[INFO ] 2023-01-30 23:52:57.123 [company.TG_4355_EmployeeOnboarding] [clickCloseButtonMissingFieldPopUp] - Clicking close button on New Employee Onboarding form
[INFO ] 2023-01-30 23:53:00.412 [company.TG_4355_EmployeeOnboarding] [clickCloseButtonMissingFieldPopUp] - CLose button clicked successfully
[INFO ] 2023-01-30 23:53:00.416 [company.TG_4355_EmployeeOnboarding] [enterEmail] - Entering new email
[INFO ] 2023-01-30 23:53:01.217 [company.TG_4355_EmployeeOnboarding] [enterEmail] - email entered successfully
[INFO ] 2023-01-30 23:53:04.261 [company.TG_4355_EmployeeOnboarding] [clickSaveButton] - Clicking save button on New Employee Onboarding form
[INFO ] 2023-01-30 23:53:07.700 [company.TG_4355_EmployeeOnboarding] [clickSaveButton] - Save button clicked successfully
[INFO ] 2023-01-30 23:53:09.707 [company.TG_4355_EmployeeOnboarding] [verifyMissingFieldPopUp] - Verify Missing field dialog while clicking save Button
[INFO ] 2023-01-30 23:53:09.827 [company.TG_4355_EmployeeOnboarding] [verifyMissingFieldPopUp] - Missing field dialog displayed while clicking save Button successfully.
[INFO ] 2023-01-30 23:53:09.828 [company.TG_4355_EmployeeOnboarding] [verifyMissingFieldPopUp] - Verify Missing field dialog while clicking save Button
[INFO ] 2023-01-30 23:53:09.859 [company.TG_4355_EmployeeOnboarding] [verifyMissingFieldPopUp] - Missing field dialog displayed while clicking save Button successfully.
[INFO ] 2023-01-30 23:53:09.860 [company.TG_4355_EmployeeOnboarding] [clickCloseButtonMissingFieldPopUp] - Clicking close button on New Employee Onboarding form
[INFO ] 2023-01-30 23:53:13.061 [company.TG_4355_EmployeeOnboarding] [clickCloseButtonMissingFieldPopUp] - CLose button clicked successfully
[INFO ] 2023-01-30 23:53:13.067 [company.TG_4355_EmployeeOnboarding] [enterEmployeeOnboardingTemplateValue] - Entering 
[INFO ] 2023-01-30 23:53:13.825 [company.TG_4355_EmployeeOnboarding] [enterEmployeeOnboardingTemplateValue] - entered successfully
[INFO ] 2023-01-30 23:53:16.847 [company.TG_4355_EmployeeOnboarding] [enterDateOfBirth] - Entering DOb in  new EmployeeOnborading page
[INFO ] 2023-01-30 23:53:22.495 [company.TG_4355_EmployeeOnboarding] [enterDateOfBirth] - Entered DOb in  new EmployeeOnborading page successfully
[INFO ] 2023-01-30 23:53:22.497 [company.TG_4355_EmployeeOnboarding] [verifyBirthYearErrorMessage] - Verify birth year error message 
[INFO ] 2023-01-30 23:53:23.090 [company.TG_4355_EmployeeOnboarding] [verifyBirthYearErrorMessage] - Birth year error message verified successfully.
[INFO ] 2023-01-30 23:53:23.092 [company.TG_4355_EmployeeOnboarding] [clickCloseIcon] - Clicking on Close Icon
[INFO ] 2023-01-30 23:53:26.282 [company.TG_4355_EmployeeOnboarding] [clickCloseIcon] - Close Icon clicked successfully
[INFO ] 2023-01-30 23:53:26.284 [company.TG_4355_EmployeeOnboarding] [enterDateOfBirth] - Entering DOb in  new EmployeeOnborading page
[INFO ] 2023-01-30 23:53:31.787 [company.TG_4355_EmployeeOnboarding] [enterDateOfBirth] - Entered DOb in  new EmployeeOnborading page successfully
[INFO ] 2023-01-30 23:53:34.847 [company.TG_4355_EmployeeOnboarding] [clickSaveButton] - Clicking save button on New Employee Onboarding form
[INFO ] 2023-01-30 23:53:38.046 [company.TG_4355_EmployeeOnboarding] [clickSaveButton] - Save button clicked successfully
[INFO ] 2023-01-30 23:53:41.058 [company.TG_4355_EmployeeOnboarding] [verifyDraftStatusOnForm] - verify clicking Save button moved to Draft Status on form
[INFO ] 2023-01-30 23:53:44.231 [company.TG_4355_EmployeeOnboarding] [verifyDraftStatusOnForm] - verified clicking Save button moved to Draft Status on form successfully
[INFO ] 2023-01-30 23:53:47.272 [company.TG_4355_EmployeeOnboarding] [verifySubmitButtonOnForm] - verify clicking Submit button on Employee Onboarding form
[INFO ] 2023-01-30 23:53:47.351 [company.TG_4355_EmployeeOnboarding] [verifySubmitButtonOnForm] - verified clicking on Submit button on Employee Onboarding form successfully
[INFO ] 2023-01-30 23:53:47.351 [company.TG_4355_EmployeeOnboarding] [clickSubmitButton] - Clicking save button on New Employee Onboarding form
[INFO ] 2023-01-30 23:53:47.427 [company.TG_4355_EmployeeOnboarding] [clickSubmitButton] - Save button clicked successfully
[INFO ] 2023-01-30 23:53:50.441 [company.TG_4355_EmployeeOnboarding] [clickModalConfirmYesButton] - Clicking yes button on confirm modal Employee Onboarding form
[INFO ] 2023-01-30 23:53:50.587 [company.TG_4355_EmployeeOnboarding] [clickModalConfirmYesButton] - Yes button on confirm modal clicked successfully
[INFO ] 2023-01-30 23:53:53.596 [company.TG_4355_EmployeeOnboarding] [verifySubmittedStatusOnForm] - verify clicking submit button moved to submitted Status on form
[INFO ] 2023-01-30 23:53:56.782 [company.TG_4355_EmployeeOnboarding] [verifySubmittedStatusOnForm] - verified clicking submit button moved to submitted Status on form successfully
[INFO ] 2023-01-30 23:53:59.814 [company.TG_4355_EmployeeOnboarding] [enterData1] - Entering Job Applicant List in the search box
[INFO ] 2023-01-30 23:54:00.369 [company.TG_4355_EmployeeOnboarding] [enterData1] - Entered Job Applicant List in the search box successfully
[INFO ] 2023-01-30 23:54:00.371 [company.TG_4355_EmployeeOnboarding] [clickSearchBox] - Searching Job Applicant List having the Status as Accepted
