[INFO ] 2023-02-02 14:59:57.550 [directOrder.TG_5802_DirectOrderParialClaim] [VerifyUserRedirectToNewOrderFormViaDirectOrder] - Started==Verifying Confirm Job Order Details
[INFO ] 2023-02-02 15:00:01.586 [directOrder.TG_5802_DirectOrderParialClaim] [VerifyUserRedirectToNewOrderFormViaDirectOrder] - Entering Username
[INFO ] 2023-02-02 15:00:01.588 [directOrder.TG_5802_DirectOrderParialClaim] [enterUsername] - Entering new user's first name
[INFO ] 2023-02-02 15:00:02.510 [directOrder.TG_5802_DirectOrderParialClaim] [enterUsername] - User's first name entered successfully
[INFO ] 2023-02-02 15:00:02.511 [directOrder.TG_5802_DirectOrderParialClaim] [VerifyUserRedirectToNewOrderFormViaDirectOrder] - Username Entered Successfully
[INFO ] 2023-02-02 15:00:02.511 [directOrder.TG_5802_DirectOrderParialClaim] [VerifyUserRedirectToNewOrderFormViaDirectOrder] - Entering Password
[INFO ] 2023-02-02 15:00:02.511 [directOrder.TG_5802_DirectOrderParialClaim] [enterPassword] - Entering new user's last name
[INFO ] 2023-02-02 15:00:02.702 [directOrder.TG_5802_DirectOrderParialClaim] [enterPassword] - User's last name entered successfully
[INFO ] 2023-02-02 15:00:02.702 [directOrder.TG_5802_DirectOrderParialClaim] [VerifyUserRedirectToNewOrderFormViaDirectOrder] - Password Entered Successfully
[INFO ] 2023-02-02 15:00:02.702 [directOrder.TG_5802_DirectOrderParialClaim] [VerifyUserRedirectToNewOrderFormViaDirectOrder] - Clicking on Login Button
[INFO ] 2023-02-02 15:00:02.702 [directOrder.TG_5802_DirectOrderParialClaim] [clickLoginButton] - Clicking on Login Button
[INFO ] 2023-02-02 15:00:03.094 [directOrder.TG_5802_DirectOrderParialClaim] [clickLoginButton] - Close Pop Up clicked successfully
[INFO ] 2023-02-02 15:00:03.095 [directOrder.TG_5802_DirectOrderParialClaim] [VerifyUserRedirectToNewOrderFormViaDirectOrder] - Login Button Clicked Successfully
[INFO ] 2023-02-02 15:00:03.095 [directOrder.TG_5802_DirectOrderParialClaim] [VerifyUserRedirectToNewOrderFormViaDirectOrder] - Clicking on Staffing Companies
[INFO ] 2023-02-02 15:00:03.095 [directOrder.TG_5802_DirectOrderParialClaim] [clickStaffingCompanies] - Clicking on Staffing Companies Button
[INFO ] 2023-02-02 15:00:14.256 [directOrder.TG_5802_DirectOrderParialClaim] [clickStaffingCompanies] - Staffing Companies Button clicked successfully
[INFO ] 2023-02-02 15:00:14.264 [directOrder.TG_5802_DirectOrderParialClaim] [VerifyUserRedirectToNewOrderFormViaDirectOrder] - Staffing Companies Clickied Successfully
[INFO ] 2023-02-02 15:00:14.264 [directOrder.TG_5802_DirectOrderParialClaim] [VerifyUserRedirectToNewOrderFormViaDirectOrder] - Verifying Staffing Companies List
[INFO ] 2023-02-02 15:00:14.264 [directOrder.TG_5802_DirectOrderParialClaim] [verifyStaffingCompanyList] - Verify Staffing Company List is displayed
[INFO ] 2023-02-02 15:00:19.953 [directOrder.TG_5802_DirectOrderParialClaim] [verifyStaffingCompanyList] - Staffing Company List displayed successfully
[INFO ] 2023-02-02 15:00:19.954 [directOrder.TG_5802_DirectOrderParialClaim] [VerifyUserRedirectToNewOrderFormViaDirectOrder] - Staffing Companies List verified successfully
[INFO ] 2023-02-02 15:00:24.961 [directOrder.TG_5802_DirectOrderParialClaim] [VerifyUserRedirectToNewOrderFormViaDirectOrder] - Clicking Staffing Company
[INFO ] 2023-02-02 15:00:24.963 [directOrder.TG_5802_DirectOrderParialClaim] [clickStaffingCompany] - Clicking on Staffing Company
[INFO ] 2023-02-02 15:00:27.623 [directOrder.TG_5802_DirectOrderParialClaim] [clickStaffingCompany] - Staffing Company clicked successfully
[INFO ] 2023-02-02 15:00:27.626 [directOrder.TG_5802_DirectOrderParialClaim] [VerifyUserRedirectToNewOrderFormViaDirectOrder] - Staffing Company Clickied Successfully
[INFO ] 2023-02-02 15:00:30.635 [directOrder.TG_5802_DirectOrderParialClaim] [VerifyUserRedirectToNewOrderFormViaDirectOrder] - Clicking on Place Order Button
[INFO ] 2023-02-02 15:00:30.643 [directOrder.TG_5802_DirectOrderParialClaim] [clickPlaceOrderButton] - Clicking on Staffing Company
[INFO ] 2023-02-02 15:00:30.932 [directOrder.TG_5802_DirectOrderParialClaim] [clickPlaceOrderButton] - Staffing Company clicked successfully
[INFO ] 2023-02-02 15:00:30.933 [directOrder.TG_5802_DirectOrderParialClaim] [VerifyUserRedirectToNewOrderFormViaDirectOrder] - Place Order Button Clickied Successfully
[INFO ] 2023-02-02 15:00:31.115 [directOrder.TG_5802_DirectOrderParialClaim] [Tag_EndToEndFlowNewOrderHiring] - Started==Starting End To End Flow NewOrderHiring
[INFO ] 2023-02-02 15:00:31.116 [directOrder.TG_5802_DirectOrderParialClaim] [newDirectOrderHiring] - Entering EstDailyHours
[INFO ] 2023-02-02 15:00:40.033 [directOrder.TG_5802_DirectOrderParialClaim] [newDirectOrderHiring] - EstDailyHours entered successfully
[INFO ] 2023-02-02 15:00:40.035 [directOrder.TG_5802_DirectOrderParialClaim] [newDirectOrderHiring] - Entering StartDate
[INFO ] 2023-02-02 15:00:45.652 [directOrder.TG_5802_DirectOrderParialClaim] [newDirectOrderHiring] - StartDate entered successfully
[INFO ] 2023-02-02 15:00:45.655 [directOrder.TG_5802_DirectOrderParialClaim] [newDirectOrderHiring] - Entering EndDate
[INFO ] 2023-02-02 15:00:57.053 [directOrder.TG_5802_DirectOrderParialClaim] [newDirectOrderHiring] - EndDate entered successfully
[INFO ] 2023-02-02 15:00:57.057 [directOrder.TG_5802_DirectOrderParialClaim] [newDirectOrderHiring] - Entering StartTime
[INFO ] 2023-02-02 15:00:57.857 [directOrder.TG_5802_DirectOrderParialClaim] [newDirectOrderHiring] - StartTime entered successfully
[INFO ] 2023-02-02 15:00:57.860 [directOrder.TG_5802_DirectOrderParialClaim] [newDirectOrderHiring] - Entering Availability
[INFO ] 2023-02-02 15:00:58.168 [directOrder.TG_5802_DirectOrderParialClaim] [newDirectOrderHiring] - Availabilit entered successfully
[INFO ] 2023-02-02 15:00:58.169 [directOrder.TG_5802_DirectOrderParialClaim] [newDirectOrderHiring] - Entering JobSite
[INFO ] 2023-02-02 15:01:04.254 [directOrder.TG_5802_DirectOrderParialClaim] [newDirectOrderHiring] - JobSite entered successfully
[INFO ] 2023-02-02 15:01:04.256 [directOrder.TG_5802_DirectOrderParialClaim] [newDirectOrderHiring] - Entering JobTitle
[INFO ] 2023-02-02 15:01:13.366 [directOrder.TG_5802_DirectOrderParialClaim] [newDirectOrderHiring] - JobTitle entered successfully
[INFO ] 2023-02-02 15:01:13.373 [directOrder.TG_5802_DirectOrderParialClaim] [newDirectOrderHiring] - Entering No Of Workers
[INFO ] 2023-02-02 15:01:18.579 [directOrder.TG_5802_DirectOrderParialClaim] [newDirectOrderHiring] - NoOfWorkers entered successfully
[INFO ] 2023-02-02 15:01:18.580 [directOrder.TG_5802_DirectOrderParialClaim] [newDirectOrderHiring] - Entering ESignature
[INFO ] 2023-02-02 15:01:21.769 [directOrder.TG_5802_DirectOrderParialClaim] [newDirectOrderHiring] - ESignature entered successfully
[INFO ] 2023-02-02 15:01:21.770 [directOrder.TG_5802_DirectOrderParialClaim] [newDirectOrderHiring] - clickAgreeContract
[INFO ] 2023-02-02 15:01:21.942 [directOrder.TG_5802_DirectOrderParialClaim] [newDirectOrderHiring] - clickAgreeContract successfully
[INFO ] 2023-02-02 15:01:21.943 [directOrder.TG_5802_DirectOrderParialClaim] [newDirectOrderHiring] - clickSaveButton
[INFO ] 2023-02-02 15:01:22.188 [directOrder.TG_5802_DirectOrderParialClaim] [newDirectOrderHiring] - SaveButton Clicked successfully
[INFO ] 2023-02-02 15:01:30.698 [directOrder.TG_5802_DirectOrderParialClaim] [newDirectOrderHiring] - Job order link present on the home page clicked
[INFO ] 2023-02-02 15:01:41.650 [directOrder.TG_5802_DirectOrderParialClaim] [newDirectOrderHiring] - Verify Job Order Id and Email Successfully
[INFO ] 2023-02-02 15:01:55.392 [directOrder.TG_5802_DirectOrderParialClaim] [TG_3869_VerifyUserclicksJobOrderItNavigatestoJobOrderForm] - Entering Username
[INFO ] 2023-02-02 15:01:55.397 [directOrder.TG_5802_DirectOrderParialClaim] [enterUsername] - Entering new user's first name
[INFO ] 2023-02-02 15:01:55.598 [directOrder.TG_5802_DirectOrderParialClaim] [enterUsername] - User's first name entered successfully
[INFO ] 2023-02-02 15:01:55.598 [directOrder.TG_5802_DirectOrderParialClaim] [TG_3869_VerifyUserclicksJobOrderItNavigatestoJobOrderForm] - Username Entered Successfully
[INFO ] 2023-02-02 15:01:55.598 [directOrder.TG_5802_DirectOrderParialClaim] [TG_3869_VerifyUserclicksJobOrderItNavigatestoJobOrderForm] - Entering Password
[INFO ] 2023-02-02 15:01:55.598 [directOrder.TG_5802_DirectOrderParialClaim] [enterPassword] - Entering new user's last name
[INFO ] 2023-02-02 15:01:55.669 [directOrder.TG_5802_DirectOrderParialClaim] [enterPassword] - User's last name entered successfully
[INFO ] 2023-02-02 15:01:55.669 [directOrder.TG_5802_DirectOrderParialClaim] [TG_3869_VerifyUserclicksJobOrderItNavigatestoJobOrderForm] - Password Entered Successfully
[INFO ] 2023-02-02 15:01:55.669 [directOrder.TG_5802_DirectOrderParialClaim] [TG_3869_VerifyUserclicksJobOrderItNavigatestoJobOrderForm] - Clicking on Login Button
[INFO ] 2023-02-02 15:01:55.669 [directOrder.TG_5802_DirectOrderParialClaim] [clickLoginButton] - Clicking on Login Button
[INFO ] 2023-02-02 15:01:55.750 [directOrder.TG_5802_DirectOrderParialClaim] [clickLoginButton] - Close Pop Up clicked successfully
[INFO ] 2023-02-02 15:01:55.750 [directOrder.TG_5802_DirectOrderParialClaim] [TG_3869_VerifyUserclicksJobOrderItNavigatestoJobOrderForm] - Login Button Clicked Successfully
[INFO ] 2023-02-02 15:01:58.756 [directOrder.TG_5802_DirectOrderParialClaim] [TG_3869_VerifyUserclicksJobOrderItNavigatestoJobOrderForm] - Clicking on Notifications Icon
[INFO ] 2023-02-02 15:01:58.759 [directOrder.TG_5802_DirectOrderParialClaim] [clickNotificationIcon] - Clicking on Notifications
[INFO ] 2023-02-02 15:02:00.728 [directOrder.TG_5802_DirectOrderParialClaim] [clickNotificationIcon] - Notifications clicked successfully
[INFO ] 2023-02-02 15:02:00.730 [directOrder.TG_5802_DirectOrderParialClaim] [TG_3869_VerifyUserclicksJobOrderItNavigatestoJobOrderForm] - Notifications Icon Clicked Successfully
[INFO ] 2023-02-02 15:02:02.736 [directOrder.TG_5802_DirectOrderParialClaim] [TG_3869_VerifyUserclicksJobOrderItNavigatestoJobOrderForm] - Verifying Notification Text
[INFO ] 2023-02-02 15:02:02.738 [directOrder.TG_5802_DirectOrderParialClaim] [verifyNotificationText] - Verify Direct Order Text in Notification
[INFO ] 2023-02-02 15:02:02.830 [directOrder.TG_5802_DirectOrderParialClaim] [verifyNotificationText] - Direct Order Text in Notification displayed successfully
[INFO ] 2023-02-02 15:02:02.839 [directOrder.TG_5802_DirectOrderParialClaim] [TG_3869_VerifyUserclicksJobOrderItNavigatestoJobOrderForm] - Notification Text Clicked Successfully
[INFO ] 2023-02-02 15:02:02.840 [directOrder.TG_5802_DirectOrderParialClaim] [clickJobOrderHomePage] - Clicking Job orders menu present on the staffing homepage navigates to joborder listing form 
[INFO ] 2023-02-02 15:02:05.900 [directOrder.TG_5802_DirectOrderParialClaim] [clickJobOrderHomePage] - All job orders menu present on the staffing hompage clicked successfully and navigates to joborder listing form  .
[INFO ] 2023-02-02 15:02:07.911 [directOrder.TG_5802_DirectOrderParialClaim] [verifyJobOrderPage] - Job order form is displayed
[INFO ] 2023-02-02 15:02:08.067 [directOrder.TG_5802_DirectOrderParialClaim] [verifyJobOrderPage] - Job orderform is displayed successfully
[INFO ] 2023-02-02 15:02:18.077 [directOrder.TG_5802_DirectOrderParialClaim] [selectParticularJobOrderFromListing] - Selecting Particular Joborder on the listing
[INFO ] 2023-02-02 15:02:28.324 [directOrder.TG_5802_DirectOrderParialClaim] [selectParticularJobOrderFromListing] - Particular Joborder on the listing selected successfully
[INFO ] 2023-02-02 15:02:33.339 [directOrder.TG_5802_DirectOrderParialClaim] [clickOrdersMenuOnStaffingHomePage] - Clicking Order menu present on the staffing homepage
[INFO ] 2023-02-02 15:02:33.521 [directOrder.TG_5802_DirectOrderParialClaim] [clickOrdersMenuOnStaffingHomePage] - Order menu present on the staffing hompage clicked successfully.
[INFO ] 2023-02-02 15:02:35.529 [directOrder.TG_5802_DirectOrderParialClaim] [clickDirectOrderNav] - Clicking on Direct Orders
[INFO ] 2023-02-02 15:02:36.485 [directOrder.TG_5802_DirectOrderParialClaim] [clickDirectOrderNav] - Direct orders clicked successfully
[INFO ] 2023-02-02 15:02:38.494 [directOrder.TG_5802_DirectOrderParialClaim] [selectParticularJobOrderFromListing] - Selecting Particular Joborder on the listing
[INFO ] 2023-02-02 15:02:48.656 [directOrder.TG_5802_DirectOrderParialClaim] [selectParticularJobOrderFromListing] - Particular Joborder on the listing selected successfully
[INFO ] 2023-02-02 15:02:53.737 [directOrder.TG_5802_DirectOrderParialClaim] [clickClaimOrderButton] - Clicking on Direct Orders
[INFO ] 2023-02-02 15:02:58.890 [directOrder.TG_5802_DirectOrderParialClaim] [clickClaimOrderButton] - Claim order button clicked successfully
[INFO ] 2023-02-02 15:02:58.893 [directOrder.TG_5802_DirectOrderParialClaim] [enterNoOfEmployeesClaim] - Entering the No. of Employees Claim
[INFO ] 2023-02-02 15:02:59.810 [directOrder.TG_5802_DirectOrderParialClaim] [enterNoOfEmployeesClaim] - No. of Employees Claim entered successfully
[INFO ] 2023-02-02 15:02:59.811 [directOrder.TG_5802_DirectOrderParialClaim] [enterESignature] - Entering the E-Signature
[INFO ] 2023-02-02 15:03:00.038 [directOrder.TG_5802_DirectOrderParialClaim] [enterESignature] - E-Signature entered successfully
[INFO ] 2023-02-02 15:03:00.039 [directOrder.TG_5802_DirectOrderParialClaim] [clickAgreeContract] - Clicking on Agree to Contract Button
[INFO ] 2023-02-02 15:03:00.258 [directOrder.TG_5802_DirectOrderParialClaim] [clickAgreeContract] - Agree to Contract Button clicked successfully
[INFO ] 2023-02-02 15:03:00.259 [directOrder.TG_5802_DirectOrderParialClaim] [clickSubmitClaim] - Clicking on Submit Claim Button
[INFO ] 2023-02-02 15:03:02.219 [directOrder.TG_5802_DirectOrderParialClaim] [clickSubmitClaim] - Submit Claim Button clicked successfully
[INFO ] 2023-02-02 15:03:02.219 [directOrder.TG_5802_DirectOrderParialClaim] [verifyEmailSuccessMessage] - Check for submission of Claim Order
[INFO ] 2023-02-02 15:03:02.445 [directOrder.TG_5802_DirectOrderParialClaim] [verifyEmailSuccessMessage] - Claim Order Submitted Successfully
