[INFO ] 2023-04-05 20:22:16.674 [jobOrder.TG_6129_RepeatOpenOrder] [enterUsername] - Entering new user's first name
[INFO ] 2023-04-05 20:22:17.768 [jobOrder.TG_6129_RepeatOpenOrder] [enterUsername] - User's first name entered successfully
[INFO ] 2023-04-05 20:22:17.770 [jobOrder.TG_6129_RepeatOpenOrder] [enterPassword] - Entering new user's last name
[INFO ] 2023-04-05 20:22:17.959 [jobOrder.TG_6129_RepeatOpenOrder] [enterPassword] - User's last name entered successfully
[INFO ] 2023-04-05 20:22:17.960 [jobOrder.TG_6129_RepeatOpenOrder] [clickLoginButton] - Clicking on Login Button
[INFO ] 2023-04-05 20:22:18.412 [jobOrder.TG_6129_RepeatOpenOrder] [clickLoginButton] - Close Pop Up clicked successfully
[INFO ] 2023-04-05 20:22:21.421 [jobOrder.TG_6129_RepeatOpenOrder] [clickOrdersMenuOnHiringHomePage] - Clicking Order menu present on the Hiring homepage
[INFO ] 2023-04-05 20:22:28.271 [jobOrder.TG_6129_RepeatOpenOrder] [clickOrdersMenuOnHiringHomePage] - Order menu present on the Hiring hompage clicked successfully.
[INFO ] 2023-04-05 20:22:38.282 [jobOrder.TG_6129_RepeatOpenOrder] [clickCompletedOrdersTab] - Clicking on the Completed Orders Tab 
[INFO ] 2023-04-05 20:22:38.725 [jobOrder.TG_6129_RepeatOpenOrder] [clickCompletedOrdersTab] - Completed Tab Clicked Successfully
[INFO ] 2023-04-05 20:22:53.736 [jobOrder.TG_6129_RepeatOpenOrder] [clickCompletedOrder] - Clicking on the Completed Order 
[INFO ] 2023-04-05 20:22:56.014 [jobOrder.TG_6129_RepeatOpenOrder] [clickCompletedOrder] - Completed Order Clicked Successfully
[INFO ] 2023-04-05 20:22:56.016 [jobOrder.TG_6129_RepeatOpenOrder] [getJobSiteText] - Getting Job site text
[INFO ] 2023-04-05 20:22:57.880 [jobOrder.TG_6129_RepeatOpenOrder] [getJobSiteText] - Got the text successfully
[INFO ] 2023-04-05 20:22:57.881 [jobOrder.TG_6129_RepeatOpenOrder] [getJobTitleText] - Getting Job Title text
[INFO ] 2023-04-05 20:22:58.001 [jobOrder.TG_6129_RepeatOpenOrder] [getJobTitleText] - Got the text successfully
[INFO ] 2023-04-05 20:22:58.001 [jobOrder.TG_6129_RepeatOpenOrder] [getJobIndustryText] - Getting Job Industry text
[INFO ] 2023-04-05 20:22:58.277 [jobOrder.TG_6129_RepeatOpenOrder] [getJobIndustryText] - Got the text successfully
[INFO ] 2023-04-05 20:22:58.277 [jobOrder.TG_6129_RepeatOpenOrder] [getEstHoursText] - Getting getEstHoursText
[INFO ] 2023-04-05 20:22:58.377 [jobOrder.TG_6129_RepeatOpenOrder] [getEstHoursText] - Got the text successfully
[INFO ] 2023-04-05 20:23:00.385 [jobOrder.TG_6129_RepeatOpenOrder] [clickRepeatOrderButton] - Clicking on the Repeat Order Button
[INFO ] 2023-04-05 20:23:00.599 [jobOrder.TG_6129_RepeatOpenOrder] [clickRepeatOrderButton] - Repeat Order Button Clicked Successfully
[INFO ] 2023-04-05 20:23:00.600 [jobOrder.TG_6129_RepeatOpenOrder] [clickOpenOrderCheckbox] - Clicking on the Open Order Checkbox
[INFO ] 2023-04-05 20:23:00.986 [jobOrder.TG_6129_RepeatOpenOrder] [clickOpenOrderCheckbox] - Open Order Checkbox Clicked Successfully
[INFO ] 2023-04-05 20:23:00.987 [jobOrder.TG_6129_RepeatOpenOrder] [clickProceedButton] - Clicking on the Proceed Button
[INFO ] 2023-04-05 20:23:01.076 [jobOrder.TG_6129_RepeatOpenOrder] [clickProceedButton] - Proceed Button Clicked Successfully
[INFO ] 2023-04-05 20:23:01.077 [jobOrder.TG_6129_RepeatOpenOrder] [verifyJobSiteTextIsPresent] - Verifying same Job Site present
[INFO ] 2023-04-05 20:23:01.933 [jobOrder.TG_6129_RepeatOpenOrder] [verifyJobSiteTextIsPresent] - Same job site is present
[INFO ] 2023-04-05 20:23:01.938 [jobOrder.TG_6129_RepeatOpenOrder] [verifyJobTitleTextIsPresent] - Verifying same Job Title present
[INFO ] 2023-04-05 20:23:01.996 [jobOrder.TG_6129_RepeatOpenOrder] [verifyJobTitleTextIsPresent] - Same job Title is present
[INFO ] 2023-04-05 20:23:01.996 [jobOrder.TG_6129_RepeatOpenOrder] [verifyJobIndustryTextIsPresent] - Verifying same Job Industry present
[INFO ] 2023-04-05 20:23:02.053 [jobOrder.TG_6129_RepeatOpenOrder] [verifyJobIndustryTextIsPresent] - Same job Industry is present
[INFO ] 2023-04-05 20:23:02.053 [jobOrder.TG_6129_RepeatOpenOrder] [verifyEstHoursTextIsPresent] - Verifying same Estimated Hours present
[INFO ] 2023-04-05 20:23:02.078 [jobOrder.TG_6129_RepeatOpenOrder] [verifyEstHoursTextIsPresent] - Same Estimated Hours is present
[INFO ] 2023-04-05 20:23:06.086 [jobOrder.TG_6129_RepeatOpenOrder] [enterStartDate] - Entering StartDate
[INFO ] 2023-04-05 20:23:11.419 [jobOrder.TG_6129_RepeatOpenOrder] [enterStartDate] - StartDate entered successfully
[INFO ] 2023-04-05 20:23:13.428 [jobOrder.TG_6129_RepeatOpenOrder] [enterEndDate] - Entering EndDate
[INFO ] 2023-04-05 20:23:18.721 [jobOrder.TG_6129_RepeatOpenOrder] [enterEndDate] - EndDate entered successfully
[INFO ] 2023-04-05 20:23:20.731 [jobOrder.TG_6129_RepeatOpenOrder] [enterAvailability] - Entering Availability
[INFO ] 2023-04-05 20:23:20.907 [jobOrder.TG_6129_RepeatOpenOrder] [enterAvailability] - Availabilit entered successfully
[INFO ] 2023-04-05 20:23:37.515 [jobOrder.TG_6129_RepeatOpenOrder] [getTextHiringId] - Job order link present on the home page clicked
[INFO ] 2023-04-05 20:23:46.381 [jobOrder.TG_6129_RepeatOpenOrder] [getTextHiringId] - Verify Job Order Id and Email Successfully
[INFO ] 2023-04-05 20:23:58.291 [jobOrder.TG_6129_RepeatOpenOrder] [enterUsername] - Entering new user's first name
[INFO ] 2023-04-05 20:23:58.386 [jobOrder.TG_6129_RepeatOpenOrder] [enterUsername] - User's first name entered successfully
[INFO ] 2023-04-05 20:23:58.387 [jobOrder.TG_6129_RepeatOpenOrder] [enterPassword] - Entering new user's last name
[INFO ] 2023-04-05 20:23:58.479 [jobOrder.TG_6129_RepeatOpenOrder] [enterPassword] - User's last name entered successfully
[INFO ] 2023-04-05 20:23:58.481 [jobOrder.TG_6129_RepeatOpenOrder] [clickLoginButton] - Clicking on Login Button
[INFO ] 2023-04-05 20:23:58.558 [jobOrder.TG_6129_RepeatOpenOrder] [clickLoginButton] - Close Pop Up clicked successfully
[INFO ] 2023-04-05 20:23:58.560 [jobOrder.TG_6129_RepeatOpenOrder] [clickJobOrderHomePage] - Clicking Job orders menu present on the staffing homepage navigates to joborder listing form 
[INFO ] 2023-04-05 20:24:07.123 [jobOrder.TG_6129_RepeatOpenOrder] [clickJobOrderHomePage] - All job orders menu present on the staffing hompage clicked successfully and navigates to joborder listing form  .
[INFO ] 2023-04-05 20:24:09.136 [jobOrder.TG_6129_RepeatOpenOrder] [verifyJobOrderPage] - Job order form is displayed
[INFO ] 2023-04-05 20:24:09.228 [jobOrder.TG_6129_RepeatOpenOrder] [verifyJobOrderPage] - Job orderform is displayed successfully
[INFO ] 2023-04-05 20:24:19.236 [jobOrder.TG_6129_RepeatOpenOrder] [selectParticularJobOrderFromListing] - Selecting Particular Joborder on the listing
[INFO ] 2023-04-05 20:24:29.360 [jobOrder.TG_6129_RepeatOpenOrder] [selectParticularJobOrderFromListing] - Particular Joborder on the listing selected successfully
[INFO ] 2023-04-05 20:24:53.158 [jobOrder.TG_6129_RepeatOpenOrder] [enterUsername] - Entering new user's first name
[INFO ] 2023-04-05 20:24:53.246 [jobOrder.TG_6129_RepeatOpenOrder] [enterUsername] - User's first name entered successfully
[INFO ] 2023-04-05 20:24:53.248 [jobOrder.TG_6129_RepeatOpenOrder] [enterPassword] - Entering new user's last name
[INFO ] 2023-04-05 20:24:53.336 [jobOrder.TG_6129_RepeatOpenOrder] [enterPassword] - User's last name entered successfully
[INFO ] 2023-04-05 20:24:53.336 [jobOrder.TG_6129_RepeatOpenOrder] [clickLoginButton] - Clicking on Login Button
[INFO ] 2023-04-05 20:24:53.433 [jobOrder.TG_6129_RepeatOpenOrder] [clickLoginButton] - Close Pop Up clicked successfully
[INFO ] 2023-04-05 20:25:00.446 [jobOrder.TG_6129_RepeatOpenOrder] [clickOrdersMenuOnHiringHomePage] - Clicking Order menu present on the Hiring homepage
[INFO ] 2023-04-05 20:25:01.115 [jobOrder.TG_6129_RepeatOpenOrder] [clickOrdersMenuOnHiringHomePage] - Order menu present on the Hiring hompage clicked successfully.
[INFO ] 2023-04-05 20:25:19.314 [jobOrder.TG_6129_RepeatOpenOrder] [clickDeleteJobOrderButton] - Clicking on delete button present on Job Order detials page
[INFO ] 2023-04-05 20:25:19.409 [jobOrder.TG_6129_RepeatOpenOrder] [clickDeleteJobOrderButton] - Delete button present on Job Order detials page clicked
[INFO ] 2023-04-05 20:25:22.621 [jobOrder.TG_6129_RepeatOpenOrder] [clickAcceptDeleteJobOrderRequestButton] - Clicking on confirm deletion button
[INFO ] 2023-04-05 20:25:22.765 [jobOrder.TG_6129_RepeatOpenOrder] [clickAcceptDeleteJobOrderRequestButton] - Confirm deletion button clicked
[INFO ] 2023-04-05 20:25:22.766 [jobOrder.TG_6129_RepeatOpenOrder] [verifyJobOrderDeleted] - Verifying that job order deleted via pop-up
[INFO ] 2023-04-05 20:25:23.061 [jobOrder.TG_6129_RepeatOpenOrder] [verifyJobOrderDeleted] - Verified that order deleted successfully
