[INFO ] 2023-04-19 00:11:43.499 [directOrder.TG_5801_DirectOrderFullClaim] [enterUsername] - Entering new user's first name
[INFO ] 2023-04-19 00:11:45.773 [directOrder.TG_5801_DirectOrderFullClaim] [enterUsername] - User's first name entered successfully
[INFO ] 2023-04-19 00:11:45.775 [directOrder.TG_5801_DirectOrderFullClaim] [enterPassword] - Entering new user's last name
[INFO ] 2023-04-19 00:11:46.078 [directOrder.TG_5801_DirectOrderFullClaim] [enterPassword] - User's last name entered successfully
[INFO ] 2023-04-19 00:11:46.079 [directOrder.TG_5801_DirectOrderFullClaim] [clickLoginButton] - Clicking on Login Button
[INFO ] 2023-04-19 00:11:46.480 [directOrder.TG_5801_DirectOrderFullClaim] [clickLoginButton] - Close Pop Up clicked successfully
[INFO ] 2023-04-19 00:11:46.481 [directOrder.TG_5801_DirectOrderFullClaim] [clickStaffingCompanies] - Clicking on Staffing Companies Button
[INFO ] 2023-04-19 00:12:05.495 [directOrder.TG_5801_DirectOrderFullClaim] [clickStaffingCompanies] - Staffing Companies Button clicked successfully
[INFO ] 2023-04-19 00:12:05.498 [directOrder.TG_5801_DirectOrderFullClaim] [verifyStaffingCompanyList] - Verify Staffing Company List is displayed
[INFO ] 2023-04-19 00:12:06.640 [directOrder.TG_5801_DirectOrderFullClaim] [verifyStaffingCompanyList] - Staffing Company List displayed successfully
[INFO ] 2023-04-19 00:12:14.651 [directOrder.TG_5801_DirectOrderFullClaim] [clickHundredFilter] - Clicking on 100 records button
[INFO ] 2023-04-19 00:12:14.951 [directOrder.TG_5801_DirectOrderFullClaim] [clickHundredFilter] - 100 records button clicked Successfully
[INFO ] 2023-04-19 00:12:19.965 [directOrder.TG_5801_DirectOrderFullClaim] [clickStaffingCompanyDirectOrder] - Clicking on Staffing Companies Button
[INFO ] 2023-04-19 00:12:23.069 [directOrder.TG_5801_DirectOrderFullClaim] [clickStaffingCompanyDirectOrder] - Staffing Companies Button clicked successfully
[INFO ] 2023-04-19 00:12:26.086 [directOrder.TG_5801_DirectOrderFullClaim] [clickPlaceOrderButton] - Clicking on Staffing Company
[INFO ] 2023-04-19 00:12:26.744 [directOrder.TG_5801_DirectOrderFullClaim] [clickPlaceOrderButton] - Staffing Company clicked successfully
[INFO ] 2023-04-19 00:12:26.745 [directOrder.TG_5801_DirectOrderFullClaim] [enterEstDailyHours] - Entering EstDailyHours
[INFO ] 2023-04-19 00:12:35.997 [directOrder.TG_5801_DirectOrderFullClaim] [enterEstDailyHours] - EstDailyHours entered successfully
[INFO ] 2023-04-19 00:12:38.006 [directOrder.TG_5801_DirectOrderFullClaim] [enterStartDate] - Entering StartDate
[INFO ] 2023-04-19 00:12:43.627 [directOrder.TG_5801_DirectOrderFullClaim] [enterStartDate] - StartDate entered successfully
[INFO ] 2023-04-19 00:12:45.633 [directOrder.TG_5801_DirectOrderFullClaim] [enterEndDate] - Entering EndDate
[INFO ] 2023-04-19 00:12:51.036 [directOrder.TG_5801_DirectOrderFullClaim] [enterEndDate] - EndDate entered successfully
[INFO ] 2023-04-19 00:12:53.042 [directOrder.TG_5801_DirectOrderFullClaim] [enterStartTime] - Entering StartTime
[INFO ] 2023-04-19 00:12:54.019 [directOrder.TG_5801_DirectOrderFullClaim] [enterStartTime] - StartTime entered successfully
[INFO ] 2023-04-19 00:12:56.026 [directOrder.TG_5801_DirectOrderFullClaim] [enterAvailability] - Entering Availability
[INFO ] 2023-04-19 00:12:56.423 [directOrder.TG_5801_DirectOrderFullClaim] [enterAvailability] - Availabilit entered successfully
[INFO ] 2023-04-19 00:12:56.423 [directOrder.TG_5801_DirectOrderFullClaim] [enterJobSite] - Entering JobSite
[INFO ] 2023-04-19 00:13:01.396 [directOrder.TG_5801_DirectOrderFullClaim] [enterJobSite] - JobSite entered successfully
[INFO ] 2023-04-19 00:13:03.404 [directOrder.TG_5801_DirectOrderFullClaim] [enterJobTitle] - Entering JobTitle
[INFO ] 2023-04-19 00:13:04.404 [directOrder.TG_5801_DirectOrderFullClaim] [enterJobTitle] - JobTitle entered successfully
[INFO ] 2023-04-19 00:13:06.412 [directOrder.TG_5801_DirectOrderFullClaim] [enterNoOfWorker] - Entering No Of Workers
[INFO ] 2023-04-19 00:13:06.588 [directOrder.TG_5801_DirectOrderFullClaim] [enterNoOfWorker] - NoOfWorkers entered successfully
[INFO ] 2023-04-19 00:13:08.597 [directOrder.TG_5801_DirectOrderFullClaim] [enterESignature] - Entering ESignature
[INFO ] 2023-04-19 00:13:08.784 [directOrder.TG_5801_DirectOrderFullClaim] [enterESignature] - ESignature entered successfully
[INFO ] 2023-04-19 00:13:08.785 [directOrder.TG_5801_DirectOrderFullClaim] [clickAgreeContract] - clickAgreeContract
[INFO ] 2023-04-19 00:13:09.044 [directOrder.TG_5801_DirectOrderFullClaim] [clickAgreeContract] - clickAgreeContract successfully
[INFO ] 2023-04-19 00:13:12.051 [directOrder.TG_5801_DirectOrderFullClaim] [VerifyUserRedirectToNewOrderFormViaDirectOrder] - Started==Verifying Job Order Id And Popup that Email Sent Successfully
[INFO ] 2023-04-19 00:13:38.427 [directOrder.TG_5801_DirectOrderFullClaim] [getTextHiringId] - Job order link present on the home page clicked
[INFO ] 2023-04-19 00:13:47.311 [directOrder.TG_5801_DirectOrderFullClaim] [getTextHiringId] - Verify Job Order Id and Email Successfully
[INFO ] 2023-04-19 00:13:59.648 [directOrder.TG_5801_DirectOrderFullClaim] [enterUsername] - Entering new user's first name
[INFO ] 2023-04-19 00:13:59.893 [directOrder.TG_5801_DirectOrderFullClaim] [enterUsername] - User's first name entered successfully
[INFO ] 2023-04-19 00:13:59.894 [directOrder.TG_5801_DirectOrderFullClaim] [enterPassword] - Entering new user's last name
[INFO ] 2023-04-19 00:14:00.259 [directOrder.TG_5801_DirectOrderFullClaim] [enterPassword] - User's last name entered successfully
[INFO ] 2023-04-19 00:14:00.260 [directOrder.TG_5801_DirectOrderFullClaim] [clickLoginButton] - Clicking on Login Button
[INFO ] 2023-04-19 00:14:00.431 [directOrder.TG_5801_DirectOrderFullClaim] [clickLoginButton] - Close Pop Up clicked successfully
[INFO ] 2023-04-19 00:14:03.440 [directOrder.TG_5801_DirectOrderFullClaim] [clickNotificationIcon] - Clicking on Notifications
[INFO ] 2023-04-19 00:14:10.352 [directOrder.TG_5801_DirectOrderFullClaim] [clickNotificationIcon] - Notifications clicked successfully
[INFO ] 2023-04-19 00:14:12.361 [directOrder.TG_5801_DirectOrderFullClaim] [verifyNotificationText] - Verify Direct Order Text in Notification
[INFO ] 2023-04-19 00:14:12.712 [directOrder.TG_5801_DirectOrderFullClaim] [verifyNotificationText] - Direct Order Text in Notification displayed successfully
[INFO ] 2023-04-19 00:14:12.725 [directOrder.TG_5801_DirectOrderFullClaim] [clickJobOrderHomePage] - Clicking Job orders menu present on the staffing homepage navigates to joborder listing form 
[INFO ] 2023-04-19 00:14:16.280 [directOrder.TG_5801_DirectOrderFullClaim] [clickJobOrderHomePage] - All job orders menu present on the staffing hompage clicked successfully and navigates to joborder listing form  .
[INFO ] 2023-04-19 00:14:18.291 [directOrder.TG_5801_DirectOrderFullClaim] [verifyJobOrderPage] - Job order form is displayed
[INFO ] 2023-04-19 00:14:18.437 [directOrder.TG_5801_DirectOrderFullClaim] [verifyJobOrderPage] - Job orderform is displayed successfully
[INFO ] 2023-04-19 00:14:28.448 [directOrder.TG_5801_DirectOrderFullClaim] [selectParticularJobOrderFromListing] - Selecting Particular Joborder on the listing
[INFO ] 2023-04-19 00:14:38.684 [directOrder.TG_5801_DirectOrderFullClaim] [selectParticularJobOrderFromListing] - Particular Joborder on the listing selected successfully
[INFO ] 2023-04-19 00:14:43.696 [directOrder.TG_5801_DirectOrderFullClaim] [clickOrdersMenuOnStaffingHomePage] - Clicking Order menu present on the staffing homepage
[INFO ] 2023-04-19 00:14:44.289 [directOrder.TG_5801_DirectOrderFullClaim] [clickOrdersMenuOnStaffingHomePage] - Order menu present on the staffing hompage clicked successfully.
[INFO ] 2023-04-19 00:14:46.298 [directOrder.TG_5801_DirectOrderFullClaim] [clickDirectOrderNav] - Clicking on Direct Orders
[INFO ] 2023-04-19 00:14:53.231 [directOrder.TG_5801_DirectOrderFullClaim] [clickDirectOrderNav] - Direct orders clicked successfully
[INFO ] 2023-04-19 00:14:55.243 [directOrder.TG_5801_DirectOrderFullClaim] [selectParticularJobOrderFromListing] - Selecting Particular Joborder on the listing
[INFO ] 2023-04-19 00:15:05.537 [directOrder.TG_5801_DirectOrderFullClaim] [selectParticularJobOrderFromListing] - Particular Joborder on the listing selected successfully
[INFO ] 2023-04-19 00:15:10.556 [directOrder.TG_5801_DirectOrderFullClaim] [clickClaimOrderButton] - Clicking on Claim order Button
[INFO ] 2023-04-19 00:15:14.146 [directOrder.TG_5801_DirectOrderFullClaim] [clickClaimOrderButton] - Claim order button clicked successfully
[INFO ] 2023-04-19 00:15:16.154 [directOrder.TG_5801_DirectOrderFullClaim] [enterNoOfEmployeesClaim] - Entering the No. of Employees Claim
[INFO ] 2023-04-19 00:15:16.531 [directOrder.TG_5801_DirectOrderFullClaim] [enterNoOfEmployeesClaim] - No. of Employees Claim entered successfully
[INFO ] 2023-04-19 00:15:18.538 [directOrder.TG_5801_DirectOrderFullClaim] [enterESignature] - Entering the E-Signature
[INFO ] 2023-04-19 00:15:18.720 [directOrder.TG_5801_DirectOrderFullClaim] [enterESignature] - E-Signature entered successfully
[INFO ] 2023-04-19 00:15:20.728 [directOrder.TG_5801_DirectOrderFullClaim] [clickAgreeContract] - Clicking on Agree to Contract Button
[INFO ] 2023-04-19 00:15:20.867 [directOrder.TG_5801_DirectOrderFullClaim] [clickAgreeContract] - Agree to Contract Button clicked successfully
[INFO ] 2023-04-19 00:15:30.879 [directOrder.TG_5801_DirectOrderFullClaim] [clickSubmitClaim] - Clicking on Submit Claim Button
[INFO ] 2023-04-19 00:15:31.093 [directOrder.TG_5801_DirectOrderFullClaim] [clickSubmitClaim] - Submit Claim Button clicked successfully
[INFO ] 2023-04-19 00:16:41.125 [directOrder.TG_5801_DirectOrderFullClaim] [autoApproveText] - Verify Auto Approve Text
[INFO ] 2023-04-19 00:16:51.439 [directOrder.TG_5801_DirectOrderFullClaim] [autoApproveText] - Auto Approve Text displayed successfully
[DEBUG] 2023-04-19 00:16:52.163 [freemarker.cache] [debug] - Couldn't find template in cache for "spark/spark.spa.ftl"("en_IN", UTF-8, parsed); will try to load it.
[DEBUG] 2023-04-19 00:16:52.172 [freemarker.cache] [debug] - TemplateLoader.findTemplateSource("spark/spark.spa_en_IN.ftl"): Not found
[DEBUG] 2023-04-19 00:16:52.174 [freemarker.cache] [debug] - TemplateLoader.findTemplateSource("spark/spark.spa_en.ftl"): Not found
[DEBUG] 2023-04-19 00:16:52.176 [freemarker.cache] [debug] - TemplateLoader.findTemplateSource("spark/spark.spa.ftl"): Found
[DEBUG] 2023-04-19 00:16:52.176 [freemarker.cache] [debug] - Loading template for "spark/spark.spa.ftl"("en_IN", UTF-8, parsed) from "jar:file:/Users/amandeep.singh/.m2/repository/com/aventstack/extentreports/5.0.7/extentreports-5.0.7.jar!/com/aventstack/extentreports/templates/spark/spark.spa.ftl"
[DEBUG] 2023-04-19 00:16:52.230 [freemarker.cache] [debug] - Couldn't find template in cache for "commons/commons-variables.ftl"("en_IN", UTF-8, parsed); will try to load it.
[DEBUG] 2023-04-19 00:16:52.230 [freemarker.cache] [debug] - TemplateLoader.findTemplateSource("commons/commons-variables_en_IN.ftl"): Not found
[DEBUG] 2023-04-19 00:16:52.230 [freemarker.cache] [debug] - TemplateLoader.findTemplateSource("commons/commons-variables_en.ftl"): Not found
[DEBUG] 2023-04-19 00:16:52.233 [freemarker.cache] [debug] - TemplateLoader.findTemplateSource("commons/commons-variables.ftl"): Found
[DEBUG] 2023-04-19 00:16:52.233 [freemarker.cache] [debug] - Loading template for "commons/commons-variables.ftl"("en_IN", UTF-8, parsed) from "jar:file:/Users/amandeep.singh/.m2/repository/com/aventstack/extentreports/5.0.7/extentreports-5.0.7.jar!/com/aventstack/extentreports/templates/commons/commons-variables.ftl"
[DEBUG] 2023-04-19 00:16:52.367 [freemarker.cache] [debug] - Couldn't find template in cache for "commons/commons-macros.ftl"("en_IN", UTF-8, parsed); will try to load it.
[DEBUG] 2023-04-19 00:16:52.368 [freemarker.cache] [debug] - TemplateLoader.findTemplateSource("commons/commons-macros_en_IN.ftl"): Not found
[DEBUG] 2023-04-19 00:16:52.369 [freemarker.cache] [debug] - TemplateLoader.findTemplateSource("commons/commons-macros_en.ftl"): Not found
[DEBUG] 2023-04-19 00:16:52.369 [freemarker.cache] [debug] - TemplateLoader.findTemplateSource("commons/commons-macros.ftl"): Found
[DEBUG] 2023-04-19 00:16:52.369 [freemarker.cache] [debug] - Loading template for "commons/commons-macros.ftl"("en_IN", UTF-8, parsed) from "jar:file:/Users/amandeep.singh/.m2/repository/com/aventstack/extentreports/5.0.7/extentreports-5.0.7.jar!/com/aventstack/extentreports/templates/commons/commons-macros.ftl"
[DEBUG] 2023-04-19 00:16:52.378 [freemarker.cache] [debug] - Couldn't find template in cache for "spark/macros/attributes.ftl"("en_IN", UTF-8, parsed); will try to load it.
[DEBUG] 2023-04-19 00:16:52.380 [freemarker.cache] [debug] - TemplateLoader.findTemplateSource("spark/macros/attributes_en_IN.ftl"): Not found
[DEBUG] 2023-04-19 00:16:52.380 [freemarker.cache] [debug] - TemplateLoader.findTemplateSource("spark/macros/attributes_en.ftl"): Not found
[DEBUG] 2023-04-19 00:16:52.382 [freemarker.cache] [debug] - TemplateLoader.findTemplateSource("spark/macros/attributes.ftl"): Found
[DEBUG] 2023-04-19 00:16:52.382 [freemarker.cache] [debug] - Loading template for "spark/macros/attributes.ftl"("en_IN", UTF-8, parsed) from "jar:file:/Users/amandeep.singh/.m2/repository/com/aventstack/extentreports/5.0.7/extentreports-5.0.7.jar!/com/aventstack/extentreports/templates/spark/macros/attributes.ftl"
[DEBUG] 2023-04-19 00:16:52.383 [freemarker.cache] [debug] - Couldn't find template in cache for "spark/macros/log.ftl"("en_IN", UTF-8, parsed); will try to load it.
[DEBUG] 2023-04-19 00:16:52.384 [freemarker.cache] [debug] - TemplateLoader.findTemplateSource("spark/macros/log_en_IN.ftl"): Not found
[DEBUG] 2023-04-19 00:16:52.384 [freemarker.cache] [debug] - TemplateLoader.findTemplateSource("spark/macros/log_en.ftl"): Not found
[DEBUG] 2023-04-19 00:16:52.385 [freemarker.cache] [debug] - TemplateLoader.findTemplateSource("spark/macros/log.ftl"): Found
[DEBUG] 2023-04-19 00:16:52.385 [freemarker.cache] [debug] - Loading template for "spark/macros/log.ftl"("en_IN", UTF-8, parsed) from "jar:file:/Users/amandeep.singh/.m2/repository/com/aventstack/extentreports/5.0.7/extentreports-5.0.7.jar!/com/aventstack/extentreports/templates/spark/macros/log.ftl"
[DEBUG] 2023-04-19 00:16:52.389 [freemarker.cache] [debug] - Couldn't find template in cache for "spark/macros/recurse_nodes.ftl"("en_IN", UTF-8, parsed); will try to load it.
[DEBUG] 2023-04-19 00:16:52.390 [freemarker.cache] [debug] - TemplateLoader.findTemplateSource("spark/macros/recurse_nodes_en_IN.ftl"): Not found
[DEBUG] 2023-04-19 00:16:52.390 [freemarker.cache] [debug] - TemplateLoader.findTemplateSource("spark/macros/recurse_nodes_en.ftl"): Not found
[DEBUG] 2023-04-19 00:16:52.390 [freemarker.cache] [debug] - TemplateLoader.findTemplateSource("spark/macros/recurse_nodes.ftl"): Found
[DEBUG] 2023-04-19 00:16:52.390 [freemarker.cache] [debug] - Loading template for "spark/macros/recurse_nodes.ftl"("en_IN", UTF-8, parsed) from "jar:file:/Users/amandeep.singh/.m2/repository/com/aventstack/extentreports/5.0.7/extentreports-5.0.7.jar!/com/aventstack/extentreports/templates/spark/macros/recurse_nodes.ftl"
[DEBUG] 2023-04-19 00:16:52.403 [freemarker.cache] [debug] - "spark/macros/log.ftl"("en_IN", UTF-8, parsed) cached copy not yet stale; using cached.
[DEBUG] 2023-04-19 00:16:52.403 [freemarker.cache] [debug] - Couldn't find template in cache for "spark/macros/attr-common.ftl"("en_IN", UTF-8, parsed); will try to load it.
[DEBUG] 2023-04-19 00:16:52.403 [freemarker.cache] [debug] - TemplateLoader.findTemplateSource("spark/macros/attr-common_en_IN.ftl"): Not found
[DEBUG] 2023-04-19 00:16:52.404 [freemarker.cache] [debug] - TemplateLoader.findTemplateSource("spark/macros/attr-common_en.ftl"): Not found
[DEBUG] 2023-04-19 00:16:52.405 [freemarker.cache] [debug] - TemplateLoader.findTemplateSource("spark/macros/attr-common.ftl"): Found
[DEBUG] 2023-04-19 00:16:52.406 [freemarker.cache] [debug] - Loading template for "spark/macros/attr-common.ftl"("en_IN", UTF-8, parsed) from "jar:file:/Users/amandeep.singh/.m2/repository/com/aventstack/extentreports/5.0.7/extentreports-5.0.7.jar!/com/aventstack/extentreports/templates/spark/macros/attr-common.ftl"
[DEBUG] 2023-04-19 00:16:52.417 [freemarker.cache] [debug] - Couldn't find template in cache for "spark/partials/head.ftl"("en_IN", UTF-8, parsed); will try to load it.
[DEBUG] 2023-04-19 00:16:52.418 [freemarker.cache] [debug] - TemplateLoader.findTemplateSource("spark/partials/head_en_IN.ftl"): Not found
[DEBUG] 2023-04-19 00:16:52.418 [freemarker.cache] [debug] - TemplateLoader.findTemplateSource("spark/partials/head_en.ftl"): Not found
[DEBUG] 2023-04-19 00:16:52.418 [freemarker.cache] [debug] - TemplateLoader.findTemplateSource("spark/partials/head.ftl"): Found
[DEBUG] 2023-04-19 00:16:52.418 [freemarker.cache] [debug] - Loading template for "spark/partials/head.ftl"("en_IN", UTF-8, parsed) from "jar:file:/Users/amandeep.singh/.m2/repository/com/aventstack/extentreports/5.0.7/extentreports-5.0.7.jar!/com/aventstack/extentreports/templates/spark/partials/head.ftl"
[DEBUG] 2023-04-19 00:16:52.424 [freemarker.cache] [debug] - Couldn't find template in cache for "commons/commons-inject-css.ftl"("en_IN", UTF-8, parsed); will try to load it.
[DEBUG] 2023-04-19 00:16:52.425 [freemarker.cache] [debug] - TemplateLoader.findTemplateSource("commons/commons-inject-css_en_IN.ftl"): Not found
[DEBUG] 2023-04-19 00:16:52.426 [freemarker.cache] [debug] - TemplateLoader.findTemplateSource("commons/commons-inject-css_en.ftl"): Not found
[DEBUG] 2023-04-19 00:16:52.426 [freemarker.cache] [debug] - TemplateLoader.findTemplateSource("commons/commons-inject-css.ftl"): Found
[DEBUG] 2023-04-19 00:16:52.426 [freemarker.cache] [debug] - Loading template for "commons/commons-inject-css.ftl"("en_IN", UTF-8, parsed) from "jar:file:/Users/amandeep.singh/.m2/repository/com/aventstack/extentreports/5.0.7/extentreports-5.0.7.jar!/com/aventstack/extentreports/templates/commons/commons-inject-css.ftl"
[DEBUG] 2023-04-19 00:16:52.428 [freemarker.cache] [debug] - Couldn't find template in cache for "spark/partials/navbar.ftl"("en_IN", UTF-8, parsed); will try to load it.
[DEBUG] 2023-04-19 00:16:52.430 [freemarker.cache] [debug] - TemplateLoader.findTemplateSource("spark/partials/navbar_en_IN.ftl"): Not found
[DEBUG] 2023-04-19 00:16:52.431 [freemarker.cache] [debug] - TemplateLoader.findTemplateSource("spark/partials/navbar_en.ftl"): Not found
[DEBUG] 2023-04-19 00:16:52.431 [freemarker.cache] [debug] - TemplateLoader.findTemplateSource("spark/partials/navbar.ftl"): Found
[DEBUG] 2023-04-19 00:16:52.432 [freemarker.cache] [debug] - Loading template for "spark/partials/navbar.ftl"("en_IN", UTF-8, parsed) from "jar:file:/Users/amandeep.singh/.m2/repository/com/aventstack/extentreports/5.0.7/extentreports-5.0.7.jar!/com/aventstack/extentreports/templates/spark/partials/navbar.ftl"
[DEBUG] 2023-04-19 00:16:52.444 [freemarker.cache] [debug] - Couldn't find template in cache for "spark/partials/sidenav.ftl"("en_IN", UTF-8, parsed); will try to load it.
[DEBUG] 2023-04-19 00:16:52.445 [freemarker.cache] [debug] - TemplateLoader.findTemplateSource("spark/partials/sidenav_en_IN.ftl"): Not found
[DEBUG] 2023-04-19 00:16:52.445 [freemarker.cache] [debug] - TemplateLoader.findTemplateSource("spark/partials/sidenav_en.ftl"): Not found
[DEBUG] 2023-04-19 00:16:52.445 [freemarker.cache] [debug] - TemplateLoader.findTemplateSource("spark/partials/sidenav.ftl"): Found
[DEBUG] 2023-04-19 00:16:52.446 [freemarker.cache] [debug] - Loading template for "spark/partials/sidenav.ftl"("en_IN", UTF-8, parsed) from "jar:file:/Users/amandeep.singh/.m2/repository/com/aventstack/extentreports/5.0.7/extentreports-5.0.7.jar!/com/aventstack/extentreports/templates/spark/partials/sidenav.ftl"
[DEBUG] 2023-04-19 00:16:52.461 [freemarker.cache] [debug] - Couldn't find template in cache for "spark/partials/dashboard.ftl"("en_IN", UTF-8, parsed); will try to load it.
[DEBUG] 2023-04-19 00:16:52.462 [freemarker.cache] [debug] - TemplateLoader.findTemplateSource("spark/partials/dashboard_en_IN.ftl"): Not found
[DEBUG] 2023-04-19 00:16:52.462 [freemarker.cache] [debug] - TemplateLoader.findTemplateSource("spark/partials/dashboard_en.ftl"): Not found
[DEBUG] 2023-04-19 00:16:52.462 [freemarker.cache] [debug] - TemplateLoader.findTemplateSource("spark/partials/dashboard.ftl"): Found
[DEBUG] 2023-04-19 00:16:52.463 [freemarker.cache] [debug] - Loading template for "spark/partials/dashboard.ftl"("en_IN", UTF-8, parsed) from "jar:file:/Users/amandeep.singh/.m2/repository/com/aventstack/extentreports/5.0.7/extentreports-5.0.7.jar!/com/aventstack/extentreports/templates/spark/partials/dashboard.ftl"
[DEBUG] 2023-04-19 00:16:52.544 [freemarker.cache] [debug] - Couldn't find template in cache for "spark/partials/category.ftl"("en_IN", UTF-8, parsed); will try to load it.
[DEBUG] 2023-04-19 00:16:52.546 [freemarker.cache] [debug] - TemplateLoader.findTemplateSource("spark/partials/category_en_IN.ftl"): Not found
[DEBUG] 2023-04-19 00:16:52.546 [freemarker.cache] [debug] - TemplateLoader.findTemplateSource("spark/partials/category_en.ftl"): Not found
[DEBUG] 2023-04-19 00:16:52.547 [freemarker.cache] [debug] - TemplateLoader.findTemplateSource("spark/partials/category.ftl"): Found
[DEBUG] 2023-04-19 00:16:52.547 [freemarker.cache] [debug] - Loading template for "spark/partials/category.ftl"("en_IN", UTF-8, parsed) from "jar:file:/Users/amandeep.singh/.m2/repository/com/aventstack/extentreports/5.0.7/extentreports-5.0.7.jar!/com/aventstack/extentreports/templates/spark/partials/category.ftl"
[DEBUG] 2023-04-19 00:16:52.556 [freemarker.cache] [debug] - Couldn't find template in cache for "spark/partials/test.ftl"("en_IN", UTF-8, parsed); will try to load it.
[DEBUG] 2023-04-19 00:16:52.557 [freemarker.cache] [debug] - TemplateLoader.findTemplateSource("spark/partials/test_en_IN.ftl"): Not found
[DEBUG] 2023-04-19 00:16:52.557 [freemarker.cache] [debug] - TemplateLoader.findTemplateSource("spark/partials/test_en.ftl"): Not found
[DEBUG] 2023-04-19 00:16:52.557 [freemarker.cache] [debug] - TemplateLoader.findTemplateSource("spark/partials/test.ftl"): Found
[DEBUG] 2023-04-19 00:16:52.557 [freemarker.cache] [debug] - Loading template for "spark/partials/test.ftl"("en_IN", UTF-8, parsed) from "jar:file:/Users/amandeep.singh/.m2/repository/com/aventstack/extentreports/5.0.7/extentreports-5.0.7.jar!/com/aventstack/extentreports/templates/spark/partials/test.ftl"
[DEBUG] 2023-04-19 00:16:52.569 [freemarker.cache] [debug] - Couldn't find template in cache for "spark/partials/standard-content.ftl"("en_IN", UTF-8, parsed); will try to load it.
[DEBUG] 2023-04-19 00:16:52.569 [freemarker.cache] [debug] - TemplateLoader.findTemplateSource("spark/partials/standard-content_en_IN.ftl"): Not found
[DEBUG] 2023-04-19 00:16:52.570 [freemarker.cache] [debug] - TemplateLoader.findTemplateSource("spark/partials/standard-content_en.ftl"): Not found
[DEBUG] 2023-04-19 00:16:52.571 [freemarker.cache] [debug] - TemplateLoader.findTemplateSource("spark/partials/standard-content.ftl"): Found
[DEBUG] 2023-04-19 00:16:52.571 [freemarker.cache] [debug] - Loading template for "spark/partials/standard-content.ftl"("en_IN", UTF-8, parsed) from "jar:file:/Users/amandeep.singh/.m2/repository/com/aventstack/extentreports/5.0.7/extentreports-5.0.7.jar!/com/aventstack/extentreports/templates/spark/partials/standard-content.ftl"
[DEBUG] 2023-04-19 00:16:52.596 [freemarker.cache] [debug] - Couldn't find template in cache for "spark/partials/scripts.ftl"("en_IN", UTF-8, parsed); will try to load it.
[DEBUG] 2023-04-19 00:16:52.596 [freemarker.cache] [debug] - TemplateLoader.findTemplateSource("spark/partials/scripts_en_IN.ftl"): Not found
[DEBUG] 2023-04-19 00:16:52.597 [freemarker.cache] [debug] - TemplateLoader.findTemplateSource("spark/partials/scripts_en.ftl"): Not found
[DEBUG] 2023-04-19 00:16:52.597 [freemarker.cache] [debug] - TemplateLoader.findTemplateSource("spark/partials/scripts.ftl"): Found
[DEBUG] 2023-04-19 00:16:52.597 [freemarker.cache] [debug] - Loading template for "spark/partials/scripts.ftl"("en_IN", UTF-8, parsed) from "jar:file:/Users/amandeep.singh/.m2/repository/com/aventstack/extentreports/5.0.7/extentreports-5.0.7.jar!/com/aventstack/extentreports/templates/spark/partials/scripts.ftl"
[DEBUG] 2023-04-19 00:16:52.599 [freemarker.cache] [debug] - Couldn't find template in cache for "commons/commons-inject-js.ftl"("en_IN", UTF-8, parsed); will try to load it.
[DEBUG] 2023-04-19 00:16:52.600 [freemarker.cache] [debug] - TemplateLoader.findTemplateSource("commons/commons-inject-js_en_IN.ftl"): Not found
[DEBUG] 2023-04-19 00:16:52.601 [freemarker.cache] [debug] - TemplateLoader.findTemplateSource("commons/commons-inject-js_en.ftl"): Not found
[DEBUG] 2023-04-19 00:16:52.601 [freemarker.cache] [debug] - TemplateLoader.findTemplateSource("commons/commons-inject-js.ftl"): Found
[DEBUG] 2023-04-19 00:16:52.601 [freemarker.cache] [debug] - Loading template for "commons/commons-inject-js.ftl"("en_IN", UTF-8, parsed) from "jar:file:/Users/amandeep.singh/.m2/repository/com/aventstack/extentreports/5.0.7/extentreports-5.0.7.jar!/com/aventstack/extentreports/templates/commons/commons-inject-js.ftl"
