[INFO ] 2023-04-05 21:16:35.992 [jobOrder.TG_6129_RepeatOpenOrder] [enterUsername] - Entering new user's first name
[INFO ] 2023-04-05 21:16:36.933 [jobOrder.TG_6129_RepeatOpenOrder] [enterUsername] - User's first name entered successfully
[INFO ] 2023-04-05 21:16:36.934 [jobOrder.TG_6129_RepeatOpenOrder] [enterPassword] - Entering new user's last name
[INFO ] 2023-04-05 21:16:37.102 [jobOrder.TG_6129_RepeatOpenOrder] [enterPassword] - User's last name entered successfully
[INFO ] 2023-04-05 21:16:37.102 [jobOrder.TG_6129_RepeatOpenOrder] [clickLoginButton] - Clicking on Login Button
[INFO ] 2023-04-05 21:16:37.622 [jobOrder.TG_6129_RepeatOpenOrder] [clickLoginButton] - Close Pop Up clicked successfully
[INFO ] 2023-04-05 21:16:40.629 [jobOrder.TG_6129_RepeatOpenOrder] [clickOrdersMenuOnHiringHomePage] - Clicking Order menu present on the Hiring homepage
[INFO ] 2023-04-05 21:16:53.087 [jobOrder.TG_6129_RepeatOpenOrder] [clickOrdersMenuOnHiringHomePage] - Order menu present on the Hiring hompage clicked successfully.
[INFO ] 2023-04-05 21:17:03.116 [jobOrder.TG_6129_RepeatOpenOrder] [clickCompletedOrdersTab] - Clicking on the Completed Orders Tab 
[INFO ] 2023-04-05 21:17:03.572 [jobOrder.TG_6129_RepeatOpenOrder] [clickCompletedOrdersTab] - Completed Tab Clicked Successfully
[INFO ] 2023-04-05 21:17:18.582 [jobOrder.TG_6129_RepeatOpenOrder] [clickCompletedOrder] - Clicking on the Completed Order 
[INFO ] 2023-04-05 21:17:20.912 [jobOrder.TG_6129_RepeatOpenOrder] [clickCompletedOrder] - Completed Order Clicked Successfully
[INFO ] 2023-04-05 21:17:20.914 [jobOrder.TG_6129_RepeatOpenOrder] [getJobSiteText] - Getting Job site text
[INFO ] 2023-04-05 21:17:22.782 [jobOrder.TG_6129_RepeatOpenOrder] [getJobSiteText] - Got the text successfully
[INFO ] 2023-04-05 21:17:22.784 [jobOrder.TG_6129_RepeatOpenOrder] [getJobTitleText] - Getting Job Title text
[INFO ] 2023-04-05 21:17:22.908 [jobOrder.TG_6129_RepeatOpenOrder] [getJobTitleText] - Got the text successfully
[INFO ] 2023-04-05 21:17:22.909 [jobOrder.TG_6129_RepeatOpenOrder] [getJobIndustryText] - Getting Job Industry text
[INFO ] 2023-04-05 21:17:23.078 [jobOrder.TG_6129_RepeatOpenOrder] [getJobIndustryText] - Got the text successfully
[INFO ] 2023-04-05 21:17:23.078 [jobOrder.TG_6129_RepeatOpenOrder] [getEstHoursText] - Getting getEstHoursText
[INFO ] 2023-04-05 21:17:23.233 [jobOrder.TG_6129_RepeatOpenOrder] [getEstHoursText] - Got the text successfully
[INFO ] 2023-04-05 21:17:23.233 [jobOrder.TG_6129_RepeatOpenOrder] [getNoOfWorkers] - Getting Number of Workers
[INFO ] 2023-04-05 21:17:23.594 [jobOrder.TG_6129_RepeatOpenOrder] [getNoOfWorkers] - Got the text successfully
[INFO ] 2023-04-05 21:17:23.594 [jobOrder.TG_6129_RepeatOpenOrder] [getESignature] - Getting ESignature Value
[INFO ] 2023-04-05 21:17:23.704 [jobOrder.TG_6129_RepeatOpenOrder] [getESignature] - Got the text successfully
[INFO ] 2023-04-05 21:17:25.716 [jobOrder.TG_6129_RepeatOpenOrder] [clickRepeatOrderButton] - Clicking on the Repeat Order Button
[INFO ] 2023-04-05 21:17:25.980 [jobOrder.TG_6129_RepeatOpenOrder] [clickRepeatOrderButton] - Repeat Order Button Clicked Successfully
[INFO ] 2023-04-05 21:17:25.986 [jobOrder.TG_6129_RepeatOpenOrder] [clickOpenOrderCheckbox] - Clicking on the Open Order Checkbox
[INFO ] 2023-04-05 21:17:26.843 [jobOrder.TG_6129_RepeatOpenOrder] [clickOpenOrderCheckbox] - Open Order Checkbox Clicked Successfully
[INFO ] 2023-04-05 21:17:26.844 [jobOrder.TG_6129_RepeatOpenOrder] [clickProceedButton] - Clicking on the Proceed Button
[INFO ] 2023-04-05 21:17:27.440 [jobOrder.TG_6129_RepeatOpenOrder] [clickProceedButton] - Proceed Button Clicked Successfully
[INFO ] 2023-04-05 21:17:27.441 [jobOrder.TG_6129_RepeatOpenOrder] [verifyJobSiteTextIsPresent] - Verifying same Job Site present
[INFO ] 2023-04-05 21:17:27.944 [jobOrder.TG_6129_RepeatOpenOrder] [verifyJobSiteTextIsPresent] - Same job site is present
[INFO ] 2023-04-05 21:17:27.951 [jobOrder.TG_6129_RepeatOpenOrder] [verifyJobTitleTextIsPresent] - Verifying same Job Title present
[INFO ] 2023-04-05 21:17:28.113 [jobOrder.TG_6129_RepeatOpenOrder] [verifyJobTitleTextIsPresent] - Same job Title is present
[INFO ] 2023-04-05 21:17:28.114 [jobOrder.TG_6129_RepeatOpenOrder] [verifyJobIndustryTextIsPresent] - Verifying same Job Industry present
[INFO ] 2023-04-05 21:17:28.199 [jobOrder.TG_6129_RepeatOpenOrder] [verifyJobIndustryTextIsPresent] - Same job Industry is present
[INFO ] 2023-04-05 21:17:28.199 [jobOrder.TG_6129_RepeatOpenOrder] [verifyEstHoursTextIsPresent] - Verifying same Estimated Hours present
[INFO ] 2023-04-05 21:17:28.234 [jobOrder.TG_6129_RepeatOpenOrder] [verifyEstHoursTextIsPresent] - Same Estimated Hours is present
[INFO ] 2023-04-05 21:17:28.235 [jobOrder.TG_6129_RepeatOpenOrder] [verifynoOfWorkersTextIsPresent] - Verifying same Number of Workers present
[INFO ] 2023-04-05 21:17:28.262 [jobOrder.TG_6129_RepeatOpenOrder] [verifynoOfWorkersTextIsPresent] - Same Number of Workers is present
[INFO ] 2023-04-05 21:17:28.263 [jobOrder.TG_6129_RepeatOpenOrder] [verifyESignatureTextIsPresent] - Verifying same Esignature present
[INFO ] 2023-04-05 21:17:28.287 [jobOrder.TG_6129_RepeatOpenOrder] [verifyESignatureTextIsPresent] - Same Number of Workers is present
[INFO ] 2023-04-05 21:17:32.304 [jobOrder.TG_6129_RepeatOpenOrder] [enterStartDate] - Entering StartDate
[INFO ] 2023-04-05 21:17:37.767 [jobOrder.TG_6129_RepeatOpenOrder] [enterStartDate] - StartDate entered successfully
[INFO ] 2023-04-05 21:17:39.778 [jobOrder.TG_6129_RepeatOpenOrder] [enterEndDate] - Entering EndDate
[INFO ] 2023-04-05 21:17:45.183 [jobOrder.TG_6129_RepeatOpenOrder] [enterEndDate] - EndDate entered successfully
[INFO ] 2023-04-05 21:17:47.190 [jobOrder.TG_6129_RepeatOpenOrder] [enterAvailability] - Entering Availability
[INFO ] 2023-04-05 21:17:47.610 [jobOrder.TG_6129_RepeatOpenOrder] [enterAvailability] - Availabilit entered successfully
