[INFO ] 2023-01-16 11:38:20.075 [company.TG_4325_ApproveClaimFromHiring] [Tag_EndToEndFlowNewOrderHiring] - Started==Starting End To End Flow NewOrderHiring
[INFO ] 2023-01-16 11:38:27.906 [company.TG_4325_ApproveClaimFromHiring] [enterUsername] - Entering new user's first name
[INFO ] 2023-01-16 11:38:29.468 [company.TG_4325_ApproveClaimFromHiring] [enterUsername] - User's first name entered successfully
[INFO ] 2023-01-16 11:38:29.473 [company.TG_4325_ApproveClaimFromHiring] [enterPassword] - Entering new user's last name
[INFO ] 2023-01-16 11:38:29.900 [company.TG_4325_ApproveClaimFromHiring] [enterPassword] - User's last name entered successfully
[INFO ] 2023-01-16 11:38:29.902 [company.TG_4325_ApproveClaimFromHiring] [clickLoginButton] - Clicking on Login Button
[INFO ] 2023-01-16 11:38:30.620 [company.TG_4325_ApproveClaimFromHiring] [clickLoginButton] - Close Pop Up clicked successfully
[INFO ] 2023-01-16 11:38:30.622 [company.TG_4325_ApproveClaimFromHiring] [newOrderHiring] - Clicking on New Order Button
[INFO ] 2023-01-16 11:38:46.273 [company.TG_4325_ApproveClaimFromHiring] [newOrderHiring] - New Order Button clicked successfully
[INFO ] 2023-01-16 11:38:46.286 [company.TG_4325_ApproveClaimFromHiring] [newOrderHiring] - Entering EstDailyHours
[INFO ] 2023-01-16 11:38:56.704 [company.TG_4325_ApproveClaimFromHiring] [newOrderHiring] - EstDailyHours entered successfully
[INFO ] 2023-01-16 11:38:56.715 [company.TG_4325_ApproveClaimFromHiring] [newOrderHiring] - Entering StartDate
[INFO ] 2023-01-16 11:39:03.166 [company.TG_4325_ApproveClaimFromHiring] [newOrderHiring] - StartDate entered successfully
[INFO ] 2023-01-16 11:39:03.171 [company.TG_4325_ApproveClaimFromHiring] [newOrderHiring] - Entering EndDate
[INFO ] 2023-01-16 11:39:14.766 [company.TG_4325_ApproveClaimFromHiring] [newOrderHiring] - EndDate entered successfully
[INFO ] 2023-01-16 11:39:14.776 [company.TG_4325_ApproveClaimFromHiring] [newOrderHiring] - Entering StartTime
[INFO ] 2023-01-16 11:39:18.604 [company.TG_4325_ApproveClaimFromHiring] [newOrderHiring] - StartTime entered successfully
[INFO ] 2023-01-16 11:39:18.606 [company.TG_4325_ApproveClaimFromHiring] [newOrderHiring] - Entering Availability
[INFO ] 2023-01-16 11:39:19.002 [company.TG_4325_ApproveClaimFromHiring] [newOrderHiring] - Availabilit entered successfully
[INFO ] 2023-01-16 11:39:19.003 [company.TG_4325_ApproveClaimFromHiring] [newOrderHiring] - Entering JobSite
[INFO ] 2023-01-16 11:39:25.827 [company.TG_4325_ApproveClaimFromHiring] [newOrderHiring] - JobSite entered successfully
[INFO ] 2023-01-16 11:39:25.833 [company.TG_4325_ApproveClaimFromHiring] [newOrderHiring] - Entering JobTitle
[INFO ] 2023-01-16 11:39:35.279 [company.TG_4325_ApproveClaimFromHiring] [newOrderHiring] - JobTitle entered successfully
[INFO ] 2023-01-16 11:39:35.288 [company.TG_4325_ApproveClaimFromHiring] [newOrderHiring] - Entering No Of Workers
[INFO ] 2023-01-16 11:39:40.695 [company.TG_4325_ApproveClaimFromHiring] [newOrderHiring] - NoOfWorkers entered successfully
[INFO ] 2023-01-16 11:39:40.696 [company.TG_4325_ApproveClaimFromHiring] [newOrderHiring] - Entering ESignature
[INFO ] 2023-01-16 11:39:43.968 [company.TG_4325_ApproveClaimFromHiring] [newOrderHiring] - ESignature entered successfully
[INFO ] 2023-01-16 11:39:43.970 [company.TG_4325_ApproveClaimFromHiring] [newOrderHiring] - clickAgreeContract
[INFO ] 2023-01-16 11:39:44.210 [company.TG_4325_ApproveClaimFromHiring] [newOrderHiring] - clickAgreeContract successfully
[INFO ] 2023-01-16 11:39:44.210 [company.TG_4325_ApproveClaimFromHiring] [newOrderHiring] - clickSaveButton
[INFO ] 2023-01-16 11:39:44.792 [company.TG_4325_ApproveClaimFromHiring] [newOrderHiring] - SaveButton Clicked successfully
[INFO ] 2023-01-16 11:39:53.591 [company.TG_4325_ApproveClaimFromHiring] [newOrderHiring] - Job order link present on the home page clicked
[INFO ] 2023-01-16 11:40:06.306 [company.TG_4325_ApproveClaimFromHiring] [newOrderHiring] - Verify Job Order Id and Email Successfully
[INFO ] 2023-01-16 11:40:22.531 [company.TG_4325_ApproveClaimFromHiring] [Tag_EndToEndFlowClaimFromStaffing] - Started==Starting End To End Flow ClaimFromStaffing
[INFO ] 2023-01-16 11:40:54.413 [company.TG_4325_ApproveClaimFromHiring] [enterUsername] - Entering new user's first name
[INFO ] 2023-01-16 11:40:56.642 [company.TG_4325_ApproveClaimFromHiring] [enterUsername] - User's first name entered successfully
[INFO ] 2023-01-16 11:40:56.644 [company.TG_4325_ApproveClaimFromHiring] [enterPassword] - Entering new user's last name
[INFO ] 2023-01-16 11:40:57.378 [company.TG_4325_ApproveClaimFromHiring] [enterPassword] - User's last name entered successfully
[INFO ] 2023-01-16 11:40:57.379 [company.TG_4325_ApproveClaimFromHiring] [clickLoginButton] - Clicking on Login Button
[INFO ] 2023-01-16 11:40:58.001 [company.TG_4325_ApproveClaimFromHiring] [clickLoginButton] - Close Pop Up clicked successfully
[INFO ] 2023-01-16 11:40:58.005 [company.TG_4325_ApproveClaimFromHiring] [ClaimOrderForStaffing] - Clicking Job orders menu present on the staffing homepage navigates to joborder listing form 
