[INFO ] 2023-05-30 21:34:11.538 [directOrder.TG_5801_DirectOrderFullClaim] [enterUsername] - Entering new user's first name
[INFO ] 2023-05-30 21:34:15.351 [directOrder.TG_5801_DirectOrderFullClaim] [enterUsername] - User's first name entered successfully
[INFO ] 2023-05-30 21:34:15.355 [directOrder.TG_5801_DirectOrderFullClaim] [enterPassword] - Entering new user's last name
[INFO ] 2023-05-30 21:34:16.109 [directOrder.TG_5801_DirectOrderFullClaim] [enterPassword] - User's last name entered successfully
[INFO ] 2023-05-30 21:34:16.110 [directOrder.TG_5801_DirectOrderFullClaim] [clickLoginButton] - Clicking on Login Button
[INFO ] 2023-05-30 21:34:17.024 [directOrder.TG_5801_DirectOrderFullClaim] [clickLoginButton] - Close Pop Up clicked successfully
[INFO ] 2023-05-30 21:34:17.025 [directOrder.TG_5801_DirectOrderFullClaim] [clickStaffingCompanies] - Clicking on Staffing Companies Button
[INFO ] 2023-05-30 21:34:38.345 [directOrder.TG_5801_DirectOrderFullClaim] [clickStaffingCompanies] - Staffing Companies Button clicked successfully
[INFO ] 2023-05-30 21:34:38.347 [directOrder.TG_5801_DirectOrderFullClaim] [verifyStaffingCompanyList] - Verify Staffing Company List is displayed
[INFO ] 2023-05-30 21:34:40.387 [directOrder.TG_5801_DirectOrderFullClaim] [verifyStaffingCompanyList] - Staffing Company List displayed successfully
[INFO ] 2023-05-30 21:34:48.398 [directOrder.TG_5801_DirectOrderFullClaim] [clickHundredFilter] - Clicking on 100 records button
[INFO ] 2023-05-30 21:34:49.099 [directOrder.TG_5801_DirectOrderFullClaim] [clickHundredFilter] - 100 records button clicked Successfully
[INFO ] 2023-05-30 21:34:54.109 [directOrder.TG_5801_DirectOrderFullClaim] [clickStaffingCompanyDirectOrder] - Clicking on Staffing Companies Button
[INFO ] 2023-05-30 21:35:02.159 [directOrder.TG_5801_DirectOrderFullClaim] [clickStaffingCompanyDirectOrder] - Staffing Companies Button clicked successfully
[INFO ] 2023-05-30 21:35:05.166 [directOrder.TG_5801_DirectOrderFullClaim] [clickPlaceOrderButton] - Clicking on Staffing Company
[INFO ] 2023-05-30 21:35:07.117 [directOrder.TG_5801_DirectOrderFullClaim] [clickPlaceOrderButton] - Staffing Company clicked successfully
[INFO ] 2023-05-30 21:35:07.117 [directOrder.TG_5801_DirectOrderFullClaim] [enterEstDailyHours] - Entering EstDailyHours
[INFO ] 2023-05-30 21:35:19.786 [directOrder.TG_5801_DirectOrderFullClaim] [enterEstDailyHours] - EstDailyHours entered successfully
[INFO ] 2023-05-30 21:35:21.793 [directOrder.TG_5801_DirectOrderFullClaim] [enterTodaysDate] - Entering StartDate
[INFO ] 2023-05-30 21:35:28.097 [directOrder.TG_5801_DirectOrderFullClaim] [enterTodaysDate] - StartDate entered successfully
[INFO ] 2023-05-30 21:35:30.106 [directOrder.TG_5801_DirectOrderFullClaim] [enterTodaysDateplus1] - Entering End Date
[INFO ] 2023-05-30 21:35:36.287 [directOrder.TG_5801_DirectOrderFullClaim] [enterTodaysDateplus1] - StartDate entered successfully
[INFO ] 2023-05-30 21:35:38.299 [directOrder.TG_5801_DirectOrderFullClaim] [enterStartTime] - Entering StartTime
[INFO ] 2023-05-30 21:35:39.711 [directOrder.TG_5801_DirectOrderFullClaim] [enterStartTime] - StartTime entered successfully
[INFO ] 2023-05-30 21:35:41.713 [directOrder.TG_5801_DirectOrderFullClaim] [enterAvailability] - Entering Availability
