[INFO ] 2023-03-10 20:29:47.744 [CRM.TG_5558_Staffing_Company_Creation_Via_TAG] [TG_5461_VerifyUserIsAbleToRouteToLeadFormSuccessfully] - Logging in
[INFO ] 2023-03-10 20:29:51.803 [CRM.TG_5558_Staffing_Company_Creation_Via_TAG] [TG_5461_VerifyUserIsAbleToRouteToLeadFormSuccessfully] - Entering Username
[INFO ] 2023-03-10 20:29:51.804 [CRM.TG_5558_Staffing_Company_Creation_Via_TAG] [enterUsername] - Entering new user's first name
[INFO ] 2023-03-10 20:29:53.626 [CRM.TG_5558_Staffing_Company_Creation_Via_TAG] [enterUsername] - User's first name entered successfully
[INFO ] 2023-03-10 20:29:53.626 [CRM.TG_5558_Staffing_Company_Creation_Via_TAG] [TG_5461_VerifyUserIsAbleToRouteToLeadFormSuccessfully] - Username Entered Successfully
[INFO ] 2023-03-10 20:29:53.626 [CRM.TG_5558_Staffing_Company_Creation_Via_TAG] [TG_5461_VerifyUserIsAbleToRouteToLeadFormSuccessfully] - Entering Password
[INFO ] 2023-03-10 20:29:53.627 [CRM.TG_5558_Staffing_Company_Creation_Via_TAG] [enterPassword] - Entering new user's last name
[INFO ] 2023-03-10 20:29:53.777 [CRM.TG_5558_Staffing_Company_Creation_Via_TAG] [enterPassword] - User's last name entered successfully
[INFO ] 2023-03-10 20:29:53.777 [CRM.TG_5558_Staffing_Company_Creation_Via_TAG] [TG_5461_VerifyUserIsAbleToRouteToLeadFormSuccessfully] - Password Entered Successfully
[INFO ] 2023-03-10 20:29:53.778 [CRM.TG_5558_Staffing_Company_Creation_Via_TAG] [TG_5461_VerifyUserIsAbleToRouteToLeadFormSuccessfully] - Clicking on Login Button
[INFO ] 2023-03-10 20:29:53.778 [CRM.TG_5558_Staffing_Company_Creation_Via_TAG] [clickLoginButton] - Clicking on Login Button
[INFO ] 2023-03-10 20:29:54.295 [CRM.TG_5558_Staffing_Company_Creation_Via_TAG] [clickLoginButton] - Close Pop Up clicked successfully
[INFO ] 2023-03-10 20:29:54.299 [CRM.TG_5558_Staffing_Company_Creation_Via_TAG] [TG_5461_VerifyUserIsAbleToRouteToLeadFormSuccessfully] - Verifying CRM Icon
[INFO ] 2023-03-10 20:29:54.299 [CRM.TG_5558_Staffing_Company_Creation_Via_TAG] [verifyCRMTextOnStaffingHomepage] - Check for CRM Icon on Homepage
[INFO ] 2023-03-10 20:30:05.364 [CRM.TG_5558_Staffing_Company_Creation_Via_TAG] [verifyCRMTextOnStaffingHomepage] - CRM Icon displayed successfully
[INFO ] 2023-03-10 20:30:05.370 [CRM.TG_5558_Staffing_Company_Creation_Via_TAG] [TG_5461_VerifyUserIsAbleToRouteToLeadFormSuccessfully] - CRM Icon Verified successfully
[INFO ] 2023-03-10 20:30:05.370 [CRM.TG_5558_Staffing_Company_Creation_Via_TAG] [TG_5461_VerifyUserIsAbleToRouteToLeadFormSuccessfully] - Clicking on CRM Icon
[INFO ] 2023-03-10 20:30:05.370 [CRM.TG_5558_Staffing_Company_Creation_Via_TAG] [clickCRMIcoOnHomepage] - Clicking on CRM Button
[INFO ] 2023-03-10 20:30:10.494 [CRM.TG_5558_Staffing_Company_Creation_Via_TAG] [clickCRMIcoOnHomepage] - CRM Button clicked successfully
[INFO ] 2023-03-10 20:30:10.495 [CRM.TG_5558_Staffing_Company_Creation_Via_TAG] [TG_5461_VerifyUserIsAbleToRouteToLeadFormSuccessfully] - CRM Icon Clicked Successfully
[INFO ] 2023-03-10 20:30:12.499 [CRM.TG_5558_Staffing_Company_Creation_Via_TAG] [TG_5461_VerifyUserIsAbleToRouteToLeadFormSuccessfully] - Clicking on Lead Icon
[INFO ] 2023-03-10 20:30:12.504 [CRM.TG_5558_Staffing_Company_Creation_Via_TAG] [clickLeadIcon] - Clicking on Lead Button
[INFO ] 2023-03-10 20:30:13.825 [CRM.TG_5558_Staffing_Company_Creation_Via_TAG] [clickLeadIcon] - Lead Button clicked successfully
[INFO ] 2023-03-10 20:30:13.826 [CRM.TG_5558_Staffing_Company_Creation_Via_TAG] [TG_5461_VerifyUserIsAbleToRouteToLeadFormSuccessfully] - Lead Icon Clicked Successfully
[INFO ] 2023-03-10 20:30:15.831 [CRM.TG_5558_Staffing_Company_Creation_Via_TAG] [TG_5461_VerifyUserIsAbleToRouteToLeadFormSuccessfully] - Verify Listing Form
[INFO ] 2023-03-10 20:30:15.832 [CRM.TG_5558_Staffing_Company_Creation_Via_TAG] [verifyLeadListingForm] - Check for Lead Title
[INFO ] 2023-03-10 20:30:16.009 [CRM.TG_5558_Staffing_Company_Creation_Via_TAG] [verifyLeadListingForm] - Lead Title displayed successfully
[INFO ] 2023-03-10 20:30:16.010 [CRM.TG_5558_Staffing_Company_Creation_Via_TAG] [TG_5461_VerifyUserIsAbleToRouteToLeadFormSuccessfully] - Listing Form verified successfully
[INFO ] 2023-03-10 20:30:18.018 [CRM.TG_5558_Staffing_Company_Creation_Via_TAG] [TG_5461_VerifyUserIsAbleToRouteToLeadFormSuccessfully] - Clicking on Add Lead Button
[INFO ] 2023-03-10 20:30:18.021 [CRM.TG_5558_Staffing_Company_Creation_Via_TAG] [clickAddLeadButton] - Clicking on Lead Button
[INFO ] 2023-03-10 20:30:19.210 [CRM.TG_5558_Staffing_Company_Creation_Via_TAG] [clickAddLeadButton] - Add Lead Button clicked successfully
[INFO ] 2023-03-10 20:30:19.211 [CRM.TG_5558_Staffing_Company_Creation_Via_TAG] [TG_5461_VerifyUserIsAbleToRouteToLeadFormSuccessfully] - Add Lead Button Clicked Successfully
[INFO ] 2023-03-10 20:30:21.216 [CRM.TG_5558_Staffing_Company_Creation_Via_TAG] [TG_5461_VerifyUserIsAbleToRouteToLeadFormSuccessfully] - Verifying the Lead Form Title
[INFO ] 2023-03-10 20:30:21.218 [CRM.TG_5558_Staffing_Company_Creation_Via_TAG] [verifyLeadForm] - Check for New Lead Form
[INFO ] 2023-03-10 20:30:21.309 [CRM.TG_5558_Staffing_Company_Creation_Via_TAG] [verifyLeadForm] - New Lead Form displayed successfully
[INFO ] 2023-03-10 20:30:21.309 [CRM.TG_5558_Staffing_Company_Creation_Via_TAG] [TG_5461_VerifyUserIsAbleToRouteToLeadFormSuccessfully] - Lead Form Title is Verified Successfully
[INFO ] 2023-03-10 20:30:21.357 [CRM.TG_5558_Staffing_Company_Creation_Via_TAG] [TG_5466_VerifyLeadCreatedSuccessfully] - Verifying Mandatory Fields
[INFO ] 2023-03-10 20:30:21.357 [CRM.TG_5558_Staffing_Company_Creation_Via_TAG] [clickSaveButton] - Clicking on Save Button
[INFO ] 2023-03-10 20:30:21.944 [CRM.TG_5558_Staffing_Company_Creation_Via_TAG] [clickSaveButton] - Save Button clicked successfully
[INFO ] 2023-03-10 20:30:23.950 [CRM.TG_5558_Staffing_Company_Creation_Via_TAG] [verifyMandatoryFieldIsBlank] - Verifying the Mandatory Field Pop-Up Title
[INFO ] 2023-03-10 20:30:24.017 [CRM.TG_5558_Staffing_Company_Creation_Via_TAG] [verifyMandatoryFieldIsBlank] - Mandatory Field Pop-Up Title displayed Successfully
[INFO ] 2023-03-10 20:30:26.023 [CRM.TG_5558_Staffing_Company_Creation_Via_TAG] [TG_5466_VerifyLeadCreatedSuccessfully] - Closing the Pop-up
[INFO ] 2023-03-10 20:30:26.025 [CRM.TG_5558_Staffing_Company_Creation_Via_TAG] [closeBlankMandatoryFieldDialogBox] - Clicking on Close Pop-Up Icon
[INFO ] 2023-03-10 20:30:26.182 [CRM.TG_5558_Staffing_Company_Creation_Via_TAG] [closeBlankMandatoryFieldDialogBox] - Close Pop-Up Icon Clicked Successfully
[INFO ] 2023-03-10 20:30:26.183 [CRM.TG_5558_Staffing_Company_Creation_Via_TAG] [TG_5466_VerifyLeadCreatedSuccessfully] - Pop-up closed Successfully
[INFO ] 2023-03-10 20:30:28.188 [CRM.TG_5558_Staffing_Company_Creation_Via_TAG] [TG_5466_VerifyLeadCreatedSuccessfully] - Entering First Name
[INFO ] 2023-03-10 20:30:28.194 [CRM.TG_5558_Staffing_Company_Creation_Via_TAG] [enterFirstName] - Entering First Name
[INFO ] 2023-03-10 20:30:28.393 [CRM.TG_5558_Staffing_Company_Creation_Via_TAG] [enterFirstName] - First Name Entered Successfully
[INFO ] 2023-03-10 20:30:28.394 [CRM.TG_5558_Staffing_Company_Creation_Via_TAG] [TG_5466_VerifyLeadCreatedSuccessfully] - First Name Entered Successfully
[INFO ] 2023-03-10 20:30:28.394 [CRM.TG_5558_Staffing_Company_Creation_Via_TAG] [TG_5466_VerifyLeadCreatedSuccessfully] - Entering Last Name
[INFO ] 2023-03-10 20:30:28.394 [CRM.TG_5558_Staffing_Company_Creation_Via_TAG] [enterLastName] - Entering Last Name
[INFO ] 2023-03-10 20:30:28.469 [CRM.TG_5558_Staffing_Company_Creation_Via_TAG] [enterLastName] - Last Name Entered Successfully
[INFO ] 2023-03-10 20:30:28.470 [CRM.TG_5558_Staffing_Company_Creation_Via_TAG] [TG_5466_VerifyLeadCreatedSuccessfully] - Last Name Entered Successfully
[INFO ] 2023-03-10 20:30:28.470 [CRM.TG_5558_Staffing_Company_Creation_Via_TAG] [TG_5466_VerifyLeadCreatedSuccessfully] - Entering Company Type
[INFO ] 2023-03-10 20:30:28.470 [CRM.TG_5558_Staffing_Company_Creation_Via_TAG] [enterCompanyType] - Entering Lead
[INFO ] 2023-03-10 20:30:28.605 [CRM.TG_5558_Staffing_Company_Creation_Via_TAG] [enterCompanyType] - Lead Entered Successfully
[INFO ] 2023-03-10 20:30:28.605 [CRM.TG_5558_Staffing_Company_Creation_Via_TAG] [TG_5466_VerifyLeadCreatedSuccessfully] - Company Type Entered Successfully
[INFO ] 2023-03-10 20:30:28.605 [CRM.TG_5558_Staffing_Company_Creation_Via_TAG] [TG_5466_VerifyLeadCreatedSuccessfully] - Entering Company Name
[INFO ] 2023-03-10 20:30:28.606 [CRM.TG_5558_Staffing_Company_Creation_Via_TAG] [enterCompanyName] - Entering Company Name
[INFO ] 2023-03-10 20:30:28.939 [CRM.TG_5558_Staffing_Company_Creation_Via_TAG] [enterCompanyName] - Company Name Entered Successfully
[INFO ] 2023-03-10 20:30:28.940 [CRM.TG_5558_Staffing_Company_Creation_Via_TAG] [TG_5466_VerifyLeadCreatedSuccessfully] - Company Name Entered Successfully
[INFO ] 2023-03-10 20:30:28.940 [CRM.TG_5558_Staffing_Company_Creation_Via_TAG] [TG_5466_VerifyLeadCreatedSuccessfully] - Entering Email
[INFO ] 2023-03-10 20:30:28.940 [CRM.TG_5558_Staffing_Company_Creation_Via_TAG] [enterEmail] - Entering Email
[INFO ] 2023-03-10 20:30:29.144 [CRM.TG_5558_Staffing_Company_Creation_Via_TAG] [enterEmail] - Email Entered Successfully
[INFO ] 2023-03-10 20:30:29.145 [CRM.TG_5558_Staffing_Company_Creation_Via_TAG] [TG_5466_VerifyLeadCreatedSuccessfully] - Email Entered Successfully
[INFO ] 2023-03-10 20:30:31.151 [CRM.TG_5558_Staffing_Company_Creation_Via_TAG] [TG_5466_VerifyLeadCreatedSuccessfully] - Entering Phone Number
[INFO ] 2023-03-10 20:30:31.153 [CRM.TG_5558_Staffing_Company_Creation_Via_TAG] [enterPhoneNumber] - Entering Phone Number
[INFO ] 2023-03-10 20:30:31.251 [CRM.TG_5558_Staffing_Company_Creation_Via_TAG] [enterPhoneNumber] - Phone Number Entered Successfully
[INFO ] 2023-03-10 20:30:31.251 [CRM.TG_5558_Staffing_Company_Creation_Via_TAG] [TG_5466_VerifyLeadCreatedSuccessfully] - Phone Number Entered Successfully
[INFO ] 2023-03-10 20:30:33.257 [CRM.TG_5558_Staffing_Company_Creation_Via_TAG] [TG_5466_VerifyLeadCreatedSuccessfully] - Entering Employee Address
[INFO ] 2023-03-10 20:30:33.258 [CRM.TG_5558_Staffing_Company_Creation_Via_TAG] [enterEmployeeAddressOnMaps] - Etering employee address on maps
[INFO ] 2023-03-10 20:30:34.564 [CRM.TG_5558_Staffing_Company_Creation_Via_TAG] [enterEmployeeAddressOnMaps] - Employee entered successfully
[INFO ] 2023-03-10 20:30:34.564 [CRM.TG_5558_Staffing_Company_Creation_Via_TAG] [TG_5466_VerifyLeadCreatedSuccessfully] - Employee Address Entered Successfull
[INFO ] 2023-03-10 20:30:36.569 [CRM.TG_5558_Staffing_Company_Creation_Via_TAG] [TG_5466_VerifyLeadCreatedSuccessfully] - Clicking on Save Button
[INFO ] 2023-03-10 20:30:36.571 [CRM.TG_5558_Staffing_Company_Creation_Via_TAG] [clickSaveButton] - Clicking on Save Button
[INFO ] 2023-03-10 20:30:36.696 [CRM.TG_5558_Staffing_Company_Creation_Via_TAG] [clickSaveButton] - Save Button clicked successfully
[INFO ] 2023-03-10 20:30:36.696 [CRM.TG_5558_Staffing_Company_Creation_Via_TAG] [TG_5466_VerifyLeadCreatedSuccessfully] - Save Button Clicked Successfully
[INFO ] 2023-03-10 20:30:39.698 [CRM.TG_5558_Staffing_Company_Creation_Via_TAG] [TG_5466_VerifyLeadCreatedSuccessfully] - Verify the LEAD Status
[INFO ] 2023-03-10 20:30:39.699 [CRM.TG_5558_Staffing_Company_Creation_Via_TAG] [verifyLeadStatus] - Check for Status as Lead
[INFO ] 2023-03-10 20:30:39.839 [CRM.TG_5558_Staffing_Company_Creation_Via_TAG] [verifyLeadStatus] - Status verified as Lead successfully
[INFO ] 2023-03-10 20:30:39.839 [CRM.TG_5558_Staffing_Company_Creation_Via_TAG] [TG_5466_VerifyLeadCreatedSuccessfully] - LEAD Status verified Successfully
[INFO ] 2023-03-10 20:30:41.842 [CRM.TG_5558_Staffing_Company_Creation_Via_TAG] [TG_5466_VerifyLeadCreatedSuccessfully] - Clicking Lead Link for Listing form
[INFO ] 2023-03-10 20:30:41.844 [CRM.TG_5558_Staffing_Company_Creation_Via_TAG] [clickLeadLinkforListingForm] - Click on Lead for Listing form
[INFO ] 2023-03-10 20:30:42.199 [CRM.TG_5558_Staffing_Company_Creation_Via_TAG] [clickLeadLinkforListingForm] - Lead for Listing form clicked Successfully
[INFO ] 2023-03-10 20:30:42.200 [CRM.TG_5558_Staffing_Company_Creation_Via_TAG] [TG_5466_VerifyLeadCreatedSuccessfully] - Lead Link for Listing form clicked Successfully
[INFO ] 2023-03-10 20:30:42.200 [CRM.TG_5558_Staffing_Company_Creation_Via_TAG] [TG_5466_VerifyLeadCreatedSuccessfully] - Verify Lead created Successfully or not
[INFO ] 2023-03-10 20:30:42.200 [CRM.TG_5558_Staffing_Company_Creation_Via_TAG] [verifyCreatedLead] - Check for Created Lead
[INFO ] 2023-03-10 20:30:42.317 [CRM.TG_5558_Staffing_Company_Creation_Via_TAG] [verifyCreatedLead] - Created Lead displayed successfully
[INFO ] 2023-03-10 20:30:42.317 [CRM.TG_5558_Staffing_Company_Creation_Via_TAG] [TG_5466_VerifyLeadCreatedSuccessfully] - Lead Created Successfully 
[INFO ] 2023-03-10 20:30:44.323 [CRM.TG_5558_Staffing_Company_Creation_Via_TAG] [TG_5466_VerifyLeadCreatedSuccessfully] - Clicking Created Lead from Listing form
[INFO ] 2023-03-10 20:30:44.324 [CRM.TG_5558_Staffing_Company_Creation_Via_TAG] [clickCreatedLead] - Clicking on Created Lead
[INFO ] 2023-03-10 20:30:44.760 [CRM.TG_5558_Staffing_Company_Creation_Via_TAG] [clickCreatedLead] - Created Lead clicked successfully
[INFO ] 2023-03-10 20:30:44.762 [CRM.TG_5558_Staffing_Company_Creation_Via_TAG] [TG_5466_VerifyLeadCreatedSuccessfully] - Created Lead Clicked Successfully
[INFO ] 2023-03-10 20:30:46.764 [CRM.TG_5558_Staffing_Company_Creation_Via_TAG] [TG_5466_VerifyLeadCreatedSuccessfully] - Selecting the Open Lead Status
[INFO ] 2023-03-10 20:30:46.765 [CRM.TG_5558_Staffing_Company_Creation_Via_TAG] [clickLeadStatusOpen] - Clicking on Status dropdown
[INFO ] 2023-03-10 20:30:46.954 [CRM.TG_5558_Staffing_Company_Creation_Via_TAG] [clickLeadStatusOpen] - Open Status entered successfully
[INFO ] 2023-03-10 20:30:46.955 [CRM.TG_5558_Staffing_Company_Creation_Via_TAG] [TG_5466_VerifyLeadCreatedSuccessfully] - Open Lead Status Selected Successfully
[INFO ] 2023-03-10 20:30:48.962 [CRM.TG_5558_Staffing_Company_Creation_Via_TAG] [TG_5466_VerifyLeadCreatedSuccessfully] - Clicking Notes Tab
[INFO ] 2023-03-10 20:30:48.967 [CRM.TG_5558_Staffing_Company_Creation_Via_TAG] [clickNotesTab] - Clicking on Notes Tab
[INFO ] 2023-03-10 20:30:49.102 [CRM.TG_5558_Staffing_Company_Creation_Via_TAG] [clickNotesTab] - Notes Tab clicked successfully
[INFO ] 2023-03-10 20:30:49.102 [CRM.TG_5558_Staffing_Company_Creation_Via_TAG] [TG_5466_VerifyLeadCreatedSuccessfully] - Notes Tab Clicked Successfully
[INFO ] 2023-03-10 20:30:51.108 [CRM.TG_5558_Staffing_Company_Creation_Via_TAG] [TG_5466_VerifyLeadCreatedSuccessfully] - Entering Notes
[INFO ] 2023-03-10 20:30:51.110 [CRM.TG_5558_Staffing_Company_Creation_Via_TAG] [enterNotes] - Entering Note
[INFO ] 2023-03-10 20:30:51.489 [CRM.TG_5558_Staffing_Company_Creation_Via_TAG] [enterNotes] - Note Entered Successfully
[INFO ] 2023-03-10 20:30:51.489 [CRM.TG_5558_Staffing_Company_Creation_Via_TAG] [TG_5466_VerifyLeadCreatedSuccessfully] - Notes Entered Successfully
[INFO ] 2023-03-10 20:30:53.495 [CRM.TG_5558_Staffing_Company_Creation_Via_TAG] [TG_5466_VerifyLeadCreatedSuccessfully] - Clicking Overview Tab
[INFO ] 2023-03-10 20:30:53.496 [CRM.TG_5558_Staffing_Company_Creation_Via_TAG] [clickOverviewTab] - Clicking on Notes Tab
[INFO ] 2023-03-10 20:30:53.614 [CRM.TG_5558_Staffing_Company_Creation_Via_TAG] [clickOverviewTab] - Notes Tab clicked successfully
[INFO ] 2023-03-10 20:30:53.614 [CRM.TG_5558_Staffing_Company_Creation_Via_TAG] [TG_5466_VerifyLeadCreatedSuccessfully] - Overview Tab Clicked Successfully
[INFO ] 2023-03-10 20:30:55.620 [CRM.TG_5558_Staffing_Company_Creation_Via_TAG] [TG_5466_VerifyLeadCreatedSuccessfully] - Selecting the Contract Negotiation Lead Status
[INFO ] 2023-03-10 20:30:55.621 [CRM.TG_5558_Staffing_Company_Creation_Via_TAG] [clickLeadStatusContractNegotiation] - Clicking on Status dropdown
[INFO ] 2023-03-10 20:30:55.759 [CRM.TG_5558_Staffing_Company_Creation_Via_TAG] [clickLeadStatusContractNegotiation] - Contract Negotiation Status entered successfully
[INFO ] 2023-03-10 20:30:55.759 [CRM.TG_5558_Staffing_Company_Creation_Via_TAG] [TG_5466_VerifyLeadCreatedSuccessfully] - Contract Negotiation Lead Status Selected Successfully
[INFO ] 2023-03-10 20:30:57.765 [CRM.TG_5558_Staffing_Company_Creation_Via_TAG] [TG_5466_VerifyLeadCreatedSuccessfully] - Clicking Save Button
[INFO ] 2023-03-10 20:30:57.768 [CRM.TG_5558_Staffing_Company_Creation_Via_TAG] [clickSaveButton] - Clicking on Save Button
[INFO ] 2023-03-10 20:30:57.903 [CRM.TG_5558_Staffing_Company_Creation_Via_TAG] [clickSaveButton] - Save Button clicked successfully
[INFO ] 2023-03-10 20:30:57.903 [CRM.TG_5558_Staffing_Company_Creation_Via_TAG] [TG_5466_VerifyLeadCreatedSuccessfully] - Save Button Clicked Successfully
[INFO ] 2023-03-10 20:30:59.909 [CRM.TG_5558_Staffing_Company_Creation_Via_TAG] [TG_5466_VerifyLeadCreatedSuccessfully] - Verify Prepare Contract Button
[INFO ] 2023-03-10 20:30:59.910 [CRM.TG_5558_Staffing_Company_Creation_Via_TAG] [verifyPrepareContractButton] - Verify Prepare Contract Button
[INFO ] 2023-03-10 20:30:59.945 [CRM.TG_5558_Staffing_Company_Creation_Via_TAG] [verifyPrepareContractButton] - Prepare Contract Button displayed successfully
[INFO ] 2023-03-10 20:30:59.945 [CRM.TG_5558_Staffing_Company_Creation_Via_TAG] [TG_5466_VerifyLeadCreatedSuccessfully] - Prepare Contract Button Verified Successfully
[INFO ] 2023-03-10 20:30:59.945 [CRM.TG_5558_Staffing_Company_Creation_Via_TAG] [TG_5466_VerifyLeadCreatedSuccessfully] - Click Prepare Contract Button
[INFO ] 2023-03-10 20:30:59.946 [CRM.TG_5558_Staffing_Company_Creation_Via_TAG] [clickPrepareContractButton] - Clicking on Prepare Contract Button
[INFO ] 2023-03-10 20:31:00.017 [CRM.TG_5558_Staffing_Company_Creation_Via_TAG] [clickPrepareContractButton] - Prepare Contract Button clicked successfully
[INFO ] 2023-03-10 20:31:00.018 [CRM.TG_5558_Staffing_Company_Creation_Via_TAG] [TG_5466_VerifyLeadCreatedSuccessfully] - Prepare Contract Button Clicked Successfully
[INFO ] 2023-03-10 20:31:02.022 [CRM.TG_5558_Staffing_Company_Creation_Via_TAG] [TG_5466_VerifyLeadCreatedSuccessfully] - Verify Contract Form
[INFO ] 2023-03-10 20:31:02.023 [CRM.TG_5558_Staffing_Company_Creation_Via_TAG] [verifyContractForm] - Check for New Contract Form
[INFO ] 2023-03-10 20:31:02.222 [CRM.TG_5558_Staffing_Company_Creation_Via_TAG] [verifyContractForm] - New Contract Form displayed successfully
[INFO ] 2023-03-10 20:31:02.223 [CRM.TG_5558_Staffing_Company_Creation_Via_TAG] [TG_5466_VerifyLeadCreatedSuccessfully] - New Contract Form verified Successfully
[INFO ] 2023-03-10 20:31:02.223 [CRM.TG_5558_Staffing_Company_Creation_Via_TAG] [TG_5466_VerifyLeadCreatedSuccessfully] - Entering Start Date
[INFO ] 2023-03-10 20:31:02.223 [CRM.TG_5558_Staffing_Company_Creation_Via_TAG] [enterStartDate] - Entering the Start Date 
[INFO ] 2023-03-10 20:31:07.512 [CRM.TG_5558_Staffing_Company_Creation_Via_TAG] [enterStartDate] - Start Date Entered Successfully
[INFO ] 2023-03-10 20:31:07.521 [CRM.TG_5558_Staffing_Company_Creation_Via_TAG] [TG_5466_VerifyLeadCreatedSuccessfully] - Start Date Entered Successfully
[INFO ] 2023-03-10 20:31:09.528 [CRM.TG_5558_Staffing_Company_Creation_Via_TAG] [TG_5466_VerifyLeadCreatedSuccessfully] - Entering End Date
[INFO ] 2023-03-10 20:31:09.530 [CRM.TG_5558_Staffing_Company_Creation_Via_TAG] [enterEndDate] - Entering the End Date
[INFO ] 2023-03-10 20:31:14.893 [CRM.TG_5558_Staffing_Company_Creation_Via_TAG] [enterEndDate] - End Date Entered Successfully
[INFO ] 2023-03-10 20:31:14.896 [CRM.TG_5558_Staffing_Company_Creation_Via_TAG] [TG_5466_VerifyLeadCreatedSuccessfully] - End Date Entered Successfully
[INFO ] 2023-03-10 20:31:16.902 [CRM.TG_5558_Staffing_Company_Creation_Via_TAG] [TG_5466_VerifyLeadCreatedSuccessfully] - Clicking Add Row Button
[INFO ] 2023-03-10 20:31:16.903 [CRM.TG_5558_Staffing_Company_Creation_Via_TAG] [clickAddRowButton1] - Clicking on Add Row Button
[INFO ] 2023-03-10 20:31:17.132 [CRM.TG_5558_Staffing_Company_Creation_Via_TAG] [clickAddRowButton1] - Add Row Button clicked successfully
[INFO ] 2023-03-10 20:31:17.132 [CRM.TG_5558_Staffing_Company_Creation_Via_TAG] [TG_5466_VerifyLeadCreatedSuccessfully] - Add Row Button Clicked Successfully
[INFO ] 2023-03-10 20:31:19.137 [CRM.TG_5558_Staffing_Company_Creation_Via_TAG] [TG_5466_VerifyLeadCreatedSuccessfully] - Clicking Job Industry
[INFO ] 2023-03-10 20:31:19.138 [CRM.TG_5558_Staffing_Company_Creation_Via_TAG] [clickJobIndustryInTable] - Entering Job Industry List in the Table
[INFO ] 2023-03-10 20:31:19.258 [CRM.TG_5558_Staffing_Company_Creation_Via_TAG] [clickJobIndustryInTable] - Clicked Job Industry in the Table successfully
[INFO ] 2023-03-10 20:31:19.259 [CRM.TG_5558_Staffing_Company_Creation_Via_TAG] [TG_5466_VerifyLeadCreatedSuccessfully] - Job Industry Clicked Successfully
[INFO ] 2023-03-10 20:31:21.264 [CRM.TG_5558_Staffing_Company_Creation_Via_TAG] [TG_5466_VerifyLeadCreatedSuccessfully] - Entering Job Industry
[INFO ] 2023-03-10 20:31:21.265 [CRM.TG_5558_Staffing_Company_Creation_Via_TAG] [enterIndustry] - Enter Title
[INFO ] 2023-03-10 20:31:24.566 [CRM.TG_5558_Staffing_Company_Creation_Via_TAG] [enterIndustry] - Entered Job Title in the Table successfully
[INFO ] 2023-03-10 20:31:24.567 [CRM.TG_5558_Staffing_Company_Creation_Via_TAG] [TG_5466_VerifyLeadCreatedSuccessfully] - Job Industry Entered Successfully
[INFO ] 2023-03-10 20:31:26.573 [CRM.TG_5558_Staffing_Company_Creation_Via_TAG] [TG_5466_VerifyLeadCreatedSuccessfully] - Entering Signature
[INFO ] 2023-03-10 20:31:26.577 [CRM.TG_5558_Staffing_Company_Creation_Via_TAG] [enterSign] - Entering Sign
[INFO ] 2023-03-10 20:31:26.787 [CRM.TG_5558_Staffing_Company_Creation_Via_TAG] [enterSign] - Sign Entered Successfully
[INFO ] 2023-03-10 20:31:26.788 [CRM.TG_5558_Staffing_Company_Creation_Via_TAG] [TG_5466_VerifyLeadCreatedSuccessfully] - Signature Entered Successfully
[INFO ] 2023-03-10 20:31:28.793 [CRM.TG_5558_Staffing_Company_Creation_Via_TAG] [TG_5466_VerifyLeadCreatedSuccessfully] - Clicking Save Button in Contract
[INFO ] 2023-03-10 20:31:28.795 [CRM.TG_5558_Staffing_Company_Creation_Via_TAG] [clickSaveButtonInContract] - Clicking on Save Button
[INFO ] 2023-03-10 20:31:28.884 [CRM.TG_5558_Staffing_Company_Creation_Via_TAG] [clickSaveButtonInContract] - Save Button clicked successfully
[INFO ] 2023-03-10 20:31:28.885 [CRM.TG_5558_Staffing_Company_Creation_Via_TAG] [TG_5466_VerifyLeadCreatedSuccessfully] - Save Button Clicked Successfully
[INFO ] 2023-03-10 20:31:30.890 [CRM.TG_5558_Staffing_Company_Creation_Via_TAG] [TG_5466_VerifyLeadCreatedSuccessfully] - Verify Finalize Contract Button
[INFO ] 2023-03-10 20:31:30.892 [CRM.TG_5558_Staffing_Company_Creation_Via_TAG] [verifyFinalizeButton] - Verify Finalize Button
