[INFO ] 2023-01-24 14:42:46.569 [CRM.TG_5748_Exclusive_Hiring_Company_Creation_Via_Staffing] [TG_5461_VerifyUserIsAbleToRouteToLeadFormSuccessfully] - Logging in
[INFO ] 2023-01-24 14:42:50.145 [CRM.TG_5748_Exclusive_Hiring_Company_Creation_Via_Staffing] [TG_5461_VerifyUserIsAbleToRouteToLeadFormSuccessfully] - Entering Username
[INFO ] 2023-01-24 14:42:50.152 [CRM.TG_5748_Exclusive_Hiring_Company_Creation_Via_Staffing] [enterUsername] - Entering new user's first name
[INFO ] 2023-01-24 14:42:51.971 [CRM.TG_5748_Exclusive_Hiring_Company_Creation_Via_Staffing] [enterUsername] - User's first name entered successfully
[INFO ] 2023-01-24 14:42:51.971 [CRM.TG_5748_Exclusive_Hiring_Company_Creation_Via_Staffing] [TG_5461_VerifyUserIsAbleToRouteToLeadFormSuccessfully] - Username Entered Successfully
[INFO ] 2023-01-24 14:42:51.972 [CRM.TG_5748_Exclusive_Hiring_Company_Creation_Via_Staffing] [TG_5461_VerifyUserIsAbleToRouteToLeadFormSuccessfully] - Entering Password
[INFO ] 2023-01-24 14:42:51.972 [CRM.TG_5748_Exclusive_Hiring_Company_Creation_Via_Staffing] [enterPassword] - Entering new user's last name
[INFO ] 2023-01-24 14:42:52.227 [CRM.TG_5748_Exclusive_Hiring_Company_Creation_Via_Staffing] [enterPassword] - User's last name entered successfully
[INFO ] 2023-01-24 14:42:52.228 [CRM.TG_5748_Exclusive_Hiring_Company_Creation_Via_Staffing] [TG_5461_VerifyUserIsAbleToRouteToLeadFormSuccessfully] - Password Entered Successfully
[INFO ] 2023-01-24 14:42:52.228 [CRM.TG_5748_Exclusive_Hiring_Company_Creation_Via_Staffing] [TG_5461_VerifyUserIsAbleToRouteToLeadFormSuccessfully] - Clicking on Login Button
[INFO ] 2023-01-24 14:42:52.228 [CRM.TG_5748_Exclusive_Hiring_Company_Creation_Via_Staffing] [clickLoginButton] - Clicking on Login Button
[INFO ] 2023-01-24 14:42:52.751 [CRM.TG_5748_Exclusive_Hiring_Company_Creation_Via_Staffing] [clickLoginButton] - Close Pop Up clicked successfully
[INFO ] 2023-01-24 14:42:52.759 [CRM.TG_5748_Exclusive_Hiring_Company_Creation_Via_Staffing] [TG_5461_VerifyUserIsAbleToRouteToLeadFormSuccessfully] - Verifying CRM Icon
[INFO ] 2023-01-24 14:42:52.759 [CRM.TG_5748_Exclusive_Hiring_Company_Creation_Via_Staffing] [verifyCRMTextOnStaffingHomepage] - Check for CRM Icon on Homepage
[INFO ] 2023-01-24 14:43:07.127 [CRM.TG_5748_Exclusive_Hiring_Company_Creation_Via_Staffing] [verifyCRMTextOnStaffingHomepage] - CRM Icon displayed successfully
[INFO ] 2023-01-24 14:43:07.133 [CRM.TG_5748_Exclusive_Hiring_Company_Creation_Via_Staffing] [TG_5461_VerifyUserIsAbleToRouteToLeadFormSuccessfully] - CRM Icon Verified successfully
[INFO ] 2023-01-24 14:43:07.133 [CRM.TG_5748_Exclusive_Hiring_Company_Creation_Via_Staffing] [TG_5461_VerifyUserIsAbleToRouteToLeadFormSuccessfully] - Clicking on CRM Icon
[INFO ] 2023-01-24 14:43:07.133 [CRM.TG_5748_Exclusive_Hiring_Company_Creation_Via_Staffing] [clickCRMIcoOnHomepage] - Clicking on CRM Button
[INFO ] 2023-01-24 14:43:07.510 [CRM.TG_5748_Exclusive_Hiring_Company_Creation_Via_Staffing] [clickCRMIcoOnHomepage] - CRM Button clicked successfully
[INFO ] 2023-01-24 14:43:07.511 [CRM.TG_5748_Exclusive_Hiring_Company_Creation_Via_Staffing] [TG_5461_VerifyUserIsAbleToRouteToLeadFormSuccessfully] - CRM Icon Clicked Successfully
[INFO ] 2023-01-24 14:43:09.517 [CRM.TG_5748_Exclusive_Hiring_Company_Creation_Via_Staffing] [TG_5461_VerifyUserIsAbleToRouteToLeadFormSuccessfully] - Clicking on Lead Icon
[INFO ] 2023-01-24 14:43:09.520 [CRM.TG_5748_Exclusive_Hiring_Company_Creation_Via_Staffing] [clickLeadIcon] - Clicking on Lead Button
[INFO ] 2023-01-24 14:43:11.378 [CRM.TG_5748_Exclusive_Hiring_Company_Creation_Via_Staffing] [clickLeadIcon] - Lead Button clicked successfully
[INFO ] 2023-01-24 14:43:11.379 [CRM.TG_5748_Exclusive_Hiring_Company_Creation_Via_Staffing] [TG_5461_VerifyUserIsAbleToRouteToLeadFormSuccessfully] - Lead Icon Clicked Successfully
[INFO ] 2023-01-24 14:43:13.385 [CRM.TG_5748_Exclusive_Hiring_Company_Creation_Via_Staffing] [TG_5461_VerifyUserIsAbleToRouteToLeadFormSuccessfully] - Verify Listing Form
[INFO ] 2023-01-24 14:43:13.387 [CRM.TG_5748_Exclusive_Hiring_Company_Creation_Via_Staffing] [verifyLeadListingForm] - Check for Lead Title
[INFO ] 2023-01-24 14:43:13.463 [CRM.TG_5748_Exclusive_Hiring_Company_Creation_Via_Staffing] [verifyLeadListingForm] - Lead Title displayed successfully
[INFO ] 2023-01-24 14:43:13.464 [CRM.TG_5748_Exclusive_Hiring_Company_Creation_Via_Staffing] [TG_5461_VerifyUserIsAbleToRouteToLeadFormSuccessfully] - Listing Form verified successfully
[INFO ] 2023-01-24 14:43:15.470 [CRM.TG_5748_Exclusive_Hiring_Company_Creation_Via_Staffing] [TG_5461_VerifyUserIsAbleToRouteToLeadFormSuccessfully] - Clicking on Add Lead Button
[INFO ] 2023-01-24 14:43:15.472 [CRM.TG_5748_Exclusive_Hiring_Company_Creation_Via_Staffing] [clickAddLeadButton] - Clicking on Lead Button
[INFO ] 2023-01-24 14:43:16.563 [CRM.TG_5748_Exclusive_Hiring_Company_Creation_Via_Staffing] [clickAddLeadButton] - Add Lead Button clicked successfully
[INFO ] 2023-01-24 14:43:16.564 [CRM.TG_5748_Exclusive_Hiring_Company_Creation_Via_Staffing] [TG_5461_VerifyUserIsAbleToRouteToLeadFormSuccessfully] - Add Lead Button Clicked Successfully
[INFO ] 2023-01-24 14:43:18.570 [CRM.TG_5748_Exclusive_Hiring_Company_Creation_Via_Staffing] [TG_5461_VerifyUserIsAbleToRouteToLeadFormSuccessfully] - Verifying the Lead Form Title
[INFO ] 2023-01-24 14:43:18.573 [CRM.TG_5748_Exclusive_Hiring_Company_Creation_Via_Staffing] [verifyLeadForm] - Check for New Lead Form
[INFO ] 2023-01-24 14:43:18.642 [CRM.TG_5748_Exclusive_Hiring_Company_Creation_Via_Staffing] [verifyLeadForm] - New Lead Form displayed successfully
[INFO ] 2023-01-24 14:43:18.643 [CRM.TG_5748_Exclusive_Hiring_Company_Creation_Via_Staffing] [TG_5461_VerifyUserIsAbleToRouteToLeadFormSuccessfully] - Lead Form Title is Verified Successfully
[INFO ] 2023-01-24 14:43:18.706 [CRM.TG_5748_Exclusive_Hiring_Company_Creation_Via_Staffing] [TG_5466_VerifyLeadCreatedSuccessfully] - Verifying Mandatory Fields
[INFO ] 2023-01-24 14:43:18.706 [CRM.TG_5748_Exclusive_Hiring_Company_Creation_Via_Staffing] [clickSaveButton] - Clicking on Save Button
[INFO ] 2023-01-24 14:43:19.330 [CRM.TG_5748_Exclusive_Hiring_Company_Creation_Via_Staffing] [clickSaveButton] - Save Button clicked successfully
[INFO ] 2023-01-24 14:43:21.337 [CRM.TG_5748_Exclusive_Hiring_Company_Creation_Via_Staffing] [verifyMandatoryFieldIsBlank] - Verifying the Mandatory Field Pop-Up Title
[INFO ] 2023-01-24 14:43:21.402 [CRM.TG_5748_Exclusive_Hiring_Company_Creation_Via_Staffing] [verifyMandatoryFieldIsBlank] - Mandatory Field Pop-Up Title displayed Successfully
[INFO ] 2023-01-24 14:43:23.410 [CRM.TG_5748_Exclusive_Hiring_Company_Creation_Via_Staffing] [TG_5466_VerifyLeadCreatedSuccessfully] - Closing the Pop-up
[INFO ] 2023-01-24 14:43:23.411 [CRM.TG_5748_Exclusive_Hiring_Company_Creation_Via_Staffing] [closeBlankMandatoryFieldDialogBox] - Clicking on Close Pop-Up Icon
[INFO ] 2023-01-24 14:43:23.633 [CRM.TG_5748_Exclusive_Hiring_Company_Creation_Via_Staffing] [closeBlankMandatoryFieldDialogBox] - Close Pop-Up Icon Clicked Successfully
[INFO ] 2023-01-24 14:43:23.633 [CRM.TG_5748_Exclusive_Hiring_Company_Creation_Via_Staffing] [TG_5466_VerifyLeadCreatedSuccessfully] - Pop-up closed Successfully
[INFO ] 2023-01-24 14:43:25.639 [CRM.TG_5748_Exclusive_Hiring_Company_Creation_Via_Staffing] [TG_5466_VerifyLeadCreatedSuccessfully] - Entering First Name
[INFO ] 2023-01-24 14:43:25.641 [CRM.TG_5748_Exclusive_Hiring_Company_Creation_Via_Staffing] [enterFirstName] - Entering First Name
[INFO ] 2023-01-24 14:43:26.053 [CRM.TG_5748_Exclusive_Hiring_Company_Creation_Via_Staffing] [enterFirstName] - First Name Entered Successfully
[INFO ] 2023-01-24 14:43:26.055 [CRM.TG_5748_Exclusive_Hiring_Company_Creation_Via_Staffing] [TG_5466_VerifyLeadCreatedSuccessfully] - First Name Entered Successfully
[INFO ] 2023-01-24 14:43:26.055 [CRM.TG_5748_Exclusive_Hiring_Company_Creation_Via_Staffing] [TG_5466_VerifyLeadCreatedSuccessfully] - Entering Last Name
[INFO ] 2023-01-24 14:43:26.057 [CRM.TG_5748_Exclusive_Hiring_Company_Creation_Via_Staffing] [enterLastName] - Entering Last Name
[INFO ] 2023-01-24 14:43:26.184 [CRM.TG_5748_Exclusive_Hiring_Company_Creation_Via_Staffing] [enterLastName] - Last Name Entered Successfully
[INFO ] 2023-01-24 14:43:26.184 [CRM.TG_5748_Exclusive_Hiring_Company_Creation_Via_Staffing] [TG_5466_VerifyLeadCreatedSuccessfully] - Last Name Entered Successfully
[INFO ] 2023-01-24 14:43:26.185 [CRM.TG_5748_Exclusive_Hiring_Company_Creation_Via_Staffing] [TG_5466_VerifyLeadCreatedSuccessfully] - Entering Company Name
[INFO ] 2023-01-24 14:43:26.185 [CRM.TG_5748_Exclusive_Hiring_Company_Creation_Via_Staffing] [enterCompanyName] - Entering Company Name
[INFO ] 2023-01-24 14:43:26.330 [CRM.TG_5748_Exclusive_Hiring_Company_Creation_Via_Staffing] [enterCompanyName] - Company Name Entered Successfully
[INFO ] 2023-01-24 14:43:26.330 [CRM.TG_5748_Exclusive_Hiring_Company_Creation_Via_Staffing] [TG_5466_VerifyLeadCreatedSuccessfully] - Company Name Entered Successfully
[INFO ] 2023-01-24 14:43:26.331 [CRM.TG_5748_Exclusive_Hiring_Company_Creation_Via_Staffing] [TG_5466_VerifyLeadCreatedSuccessfully] - Entering Email
[INFO ] 2023-01-24 14:43:26.331 [CRM.TG_5748_Exclusive_Hiring_Company_Creation_Via_Staffing] [enterEmail] - Entering Email
[INFO ] 2023-01-24 14:43:26.966 [CRM.TG_5748_Exclusive_Hiring_Company_Creation_Via_Staffing] [enterEmail] - Email Entered Successfully
[INFO ] 2023-01-24 14:43:26.968 [CRM.TG_5748_Exclusive_Hiring_Company_Creation_Via_Staffing] [TG_5466_VerifyLeadCreatedSuccessfully] - Email Entered Successfully
[INFO ] 2023-01-24 14:43:28.973 [CRM.TG_5748_Exclusive_Hiring_Company_Creation_Via_Staffing] [TG_5466_VerifyLeadCreatedSuccessfully] - Entering Phone Number
[INFO ] 2023-01-24 14:43:28.974 [CRM.TG_5748_Exclusive_Hiring_Company_Creation_Via_Staffing] [enterPhoneNumber] - Entering Phone Number
[INFO ] 2023-01-24 14:43:29.111 [CRM.TG_5748_Exclusive_Hiring_Company_Creation_Via_Staffing] [enterPhoneNumber] - Phone Number Entered Successfully
[INFO ] 2023-01-24 14:43:29.111 [CRM.TG_5748_Exclusive_Hiring_Company_Creation_Via_Staffing] [TG_5466_VerifyLeadCreatedSuccessfully] - Phone Number Entered Successfully
[INFO ] 2023-01-24 14:43:29.111 [CRM.TG_5748_Exclusive_Hiring_Company_Creation_Via_Staffing] [TG_5466_VerifyLeadCreatedSuccessfully] - Selecting the Search on Maps Checkbox
[INFO ] 2023-01-24 14:43:29.111 [CRM.TG_5748_Exclusive_Hiring_Company_Creation_Via_Staffing] [selectSearchOnMapsCheckbox] - Selecting search on Maps checkbox
[INFO ] 2023-01-24 14:43:31.381 [CRM.TG_5748_Exclusive_Hiring_Company_Creation_Via_Staffing] [selectSearchOnMapsCheckbox] - Search on maps checkbox selected
[INFO ] 2023-01-24 14:43:31.382 [CRM.TG_5748_Exclusive_Hiring_Company_Creation_Via_Staffing] [TG_5466_VerifyLeadCreatedSuccessfully] - Search on Maps Checkbox selected Successfully
[INFO ] 2023-01-24 14:43:33.388 [CRM.TG_5748_Exclusive_Hiring_Company_Creation_Via_Staffing] [TG_5466_VerifyLeadCreatedSuccessfully] - Entering Employee Address
[INFO ] 2023-01-24 14:43:33.392 [CRM.TG_5748_Exclusive_Hiring_Company_Creation_Via_Staffing] [enterEmployeeAddressOnMaps] - Etering employee address on maps
[INFO ] 2023-01-24 14:43:34.725 [CRM.TG_5748_Exclusive_Hiring_Company_Creation_Via_Staffing] [enterEmployeeAddressOnMaps] - Employee entered successfully
[INFO ] 2023-01-24 14:43:34.726 [CRM.TG_5748_Exclusive_Hiring_Company_Creation_Via_Staffing] [TG_5466_VerifyLeadCreatedSuccessfully] - Employee Address Entered Successfull
[INFO ] 2023-01-24 14:43:36.732 [CRM.TG_5748_Exclusive_Hiring_Company_Creation_Via_Staffing] [TG_5466_VerifyLeadCreatedSuccessfully] - Clicking on Save Button
[INFO ] 2023-01-24 14:43:36.734 [CRM.TG_5748_Exclusive_Hiring_Company_Creation_Via_Staffing] [clickSaveButton] - Clicking on Save Button
[INFO ] 2023-01-24 14:43:36.865 [CRM.TG_5748_Exclusive_Hiring_Company_Creation_Via_Staffing] [clickSaveButton] - Save Button clicked successfully
[INFO ] 2023-01-24 14:43:36.866 [CRM.TG_5748_Exclusive_Hiring_Company_Creation_Via_Staffing] [TG_5466_VerifyLeadCreatedSuccessfully] - Save Button Clicked Successfully
[INFO ] 2023-01-24 14:43:39.874 [CRM.TG_5748_Exclusive_Hiring_Company_Creation_Via_Staffing] [TG_5466_VerifyLeadCreatedSuccessfully] - Verify the LEAD Status
[INFO ] 2023-01-24 14:43:39.879 [CRM.TG_5748_Exclusive_Hiring_Company_Creation_Via_Staffing] [verifyLeadStatus] - Check for Status as Lead
[INFO ] 2023-01-24 14:43:39.967 [CRM.TG_5748_Exclusive_Hiring_Company_Creation_Via_Staffing] [verifyLeadStatus] - Status verified as Lead successfully
[INFO ] 2023-01-24 14:43:39.967 [CRM.TG_5748_Exclusive_Hiring_Company_Creation_Via_Staffing] [TG_5466_VerifyLeadCreatedSuccessfully] - LEAD Status verified Successfully
[INFO ] 2023-01-24 14:43:41.972 [CRM.TG_5748_Exclusive_Hiring_Company_Creation_Via_Staffing] [TG_5466_VerifyLeadCreatedSuccessfully] - Clicking Lead Link for Listing form
[INFO ] 2023-01-24 14:43:41.974 [CRM.TG_5748_Exclusive_Hiring_Company_Creation_Via_Staffing] [clickLeadLinkforListingForm] - Click on Lead for Listing form
[INFO ] 2023-01-24 14:43:42.310 [CRM.TG_5748_Exclusive_Hiring_Company_Creation_Via_Staffing] [clickLeadLinkforListingForm] - Lead for Listing form clicked Successfully
[INFO ] 2023-01-24 14:43:42.310 [CRM.TG_5748_Exclusive_Hiring_Company_Creation_Via_Staffing] [TG_5466_VerifyLeadCreatedSuccessfully] - Lead Link for Listing form clicked Successfully
[INFO ] 2023-01-24 14:43:42.310 [CRM.TG_5748_Exclusive_Hiring_Company_Creation_Via_Staffing] [TG_5466_VerifyLeadCreatedSuccessfully] - Verify Lead created Successfully or not
[INFO ] 2023-01-24 14:43:42.310 [CRM.TG_5748_Exclusive_Hiring_Company_Creation_Via_Staffing] [verifyCreatedLead] - Check for Created Lead
[INFO ] 2023-01-24 14:43:42.482 [CRM.TG_5748_Exclusive_Hiring_Company_Creation_Via_Staffing] [verifyCreatedLead] - Created Lead displayed successfully
[INFO ] 2023-01-24 14:43:42.483 [CRM.TG_5748_Exclusive_Hiring_Company_Creation_Via_Staffing] [TG_5466_VerifyLeadCreatedSuccessfully] - Lead Created Successfully 
[INFO ] 2023-01-24 14:43:44.492 [CRM.TG_5748_Exclusive_Hiring_Company_Creation_Via_Staffing] [TG_5466_VerifyLeadCreatedSuccessfully] - Clicking Created Lead from Listing form
[INFO ] 2023-01-24 14:43:44.513 [CRM.TG_5748_Exclusive_Hiring_Company_Creation_Via_Staffing] [clickCreatedLead] - Clicking on Created Lead
[INFO ] 2023-01-24 14:43:45.054 [CRM.TG_5748_Exclusive_Hiring_Company_Creation_Via_Staffing] [clickCreatedLead] - Created Lead clicked successfully
[INFO ] 2023-01-24 14:43:45.056 [CRM.TG_5748_Exclusive_Hiring_Company_Creation_Via_Staffing] [TG_5466_VerifyLeadCreatedSuccessfully] - Created Lead Clicked Successfully
[INFO ] 2023-01-24 14:43:47.058 [CRM.TG_5748_Exclusive_Hiring_Company_Creation_Via_Staffing] [TG_5466_VerifyLeadCreatedSuccessfully] - Selecting the Open Lead Status
[INFO ] 2023-01-24 14:43:47.061 [CRM.TG_5748_Exclusive_Hiring_Company_Creation_Via_Staffing] [clickLeadStatusOpen] - Clicking on Status dropdown
[INFO ] 2023-01-24 14:43:47.272 [CRM.TG_5748_Exclusive_Hiring_Company_Creation_Via_Staffing] [clickLeadStatusOpen] - Open Status entered successfully
[INFO ] 2023-01-24 14:43:47.273 [CRM.TG_5748_Exclusive_Hiring_Company_Creation_Via_Staffing] [TG_5466_VerifyLeadCreatedSuccessfully] - Open Lead Status Selected Successfully
[INFO ] 2023-01-24 14:43:49.279 [CRM.TG_5748_Exclusive_Hiring_Company_Creation_Via_Staffing] [TG_5466_VerifyLeadCreatedSuccessfully] - Clicking Notes Tab
[INFO ] 2023-01-24 14:43:49.282 [CRM.TG_5748_Exclusive_Hiring_Company_Creation_Via_Staffing] [clickNotesTab] - Clicking on Notes Tab
[INFO ] 2023-01-24 14:43:49.419 [CRM.TG_5748_Exclusive_Hiring_Company_Creation_Via_Staffing] [clickNotesTab] - Notes Tab clicked successfully
[INFO ] 2023-01-24 14:43:49.419 [CRM.TG_5748_Exclusive_Hiring_Company_Creation_Via_Staffing] [TG_5466_VerifyLeadCreatedSuccessfully] - Notes Tab Clicked Successfully
[INFO ] 2023-01-24 14:43:51.427 [CRM.TG_5748_Exclusive_Hiring_Company_Creation_Via_Staffing] [TG_5466_VerifyLeadCreatedSuccessfully] - Entering Notes
[INFO ] 2023-01-24 14:43:51.430 [CRM.TG_5748_Exclusive_Hiring_Company_Creation_Via_Staffing] [enterNotes] - Entering Note
[INFO ] 2023-01-24 14:43:51.874 [CRM.TG_5748_Exclusive_Hiring_Company_Creation_Via_Staffing] [enterNotes] - Note Entered Successfully
[INFO ] 2023-01-24 14:43:51.876 [CRM.TG_5748_Exclusive_Hiring_Company_Creation_Via_Staffing] [TG_5466_VerifyLeadCreatedSuccessfully] - Notes Entered Successfully
[INFO ] 2023-01-24 14:43:53.881 [CRM.TG_5748_Exclusive_Hiring_Company_Creation_Via_Staffing] [TG_5466_VerifyLeadCreatedSuccessfully] - Clicking Overview Tab
[INFO ] 2023-01-24 14:43:53.886 [CRM.TG_5748_Exclusive_Hiring_Company_Creation_Via_Staffing] [clickOverviewTab] - Clicking on Notes Tab
[INFO ] 2023-01-24 14:43:54.003 [CRM.TG_5748_Exclusive_Hiring_Company_Creation_Via_Staffing] [clickOverviewTab] - Notes Tab clicked successfully
[INFO ] 2023-01-24 14:43:54.004 [CRM.TG_5748_Exclusive_Hiring_Company_Creation_Via_Staffing] [TG_5466_VerifyLeadCreatedSuccessfully] - Overview Tab Clicked Successfully
[INFO ] 2023-01-24 14:43:56.009 [CRM.TG_5748_Exclusive_Hiring_Company_Creation_Via_Staffing] [TG_5466_VerifyLeadCreatedSuccessfully] - Selecting the Contract Negotiation Lead Status
[INFO ] 2023-01-24 14:43:56.010 [CRM.TG_5748_Exclusive_Hiring_Company_Creation_Via_Staffing] [clickLeadStatusContractNegotiation] - Clicking on Status dropdown
[INFO ] 2023-01-24 14:43:56.111 [CRM.TG_5748_Exclusive_Hiring_Company_Creation_Via_Staffing] [clickLeadStatusContractNegotiation] - Contract Negotiation Status entered successfully
[INFO ] 2023-01-24 14:43:56.111 [CRM.TG_5748_Exclusive_Hiring_Company_Creation_Via_Staffing] [TG_5466_VerifyLeadCreatedSuccessfully] - Contract Negotiation Lead Status Selected Successfully
[INFO ] 2023-01-24 14:43:58.117 [CRM.TG_5748_Exclusive_Hiring_Company_Creation_Via_Staffing] [TG_5466_VerifyLeadCreatedSuccessfully] - Clicking Save Button
[INFO ] 2023-01-24 14:43:58.118 [CRM.TG_5748_Exclusive_Hiring_Company_Creation_Via_Staffing] [clickSaveButton] - Clicking on Save Button
[INFO ] 2023-01-24 14:43:58.201 [CRM.TG_5748_Exclusive_Hiring_Company_Creation_Via_Staffing] [clickSaveButton] - Save Button clicked successfully
[INFO ] 2023-01-24 14:43:58.201 [CRM.TG_5748_Exclusive_Hiring_Company_Creation_Via_Staffing] [TG_5466_VerifyLeadCreatedSuccessfully] - Save Button Clicked Successfully
[INFO ] 2023-01-24 14:44:00.206 [CRM.TG_5748_Exclusive_Hiring_Company_Creation_Via_Staffing] [TG_5466_VerifyLeadCreatedSuccessfully] - Verify Prepare Contract Button
[INFO ] 2023-01-24 14:44:00.207 [CRM.TG_5748_Exclusive_Hiring_Company_Creation_Via_Staffing] [verifyPrepareContractButton] - Verify Prepare Contract Button
[INFO ] 2023-01-24 14:44:00.321 [CRM.TG_5748_Exclusive_Hiring_Company_Creation_Via_Staffing] [verifyPrepareContractButton] - Prepare Contract Button displayed successfully
[INFO ] 2023-01-24 14:44:00.321 [CRM.TG_5748_Exclusive_Hiring_Company_Creation_Via_Staffing] [TG_5466_VerifyLeadCreatedSuccessfully] - Prepare Contract Button Verified Successfully
[INFO ] 2023-01-24 14:44:00.322 [CRM.TG_5748_Exclusive_Hiring_Company_Creation_Via_Staffing] [TG_5466_VerifyLeadCreatedSuccessfully] - Click Prepare Contract Button
[INFO ] 2023-01-24 14:44:00.322 [CRM.TG_5748_Exclusive_Hiring_Company_Creation_Via_Staffing] [clickPrepareContractButton] - Clicking on Prepare Contract Button
[INFO ] 2023-01-24 14:44:00.422 [CRM.TG_5748_Exclusive_Hiring_Company_Creation_Via_Staffing] [clickPrepareContractButton] - Prepare Contract Button clicked successfully
[INFO ] 2023-01-24 14:44:00.422 [CRM.TG_5748_Exclusive_Hiring_Company_Creation_Via_Staffing] [TG_5466_VerifyLeadCreatedSuccessfully] - Prepare Contract Button Clicked Successfully
[INFO ] 2023-01-24 14:44:02.431 [CRM.TG_5748_Exclusive_Hiring_Company_Creation_Via_Staffing] [TG_5466_VerifyLeadCreatedSuccessfully] - Verify Contract Form
[INFO ] 2023-01-24 14:44:02.435 [CRM.TG_5748_Exclusive_Hiring_Company_Creation_Via_Staffing] [verifyContractForm] - Check for New Contract Form
[INFO ] 2023-01-24 14:44:02.525 [CRM.TG_5748_Exclusive_Hiring_Company_Creation_Via_Staffing] [verifyContractForm] - New Contract Form displayed successfully
[INFO ] 2023-01-24 14:44:02.525 [CRM.TG_5748_Exclusive_Hiring_Company_Creation_Via_Staffing] [TG_5466_VerifyLeadCreatedSuccessfully] - New Contract Form verified Successfully
[INFO ] 2023-01-24 14:44:02.525 [CRM.TG_5748_Exclusive_Hiring_Company_Creation_Via_Staffing] [TG_5466_VerifyLeadCreatedSuccessfully] - Entering Start Date
[INFO ] 2023-01-24 14:44:02.525 [CRM.TG_5748_Exclusive_Hiring_Company_Creation_Via_Staffing] [enterStartDate] - Entering the Start Date 
[INFO ] 2023-01-24 14:44:07.896 [CRM.TG_5748_Exclusive_Hiring_Company_Creation_Via_Staffing] [enterStartDate] - Start Date Entered Successfully
[INFO ] 2023-01-24 14:44:07.902 [CRM.TG_5748_Exclusive_Hiring_Company_Creation_Via_Staffing] [TG_5466_VerifyLeadCreatedSuccessfully] - Start Date Entered Successfully
[INFO ] 2023-01-24 14:44:09.908 [CRM.TG_5748_Exclusive_Hiring_Company_Creation_Via_Staffing] [TG_5466_VerifyLeadCreatedSuccessfully] - Entering End Date
[INFO ] 2023-01-24 14:44:09.909 [CRM.TG_5748_Exclusive_Hiring_Company_Creation_Via_Staffing] [enterEndDate] - Entering the End Date
[INFO ] 2023-01-24 14:44:15.211 [CRM.TG_5748_Exclusive_Hiring_Company_Creation_Via_Staffing] [enterEndDate] - End Date Entered Successfully
[INFO ] 2023-01-24 14:44:15.216 [CRM.TG_5748_Exclusive_Hiring_Company_Creation_Via_Staffing] [TG_5466_VerifyLeadCreatedSuccessfully] - End Date Entered Successfully
[INFO ] 2023-01-24 14:44:17.222 [CRM.TG_5748_Exclusive_Hiring_Company_Creation_Via_Staffing] [TG_5466_VerifyLeadCreatedSuccessfully] - Clicking Add Row Button
[INFO ] 2023-01-24 14:44:17.226 [CRM.TG_5748_Exclusive_Hiring_Company_Creation_Via_Staffing] [clickAddRowButton] - Clicking on Add Row Button
[INFO ] 2023-01-24 14:44:17.574 [CRM.TG_5748_Exclusive_Hiring_Company_Creation_Via_Staffing] [clickAddRowButton] - Add Row Button clicked successfully
[INFO ] 2023-01-24 14:44:17.575 [CRM.TG_5748_Exclusive_Hiring_Company_Creation_Via_Staffing] [TG_5466_VerifyLeadCreatedSuccessfully] - Add Row Button Clicked Successfully
[INFO ] 2023-01-24 14:44:19.580 [CRM.TG_5748_Exclusive_Hiring_Company_Creation_Via_Staffing] [TG_5466_VerifyLeadCreatedSuccessfully] - Clicking Job Title
[INFO ] 2023-01-24 14:44:19.581 [CRM.TG_5748_Exclusive_Hiring_Company_Creation_Via_Staffing] [clickJobTitleInTable] - Entering Job Title List in the Table
[INFO ] 2023-01-24 14:44:19.690 [CRM.TG_5748_Exclusive_Hiring_Company_Creation_Via_Staffing] [clickJobTitleInTable] - Clicked Job Title in the Table successfully
[INFO ] 2023-01-24 14:44:19.691 [CRM.TG_5748_Exclusive_Hiring_Company_Creation_Via_Staffing] [TG_5466_VerifyLeadCreatedSuccessfully] - Job Title Clicked Successfully
[INFO ] 2023-01-24 14:44:21.700 [CRM.TG_5748_Exclusive_Hiring_Company_Creation_Via_Staffing] [TG_5466_VerifyLeadCreatedSuccessfully] - Entering Job Title
[INFO ] 2023-01-24 14:44:21.713 [CRM.TG_5748_Exclusive_Hiring_Company_Creation_Via_Staffing] [enterTitle] - Enter Title
[INFO ] 2023-01-24 14:44:25.446 [CRM.TG_5748_Exclusive_Hiring_Company_Creation_Via_Staffing] [enterTitle] - Entered Job Title in the Table successfully
[INFO ] 2023-01-24 14:44:25.447 [CRM.TG_5748_Exclusive_Hiring_Company_Creation_Via_Staffing] [TG_5466_VerifyLeadCreatedSuccessfully] - Job Title Entered Successfully
[INFO ] 2023-01-24 14:44:27.453 [CRM.TG_5748_Exclusive_Hiring_Company_Creation_Via_Staffing] [TG_5466_VerifyLeadCreatedSuccessfully] - Entering Signature
[INFO ] 2023-01-24 14:44:27.453 [CRM.TG_5748_Exclusive_Hiring_Company_Creation_Via_Staffing] [enterSign] - Entering Sign
[INFO ] 2023-01-24 14:44:27.651 [CRM.TG_5748_Exclusive_Hiring_Company_Creation_Via_Staffing] [enterSign] - Sign Entered Successfully
[INFO ] 2023-01-24 14:44:27.652 [CRM.TG_5748_Exclusive_Hiring_Company_Creation_Via_Staffing] [TG_5466_VerifyLeadCreatedSuccessfully] - Signature Entered Successfully
[INFO ] 2023-01-24 14:44:29.657 [CRM.TG_5748_Exclusive_Hiring_Company_Creation_Via_Staffing] [TG_5466_VerifyLeadCreatedSuccessfully] - Clicking Save Button in Contract
[INFO ] 2023-01-24 14:44:29.657 [CRM.TG_5748_Exclusive_Hiring_Company_Creation_Via_Staffing] [clickSaveButtonInContract] - Clicking on Save Button
[INFO ] 2023-01-24 14:44:29.809 [CRM.TG_5748_Exclusive_Hiring_Company_Creation_Via_Staffing] [clickSaveButtonInContract] - Save Button clicked successfully
[INFO ] 2023-01-24 14:44:29.809 [CRM.TG_5748_Exclusive_Hiring_Company_Creation_Via_Staffing] [TG_5466_VerifyLeadCreatedSuccessfully] - Save Button Clicked Successfully
[INFO ] 2023-01-24 14:44:31.816 [CRM.TG_5748_Exclusive_Hiring_Company_Creation_Via_Staffing] [TG_5466_VerifyLeadCreatedSuccessfully] - Verify Finalize Contract Button
[INFO ] 2023-01-24 14:44:31.820 [CRM.TG_5748_Exclusive_Hiring_Company_Creation_Via_Staffing] [verifyFinalizeButton] - Verify Finalize Button
