[INFO ] 2023-02-11 18:09:49.192 [directOrder.TG_5802_DirectOrderParialClaim] [VerifyUserRedirectToNewOrderFormViaDirectOrder] - Started==Verifying Confirm Job Order Details
[INFO ] 2023-02-11 18:09:52.783 [directOrder.TG_5802_DirectOrderParialClaim] [VerifyUserRedirectToNewOrderFormViaDirectOrder] - Entering Username
[INFO ] 2023-02-11 18:09:52.784 [directOrder.TG_5802_DirectOrderParialClaim] [enterUsername] - Entering new user's first name
[INFO ] 2023-02-11 18:09:54.129 [directOrder.TG_5802_DirectOrderParialClaim] [enterUsername] - User's first name entered successfully
[INFO ] 2023-02-11 18:09:54.129 [directOrder.TG_5802_DirectOrderParialClaim] [VerifyUserRedirectToNewOrderFormViaDirectOrder] - Username Entered Successfully
[INFO ] 2023-02-11 18:09:54.130 [directOrder.TG_5802_DirectOrderParialClaim] [VerifyUserRedirectToNewOrderFormViaDirectOrder] - Entering Password
[INFO ] 2023-02-11 18:09:54.130 [directOrder.TG_5802_DirectOrderParialClaim] [enterPassword] - Entering new user's last name
[INFO ] 2023-02-11 18:09:54.303 [directOrder.TG_5802_DirectOrderParialClaim] [enterPassword] - User's last name entered successfully
[INFO ] 2023-02-11 18:09:54.304 [directOrder.TG_5802_DirectOrderParialClaim] [VerifyUserRedirectToNewOrderFormViaDirectOrder] - Password Entered Successfully
[INFO ] 2023-02-11 18:09:54.304 [directOrder.TG_5802_DirectOrderParialClaim] [VerifyUserRedirectToNewOrderFormViaDirectOrder] - Clicking on Login Button
[INFO ] 2023-02-11 18:09:54.304 [directOrder.TG_5802_DirectOrderParialClaim] [clickLoginButton] - Clicking on Login Button
[INFO ] 2023-02-11 18:09:54.768 [directOrder.TG_5802_DirectOrderParialClaim] [clickLoginButton] - Close Pop Up clicked successfully
[INFO ] 2023-02-11 18:09:54.769 [directOrder.TG_5802_DirectOrderParialClaim] [VerifyUserRedirectToNewOrderFormViaDirectOrder] - Login Button Clicked Successfully
[INFO ] 2023-02-11 18:09:54.769 [directOrder.TG_5802_DirectOrderParialClaim] [VerifyUserRedirectToNewOrderFormViaDirectOrder] - Clicking on Staffing Companies
[INFO ] 2023-02-11 18:09:54.769 [directOrder.TG_5802_DirectOrderParialClaim] [clickStaffingCompanies] - Clicking on Staffing Companies Button
[INFO ] 2023-02-11 18:10:10.990 [directOrder.TG_5802_DirectOrderParialClaim] [clickStaffingCompanies] - Staffing Companies Button clicked successfully
[INFO ] 2023-02-11 18:10:10.992 [directOrder.TG_5802_DirectOrderParialClaim] [VerifyUserRedirectToNewOrderFormViaDirectOrder] - Staffing Companies Clickied Successfully
[INFO ] 2023-02-11 18:10:10.992 [directOrder.TG_5802_DirectOrderParialClaim] [VerifyUserRedirectToNewOrderFormViaDirectOrder] - Verifying Staffing Companies List
[INFO ] 2023-02-11 18:10:10.992 [directOrder.TG_5802_DirectOrderParialClaim] [verifyStaffingCompanyList] - Verify Staffing Company List is displayed
[INFO ] 2023-02-11 18:10:11.672 [directOrder.TG_5802_DirectOrderParialClaim] [verifyStaffingCompanyList] - Staffing Company List displayed successfully
[INFO ] 2023-02-11 18:10:11.672 [directOrder.TG_5802_DirectOrderParialClaim] [VerifyUserRedirectToNewOrderFormViaDirectOrder] - Staffing Companies List verified successfully
[INFO ] 2023-02-11 18:10:19.679 [directOrder.TG_5802_DirectOrderParialClaim] [clickHunderedFilter] - Clicking on 100 records button
[INFO ] 2023-02-11 18:10:19.923 [directOrder.TG_5802_DirectOrderParialClaim] [clickHunderedFilter] - 100 records button clicked Successfully
[INFO ] 2023-02-11 18:10:24.927 [directOrder.TG_5802_DirectOrderParialClaim] [VerifyUserRedirectToNewOrderFormViaDirectOrder] - Clicking Staffing Company
[INFO ] 2023-02-11 18:10:24.929 [directOrder.TG_5802_DirectOrderParialClaim] [clickStaffingCompanyDirectOrder] - Clicking on Staffing Companies Button
[INFO ] 2023-02-11 18:10:27.381 [directOrder.TG_5802_DirectOrderParialClaim] [clickStaffingCompanyDirectOrder] - Staffing Companies Button clicked successfully
[INFO ] 2023-02-11 18:10:27.383 [directOrder.TG_5802_DirectOrderParialClaim] [VerifyUserRedirectToNewOrderFormViaDirectOrder] - Staffing Company Clickied Successfully
[INFO ] 2023-02-11 18:10:30.391 [directOrder.TG_5802_DirectOrderParialClaim] [VerifyUserRedirectToNewOrderFormViaDirectOrder] - Clicking on Place Order Button
[INFO ] 2023-02-11 18:10:30.398 [directOrder.TG_5802_DirectOrderParialClaim] [clickPlaceOrderButton] - Clicking on Staffing Company
[INFO ] 2023-02-11 18:10:30.622 [directOrder.TG_5802_DirectOrderParialClaim] [clickPlaceOrderButton] - Staffing Company clicked successfully
[INFO ] 2023-02-11 18:10:30.623 [directOrder.TG_5802_DirectOrderParialClaim] [VerifyUserRedirectToNewOrderFormViaDirectOrder] - Place Order Button Clickied Successfully
[INFO ] 2023-02-11 18:10:30.722 [directOrder.TG_5802_DirectOrderParialClaim] [Tag_VerifyConfirmJobOrderDetails] - Started==Starting End To End Flow NewOrderHiring
[INFO ] 2023-02-11 18:10:30.723 [directOrder.TG_5802_DirectOrderParialClaim] [enterEstDailyHours] - Entering EstDailyHours
[INFO ] 2023-02-11 18:10:39.318 [directOrder.TG_5802_DirectOrderParialClaim] [enterEstDailyHours] - EstDailyHours entered successfully
[INFO ] 2023-02-11 18:10:41.327 [directOrder.TG_5802_DirectOrderParialClaim] [enterStartDate] - Entering StartDate
[INFO ] 2023-02-11 18:10:46.803 [directOrder.TG_5802_DirectOrderParialClaim] [enterStartDate] - StartDate entered successfully
[INFO ] 2023-02-11 18:10:48.813 [directOrder.TG_5802_DirectOrderParialClaim] [enterEndDate] - Entering EndDate
[INFO ] 2023-02-11 18:10:54.280 [directOrder.TG_5802_DirectOrderParialClaim] [enterEndDate] - EndDate entered successfully
[INFO ] 2023-02-11 18:10:56.287 [directOrder.TG_5802_DirectOrderParialClaim] [enterStartTime] - Entering StartTime
[INFO ] 2023-02-11 18:10:57.026 [directOrder.TG_5802_DirectOrderParialClaim] [enterStartTime] - StartTime entered successfully
[INFO ] 2023-02-11 18:10:59.034 [directOrder.TG_5802_DirectOrderParialClaim] [enterAvailability] - Entering Availability
[INFO ] 2023-02-11 18:10:59.323 [directOrder.TG_5802_DirectOrderParialClaim] [enterAvailability] - Availabilit entered successfully
[INFO ] 2023-02-11 18:10:59.324 [directOrder.TG_5802_DirectOrderParialClaim] [enterJobSite] - Entering JobSite
[INFO ] 2023-02-11 18:11:03.694 [directOrder.TG_5802_DirectOrderParialClaim] [enterJobSite] - JobSite entered successfully
[INFO ] 2023-02-11 18:11:05.700 [directOrder.TG_5802_DirectOrderParialClaim] [enterJobTitle] - Entering JobTitle
[INFO ] 2023-02-11 18:11:06.853 [directOrder.TG_5802_DirectOrderParialClaim] [enterJobTitle] - JobTitle entered successfully
[INFO ] 2023-02-11 18:11:08.860 [directOrder.TG_5802_DirectOrderParialClaim] [enterNoOfWorker] - Entering No Of Workers
[INFO ] 2023-02-11 18:11:09.068 [directOrder.TG_5802_DirectOrderParialClaim] [enterNoOfWorker] - NoOfWorkers entered successfully
[INFO ] 2023-02-11 18:11:11.075 [directOrder.TG_5802_DirectOrderParialClaim] [enterESignature] - Entering ESignature
[INFO ] 2023-02-11 18:11:11.289 [directOrder.TG_5802_DirectOrderParialClaim] [enterESignature] - ESignature entered successfully
[INFO ] 2023-02-11 18:11:11.289 [directOrder.TG_5802_DirectOrderParialClaim] [clickAgreeContract] - clickAgreeContract
[INFO ] 2023-02-11 18:11:11.498 [directOrder.TG_5802_DirectOrderParialClaim] [clickAgreeContract] - clickAgreeContract successfully
[INFO ] 2023-02-11 18:11:14.576 [directOrder.TG_5802_DirectOrderParialClaim] [Tag_VerifyJobOrderIdAndPopupEmailSentSuccessfully] - Started==Verifying Job Order Id And Popup that Email Sent Successfully
[INFO ] 2023-02-11 18:11:37.922 [directOrder.TG_5802_DirectOrderParialClaim] [getTextHiringId] - Job order link present on the home page clicked
[INFO ] 2023-02-11 18:11:46.152 [directOrder.TG_5802_DirectOrderParialClaim] [getTextHiringId] - Verify Job Order Id and Email Successfully
[INFO ] 2023-02-11 18:11:59.664 [directOrder.TG_5802_DirectOrderParialClaim] [TG_3869_VerifyUserclicksJobOrderItNavigatestoJobOrderForm] - Entering Username
[INFO ] 2023-02-11 18:11:59.666 [directOrder.TG_5802_DirectOrderParialClaim] [enterUsername] - Entering new user's first name
[INFO ] 2023-02-11 18:11:59.742 [directOrder.TG_5802_DirectOrderParialClaim] [enterUsername] - User's first name entered successfully
[INFO ] 2023-02-11 18:11:59.742 [directOrder.TG_5802_DirectOrderParialClaim] [TG_3869_VerifyUserclicksJobOrderItNavigatestoJobOrderForm] - Username Entered Successfully
[INFO ] 2023-02-11 18:11:59.742 [directOrder.TG_5802_DirectOrderParialClaim] [TG_3869_VerifyUserclicksJobOrderItNavigatestoJobOrderForm] - Entering Password
[INFO ] 2023-02-11 18:11:59.742 [directOrder.TG_5802_DirectOrderParialClaim] [enterPassword] - Entering new user's last name
[INFO ] 2023-02-11 18:11:59.840 [directOrder.TG_5802_DirectOrderParialClaim] [enterPassword] - User's last name entered successfully
[INFO ] 2023-02-11 18:11:59.840 [directOrder.TG_5802_DirectOrderParialClaim] [TG_3869_VerifyUserclicksJobOrderItNavigatestoJobOrderForm] - Password Entered Successfully
[INFO ] 2023-02-11 18:11:59.841 [directOrder.TG_5802_DirectOrderParialClaim] [TG_3869_VerifyUserclicksJobOrderItNavigatestoJobOrderForm] - Clicking on Login Button
[INFO ] 2023-02-11 18:11:59.841 [directOrder.TG_5802_DirectOrderParialClaim] [clickLoginButton] - Clicking on Login Button
[INFO ] 2023-02-11 18:12:00.356 [directOrder.TG_5802_DirectOrderParialClaim] [clickLoginButton] - Close Pop Up clicked successfully
[INFO ] 2023-02-11 18:12:00.357 [directOrder.TG_5802_DirectOrderParialClaim] [TG_3869_VerifyUserclicksJobOrderItNavigatestoJobOrderForm] - Login Button Clicked Successfully
[INFO ] 2023-02-11 18:12:03.369 [directOrder.TG_5802_DirectOrderParialClaim] [TG_3869_VerifyUserclicksJobOrderItNavigatestoJobOrderForm] - Clicking on Notifications Icon
[INFO ] 2023-02-11 18:12:03.373 [directOrder.TG_5802_DirectOrderParialClaim] [clickNotificationIcon] - Clicking on Notifications
[INFO ] 2023-02-11 18:12:09.831 [directOrder.TG_5802_DirectOrderParialClaim] [clickNotificationIcon] - Notifications clicked successfully
[INFO ] 2023-02-11 18:12:09.832 [directOrder.TG_5802_DirectOrderParialClaim] [TG_3869_VerifyUserclicksJobOrderItNavigatestoJobOrderForm] - Notifications Icon Clicked Successfully
[INFO ] 2023-02-11 18:12:11.839 [directOrder.TG_5802_DirectOrderParialClaim] [TG_3869_VerifyUserclicksJobOrderItNavigatestoJobOrderForm] - Verifying Notification Text
[INFO ] 2023-02-11 18:12:11.842 [directOrder.TG_5802_DirectOrderParialClaim] [verifyNotificationText] - Verify Direct Order Text in Notification
[INFO ] 2023-02-11 18:12:11.969 [directOrder.TG_5802_DirectOrderParialClaim] [verifyNotificationText] - Direct Order Text in Notification displayed successfully
[INFO ] 2023-02-11 18:12:11.980 [directOrder.TG_5802_DirectOrderParialClaim] [TG_3869_VerifyUserclicksJobOrderItNavigatestoJobOrderForm] - Notification Text Clicked Successfully
[INFO ] 2023-02-11 18:12:11.981 [directOrder.TG_5802_DirectOrderParialClaim] [clickJobOrderHomePage] - Clicking Job orders menu present on the staffing homepage navigates to joborder listing form 
[INFO ] 2023-02-11 18:12:15.621 [directOrder.TG_5802_DirectOrderParialClaim] [clickJobOrderHomePage] - All job orders menu present on the staffing hompage clicked successfully and navigates to joborder listing form  .
[INFO ] 2023-02-11 18:12:17.632 [directOrder.TG_5802_DirectOrderParialClaim] [verifyJobOrderPage] - Job order form is displayed
[INFO ] 2023-02-11 18:12:17.722 [directOrder.TG_5802_DirectOrderParialClaim] [verifyJobOrderPage] - Job orderform is displayed successfully
[INFO ] 2023-02-11 18:12:27.732 [directOrder.TG_5802_DirectOrderParialClaim] [selectParticularJobOrderFromListing] - Selecting Particular Joborder on the listing
[INFO ] 2023-02-11 18:12:37.883 [directOrder.TG_5802_DirectOrderParialClaim] [selectParticularJobOrderFromListing] - Particular Joborder on the listing selected successfully
[INFO ] 2023-02-11 18:12:42.892 [directOrder.TG_5802_DirectOrderParialClaim] [clickOrdersMenuOnStaffingHomePage] - Clicking Order menu present on the staffing homepage
[INFO ] 2023-02-11 18:12:43.066 [directOrder.TG_5802_DirectOrderParialClaim] [clickOrdersMenuOnStaffingHomePage] - Order menu present on the staffing hompage clicked successfully.
[INFO ] 2023-02-11 18:12:45.072 [directOrder.TG_5802_DirectOrderParialClaim] [clickDirectOrderNav] - Clicking on Direct Orders
[INFO ] 2023-02-11 18:12:46.636 [directOrder.TG_5802_DirectOrderParialClaim] [clickDirectOrderNav] - Direct orders clicked successfully
[INFO ] 2023-02-11 18:12:48.642 [directOrder.TG_5802_DirectOrderParialClaim] [selectParticularJobOrderFromListing] - Selecting Particular Joborder on the listing
[INFO ] 2023-02-11 18:12:59.182 [directOrder.TG_5802_DirectOrderParialClaim] [selectParticularJobOrderFromListing] - Particular Joborder on the listing selected successfully
[INFO ] 2023-02-11 18:13:04.239 [directOrder.TG_5802_DirectOrderParialClaim] [clickClaimOrderButton] - Clicking on Claim order Button
[INFO ] 2023-02-11 18:13:06.298 [directOrder.TG_5802_DirectOrderParialClaim] [clickClaimOrderButton] - Claim order button clicked successfully
[INFO ] 2023-02-11 18:13:08.307 [directOrder.TG_5802_DirectOrderParialClaim] [enterNoOfEmployeesClaim] - Entering the No. of Employees Claim
[INFO ] 2023-02-11 18:13:08.605 [directOrder.TG_5802_DirectOrderParialClaim] [enterNoOfEmployeesClaim] - No. of Employees Claim entered successfully
[INFO ] 2023-02-11 18:13:10.611 [directOrder.TG_5802_DirectOrderParialClaim] [enterESignature] - Entering the E-Signature
[INFO ] 2023-02-11 18:13:10.738 [directOrder.TG_5802_DirectOrderParialClaim] [enterESignature] - E-Signature entered successfully
[INFO ] 2023-02-11 18:13:12.744 [directOrder.TG_5802_DirectOrderParialClaim] [clickAgreeContract] - Clicking on Agree to Contract Button
[INFO ] 2023-02-11 18:13:12.864 [directOrder.TG_5802_DirectOrderParialClaim] [clickAgreeContract] - Agree to Contract Button clicked successfully
[INFO ] 2023-02-11 18:13:14.871 [directOrder.TG_5802_DirectOrderParialClaim] [clickSubmitClaim] - Clicking on Submit Claim Button
[INFO ] 2023-02-11 18:13:14.960 [directOrder.TG_5802_DirectOrderParialClaim] [clickSubmitClaim] - Submit Claim Button clicked successfully
[INFO ] 2023-02-11 18:14:14.975 [directOrder.TG_5802_DirectOrderParialClaim] [TG_5786_Partial_Claim] - Verify Auto Approve Text
[INFO ] 2023-02-11 18:14:24.998 [directOrder.TG_5802_DirectOrderParialClaim] [autoApproveText] - Verify Auto Approve Text
[INFO ] 2023-02-11 18:14:35.148 [directOrder.TG_5802_DirectOrderParialClaim] [autoApproveText] - Auto Approve Text displayed successfully
[INFO ] 2023-02-11 18:14:35.150 [directOrder.TG_5802_DirectOrderParialClaim] [TG_5786_Partial_Claim] - Auto Approve Text displayed successfully
