[INFO ] 2023-02-11 01:22:13.002 [directOrder.TG_5803_DirectOrderDeny] [VerifyUserRedirectToNewOrderFormViaDirectOrder] - Started==Verifying Confirm Job Order Details
[INFO ] 2023-02-11 01:22:16.610 [directOrder.TG_5803_DirectOrderDeny] [VerifyUserRedirectToNewOrderFormViaDirectOrder] - Entering Username
[INFO ] 2023-02-11 01:22:16.611 [directOrder.TG_5803_DirectOrderDeny] [enterUsername] - Entering new user's first name
[INFO ] 2023-02-11 01:22:17.936 [directOrder.TG_5803_DirectOrderDeny] [enterUsername] - User's first name entered successfully
[INFO ] 2023-02-11 01:22:17.936 [directOrder.TG_5803_DirectOrderDeny] [VerifyUserRedirectToNewOrderFormViaDirectOrder] - Username Entered Successfully
[INFO ] 2023-02-11 01:22:17.936 [directOrder.TG_5803_DirectOrderDeny] [VerifyUserRedirectToNewOrderFormViaDirectOrder] - Entering Password
[INFO ] 2023-02-11 01:22:17.936 [directOrder.TG_5803_DirectOrderDeny] [enterPassword] - Entering new user's last name
[INFO ] 2023-02-11 01:22:18.103 [directOrder.TG_5803_DirectOrderDeny] [enterPassword] - User's last name entered successfully
[INFO ] 2023-02-11 01:22:18.103 [directOrder.TG_5803_DirectOrderDeny] [VerifyUserRedirectToNewOrderFormViaDirectOrder] - Password Entered Successfully
[INFO ] 2023-02-11 01:22:18.103 [directOrder.TG_5803_DirectOrderDeny] [VerifyUserRedirectToNewOrderFormViaDirectOrder] - Clicking on Login Button
[INFO ] 2023-02-11 01:22:18.106 [directOrder.TG_5803_DirectOrderDeny] [clickLoginButton] - Clicking on Login Button
[INFO ] 2023-02-11 01:22:18.558 [directOrder.TG_5803_DirectOrderDeny] [clickLoginButton] - Close Pop Up clicked successfully
[INFO ] 2023-02-11 01:22:18.558 [directOrder.TG_5803_DirectOrderDeny] [VerifyUserRedirectToNewOrderFormViaDirectOrder] - Login Button Clicked Successfully
[INFO ] 2023-02-11 01:22:18.559 [directOrder.TG_5803_DirectOrderDeny] [VerifyUserRedirectToNewOrderFormViaDirectOrder] - Clicking on Staffing Companies
[INFO ] 2023-02-11 01:22:18.559 [directOrder.TG_5803_DirectOrderDeny] [clickStaffingCompanies] - Clicking on Staffing Companies Button
[INFO ] 2023-02-11 01:22:27.948 [directOrder.TG_5803_DirectOrderDeny] [clickStaffingCompanies] - Staffing Companies Button clicked successfully
[INFO ] 2023-02-11 01:22:27.949 [directOrder.TG_5803_DirectOrderDeny] [VerifyUserRedirectToNewOrderFormViaDirectOrder] - Staffing Companies Clickied Successfully
[INFO ] 2023-02-11 01:22:27.949 [directOrder.TG_5803_DirectOrderDeny] [VerifyUserRedirectToNewOrderFormViaDirectOrder] - Verifying Staffing Companies List
[INFO ] 2023-02-11 01:22:27.949 [directOrder.TG_5803_DirectOrderDeny] [verifyStaffingCompanyList] - Verify Staffing Company List is displayed
[INFO ] 2023-02-11 01:22:32.929 [directOrder.TG_5803_DirectOrderDeny] [verifyStaffingCompanyList] - Staffing Company List displayed successfully
[INFO ] 2023-02-11 01:22:32.930 [directOrder.TG_5803_DirectOrderDeny] [VerifyUserRedirectToNewOrderFormViaDirectOrder] - Staffing Companies List verified successfully
[INFO ] 2023-02-11 01:22:40.932 [directOrder.TG_5803_DirectOrderDeny] [clickHunderedFilter] - Clicking on 100 records button
[INFO ] 2023-02-11 01:22:41.296 [directOrder.TG_5803_DirectOrderDeny] [clickHunderedFilter] - 100 records button clicked Successfully
[INFO ] 2023-02-11 01:22:46.299 [directOrder.TG_5803_DirectOrderDeny] [VerifyUserRedirectToNewOrderFormViaDirectOrder] - Clicking Staffing Company
[INFO ] 2023-02-11 01:22:46.303 [directOrder.TG_5803_DirectOrderDeny] [clickStaffingCompanyDirectOrder] - Clicking on Staffing Companies Button
[INFO ] 2023-02-11 01:22:47.995 [directOrder.TG_5803_DirectOrderDeny] [clickStaffingCompanyDirectOrder] - Staffing Companies Button clicked successfully
[INFO ] 2023-02-11 01:22:47.997 [directOrder.TG_5803_DirectOrderDeny] [VerifyUserRedirectToNewOrderFormViaDirectOrder] - Staffing Company Clickied Successfully
[INFO ] 2023-02-11 01:22:51.004 [directOrder.TG_5803_DirectOrderDeny] [VerifyUserRedirectToNewOrderFormViaDirectOrder] - Clicking on Place Order Button
[INFO ] 2023-02-11 01:22:51.007 [directOrder.TG_5803_DirectOrderDeny] [clickPlaceOrderButton] - Clicking on Staffing Company
[INFO ] 2023-02-11 01:22:51.235 [directOrder.TG_5803_DirectOrderDeny] [clickPlaceOrderButton] - Staffing Company clicked successfully
[INFO ] 2023-02-11 01:22:51.235 [directOrder.TG_5803_DirectOrderDeny] [VerifyUserRedirectToNewOrderFormViaDirectOrder] - Place Order Button Clickied Successfully
[INFO ] 2023-02-11 01:22:51.307 [directOrder.TG_5803_DirectOrderDeny] [Tag_VerifyConfirmJobOrderDetails] - Started==Verifying Confirm Job Order Details
[INFO ] 2023-02-11 01:22:51.308 [directOrder.TG_5803_DirectOrderDeny] [enterEstDailyHours] - Entering EstDailyHours
[INFO ] 2023-02-11 01:22:59.741 [directOrder.TG_5803_DirectOrderDeny] [enterEstDailyHours] - EstDailyHours entered successfully
[INFO ] 2023-02-11 01:23:01.748 [directOrder.TG_5803_DirectOrderDeny] [enterStartDate] - Entering StartDate
[INFO ] 2023-02-11 01:23:07.357 [directOrder.TG_5803_DirectOrderDeny] [enterStartDate] - StartDate entered successfully
[INFO ] 2023-02-11 01:23:09.365 [directOrder.TG_5803_DirectOrderDeny] [enterEndDate] - Entering EndDate
[INFO ] 2023-02-11 01:23:14.661 [directOrder.TG_5803_DirectOrderDeny] [enterEndDate] - EndDate entered successfully
[INFO ] 2023-02-11 01:23:16.666 [directOrder.TG_5803_DirectOrderDeny] [enterStartTime] - Entering StartTime
[INFO ] 2023-02-11 01:23:18.248 [directOrder.TG_5803_DirectOrderDeny] [enterStartTime] - StartTime entered successfully
[INFO ] 2023-02-11 01:23:20.255 [directOrder.TG_5803_DirectOrderDeny] [enterAvailability] - Entering Availability
[INFO ] 2023-02-11 01:23:20.603 [directOrder.TG_5803_DirectOrderDeny] [enterAvailability] - Availabilit entered successfully
[INFO ] 2023-02-11 01:23:20.604 [directOrder.TG_5803_DirectOrderDeny] [enterJobSite] - Entering JobSite
[INFO ] 2023-02-11 01:23:25.035 [directOrder.TG_5803_DirectOrderDeny] [enterJobSite] - JobSite entered successfully
[INFO ] 2023-02-11 01:23:27.042 [directOrder.TG_5803_DirectOrderDeny] [enterJobTitle] - Entering JobTitle
[INFO ] 2023-02-11 01:23:28.142 [directOrder.TG_5803_DirectOrderDeny] [enterJobTitle] - JobTitle entered successfully
[INFO ] 2023-02-11 01:23:30.146 [directOrder.TG_5803_DirectOrderDeny] [enterNoOfWorker] - Entering No Of Workers
[INFO ] 2023-02-11 01:23:30.279 [directOrder.TG_5803_DirectOrderDeny] [enterNoOfWorker] - NoOfWorkers entered successfully
[INFO ] 2023-02-11 01:23:32.281 [directOrder.TG_5803_DirectOrderDeny] [enterESignature] - Entering ESignature
[INFO ] 2023-02-11 01:23:32.472 [directOrder.TG_5803_DirectOrderDeny] [enterESignature] - ESignature entered successfully
[INFO ] 2023-02-11 01:23:32.473 [directOrder.TG_5803_DirectOrderDeny] [clickAgreeContract] - clickAgreeContract
[INFO ] 2023-02-11 01:23:32.642 [directOrder.TG_5803_DirectOrderDeny] [clickAgreeContract] - clickAgreeContract successfully
[INFO ] 2023-02-11 01:23:35.727 [directOrder.TG_5803_DirectOrderDeny] [Tag_VerifyJobOrderIdAndPopupEmailSentSuccessfully] - Started==Verifying Job Order Id And Popup that Email Sent Successfully
[INFO ] 2023-02-11 01:24:11.407 [directOrder.TG_5803_DirectOrderDeny] [TG_3869_VerifyUserclicksJobOrderItNavigatestoJobOrderForm] - Entering Username
[INFO ] 2023-02-11 01:24:11.409 [directOrder.TG_5803_DirectOrderDeny] [enterUsername] - Entering new user's first name
[INFO ] 2023-02-11 01:24:11.528 [directOrder.TG_5803_DirectOrderDeny] [enterUsername] - User's first name entered successfully
[INFO ] 2023-02-11 01:24:11.528 [directOrder.TG_5803_DirectOrderDeny] [TG_3869_VerifyUserclicksJobOrderItNavigatestoJobOrderForm] - Username Entered Successfully
[INFO ] 2023-02-11 01:24:11.529 [directOrder.TG_5803_DirectOrderDeny] [TG_3869_VerifyUserclicksJobOrderItNavigatestoJobOrderForm] - Entering Password
[INFO ] 2023-02-11 01:24:11.529 [directOrder.TG_5803_DirectOrderDeny] [enterPassword] - Entering new user's last name
[INFO ] 2023-02-11 01:24:11.604 [directOrder.TG_5803_DirectOrderDeny] [enterPassword] - User's last name entered successfully
[INFO ] 2023-02-11 01:24:11.604 [directOrder.TG_5803_DirectOrderDeny] [TG_3869_VerifyUserclicksJobOrderItNavigatestoJobOrderForm] - Password Entered Successfully
[INFO ] 2023-02-11 01:24:11.604 [directOrder.TG_5803_DirectOrderDeny] [TG_3869_VerifyUserclicksJobOrderItNavigatestoJobOrderForm] - Clicking on Login Button
[INFO ] 2023-02-11 01:24:11.604 [directOrder.TG_5803_DirectOrderDeny] [clickLoginButton] - Clicking on Login Button
[INFO ] 2023-02-11 01:24:11.698 [directOrder.TG_5803_DirectOrderDeny] [clickLoginButton] - Close Pop Up clicked successfully
[INFO ] 2023-02-11 01:24:11.698 [directOrder.TG_5803_DirectOrderDeny] [TG_3869_VerifyUserclicksJobOrderItNavigatestoJobOrderForm] - Login Button Clicked Successfully
[INFO ] 2023-02-11 01:24:14.704 [directOrder.TG_5803_DirectOrderDeny] [TG_3869_VerifyUserclicksJobOrderItNavigatestoJobOrderForm] - Clicking on Notifications Icon
[INFO ] 2023-02-11 01:24:14.706 [directOrder.TG_5803_DirectOrderDeny] [clickNotificationIcon] - Clicking on Notifications
[INFO ] 2023-02-11 01:24:17.001 [directOrder.TG_5803_DirectOrderDeny] [clickNotificationIcon] - Notifications clicked successfully
[INFO ] 2023-02-11 01:24:17.002 [directOrder.TG_5803_DirectOrderDeny] [TG_3869_VerifyUserclicksJobOrderItNavigatestoJobOrderForm] - Notifications Icon Clicked Successfully
[INFO ] 2023-02-11 01:24:19.006 [directOrder.TG_5803_DirectOrderDeny] [TG_3869_VerifyUserclicksJobOrderItNavigatestoJobOrderForm] - Verifying Notification Text
[INFO ] 2023-02-11 01:24:19.009 [directOrder.TG_5803_DirectOrderDeny] [verifyNotificationText] - Verify Direct Order Text in Notification
[INFO ] 2023-02-11 01:24:19.109 [directOrder.TG_5803_DirectOrderDeny] [verifyNotificationText] - Direct Order Text in Notification displayed successfully
[INFO ] 2023-02-11 01:24:19.117 [directOrder.TG_5803_DirectOrderDeny] [TG_3869_VerifyUserclicksJobOrderItNavigatestoJobOrderForm] - Notification Text Clicked Successfully
[INFO ] 2023-02-11 01:24:19.118 [directOrder.TG_5803_DirectOrderDeny] [clickJobOrderHomePage] - Clicking Job orders menu present on the staffing homepage navigates to joborder listing form 
[INFO ] 2023-02-11 01:24:22.141 [directOrder.TG_5803_DirectOrderDeny] [clickJobOrderHomePage] - All job orders menu present on the staffing hompage clicked successfully and navigates to joborder listing form  .
[INFO ] 2023-02-11 01:24:24.152 [directOrder.TG_5803_DirectOrderDeny] [verifyJobOrderPage] - Job order form is displayed
[INFO ] 2023-02-11 01:24:24.341 [directOrder.TG_5803_DirectOrderDeny] [verifyJobOrderPage] - Job orderform is displayed successfully
