[INFO ] 2023-03-13 01:53:39.124 [jobOrder.TG_6129_RepeatOpenOrder] [enterUsername] - Entering new user's first name
[INFO ] 2023-03-13 01:53:40.876 [jobOrder.TG_6129_RepeatOpenOrder] [enterUsername] - User's first name entered successfully
[INFO ] 2023-03-13 01:53:40.876 [jobOrder.TG_6129_RepeatOpenOrder] [enterPassword] - Entering new user's last name
[INFO ] 2023-03-13 01:53:41.096 [jobOrder.TG_6129_RepeatOpenOrder] [enterPassword] - User's last name entered successfully
[INFO ] 2023-03-13 01:53:41.096 [jobOrder.TG_6129_RepeatOpenOrder] [clickLoginButton] - Clicking on Login Button
[INFO ] 2023-03-13 01:53:41.623 [jobOrder.TG_6129_RepeatOpenOrder] [clickLoginButton] - Close Pop Up clicked successfully
[INFO ] 2023-03-13 01:53:44.627 [jobOrder.TG_6129_RepeatOpenOrder] [clickOrdersMenuOnHiringHomePage] - Clicking Order menu present on the Hiring homepage
[INFO ] 2023-03-13 01:53:57.396 [jobOrder.TG_6129_RepeatOpenOrder] [clickOrdersMenuOnHiringHomePage] - Order menu present on the Hiring hompage clicked successfully.
[INFO ] 2023-03-13 01:54:07.410 [jobOrder.TG_6129_RepeatOpenOrder] [clickCompletedOrdersTab] - Clicking on the Completed Orders Tab 
[INFO ] 2023-03-13 01:54:07.761 [jobOrder.TG_6129_RepeatOpenOrder] [clickCompletedOrdersTab] - Completed Tab Clicked Successfully
[INFO ] 2023-03-13 01:54:17.782 [jobOrder.TG_6129_RepeatOpenOrder] [clickCompletedOrder] - Clicking on the Completed Order 
[INFO ] 2023-03-13 01:54:20.421 [jobOrder.TG_6129_RepeatOpenOrder] [clickCompletedOrder] - Completed Order Clicked Successfully
[INFO ] 2023-03-13 01:54:22.432 [jobOrder.TG_6129_RepeatOpenOrder] [clickRepeatOrderButton] - Clicking on the Repeat Order Button
[INFO ] 2023-03-13 01:54:22.776 [jobOrder.TG_6129_RepeatOpenOrder] [clickRepeatOrderButton] - Repeat Order Button Clicked Successfully
[INFO ] 2023-03-13 01:54:22.777 [jobOrder.TG_6129_RepeatOpenOrder] [clickOpenOrderCheckbox] - Clicking on the Open Order Checkbox
[INFO ] 2023-03-13 01:54:23.755 [jobOrder.TG_6129_RepeatOpenOrder] [clickOpenOrderCheckbox] - Open Order Checkbox Clicked Successfully
[INFO ] 2023-03-13 01:54:23.756 [jobOrder.TG_6129_RepeatOpenOrder] [clickProceedButton] - Clicking on the Proceed Button
[INFO ] 2023-03-13 01:54:24.397 [jobOrder.TG_6129_RepeatOpenOrder] [clickProceedButton] - Proceed Button Clicked Successfully
[INFO ] 2023-03-13 01:54:28.435 [jobOrder.TG_6129_RepeatOpenOrder] [enterStartDate] - Entering StartDate
[INFO ] 2023-03-13 01:54:34.023 [jobOrder.TG_6129_RepeatOpenOrder] [enterStartDate] - StartDate entered successfully
[INFO ] 2023-03-13 01:54:36.035 [jobOrder.TG_6129_RepeatOpenOrder] [enterEndDate] - Entering EndDate
[INFO ] 2023-03-13 01:54:41.392 [jobOrder.TG_6129_RepeatOpenOrder] [enterEndDate] - EndDate entered successfully
[INFO ] 2023-03-13 01:54:43.400 [jobOrder.TG_6129_RepeatOpenOrder] [enterAvailability] - Entering Availability
[INFO ] 2023-03-13 01:54:43.797 [jobOrder.TG_6129_RepeatOpenOrder] [enterAvailability] - Availabilit entered successfully
[INFO ] 2023-03-13 01:55:01.407 [jobOrder.TG_6129_RepeatOpenOrder] [getTextHiringId] - Job order link present on the home page clicked
[INFO ] 2023-03-13 01:55:11.399 [jobOrder.TG_6129_RepeatOpenOrder] [getTextHiringId] - Verify Job Order Id and Email Successfully
[INFO ] 2023-03-13 01:55:31.988 [jobOrder.TG_6129_RepeatOpenOrder] [enterUsername] - Entering new user's first name
[INFO ] 2023-03-13 01:55:32.156 [jobOrder.TG_6129_RepeatOpenOrder] [enterUsername] - User's first name entered successfully
[INFO ] 2023-03-13 01:55:32.159 [jobOrder.TG_6129_RepeatOpenOrder] [enterPassword] - Entering new user's last name
[INFO ] 2023-03-13 01:55:32.252 [jobOrder.TG_6129_RepeatOpenOrder] [enterPassword] - User's last name entered successfully
[INFO ] 2023-03-13 01:55:32.254 [jobOrder.TG_6129_RepeatOpenOrder] [clickLoginButton] - Clicking on Login Button
[INFO ] 2023-03-13 01:55:32.398 [jobOrder.TG_6129_RepeatOpenOrder] [clickLoginButton] - Close Pop Up clicked successfully
[INFO ] 2023-03-13 01:55:32.399 [jobOrder.TG_6129_RepeatOpenOrder] [clickJobOrderHomePage] - Clicking Job orders menu present on the staffing homepage navigates to joborder listing form 
[INFO ] 2023-03-13 01:55:40.673 [jobOrder.TG_6129_RepeatOpenOrder] [clickJobOrderHomePage] - All job orders menu present on the staffing hompage clicked successfully and navigates to joborder listing form  .
[INFO ] 2023-03-13 01:55:42.689 [jobOrder.TG_6129_RepeatOpenOrder] [verifyJobOrderPage] - Job order form is displayed
[INFO ] 2023-03-13 01:55:42.809 [jobOrder.TG_6129_RepeatOpenOrder] [verifyJobOrderPage] - Job orderform is displayed successfully
[INFO ] 2023-03-13 01:55:52.824 [jobOrder.TG_6129_RepeatOpenOrder] [selectParticularJobOrderFromListing] - Selecting Particular Joborder on the listing
[INFO ] 2023-03-13 01:56:02.994 [jobOrder.TG_6129_RepeatOpenOrder] [selectParticularJobOrderFromListing] - Particular Joborder on the listing selected successfully
[INFO ] 2023-03-13 01:56:27.119 [jobOrder.TG_6129_RepeatOpenOrder] [enterUsername] - Entering new user's first name
[INFO ] 2023-03-13 01:56:27.257 [jobOrder.TG_6129_RepeatOpenOrder] [enterUsername] - User's first name entered successfully
[INFO ] 2023-03-13 01:56:27.258 [jobOrder.TG_6129_RepeatOpenOrder] [enterPassword] - Entering new user's last name
[INFO ] 2023-03-13 01:56:27.417 [jobOrder.TG_6129_RepeatOpenOrder] [enterPassword] - User's last name entered successfully
[INFO ] 2023-03-13 01:56:27.418 [jobOrder.TG_6129_RepeatOpenOrder] [clickLoginButton] - Clicking on Login Button
[INFO ] 2023-03-13 01:56:27.503 [jobOrder.TG_6129_RepeatOpenOrder] [clickLoginButton] - Close Pop Up clicked successfully
[INFO ] 2023-03-13 01:56:34.522 [jobOrder.TG_6129_RepeatOpenOrder] [clickOrdersMenuOnHiringHomePage] - Clicking Order menu present on the Hiring homepage
[INFO ] 2023-03-13 01:56:35.271 [jobOrder.TG_6129_RepeatOpenOrder] [clickOrdersMenuOnHiringHomePage] - Order menu present on the Hiring hompage clicked successfully.
[INFO ] 2023-03-13 01:56:53.462 [jobOrder.TG_6129_RepeatOpenOrder] [clickDeleteJobOrderButton] - Clicking on delete button present on Job Order detials page
[INFO ] 2023-03-13 01:56:53.597 [jobOrder.TG_6129_RepeatOpenOrder] [clickDeleteJobOrderButton] - Delete button present on Job Order detials page clicked
[INFO ] 2023-03-13 01:56:56.804 [jobOrder.TG_6129_RepeatOpenOrder] [clickAcceptDeleteJobOrderRequestButton] - Clicking on confirm deletion button
[INFO ] 2023-03-13 01:56:56.933 [jobOrder.TG_6129_RepeatOpenOrder] [clickAcceptDeleteJobOrderRequestButton] - Confirm deletion button clicked
[INFO ] 2023-03-13 01:56:56.934 [jobOrder.TG_6129_RepeatOpenOrder] [verifyJobOrderDeleted] - Verifying that job order deleted via pop-up
[INFO ] 2023-03-13 01:56:57.347 [jobOrder.TG_6129_RepeatOpenOrder] [verifyJobOrderDeleted] - Verified that order deleted successfully
