[INFO ] 2023-02-24 16:43:11.887 [company.TG_4325_ApproveClaimFromHiring] [Tag_EndToEndFlowNewOrderHiring] - Started==Starting End To End Flow NewOrderHiring
[INFO ] 2023-02-24 16:43:15.969 [company.TG_4325_ApproveClaimFromHiring] [enterUsername] - Entering new user's first name
[INFO ] 2023-02-24 16:43:17.361 [company.TG_4325_ApproveClaimFromHiring] [enterUsername] - User's first name entered successfully
[INFO ] 2023-02-24 16:43:17.362 [company.TG_4325_ApproveClaimFromHiring] [enterPassword] - Entering new user's last name
[INFO ] 2023-02-24 16:43:17.631 [company.TG_4325_ApproveClaimFromHiring] [enterPassword] - User's last name entered successfully
[INFO ] 2023-02-24 16:43:17.632 [company.TG_4325_ApproveClaimFromHiring] [clickLoginButton] - Clicking on Login Button
[INFO ] 2023-02-24 16:43:18.162 [company.TG_4325_ApproveClaimFromHiring] [clickLoginButton] - Close Pop Up clicked successfully
[INFO ] 2023-02-24 16:43:18.162 [company.TG_4325_ApproveClaimFromHiring] [newOrderHiring] - Clicking on New Order Button
[INFO ] 2023-02-24 16:43:31.847 [company.TG_4325_ApproveClaimFromHiring] [newOrderHiring] - New Order Button clicked successfully
[INFO ] 2023-02-24 16:43:31.848 [company.TG_4325_ApproveClaimFromHiring] [newOrderHiring] - Entering EstDailyHours
[INFO ] 2023-02-24 16:43:40.889 [company.TG_4325_ApproveClaimFromHiring] [newOrderHiring] - EstDailyHours entered successfully
[INFO ] 2023-02-24 16:43:40.890 [company.TG_4325_ApproveClaimFromHiring] [newOrderHiring] - Entering StartDate
[INFO ] 2023-02-24 16:43:46.632 [company.TG_4325_ApproveClaimFromHiring] [newOrderHiring] - StartDate entered successfully
[INFO ] 2023-02-24 16:43:46.636 [company.TG_4325_ApproveClaimFromHiring] [newOrderHiring] - Entering EndDate
[INFO ] 2023-02-24 16:43:57.902 [company.TG_4325_ApproveClaimFromHiring] [newOrderHiring] - EndDate entered successfully
[INFO ] 2023-02-24 16:43:57.905 [company.TG_4325_ApproveClaimFromHiring] [newOrderHiring] - Entering StartTime
[INFO ] 2023-02-24 16:43:58.876 [company.TG_4325_ApproveClaimFromHiring] [newOrderHiring] - StartTime entered successfully
[INFO ] 2023-02-24 16:43:58.876 [company.TG_4325_ApproveClaimFromHiring] [newOrderHiring] - Entering Availability
[INFO ] 2023-02-24 16:43:59.063 [company.TG_4325_ApproveClaimFromHiring] [newOrderHiring] - Availabilit entered successfully
[INFO ] 2023-02-24 16:43:59.063 [company.TG_4325_ApproveClaimFromHiring] [newOrderHiring] - Entering JobSite
[INFO ] 2023-02-24 16:44:05.480 [company.TG_4325_ApproveClaimFromHiring] [newOrderHiring] - JobSite entered successfully
[INFO ] 2023-02-24 16:44:05.481 [company.TG_4325_ApproveClaimFromHiring] [newOrderHiring] - Entering JobTitle
[INFO ] 2023-02-24 16:44:14.669 [company.TG_4325_ApproveClaimFromHiring] [newOrderHiring] - JobTitle entered successfully
[INFO ] 2023-02-24 16:44:14.676 [company.TG_4325_ApproveClaimFromHiring] [newOrderHiring] - Entering No Of Workers
[INFO ] 2023-02-24 16:44:19.878 [company.TG_4325_ApproveClaimFromHiring] [newOrderHiring] - NoOfWorkers entered successfully
[INFO ] 2023-02-24 16:44:19.880 [company.TG_4325_ApproveClaimFromHiring] [newOrderHiring] - Entering ESignature
[INFO ] 2023-02-24 16:44:23.054 [company.TG_4325_ApproveClaimFromHiring] [newOrderHiring] - ESignature entered successfully
[INFO ] 2023-02-24 16:44:23.055 [company.TG_4325_ApproveClaimFromHiring] [newOrderHiring] - clickAgreeContract
[INFO ] 2023-02-24 16:44:23.241 [company.TG_4325_ApproveClaimFromHiring] [newOrderHiring] - clickAgreeContract successfully
[INFO ] 2023-02-24 16:44:23.242 [company.TG_4325_ApproveClaimFromHiring] [newOrderHiring] - clickSaveButton
[INFO ] 2023-02-24 16:44:23.434 [company.TG_4325_ApproveClaimFromHiring] [newOrderHiring] - SaveButton Clicked successfully
[INFO ] 2023-02-24 16:44:31.857 [company.TG_4325_ApproveClaimFromHiring] [newOrderHiring] - Job order link present on the home page clicked
[INFO ] 2023-02-24 16:44:40.037 [company.TG_4325_ApproveClaimFromHiring] [newOrderHiring] - Verify Job Order Id and Email Successfully
[INFO ] 2023-02-24 16:44:49.472 [company.TG_4325_ApproveClaimFromHiring] [Tag_EndToEndFlowClaimFromStaffing] - Started==Starting End To End Flow ClaimFromStaffing
[INFO ] 2023-02-24 16:44:57.606 [company.TG_4325_ApproveClaimFromHiring] [enterUsername] - Entering new user's first name
[INFO ] 2023-02-24 16:44:57.717 [company.TG_4325_ApproveClaimFromHiring] [enterUsername] - User's first name entered successfully
[INFO ] 2023-02-24 16:44:57.717 [company.TG_4325_ApproveClaimFromHiring] [enterPassword] - Entering new user's last name
[INFO ] 2023-02-24 16:44:57.778 [company.TG_4325_ApproveClaimFromHiring] [enterPassword] - User's last name entered successfully
[INFO ] 2023-02-24 16:44:57.778 [company.TG_4325_ApproveClaimFromHiring] [clickLoginButton] - Clicking on Login Button
[INFO ] 2023-02-24 16:44:57.843 [company.TG_4325_ApproveClaimFromHiring] [clickLoginButton] - Close Pop Up clicked successfully
[INFO ] 2023-02-24 16:44:57.843 [company.TG_4325_ApproveClaimFromHiring] [ClaimOrderForStaffing] - Clicking Job orders menu present on the staffing homepage navigates to joborder listing form 
[INFO ] 2023-02-24 16:45:18.016 [company.TG_4325_ApproveClaimFromHiring] [selectParticularJobOrderFromListingStaffing] - Selecting Particular Joborder on the listing
[INFO ] 2023-02-24 16:45:28.178 [company.TG_4325_ApproveClaimFromHiring] [selectParticularJobOrderFromListingStaffing] - Particular Joborder on the listing selected successfully
[INFO ] 2023-02-24 16:45:28.180 [company.TG_4325_ApproveClaimFromHiring] [ClaimOrderForStaffing] - Clicking on Claim order Button
[INFO ] 2023-02-24 16:45:41.543 [company.TG_4325_ApproveClaimFromHiring] [ClaimOrderForStaffing] - Claim order button clicked successfully
[INFO ] 2023-02-24 16:45:41.545 [company.TG_4325_ApproveClaimFromHiring] [ClaimOrderForStaffing] - Entering the No. of Employees Claim
[INFO ] 2023-02-24 16:45:46.687 [company.TG_4325_ApproveClaimFromHiring] [ClaimOrderForStaffing] - No. of Employees Claim entered successfully
[INFO ] 2023-02-24 16:45:51.693 [company.TG_4325_ApproveClaimFromHiring] [ClaimOrderForStaffing] - Entering the E-Signature
[INFO ] 2023-02-24 16:45:53.864 [company.TG_4325_ApproveClaimFromHiring] [ClaimOrderForStaffing] - E-Signature entered successfully
[INFO ] 2023-02-24 16:45:53.866 [company.TG_4325_ApproveClaimFromHiring] [ClaimOrderForStaffing] - Clicking on Agree to Contract Button
[INFO ] 2023-02-24 16:45:56.004 [company.TG_4325_ApproveClaimFromHiring] [ClaimOrderForStaffing] - Agree to Contract Button clicked successfully
[INFO ] 2023-02-24 16:45:56.005 [company.TG_4325_ApproveClaimFromHiring] [ClaimOrderForStaffing] - Clicking on Submit Claim Button
[INFO ] 2023-02-24 16:46:03.145 [company.TG_4325_ApproveClaimFromHiring] [ClaimOrderForStaffing] - Submit Claim Button clicked successfully
[INFO ] 2023-02-24 16:46:42.807 [company.TG_4325_ApproveClaimFromHiring] [enterUsername] - Entering new user's first name
[INFO ] 2023-02-24 16:46:42.922 [company.TG_4325_ApproveClaimFromHiring] [enterUsername] - User's first name entered successfully
[INFO ] 2023-02-24 16:46:42.922 [company.TG_4325_ApproveClaimFromHiring] [enterPassword] - Entering new user's last name
[INFO ] 2023-02-24 16:46:42.995 [company.TG_4325_ApproveClaimFromHiring] [enterPassword] - User's last name entered successfully
[INFO ] 2023-02-24 16:46:42.995 [company.TG_4325_ApproveClaimFromHiring] [clickLoginButton] - Clicking on Login Button
[INFO ] 2023-02-24 16:46:43.132 [company.TG_4325_ApproveClaimFromHiring] [clickLoginButton] - Close Pop Up clicked successfully
[INFO ] 2023-02-24 16:46:50.146 [company.TG_4325_ApproveClaimFromHiring] [clickOrdersMenuOnHiringHomePage] - Clicking Order menu present on the Hiring homepage
[INFO ] 2023-02-24 16:46:51.108 [company.TG_4325_ApproveClaimFromHiring] [clickOrdersMenuOnHiringHomePage] - Order menu present on the Hiring hompage clicked successfully.
[INFO ] 2023-02-24 16:47:08.427 [company.TG_4325_ApproveClaimFromHiring] [verifyPleaseReviewSubmittedClaimsMessage] - Check for 'Please review submitted claims' message Displayed
[INFO ] 2023-02-24 16:47:08.548 [company.TG_4325_ApproveClaimFromHiring] [verifyPleaseReviewSubmittedClaimsMessage] - Message displayed successfully
[INFO ] 2023-02-24 16:47:08.608 [company.TG_4325_ApproveClaimFromHiring] [clickClaimsButton] - Clicking on the claim button navigates to claim order form 
[INFO ] 2023-02-24 16:47:08.724 [company.TG_4325_ApproveClaimFromHiring] [clickClaimsButton] - Clicking on the claim button navigates to claim order form successfully
[INFO ] 2023-02-24 16:47:11.732 [company.TG_4325_ApproveClaimFromHiring] [clickSelectHeadCountButton] - Clicking the select head count button on the claim order form
[INFO ] 2023-02-24 16:47:11.870 [company.TG_4325_ApproveClaimFromHiring] [clickSelectHeadCountButton] - Clicked the select head count button on the claim order form successfully
[INFO ] 2023-02-24 16:47:11.911 [company.TG_4325_ApproveClaimFromHiring] [titleSelectHeadCountModal] - Clicking Select Head Count button, a modal should open having a title as 'Select Head Count'
[INFO ] 2023-02-24 16:47:16.675 [company.TG_4325_ApproveClaimFromHiring] [titleSelectHeadCountModal] - clicked Select Head Count button, a modal title as 'Select Head Count'opened successfully
[INFO ] 2023-02-24 16:47:16.702 [company.TG_4325_ApproveClaimFromHiring] [verifyApproveFieldIsVisible] - Check for Approvefield is visible
[INFO ] 2023-02-24 16:47:16.770 [company.TG_4325_ApproveClaimFromHiring] [verifyApproveFieldIsVisible] - Approvefield is visible successfully
[INFO ] 2023-02-24 16:47:16.770 [company.TG_4325_ApproveClaimFromHiring] [enterApproveCountGreater] - Entering Approve count should not be greater than Workerscount
[INFO ] 2023-02-24 16:47:16.943 [company.TG_4325_ApproveClaimFromHiring] [enterApproveCountGreater] - Approve count is not more than the workers count
[INFO ] 2023-02-24 16:47:18.950 [company.TG_4325_ApproveClaimFromHiring] [clickModalSubmitButton] - Clicking on modal submit Button
[INFO ] 2023-02-24 16:47:19.082 [company.TG_4325_ApproveClaimFromHiring] [clickModalSubmitButton] - Modal submit button clicked successfully
[INFO ] 2023-02-24 16:47:19.088 [company.TG_4325_ApproveClaimFromHiring] [verifyErrorMessage] - Popup shows as Claims approved cannot be greater than the no. of workers
[INFO ] 2023-02-24 16:47:19.437 [company.TG_4325_ApproveClaimFromHiring] [verifyErrorMessage] - Error Message displayed successfully
[INFO ] 2023-02-24 16:47:29.457 [company.TG_4325_ApproveClaimFromHiring] [clickSelectHeadCountButton] - Clicking the select head count button on the claim order form
[INFO ] 2023-02-24 16:47:29.571 [company.TG_4325_ApproveClaimFromHiring] [clickSelectHeadCountButton] - Clicked the select head count button on the claim order form successfully
[INFO ] 2023-02-24 16:47:29.571 [company.TG_4325_ApproveClaimFromHiring] [enterApproveCount] - Entering Approve count should not be greater than Workerscount
[INFO ] 2023-02-24 16:47:33.577 [company.TG_4325_ApproveClaimFromHiring] [enterApproveCount] - Approve count is not more than the workers count
[INFO ] 2023-02-24 16:47:35.584 [company.TG_4325_ApproveClaimFromHiring] [clickModalSubmitButton] - Clicking on modal submit Button
[INFO ] 2023-02-24 16:47:35.704 [company.TG_4325_ApproveClaimFromHiring] [clickModalSubmitButton] - Modal submit button clicked successfully
[INFO ] 2023-02-24 16:47:35.705 [company.TG_4325_ApproveClaimFromHiring] [verifyEmailSuccessMessage] - Check for submission of Claim Order
[INFO ] 2023-02-24 16:47:41.299 [company.TG_4325_ApproveClaimFromHiring] [verifyEmailSuccessMessage] - Claim Order Submitted Successfully
