[INFO ] 2023-03-22 00:18:58.333 [CRM.TG_5489_Hiring_Company_Creation_Via_TAG] [TG_5461_VerifyUserIsAbleToRouteToLeadFormSuccessfully] - Logging in
[INFO ] 2023-03-22 00:19:01.940 [CRM.TG_5489_Hiring_Company_Creation_Via_TAG] [TG_5461_VerifyUserIsAbleToRouteToLeadFormSuccessfully] - Entering Username
[INFO ] 2023-03-22 00:19:01.944 [CRM.TG_5489_Hiring_Company_Creation_Via_TAG] [enterUsername] - Entering new user's first name
[INFO ] 2023-03-22 00:19:04.375 [CRM.TG_5489_Hiring_Company_Creation_Via_TAG] [enterUsername] - User's first name entered successfully
[INFO ] 2023-03-22 00:19:04.375 [CRM.TG_5489_Hiring_Company_Creation_Via_TAG] [TG_5461_VerifyUserIsAbleToRouteToLeadFormSuccessfully] - Username Entered Successfully
[INFO ] 2023-03-22 00:19:04.375 [CRM.TG_5489_Hiring_Company_Creation_Via_TAG] [TG_5461_VerifyUserIsAbleToRouteToLeadFormSuccessfully] - Entering Password
[INFO ] 2023-03-22 00:19:04.377 [CRM.TG_5489_Hiring_Company_Creation_Via_TAG] [enterPassword] - Entering new user's last name
[INFO ] 2023-03-22 00:19:04.686 [CRM.TG_5489_Hiring_Company_Creation_Via_TAG] [enterPassword] - User's last name entered successfully
[INFO ] 2023-03-22 00:19:04.686 [CRM.TG_5489_Hiring_Company_Creation_Via_TAG] [TG_5461_VerifyUserIsAbleToRouteToLeadFormSuccessfully] - Password Entered Successfully
[INFO ] 2023-03-22 00:19:04.686 [CRM.TG_5489_Hiring_Company_Creation_Via_TAG] [TG_5461_VerifyUserIsAbleToRouteToLeadFormSuccessfully] - Clicking on Login Button
[INFO ] 2023-03-22 00:19:04.686 [CRM.TG_5489_Hiring_Company_Creation_Via_TAG] [clickLoginButton] - Clicking on Login Button
[INFO ] 2023-03-22 00:19:05.243 [CRM.TG_5489_Hiring_Company_Creation_Via_TAG] [clickLoginButton] - Close Pop Up clicked successfully
[INFO ] 2023-03-22 00:19:05.260 [CRM.TG_5489_Hiring_Company_Creation_Via_TAG] [TG_5461_VerifyUserIsAbleToRouteToLeadFormSuccessfully] - Verifying CRM Icon
[INFO ] 2023-03-22 00:19:05.260 [CRM.TG_5489_Hiring_Company_Creation_Via_TAG] [verifyCRMTextOnStaffingHomepage] - Check for CRM Icon on Homepage
[INFO ] 2023-03-22 00:19:14.418 [CRM.TG_5489_Hiring_Company_Creation_Via_TAG] [verifyCRMTextOnStaffingHomepage] - CRM Icon displayed successfully
[INFO ] 2023-03-22 00:19:14.422 [CRM.TG_5489_Hiring_Company_Creation_Via_TAG] [TG_5461_VerifyUserIsAbleToRouteToLeadFormSuccessfully] - CRM Icon Verified successfully
[INFO ] 2023-03-22 00:19:14.422 [CRM.TG_5489_Hiring_Company_Creation_Via_TAG] [TG_5461_VerifyUserIsAbleToRouteToLeadFormSuccessfully] - Clicking on CRM Icon
[INFO ] 2023-03-22 00:19:14.422 [CRM.TG_5489_Hiring_Company_Creation_Via_TAG] [clickCRMIcoOnHomepage] - Clicking on CRM Button
[INFO ] 2023-03-22 00:19:17.859 [CRM.TG_5489_Hiring_Company_Creation_Via_TAG] [clickCRMIcoOnHomepage] - CRM Button clicked successfully
[INFO ] 2023-03-22 00:19:17.860 [CRM.TG_5489_Hiring_Company_Creation_Via_TAG] [TG_5461_VerifyUserIsAbleToRouteToLeadFormSuccessfully] - CRM Icon Clicked Successfully
[INFO ] 2023-03-22 00:19:19.866 [CRM.TG_5489_Hiring_Company_Creation_Via_TAG] [TG_5461_VerifyUserIsAbleToRouteToLeadFormSuccessfully] - Clicking on Lead Icon
[INFO ] 2023-03-22 00:19:19.867 [CRM.TG_5489_Hiring_Company_Creation_Via_TAG] [clickLeadIcon] - Clicking on Lead Button
[INFO ] 2023-03-22 00:19:21.757 [CRM.TG_5489_Hiring_Company_Creation_Via_TAG] [clickLeadIcon] - Lead Button clicked successfully
[INFO ] 2023-03-22 00:19:21.758 [CRM.TG_5489_Hiring_Company_Creation_Via_TAG] [TG_5461_VerifyUserIsAbleToRouteToLeadFormSuccessfully] - Lead Icon Clicked Successfully
[INFO ] 2023-03-22 00:19:23.764 [CRM.TG_5489_Hiring_Company_Creation_Via_TAG] [TG_5461_VerifyUserIsAbleToRouteToLeadFormSuccessfully] - Verify Listing Form
[INFO ] 2023-03-22 00:19:23.765 [CRM.TG_5489_Hiring_Company_Creation_Via_TAG] [verifyLeadListingForm] - Check for Lead Title
[INFO ] 2023-03-22 00:19:24.421 [CRM.TG_5489_Hiring_Company_Creation_Via_TAG] [verifyLeadListingForm] - Lead Title displayed successfully
[INFO ] 2023-03-22 00:19:24.422 [CRM.TG_5489_Hiring_Company_Creation_Via_TAG] [TG_5461_VerifyUserIsAbleToRouteToLeadFormSuccessfully] - Listing Form verified successfully
[INFO ] 2023-03-22 00:19:26.428 [CRM.TG_5489_Hiring_Company_Creation_Via_TAG] [TG_5461_VerifyUserIsAbleToRouteToLeadFormSuccessfully] - Clicking on Add Lead Button
[INFO ] 2023-03-22 00:19:26.432 [CRM.TG_5489_Hiring_Company_Creation_Via_TAG] [clickAddLeadButton] - Clicking on Lead Button
[INFO ] 2023-03-22 00:19:27.802 [CRM.TG_5489_Hiring_Company_Creation_Via_TAG] [clickAddLeadButton] - Add Lead Button clicked successfully
[INFO ] 2023-03-22 00:19:27.803 [CRM.TG_5489_Hiring_Company_Creation_Via_TAG] [TG_5461_VerifyUserIsAbleToRouteToLeadFormSuccessfully] - Add Lead Button Clicked Successfully
[INFO ] 2023-03-22 00:19:29.809 [CRM.TG_5489_Hiring_Company_Creation_Via_TAG] [TG_5461_VerifyUserIsAbleToRouteToLeadFormSuccessfully] - Verifying the Lead Form Title
[INFO ] 2023-03-22 00:19:29.809 [CRM.TG_5489_Hiring_Company_Creation_Via_TAG] [verifyLeadForm] - Check for New Lead Form
[INFO ] 2023-03-22 00:19:29.918 [CRM.TG_5489_Hiring_Company_Creation_Via_TAG] [verifyLeadForm] - New Lead Form displayed successfully
[INFO ] 2023-03-22 00:19:29.919 [CRM.TG_5489_Hiring_Company_Creation_Via_TAG] [TG_5461_VerifyUserIsAbleToRouteToLeadFormSuccessfully] - Lead Form Title is Verified Successfully
[INFO ] 2023-03-22 00:19:29.919 [CRM.TG_5489_Hiring_Company_Creation_Via_TAG] [TG_5461_VerifyUserIsAbleToRouteToLeadFormSuccessfully] - Verifying Mandatory Fields
[INFO ] 2023-03-22 00:19:29.919 [CRM.TG_5489_Hiring_Company_Creation_Via_TAG] [clickSaveButton] - Clicking on Save Button
[INFO ] 2023-03-22 00:19:30.524 [CRM.TG_5489_Hiring_Company_Creation_Via_TAG] [clickSaveButton] - Save Button clicked successfully
[INFO ] 2023-03-22 00:19:32.530 [CRM.TG_5489_Hiring_Company_Creation_Via_TAG] [verifyMandatoryFieldIsBlank] - Verifying the Mandatory Field Pop-Up Title
[INFO ] 2023-03-22 00:19:32.618 [CRM.TG_5489_Hiring_Company_Creation_Via_TAG] [verifyMandatoryFieldIsBlank] - Mandatory Field Pop-Up Title displayed Successfully
[INFO ] 2023-03-22 00:19:34.625 [CRM.TG_5489_Hiring_Company_Creation_Via_TAG] [TG_5461_VerifyUserIsAbleToRouteToLeadFormSuccessfully] - Closing the Pop-up
[INFO ] 2023-03-22 00:19:34.626 [CRM.TG_5489_Hiring_Company_Creation_Via_TAG] [closeBlankMandatoryFieldDialogBox] - Clicking on Close Pop-Up Icon
[INFO ] 2023-03-22 00:19:34.807 [CRM.TG_5489_Hiring_Company_Creation_Via_TAG] [closeBlankMandatoryFieldDialogBox] - Close Pop-Up Icon Clicked Successfully
[INFO ] 2023-03-22 00:19:34.807 [CRM.TG_5489_Hiring_Company_Creation_Via_TAG] [TG_5461_VerifyUserIsAbleToRouteToLeadFormSuccessfully] - Pop-up closed Successfully
[INFO ] 2023-03-22 00:19:36.813 [CRM.TG_5489_Hiring_Company_Creation_Via_TAG] [TG_5461_VerifyUserIsAbleToRouteToLeadFormSuccessfully] - Entering First Name
[INFO ] 2023-03-22 00:19:36.814 [CRM.TG_5489_Hiring_Company_Creation_Via_TAG] [enterFirstName] - Entering First Name
[INFO ] 2023-03-22 00:19:36.977 [CRM.TG_5489_Hiring_Company_Creation_Via_TAG] [enterFirstName] - First Name Entered Successfully
[INFO ] 2023-03-22 00:19:36.978 [CRM.TG_5489_Hiring_Company_Creation_Via_TAG] [TG_5461_VerifyUserIsAbleToRouteToLeadFormSuccessfully] - First Name Entered Successfully
[INFO ] 2023-03-22 00:19:36.978 [CRM.TG_5489_Hiring_Company_Creation_Via_TAG] [TG_5461_VerifyUserIsAbleToRouteToLeadFormSuccessfully] - Entering Last Name
[INFO ] 2023-03-22 00:19:36.978 [CRM.TG_5489_Hiring_Company_Creation_Via_TAG] [enterLastName] - Entering Last Name
[INFO ] 2023-03-22 00:19:37.090 [CRM.TG_5489_Hiring_Company_Creation_Via_TAG] [enterLastName] - Last Name Entered Successfully
[INFO ] 2023-03-22 00:19:37.090 [CRM.TG_5489_Hiring_Company_Creation_Via_TAG] [TG_5461_VerifyUserIsAbleToRouteToLeadFormSuccessfully] - Last Name Entered Successfully
[INFO ] 2023-03-22 00:19:37.090 [CRM.TG_5489_Hiring_Company_Creation_Via_TAG] [TG_5461_VerifyUserIsAbleToRouteToLeadFormSuccessfully] - Entering Company Type
[INFO ] 2023-03-22 00:19:37.090 [CRM.TG_5489_Hiring_Company_Creation_Via_TAG] [enterCompanyType] - Entering Lead
[INFO ] 2023-03-22 00:19:37.268 [CRM.TG_5489_Hiring_Company_Creation_Via_TAG] [enterCompanyType] - Lead Entered Successfully
[INFO ] 2023-03-22 00:19:37.268 [CRM.TG_5489_Hiring_Company_Creation_Via_TAG] [TG_5461_VerifyUserIsAbleToRouteToLeadFormSuccessfully] - Company Type Entered Successfully
[INFO ] 2023-03-22 00:19:37.268 [CRM.TG_5489_Hiring_Company_Creation_Via_TAG] [TG_5461_VerifyUserIsAbleToRouteToLeadFormSuccessfully] - Entering Company Name
[INFO ] 2023-03-22 00:19:37.268 [CRM.TG_5489_Hiring_Company_Creation_Via_TAG] [enterCompanyName] - Entering Company Name
[INFO ] 2023-03-22 00:19:37.420 [CRM.TG_5489_Hiring_Company_Creation_Via_TAG] [enterCompanyName] - Company Name Entered Successfully
[INFO ] 2023-03-22 00:19:37.422 [CRM.TG_5489_Hiring_Company_Creation_Via_TAG] [TG_5461_VerifyUserIsAbleToRouteToLeadFormSuccessfully] - Company Name Entered Successfully
[INFO ] 2023-03-22 00:19:37.422 [CRM.TG_5489_Hiring_Company_Creation_Via_TAG] [TG_5461_VerifyUserIsAbleToRouteToLeadFormSuccessfully] - Entering Email
[INFO ] 2023-03-22 00:19:37.422 [CRM.TG_5489_Hiring_Company_Creation_Via_TAG] [enterEmail] - Entering Email
[INFO ] 2023-03-22 00:19:37.753 [CRM.TG_5489_Hiring_Company_Creation_Via_TAG] [enterEmail] - Email Entered Successfully
[INFO ] 2023-03-22 00:19:37.754 [CRM.TG_5489_Hiring_Company_Creation_Via_TAG] [TG_5461_VerifyUserIsAbleToRouteToLeadFormSuccessfully] - Email Entered Successfully
[INFO ] 2023-03-22 00:19:39.760 [CRM.TG_5489_Hiring_Company_Creation_Via_TAG] [TG_5461_VerifyUserIsAbleToRouteToLeadFormSuccessfully] - Entering Phone Number
[INFO ] 2023-03-22 00:19:39.762 [CRM.TG_5489_Hiring_Company_Creation_Via_TAG] [enterPhoneNumber] - Entering Phone Number
[INFO ] 2023-03-22 00:19:39.904 [CRM.TG_5489_Hiring_Company_Creation_Via_TAG] [enterPhoneNumber] - Phone Number Entered Successfully
[INFO ] 2023-03-22 00:19:39.904 [CRM.TG_5489_Hiring_Company_Creation_Via_TAG] [TG_5461_VerifyUserIsAbleToRouteToLeadFormSuccessfully] - Phone Number Entered Successfully
[INFO ] 2023-03-22 00:19:41.911 [CRM.TG_5489_Hiring_Company_Creation_Via_TAG] [TG_5461_VerifyUserIsAbleToRouteToLeadFormSuccessfully] - Entering Employee Address
[INFO ] 2023-03-22 00:19:41.914 [CRM.TG_5489_Hiring_Company_Creation_Via_TAG] [enterEmployeeAddressOnMaps] - Etering employee address on maps
[INFO ] 2023-03-22 00:19:43.303 [CRM.TG_5489_Hiring_Company_Creation_Via_TAG] [enterEmployeeAddressOnMaps] - Employee entered successfully
[INFO ] 2023-03-22 00:19:43.304 [CRM.TG_5489_Hiring_Company_Creation_Via_TAG] [TG_5461_VerifyUserIsAbleToRouteToLeadFormSuccessfully] - Employee Address Entered Successfull
[INFO ] 2023-03-22 00:19:45.310 [CRM.TG_5489_Hiring_Company_Creation_Via_TAG] [TG_5461_VerifyUserIsAbleToRouteToLeadFormSuccessfully] - Clicking on Save Button
[INFO ] 2023-03-22 00:19:45.311 [CRM.TG_5489_Hiring_Company_Creation_Via_TAG] [clickSaveButton] - Clicking on Save Button
[INFO ] 2023-03-22 00:19:45.449 [CRM.TG_5489_Hiring_Company_Creation_Via_TAG] [clickSaveButton] - Save Button clicked successfully
[INFO ] 2023-03-22 00:19:45.449 [CRM.TG_5489_Hiring_Company_Creation_Via_TAG] [TG_5461_VerifyUserIsAbleToRouteToLeadFormSuccessfully] - Save Button Clicked Successfully
[INFO ] 2023-03-22 00:19:48.456 [CRM.TG_5489_Hiring_Company_Creation_Via_TAG] [TG_5461_VerifyUserIsAbleToRouteToLeadFormSuccessfully] - Verify the LEAD Status
[INFO ] 2023-03-22 00:19:48.459 [CRM.TG_5489_Hiring_Company_Creation_Via_TAG] [verifyLeadStatus] - Check for Status as Lead
[INFO ] 2023-03-22 00:19:48.578 [CRM.TG_5489_Hiring_Company_Creation_Via_TAG] [verifyLeadStatus] - Status verified as Lead successfully
[INFO ] 2023-03-22 00:19:48.578 [CRM.TG_5489_Hiring_Company_Creation_Via_TAG] [TG_5461_VerifyUserIsAbleToRouteToLeadFormSuccessfully] - LEAD Status verified Successfully
[INFO ] 2023-03-22 00:19:50.587 [CRM.TG_5489_Hiring_Company_Creation_Via_TAG] [TG_5461_VerifyUserIsAbleToRouteToLeadFormSuccessfully] - Clicking Lead Link for Listing form
[INFO ] 2023-03-22 00:19:50.589 [CRM.TG_5489_Hiring_Company_Creation_Via_TAG] [clickLeadLinkforListingForm] - Click on Lead for Listing form
[INFO ] 2023-03-22 00:19:51.078 [CRM.TG_5489_Hiring_Company_Creation_Via_TAG] [clickLeadLinkforListingForm] - Lead for Listing form clicked Successfully
[INFO ] 2023-03-22 00:19:51.078 [CRM.TG_5489_Hiring_Company_Creation_Via_TAG] [TG_5461_VerifyUserIsAbleToRouteToLeadFormSuccessfully] - Lead Link for Listing form clicked Successfully
[INFO ] 2023-03-22 00:19:51.078 [CRM.TG_5489_Hiring_Company_Creation_Via_TAG] [TG_5461_VerifyUserIsAbleToRouteToLeadFormSuccessfully] - Verify Lead created Successfully or not
[INFO ] 2023-03-22 00:19:51.078 [CRM.TG_5489_Hiring_Company_Creation_Via_TAG] [verifyCreatedLead] - Check for Created Lead
[INFO ] 2023-03-22 00:19:51.184 [CRM.TG_5489_Hiring_Company_Creation_Via_TAG] [verifyCreatedLead] - Created Lead displayed successfully
[DEBUG] 2023-03-22 00:19:52.200 [freemarker.cache] [debug] - Couldn't find template in cache for "spark/spark.spa.ftl"("en_IN", UTF-8, parsed); will try to load it.
[DEBUG] 2023-03-22 00:19:52.204 [freemarker.cache] [debug] - TemplateLoader.findTemplateSource("spark/spark.spa_en_IN.ftl"): Not found
[DEBUG] 2023-03-22 00:19:52.206 [freemarker.cache] [debug] - TemplateLoader.findTemplateSource("spark/spark.spa_en.ftl"): Not found
[DEBUG] 2023-03-22 00:19:52.206 [freemarker.cache] [debug] - TemplateLoader.findTemplateSource("spark/spark.spa.ftl"): Found
[DEBUG] 2023-03-22 00:19:52.207 [freemarker.cache] [debug] - Loading template for "spark/spark.spa.ftl"("en_IN", UTF-8, parsed) from "jar:file:/Users/amandeep.singh/.m2/repository/com/aventstack/extentreports/5.0.7/extentreports-5.0.7.jar!/com/aventstack/extentreports/templates/spark/spark.spa.ftl"
[DEBUG] 2023-03-22 00:19:52.242 [freemarker.cache] [debug] - Couldn't find template in cache for "commons/commons-variables.ftl"("en_IN", UTF-8, parsed); will try to load it.
[DEBUG] 2023-03-22 00:19:52.242 [freemarker.cache] [debug] - TemplateLoader.findTemplateSource("commons/commons-variables_en_IN.ftl"): Not found
[DEBUG] 2023-03-22 00:19:52.242 [freemarker.cache] [debug] - TemplateLoader.findTemplateSource("commons/commons-variables_en.ftl"): Not found
[DEBUG] 2023-03-22 00:19:52.243 [freemarker.cache] [debug] - TemplateLoader.findTemplateSource("commons/commons-variables.ftl"): Found
[DEBUG] 2023-03-22 00:19:52.244 [freemarker.cache] [debug] - Loading template for "commons/commons-variables.ftl"("en_IN", UTF-8, parsed) from "jar:file:/Users/amandeep.singh/.m2/repository/com/aventstack/extentreports/5.0.7/extentreports-5.0.7.jar!/com/aventstack/extentreports/templates/commons/commons-variables.ftl"
[DEBUG] 2023-03-22 00:19:52.344 [freemarker.cache] [debug] - Couldn't find template in cache for "commons/commons-macros.ftl"("en_IN", UTF-8, parsed); will try to load it.
[DEBUG] 2023-03-22 00:19:52.345 [freemarker.cache] [debug] - TemplateLoader.findTemplateSource("commons/commons-macros_en_IN.ftl"): Not found
[DEBUG] 2023-03-22 00:19:52.345 [freemarker.cache] [debug] - TemplateLoader.findTemplateSource("commons/commons-macros_en.ftl"): Not found
[DEBUG] 2023-03-22 00:19:52.346 [freemarker.cache] [debug] - TemplateLoader.findTemplateSource("commons/commons-macros.ftl"): Found
[DEBUG] 2023-03-22 00:19:52.346 [freemarker.cache] [debug] - Loading template for "commons/commons-macros.ftl"("en_IN", UTF-8, parsed) from "jar:file:/Users/amandeep.singh/.m2/repository/com/aventstack/extentreports/5.0.7/extentreports-5.0.7.jar!/com/aventstack/extentreports/templates/commons/commons-macros.ftl"
[DEBUG] 2023-03-22 00:19:52.356 [freemarker.cache] [debug] - Couldn't find template in cache for "spark/macros/attributes.ftl"("en_IN", UTF-8, parsed); will try to load it.
[DEBUG] 2023-03-22 00:19:52.358 [freemarker.cache] [debug] - TemplateLoader.findTemplateSource("spark/macros/attributes_en_IN.ftl"): Not found
[DEBUG] 2023-03-22 00:19:52.358 [freemarker.cache] [debug] - TemplateLoader.findTemplateSource("spark/macros/attributes_en.ftl"): Not found
[DEBUG] 2023-03-22 00:19:52.359 [freemarker.cache] [debug] - TemplateLoader.findTemplateSource("spark/macros/attributes.ftl"): Found
[DEBUG] 2023-03-22 00:19:52.360 [freemarker.cache] [debug] - Loading template for "spark/macros/attributes.ftl"("en_IN", UTF-8, parsed) from "jar:file:/Users/amandeep.singh/.m2/repository/com/aventstack/extentreports/5.0.7/extentreports-5.0.7.jar!/com/aventstack/extentreports/templates/spark/macros/attributes.ftl"
[DEBUG] 2023-03-22 00:19:52.362 [freemarker.cache] [debug] - Couldn't find template in cache for "spark/macros/log.ftl"("en_IN", UTF-8, parsed); will try to load it.
[DEBUG] 2023-03-22 00:19:52.362 [freemarker.cache] [debug] - TemplateLoader.findTemplateSource("spark/macros/log_en_IN.ftl"): Not found
[DEBUG] 2023-03-22 00:19:52.363 [freemarker.cache] [debug] - TemplateLoader.findTemplateSource("spark/macros/log_en.ftl"): Not found
[DEBUG] 2023-03-22 00:19:52.363 [freemarker.cache] [debug] - TemplateLoader.findTemplateSource("spark/macros/log.ftl"): Found
[DEBUG] 2023-03-22 00:19:52.363 [freemarker.cache] [debug] - Loading template for "spark/macros/log.ftl"("en_IN", UTF-8, parsed) from "jar:file:/Users/amandeep.singh/.m2/repository/com/aventstack/extentreports/5.0.7/extentreports-5.0.7.jar!/com/aventstack/extentreports/templates/spark/macros/log.ftl"
[DEBUG] 2023-03-22 00:19:52.371 [freemarker.cache] [debug] - Couldn't find template in cache for "spark/macros/recurse_nodes.ftl"("en_IN", UTF-8, parsed); will try to load it.
[DEBUG] 2023-03-22 00:19:52.371 [freemarker.cache] [debug] - TemplateLoader.findTemplateSource("spark/macros/recurse_nodes_en_IN.ftl"): Not found
[DEBUG] 2023-03-22 00:19:52.371 [freemarker.cache] [debug] - TemplateLoader.findTemplateSource("spark/macros/recurse_nodes_en.ftl"): Not found
[DEBUG] 2023-03-22 00:19:52.371 [freemarker.cache] [debug] - TemplateLoader.findTemplateSource("spark/macros/recurse_nodes.ftl"): Found
[DEBUG] 2023-03-22 00:19:52.371 [freemarker.cache] [debug] - Loading template for "spark/macros/recurse_nodes.ftl"("en_IN", UTF-8, parsed) from "jar:file:/Users/amandeep.singh/.m2/repository/com/aventstack/extentreports/5.0.7/extentreports-5.0.7.jar!/com/aventstack/extentreports/templates/spark/macros/recurse_nodes.ftl"
[DEBUG] 2023-03-22 00:19:52.383 [freemarker.cache] [debug] - "spark/macros/log.ftl"("en_IN", UTF-8, parsed) cached copy not yet stale; using cached.
[DEBUG] 2023-03-22 00:19:52.383 [freemarker.cache] [debug] - Couldn't find template in cache for "spark/macros/attr-common.ftl"("en_IN", UTF-8, parsed); will try to load it.
[DEBUG] 2023-03-22 00:19:52.384 [freemarker.cache] [debug] - TemplateLoader.findTemplateSource("spark/macros/attr-common_en_IN.ftl"): Not found
[DEBUG] 2023-03-22 00:19:52.384 [freemarker.cache] [debug] - TemplateLoader.findTemplateSource("spark/macros/attr-common_en.ftl"): Not found
[DEBUG] 2023-03-22 00:19:52.384 [freemarker.cache] [debug] - TemplateLoader.findTemplateSource("spark/macros/attr-common.ftl"): Found
[DEBUG] 2023-03-22 00:19:52.385 [freemarker.cache] [debug] - Loading template for "spark/macros/attr-common.ftl"("en_IN", UTF-8, parsed) from "jar:file:/Users/amandeep.singh/.m2/repository/com/aventstack/extentreports/5.0.7/extentreports-5.0.7.jar!/com/aventstack/extentreports/templates/spark/macros/attr-common.ftl"
[DEBUG] 2023-03-22 00:19:52.395 [freemarker.cache] [debug] - Couldn't find template in cache for "spark/partials/head.ftl"("en_IN", UTF-8, parsed); will try to load it.
[DEBUG] 2023-03-22 00:19:52.396 [freemarker.cache] [debug] - TemplateLoader.findTemplateSource("spark/partials/head_en_IN.ftl"): Not found
[DEBUG] 2023-03-22 00:19:52.396 [freemarker.cache] [debug] - TemplateLoader.findTemplateSource("spark/partials/head_en.ftl"): Not found
[DEBUG] 2023-03-22 00:19:52.396 [freemarker.cache] [debug] - TemplateLoader.findTemplateSource("spark/partials/head.ftl"): Found
[DEBUG] 2023-03-22 00:19:52.397 [freemarker.cache] [debug] - Loading template for "spark/partials/head.ftl"("en_IN", UTF-8, parsed) from "jar:file:/Users/amandeep.singh/.m2/repository/com/aventstack/extentreports/5.0.7/extentreports-5.0.7.jar!/com/aventstack/extentreports/templates/spark/partials/head.ftl"
[DEBUG] 2023-03-22 00:19:52.402 [freemarker.cache] [debug] - Couldn't find template in cache for "commons/commons-inject-css.ftl"("en_IN", UTF-8, parsed); will try to load it.
[DEBUG] 2023-03-22 00:19:52.402 [freemarker.cache] [debug] - TemplateLoader.findTemplateSource("commons/commons-inject-css_en_IN.ftl"): Not found
[DEBUG] 2023-03-22 00:19:52.403 [freemarker.cache] [debug] - TemplateLoader.findTemplateSource("commons/commons-inject-css_en.ftl"): Not found
[DEBUG] 2023-03-22 00:19:52.403 [freemarker.cache] [debug] - TemplateLoader.findTemplateSource("commons/commons-inject-css.ftl"): Found
[DEBUG] 2023-03-22 00:19:52.403 [freemarker.cache] [debug] - Loading template for "commons/commons-inject-css.ftl"("en_IN", UTF-8, parsed) from "jar:file:/Users/amandeep.singh/.m2/repository/com/aventstack/extentreports/5.0.7/extentreports-5.0.7.jar!/com/aventstack/extentreports/templates/commons/commons-inject-css.ftl"
[DEBUG] 2023-03-22 00:19:52.404 [freemarker.cache] [debug] - Couldn't find template in cache for "spark/partials/navbar.ftl"("en_IN", UTF-8, parsed); will try to load it.
[DEBUG] 2023-03-22 00:19:52.404 [freemarker.cache] [debug] - TemplateLoader.findTemplateSource("spark/partials/navbar_en_IN.ftl"): Not found
[DEBUG] 2023-03-22 00:19:52.405 [freemarker.cache] [debug] - TemplateLoader.findTemplateSource("spark/partials/navbar_en.ftl"): Not found
[DEBUG] 2023-03-22 00:19:52.405 [freemarker.cache] [debug] - TemplateLoader.findTemplateSource("spark/partials/navbar.ftl"): Found
[DEBUG] 2023-03-22 00:19:52.405 [freemarker.cache] [debug] - Loading template for "spark/partials/navbar.ftl"("en_IN", UTF-8, parsed) from "jar:file:/Users/amandeep.singh/.m2/repository/com/aventstack/extentreports/5.0.7/extentreports-5.0.7.jar!/com/aventstack/extentreports/templates/spark/partials/navbar.ftl"
[DEBUG] 2023-03-22 00:19:52.410 [freemarker.cache] [debug] - Couldn't find template in cache for "spark/partials/sidenav.ftl"("en_IN", UTF-8, parsed); will try to load it.
[DEBUG] 2023-03-22 00:19:52.411 [freemarker.cache] [debug] - TemplateLoader.findTemplateSource("spark/partials/sidenav_en_IN.ftl"): Not found
[DEBUG] 2023-03-22 00:19:52.411 [freemarker.cache] [debug] - TemplateLoader.findTemplateSource("spark/partials/sidenav_en.ftl"): Not found
[DEBUG] 2023-03-22 00:19:52.411 [freemarker.cache] [debug] - TemplateLoader.findTemplateSource("spark/partials/sidenav.ftl"): Found
[DEBUG] 2023-03-22 00:19:52.411 [freemarker.cache] [debug] - Loading template for "spark/partials/sidenav.ftl"("en_IN", UTF-8, parsed) from "jar:file:/Users/amandeep.singh/.m2/repository/com/aventstack/extentreports/5.0.7/extentreports-5.0.7.jar!/com/aventstack/extentreports/templates/spark/partials/sidenav.ftl"
[DEBUG] 2023-03-22 00:19:52.423 [freemarker.cache] [debug] - Couldn't find template in cache for "spark/partials/dashboard.ftl"("en_IN", UTF-8, parsed); will try to load it.
[DEBUG] 2023-03-22 00:19:52.423 [freemarker.cache] [debug] - TemplateLoader.findTemplateSource("spark/partials/dashboard_en_IN.ftl"): Not found
[DEBUG] 2023-03-22 00:19:52.424 [freemarker.cache] [debug] - TemplateLoader.findTemplateSource("spark/partials/dashboard_en.ftl"): Not found
[DEBUG] 2023-03-22 00:19:52.425 [freemarker.cache] [debug] - TemplateLoader.findTemplateSource("spark/partials/dashboard.ftl"): Found
[DEBUG] 2023-03-22 00:19:52.425 [freemarker.cache] [debug] - Loading template for "spark/partials/dashboard.ftl"("en_IN", UTF-8, parsed) from "jar:file:/Users/amandeep.singh/.m2/repository/com/aventstack/extentreports/5.0.7/extentreports-5.0.7.jar!/com/aventstack/extentreports/templates/spark/partials/dashboard.ftl"
[DEBUG] 2023-03-22 00:19:52.498 [freemarker.cache] [debug] - Couldn't find template in cache for "spark/partials/category.ftl"("en_IN", UTF-8, parsed); will try to load it.
[DEBUG] 2023-03-22 00:19:52.499 [freemarker.cache] [debug] - TemplateLoader.findTemplateSource("spark/partials/category_en_IN.ftl"): Not found
[DEBUG] 2023-03-22 00:19:52.499 [freemarker.cache] [debug] - TemplateLoader.findTemplateSource("spark/partials/category_en.ftl"): Not found
[DEBUG] 2023-03-22 00:19:52.501 [freemarker.cache] [debug] - TemplateLoader.findTemplateSource("spark/partials/category.ftl"): Found
[DEBUG] 2023-03-22 00:19:52.501 [freemarker.cache] [debug] - Loading template for "spark/partials/category.ftl"("en_IN", UTF-8, parsed) from "jar:file:/Users/amandeep.singh/.m2/repository/com/aventstack/extentreports/5.0.7/extentreports-5.0.7.jar!/com/aventstack/extentreports/templates/spark/partials/category.ftl"
[DEBUG] 2023-03-22 00:19:52.511 [freemarker.cache] [debug] - Couldn't find template in cache for "spark/partials/test.ftl"("en_IN", UTF-8, parsed); will try to load it.
[DEBUG] 2023-03-22 00:19:52.512 [freemarker.cache] [debug] - TemplateLoader.findTemplateSource("spark/partials/test_en_IN.ftl"): Not found
[DEBUG] 2023-03-22 00:19:52.512 [freemarker.cache] [debug] - TemplateLoader.findTemplateSource("spark/partials/test_en.ftl"): Not found
[DEBUG] 2023-03-22 00:19:52.513 [freemarker.cache] [debug] - TemplateLoader.findTemplateSource("spark/partials/test.ftl"): Found
[DEBUG] 2023-03-22 00:19:52.513 [freemarker.cache] [debug] - Loading template for "spark/partials/test.ftl"("en_IN", UTF-8, parsed) from "jar:file:/Users/amandeep.singh/.m2/repository/com/aventstack/extentreports/5.0.7/extentreports-5.0.7.jar!/com/aventstack/extentreports/templates/spark/partials/test.ftl"
[DEBUG] 2023-03-22 00:19:52.526 [freemarker.cache] [debug] - Couldn't find template in cache for "spark/partials/standard-content.ftl"("en_IN", UTF-8, parsed); will try to load it.
[DEBUG] 2023-03-22 00:19:52.526 [freemarker.cache] [debug] - TemplateLoader.findTemplateSource("spark/partials/standard-content_en_IN.ftl"): Not found
[DEBUG] 2023-03-22 00:19:52.526 [freemarker.cache] [debug] - TemplateLoader.findTemplateSource("spark/partials/standard-content_en.ftl"): Not found
[DEBUG] 2023-03-22 00:19:52.527 [freemarker.cache] [debug] - TemplateLoader.findTemplateSource("spark/partials/standard-content.ftl"): Found
[DEBUG] 2023-03-22 00:19:52.527 [freemarker.cache] [debug] - Loading template for "spark/partials/standard-content.ftl"("en_IN", UTF-8, parsed) from "jar:file:/Users/amandeep.singh/.m2/repository/com/aventstack/extentreports/5.0.7/extentreports-5.0.7.jar!/com/aventstack/extentreports/templates/spark/partials/standard-content.ftl"
[DEBUG] 2023-03-22 00:19:52.550 [freemarker.cache] [debug] - Couldn't find template in cache for "spark/partials/scripts.ftl"("en_IN", UTF-8, parsed); will try to load it.
[DEBUG] 2023-03-22 00:19:52.550 [freemarker.cache] [debug] - TemplateLoader.findTemplateSource("spark/partials/scripts_en_IN.ftl"): Not found
[DEBUG] 2023-03-22 00:19:52.551 [freemarker.cache] [debug] - TemplateLoader.findTemplateSource("spark/partials/scripts_en.ftl"): Not found
[DEBUG] 2023-03-22 00:19:52.551 [freemarker.cache] [debug] - TemplateLoader.findTemplateSource("spark/partials/scripts.ftl"): Found
[DEBUG] 2023-03-22 00:19:52.551 [freemarker.cache] [debug] - Loading template for "spark/partials/scripts.ftl"("en_IN", UTF-8, parsed) from "jar:file:/Users/amandeep.singh/.m2/repository/com/aventstack/extentreports/5.0.7/extentreports-5.0.7.jar!/com/aventstack/extentreports/templates/spark/partials/scripts.ftl"
[DEBUG] 2023-03-22 00:19:52.553 [freemarker.cache] [debug] - Couldn't find template in cache for "commons/commons-inject-js.ftl"("en_IN", UTF-8, parsed); will try to load it.
[DEBUG] 2023-03-22 00:19:52.554 [freemarker.cache] [debug] - TemplateLoader.findTemplateSource("commons/commons-inject-js_en_IN.ftl"): Not found
[DEBUG] 2023-03-22 00:19:52.555 [freemarker.cache] [debug] - TemplateLoader.findTemplateSource("commons/commons-inject-js_en.ftl"): Not found
[DEBUG] 2023-03-22 00:19:52.555 [freemarker.cache] [debug] - TemplateLoader.findTemplateSource("commons/commons-inject-js.ftl"): Found
[DEBUG] 2023-03-22 00:19:52.556 [freemarker.cache] [debug] - Loading template for "commons/commons-inject-js.ftl"("en_IN", UTF-8, parsed) from "jar:file:/Users/amandeep.singh/.m2/repository/com/aventstack/extentreports/5.0.7/extentreports-5.0.7.jar!/com/aventstack/extentreports/templates/commons/commons-inject-js.ftl"
