[INFO ] 2023-01-05 11:08:14.622 [CRM.TG_5558_Staffing_Company_Creation_Via_TAG] [TG_5461_VerifyUserIsAbleToRouteToLeadFormSuccessfully] - Logging in
[INFO ] 2023-01-05 11:08:17.009 [CRM.TG_5558_Staffing_Company_Creation_Via_TAG] [TG_5461_VerifyUserIsAbleToRouteToLeadFormSuccessfully] - Entering Username
[INFO ] 2023-01-05 11:08:17.010 [CRM.TG_5558_Staffing_Company_Creation_Via_TAG] [enterUsername] - Entering new user's first name
[INFO ] 2023-01-05 11:08:17.612 [CRM.TG_5558_Staffing_Company_Creation_Via_TAG] [enterUsername] - User's first name entered successfully
[INFO ] 2023-01-05 11:08:17.613 [CRM.TG_5558_Staffing_Company_Creation_Via_TAG] [TG_5461_VerifyUserIsAbleToRouteToLeadFormSuccessfully] - Username Entered Successfully
[INFO ] 2023-01-05 11:08:17.613 [CRM.TG_5558_Staffing_Company_Creation_Via_TAG] [TG_5461_VerifyUserIsAbleToRouteToLeadFormSuccessfully] - Entering Password
[INFO ] 2023-01-05 11:08:17.613 [CRM.TG_5558_Staffing_Company_Creation_Via_TAG] [enterPassword] - Entering new user's last name
[INFO ] 2023-01-05 11:08:18.777 [CRM.TG_5558_Staffing_Company_Creation_Via_TAG] [enterPassword] - User's last name entered successfully
[INFO ] 2023-01-05 11:08:18.777 [CRM.TG_5558_Staffing_Company_Creation_Via_TAG] [TG_5461_VerifyUserIsAbleToRouteToLeadFormSuccessfully] - Password Entered Successfully
[INFO ] 2023-01-05 11:08:18.778 [CRM.TG_5558_Staffing_Company_Creation_Via_TAG] [TG_5461_VerifyUserIsAbleToRouteToLeadFormSuccessfully] - Clicking on Login Button
[INFO ] 2023-01-05 11:08:18.778 [CRM.TG_5558_Staffing_Company_Creation_Via_TAG] [clickLoginButton] - Clicking on Login Button
[INFO ] 2023-01-05 11:08:19.875 [CRM.TG_5558_Staffing_Company_Creation_Via_TAG] [clickLoginButton] - Close Pop Up clicked successfully
[INFO ] 2023-01-05 11:08:19.888 [CRM.TG_5558_Staffing_Company_Creation_Via_TAG] [TG_5461_VerifyUserIsAbleToRouteToLeadFormSuccessfully] - Verifying CRM Icon
[INFO ] 2023-01-05 11:08:19.888 [CRM.TG_5558_Staffing_Company_Creation_Via_TAG] [verifyCRMTextOnStaffingHomepage] - Check for CRM Icon on Homepage
[INFO ] 2023-01-05 11:08:29.634 [CRM.TG_5558_Staffing_Company_Creation_Via_TAG] [verifyCRMTextOnStaffingHomepage] - CRM Icon displayed successfully
[INFO ] 2023-01-05 11:08:29.645 [CRM.TG_5558_Staffing_Company_Creation_Via_TAG] [TG_5461_VerifyUserIsAbleToRouteToLeadFormSuccessfully] - CRM Icon Verified successfully
[INFO ] 2023-01-05 11:08:29.645 [CRM.TG_5558_Staffing_Company_Creation_Via_TAG] [TG_5461_VerifyUserIsAbleToRouteToLeadFormSuccessfully] - Clicking on CRM Icon
[INFO ] 2023-01-05 11:08:29.645 [CRM.TG_5558_Staffing_Company_Creation_Via_TAG] [clickCRMIcoOnHomepage] - Clicking on CRM Button
[INFO ] 2023-01-05 11:08:31.021 [CRM.TG_5558_Staffing_Company_Creation_Via_TAG] [clickCRMIcoOnHomepage] - CRM Button clicked successfully
[INFO ] 2023-01-05 11:08:31.022 [CRM.TG_5558_Staffing_Company_Creation_Via_TAG] [TG_5461_VerifyUserIsAbleToRouteToLeadFormSuccessfully] - CRM Icon Clicked Successfully
[INFO ] 2023-01-05 11:08:33.027 [CRM.TG_5558_Staffing_Company_Creation_Via_TAG] [TG_5461_VerifyUserIsAbleToRouteToLeadFormSuccessfully] - Clicking on Lead Icon
[INFO ] 2023-01-05 11:08:33.028 [CRM.TG_5558_Staffing_Company_Creation_Via_TAG] [clickLeadIcon] - Clicking on Lead Button
[INFO ] 2023-01-05 11:08:34.699 [CRM.TG_5558_Staffing_Company_Creation_Via_TAG] [clickLeadIcon] - Lead Button clicked successfully
[INFO ] 2023-01-05 11:08:34.701 [CRM.TG_5558_Staffing_Company_Creation_Via_TAG] [TG_5461_VerifyUserIsAbleToRouteToLeadFormSuccessfully] - Lead Icon Clicked Successfully
[INFO ] 2023-01-05 11:08:36.707 [CRM.TG_5558_Staffing_Company_Creation_Via_TAG] [TG_5461_VerifyUserIsAbleToRouteToLeadFormSuccessfully] - Verify Listing Form
[INFO ] 2023-01-05 11:08:36.709 [CRM.TG_5558_Staffing_Company_Creation_Via_TAG] [verifyLeadListingForm] - Check for Lead Title
[INFO ] 2023-01-05 11:08:36.798 [CRM.TG_5558_Staffing_Company_Creation_Via_TAG] [verifyLeadListingForm] - Lead Title displayed successfully
[INFO ] 2023-01-05 11:08:36.799 [CRM.TG_5558_Staffing_Company_Creation_Via_TAG] [TG_5461_VerifyUserIsAbleToRouteToLeadFormSuccessfully] - Listing Form verified successfully
[INFO ] 2023-01-05 11:08:38.805 [CRM.TG_5558_Staffing_Company_Creation_Via_TAG] [TG_5461_VerifyUserIsAbleToRouteToLeadFormSuccessfully] - Clicking on Add Lead Button
[INFO ] 2023-01-05 11:08:38.808 [CRM.TG_5558_Staffing_Company_Creation_Via_TAG] [clickAddLeadButton] - Clicking on Lead Button
[INFO ] 2023-01-05 11:08:39.972 [CRM.TG_5558_Staffing_Company_Creation_Via_TAG] [clickAddLeadButton] - Add Lead Button clicked successfully
[INFO ] 2023-01-05 11:08:39.972 [CRM.TG_5558_Staffing_Company_Creation_Via_TAG] [TG_5461_VerifyUserIsAbleToRouteToLeadFormSuccessfully] - Add Lead Button Clicked Successfully
[INFO ] 2023-01-05 11:08:41.979 [CRM.TG_5558_Staffing_Company_Creation_Via_TAG] [TG_5461_VerifyUserIsAbleToRouteToLeadFormSuccessfully] - Verifying the Lead Form Title
[INFO ] 2023-01-05 11:08:41.983 [CRM.TG_5558_Staffing_Company_Creation_Via_TAG] [verifyLeadForm] - Check for New Lead Form
[INFO ] 2023-01-05 11:08:42.064 [CRM.TG_5558_Staffing_Company_Creation_Via_TAG] [verifyLeadForm] - New Lead Form displayed successfully
[INFO ] 2023-01-05 11:08:42.065 [CRM.TG_5558_Staffing_Company_Creation_Via_TAG] [TG_5461_VerifyUserIsAbleToRouteToLeadFormSuccessfully] - Lead Form Title is Verified Successfully
[INFO ] 2023-01-05 11:08:42.118 [CRM.TG_5558_Staffing_Company_Creation_Via_TAG] [TG_5466_VerifyLeadCreatedSuccessfully] - Verifying Mandatory Fields
[INFO ] 2023-01-05 11:08:42.118 [CRM.TG_5558_Staffing_Company_Creation_Via_TAG] [clickSaveButton] - Clicking on Save Button
[INFO ] 2023-01-05 11:08:42.936 [CRM.TG_5558_Staffing_Company_Creation_Via_TAG] [clickSaveButton] - Save Button clicked successfully
[INFO ] 2023-01-05 11:08:44.943 [CRM.TG_5558_Staffing_Company_Creation_Via_TAG] [verifyMandatoryFieldIsBlank] - Verifying the Mandatory Field Pop-Up Title
[INFO ] 2023-01-05 11:08:45.019 [CRM.TG_5558_Staffing_Company_Creation_Via_TAG] [verifyMandatoryFieldIsBlank] - Mandatory Field Pop-Up Title displayed Successfully
[INFO ] 2023-01-05 11:08:47.025 [CRM.TG_5558_Staffing_Company_Creation_Via_TAG] [TG_5466_VerifyLeadCreatedSuccessfully] - Closing the Pop-up
[INFO ] 2023-01-05 11:08:47.027 [CRM.TG_5558_Staffing_Company_Creation_Via_TAG] [closeBlankMandatoryFieldDialogBox] - Clicking on Close Pop-Up Icon
[INFO ] 2023-01-05 11:08:47.236 [CRM.TG_5558_Staffing_Company_Creation_Via_TAG] [closeBlankMandatoryFieldDialogBox] - Close Pop-Up Icon Clicked Successfully
[INFO ] 2023-01-05 11:08:47.236 [CRM.TG_5558_Staffing_Company_Creation_Via_TAG] [TG_5466_VerifyLeadCreatedSuccessfully] - Pop-up closed Successfully
[INFO ] 2023-01-05 11:08:49.243 [CRM.TG_5558_Staffing_Company_Creation_Via_TAG] [TG_5466_VerifyLeadCreatedSuccessfully] - Entering First Name
[INFO ] 2023-01-05 11:08:49.256 [CRM.TG_5558_Staffing_Company_Creation_Via_TAG] [enterFirstName] - Entering First Name
[INFO ] 2023-01-05 11:08:49.838 [CRM.TG_5558_Staffing_Company_Creation_Via_TAG] [enterFirstName] - First Name Entered Successfully
[INFO ] 2023-01-05 11:08:49.917 [CRM.TG_5558_Staffing_Company_Creation_Via_TAG] [TG_5466_VerifyLeadCreatedSuccessfully] - First Name Entered Successfully
[INFO ] 2023-01-05 11:08:49.918 [CRM.TG_5558_Staffing_Company_Creation_Via_TAG] [TG_5466_VerifyLeadCreatedSuccessfully] - Entering Last Name
[INFO ] 2023-01-05 11:08:49.919 [CRM.TG_5558_Staffing_Company_Creation_Via_TAG] [enterLastName] - Entering Last Name
[INFO ] 2023-01-05 11:08:50.347 [CRM.TG_5558_Staffing_Company_Creation_Via_TAG] [enterLastName] - Last Name Entered Successfully
[INFO ] 2023-01-05 11:08:50.348 [CRM.TG_5558_Staffing_Company_Creation_Via_TAG] [TG_5466_VerifyLeadCreatedSuccessfully] - Last Name Entered Successfully
[INFO ] 2023-01-05 11:08:50.349 [CRM.TG_5558_Staffing_Company_Creation_Via_TAG] [TG_5466_VerifyLeadCreatedSuccessfully] - Entering Company Type
[INFO ] 2023-01-05 11:08:50.352 [CRM.TG_5558_Staffing_Company_Creation_Via_TAG] [enterCompanyType] - Entering Lead
[INFO ] 2023-01-05 11:08:50.556 [CRM.TG_5558_Staffing_Company_Creation_Via_TAG] [enterCompanyType] - Lead Entered Successfully
[INFO ] 2023-01-05 11:08:50.556 [CRM.TG_5558_Staffing_Company_Creation_Via_TAG] [TG_5466_VerifyLeadCreatedSuccessfully] - Company Type Entered Successfully
[INFO ] 2023-01-05 11:08:50.557 [CRM.TG_5558_Staffing_Company_Creation_Via_TAG] [TG_5466_VerifyLeadCreatedSuccessfully] - Entering Company Name
[INFO ] 2023-01-05 11:08:50.557 [CRM.TG_5558_Staffing_Company_Creation_Via_TAG] [enterCompanyName] - Entering Company Name
[INFO ] 2023-01-05 11:08:50.709 [CRM.TG_5558_Staffing_Company_Creation_Via_TAG] [enterCompanyName] - Company Name Entered Successfully
[INFO ] 2023-01-05 11:08:50.710 [CRM.TG_5558_Staffing_Company_Creation_Via_TAG] [TG_5466_VerifyLeadCreatedSuccessfully] - Company Name Entered Successfully
[INFO ] 2023-01-05 11:08:50.710 [CRM.TG_5558_Staffing_Company_Creation_Via_TAG] [TG_5466_VerifyLeadCreatedSuccessfully] - Entering Email
[INFO ] 2023-01-05 11:08:50.710 [CRM.TG_5558_Staffing_Company_Creation_Via_TAG] [enterEmail] - Entering Email
[INFO ] 2023-01-05 11:08:51.139 [CRM.TG_5558_Staffing_Company_Creation_Via_TAG] [enterEmail] - Email Entered Successfully
[INFO ] 2023-01-05 11:08:51.140 [CRM.TG_5558_Staffing_Company_Creation_Via_TAG] [TG_5466_VerifyLeadCreatedSuccessfully] - Email Entered Successfully
[INFO ] 2023-01-05 11:08:53.146 [CRM.TG_5558_Staffing_Company_Creation_Via_TAG] [TG_5466_VerifyLeadCreatedSuccessfully] - Entering Phone Number
[INFO ] 2023-01-05 11:08:53.148 [CRM.TG_5558_Staffing_Company_Creation_Via_TAG] [enterPhoneNumber] - Entering Phone Number
[INFO ] 2023-01-05 11:08:53.288 [CRM.TG_5558_Staffing_Company_Creation_Via_TAG] [enterPhoneNumber] - Phone Number Entered Successfully
[INFO ] 2023-01-05 11:08:53.288 [CRM.TG_5558_Staffing_Company_Creation_Via_TAG] [TG_5466_VerifyLeadCreatedSuccessfully] - Phone Number Entered Successfully
[INFO ] 2023-01-05 11:08:53.288 [CRM.TG_5558_Staffing_Company_Creation_Via_TAG] [TG_5466_VerifyLeadCreatedSuccessfully] - Selecting the Search on Maps Checkbox
[INFO ] 2023-01-05 11:08:53.288 [CRM.TG_5558_Staffing_Company_Creation_Via_TAG] [selectSearchOnMapsCheckbox] - Selecting search on Maps checkbox
[INFO ] 2023-01-05 11:08:55.895 [CRM.TG_5558_Staffing_Company_Creation_Via_TAG] [selectSearchOnMapsCheckbox] - Search on maps checkbox selected
[INFO ] 2023-01-05 11:08:55.896 [CRM.TG_5558_Staffing_Company_Creation_Via_TAG] [TG_5466_VerifyLeadCreatedSuccessfully] - Search on Maps Checkbox selected Successfully
[INFO ] 2023-01-05 11:08:57.900 [CRM.TG_5558_Staffing_Company_Creation_Via_TAG] [TG_5466_VerifyLeadCreatedSuccessfully] - Entering Employee Address
[INFO ] 2023-01-05 11:08:57.902 [CRM.TG_5558_Staffing_Company_Creation_Via_TAG] [enterEmployeeAddressOnMaps] - Etering employee address on maps
[INFO ] 2023-01-05 11:08:59.467 [CRM.TG_5558_Staffing_Company_Creation_Via_TAG] [enterEmployeeAddressOnMaps] - Employee entered successfully
[INFO ] 2023-01-05 11:08:59.468 [CRM.TG_5558_Staffing_Company_Creation_Via_TAG] [TG_5466_VerifyLeadCreatedSuccessfully] - Employee Address Entered Successfull
[INFO ] 2023-01-05 11:09:01.475 [CRM.TG_5558_Staffing_Company_Creation_Via_TAG] [TG_5466_VerifyLeadCreatedSuccessfully] - Clicking on Save Button
[INFO ] 2023-01-05 11:09:01.484 [CRM.TG_5558_Staffing_Company_Creation_Via_TAG] [clickSaveButton] - Clicking on Save Button
[INFO ] 2023-01-05 11:09:01.801 [CRM.TG_5558_Staffing_Company_Creation_Via_TAG] [clickSaveButton] - Save Button clicked successfully
[INFO ] 2023-01-05 11:09:01.801 [CRM.TG_5558_Staffing_Company_Creation_Via_TAG] [TG_5466_VerifyLeadCreatedSuccessfully] - Save Button Clicked Successfully
[INFO ] 2023-01-05 11:09:04.803 [CRM.TG_5558_Staffing_Company_Creation_Via_TAG] [TG_5466_VerifyLeadCreatedSuccessfully] - Verify the LEAD Status
[INFO ] 2023-01-05 11:09:04.805 [CRM.TG_5558_Staffing_Company_Creation_Via_TAG] [verifyLeadStatus] - Check for Status as Lead
[INFO ] 2023-01-05 11:09:04.906 [CRM.TG_5558_Staffing_Company_Creation_Via_TAG] [verifyLeadStatus] - Status verified as Lead successfully
[INFO ] 2023-01-05 11:09:04.906 [CRM.TG_5558_Staffing_Company_Creation_Via_TAG] [TG_5466_VerifyLeadCreatedSuccessfully] - LEAD Status verified Successfully
[INFO ] 2023-01-05 11:09:06.910 [CRM.TG_5558_Staffing_Company_Creation_Via_TAG] [TG_5466_VerifyLeadCreatedSuccessfully] - Clicking Lead Link for Listing form
[INFO ] 2023-01-05 11:09:06.911 [CRM.TG_5558_Staffing_Company_Creation_Via_TAG] [clickLeadLinkforListingForm] - Click on Lead for Listing form
[INFO ] 2023-01-05 11:09:07.327 [CRM.TG_5558_Staffing_Company_Creation_Via_TAG] [clickLeadLinkforListingForm] - Lead for Listing form clicked Successfully
[INFO ] 2023-01-05 11:09:07.329 [CRM.TG_5558_Staffing_Company_Creation_Via_TAG] [TG_5466_VerifyLeadCreatedSuccessfully] - Lead Link for Listing form clicked Successfully
[INFO ] 2023-01-05 11:09:07.329 [CRM.TG_5558_Staffing_Company_Creation_Via_TAG] [TG_5466_VerifyLeadCreatedSuccessfully] - Verify Lead created Successfully or not
[INFO ] 2023-01-05 11:09:07.329 [CRM.TG_5558_Staffing_Company_Creation_Via_TAG] [verifyCreatedLead] - Check for Created Lead
[INFO ] 2023-01-05 11:09:07.544 [CRM.TG_5558_Staffing_Company_Creation_Via_TAG] [verifyCreatedLead] - Created Lead displayed successfully
[INFO ] 2023-01-05 11:09:07.544 [CRM.TG_5558_Staffing_Company_Creation_Via_TAG] [TG_5466_VerifyLeadCreatedSuccessfully] - Lead Created Successfully 
[INFO ] 2023-01-05 11:09:09.551 [CRM.TG_5558_Staffing_Company_Creation_Via_TAG] [TG_5466_VerifyLeadCreatedSuccessfully] - Clicking Created Lead from Listing form
[INFO ] 2023-01-05 11:09:09.557 [CRM.TG_5558_Staffing_Company_Creation_Via_TAG] [clickCreatedLead] - Clicking on Created Lead
[INFO ] 2023-01-05 11:09:10.022 [CRM.TG_5558_Staffing_Company_Creation_Via_TAG] [clickCreatedLead] - Created Lead clicked successfully
[INFO ] 2023-01-05 11:09:10.026 [CRM.TG_5558_Staffing_Company_Creation_Via_TAG] [TG_5466_VerifyLeadCreatedSuccessfully] - Created Lead Clicked Successfully
[INFO ] 2023-01-05 11:09:12.032 [CRM.TG_5558_Staffing_Company_Creation_Via_TAG] [TG_5466_VerifyLeadCreatedSuccessfully] - Selecting the Open Lead Status
[INFO ] 2023-01-05 11:09:12.035 [CRM.TG_5558_Staffing_Company_Creation_Via_TAG] [clickLeadStatusOpen] - Clicking on Status dropdown
[INFO ] 2023-01-05 11:09:12.379 [CRM.TG_5558_Staffing_Company_Creation_Via_TAG] [clickLeadStatusOpen] - Open Status entered successfully
[INFO ] 2023-01-05 11:09:12.381 [CRM.TG_5558_Staffing_Company_Creation_Via_TAG] [TG_5466_VerifyLeadCreatedSuccessfully] - Open Lead Status Selected Successfully
[INFO ] 2023-01-05 11:09:14.384 [CRM.TG_5558_Staffing_Company_Creation_Via_TAG] [TG_5466_VerifyLeadCreatedSuccessfully] - Clicking Notes Dropdown
[INFO ] 2023-01-05 11:09:14.385 [CRM.TG_5558_Staffing_Company_Creation_Via_TAG] [clickNotesDropdown] - Clicking on Notes Dropdown
[INFO ] 2023-01-05 11:09:14.749 [CRM.TG_5558_Staffing_Company_Creation_Via_TAG] [clickNotesDropdown] - Notes Dropdown clicked successfully
[INFO ] 2023-01-05 11:09:14.750 [CRM.TG_5558_Staffing_Company_Creation_Via_TAG] [TG_5466_VerifyLeadCreatedSuccessfully] - Notes Dropdown Clicked Successfully
[INFO ] 2023-01-05 11:09:16.756 [CRM.TG_5558_Staffing_Company_Creation_Via_TAG] [TG_5466_VerifyLeadCreatedSuccessfully] - Entering Notes
[INFO ] 2023-01-05 11:09:16.766 [CRM.TG_5558_Staffing_Company_Creation_Via_TAG] [enterNotes] - Entering Note
[INFO ] 2023-01-05 11:09:17.601 [CRM.TG_5558_Staffing_Company_Creation_Via_TAG] [enterNotes] - Note Entered Successfully
[INFO ] 2023-01-05 11:09:17.603 [CRM.TG_5558_Staffing_Company_Creation_Via_TAG] [TG_5466_VerifyLeadCreatedSuccessfully] - Notes Entered Successfully
[INFO ] 2023-01-05 11:09:19.609 [CRM.TG_5558_Staffing_Company_Creation_Via_TAG] [TG_5466_VerifyLeadCreatedSuccessfully] - Selecting the Contract Negotiation Lead Status
[INFO ] 2023-01-05 11:09:19.610 [CRM.TG_5558_Staffing_Company_Creation_Via_TAG] [clickLeadStatusContractNegotiation] - Clicking on Status dropdown
[INFO ] 2023-01-05 11:09:19.759 [CRM.TG_5558_Staffing_Company_Creation_Via_TAG] [clickLeadStatusContractNegotiation] - Contract Negotiation Status entered successfully
[INFO ] 2023-01-05 11:09:19.759 [CRM.TG_5558_Staffing_Company_Creation_Via_TAG] [TG_5466_VerifyLeadCreatedSuccessfully] - Contract Negotiation Lead Status Selected Successfully
[INFO ] 2023-01-05 11:09:21.766 [CRM.TG_5558_Staffing_Company_Creation_Via_TAG] [TG_5466_VerifyLeadCreatedSuccessfully] - Clicking Save Button
[INFO ] 2023-01-05 11:09:21.769 [CRM.TG_5558_Staffing_Company_Creation_Via_TAG] [clickSaveButton] - Clicking on Save Button
[INFO ] 2023-01-05 11:09:22.040 [CRM.TG_5558_Staffing_Company_Creation_Via_TAG] [clickSaveButton] - Save Button clicked successfully
[INFO ] 2023-01-05 11:09:22.040 [CRM.TG_5558_Staffing_Company_Creation_Via_TAG] [TG_5466_VerifyLeadCreatedSuccessfully] - Save Button Clicked Successfully
[INFO ] 2023-01-05 11:09:24.052 [CRM.TG_5558_Staffing_Company_Creation_Via_TAG] [TG_5466_VerifyLeadCreatedSuccessfully] - Verify Prepare Contract Button
[INFO ] 2023-01-05 11:09:24.056 [CRM.TG_5558_Staffing_Company_Creation_Via_TAG] [verifyPrepareContractButton] - Verify Prepare Contract Button
[INFO ] 2023-01-05 11:09:24.504 [CRM.TG_5558_Staffing_Company_Creation_Via_TAG] [verifyPrepareContractButton] - Prepare Contract Button displayed successfully
[INFO ] 2023-01-05 11:09:24.507 [CRM.TG_5558_Staffing_Company_Creation_Via_TAG] [TG_5466_VerifyLeadCreatedSuccessfully] - Prepare Contract Button Verified Successfully
[INFO ] 2023-01-05 11:09:24.507 [CRM.TG_5558_Staffing_Company_Creation_Via_TAG] [TG_5466_VerifyLeadCreatedSuccessfully] - Click Prepare Contract Button
[INFO ] 2023-01-05 11:09:24.508 [CRM.TG_5558_Staffing_Company_Creation_Via_TAG] [clickPrepareContractButton] - Clicking on Prepare Contract Button
[INFO ] 2023-01-05 11:09:24.735 [CRM.TG_5558_Staffing_Company_Creation_Via_TAG] [clickPrepareContractButton] - Prepare Contract Button clicked successfully
[INFO ] 2023-01-05 11:09:24.738 [CRM.TG_5558_Staffing_Company_Creation_Via_TAG] [TG_5466_VerifyLeadCreatedSuccessfully] - Prepare Contract Button Clicked Successfully
[INFO ] 2023-01-05 11:09:26.746 [CRM.TG_5558_Staffing_Company_Creation_Via_TAG] [TG_5466_VerifyLeadCreatedSuccessfully] - Verify Contract Form
[INFO ] 2023-01-05 11:09:26.751 [CRM.TG_5558_Staffing_Company_Creation_Via_TAG] [verifyContractForm] - Check for New Contract Form
[INFO ] 2023-01-05 11:09:26.926 [CRM.TG_5558_Staffing_Company_Creation_Via_TAG] [verifyContractForm] - New Contract Form displayed successfully
[INFO ] 2023-01-05 11:09:26.938 [CRM.TG_5558_Staffing_Company_Creation_Via_TAG] [TG_5466_VerifyLeadCreatedSuccessfully] - New Contract Form verified Successfully
[INFO ] 2023-01-05 11:09:26.944 [CRM.TG_5558_Staffing_Company_Creation_Via_TAG] [TG_5466_VerifyLeadCreatedSuccessfully] - Entering Start Date
[INFO ] 2023-01-05 11:09:26.944 [CRM.TG_5558_Staffing_Company_Creation_Via_TAG] [enterStartDate] - Entering the Start Date 
[INFO ] 2023-01-05 11:09:32.722 [CRM.TG_5558_Staffing_Company_Creation_Via_TAG] [enterStartDate] - Start Date Entered Successfully
[INFO ] 2023-01-05 11:09:32.726 [CRM.TG_5558_Staffing_Company_Creation_Via_TAG] [TG_5466_VerifyLeadCreatedSuccessfully] - Start Date Entered Successfully
[INFO ] 2023-01-05 11:09:34.733 [CRM.TG_5558_Staffing_Company_Creation_Via_TAG] [TG_5466_VerifyLeadCreatedSuccessfully] - Entering End Date
[INFO ] 2023-01-05 11:09:34.739 [CRM.TG_5558_Staffing_Company_Creation_Via_TAG] [enterEndDate] - Entering the End Date
[INFO ] 2023-01-05 11:09:40.387 [CRM.TG_5558_Staffing_Company_Creation_Via_TAG] [enterEndDate] - End Date Entered Successfully
[INFO ] 2023-01-05 11:09:40.392 [CRM.TG_5558_Staffing_Company_Creation_Via_TAG] [TG_5466_VerifyLeadCreatedSuccessfully] - End Date Entered Successfully
[INFO ] 2023-01-05 11:09:42.395 [CRM.TG_5558_Staffing_Company_Creation_Via_TAG] [TG_5466_VerifyLeadCreatedSuccessfully] - Clicking Add Row Button
[INFO ] 2023-01-05 11:09:42.397 [CRM.TG_5558_Staffing_Company_Creation_Via_TAG] [clickAddRowButton1] - Clicking on Add Row Button
[INFO ] 2023-01-05 11:09:42.764 [CRM.TG_5558_Staffing_Company_Creation_Via_TAG] [clickAddRowButton1] - Add Row Button clicked successfully
[INFO ] 2023-01-05 11:09:42.770 [CRM.TG_5558_Staffing_Company_Creation_Via_TAG] [TG_5466_VerifyLeadCreatedSuccessfully] - Add Row Button Clicked Successfully
[INFO ] 2023-01-05 11:09:44.776 [CRM.TG_5558_Staffing_Company_Creation_Via_TAG] [TG_5466_VerifyLeadCreatedSuccessfully] - Clicking Job Industry
[INFO ] 2023-01-05 11:09:44.779 [CRM.TG_5558_Staffing_Company_Creation_Via_TAG] [clickJobIndustryInTable] - Entering Job Industry List in the Table
