[INFO ] 2023-02-24 14:16:22.556 [company.TG_3634_NewCompanyCreationHiring] [Tag_VerifyCompanyTypeAndCompanyNameAreAMandatoryFieldsHiring] - Started==Verifying Company Type  and Company Name are mandatory fields
[INFO ] 2023-02-24 14:16:25.929 [company.TG_3634_NewCompanyCreationHiring] [enterUsername] - Entering new user's first name
[INFO ] 2023-02-24 14:16:27.744 [company.TG_3634_NewCompanyCreationHiring] [enterUsername] - User's first name entered successfully
[INFO ] 2023-02-24 14:16:27.745 [company.TG_3634_NewCompanyCreationHiring] [enterPassword] - Entering new user's last name
[INFO ] 2023-02-24 14:16:27.874 [company.TG_3634_NewCompanyCreationHiring] [enterPassword] - User's last name entered successfully
[INFO ] 2023-02-24 14:16:27.875 [company.TG_3634_NewCompanyCreationHiring] [clickLoginButton] - Clicking on Login Button
[INFO ] 2023-02-24 14:16:28.507 [company.TG_3634_NewCompanyCreationHiring] [clickLoginButton] - Close Pop Up clicked successfully
[INFO ] 2023-02-24 14:16:28.514 [company.TG_3634_NewCompanyCreationHiring] [clickCompanyLinkOnHomePage] - Clicking Company link present on the homepage
[INFO ] 2023-02-24 14:16:40.978 [company.TG_3634_NewCompanyCreationHiring] [clickCompanyLinkOnHomePage] - Company link present on the hompage clicked successfully.
[INFO ] 2023-02-24 14:16:55.992 [company.TG_3634_NewCompanyCreationHiring] [clickAddNewCompanyButton] - Clicking Add New Company button
[INFO ] 2023-02-24 14:17:00.628 [company.TG_3634_NewCompanyCreationHiring] [clickAddNewCompanyButton] - Add New Company button clicked successfully
[INFO ] 2023-02-24 14:17:00.629 [company.TG_3634_NewCompanyCreationHiring] [clickAddNewCompanyButton] - Add New Company button clicked successfully
[INFO ] 2023-02-24 14:17:05.869 [company.TG_3634_NewCompanyCreationHiring] [clickSaveButton] - Clicking Save new company button
[INFO ] 2023-02-24 14:17:11.106 [company.TG_3634_NewCompanyCreationHiring] [clickSaveButton] - Save buttton clicked successfully
[INFO ] 2023-02-24 14:17:15.405 [company.TG_3634_NewCompanyCreationHiring] [Tag_AddNewCompanyHiring] - Started==TAG Add New Company Functionality
[INFO ] 2023-02-24 14:17:15.406 [company.TG_3634_NewCompanyCreationHiring] [enterCompanytype] - Entering Company Type
[INFO ] 2023-02-24 14:17:15.725 [company.TG_3634_NewCompanyCreationHiring] [enterCompanytype] - Company type entered successfully
[INFO ] 2023-02-24 14:17:20.731 [company.TG_3634_NewCompanyCreationHiring] [enterTagCharges] - Entering Tag Charges
[INFO ] 2023-02-24 14:17:21.987 [company.TG_3634_NewCompanyCreationHiring] [enterTagCharges] - Tag charges entered successfully
[INFO ] 2023-02-24 14:17:21.989 [company.TG_3634_NewCompanyCreationHiring] [enterCompanyName] - Entering Comapany Name
[INFO ] 2023-02-24 14:17:22.329 [company.TG_3634_NewCompanyCreationHiring] [enterCompanyName] - Company Name entered successfully
[INFO ] 2023-02-24 14:17:23.334 [company.TG_3634_NewCompanyCreationHiring] [clickSaveButton] - Clicking Save new company button
[INFO ] 2023-02-24 14:17:28.499 [company.TG_3634_NewCompanyCreationHiring] [clickSaveButton] - Save buttton clicked successfully
[INFO ] 2023-02-24 14:17:48.633 [company.TG_3634_NewCompanyCreationHiring] [verifyNewCompanyCreatedSuccessfully] - Checking new company was created successfully or not
