[INFO ] 2023-03-25 17:00:49.739 [timesheets.TG_4301_Timesheet_Approval] [Tag_EndToEndFlowNewOrderHiring] - Started==Starting End To End Flow NewOrderHiring
[INFO ] 2023-03-25 17:00:52.679 [timesheets.TG_4301_Timesheet_Approval] [enterUsername] - Entering new user's first name
[INFO ] 2023-03-25 17:00:54.601 [timesheets.TG_4301_Timesheet_Approval] [enterUsername] - User's first name entered successfully
[INFO ] 2023-03-25 17:00:54.603 [timesheets.TG_4301_Timesheet_Approval] [enterPassword] - Entering new user's last name
[INFO ] 2023-03-25 17:00:54.779 [timesheets.TG_4301_Timesheet_Approval] [enterPassword] - User's last name entered successfully
[INFO ] 2023-03-25 17:00:54.780 [timesheets.TG_4301_Timesheet_Approval] [clickLoginButton] - Clicking on Login Button
[INFO ] 2023-03-25 17:00:55.387 [timesheets.TG_4301_Timesheet_Approval] [clickLoginButton] - Close Pop Up clicked successfully
[INFO ] 2023-03-25 17:00:55.387 [timesheets.TG_4301_Timesheet_Approval] [newOrderHiring] - Clicking on New Order Button
[INFO ] 2023-03-25 17:01:09.649 [timesheets.TG_4301_Timesheet_Approval] [newOrderHiring] - New Order Button clicked successfully
[INFO ] 2023-03-25 17:01:09.650 [timesheets.TG_4301_Timesheet_Approval] [newOrderHiring] - Entering EstDailyHours
[INFO ] 2023-03-25 17:01:18.421 [timesheets.TG_4301_Timesheet_Approval] [newOrderHiring] - EstDailyHours entered successfully
[INFO ] 2023-03-25 17:01:18.422 [timesheets.TG_4301_Timesheet_Approval] [newOrderHiring] - Entering StartDate
[INFO ] 2023-03-25 17:01:24.169 [timesheets.TG_4301_Timesheet_Approval] [newOrderHiring] - StartDate entered successfully
[INFO ] 2023-03-25 17:01:24.174 [timesheets.TG_4301_Timesheet_Approval] [newOrderHiring] - Entering EndDate
[INFO ] 2023-03-25 17:01:35.515 [timesheets.TG_4301_Timesheet_Approval] [newOrderHiring] - EndDate entered successfully
[INFO ] 2023-03-25 17:01:35.518 [timesheets.TG_4301_Timesheet_Approval] [newOrderHiring] - Entering StartTime
[INFO ] 2023-03-25 17:01:36.661 [timesheets.TG_4301_Timesheet_Approval] [newOrderHiring] - StartTime entered successfully
[INFO ] 2023-03-25 17:01:36.661 [timesheets.TG_4301_Timesheet_Approval] [newOrderHiring] - Entering Availability
[INFO ] 2023-03-25 17:01:36.966 [timesheets.TG_4301_Timesheet_Approval] [newOrderHiring] - Availabilit entered successfully
[INFO ] 2023-03-25 17:01:36.966 [timesheets.TG_4301_Timesheet_Approval] [newOrderHiring] - Entering JobSite
[INFO ] 2023-03-25 17:01:43.246 [timesheets.TG_4301_Timesheet_Approval] [newOrderHiring] - JobSite entered successfully
[INFO ] 2023-03-25 17:01:43.246 [timesheets.TG_4301_Timesheet_Approval] [newOrderHiring] - Entering JobTitle
[INFO ] 2023-03-25 17:01:52.315 [timesheets.TG_4301_Timesheet_Approval] [newOrderHiring] - JobTitle entered successfully
[INFO ] 2023-03-25 17:01:52.318 [timesheets.TG_4301_Timesheet_Approval] [newOrderHiring] - Entering No Of Workers
[INFO ] 2023-03-25 17:01:57.516 [timesheets.TG_4301_Timesheet_Approval] [newOrderHiring] - NoOfWorkers entered successfully
[INFO ] 2023-03-25 17:01:57.517 [timesheets.TG_4301_Timesheet_Approval] [newOrderHiring] - Entering ESignature
[INFO ] 2023-03-25 17:02:00.818 [timesheets.TG_4301_Timesheet_Approval] [newOrderHiring] - ESignature entered successfully
[INFO ] 2023-03-25 17:02:00.818 [timesheets.TG_4301_Timesheet_Approval] [newOrderHiring] - clickAgreeContract
[INFO ] 2023-03-25 17:02:01.015 [timesheets.TG_4301_Timesheet_Approval] [newOrderHiring] - clickAgreeContract successfully
[INFO ] 2023-03-25 17:02:01.015 [timesheets.TG_4301_Timesheet_Approval] [newOrderHiring] - clickSaveButton
[INFO ] 2023-03-25 17:02:01.253 [timesheets.TG_4301_Timesheet_Approval] [newOrderHiring] - SaveButton Clicked successfully
[INFO ] 2023-03-25 17:02:09.765 [timesheets.TG_4301_Timesheet_Approval] [newOrderHiring] - Job order link present on the home page clicked
[INFO ] 2023-03-25 17:02:20.966 [timesheets.TG_4301_Timesheet_Approval] [newOrderHiring] - Verify Job Order Id and Email Successfully
[INFO ] 2023-03-25 17:02:32.334 [timesheets.TG_4301_Timesheet_Approval] [Tag_EndToEndFlowNewOrderHiring] - Started==Starting End To End Flow CreateEmployeeFromStaffing
[INFO ] 2023-03-25 17:02:45.142 [timesheets.TG_4301_Timesheet_Approval] [enterUsername] - Entering new user's first name
[INFO ] 2023-03-25 17:02:45.314 [timesheets.TG_4301_Timesheet_Approval] [enterUsername] - User's first name entered successfully
[INFO ] 2023-03-25 17:02:45.314 [timesheets.TG_4301_Timesheet_Approval] [enterPassword] - Entering new user's last name
[INFO ] 2023-03-25 17:02:45.479 [timesheets.TG_4301_Timesheet_Approval] [enterPassword] - User's last name entered successfully
[INFO ] 2023-03-25 17:02:45.479 [timesheets.TG_4301_Timesheet_Approval] [clickLoginButton] - Clicking on Login Button
[INFO ] 2023-03-25 17:02:45.775 [timesheets.TG_4301_Timesheet_Approval] [clickLoginButton] - Close Pop Up clicked successfully
[INFO ] 2023-03-25 17:03:15.691 [timesheets.TG_4301_Timesheet_Approval] [clickAddNewEployeeButton] - Clicking on Add New Employee Button
[INFO ] 2023-03-25 17:03:16.457 [timesheets.TG_4301_Timesheet_Approval] [clickAddNewEployeeButton] - Employee button clicked successfully
[INFO ] 2023-03-25 17:03:21.468 [timesheets.TG_4301_Timesheet_Approval] [enterCompanyName] - Entering Company Name
[INFO ] 2023-03-25 17:03:21.671 [timesheets.TG_4301_Timesheet_Approval] [enterCompanyName] - Company Name entered successfully
[INFO ] 2023-03-25 17:03:23.678 [timesheets.TG_4301_Timesheet_Approval] [enterFirstName] - Entering First Name
[INFO ] 2023-03-25 17:03:23.819 [timesheets.TG_4301_Timesheet_Approval] [enterFirstName] - First Name entered successfully
[INFO ] 2023-03-25 17:03:25.828 [timesheets.TG_4301_Timesheet_Approval] [enterLastName] - Entering Last Name
[INFO ] 2023-03-25 17:03:25.945 [timesheets.TG_4301_Timesheet_Approval] [enterLastName] - Last Name entered successfully
[INFO ] 2023-03-25 17:03:27.953 [timesheets.TG_4301_Timesheet_Approval] [enterDateOfBirthField] - Entering date of birth
[INFO ] 2023-03-25 17:03:29.133 [timesheets.TG_4301_Timesheet_Approval] [enterDateOfBirthField] - Date of birth entered successfully
[INFO ] 2023-03-25 17:03:31.140 [timesheets.TG_4301_Timesheet_Approval] [enterEmail] - Entering email
[INFO ] 2023-03-25 17:03:31.420 [timesheets.TG_4301_Timesheet_Approval] [enterEmail] - Email entered successfully
[INFO ] 2023-03-25 17:03:33.426 [timesheets.TG_4301_Timesheet_Approval] [selectAddressTab] - Clicking Address Tab
[INFO ] 2023-03-25 17:03:35.612 [timesheets.TG_4301_Timesheet_Approval] [selectAddressTab] - Address Tab clicked successfully
[INFO ] 2023-03-25 17:03:37.619 [timesheets.TG_4301_Timesheet_Approval] [enterEmployeeAddressOnMaps] - Etering employee address on maps
[INFO ] 2023-03-25 17:03:38.901 [timesheets.TG_4301_Timesheet_Approval] [enterEmployeeAddressOnMaps] - Employee entered successfully
[INFO ] 2023-03-25 17:03:40.914 [timesheets.TG_4301_Timesheet_Approval] [clickSaveButton] - Clicking Save button
[INFO ] 2023-03-25 17:03:41.130 [timesheets.TG_4301_Timesheet_Approval] [clickSaveButton] - Save button clicked successfully
[INFO ] 2023-03-25 17:04:21.141 [timesheets.TG_4301_Timesheet_Approval] [getEmployeeNameFromEmaployeeDetailsPage] - Fetching employee Name
[INFO ] 2023-03-25 17:04:21.257 [timesheets.TG_4301_Timesheet_Approval] [getEmployeeNameFromEmaployeeDetailsPage] - Employee Name fetched successfully
[INFO ] 2023-03-25 17:04:21.386 [timesheets.TG_4301_Timesheet_Approval] [Tag_EndToEndFlowNewOrderHiring] - Started==Starting End To End Flow ClaimFromStaffing
[INFO ] 2023-03-25 17:04:21.387 [timesheets.TG_4301_Timesheet_Approval] [ClaimOrderForStaffing] - Clicking Job orders menu present on the staffing homepage navigates to joborder listing form 
[INFO ] 2023-03-25 17:04:37.192 [timesheets.TG_4301_Timesheet_Approval] [selectParticularJobOrderFromListingStaffing] - Selecting Particular Joborder on the listing
[INFO ] 2023-03-25 17:04:47.450 [timesheets.TG_4301_Timesheet_Approval] [selectParticularJobOrderFromListingStaffing] - Particular Joborder on the listing selected successfully
[INFO ] 2023-03-25 17:04:47.450 [timesheets.TG_4301_Timesheet_Approval] [ClaimOrderForStaffing] - Clicking on Claim order Button
[INFO ] 2023-03-25 17:04:59.411 [timesheets.TG_4301_Timesheet_Approval] [ClaimOrderForStaffing] - Claim order button clicked successfully
[INFO ] 2023-03-25 17:04:59.412 [timesheets.TG_4301_Timesheet_Approval] [ClaimOrderForStaffing] - Entering the No. of Employees Claim
[INFO ] 2023-03-25 17:05:05.112 [timesheets.TG_4301_Timesheet_Approval] [ClaimOrderForStaffing] - No. of Employees Claim entered successfully
[INFO ] 2023-03-25 17:05:10.122 [timesheets.TG_4301_Timesheet_Approval] [ClaimOrderForStaffing] - Entering the E-Signature
[INFO ] 2023-03-25 17:05:12.380 [timesheets.TG_4301_Timesheet_Approval] [ClaimOrderForStaffing] - E-Signature entered successfully
[INFO ] 2023-03-25 17:05:12.381 [timesheets.TG_4301_Timesheet_Approval] [ClaimOrderForStaffing] - Clicking on Agree to Contract Button
[INFO ] 2023-03-25 17:05:14.637 [timesheets.TG_4301_Timesheet_Approval] [ClaimOrderForStaffing] - Agree to Contract Button clicked successfully
[INFO ] 2023-03-25 17:05:14.638 [timesheets.TG_4301_Timesheet_Approval] [ClaimOrderForStaffing] - Clicking on Submit Claim Button
[INFO ] 2023-03-25 17:05:21.830 [timesheets.TG_4301_Timesheet_Approval] [ClaimOrderForStaffing] - Submit Claim Button clicked successfully
[INFO ] 2023-03-25 17:05:55.219 [timesheets.TG_4301_Timesheet_Approval] [Tag_EndToEndFlowNewOrderHiring] - Started==Starting End To End Flow ApproveHiring
[INFO ] 2023-03-25 17:06:05.848 [timesheets.TG_4301_Timesheet_Approval] [enterUsername] - Entering new user's first name
[INFO ] 2023-03-25 17:06:05.981 [timesheets.TG_4301_Timesheet_Approval] [enterUsername] - User's first name entered successfully
[INFO ] 2023-03-25 17:06:05.982 [timesheets.TG_4301_Timesheet_Approval] [enterPassword] - Entering new user's last name
[INFO ] 2023-03-25 17:06:06.070 [timesheets.TG_4301_Timesheet_Approval] [enterPassword] - User's last name entered successfully
[INFO ] 2023-03-25 17:06:06.071 [timesheets.TG_4301_Timesheet_Approval] [clickLoginButton] - Clicking on Login Button
[INFO ] 2023-03-25 17:06:06.306 [timesheets.TG_4301_Timesheet_Approval] [clickLoginButton] - Close Pop Up clicked successfully
[INFO ] 2023-03-25 17:06:06.307 [timesheets.TG_4301_Timesheet_Approval] [ApproveClaimFromHiring] - Clicking Order menu present on the staffing homepage
[INFO ] 2023-03-25 17:06:15.239 [timesheets.TG_4301_Timesheet_Approval] [ApproveClaimFromHiring] - Order menu present on the staffing hompage clicked successfully.
[INFO ] 2023-03-25 17:06:15.240 [timesheets.TG_4301_Timesheet_Approval] [ApproveClaimFromHiring] - Clicking All orders menu present on the staffing homepage
[INFO ] 2023-03-25 17:06:29.479 [timesheets.TG_4301_Timesheet_Approval] [ApproveClaimFromHiring] - Clicking on the claim button navigates to claim order form 
[INFO ] 2023-03-25 17:06:32.631 [timesheets.TG_4301_Timesheet_Approval] [ApproveClaimFromHiring] - Clicking on the claim button navigates to claim order form successfully
[INFO ] 2023-03-25 17:06:32.632 [timesheets.TG_4301_Timesheet_Approval] [ApproveClaimFromHiring] - Clicking the select head count button on the claim order form
[INFO ] 2023-03-25 17:06:33.578 [timesheets.TG_4301_Timesheet_Approval] [ApproveClaimFromHiring] - Clicked the select head count button on the claim order form successfully
[INFO ] 2023-03-25 17:06:33.580 [timesheets.TG_4301_Timesheet_Approval] [ApproveClaimFromHiring] - Entering Approve count should not be greater than Workerscount
[INFO ] 2023-03-25 17:06:40.222 [timesheets.TG_4301_Timesheet_Approval] [ApproveClaimFromHiring] - Approve count is not more than the workers count
[INFO ] 2023-03-25 17:06:40.226 [timesheets.TG_4301_Timesheet_Approval] [ApproveClaimFromHiring] - Clicking on modal submit Button
[INFO ] 2023-03-25 17:06:45.453 [timesheets.TG_4301_Timesheet_Approval] [ApproveClaimFromHiring] - Modal submit button clicked successfully
[INFO ] 2023-03-25 17:06:56.750 [timesheets.TG_4301_Timesheet_Approval] [Tag_EndToEndFlowNewOrderHiring] - Started==Starting End To End Flow AssignEmployee
[INFO ] 2023-03-25 17:07:07.380 [timesheets.TG_4301_Timesheet_Approval] [enterUsername] - Entering new user's first name
[INFO ] 2023-03-25 17:07:07.517 [timesheets.TG_4301_Timesheet_Approval] [enterUsername] - User's first name entered successfully
[INFO ] 2023-03-25 17:07:07.518 [timesheets.TG_4301_Timesheet_Approval] [enterPassword] - Entering new user's last name
[INFO ] 2023-03-25 17:07:07.633 [timesheets.TG_4301_Timesheet_Approval] [enterPassword] - User's last name entered successfully
[INFO ] 2023-03-25 17:07:07.633 [timesheets.TG_4301_Timesheet_Approval] [clickLoginButton] - Clicking on Login Button
[INFO ] 2023-03-25 17:07:07.715 [timesheets.TG_4301_Timesheet_Approval] [clickLoginButton] - Close Pop Up clicked successfully
[INFO ] 2023-03-25 17:07:07.715 [timesheets.TG_4301_Timesheet_Approval] [AssignEmployee] - Clicking Order menu present on the staffing homepage
[INFO ] 2023-03-25 17:07:20.231 [timesheets.TG_4301_Timesheet_Approval] [AssignEmployee] - Order menu present on the staffing hompage clicked successfully.
[INFO ] 2023-03-25 17:07:20.235 [timesheets.TG_4301_Timesheet_Approval] [AssignEmployee] - Clicking All orders menu present on the staffing homepage
[INFO ] 2023-03-25 17:07:24.182 [timesheets.TG_4301_Timesheet_Approval] [AssignEmployee] - All orders menu present on the staffing hompage clicked successfully.
[INFO ] 2023-03-25 17:07:31.191 [timesheets.TG_4301_Timesheet_Approval] [selectParticularJobOrderFromListingStaffing] - Selecting Particular Joborder on the listing
[INFO ] 2023-03-25 17:07:41.431 [timesheets.TG_4301_Timesheet_Approval] [selectParticularJobOrderFromListingStaffing] - Particular Joborder on the listing selected successfully
[INFO ] 2023-03-25 17:07:41.432 [timesheets.TG_4301_Timesheet_Approval] [AssignEmployee] - Clicking Assign employees under the related section
[INFO ] 2023-03-25 17:07:49.930 [timesheets.TG_4301_Timesheet_Approval] [AssignEmployee] - Clicked assign employees on job order form successfully
[INFO ] 2023-03-25 17:07:49.931 [timesheets.TG_4301_Timesheet_Approval] [AssignEmployee] - Entering Distance radius in new Assign Employee form 
[INFO ] 2023-03-25 17:07:50.113 [timesheets.TG_4301_Timesheet_Approval] [AssignEmployee] - Distance radius in new Assign Employee form entered successfully
[INFO ] 2023-03-25 17:07:50.114 [timesheets.TG_4301_Timesheet_Approval] [AssignEmployee] - Clicking CheckBox ShowAllEmployees
[INFO ] 2023-03-25 17:07:52.287 [timesheets.TG_4301_Timesheet_Approval] [AssignEmployee] -  ShowAllEmployees CheckBox clicked successfully
[INFO ] 2023-03-25 17:07:52.288 [timesheets.TG_4301_Timesheet_Approval] [AssignEmployee] - Clicking AddRow in new Assign Employee form 
[INFO ] 2023-03-25 17:07:59.500 [timesheets.TG_4301_Timesheet_Approval] [AssignEmployee] - AddRow button in new Assign Employee form clicked successfully
[INFO ] 2023-03-25 17:07:59.501 [timesheets.TG_4301_Timesheet_Approval] [AssignEmployee] - Clicking edit button on the form under the EmployeeDetails
[INFO ] 2023-03-25 17:07:59.673 [timesheets.TG_4301_Timesheet_Approval] [AssignEmployee] - Clicked edit button on the form under the EmployeeDetails successfully
[INFO ] 2023-03-25 17:07:59.941 [timesheets.TG_4301_Timesheet_Approval] [AssignEmployee] - employeeId in new Assign Employee form entered successfully
[INFO ] 2023-03-25 17:07:59.942 [timesheets.TG_4301_Timesheet_Approval] [AssignEmployee] - Clicking Searched Employee
[INFO ] 2023-03-25 17:08:04.949 [timesheets.TG_4301_Timesheet_Approval] [clickSearchedEmployee] - Clicking Searched Employee
[INFO ] 2023-03-25 17:08:05.078 [timesheets.TG_4301_Timesheet_Approval] [clickSearchedEmployee] - Searched Employee clicked Successfully
[INFO ] 2023-03-25 17:08:05.078 [timesheets.TG_4301_Timesheet_Approval] [AssignEmployee] - Searched Employee Clicked Successfully
[INFO ] 2023-03-25 17:08:05.079 [timesheets.TG_4301_Timesheet_Approval] [AssignEmployee] - Clicking Dropdown arrow in the modal
[INFO ] 2023-03-25 17:08:05.170 [timesheets.TG_4301_Timesheet_Approval] [AssignEmployee] - Clicked Dropdown arrow in the modal successfully
[INFO ] 2023-03-25 17:08:07.178 [timesheets.TG_4301_Timesheet_Approval] [AssignEmployee] - Clicking save new Assign Employee form
[INFO ] 2023-03-25 17:08:11.363 [timesheets.TG_4301_Timesheet_Approval] [AssignEmployee] - save button in new Assign Employee form clicked successfully
[INFO ] 2023-03-25 17:09:57.809 [timesheets.TG_4301_Timesheet_Approval] [Tag_EndToEndFlowNewOrderHiring] - Started==Starting End To End Flow TimesheetCreation
[INFO ] 2023-03-25 17:10:05.387 [timesheets.TG_4301_Timesheet_Approval] [enterUsername] - Entering new user's first name
[INFO ] 2023-03-25 17:10:05.501 [timesheets.TG_4301_Timesheet_Approval] [enterUsername] - User's first name entered successfully
[INFO ] 2023-03-25 17:10:05.501 [timesheets.TG_4301_Timesheet_Approval] [enterPassword] - Entering new user's last name
[INFO ] 2023-03-25 17:10:05.573 [timesheets.TG_4301_Timesheet_Approval] [enterPassword] - User's last name entered successfully
[INFO ] 2023-03-25 17:10:05.575 [timesheets.TG_4301_Timesheet_Approval] [clickLoginButton] - Clicking on Login Button
[INFO ] 2023-03-25 17:10:05.692 [timesheets.TG_4301_Timesheet_Approval] [clickLoginButton] - Close Pop Up clicked successfully
[INFO ] 2023-03-25 17:10:10.708 [timesheets.TG_4301_Timesheet_Approval] [createTimesheetHiring] - Clicking on order Button
[INFO ] 2023-03-25 17:10:13.352 [timesheets.TG_4301_Timesheet_Approval] [createTimesheetHiring] -  Order Button clicked successfully
[INFO ] 2023-03-25 17:10:29.601 [timesheets.TG_4301_Timesheet_Approval] [createTimesheetHiring] -  Clicking On Timesheet Button
[INFO ] 2023-03-25 17:10:32.749 [timesheets.TG_4301_Timesheet_Approval] [createTimesheetHiring] - Clicked On Timesheet Button successfully
[INFO ] 2023-03-25 17:10:32.758 [timesheets.TG_4301_Timesheet_Approval] [createTimesheetHiring] - Clicking on addEditButton 
[INFO ] 2023-03-25 17:10:35.001 [timesheets.TG_4301_Timesheet_Approval] [createTimesheetHiring] - AddEditButton Clicked Successfully 
[INFO ] 2023-03-25 17:10:35.004 [timesheets.TG_4301_Timesheet_Approval] [createTimesheetHiring] - Entering current date in Timesheet
[INFO ] 2023-03-25 17:10:47.456 [timesheets.TG_4301_Timesheet_Approval] [createTimesheetHiring] - Entered current date in Timesheet successfully
[INFO ] 2023-03-25 17:10:47.464 [timesheets.TG_4301_Timesheet_Approval] [createTimesheetHiring] - Verify Start Time 
[INFO ] 2023-03-25 17:10:54.802 [timesheets.TG_4301_Timesheet_Approval] [createTimesheetHiring] - Verify Start Time Field successfully
[INFO ] 2023-03-25 17:10:54.803 [timesheets.TG_4301_Timesheet_Approval] [createTimesheetHiring] - Verify End Time 
[INFO ] 2023-03-25 17:11:02.336 [timesheets.TG_4301_Timesheet_Approval] [createTimesheetHiring] - Verify End Time Field successfully
[INFO ] 2023-03-25 17:11:02.337 [timesheets.TG_4301_Timesheet_Approval] [createTimesheetHiring] - Submitting Timesheet 
[INFO ] 2023-03-25 17:11:23.358 [timesheets.TG_4301_Timesheet_Approval] [createTimesheetHiring] -  Timesheet Submit successfully
[INFO ] 2023-03-25 17:11:30.119 [timesheets.TG_4301_Timesheet_Approval] [Tag_EndToEndFlowNewOrderHiring] - Started==Verifying Timesheet Available For Approval Popup
[INFO ] 2023-03-25 17:11:37.760 [timesheets.TG_4301_Timesheet_Approval] [enterUsername] - Entering new user's first name
[INFO ] 2023-03-25 17:11:37.885 [timesheets.TG_4301_Timesheet_Approval] [enterUsername] - User's first name entered successfully
[INFO ] 2023-03-25 17:11:37.885 [timesheets.TG_4301_Timesheet_Approval] [enterPassword] - Entering new user's last name
[INFO ] 2023-03-25 17:11:37.974 [timesheets.TG_4301_Timesheet_Approval] [enterPassword] - User's last name entered successfully
[INFO ] 2023-03-25 17:11:37.974 [timesheets.TG_4301_Timesheet_Approval] [clickLoginButton] - Clicking on Login Button
[INFO ] 2023-03-25 17:11:38.144 [timesheets.TG_4301_Timesheet_Approval] [clickLoginButton] - Close Pop Up clicked successfully
[INFO ] 2023-03-25 17:11:41.157 [timesheets.TG_4301_Timesheet_Approval] [clickOrder] - Clicking Order menu present on the staffing homepage
[INFO ] 2023-03-25 17:11:48.747 [timesheets.TG_4301_Timesheet_Approval] [clickOrder] - Order menu present on the staffing hompage clicked successfully.
[INFO ] 2023-03-25 17:11:51.756 [timesheets.TG_4301_Timesheet_Approval] [selectAllOption] - Clicking All orders menu present on the staffing homepage
[INFO ] 2023-03-25 17:11:58.850 [timesheets.TG_4301_Timesheet_Approval] [selectAllOption] - All orders menu present on the staffing hompage clicked successfully.
[INFO ] 2023-03-25 17:12:01.872 [timesheets.TG_4301_Timesheet_Approval] [selectParticularJobOrderFromListingStaffing] - Selecting Particular Joborder on the listing
[INFO ] 2023-03-25 17:12:12.068 [timesheets.TG_4301_Timesheet_Approval] [selectParticularJobOrderFromListingStaffing] - Particular Joborder on the listing selected successfully
[INFO ] 2023-03-25 17:12:15.081 [timesheets.TG_4301_Timesheet_Approval] [ClickingOnTimesheet] -  Clicking On Timesheet
[INFO ] 2023-03-25 17:12:21.177 [timesheets.TG_4301_Timesheet_Approval] [Tag_EndToEndFlowNewOrderHiring] - Started==Verifying User Should Navigated To Timesheet Approval Form
[INFO ] 2023-03-25 17:12:21.181 [timesheets.TG_4301_Timesheet_Approval] [timesheetTitleDisplay] - Verify Timesheet Title
[INFO ] 2023-03-25 17:12:21.357 [timesheets.TG_4301_Timesheet_Approval] [timesheetTitleDisplay] - Timesheet Title verified
[INFO ] 2023-03-25 17:12:21.370 [timesheets.TG_4301_Timesheet_Approval] [Tag_EndToEndFlowNewOrderHiring] - Started==Verifying User Should Get Popup If Try To approve From Actions Button
[INFO ] 2023-03-25 17:12:21.370 [timesheets.TG_4301_Timesheet_Approval] [clickApprovalRequestGrid] - Clicking on Approval Grid
[INFO ] 2023-03-25 17:12:21.475 [timesheets.TG_4301_Timesheet_Approval] [clickApprovalRequestGrid] - Timesheet Approval Grid Clicked Successfully
[INFO ] 2023-03-25 17:12:21.475 [timesheets.TG_4301_Timesheet_Approval] [clickCheckBox] - Clicking on checkbox
[INFO ] 2023-03-25 17:12:25.137 [timesheets.TG_4301_Timesheet_Approval] [clickCheckBox] - checkbox Clicked Successfully
[INFO ] 2023-03-25 17:12:25.139 [timesheets.TG_4301_Timesheet_Approval] [verifyEmployeeDetails] - Verify Employee Details
[INFO ] 2023-03-25 17:12:25.223 [timesheets.TG_4301_Timesheet_Approval] [verifyEmployeeDetails] - Employee Details verified
[INFO ] 2023-03-25 17:12:25.224 [timesheets.TG_4301_Timesheet_Approval] [Tag_EndToEndFlowNewOrderHiring] - Started==Verifying User Should Get Popup If Try To approve From Actions Button
[INFO ] 2023-03-25 17:12:25.224 [timesheets.TG_4301_Timesheet_Approval] [clickActionsButton] - Clicking on Action Button
[INFO ] 2023-03-25 17:12:25.443 [timesheets.TG_4301_Timesheet_Approval] [clickActionsButton] - Action Button Clicked Successfully
[INFO ] 2023-03-25 17:12:25.445 [timesheets.TG_4301_Timesheet_Approval] [clickApproveButton] - Clicking on approve Button
[INFO ] 2023-03-25 17:12:25.560 [timesheets.TG_4301_Timesheet_Approval] [clickApproveButton] - approve Button Clicked Successfully
[INFO ] 2023-03-25 17:12:25.561 [timesheets.TG_4301_Timesheet_Approval] [verifyTimesheetUpdatedMessage] - Check for 'Timesheet Updated' message Displayed
[INFO ] 2023-03-25 17:12:27.616 [timesheets.TG_4301_Timesheet_Approval] [verifyTimesheetUpdatedMessage] - Message displayed successfully
[INFO ] 2023-03-25 17:12:27.617 [timesheets.TG_4301_Timesheet_Approval] [closePopupApproveButton] - Clicking on close Popup approve Button
[INFO ] 2023-03-25 17:12:27.714 [timesheets.TG_4301_Timesheet_Approval] [closePopupApproveButton] - Clicked on close Popup approve Button Successfully
[INFO ] 2023-03-25 17:12:52.369 [timesheets.TG_4301_Timesheet_Approval] [enterUsername] - Entering new user's first name
[INFO ] 2023-03-25 17:12:52.475 [timesheets.TG_4301_Timesheet_Approval] [enterUsername] - User's first name entered successfully
[INFO ] 2023-03-25 17:12:52.476 [timesheets.TG_4301_Timesheet_Approval] [enterPassword] - Entering new user's last name
[INFO ] 2023-03-25 17:12:52.569 [timesheets.TG_4301_Timesheet_Approval] [enterPassword] - User's last name entered successfully
[INFO ] 2023-03-25 17:12:52.570 [timesheets.TG_4301_Timesheet_Approval] [clickLoginButton] - Clicking on Login Button
[INFO ] 2023-03-25 17:12:52.709 [timesheets.TG_4301_Timesheet_Approval] [clickLoginButton] - Close Pop Up clicked successfully
[INFO ] 2023-03-25 17:12:59.726 [timesheets.TG_4301_Timesheet_Approval] [clickOrdersMenuOnHiringHomePage] - Clicking Order menu present on the Hiring homepage
[INFO ] 2023-03-25 17:13:00.357 [timesheets.TG_4301_Timesheet_Approval] [clickOrdersMenuOnHiringHomePage] - Order menu present on the Hiring hompage clicked successfully.
[INFO ] 2023-03-25 17:13:18.558 [timesheets.TG_4301_Timesheet_Approval] [clickDeleteJobOrderButton] - Clicking on delete button present on Job Order detials page
[INFO ] 2023-03-25 17:13:18.652 [timesheets.TG_4301_Timesheet_Approval] [clickDeleteJobOrderButton] - Delete button present on Job Order detials page clicked
[INFO ] 2023-03-25 17:13:21.860 [timesheets.TG_4301_Timesheet_Approval] [clickAcceptDeleteJobOrderRequestButton] - Clicking on confirm deletion button
[INFO ] 2023-03-25 17:13:21.972 [timesheets.TG_4301_Timesheet_Approval] [clickAcceptDeleteJobOrderRequestButton] - Confirm deletion button clicked
[INFO ] 2023-03-25 17:13:21.974 [timesheets.TG_4301_Timesheet_Approval] [verifyJobOrderDeleted] - Verifying that job order deleted via pop-up
[INFO ] 2023-03-25 17:13:22.404 [timesheets.TG_4301_Timesheet_Approval] [verifyJobOrderDeleted] - Verified that order deleted successfully
[DEBUG] 2023-03-25 17:13:23.070 [freemarker.cache] [debug] - Couldn't find template in cache for "spark/spark.spa.ftl"("en_IN", UTF-8, parsed); will try to load it.
[DEBUG] 2023-03-25 17:13:23.074 [freemarker.cache] [debug] - TemplateLoader.findTemplateSource("spark/spark.spa_en_IN.ftl"): Not found
[DEBUG] 2023-03-25 17:13:23.076 [freemarker.cache] [debug] - TemplateLoader.findTemplateSource("spark/spark.spa_en.ftl"): Not found
[DEBUG] 2023-03-25 17:13:23.077 [freemarker.cache] [debug] - TemplateLoader.findTemplateSource("spark/spark.spa.ftl"): Found
[DEBUG] 2023-03-25 17:13:23.077 [freemarker.cache] [debug] - Loading template for "spark/spark.spa.ftl"("en_IN", UTF-8, parsed) from "jar:file:/Users/amandeep.singh/.m2/repository/com/aventstack/extentreports/5.0.7/extentreports-5.0.7.jar!/com/aventstack/extentreports/templates/spark/spark.spa.ftl"
[DEBUG] 2023-03-25 17:13:23.116 [freemarker.cache] [debug] - Couldn't find template in cache for "commons/commons-variables.ftl"("en_IN", UTF-8, parsed); will try to load it.
[DEBUG] 2023-03-25 17:13:23.116 [freemarker.cache] [debug] - TemplateLoader.findTemplateSource("commons/commons-variables_en_IN.ftl"): Not found
[DEBUG] 2023-03-25 17:13:23.116 [freemarker.cache] [debug] - TemplateLoader.findTemplateSource("commons/commons-variables_en.ftl"): Not found
[DEBUG] 2023-03-25 17:13:23.117 [freemarker.cache] [debug] - TemplateLoader.findTemplateSource("commons/commons-variables.ftl"): Found
[DEBUG] 2023-03-25 17:13:23.117 [freemarker.cache] [debug] - Loading template for "commons/commons-variables.ftl"("en_IN", UTF-8, parsed) from "jar:file:/Users/amandeep.singh/.m2/repository/com/aventstack/extentreports/5.0.7/extentreports-5.0.7.jar!/com/aventstack/extentreports/templates/commons/commons-variables.ftl"
[DEBUG] 2023-03-25 17:13:23.217 [freemarker.cache] [debug] - Couldn't find template in cache for "commons/commons-macros.ftl"("en_IN", UTF-8, parsed); will try to load it.
[DEBUG] 2023-03-25 17:13:23.220 [freemarker.cache] [debug] - TemplateLoader.findTemplateSource("commons/commons-macros_en_IN.ftl"): Not found
[DEBUG] 2023-03-25 17:13:23.220 [freemarker.cache] [debug] - TemplateLoader.findTemplateSource("commons/commons-macros_en.ftl"): Not found
[DEBUG] 2023-03-25 17:13:23.221 [freemarker.cache] [debug] - TemplateLoader.findTemplateSource("commons/commons-macros.ftl"): Found
[DEBUG] 2023-03-25 17:13:23.221 [freemarker.cache] [debug] - Loading template for "commons/commons-macros.ftl"("en_IN", UTF-8, parsed) from "jar:file:/Users/amandeep.singh/.m2/repository/com/aventstack/extentreports/5.0.7/extentreports-5.0.7.jar!/com/aventstack/extentreports/templates/commons/commons-macros.ftl"
[DEBUG] 2023-03-25 17:13:23.230 [freemarker.cache] [debug] - Couldn't find template in cache for "spark/macros/attributes.ftl"("en_IN", UTF-8, parsed); will try to load it.
[DEBUG] 2023-03-25 17:13:23.232 [freemarker.cache] [debug] - TemplateLoader.findTemplateSource("spark/macros/attributes_en_IN.ftl"): Not found
[DEBUG] 2023-03-25 17:13:23.232 [freemarker.cache] [debug] - TemplateLoader.findTemplateSource("spark/macros/attributes_en.ftl"): Not found
[DEBUG] 2023-03-25 17:13:23.233 [freemarker.cache] [debug] - TemplateLoader.findTemplateSource("spark/macros/attributes.ftl"): Found
[DEBUG] 2023-03-25 17:13:23.233 [freemarker.cache] [debug] - Loading template for "spark/macros/attributes.ftl"("en_IN", UTF-8, parsed) from "jar:file:/Users/amandeep.singh/.m2/repository/com/aventstack/extentreports/5.0.7/extentreports-5.0.7.jar!/com/aventstack/extentreports/templates/spark/macros/attributes.ftl"
[DEBUG] 2023-03-25 17:13:23.235 [freemarker.cache] [debug] - Couldn't find template in cache for "spark/macros/log.ftl"("en_IN", UTF-8, parsed); will try to load it.
[DEBUG] 2023-03-25 17:13:23.236 [freemarker.cache] [debug] - TemplateLoader.findTemplateSource("spark/macros/log_en_IN.ftl"): Not found
[DEBUG] 2023-03-25 17:13:23.236 [freemarker.cache] [debug] - TemplateLoader.findTemplateSource("spark/macros/log_en.ftl"): Not found
[DEBUG] 2023-03-25 17:13:23.237 [freemarker.cache] [debug] - TemplateLoader.findTemplateSource("spark/macros/log.ftl"): Found
[DEBUG] 2023-03-25 17:13:23.237 [freemarker.cache] [debug] - Loading template for "spark/macros/log.ftl"("en_IN", UTF-8, parsed) from "jar:file:/Users/amandeep.singh/.m2/repository/com/aventstack/extentreports/5.0.7/extentreports-5.0.7.jar!/com/aventstack/extentreports/templates/spark/macros/log.ftl"
[DEBUG] 2023-03-25 17:13:23.242 [freemarker.cache] [debug] - Couldn't find template in cache for "spark/macros/recurse_nodes.ftl"("en_IN", UTF-8, parsed); will try to load it.
[DEBUG] 2023-03-25 17:13:23.244 [freemarker.cache] [debug] - TemplateLoader.findTemplateSource("spark/macros/recurse_nodes_en_IN.ftl"): Not found
[DEBUG] 2023-03-25 17:13:23.244 [freemarker.cache] [debug] - TemplateLoader.findTemplateSource("spark/macros/recurse_nodes_en.ftl"): Not found
[DEBUG] 2023-03-25 17:13:23.244 [freemarker.cache] [debug] - TemplateLoader.findTemplateSource("spark/macros/recurse_nodes.ftl"): Found
[DEBUG] 2023-03-25 17:13:23.244 [freemarker.cache] [debug] - Loading template for "spark/macros/recurse_nodes.ftl"("en_IN", UTF-8, parsed) from "jar:file:/Users/amandeep.singh/.m2/repository/com/aventstack/extentreports/5.0.7/extentreports-5.0.7.jar!/com/aventstack/extentreports/templates/spark/macros/recurse_nodes.ftl"
[DEBUG] 2023-03-25 17:13:23.255 [freemarker.cache] [debug] - "spark/macros/log.ftl"("en_IN", UTF-8, parsed) cached copy not yet stale; using cached.
[DEBUG] 2023-03-25 17:13:23.256 [freemarker.cache] [debug] - Couldn't find template in cache for "spark/macros/attr-common.ftl"("en_IN", UTF-8, parsed); will try to load it.
[DEBUG] 2023-03-25 17:13:23.256 [freemarker.cache] [debug] - TemplateLoader.findTemplateSource("spark/macros/attr-common_en_IN.ftl"): Not found
[DEBUG] 2023-03-25 17:13:23.256 [freemarker.cache] [debug] - TemplateLoader.findTemplateSource("spark/macros/attr-common_en.ftl"): Not found
[DEBUG] 2023-03-25 17:13:23.256 [freemarker.cache] [debug] - TemplateLoader.findTemplateSource("spark/macros/attr-common.ftl"): Found
[DEBUG] 2023-03-25 17:13:23.256 [freemarker.cache] [debug] - Loading template for "spark/macros/attr-common.ftl"("en_IN", UTF-8, parsed) from "jar:file:/Users/amandeep.singh/.m2/repository/com/aventstack/extentreports/5.0.7/extentreports-5.0.7.jar!/com/aventstack/extentreports/templates/spark/macros/attr-common.ftl"
[DEBUG] 2023-03-25 17:13:23.268 [freemarker.cache] [debug] - Couldn't find template in cache for "spark/partials/head.ftl"("en_IN", UTF-8, parsed); will try to load it.
[DEBUG] 2023-03-25 17:13:23.268 [freemarker.cache] [debug] - TemplateLoader.findTemplateSource("spark/partials/head_en_IN.ftl"): Not found
[DEBUG] 2023-03-25 17:13:23.268 [freemarker.cache] [debug] - TemplateLoader.findTemplateSource("spark/partials/head_en.ftl"): Not found
[DEBUG] 2023-03-25 17:13:23.268 [freemarker.cache] [debug] - TemplateLoader.findTemplateSource("spark/partials/head.ftl"): Found
[DEBUG] 2023-03-25 17:13:23.268 [freemarker.cache] [debug] - Loading template for "spark/partials/head.ftl"("en_IN", UTF-8, parsed) from "jar:file:/Users/amandeep.singh/.m2/repository/com/aventstack/extentreports/5.0.7/extentreports-5.0.7.jar!/com/aventstack/extentreports/templates/spark/partials/head.ftl"
[DEBUG] 2023-03-25 17:13:23.272 [freemarker.cache] [debug] - Couldn't find template in cache for "commons/commons-inject-css.ftl"("en_IN", UTF-8, parsed); will try to load it.
[DEBUG] 2023-03-25 17:13:23.272 [freemarker.cache] [debug] - TemplateLoader.findTemplateSource("commons/commons-inject-css_en_IN.ftl"): Not found
[DEBUG] 2023-03-25 17:13:23.280 [freemarker.cache] [debug] - TemplateLoader.findTemplateSource("commons/commons-inject-css_en.ftl"): Not found
[DEBUG] 2023-03-25 17:13:23.282 [freemarker.cache] [debug] - TemplateLoader.findTemplateSource("commons/commons-inject-css.ftl"): Found
[DEBUG] 2023-03-25 17:13:23.282 [freemarker.cache] [debug] - Loading template for "commons/commons-inject-css.ftl"("en_IN", UTF-8, parsed) from "jar:file:/Users/amandeep.singh/.m2/repository/com/aventstack/extentreports/5.0.7/extentreports-5.0.7.jar!/com/aventstack/extentreports/templates/commons/commons-inject-css.ftl"
[DEBUG] 2023-03-25 17:13:23.286 [freemarker.cache] [debug] - Couldn't find template in cache for "spark/partials/navbar.ftl"("en_IN", UTF-8, parsed); will try to load it.
[DEBUG] 2023-03-25 17:13:23.286 [freemarker.cache] [debug] - TemplateLoader.findTemplateSource("spark/partials/navbar_en_IN.ftl"): Not found
[DEBUG] 2023-03-25 17:13:23.286 [freemarker.cache] [debug] - TemplateLoader.findTemplateSource("spark/partials/navbar_en.ftl"): Not found
[DEBUG] 2023-03-25 17:13:23.286 [freemarker.cache] [debug] - TemplateLoader.findTemplateSource("spark/partials/navbar.ftl"): Found
[DEBUG] 2023-03-25 17:13:23.286 [freemarker.cache] [debug] - Loading template for "spark/partials/navbar.ftl"("en_IN", UTF-8, parsed) from "jar:file:/Users/amandeep.singh/.m2/repository/com/aventstack/extentreports/5.0.7/extentreports-5.0.7.jar!/com/aventstack/extentreports/templates/spark/partials/navbar.ftl"
[DEBUG] 2023-03-25 17:13:23.336 [freemarker.cache] [debug] - Couldn't find template in cache for "spark/partials/sidenav.ftl"("en_IN", UTF-8, parsed); will try to load it.
[DEBUG] 2023-03-25 17:13:23.341 [freemarker.cache] [debug] - TemplateLoader.findTemplateSource("spark/partials/sidenav_en_IN.ftl"): Not found
[DEBUG] 2023-03-25 17:13:23.341 [freemarker.cache] [debug] - TemplateLoader.findTemplateSource("spark/partials/sidenav_en.ftl"): Not found
[DEBUG] 2023-03-25 17:13:23.343 [freemarker.cache] [debug] - TemplateLoader.findTemplateSource("spark/partials/sidenav.ftl"): Found
[DEBUG] 2023-03-25 17:13:23.343 [freemarker.cache] [debug] - Loading template for "spark/partials/sidenav.ftl"("en_IN", UTF-8, parsed) from "jar:file:/Users/amandeep.singh/.m2/repository/com/aventstack/extentreports/5.0.7/extentreports-5.0.7.jar!/com/aventstack/extentreports/templates/spark/partials/sidenav.ftl"
[DEBUG] 2023-03-25 17:13:23.379 [freemarker.cache] [debug] - Couldn't find template in cache for "spark/partials/dashboard.ftl"("en_IN", UTF-8, parsed); will try to load it.
[DEBUG] 2023-03-25 17:13:23.379 [freemarker.cache] [debug] - TemplateLoader.findTemplateSource("spark/partials/dashboard_en_IN.ftl"): Not found
[DEBUG] 2023-03-25 17:13:23.380 [freemarker.cache] [debug] - TemplateLoader.findTemplateSource("spark/partials/dashboard_en.ftl"): Not found
[DEBUG] 2023-03-25 17:13:23.380 [freemarker.cache] [debug] - TemplateLoader.findTemplateSource("spark/partials/dashboard.ftl"): Found
[DEBUG] 2023-03-25 17:13:23.380 [freemarker.cache] [debug] - Loading template for "spark/partials/dashboard.ftl"("en_IN", UTF-8, parsed) from "jar:file:/Users/amandeep.singh/.m2/repository/com/aventstack/extentreports/5.0.7/extentreports-5.0.7.jar!/com/aventstack/extentreports/templates/spark/partials/dashboard.ftl"
[DEBUG] 2023-03-25 17:13:23.456 [freemarker.cache] [debug] - Couldn't find template in cache for "spark/partials/category.ftl"("en_IN", UTF-8, parsed); will try to load it.
[DEBUG] 2023-03-25 17:13:23.456 [freemarker.cache] [debug] - TemplateLoader.findTemplateSource("spark/partials/category_en_IN.ftl"): Not found
[DEBUG] 2023-03-25 17:13:23.456 [freemarker.cache] [debug] - TemplateLoader.findTemplateSource("spark/partials/category_en.ftl"): Not found
[DEBUG] 2023-03-25 17:13:23.457 [freemarker.cache] [debug] - TemplateLoader.findTemplateSource("spark/partials/category.ftl"): Found
[DEBUG] 2023-03-25 17:13:23.457 [freemarker.cache] [debug] - Loading template for "spark/partials/category.ftl"("en_IN", UTF-8, parsed) from "jar:file:/Users/amandeep.singh/.m2/repository/com/aventstack/extentreports/5.0.7/extentreports-5.0.7.jar!/com/aventstack/extentreports/templates/spark/partials/category.ftl"
[DEBUG] 2023-03-25 17:13:23.467 [freemarker.cache] [debug] - Couldn't find template in cache for "spark/partials/test.ftl"("en_IN", UTF-8, parsed); will try to load it.
[DEBUG] 2023-03-25 17:13:23.468 [freemarker.cache] [debug] - TemplateLoader.findTemplateSource("spark/partials/test_en_IN.ftl"): Not found
[DEBUG] 2023-03-25 17:13:23.468 [freemarker.cache] [debug] - TemplateLoader.findTemplateSource("spark/partials/test_en.ftl"): Not found
[DEBUG] 2023-03-25 17:13:23.469 [freemarker.cache] [debug] - TemplateLoader.findTemplateSource("spark/partials/test.ftl"): Found
[DEBUG] 2023-03-25 17:13:23.469 [freemarker.cache] [debug] - Loading template for "spark/partials/test.ftl"("en_IN", UTF-8, parsed) from "jar:file:/Users/amandeep.singh/.m2/repository/com/aventstack/extentreports/5.0.7/extentreports-5.0.7.jar!/com/aventstack/extentreports/templates/spark/partials/test.ftl"
[DEBUG] 2023-03-25 17:13:23.486 [freemarker.cache] [debug] - Couldn't find template in cache for "spark/partials/standard-content.ftl"("en_IN", UTF-8, parsed); will try to load it.
[DEBUG] 2023-03-25 17:13:23.487 [freemarker.cache] [debug] - TemplateLoader.findTemplateSource("spark/partials/standard-content_en_IN.ftl"): Not found
[DEBUG] 2023-03-25 17:13:23.487 [freemarker.cache] [debug] - TemplateLoader.findTemplateSource("spark/partials/standard-content_en.ftl"): Not found
[DEBUG] 2023-03-25 17:13:23.487 [freemarker.cache] [debug] - TemplateLoader.findTemplateSource("spark/partials/standard-content.ftl"): Found
[DEBUG] 2023-03-25 17:13:23.487 [freemarker.cache] [debug] - Loading template for "spark/partials/standard-content.ftl"("en_IN", UTF-8, parsed) from "jar:file:/Users/amandeep.singh/.m2/repository/com/aventstack/extentreports/5.0.7/extentreports-5.0.7.jar!/com/aventstack/extentreports/templates/spark/partials/standard-content.ftl"
[DEBUG] 2023-03-25 17:13:23.516 [freemarker.cache] [debug] - Couldn't find template in cache for "spark/partials/scripts.ftl"("en_IN", UTF-8, parsed); will try to load it.
[DEBUG] 2023-03-25 17:13:23.516 [freemarker.cache] [debug] - TemplateLoader.findTemplateSource("spark/partials/scripts_en_IN.ftl"): Not found
[DEBUG] 2023-03-25 17:13:23.517 [freemarker.cache] [debug] - TemplateLoader.findTemplateSource("spark/partials/scripts_en.ftl"): Not found
[DEBUG] 2023-03-25 17:13:23.517 [freemarker.cache] [debug] - TemplateLoader.findTemplateSource("spark/partials/scripts.ftl"): Found
[DEBUG] 2023-03-25 17:13:23.517 [freemarker.cache] [debug] - Loading template for "spark/partials/scripts.ftl"("en_IN", UTF-8, parsed) from "jar:file:/Users/amandeep.singh/.m2/repository/com/aventstack/extentreports/5.0.7/extentreports-5.0.7.jar!/com/aventstack/extentreports/templates/spark/partials/scripts.ftl"
[DEBUG] 2023-03-25 17:13:23.518 [freemarker.cache] [debug] - Couldn't find template in cache for "commons/commons-inject-js.ftl"("en_IN", UTF-8, parsed); will try to load it.
[DEBUG] 2023-03-25 17:13:23.519 [freemarker.cache] [debug] - TemplateLoader.findTemplateSource("commons/commons-inject-js_en_IN.ftl"): Not found
[DEBUG] 2023-03-25 17:13:23.519 [freemarker.cache] [debug] - TemplateLoader.findTemplateSource("commons/commons-inject-js_en.ftl"): Not found
[DEBUG] 2023-03-25 17:13:23.519 [freemarker.cache] [debug] - TemplateLoader.findTemplateSource("commons/commons-inject-js.ftl"): Found
[DEBUG] 2023-03-25 17:13:23.519 [freemarker.cache] [debug] - Loading template for "commons/commons-inject-js.ftl"("en_IN", UTF-8, parsed) from "jar:file:/Users/amandeep.singh/.m2/repository/com/aventstack/extentreports/5.0.7/extentreports-5.0.7.jar!/com/aventstack/extentreports/templates/commons/commons-inject-js.ftl"
