[INFO ] 2023-02-11 17:54:20.979 [directOrder.TG_5802_DirectOrderParialClaim] [VerifyUserRedirectToNewOrderFormViaDirectOrder] - Started==Verifying Confirm Job Order Details
[INFO ] 2023-02-11 17:54:26.167 [directOrder.TG_5802_DirectOrderParialClaim] [VerifyUserRedirectToNewOrderFormViaDirectOrder] - Entering Username
[INFO ] 2023-02-11 17:54:26.168 [directOrder.TG_5802_DirectOrderParialClaim] [enterUsername] - Entering new user's first name
[INFO ] 2023-02-11 17:54:27.572 [directOrder.TG_5802_DirectOrderParialClaim] [enterUsername] - User's first name entered successfully
[INFO ] 2023-02-11 17:54:27.572 [directOrder.TG_5802_DirectOrderParialClaim] [VerifyUserRedirectToNewOrderFormViaDirectOrder] - Username Entered Successfully
[INFO ] 2023-02-11 17:54:27.572 [directOrder.TG_5802_DirectOrderParialClaim] [VerifyUserRedirectToNewOrderFormViaDirectOrder] - Entering Password
[INFO ] 2023-02-11 17:54:27.573 [directOrder.TG_5802_DirectOrderParialClaim] [enterPassword] - Entering new user's last name
[INFO ] 2023-02-11 17:54:27.817 [directOrder.TG_5802_DirectOrderParialClaim] [enterPassword] - User's last name entered successfully
[INFO ] 2023-02-11 17:54:27.818 [directOrder.TG_5802_DirectOrderParialClaim] [VerifyUserRedirectToNewOrderFormViaDirectOrder] - Password Entered Successfully
[INFO ] 2023-02-11 17:54:27.818 [directOrder.TG_5802_DirectOrderParialClaim] [VerifyUserRedirectToNewOrderFormViaDirectOrder] - Clicking on Login Button
[INFO ] 2023-02-11 17:54:27.818 [directOrder.TG_5802_DirectOrderParialClaim] [clickLoginButton] - Clicking on Login Button
[INFO ] 2023-02-11 17:54:28.316 [directOrder.TG_5802_DirectOrderParialClaim] [clickLoginButton] - Close Pop Up clicked successfully
[INFO ] 2023-02-11 17:54:28.317 [directOrder.TG_5802_DirectOrderParialClaim] [VerifyUserRedirectToNewOrderFormViaDirectOrder] - Login Button Clicked Successfully
[INFO ] 2023-02-11 17:54:28.317 [directOrder.TG_5802_DirectOrderParialClaim] [VerifyUserRedirectToNewOrderFormViaDirectOrder] - Clicking on Staffing Companies
[INFO ] 2023-02-11 17:54:28.317 [directOrder.TG_5802_DirectOrderParialClaim] [clickStaffingCompanies] - Clicking on Staffing Companies Button
[INFO ] 2023-02-11 17:54:42.625 [directOrder.TG_5802_DirectOrderParialClaim] [clickStaffingCompanies] - Staffing Companies Button clicked successfully
[INFO ] 2023-02-11 17:54:42.631 [directOrder.TG_5802_DirectOrderParialClaim] [VerifyUserRedirectToNewOrderFormViaDirectOrder] - Staffing Companies Clickied Successfully
[INFO ] 2023-02-11 17:54:42.631 [directOrder.TG_5802_DirectOrderParialClaim] [VerifyUserRedirectToNewOrderFormViaDirectOrder] - Verifying Staffing Companies List
[INFO ] 2023-02-11 17:54:42.631 [directOrder.TG_5802_DirectOrderParialClaim] [verifyStaffingCompanyList] - Verify Staffing Company List is displayed
[INFO ] 2023-02-11 17:54:43.359 [directOrder.TG_5802_DirectOrderParialClaim] [verifyStaffingCompanyList] - Staffing Company List displayed successfully
[INFO ] 2023-02-11 17:54:43.360 [directOrder.TG_5802_DirectOrderParialClaim] [VerifyUserRedirectToNewOrderFormViaDirectOrder] - Staffing Companies List verified successfully
[INFO ] 2023-02-11 17:54:51.369 [directOrder.TG_5802_DirectOrderParialClaim] [clickHunderedFilter] - Clicking on 100 records button
[INFO ] 2023-02-11 17:54:51.658 [directOrder.TG_5802_DirectOrderParialClaim] [clickHunderedFilter] - 100 records button clicked Successfully
[INFO ] 2023-02-11 17:54:56.670 [directOrder.TG_5802_DirectOrderParialClaim] [VerifyUserRedirectToNewOrderFormViaDirectOrder] - Clicking Staffing Company
[INFO ] 2023-02-11 17:54:56.671 [directOrder.TG_5802_DirectOrderParialClaim] [clickStaffingCompanyDirectOrder] - Clicking on Staffing Companies Button
[INFO ] 2023-02-11 17:54:58.658 [directOrder.TG_5802_DirectOrderParialClaim] [clickStaffingCompanyDirectOrder] - Staffing Companies Button clicked successfully
[INFO ] 2023-02-11 17:54:58.665 [directOrder.TG_5802_DirectOrderParialClaim] [VerifyUserRedirectToNewOrderFormViaDirectOrder] - Staffing Company Clickied Successfully
[INFO ] 2023-02-11 17:55:01.672 [directOrder.TG_5802_DirectOrderParialClaim] [VerifyUserRedirectToNewOrderFormViaDirectOrder] - Clicking on Place Order Button
[INFO ] 2023-02-11 17:55:01.675 [directOrder.TG_5802_DirectOrderParialClaim] [clickPlaceOrderButton] - Clicking on Staffing Company
[INFO ] 2023-02-11 17:55:01.890 [directOrder.TG_5802_DirectOrderParialClaim] [clickPlaceOrderButton] - Staffing Company clicked successfully
[INFO ] 2023-02-11 17:55:01.890 [directOrder.TG_5802_DirectOrderParialClaim] [VerifyUserRedirectToNewOrderFormViaDirectOrder] - Place Order Button Clickied Successfully
[INFO ] 2023-02-11 17:55:01.975 [directOrder.TG_5802_DirectOrderParialClaim] [Tag_VerifyConfirmJobOrderDetails] - Started==Starting End To End Flow NewOrderHiring
[INFO ] 2023-02-11 17:55:01.975 [directOrder.TG_5802_DirectOrderParialClaim] [enterEstDailyHours] - Entering EstDailyHours
[INFO ] 2023-02-11 17:55:10.330 [directOrder.TG_5802_DirectOrderParialClaim] [enterEstDailyHours] - EstDailyHours entered successfully
[INFO ] 2023-02-11 17:55:12.337 [directOrder.TG_5802_DirectOrderParialClaim] [enterStartDate] - Entering StartDate
[INFO ] 2023-02-11 17:55:17.906 [directOrder.TG_5802_DirectOrderParialClaim] [enterStartDate] - StartDate entered successfully
[INFO ] 2023-02-11 17:55:19.919 [directOrder.TG_5802_DirectOrderParialClaim] [enterEndDate] - Entering EndDate
[INFO ] 2023-02-11 17:55:25.422 [directOrder.TG_5802_DirectOrderParialClaim] [enterEndDate] - EndDate entered successfully
[INFO ] 2023-02-11 17:55:27.432 [directOrder.TG_5802_DirectOrderParialClaim] [enterStartTime] - Entering StartTime
[INFO ] 2023-02-11 17:55:28.313 [directOrder.TG_5802_DirectOrderParialClaim] [enterStartTime] - StartTime entered successfully
[INFO ] 2023-02-11 17:55:30.320 [directOrder.TG_5802_DirectOrderParialClaim] [enterAvailability] - Entering Availability
[INFO ] 2023-02-11 17:55:30.608 [directOrder.TG_5802_DirectOrderParialClaim] [enterAvailability] - Availabilit entered successfully
[INFO ] 2023-02-11 17:55:30.609 [directOrder.TG_5802_DirectOrderParialClaim] [enterJobSite] - Entering JobSite
[INFO ] 2023-02-11 17:55:34.949 [directOrder.TG_5802_DirectOrderParialClaim] [enterJobSite] - JobSite entered successfully
[INFO ] 2023-02-11 17:55:36.956 [directOrder.TG_5802_DirectOrderParialClaim] [enterJobTitle] - Entering JobTitle
[INFO ] 2023-02-11 17:55:38.060 [directOrder.TG_5802_DirectOrderParialClaim] [enterJobTitle] - JobTitle entered successfully
[INFO ] 2023-02-11 17:55:40.066 [directOrder.TG_5802_DirectOrderParialClaim] [enterNoOfWorker] - Entering No Of Workers
[INFO ] 2023-02-11 17:55:40.206 [directOrder.TG_5802_DirectOrderParialClaim] [enterNoOfWorker] - NoOfWorkers entered successfully
[INFO ] 2023-02-11 17:55:42.214 [directOrder.TG_5802_DirectOrderParialClaim] [enterESignature] - Entering ESignature
[INFO ] 2023-02-11 17:55:42.424 [directOrder.TG_5802_DirectOrderParialClaim] [enterESignature] - ESignature entered successfully
[INFO ] 2023-02-11 17:55:42.424 [directOrder.TG_5802_DirectOrderParialClaim] [clickAgreeContract] - clickAgreeContract
[INFO ] 2023-02-11 17:55:42.598 [directOrder.TG_5802_DirectOrderParialClaim] [clickAgreeContract] - clickAgreeContract successfully
[INFO ] 2023-02-11 17:55:45.671 [directOrder.TG_5802_DirectOrderParialClaim] [Tag_VerifyJobOrderIdAndPopupEmailSentSuccessfully] - Started==Verifying Job Order Id And Popup that Email Sent Successfully
[INFO ] 2023-02-11 17:56:09.391 [directOrder.TG_5802_DirectOrderParialClaim] [getTextHiringId] - Job order link present on the home page clicked
[INFO ] 2023-02-11 17:56:18.875 [directOrder.TG_5802_DirectOrderParialClaim] [getTextHiringId] - Verify Job Order Id and Email Successfully
[INFO ] 2023-02-11 17:56:31.245 [directOrder.TG_5802_DirectOrderParialClaim] [TG_3869_VerifyUserclicksJobOrderItNavigatestoJobOrderForm] - Entering Username
[INFO ] 2023-02-11 17:56:31.247 [directOrder.TG_5802_DirectOrderParialClaim] [enterUsername] - Entering new user's first name
[INFO ] 2023-02-11 17:56:31.352 [directOrder.TG_5802_DirectOrderParialClaim] [enterUsername] - User's first name entered successfully
[INFO ] 2023-02-11 17:56:31.353 [directOrder.TG_5802_DirectOrderParialClaim] [TG_3869_VerifyUserclicksJobOrderItNavigatestoJobOrderForm] - Username Entered Successfully
[INFO ] 2023-02-11 17:56:31.353 [directOrder.TG_5802_DirectOrderParialClaim] [TG_3869_VerifyUserclicksJobOrderItNavigatestoJobOrderForm] - Entering Password
[INFO ] 2023-02-11 17:56:31.353 [directOrder.TG_5802_DirectOrderParialClaim] [enterPassword] - Entering new user's last name
[INFO ] 2023-02-11 17:56:31.486 [directOrder.TG_5802_DirectOrderParialClaim] [enterPassword] - User's last name entered successfully
[INFO ] 2023-02-11 17:56:31.487 [directOrder.TG_5802_DirectOrderParialClaim] [TG_3869_VerifyUserclicksJobOrderItNavigatestoJobOrderForm] - Password Entered Successfully
[INFO ] 2023-02-11 17:56:31.487 [directOrder.TG_5802_DirectOrderParialClaim] [TG_3869_VerifyUserclicksJobOrderItNavigatestoJobOrderForm] - Clicking on Login Button
[INFO ] 2023-02-11 17:56:31.487 [directOrder.TG_5802_DirectOrderParialClaim] [clickLoginButton] - Clicking on Login Button
[INFO ] 2023-02-11 17:56:31.589 [directOrder.TG_5802_DirectOrderParialClaim] [clickLoginButton] - Close Pop Up clicked successfully
[INFO ] 2023-02-11 17:56:31.590 [directOrder.TG_5802_DirectOrderParialClaim] [TG_3869_VerifyUserclicksJobOrderItNavigatestoJobOrderForm] - Login Button Clicked Successfully
[INFO ] 2023-02-11 17:56:34.597 [directOrder.TG_5802_DirectOrderParialClaim] [TG_3869_VerifyUserclicksJobOrderItNavigatestoJobOrderForm] - Clicking on Notifications Icon
[INFO ] 2023-02-11 17:56:34.600 [directOrder.TG_5802_DirectOrderParialClaim] [clickNotificationIcon] - Clicking on Notifications
[INFO ] 2023-02-11 17:56:36.859 [directOrder.TG_5802_DirectOrderParialClaim] [clickNotificationIcon] - Notifications clicked successfully
[INFO ] 2023-02-11 17:56:36.866 [directOrder.TG_5802_DirectOrderParialClaim] [TG_3869_VerifyUserclicksJobOrderItNavigatestoJobOrderForm] - Notifications Icon Clicked Successfully
[INFO ] 2023-02-11 17:56:38.872 [directOrder.TG_5802_DirectOrderParialClaim] [TG_3869_VerifyUserclicksJobOrderItNavigatestoJobOrderForm] - Verifying Notification Text
[INFO ] 2023-02-11 17:56:38.874 [directOrder.TG_5802_DirectOrderParialClaim] [verifyNotificationText] - Verify Direct Order Text in Notification
[INFO ] 2023-02-11 17:56:38.985 [directOrder.TG_5802_DirectOrderParialClaim] [verifyNotificationText] - Direct Order Text in Notification displayed successfully
[INFO ] 2023-02-11 17:56:38.995 [directOrder.TG_5802_DirectOrderParialClaim] [TG_3869_VerifyUserclicksJobOrderItNavigatestoJobOrderForm] - Notification Text Clicked Successfully
[INFO ] 2023-02-11 17:56:38.996 [directOrder.TG_5802_DirectOrderParialClaim] [clickJobOrderHomePage] - Clicking Job orders menu present on the staffing homepage navigates to joborder listing form 
[INFO ] 2023-02-11 17:56:42.293 [directOrder.TG_5802_DirectOrderParialClaim] [clickJobOrderHomePage] - All job orders menu present on the staffing hompage clicked successfully and navigates to joborder listing form  .
[INFO ] 2023-02-11 17:56:44.302 [directOrder.TG_5802_DirectOrderParialClaim] [verifyJobOrderPage] - Job order form is displayed
[INFO ] 2023-02-11 17:56:44.414 [directOrder.TG_5802_DirectOrderParialClaim] [verifyJobOrderPage] - Job orderform is displayed successfully
[INFO ] 2023-02-11 17:56:54.426 [directOrder.TG_5802_DirectOrderParialClaim] [selectParticularJobOrderFromListing] - Selecting Particular Joborder on the listing
[INFO ] 2023-02-11 17:57:04.574 [directOrder.TG_5802_DirectOrderParialClaim] [selectParticularJobOrderFromListing] - Particular Joborder on the listing selected successfully
[INFO ] 2023-02-11 17:57:09.583 [directOrder.TG_5802_DirectOrderParialClaim] [clickOrdersMenuOnStaffingHomePage] - Clicking Order menu present on the staffing homepage
[INFO ] 2023-02-11 17:57:09.731 [directOrder.TG_5802_DirectOrderParialClaim] [clickOrdersMenuOnStaffingHomePage] - Order menu present on the staffing hompage clicked successfully.
[INFO ] 2023-02-11 17:57:11.737 [directOrder.TG_5802_DirectOrderParialClaim] [clickDirectOrderNav] - Clicking on Direct Orders
[INFO ] 2023-02-11 17:57:12.744 [directOrder.TG_5802_DirectOrderParialClaim] [clickDirectOrderNav] - Direct orders clicked successfully
[INFO ] 2023-02-11 17:57:14.751 [directOrder.TG_5802_DirectOrderParialClaim] [selectParticularJobOrderFromListing] - Selecting Particular Joborder on the listing
[INFO ] 2023-02-11 17:57:24.854 [directOrder.TG_5802_DirectOrderParialClaim] [selectParticularJobOrderFromListing] - Particular Joborder on the listing selected successfully
[INFO ] 2023-02-11 17:57:29.918 [directOrder.TG_5802_DirectOrderParialClaim] [clickClaimOrderButton] - Clicking on Claim order Button
[INFO ] 2023-02-11 17:57:35.151 [directOrder.TG_5802_DirectOrderParialClaim] [clickClaimOrderButton] - Claim order button clicked successfully
[INFO ] 2023-02-11 17:57:37.160 [directOrder.TG_5802_DirectOrderParialClaim] [enterNoOfEmployeesClaim] - Entering the No. of Employees Claim
[INFO ] 2023-02-11 17:57:38.972 [directOrder.TG_5802_DirectOrderParialClaim] [enterNoOfEmployeesClaim] - No. of Employees Claim entered successfully
[INFO ] 2023-02-11 17:57:40.980 [directOrder.TG_5802_DirectOrderParialClaim] [enterESignature] - Entering the E-Signature
[INFO ] 2023-02-11 17:57:41.122 [directOrder.TG_5802_DirectOrderParialClaim] [enterESignature] - E-Signature entered successfully
[INFO ] 2023-02-11 17:57:43.129 [directOrder.TG_5802_DirectOrderParialClaim] [clickAgreeContract] - Clicking on Agree to Contract Button
[INFO ] 2023-02-11 17:57:43.242 [directOrder.TG_5802_DirectOrderParialClaim] [clickAgreeContract] - Agree to Contract Button clicked successfully
[INFO ] 2023-02-11 17:57:45.256 [directOrder.TG_5802_DirectOrderParialClaim] [clickSubmitClaim] - Clicking on Submit Claim Button
[INFO ] 2023-02-11 17:57:45.411 [directOrder.TG_5802_DirectOrderParialClaim] [clickSubmitClaim] - Submit Claim Button clicked successfully
[INFO ] 2023-02-11 17:58:35.419 [directOrder.TG_5802_DirectOrderParialClaim] [TG_5786_Partial_Claim] - Verify Auto Approve Text
[INFO ] 2023-02-11 17:58:45.430 [directOrder.TG_5802_DirectOrderParialClaim] [autoApproveText] - Verify Auto Approve Text
