[INFO ] 2023-01-24 15:24:49.919 [CRM.TG_5748_Exclusive_Hiring_Company_Creation_Via_Staffing] [TG_5461_VerifyUserIsAbleToRouteToLeadFormSuccessfully] - Logging in
[INFO ] 2023-01-24 15:24:53.359 [CRM.TG_5748_Exclusive_Hiring_Company_Creation_Via_Staffing] [TG_5461_VerifyUserIsAbleToRouteToLeadFormSuccessfully] - Entering Username
[INFO ] 2023-01-24 15:24:53.361 [CRM.TG_5748_Exclusive_Hiring_Company_Creation_Via_Staffing] [enterUsername] - Entering new user's first name
[INFO ] 2023-01-24 15:24:54.045 [CRM.TG_5748_Exclusive_Hiring_Company_Creation_Via_Staffing] [enterUsername] - User's first name entered successfully
[INFO ] 2023-01-24 15:24:54.045 [CRM.TG_5748_Exclusive_Hiring_Company_Creation_Via_Staffing] [TG_5461_VerifyUserIsAbleToRouteToLeadFormSuccessfully] - Username Entered Successfully
[INFO ] 2023-01-24 15:24:54.045 [CRM.TG_5748_Exclusive_Hiring_Company_Creation_Via_Staffing] [TG_5461_VerifyUserIsAbleToRouteToLeadFormSuccessfully] - Entering Password
[INFO ] 2023-01-24 15:24:54.045 [CRM.TG_5748_Exclusive_Hiring_Company_Creation_Via_Staffing] [enterPassword] - Entering new user's last name
[INFO ] 2023-01-24 15:24:54.258 [CRM.TG_5748_Exclusive_Hiring_Company_Creation_Via_Staffing] [enterPassword] - User's last name entered successfully
[INFO ] 2023-01-24 15:24:54.259 [CRM.TG_5748_Exclusive_Hiring_Company_Creation_Via_Staffing] [TG_5461_VerifyUserIsAbleToRouteToLeadFormSuccessfully] - Password Entered Successfully
[INFO ] 2023-01-24 15:24:54.259 [CRM.TG_5748_Exclusive_Hiring_Company_Creation_Via_Staffing] [TG_5461_VerifyUserIsAbleToRouteToLeadFormSuccessfully] - Clicking on Login Button
[INFO ] 2023-01-24 15:24:54.259 [CRM.TG_5748_Exclusive_Hiring_Company_Creation_Via_Staffing] [clickLoginButton] - Clicking on Login Button
[INFO ] 2023-01-24 15:24:54.667 [CRM.TG_5748_Exclusive_Hiring_Company_Creation_Via_Staffing] [clickLoginButton] - Close Pop Up clicked successfully
[INFO ] 2023-01-24 15:24:54.672 [CRM.TG_5748_Exclusive_Hiring_Company_Creation_Via_Staffing] [TG_5461_VerifyUserIsAbleToRouteToLeadFormSuccessfully] - Verifying CRM Icon
[INFO ] 2023-01-24 15:24:54.672 [CRM.TG_5748_Exclusive_Hiring_Company_Creation_Via_Staffing] [verifyCRMTextOnStaffingHomepage] - Check for CRM Icon on Homepage
[INFO ] 2023-01-24 15:25:02.047 [CRM.TG_5748_Exclusive_Hiring_Company_Creation_Via_Staffing] [verifyCRMTextOnStaffingHomepage] - CRM Icon displayed successfully
[INFO ] 2023-01-24 15:25:02.053 [CRM.TG_5748_Exclusive_Hiring_Company_Creation_Via_Staffing] [TG_5461_VerifyUserIsAbleToRouteToLeadFormSuccessfully] - CRM Icon Verified successfully
[INFO ] 2023-01-24 15:25:02.053 [CRM.TG_5748_Exclusive_Hiring_Company_Creation_Via_Staffing] [TG_5461_VerifyUserIsAbleToRouteToLeadFormSuccessfully] - Clicking on CRM Icon
[INFO ] 2023-01-24 15:25:02.053 [CRM.TG_5748_Exclusive_Hiring_Company_Creation_Via_Staffing] [clickCRMIcoOnHomepage] - Clicking on CRM Button
[INFO ] 2023-01-24 15:25:03.117 [CRM.TG_5748_Exclusive_Hiring_Company_Creation_Via_Staffing] [clickCRMIcoOnHomepage] - CRM Button clicked successfully
[INFO ] 2023-01-24 15:25:03.117 [CRM.TG_5748_Exclusive_Hiring_Company_Creation_Via_Staffing] [TG_5461_VerifyUserIsAbleToRouteToLeadFormSuccessfully] - CRM Icon Clicked Successfully
[INFO ] 2023-01-24 15:25:05.123 [CRM.TG_5748_Exclusive_Hiring_Company_Creation_Via_Staffing] [TG_5461_VerifyUserIsAbleToRouteToLeadFormSuccessfully] - Clicking on Lead Icon
[INFO ] 2023-01-24 15:25:05.125 [CRM.TG_5748_Exclusive_Hiring_Company_Creation_Via_Staffing] [clickLeadIcon] - Clicking on Lead Button
[INFO ] 2023-01-24 15:25:05.936 [CRM.TG_5748_Exclusive_Hiring_Company_Creation_Via_Staffing] [clickLeadIcon] - Lead Button clicked successfully
[INFO ] 2023-01-24 15:25:05.937 [CRM.TG_5748_Exclusive_Hiring_Company_Creation_Via_Staffing] [TG_5461_VerifyUserIsAbleToRouteToLeadFormSuccessfully] - Lead Icon Clicked Successfully
[INFO ] 2023-01-24 15:25:07.943 [CRM.TG_5748_Exclusive_Hiring_Company_Creation_Via_Staffing] [TG_5461_VerifyUserIsAbleToRouteToLeadFormSuccessfully] - Verify Listing Form
[INFO ] 2023-01-24 15:25:07.947 [CRM.TG_5748_Exclusive_Hiring_Company_Creation_Via_Staffing] [verifyLeadListingForm] - Check for Lead Title
[INFO ] 2023-01-24 15:25:08.031 [CRM.TG_5748_Exclusive_Hiring_Company_Creation_Via_Staffing] [verifyLeadListingForm] - Lead Title displayed successfully
[INFO ] 2023-01-24 15:25:08.032 [CRM.TG_5748_Exclusive_Hiring_Company_Creation_Via_Staffing] [TG_5461_VerifyUserIsAbleToRouteToLeadFormSuccessfully] - Listing Form verified successfully
[INFO ] 2023-01-24 15:25:10.032 [CRM.TG_5748_Exclusive_Hiring_Company_Creation_Via_Staffing] [TG_5461_VerifyUserIsAbleToRouteToLeadFormSuccessfully] - Clicking on Add Lead Button
[INFO ] 2023-01-24 15:25:10.032 [CRM.TG_5748_Exclusive_Hiring_Company_Creation_Via_Staffing] [clickAddLeadButton] - Clicking on Lead Button
[INFO ] 2023-01-24 15:25:11.124 [CRM.TG_5748_Exclusive_Hiring_Company_Creation_Via_Staffing] [clickAddLeadButton] - Add Lead Button clicked successfully
[INFO ] 2023-01-24 15:25:11.124 [CRM.TG_5748_Exclusive_Hiring_Company_Creation_Via_Staffing] [TG_5461_VerifyUserIsAbleToRouteToLeadFormSuccessfully] - Add Lead Button Clicked Successfully
[INFO ] 2023-01-24 15:25:13.130 [CRM.TG_5748_Exclusive_Hiring_Company_Creation_Via_Staffing] [TG_5461_VerifyUserIsAbleToRouteToLeadFormSuccessfully] - Verifying the Lead Form Title
[INFO ] 2023-01-24 15:25:13.132 [CRM.TG_5748_Exclusive_Hiring_Company_Creation_Via_Staffing] [verifyLeadForm] - Check for New Lead Form
[INFO ] 2023-01-24 15:25:13.191 [CRM.TG_5748_Exclusive_Hiring_Company_Creation_Via_Staffing] [verifyLeadForm] - New Lead Form displayed successfully
[INFO ] 2023-01-24 15:25:13.192 [CRM.TG_5748_Exclusive_Hiring_Company_Creation_Via_Staffing] [TG_5461_VerifyUserIsAbleToRouteToLeadFormSuccessfully] - Lead Form Title is Verified Successfully
[INFO ] 2023-01-24 15:25:13.253 [CRM.TG_5748_Exclusive_Hiring_Company_Creation_Via_Staffing] [TG_5466_VerifyLeadCreatedSuccessfully] - Verifying Mandatory Fields
[INFO ] 2023-01-24 15:25:13.253 [CRM.TG_5748_Exclusive_Hiring_Company_Creation_Via_Staffing] [clickSaveButton] - Clicking on Save Button
[INFO ] 2023-01-24 15:25:13.692 [CRM.TG_5748_Exclusive_Hiring_Company_Creation_Via_Staffing] [clickSaveButton] - Save Button clicked successfully
[INFO ] 2023-01-24 15:25:15.699 [CRM.TG_5748_Exclusive_Hiring_Company_Creation_Via_Staffing] [verifyMandatoryFieldIsBlank] - Verifying the Mandatory Field Pop-Up Title
[INFO ] 2023-01-24 15:25:15.758 [CRM.TG_5748_Exclusive_Hiring_Company_Creation_Via_Staffing] [verifyMandatoryFieldIsBlank] - Mandatory Field Pop-Up Title displayed Successfully
[INFO ] 2023-01-24 15:25:17.764 [CRM.TG_5748_Exclusive_Hiring_Company_Creation_Via_Staffing] [TG_5466_VerifyLeadCreatedSuccessfully] - Closing the Pop-up
[INFO ] 2023-01-24 15:25:17.766 [CRM.TG_5748_Exclusive_Hiring_Company_Creation_Via_Staffing] [closeBlankMandatoryFieldDialogBox] - Clicking on Close Pop-Up Icon
[INFO ] 2023-01-24 15:25:17.989 [CRM.TG_5748_Exclusive_Hiring_Company_Creation_Via_Staffing] [closeBlankMandatoryFieldDialogBox] - Close Pop-Up Icon Clicked Successfully
[INFO ] 2023-01-24 15:25:17.990 [CRM.TG_5748_Exclusive_Hiring_Company_Creation_Via_Staffing] [TG_5466_VerifyLeadCreatedSuccessfully] - Pop-up closed Successfully
[INFO ] 2023-01-24 15:25:19.995 [CRM.TG_5748_Exclusive_Hiring_Company_Creation_Via_Staffing] [TG_5466_VerifyLeadCreatedSuccessfully] - Entering First Name
[INFO ] 2023-01-24 15:25:19.999 [CRM.TG_5748_Exclusive_Hiring_Company_Creation_Via_Staffing] [enterFirstName] - Entering First Name
[INFO ] 2023-01-24 15:25:20.259 [CRM.TG_5748_Exclusive_Hiring_Company_Creation_Via_Staffing] [enterFirstName] - First Name Entered Successfully
[INFO ] 2023-01-24 15:25:20.260 [CRM.TG_5748_Exclusive_Hiring_Company_Creation_Via_Staffing] [TG_5466_VerifyLeadCreatedSuccessfully] - First Name Entered Successfully
[INFO ] 2023-01-24 15:25:20.261 [CRM.TG_5748_Exclusive_Hiring_Company_Creation_Via_Staffing] [TG_5466_VerifyLeadCreatedSuccessfully] - Entering Last Name
[INFO ] 2023-01-24 15:25:20.261 [CRM.TG_5748_Exclusive_Hiring_Company_Creation_Via_Staffing] [enterLastName] - Entering Last Name
[INFO ] 2023-01-24 15:25:20.363 [CRM.TG_5748_Exclusive_Hiring_Company_Creation_Via_Staffing] [enterLastName] - Last Name Entered Successfully
[INFO ] 2023-01-24 15:25:20.364 [CRM.TG_5748_Exclusive_Hiring_Company_Creation_Via_Staffing] [TG_5466_VerifyLeadCreatedSuccessfully] - Last Name Entered Successfully
[INFO ] 2023-01-24 15:25:20.364 [CRM.TG_5748_Exclusive_Hiring_Company_Creation_Via_Staffing] [TG_5466_VerifyLeadCreatedSuccessfully] - Entering Company Name
[INFO ] 2023-01-24 15:25:20.364 [CRM.TG_5748_Exclusive_Hiring_Company_Creation_Via_Staffing] [enterCompanyName] - Entering Company Name
