[INFO ] 2023-03-08 00:43:50.409 [users.AddNewUserHiring] [VerifyMandatoryFields] - Started==Verifying mandatory fields in Add New User form
[INFO ] 2023-03-08 00:43:53.837 [users.AddNewUserHiring] [VerifyMandatoryFields] - Logging into the application using username: ankit_tag@yopmail.com
[INFO ] 2023-03-08 00:43:53.838 [users.AddNewUserHiring] [enterUsername] - Entering new user's first name
[INFO ] 2023-03-08 00:43:55.889 [users.AddNewUserHiring] [enterUsername] - User's first name entered successfully
[INFO ] 2023-03-08 00:43:55.890 [users.AddNewUserHiring] [enterPassword] - Entering new user's last name
[INFO ] 2023-03-08 00:43:56.108 [users.AddNewUserHiring] [enterPassword] - User's last name entered successfully
[INFO ] 2023-03-08 00:43:56.109 [users.AddNewUserHiring] [clickLoginButton] - Clicking on Login Button
[INFO ] 2023-03-08 00:43:56.771 [users.AddNewUserHiring] [clickLoginButton] - Close Pop Up clicked successfully
[INFO ] 2023-03-08 00:43:56.771 [users.AddNewUserHiring] [VerifyMandatoryFields] - User: ankit_tag@yopmail.com logged in successfully
[INFO ] 2023-03-08 00:43:59.777 [users.AddNewUserHiring] [clickUsersLinkOnHomePage] - Clicking Users link present on the homepage
[INFO ] 2023-03-08 00:44:12.932 [users.AddNewUserHiring] [clickUsersLinkOnHomePage] - Users link present on the hompage clicked successfully.
[INFO ] 2023-03-08 00:44:22.804 [users.AddNewUserHiring] [clearCompanyTypeField] - Clearing company type field
[INFO ] 2023-03-08 00:44:22.964 [users.AddNewUserHiring] [clearCompanyTypeField] - Company Type field cleared Successfully
[INFO ] 2023-03-08 00:44:22.964 [users.AddNewUserHiring] [clickLastNameField] - Clicking Last Name field
[INFO ] 2023-03-08 00:44:23.358 [users.AddNewUserHiring] [clickLastNameField] - Last Name  field clicked successfully
[INFO ] 2023-03-08 00:44:23.359 [users.AddNewUserHiring] [clickSavebutton] - Clicking save button
[INFO ] 2023-03-08 00:44:23.755 [users.AddNewUserHiring] [clickSavebutton] - Save button clicked successfully
[INFO ] 2023-03-08 00:44:27.455 [users.AddNewUserHiring] [verifyCreateNewUser] - Started==Verify user creation
[INFO ] 2023-03-08 00:44:27.456 [users.AddNewUserHiring] [enterCompanyType] - Entering Company Type
[INFO ] 2023-03-08 00:44:27.794 [users.AddNewUserHiring] [enterCompanyType] - Company Type Entered Successfully
[INFO ] 2023-03-08 00:44:27.795 [users.AddNewUserHiring] [clickLastNameField] - Clicking Last Name field
[INFO ] 2023-03-08 00:44:27.892 [users.AddNewUserHiring] [clickLastNameField] - Last Name  field clicked successfully
[INFO ] 2023-03-08 00:44:30.899 [users.AddNewUserHiring] [enterUserEmail] - Entering user email address
[INFO ] 2023-03-08 00:44:31.210 [users.AddNewUserHiring] [enterUserEmail] - Email entered successfully
[INFO ] 2023-03-08 00:44:31.211 [users.AddNewUserHiring] [enterFirstNameField] - Entering First Name field
[INFO ] 2023-03-08 00:44:31.352 [users.AddNewUserHiring] [enterFirstNameField] - First Name  entered successfully
[INFO ] 2023-03-08 00:44:31.353 [users.AddNewUserHiring] [enterLastNameField] - Entering Last Name field
[INFO ] 2023-03-08 00:44:31.507 [users.AddNewUserHiring] [enterLastNameField] - Last Name entered successfully
